<?xml version="1.0" encoding="UTF-8" ?>
<testsuite tests="20" failures="0" name="io.michaelcane.CalculatorSpec" time="0.217" errors="20" skipped="0">
  <properties>
    <property name="java.runtime.name" value="OpenJDK Runtime Environment"/>
    <property name="java.vm.version" value="18+0"/>
    <property name="sun.boot.library.path" value="/usr/local/Cellar/openjdk/18/libexec/openjdk.jdk/Contents/Home/lib"/>
    <property name="maven.multiModuleProjectDirectory" value="/Users/michaelpoon/Desktop/CMU/Quality Management/HW3/Scientific-Calculator"/>
    <property name="java.vm.vendor" value="Homebrew"/>
    <property name="java.vendor.url" value="https://github.com/Homebrew/homebrew-core/issues"/>
    <property name="guice.disable.misplaced.annotation.check" value="true"/>
    <property name="path.separator" value=":"/>
    <property name="java.vm.name" value="OpenJDK 64-Bit Server VM"/>
    <property name="user.country" value="US"/>
    <property name="sun.java.launcher" value="SUN_STANDARD"/>
    <property name="java.vm.specification.name" value="Java Virtual Machine Specification"/>
    <property name="user.dir" value="/Users/michaelpoon/Desktop/CMU/Quality Management/HW3/Scientific-Calculator"/>
    <property name="java.vm.compressedOopsMode" value="Zero based"/>
    <property name="java.runtime.version" value="18+0"/>
    <property name="os.arch" value="x86_64"/>
    <property name="java.io.tmpdir" value="/var/folders/50/f6lfc8hd5zd0mmwb4ccr25yh0000gn/T/"/>
    <property name="line.separator" value="
"/>
    <property name="java.vm.specification.vendor" value="Oracle Corporation"/>
    <property name="os.name" value="Mac OS X"/>
    <property name="classworlds.conf" value="/usr/local/Cellar/maven/3.8.5/libexec/bin/m2.conf"/>
    <property name="sun.jnu.encoding" value="UTF-8"/>
    <property name="java.library.path" value="/Users/michaelpoon/Library/Java/Extensions:/Library/Java/Extensions:/Network/Library/Java/Extensions:/System/Library/Java/Extensions:/usr/lib/java:."/>
    <property name="maven.conf" value="/usr/local/Cellar/maven/3.8.5/libexec/conf"/>
    <property name="jdk.debug" value="release"/>
    <property name="java.class.version" value="62.0"/>
    <property name="java.specification.name" value="Java Platform API Specification"/>
    <property name="sun.management.compiler" value="HotSpot 64-Bit Tiered Compilers"/>
    <property name="os.version" value="10.15.7"/>
    <property name="library.jansi.path" value="/usr/local/Cellar/maven/3.8.5/libexec/lib/jansi-native"/>
    <property name="http.nonProxyHosts" value="local|*.local|169.254/16|*.169.254/16"/>
    <property name="user.home" value="/Users/michaelpoon"/>
    <property name="user.timezone" value="America/New_York"/>
    <property name="file.encoding" value="UTF-8"/>
    <property name="java.specification.version" value="18"/>
    <property name="user.name" value="michaelpoon"/>
    <property name="java.class.path" value="/usr/local/Cellar/maven/3.8.5/libexec/boot/plexus-classworlds-2.6.0.jar"/>
    <property name="java.vm.specification.version" value="18"/>
    <property name="sun.arch.data.model" value="64"/>
    <property name="sun.java.command" value="org.codehaus.plexus.classworlds.launcher.Launcher test"/>
    <property name="java.home" value="/usr/local/Cellar/openjdk/18/libexec/openjdk.jdk/Contents/Home"/>
    <property name="apple.awt.application.name" value="Launcher"/>
    <property name="user.language" value="en"/>
    <property name="java.specification.vendor" value="Oracle Corporation"/>
    <property name="java.vm.info" value="mixed mode, sharing"/>
    <property name="java.version" value="18"/>
    <property name="native.encoding" value="UTF-8"/>
    <property name="java.vendor" value="Homebrew"/>
    <property name="sun.stderr.encoding" value="UTF-8"/>
    <property name="maven.home" value="/usr/local/Cellar/maven/3.8.5/libexec"/>
    <property name="file.separator" value="/"/>
    <property name="java.version.date" value="2022-03-22"/>
    <property name="java.vendor.url.bug" value="https://github.com/Homebrew/homebrew-core/issues"/>
    <property name="sun.io.unicode.encoding" value="UnicodeBig"/>
    <property name="sun.cpu.endian" value="little"/>
    <property name="java.vendor.version" value="Homebrew"/>
    <property name="sun.stdout.encoding" value="UTF-8"/>
    <property name="socksNonProxyHosts" value="local|*.local|169.254/16|*.169.254/16"/>
    <property name="ftp.nonProxyHosts" value="local|*.local|169.254/16|*.169.254/16"/>
  </properties>
  <testcase classname="io.michaelcane.CalculatorSpec" name="test$inverseTangent" time="0.022">
    <error type="java.lang.StackOverflowError">java.lang.StackOverflowError
	at io.michaelcane.Calculator.&lt;init&gt;(Calculator.java:6)
	at io.michaelcane.Commands.&lt;init&gt;(Commands.java:5)
	at io.michaelcane.Calculator.&lt;init&gt;(Calculator.java:6)
	at io.michaelcane.Commands.&lt;init&gt;(Commands.java:5)
	at io.michaelcane.Calculator.&lt;init&gt;(Calculator.java:6)
	at io.michaelcane.Commands.&lt;init&gt;(Commands.java:5)
	at io.michaelcane.Calculator.&lt;init&gt;(Calculator.java:6)
	at io.michaelcane.Commands.&lt;init&gt;(Commands.java:5)
	at io.michaelcane.Calculator.&lt;init&gt;(Calculator.java:6)
	at io.michaelcane.Commands.&lt;init&gt;(Commands.java:5)
	at io.michaelcane.Calculator.&lt;init&gt;(Calculator.java:6)
	at io.michaelcane.Commands.&lt;init&gt;(Commands.java:5)
	at io.michaelcane.Calculator.&lt;init&gt;(Calculator.java:6)
	at io.michaelcane.Commands.&lt;init&gt;(Commands.java:5)
	at io.michaelcane.Calculator.&lt;init&gt;(Calculator.java:6)
	at io.michaelcane.Commands.&lt;init&gt;(Commands.java:5)
	at io.michaelcane.Calculator.&lt;init&gt;(Calculator.java:6)
	at io.michaelcane.Commands.&lt;init&gt;(Commands.java:5)
	at io.michaelcane.Calculator.&lt;init&gt;(Calculator.java:6)
	at io.michaelcane.Commands.&lt;init&gt;(Commands.java:5)
	at io.michaelcane.Calculator.&lt;init&gt;(Calculator.java:6)
	at io.michaelcane.Commands.&lt;init&gt;(Commands.java:5)
	at io.michaelcane.Calculator.&lt;init&gt;(Calculator.java:6)
	at io.michaelcane.Commands.&lt;init&gt;(Commands.java:5)
	at io.michaelcane.Calculator.&lt;init&gt;(Calculator.java:6)
	at io.michaelcane.Commands.&lt;init&gt;(Commands.java:5)
	at io.michaelcane.Calculator.&lt;init&gt;(Calculator.java:6)
	at io.michaelcane.Commands.&lt;init&gt;(Commands.java:5)
	at io.michaelcane.Calculator.&lt;init&gt;(Calculator.java:6)
	at io.michaelcane.Commands.&lt;init&gt;(Commands.java:5)
	at io.michaelcane.Calculator.&lt;init&gt;(Calculator.java:6)
	at io.michaelcane.Commands.&lt;init&gt;(Commands.java:5)
	at io.michaelcane.Calculator.&lt;init&gt;(Calculator.java:6)
	at io.michaelcane.Commands.&lt;init&gt;(Commands.java:5)
	at io.michaelcane.Calculator.&lt;init&gt;(Calculator.java:6)
	at io.michaelcane.Commands.&lt;init&gt;(Commands.java:5)
	at io.michaelcane.Calculator.&lt;init&gt;(Calculator.java:6)
	at io.michaelcane.Commands.&lt;init&gt;(Commands.java:5)
	at io.michaelcane.Calculator.&lt;init&gt;(Calculator.java:6)
	at io.michaelcane.Commands.&lt;init&gt;(Commands.java:5)
	at io.michaelcane.Calculator.&lt;init&gt;(Calculator.java:6)
	at io.michaelcane.Commands.&lt;init&gt;(Commands.java:5)
	at io.michaelcane.Calculator.&lt;init&gt;(Calculator.java:6)
	at io.michaelcane.Commands.&lt;init&gt;(Commands.java:5)
	at io.michaelcane.Calculator.&lt;init&gt;(Calculator.java:6)
	at io.michaelcane.Commands.&lt;init&gt;(Commands.java:5)
	at io.michaelcane.Calculator.&lt;init&gt;(Calculator.java:6)
	at io.michaelcane.Commands.&lt;init&gt;(Commands.java:5)
	at io.michaelcane.Calculator.&lt;init&gt;(Calculator.java:6)
	at io.michaelcane.Commands.&lt;init&gt;(Commands.java:5)
	at io.michaelcane.Calculator.&lt;init&gt;(Calculator.java:6)
	at io.michaelcane.Commands.&lt;init&gt;(Commands.java:5)
	at io.michaelcane.Calculator.&lt;init&gt;(Calculator.java:6)
	at io.michaelcane.Commands.&lt;init&gt;(Commands.java:5)
	at io.michaelcane.Calculator.&lt;init&gt;(Calculator.java:6)
	at io.michaelcane.Commands.&lt;init&gt;(Commands.java:5)
	at io.michaelcane.Calculator.&lt;init&gt;(Calculator.java:6)
	at io.michaelcane.Commands.&lt;init&gt;(Commands.java:5)
	at io.michaelcane.Calculator.&lt;init&gt;(Calculator.java:6)
	at io.michaelcane.Commands.&lt;init&gt;(Commands.java:5)
	at io.michaelcane.Calculator.&lt;init&gt;(Calculator.java:6)
	at io.michaelcane.Commands.&lt;init&gt;(Commands.java:5)
	at io.michaelcane.Calculator.&lt;init&gt;(Calculator.java:6)
	at io.michaelcane.Commands.&lt;init&gt;(Commands.java:5)
	at io.michaelcane.Calculator.&lt;init&gt;(Calculator.java:6)
	at io.michaelcane.Commands.&lt;init&gt;(Commands.java:5)
	at io.michaelcane.Calculator.&lt;init&gt;(Calculator.java:6)
	at io.michaelcane.Commands.&lt;init&gt;(Commands.java:5)
	at io.michaelcane.Calculator.&lt;init&gt;(Calculator.java:6)
	at io.michaelcane.Commands.&lt;init&gt;(Commands.java:5)
	at io.michaelcane.Calculator.&lt;init&gt;(Calculator.java:6)
	at io.michaelcane.Commands.&lt;init&gt;(Commands.java:5)
	at io.michaelcane.Calculator.&lt;init&gt;(Calculator.java:6)
	at io.michaelcane.Commands.&lt;init&gt;(Commands.java:5)
	at io.michaelcane.Calculator.&lt;init&gt;(Calculator.java:6)
	at io.michaelcane.Commands.&lt;init&gt;(Commands.java:5)
	at io.michaelcane.Calculator.&lt;init&gt;(Calculator.java:6)
	at io.michaelcane.Commands.&lt;init&gt;(Commands.java:5)
	at io.michaelcane.Calculator.&lt;init&gt;(Calculator.java:6)
	at io.michaelcane.Commands.&lt;init&gt;(Commands.java:5)
	at io.michaelcane.Calculator.&lt;init&gt;(Calculator.java:6)
	at io.michaelcane.Commands.&lt;init&gt;(Commands.java:5)
	at io.michaelcane.Calculator.&lt;init&gt;(Calculator.java:6)
	at io.michaelcane.Commands.&lt;init&gt;(Commands.java:5)
	at io.michaelcane.Calculator.&lt;init&gt;(Calculator.java:6)
	at io.michaelcane.Commands.&lt;init&gt;(Commands.java:5)
	at io.michaelcane.Calculator.&lt;init&gt;(Calculator.java:6)
	at io.michaelcane.Commands.&lt;init&gt;(Commands.java:5)
	at io.michaelcane.Calculator.&lt;init&gt;(Calculator.java:6)
	at io.michaelcane.Commands.&lt;init&gt;(Commands.java:5)
	at io.michaelcane.Calculator.&lt;init&gt;(Calculator.java:6)
	at io.michaelcane.Commands.&lt;init&gt;(Commands.java:5)
	at io.michaelcane.Calculator.&lt;init&gt;(Calculator.java:6)
	at io.michaelcane.Commands.&lt;init&gt;(Commands.java:5)
	at io.michaelcane.Calculator.&lt;init&gt;(Calculator.java:6)
	at io.michaelcane.Commands.&lt;init&gt;(Commands.java:5)
	at io.michaelcane.Calculator.&lt;init&gt;(Calculator.java:6)
	at io.michaelcane.Commands.&lt;init&gt;(Commands.java:5)
	at io.michaelcane.Calculator.&lt;init&gt;(Calculator.java:6)
	at io.michaelcane.Commands.&lt;init&gt;(Commands.java:5)
	at io.michaelcane.Calculator.&lt;init&gt;(Calculator.java:6)
	at io.michaelcane.Commands.&lt;init&gt;(Commands.java:5)
	at io.michaelcane.Calculator.&lt;init&gt;(Calculator.java:6)
	at io.michaelcane.Commands.&lt;init&gt;(Commands.java:5)
	at io.michaelcane.Calculator.&lt;init&gt;(Calculator.java:6)
	at io.michaelcane.Commands.&lt;init&gt;(Commands.java:5)
	at io.michaelcane.Calculator.&lt;init&gt;(Calculator.java:6)
	at io.michaelcane.Commands.&lt;init&gt;(Commands.java:5)
	at io.michaelcane.Calculator.&lt;init&gt;(Calculator.java:6)
	at io.michaelcane.Commands.&lt;init&gt;(Commands.java:5)
	at io.michaelcane.Calculator.&lt;init&gt;(Calculator.java:6)
	at io.michaelcane.Commands.&lt;init&gt;(Commands.java:5)
	at io.michaelcane.Calculator.&lt;init&gt;(Calculator.java:6)
	at io.michaelcane.Commands.&lt;init&gt;(Commands.java:5)
	at io.michaelcane.Calculator.&lt;init&gt;(Calculator.java:6)
	at io.michaelcane.Commands.&lt;init&gt;(Commands.java:5)
	at io.michaelcane.Calculator.&lt;init&gt;(Calculator.java:6)
	at io.michaelcane.Commands.&lt;init&gt;(Commands.java:5)
	at io.michaelcane.Calculator.&lt;init&gt;(Calculator.java:6)
	at io.michaelcane.Commands.&lt;init&gt;(Commands.java:5)
	at io.michaelcane.Calculator.&lt;init&gt;(Calculator.java:6)
	at io.michaelcane.Commands.&lt;init&gt;(Commands.java:5)
	at io.michaelcane.Calculator.&lt;init&gt;(Calculator.java:6)
	at io.michaelcane.Commands.&lt;init&gt;(Commands.java:5)
	at io.michaelcane.Calculator.&lt;init&gt;(Calculator.java:6)
	at io.michaelcane.Commands.&lt;init&gt;(Commands.java:5)
	at io.michaelcane.Calculator.&lt;init&gt;(Calculator.java:6)
	at io.michaelcane.Commands.&lt;init&gt;(Commands.java:5)
	at io.michaelcane.Calculator.&lt;init&gt;(Calculator.java:6)
	at io.michaelcane.Commands.&lt;init&gt;(Commands.java:5)
	at io.michaelcane.Calculator.&lt;init&gt;(Calculator.java:6)
	at io.michaelcane.Commands.&lt;init&gt;(Commands.java:5)
	at io.michaelcane.Calculator.&lt;init&gt;(Calculator.java:6)
	at io.michaelcane.Commands.&lt;init&gt;(Commands.java:5)
	at io.michaelcane.Calculator.&lt;init&gt;(Calculator.java:6)
	at io.michaelcane.Commands.&lt;init&gt;(Commands.java:5)
	at io.michaelcane.Calculator.&lt;init&gt;(Calculator.java:6)
	at io.michaelcane.Commands.&lt;init&gt;(Commands.java:5)
	at io.michaelcane.Calculator.&lt;init&gt;(Calculator.java:6)
	at io.michaelcane.Commands.&lt;init&gt;(Commands.java:5)
	at io.michaelcane.Calculator.&lt;init&gt;(Calculator.java:6)
	at io.michaelcane.Commands.&lt;init&gt;(Commands.java:5)
	at io.michaelcane.Calculator.&lt;init&gt;(Calculator.java:6)
	at io.michaelcane.Commands.&lt;init&gt;(Commands.java:5)
	at io.michaelcane.Calculator.&lt;init&gt;(Calculator.java:6)
	at io.michaelcane.Commands.&lt;init&gt;(Commands.java:5)
	at io.michaelcane.Calculator.&lt;init&gt;(Calculator.java:6)
	at io.michaelcane.Commands.&lt;init&gt;(Commands.java:5)
	at io.michaelcane.Calculator.&lt;init&gt;(Calculator.java:6)
	at io.michaelcane.Commands.&lt;init&gt;(Commands.java:5)
	at io.michaelcane.Calculator.&lt;init&gt;(Calculator.java:6)
	at io.michaelcane.Commands.&lt;init&gt;(Commands.java:5)
	at io.michaelcane.Calculator.&lt;init&gt;(Calculator.java:6)
	at io.michaelcane.Commands.&lt;init&gt;(Commands.java:5)
	at io.michaelcane.Calculator.&lt;init&gt;(Calculator.java:6)
	at io.michaelcane.Commands.&lt;init&gt;(Commands.java:5)
	at io.michaelcane.Calculator.&lt;init&gt;(Calculator.java:6)
	at io.michaelcane.Commands.&lt;init&gt;(Commands.java:5)
	at io.michaelcane.Calculator.&lt;init&gt;(Calculator.java:6)
	at io.michaelcane.Commands.&lt;init&gt;(Commands.java:5)
	at io.michaelcane.Calculator.&lt;init&gt;(Calculator.java:6)
	at io.michaelcane.Commands.&lt;init&gt;(Commands.java:5)
	at io.michaelcane.Calculator.&lt;init&gt;(Calculator.java:6)
	at io.michaelcane.Commands.&lt;init&gt;(Commands.java:5)
	at io.michaelcane.Calculator.&lt;init&gt;(Calculator.java:6)
	at io.michaelcane.Commands.&lt;init&gt;(Commands.java:5)
	at io.michaelcane.Calculator.&lt;init&gt;(Calculator.java:6)
	at io.michaelcane.Commands.&lt;init&gt;(Commands.java:5)
	at io.michaelcane.Calculator.&lt;init&gt;(Calculator.java:6)
	at io.michaelcane.Commands.&lt;init&gt;(Commands.java:5)
	at io.michaelcane.Calculator.&lt;init&gt;(Calculator.java:6)
	at io.michaelcane.Commands.&lt;init&gt;(Commands.java:5)
	at io.michaelcane.Calculator.&lt;init&gt;(Calculator.java:6)
	at io.michaelcane.Commands.&lt;init&gt;(Commands.java:5)
	at io.michaelcane.Calculator.&lt;init&gt;(Calculator.java:6)
	at io.michaelcane.Commands.&lt;init&gt;(Commands.java:5)
	at io.michaelcane.Calculator.&lt;init&gt;(Calculator.java:6)
	at io.michaelcane.Commands.&lt;init&gt;(Commands.java:5)
	at io.michaelcane.Calculator.&lt;init&gt;(Calculator.java:6)
	at io.michaelcane.Commands.&lt;init&gt;(Commands.java:5)
	at io.michaelcane.Calculator.&lt;init&gt;(Calculator.java:6)
	at io.michaelcane.Commands.&lt;init&gt;(Commands.java:5)
	at io.michaelcane.Calculator.&lt;init&gt;(Calculator.java:6)
	at io.michaelcane.Commands.&lt;init&gt;(Commands.java:5)
	at io.michaelcane.Calculator.&lt;init&gt;(Calculator.java:6)
	at io.michaelcane.Commands.&lt;init&gt;(Commands.java:5)
	at io.michaelcane.Calculator.&lt;init&gt;(Calculator.java:6)
	at io.michaelcane.Commands.&lt;init&gt;(Commands.java:5)
	at io.michaelcane.Calculator.&lt;init&gt;(Calculator.java:6)
	at io.michaelcane.Commands.&lt;init&gt;(Commands.java:5)
	at io.michaelcane.Calculator.&lt;init&gt;(Calculator.java:6)
	at io.michaelcane.Commands.&lt;init&gt;(Commands.java:5)
	at io.michaelcane.Calculator.&lt;init&gt;(Calculator.java:6)
	at io.michaelcane.Commands.&lt;init&gt;(Commands.java:5)
	at io.michaelcane.Calculator.&lt;init&gt;(Calculator.java:6)
	at io.michaelcane.Commands.&lt;init&gt;(Commands.java:5)
	at io.michaelcane.Calculator.&lt;init&gt;(Calculator.java:6)
	at io.michaelcane.Commands.&lt;init&gt;(Commands.java:5)
	at io.michaelcane.Calculator.&lt;init&gt;(Calculator.java:6)
	at io.michaelcane.Commands.&lt;init&gt;(Commands.java:5)
	at io.michaelcane.Calculator.&lt;init&gt;(Calculator.java:6)
	at io.michaelcane.Commands.&lt;init&gt;(Commands.java:5)
	at io.michaelcane.Calculator.&lt;init&gt;(Calculator.java:6)
	at io.michaelcane.Commands.&lt;init&gt;(Commands.java:5)
	at io.michaelcane.Calculator.&lt;init&gt;(Calculator.java:6)
	at io.michaelcane.Commands.&lt;init&gt;(Commands.java:5)
	at io.michaelcane.Calculator.&lt;init&gt;(Calculator.java:6)
	at io.michaelcane.Commands.&lt;init&gt;(Commands.java:5)
	at io.michaelcane.Calculator.&lt;init&gt;(Calculator.java:6)
	at io.michaelcane.Commands.&lt;init&gt;(Commands.java:5)
	at io.michaelcane.Calculator.&lt;init&gt;(Calculator.java:6)
	at io.michaelcane.Commands.&lt;init&gt;(Commands.java:5)
	at io.michaelcane.Calculator.&lt;init&gt;(Calculator.java:6)
	at io.michaelcane.Commands.&lt;init&gt;(Commands.java:5)
	at io.michaelcane.Calculator.&lt;init&gt;(Calculator.java:6)
	at io.michaelcane.Commands.&lt;init&gt;(Commands.java:5)
	at io.michaelcane.Calculator.&lt;init&gt;(Calculator.java:6)
	at io.michaelcane.Commands.&lt;init&gt;(Commands.java:5)
	at io.michaelcane.Calculator.&lt;init&gt;(Calculator.java:6)
	at io.michaelcane.Commands.&lt;init&gt;(Commands.java:5)
	at io.michaelcane.Calculator.&lt;init&gt;(Calculator.java:6)
	at io.michaelcane.Commands.&lt;init&gt;(Commands.java:5)
	at io.michaelcane.Calculator.&lt;init&gt;(Calculator.java:6)
	at io.michaelcane.Commands.&lt;init&gt;(Commands.java:5)
	at io.michaelcane.Calculator.&lt;init&gt;(Calculator.java:6)
	at io.michaelcane.Commands.&lt;init&gt;(Commands.java:5)
	at io.michaelcane.Calculator.&lt;init&gt;(Calculator.java:6)
	at io.michaelcane.Commands.&lt;init&gt;(Commands.java:5)
	at io.michaelcane.Calculator.&lt;init&gt;(Calculator.java:6)
	at io.michaelcane.Commands.&lt;init&gt;(Commands.java:5)
	at io.michaelcane.Calculator.&lt;init&gt;(Calculator.java:6)
	at io.michaelcane.Commands.&lt;init&gt;(Commands.java:5)
	at io.michaelcane.Calculator.&lt;init&gt;(Calculator.java:6)
	at io.michaelcane.Commands.&lt;init&gt;(Commands.java:5)
	at io.michaelcane.Calculator.&lt;init&gt;(Calculator.java:6)
	at io.michaelcane.Commands.&lt;init&gt;(Commands.java:5)
	at io.michaelcane.Calculator.&lt;init&gt;(Calculator.java:6)
	at io.michaelcane.Commands.&lt;init&gt;(Commands.java:5)
	at io.michaelcane.Calculator.&lt;init&gt;(Calculator.java:6)
	at io.michaelcane.Commands.&lt;init&gt;(Commands.java:5)
	at io.michaelcane.Calculator.&lt;init&gt;(Calculator.java:6)
	at io.michaelcane.Commands.&lt;init&gt;(Commands.java:5)
	at io.michaelcane.Calculator.&lt;init&gt;(Calculator.java:6)
	at io.michaelcane.Commands.&lt;init&gt;(Commands.java:5)
	at io.michaelcane.Calculator.&lt;init&gt;(Calculator.java:6)
	at io.michaelcane.Commands.&lt;init&gt;(Commands.java:5)
	at io.michaelcane.Calculator.&lt;init&gt;(Calculator.java:6)
	at io.michaelcane.Commands.&lt;init&gt;(Commands.java:5)
	at io.michaelcane.Calculator.&lt;init&gt;(Calculator.java:6)
	at io.michaelcane.Commands.&lt;init&gt;(Commands.java:5)
	at io.michaelcane.Calculator.&lt;init&gt;(Calculator.java:6)
	at io.michaelcane.Commands.&lt;init&gt;(Commands.java:5)
	at io.michaelcane.Calculator.&lt;init&gt;(Calculator.java:6)
	at io.michaelcane.Commands.&lt;init&gt;(Commands.java:5)
	at io.michaelcane.Calculator.&lt;init&gt;(Calculator.java:6)
	at io.michaelcane.Commands.&lt;init&gt;(Commands.java:5)
	at io.michaelcane.Calculator.&lt;init&gt;(Calculator.java:6)
	at io.michaelcane.Commands.&lt;init&gt;(Commands.java:5)
	at io.michaelcane.Calculator.&lt;init&gt;(Calculator.java:6)
	at io.michaelcane.Commands.&lt;init&gt;(Commands.java:5)
	at io.michaelcane.Calculator.&lt;init&gt;(Calculator.java:6)
	at io.michaelcane.Commands.&lt;init&gt;(Commands.java:5)
	at io.michaelcane.Calculator.&lt;init&gt;(Calculator.java:6)
	at io.michaelcane.Commands.&lt;init&gt;(Commands.java:5)
	at io.michaelcane.Calculator.&lt;init&gt;(Calculator.java:6)
	at io.michaelcane.Commands.&lt;init&gt;(Commands.java:5)
	at io.michaelcane.Calculator.&lt;init&gt;(Calculator.java:6)
	at io.michaelcane.Commands.&lt;init&gt;(Commands.java:5)
	at io.michaelcane.Calculator.&lt;init&gt;(Calculator.java:6)
	at io.michaelcane.Commands.&lt;init&gt;(Commands.java:5)
	at io.michaelcane.Calculator.&lt;init&gt;(Calculator.java:6)
	at io.michaelcane.Commands.&lt;init&gt;(Commands.java:5)
	at io.michaelcane.Calculator.&lt;init&gt;(Calculator.java:6)
	at io.michaelcane.Commands.&lt;init&gt;(Commands.java:5)
	at io.michaelcane.Calculator.&lt;init&gt;(Calculator.java:6)
	at io.michaelcane.Commands.&lt;init&gt;(Commands.java:5)
	at io.michaelcane.Calculator.&lt;init&gt;(Calculator.java:6)
	at io.michaelcane.Commands.&lt;init&gt;(Commands.java:5)
	at io.michaelcane.Calculator.&lt;init&gt;(Calculator.java:6)
	at io.michaelcane.Commands.&lt;init&gt;(Commands.java:5)
	at io.michaelcane.Calculator.&lt;init&gt;(Calculator.java:6)
	at io.michaelcane.Commands.&lt;init&gt;(Commands.java:5)
	at io.michaelcane.Calculator.&lt;init&gt;(Calculator.java:6)
	at io.michaelcane.Commands.&lt;init&gt;(Commands.java:5)
	at io.michaelcane.Calculator.&lt;init&gt;(Calculator.java:6)
	at io.michaelcane.Commands.&lt;init&gt;(Commands.java:5)
	at io.michaelcane.Calculator.&lt;init&gt;(Calculator.java:6)
	at io.michaelcane.Commands.&lt;init&gt;(Commands.java:5)
	at io.michaelcane.Calculator.&lt;init&gt;(Calculator.java:6)
	at io.michaelcane.Commands.&lt;init&gt;(Commands.java:5)
	at io.michaelcane.Calculator.&lt;init&gt;(Calculator.java:6)
	at io.michaelcane.Commands.&lt;init&gt;(Commands.java:5)
	at io.michaelcane.Calculator.&lt;init&gt;(Calculator.java:6)
	at io.michaelcane.Commands.&lt;init&gt;(Commands.java:5)
	at io.michaelcane.Calculator.&lt;init&gt;(Calculator.java:6)
	at io.michaelcane.Commands.&lt;init&gt;(Commands.java:5)
	at io.michaelcane.Calculator.&lt;init&gt;(Calculator.java:6)
	at io.michaelcane.Commands.&lt;init&gt;(Commands.java:5)
	at io.michaelcane.Calculator.&lt;init&gt;(Calculator.java:6)
	at io.michaelcane.Commands.&lt;init&gt;(Commands.java:5)
	at io.michaelcane.Calculator.&lt;init&gt;(Calculator.java:6)
	at io.michaelcane.Commands.&lt;init&gt;(Commands.java:5)
	at io.michaelcane.Calculator.&lt;init&gt;(Calculator.java:6)
	at io.michaelcane.Commands.&lt;init&gt;(Commands.java:5)
	at io.michaelcane.Calculator.&lt;init&gt;(Calculator.java:6)
	at io.michaelcane.Commands.&lt;init&gt;(Commands.java:5)
	at io.michaelcane.Calculator.&lt;init&gt;(Calculator.java:6)
	at io.michaelcane.Commands.&lt;init&gt;(Commands.java:5)
	at io.michaelcane.Calculator.&lt;init&gt;(Calculator.java:6)
	at io.michaelcane.Commands.&lt;init&gt;(Commands.java:5)
	at io.michaelcane.Calculator.&lt;init&gt;(Calculator.java:6)
	at io.michaelcane.Commands.&lt;init&gt;(Commands.java:5)
	at io.michaelcane.Calculator.&lt;init&gt;(Calculator.java:6)
	at io.michaelcane.Commands.&lt;init&gt;(Commands.java:5)
	at io.michaelcane.Calculator.&lt;init&gt;(Calculator.java:6)
	at io.michaelcane.Commands.&lt;init&gt;(Commands.java:5)
	at io.michaelcane.Calculator.&lt;init&gt;(Calculator.java:6)
	at io.michaelcane.Commands.&lt;init&gt;(Commands.java:5)
	at io.michaelcane.Calculator.&lt;init&gt;(Calculator.java:6)
	at io.michaelcane.Commands.&lt;init&gt;(Commands.java:5)
	at io.michaelcane.Calculator.&lt;init&gt;(Calculator.java:6)
	at io.michaelcane.Commands.&lt;init&gt;(Commands.java:5)
	at io.michaelcane.Calculator.&lt;init&gt;(Calculator.java:6)
	at io.michaelcane.Commands.&lt;init&gt;(Commands.java:5)
	at io.michaelcane.Calculator.&lt;init&gt;(Calculator.java:6)
	at io.michaelcane.Commands.&lt;init&gt;(Commands.java:5)
	at io.michaelcane.Calculator.&lt;init&gt;(Calculator.java:6)
	at io.michaelcane.Commands.&lt;init&gt;(Commands.java:5)
	at io.michaelcane.Calculator.&lt;init&gt;(Calculator.java:6)
	at io.michaelcane.Commands.&lt;init&gt;(Commands.java:5)
	at io.michaelcane.Calculator.&lt;init&gt;(Calculator.java:6)
	at io.michaelcane.Commands.&lt;init&gt;(Commands.java:5)
	at io.michaelcane.Calculator.&lt;init&gt;(Calculator.java:6)
	at io.michaelcane.Commands.&lt;init&gt;(Commands.java:5)
	at io.michaelcane.Calculator.&lt;init&gt;(Calculator.java:6)
	at io.michaelcane.Commands.&lt;init&gt;(Commands.java:5)
	at io.michaelcane.Calculator.&lt;init&gt;(Calculator.java:6)
	at io.michaelcane.Commands.&lt;init&gt;(Commands.java:5)
	at io.michaelcane.Calculator.&lt;init&gt;(Calculator.java:6)
	at io.michaelcane.Commands.&lt;init&gt;(Commands.java:5)
	at io.michaelcane.Calculator.&lt;init&gt;(Calculator.java:6)
	at io.michaelcane.Commands.&lt;init&gt;(Commands.java:5)
	at io.michaelcane.Calculator.&lt;init&gt;(Calculator.java:6)
	at io.michaelcane.Commands.&lt;init&gt;(Commands.java:5)
	at io.michaelcane.Calculator.&lt;init&gt;(Calculator.java:6)
	at io.michaelcane.Commands.&lt;init&gt;(Commands.java:5)
	at io.michaelcane.Calculator.&lt;init&gt;(Calculator.java:6)
	at io.michaelcane.Commands.&lt;init&gt;(Commands.java:5)
	at io.michaelcane.Calculator.&lt;init&gt;(Calculator.java:6)
	at io.michaelcane.Commands.&lt;init&gt;(Commands.java:5)
	at io.michaelcane.Calculator.&lt;init&gt;(Calculator.java:6)
	at io.michaelcane.Commands.&lt;init&gt;(Commands.java:5)
	at io.michaelcane.Calculator.&lt;init&gt;(Calculator.java:6)
	at io.michaelcane.Commands.&lt;init&gt;(Commands.java:5)
	at io.michaelcane.Calculator.&lt;init&gt;(Calculator.java:6)
	at io.michaelcane.Commands.&lt;init&gt;(Commands.java:5)
	at io.michaelcane.Calculator.&lt;init&gt;(Calculator.java:6)
	at io.michaelcane.Commands.&lt;init&gt;(Commands.java:5)
	at io.michaelcane.Calculator.&lt;init&gt;(Calculator.java:6)
	at io.michaelcane.Commands.&lt;init&gt;(Commands.java:5)
	at io.michaelcane.Calculator.&lt;init&gt;(Calculator.java:6)
	at io.michaelcane.Commands.&lt;init&gt;(Commands.java:5)
	at io.michaelcane.Calculator.&lt;init&gt;(Calculator.java:6)
	at io.michaelcane.Commands.&lt;init&gt;(Commands.java:5)
	at io.michaelcane.Calculator.&lt;init&gt;(Calculator.java:6)
	at io.michaelcane.Commands.&lt;init&gt;(Commands.java:5)
	at io.michaelcane.Calculator.&lt;init&gt;(Calculator.java:6)
	at io.michaelcane.Commands.&lt;init&gt;(Commands.java:5)
	at io.michaelcane.Calculator.&lt;init&gt;(Calculator.java:6)
	at io.michaelcane.Commands.&lt;init&gt;(Commands.java:5)
	at io.michaelcane.Calculator.&lt;init&gt;(Calculator.java:6)
	at io.michaelcane.Commands.&lt;init&gt;(Commands.java:5)
	at io.michaelcane.Calculator.&lt;init&gt;(Calculator.java:6)
	at io.michaelcane.Commands.&lt;init&gt;(Commands.java:5)
	at io.michaelcane.Calculator.&lt;init&gt;(Calculator.java:6)
	at io.michaelcane.Commands.&lt;init&gt;(Commands.java:5)
	at io.michaelcane.Calculator.&lt;init&gt;(Calculator.java:6)
	at io.michaelcane.Commands.&lt;init&gt;(Commands.java:5)
	at io.michaelcane.Calculator.&lt;init&gt;(Calculator.java:6)
	at io.michaelcane.Commands.&lt;init&gt;(Commands.java:5)
	at io.michaelcane.Calculator.&lt;init&gt;(Calculator.java:6)
	at io.michaelcane.Commands.&lt;init&gt;(Commands.java:5)
	at io.michaelcane.Calculator.&lt;init&gt;(Calculator.java:6)
	at io.michaelcane.Commands.&lt;init&gt;(Commands.java:5)
	at io.michaelcane.Calculator.&lt;init&gt;(Calculator.java:6)
	at io.michaelcane.Commands.&lt;init&gt;(Commands.java:5)
	at io.michaelcane.Calculator.&lt;init&gt;(Calculator.java:6)
	at io.michaelcane.Commands.&lt;init&gt;(Commands.java:5)
	at io.michaelcane.Calculator.&lt;init&gt;(Calculator.java:6)
	at io.michaelcane.Commands.&lt;init&gt;(Commands.java:5)
	at io.michaelcane.Calculator.&lt;init&gt;(Calculator.java:6)
	at io.michaelcane.Commands.&lt;init&gt;(Commands.java:5)
	at io.michaelcane.Calculator.&lt;init&gt;(Calculator.java:6)
	at io.michaelcane.Commands.&lt;init&gt;(Commands.java:5)
	at io.michaelcane.Calculator.&lt;init&gt;(Calculator.java:6)
	at io.michaelcane.Commands.&lt;init&gt;(Commands.java:5)
	at io.michaelcane.Calculator.&lt;init&gt;(Calculator.java:6)
	at io.michaelcane.Commands.&lt;init&gt;(Commands.java:5)
	at io.michaelcane.Calculator.&lt;init&gt;(Calculator.java:6)
	at io.michaelcane.Commands.&lt;init&gt;(Commands.java:5)
	at io.michaelcane.Calculator.&lt;init&gt;(Calculator.java:6)
	at io.michaelcane.Commands.&lt;init&gt;(Commands.java:5)
	at io.michaelcane.Calculator.&lt;init&gt;(Calculator.java:6)
	at io.michaelcane.Commands.&lt;init&gt;(Commands.java:5)
	at io.michaelcane.Calculator.&lt;init&gt;(Calculator.java:6)
	at io.michaelcane.Commands.&lt;init&gt;(Commands.java:5)
	at io.michaelcane.Calculator.&lt;init&gt;(Calculator.java:6)
	at io.michaelcane.Commands.&lt;init&gt;(Commands.java:5)
	at io.michaelcane.Calculator.&lt;init&gt;(Calculator.java:6)
	at io.michaelcane.Commands.&lt;init&gt;(Commands.java:5)
	at io.michaelcane.Calculator.&lt;init&gt;(Calculator.java:6)
	at io.michaelcane.Commands.&lt;init&gt;(Commands.java:5)
	at io.michaelcane.Calculator.&lt;init&gt;(Calculator.java:6)
	at io.michaelcane.Commands.&lt;init&gt;(Commands.java:5)
	at io.michaelcane.Calculator.&lt;init&gt;(Calculator.java:6)
	at io.michaelcane.Commands.&lt;init&gt;(Commands.java:5)
	at io.michaelcane.Calculator.&lt;init&gt;(Calculator.java:6)
	at io.michaelcane.Commands.&lt;init&gt;(Commands.java:5)
	at io.michaelcane.Calculator.&lt;init&gt;(Calculator.java:6)
	at io.michaelcane.Commands.&lt;init&gt;(Commands.java:5)
	at io.michaelcane.Calculator.&lt;init&gt;(Calculator.java:6)
	at io.michaelcane.Commands.&lt;init&gt;(Commands.java:5)
	at io.michaelcane.Calculator.&lt;init&gt;(Calculator.java:6)
	at io.michaelcane.Commands.&lt;init&gt;(Commands.java:5)
	at io.michaelcane.Calculator.&lt;init&gt;(Calculator.java:6)
	at io.michaelcane.Commands.&lt;init&gt;(Commands.java:5)
	at io.michaelcane.Calculator.&lt;init&gt;(Calculator.java:6)
	at io.michaelcane.Commands.&lt;init&gt;(Commands.java:5)
	at io.michaelcane.Calculator.&lt;init&gt;(Calculator.java:6)
	at io.michaelcane.Commands.&lt;init&gt;(Commands.java:5)
	at io.michaelcane.Calculator.&lt;init&gt;(Calculator.java:6)
	at io.michaelcane.Commands.&lt;init&gt;(Commands.java:5)
	at io.michaelcane.Calculator.&lt;init&gt;(Calculator.java:6)
	at io.michaelcane.Commands.&lt;init&gt;(Commands.java:5)
	at io.michaelcane.Calculator.&lt;init&gt;(Calculator.java:6)
	at io.michaelcane.Commands.&lt;init&gt;(Commands.java:5)
	at io.michaelcane.Calculator.&lt;init&gt;(Calculator.java:6)
	at io.michaelcane.Commands.&lt;init&gt;(Commands.java:5)
	at io.michaelcane.Calculator.&lt;init&gt;(Calculator.java:6)
	at io.michaelcane.Commands.&lt;init&gt;(Commands.java:5)
	at io.michaelcane.Calculator.&lt;init&gt;(Calculator.java:6)
	at io.michaelcane.Commands.&lt;init&gt;(Commands.java:5)
	at io.michaelcane.Calculator.&lt;init&gt;(Calculator.java:6)
	at io.michaelcane.Commands.&lt;init&gt;(Commands.java:5)
	at io.michaelcane.Calculator.&lt;init&gt;(Calculator.java:6)
	at io.michaelcane.Commands.&lt;init&gt;(Commands.java:5)
	at io.michaelcane.Calculator.&lt;init&gt;(Calculator.java:6)
	at io.michaelcane.Commands.&lt;init&gt;(Commands.java:5)
	at io.michaelcane.Calculator.&lt;init&gt;(Calculator.java:6)
	at io.michaelcane.Commands.&lt;init&gt;(Commands.java:5)
	at io.michaelcane.Calculator.&lt;init&gt;(Calculator.java:6)
	at io.michaelcane.Commands.&lt;init&gt;(Commands.java:5)
	at io.michaelcane.Calculator.&lt;init&gt;(Calculator.java:6)
	at io.michaelcane.Commands.&lt;init&gt;(Commands.java:5)
	at io.michaelcane.Calculator.&lt;init&gt;(Calculator.java:6)
	at io.michaelcane.Commands.&lt;init&gt;(Commands.java:5)
	at io.michaelcane.Calculator.&lt;init&gt;(Calculator.java:6)
	at io.michaelcane.Commands.&lt;init&gt;(Commands.java:5)
	at io.michaelcane.Calculator.&lt;init&gt;(Calculator.java:6)
	at io.michaelcane.Commands.&lt;init&gt;(Commands.java:5)
	at io.michaelcane.Calculator.&lt;init&gt;(Calculator.java:6)
	at io.michaelcane.Commands.&lt;init&gt;(Commands.java:5)
	at io.michaelcane.Calculator.&lt;init&gt;(Calculator.java:6)
	at io.michaelcane.Commands.&lt;init&gt;(Commands.java:5)
	at io.michaelcane.Calculator.&lt;init&gt;(Calculator.java:6)
	at io.michaelcane.Commands.&lt;init&gt;(Commands.java:5)
	at io.michaelcane.Calculator.&lt;init&gt;(Calculator.java:6)
	at io.michaelcane.Commands.&lt;init&gt;(Commands.java:5)
	at io.michaelcane.Calculator.&lt;init&gt;(Calculator.java:6)
	at io.michaelcane.Commands.&lt;init&gt;(Commands.java:5)
	at io.michaelcane.Calculator.&lt;init&gt;(Calculator.java:6)
	at io.michaelcane.Commands.&lt;init&gt;(Commands.java:5)
	at io.michaelcane.Calculator.&lt;init&gt;(Calculator.java:6)
	at io.michaelcane.Commands.&lt;init&gt;(Commands.java:5)
	at io.michaelcane.Calculator.&lt;init&gt;(Calculator.java:6)
	at io.michaelcane.Commands.&lt;init&gt;(Commands.java:5)
	at io.michaelcane.Calculator.&lt;init&gt;(Calculator.java:6)
	at io.michaelcane.Commands.&lt;init&gt;(Commands.java:5)
	at io.michaelcane.Calculator.&lt;init&gt;(Calculator.java:6)
	at io.michaelcane.Commands.&lt;init&gt;(Commands.java:5)
	at io.michaelcane.Calculator.&lt;init&gt;(Calculator.java:6)
	at io.michaelcane.Commands.&lt;init&gt;(Commands.java:5)
	at io.michaelcane.Calculator.&lt;init&gt;(Calculator.java:6)
	at io.michaelcane.Commands.&lt;init&gt;(Commands.java:5)
	at io.michaelcane.Calculator.&lt;init&gt;(Calculator.java:6)
	at io.michaelcane.Commands.&lt;init&gt;(Commands.java:5)
	at io.michaelcane.Calculator.&lt;init&gt;(Calculator.java:6)
	at io.michaelcane.Commands.&lt;init&gt;(Commands.java:5)
	at io.michaelcane.Calculator.&lt;init&gt;(Calculator.java:6)
	at io.michaelcane.Commands.&lt;init&gt;(Commands.java:5)
	at io.michaelcane.Calculator.&lt;init&gt;(Calculator.java:6)
	at io.michaelcane.Commands.&lt;init&gt;(Commands.java:5)
	at io.michaelcane.Calculator.&lt;init&gt;(Calculator.java:6)
	at io.michaelcane.Commands.&lt;init&gt;(Commands.java:5)
	at io.michaelcane.Calculator.&lt;init&gt;(Calculator.java:6)
	at io.michaelcane.Commands.&lt;init&gt;(Commands.java:5)
	at io.michaelcane.Calculator.&lt;init&gt;(Calculator.java:6)
	at io.michaelcane.Commands.&lt;init&gt;(Commands.java:5)
	at io.michaelcane.Calculator.&lt;init&gt;(Calculator.java:6)
	at io.michaelcane.Commands.&lt;init&gt;(Commands.java:5)
	at io.michaelcane.Calculator.&lt;init&gt;(Calculator.java:6)
	at io.michaelcane.Commands.&lt;init&gt;(Commands.java:5)
	at io.michaelcane.Calculator.&lt;init&gt;(Calculator.java:6)
	at io.michaelcane.Commands.&lt;init&gt;(Commands.java:5)
	at io.michaelcane.Calculator.&lt;init&gt;(Calculator.java:6)
	at io.michaelcane.Commands.&lt;init&gt;(Commands.java:5)
	at io.michaelcane.Calculator.&lt;init&gt;(Calculator.java:6)
	at io.michaelcane.Commands.&lt;init&gt;(Commands.java:5)
	at io.michaelcane.Calculator.&lt;init&gt;(Calculator.java:6)
	at io.michaelcane.Commands.&lt;init&gt;(Commands.java:5)
	at io.michaelcane.Calculator.&lt;init&gt;(Calculator.java:6)
	at io.michaelcane.Commands.&lt;init&gt;(Commands.java:5)
	at io.michaelcane.Calculator.&lt;init&gt;(Calculator.java:6)
	at io.michaelcane.Commands.&lt;init&gt;(Commands.java:5)
	at io.michaelcane.Calculator.&lt;init&gt;(Calculator.java:6)
	at io.michaelcane.Commands.&lt;init&gt;(Commands.java:5)
	at io.michaelcane.Calculator.&lt;init&gt;(Calculator.java:6)
	at io.michaelcane.Commands.&lt;init&gt;(Commands.java:5)
	at io.michaelcane.Calculator.&lt;init&gt;(Calculator.java:6)
	at io.michaelcane.Commands.&lt;init&gt;(Commands.java:5)
	at io.michaelcane.Calculator.&lt;init&gt;(Calculator.java:6)
	at io.michaelcane.Commands.&lt;init&gt;(Commands.java:5)
	at io.michaelcane.Calculator.&lt;init&gt;(Calculator.java:6)
	at io.michaelcane.Commands.&lt;init&gt;(Commands.java:5)
	at io.michaelcane.Calculator.&lt;init&gt;(Calculator.java:6)
	at io.michaelcane.Commands.&lt;init&gt;(Commands.java:5)
	at io.michaelcane.Calculator.&lt;init&gt;(Calculator.java:6)
	at io.michaelcane.Commands.&lt;init&gt;(Commands.java:5)
	at io.michaelcane.Calculator.&lt;init&gt;(Calculator.java:6)
	at io.michaelcane.Commands.&lt;init&gt;(Commands.java:5)
	at io.michaelcane.Calculator.&lt;init&gt;(Calculator.java:6)
	at io.michaelcane.Commands.&lt;init&gt;(Commands.java:5)
	at io.michaelcane.Calculator.&lt;init&gt;(Calculator.java:6)
	at io.michaelcane.Commands.&lt;init&gt;(Commands.java:5)
	at io.michaelcane.Calculator.&lt;init&gt;(Calculator.java:6)
	at io.michaelcane.Commands.&lt;init&gt;(Commands.java:5)
	at io.michaelcane.Calculator.&lt;init&gt;(Calculator.java:6)
	at io.michaelcane.Commands.&lt;init&gt;(Commands.java:5)
	at io.michaelcane.Calculator.&lt;init&gt;(Calculator.java:6)
	at io.michaelcane.Commands.&lt;init&gt;(Commands.java:5)
	at io.michaelcane.Calculator.&lt;init&gt;(Calculator.java:6)
	at io.michaelcane.Commands.&lt;init&gt;(Commands.java:5)
	at io.michaelcane.Calculator.&lt;init&gt;(Calculator.java:6)
	at io.michaelcane.Commands.&lt;init&gt;(Commands.java:5)
	at io.michaelcane.Calculator.&lt;init&gt;(Calculator.java:6)
	at io.michaelcane.Commands.&lt;init&gt;(Commands.java:5)
	at io.michaelcane.Calculator.&lt;init&gt;(Calculator.java:6)
	at io.michaelcane.Commands.&lt;init&gt;(Commands.java:5)
	at io.michaelcane.Calculator.&lt;init&gt;(Calculator.java:6)
	at io.michaelcane.Commands.&lt;init&gt;(Commands.java:5)
	at io.michaelcane.Calculator.&lt;init&gt;(Calculator.java:6)
	at io.michaelcane.Commands.&lt;init&gt;(Commands.java:5)
	at io.michaelcane.Calculator.&lt;init&gt;(Calculator.java:6)
	at io.michaelcane.Commands.&lt;init&gt;(Commands.java:5)
	at io.michaelcane.Calculator.&lt;init&gt;(Calculator.java:6)
	at io.michaelcane.Commands.&lt;init&gt;(Commands.java:5)
	at io.michaelcane.Calculator.&lt;init&gt;(Calculator.java:6)
	at io.michaelcane.Commands.&lt;init&gt;(Commands.java:5)
	at io.michaelcane.Calculator.&lt;init&gt;(Calculator.java:6)
	at io.michaelcane.Commands.&lt;init&gt;(Commands.java:5)
	at io.michaelcane.Calculator.&lt;init&gt;(Calculator.java:6)
	at io.michaelcane.Commands.&lt;init&gt;(Commands.java:5)
	at io.michaelcane.Calculator.&lt;init&gt;(Calculator.java:6)
	at io.michaelcane.Commands.&lt;init&gt;(Commands.java:5)
	at io.michaelcane.Calculator.&lt;init&gt;(Calculator.java:6)
	at io.michaelcane.Commands.&lt;init&gt;(Commands.java:5)
	at io.michaelcane.Calculator.&lt;init&gt;(Calculator.java:6)
	at io.michaelcane.Commands.&lt;init&gt;(Commands.java:5)
	at io.michaelcane.Calculator.&lt;init&gt;(Calculator.java:6)
	at io.michaelcane.Commands.&lt;init&gt;(Commands.java:5)
	at io.michaelcane.Calculator.&lt;init&gt;(Calculator.java:6)
	at io.michaelcane.Commands.&lt;init&gt;(Commands.java:5)
	at io.michaelcane.Calculator.&lt;init&gt;(Calculator.java:6)
	at io.michaelcane.Commands.&lt;init&gt;(Commands.java:5)
	at io.michaelcane.Calculator.&lt;init&gt;(Calculator.java:6)
	at io.michaelcane.Commands.&lt;init&gt;(Commands.java:5)
	at io.michaelcane.Calculator.&lt;init&gt;(Calculator.java:6)
	at io.michaelcane.Commands.&lt;init&gt;(Commands.java:5)
	at io.michaelcane.Calculator.&lt;init&gt;(Calculator.java:6)
	at io.michaelcane.Commands.&lt;init&gt;(Commands.java:5)
	at io.michaelcane.Calculator.&lt;init&gt;(Calculator.java:6)
	at io.michaelcane.Commands.&lt;init&gt;(Commands.java:5)
	at io.michaelcane.Calculator.&lt;init&gt;(Calculator.java:6)
	at io.michaelcane.Commands.&lt;init&gt;(Commands.java:5)
	at io.michaelcane.Calculator.&lt;init&gt;(Calculator.java:6)
	at io.michaelcane.Commands.&lt;init&gt;(Commands.java:5)
	at io.michaelcane.Calculator.&lt;init&gt;(Calculator.java:6)
	at io.michaelcane.Commands.&lt;init&gt;(Commands.java:5)
	at io.michaelcane.Calculator.&lt;init&gt;(Calculator.java:6)
	at io.michaelcane.Commands.&lt;init&gt;(Commands.java:5)
	at io.michaelcane.Calculator.&lt;init&gt;(Calculator.java:6)
	at io.michaelcane.Commands.&lt;init&gt;(Commands.java:5)
	at io.michaelcane.Calculator.&lt;init&gt;(Calculator.java:6)
	at io.michaelcane.Commands.&lt;init&gt;(Commands.java:5)
	at io.michaelcane.Calculator.&lt;init&gt;(Calculator.java:6)
	at io.michaelcane.Commands.&lt;init&gt;(Commands.java:5)
	at io.michaelcane.Calculator.&lt;init&gt;(Calculator.java:6)
	at io.michaelcane.Commands.&lt;init&gt;(Commands.java:5)
	at io.michaelcane.Calculator.&lt;init&gt;(Calculator.java:6)
	at io.michaelcane.Commands.&lt;init&gt;(Commands.java:5)
	at io.michaelcane.Calculator.&lt;init&gt;(Calculator.java:6)
	at io.michaelcane.Commands.&lt;init&gt;(Commands.java:5)
	at io.michaelcane.Calculator.&lt;init&gt;(Calculator.java:6)
	at io.michaelcane.Commands.&lt;init&gt;(Commands.java:5)
	at io.michaelcane.Calculator.&lt;init&gt;(Calculator.java:6)
	at io.michaelcane.Commands.&lt;init&gt;(Commands.java:5)
	at io.michaelcane.Calculator.&lt;init&gt;(Calculator.java:6)
	at io.michaelcane.Commands.&lt;init&gt;(Commands.java:5)
	at io.michaelcane.Calculator.&lt;init&gt;(Calculator.java:6)
	at io.michaelcane.Commands.&lt;init&gt;(Commands.java:5)
	at io.michaelcane.Calculator.&lt;init&gt;(Calculator.java:6)
	at io.michaelcane.Commands.&lt;init&gt;(Commands.java:5)
	at io.michaelcane.Calculator.&lt;init&gt;(Calculator.java:6)
	at io.michaelcane.Commands.&lt;init&gt;(Commands.java:5)
	at io.michaelcane.Calculator.&lt;init&gt;(Calculator.java:6)
	at io.michaelcane.Commands.&lt;init&gt;(Commands.java:5)
	at io.michaelcane.Calculator.&lt;init&gt;(Calculator.java:6)
	at io.michaelcane.Commands.&lt;init&gt;(Commands.java:5)
	at io.michaelcane.Calculator.&lt;init&gt;(Calculator.java:6)
	at io.michaelcane.Commands.&lt;init&gt;(Commands.java:5)
	at io.michaelcane.Calculator.&lt;init&gt;(Calculator.java:6)
	at io.michaelcane.Commands.&lt;init&gt;(Commands.java:5)
	at io.michaelcane.Calculator.&lt;init&gt;(Calculator.java:6)
	at io.michaelcane.Commands.&lt;init&gt;(Commands.java:5)
	at io.michaelcane.Calculator.&lt;init&gt;(Calculator.java:6)
	at io.michaelcane.Commands.&lt;init&gt;(Commands.java:5)
	at io.michaelcane.Calculator.&lt;init&gt;(Calculator.java:6)
	at io.michaelcane.Commands.&lt;init&gt;(Commands.java:5)
	at io.michaelcane.Calculator.&lt;init&gt;(Calculator.java:6)
	at io.michaelcane.Commands.&lt;init&gt;(Commands.java:5)
	at io.michaelcane.Calculator.&lt;init&gt;(Calculator.java:6)
	at io.michaelcane.Commands.&lt;init&gt;(Commands.java:5)
	at io.michaelcane.Calculator.&lt;init&gt;(Calculator.java:6)
	at io.michaelcane.Commands.&lt;init&gt;(Commands.java:5)
	at io.michaelcane.Calculator.&lt;init&gt;(Calculator.java:6)
	at io.michaelcane.Commands.&lt;init&gt;(Commands.java:5)
	at io.michaelcane.Calculator.&lt;init&gt;(Calculator.java:6)
	at io.michaelcane.Commands.&lt;init&gt;(Commands.java:5)
	at io.michaelcane.Calculator.&lt;init&gt;(Calculator.java:6)
	at io.michaelcane.Commands.&lt;init&gt;(Commands.java:5)
	at io.michaelcane.Calculator.&lt;init&gt;(Calculator.java:6)
	at io.michaelcane.Commands.&lt;init&gt;(Commands.java:5)
	at io.michaelcane.Calculator.&lt;init&gt;(Calculator.java:6)
	at io.michaelcane.Commands.&lt;init&gt;(Commands.java:5)
	at io.michaelcane.Calculator.&lt;init&gt;(Calculator.java:6)
	at io.michaelcane.Commands.&lt;init&gt;(Commands.java:5)
	at io.michaelcane.Calculator.&lt;init&gt;(Calculator.java:6)
	at io.michaelcane.Commands.&lt;init&gt;(Commands.java:5)
	at io.michaelcane.Calculator.&lt;init&gt;(Calculator.java:6)
	at io.michaelcane.Commands.&lt;init&gt;(Commands.java:5)
	at io.michaelcane.Calculator.&lt;init&gt;(Calculator.java:6)
	at io.michaelcane.Commands.&lt;init&gt;(Commands.java:5)
	at io.michaelcane.Calculator.&lt;init&gt;(Calculator.java:6)
	at io.michaelcane.Commands.&lt;init&gt;(Commands.java:5)
	at io.michaelcane.Calculator.&lt;init&gt;(Calculator.java:6)
	at io.michaelcane.Commands.&lt;init&gt;(Commands.java:5)
	at io.michaelcane.Calculator.&lt;init&gt;(Calculator.java:6)
	at io.michaelcane.Commands.&lt;init&gt;(Commands.java:5)
	at io.michaelcane.Calculator.&lt;init&gt;(Calculator.java:6)
	at io.michaelcane.Commands.&lt;init&gt;(Commands.java:5)
	at io.michaelcane.Calculator.&lt;init&gt;(Calculator.java:6)
	at io.michaelcane.Commands.&lt;init&gt;(Commands.java:5)
	at io.michaelcane.Calculator.&lt;init&gt;(Calculator.java:6)
	at io.michaelcane.Commands.&lt;init&gt;(Commands.java:5)
	at io.michaelcane.Calculator.&lt;init&gt;(Calculator.java:6)
	at io.michaelcane.Commands.&lt;init&gt;(Commands.java:5)
	at io.michaelcane.Calculator.&lt;init&gt;(Calculator.java:6)
	at io.michaelcane.Commands.&lt;init&gt;(Commands.java:5)
	at io.michaelcane.Calculator.&lt;init&gt;(Calculator.java:6)
	at io.michaelcane.Commands.&lt;init&gt;(Commands.java:5)
	at io.michaelcane.Calculator.&lt;init&gt;(Calculator.java:6)
	at io.michaelcane.Commands.&lt;init&gt;(Commands.java:5)
	at io.michaelcane.Calculator.&lt;init&gt;(Calculator.java:6)
	at io.michaelcane.Commands.&lt;init&gt;(Commands.java:5)
	at io.michaelcane.Calculator.&lt;init&gt;(Calculator.java:6)
	at io.michaelcane.Commands.&lt;init&gt;(Commands.java:5)
	at io.michaelcane.Calculator.&lt;init&gt;(Calculator.java:6)
	at io.michaelcane.Commands.&lt;init&gt;(Commands.java:5)
	at io.michaelcane.Calculator.&lt;init&gt;(Calculator.java:6)
	at io.michaelcane.Commands.&lt;init&gt;(Commands.java:5)
	at io.michaelcane.Calculator.&lt;init&gt;(Calculator.java:6)
	at io.michaelcane.Commands.&lt;init&gt;(Commands.java:5)
	at io.michaelcane.Calculator.&lt;init&gt;(Calculator.java:6)
	at io.michaelcane.Commands.&lt;init&gt;(Commands.java:5)
	at io.michaelcane.Calculator.&lt;init&gt;(Calculator.java:6)
	at io.michaelcane.Commands.&lt;init&gt;(Commands.java:5)
	at io.michaelcane.Calculator.&lt;init&gt;(Calculator.java:6)
	at io.michaelcane.Commands.&lt;init&gt;(Commands.java:5)
	at io.michaelcane.Calculator.&lt;init&gt;(Calculator.java:6)
	at io.michaelcane.Commands.&lt;init&gt;(Commands.java:5)
	at io.michaelcane.Calculator.&lt;init&gt;(Calculator.java:6)
	at io.michaelcane.Commands.&lt;init&gt;(Commands.java:5)
	at io.michaelcane.Calculator.&lt;init&gt;(Calculator.java:6)
	at io.michaelcane.Commands.&lt;init&gt;(Commands.java:5)
	at io.michaelcane.Calculator.&lt;init&gt;(Calculator.java:6)
	at io.michaelcane.Commands.&lt;init&gt;(Commands.java:5)
	at io.michaelcane.Calculator.&lt;init&gt;(Calculator.java:6)
	at io.michaelcane.Commands.&lt;init&gt;(Commands.java:5)
	at io.michaelcane.Calculator.&lt;init&gt;(Calculator.java:6)
	at io.michaelcane.Commands.&lt;init&gt;(Commands.java:5)
	at io.michaelcane.Calculator.&lt;init&gt;(Calculator.java:6)
	at io.michaelcane.Commands.&lt;init&gt;(Commands.java:5)
	at io.michaelcane.Calculator.&lt;init&gt;(Calculator.java:6)
	at io.michaelcane.Commands.&lt;init&gt;(Commands.java:5)
	at io.michaelcane.Calculator.&lt;init&gt;(Calculator.java:6)
	at io.michaelcane.Commands.&lt;init&gt;(Commands.java:5)
	at io.michaelcane.Calculator.&lt;init&gt;(Calculator.java:6)
	at io.michaelcane.Commands.&lt;init&gt;(Commands.java:5)
	at io.michaelcane.Calculator.&lt;init&gt;(Calculator.java:6)
	at io.michaelcane.Commands.&lt;init&gt;(Commands.java:5)
	at io.michaelcane.Calculator.&lt;init&gt;(Calculator.java:6)
	at io.michaelcane.Commands.&lt;init&gt;(Commands.java:5)
	at io.michaelcane.Calculator.&lt;init&gt;(Calculator.java:6)
	at io.michaelcane.Commands.&lt;init&gt;(Commands.java:5)
	at io.michaelcane.Calculator.&lt;init&gt;(Calculator.java:6)
	at io.michaelcane.Commands.&lt;init&gt;(Commands.java:5)
	at io.michaelcane.Calculator.&lt;init&gt;(Calculator.java:6)
	at io.michaelcane.Commands.&lt;init&gt;(Commands.java:5)
	at io.michaelcane.Calculator.&lt;init&gt;(Calculator.java:6)
	at io.michaelcane.Commands.&lt;init&gt;(Commands.java:5)
	at io.michaelcane.Calculator.&lt;init&gt;(Calculator.java:6)
	at io.michaelcane.Commands.&lt;init&gt;(Commands.java:5)
	at io.michaelcane.Calculator.&lt;init&gt;(Calculator.java:6)
	at io.michaelcane.Commands.&lt;init&gt;(Commands.java:5)
	at io.michaelcane.Calculator.&lt;init&gt;(Calculator.java:6)
	at io.michaelcane.Commands.&lt;init&gt;(Commands.java:5)
	at io.michaelcane.Calculator.&lt;init&gt;(Calculator.java:6)
	at io.michaelcane.Commands.&lt;init&gt;(Commands.java:5)
	at io.michaelcane.Calculator.&lt;init&gt;(Calculator.java:6)
	at io.michaelcane.Commands.&lt;init&gt;(Commands.java:5)
	at io.michaelcane.Calculator.&lt;init&gt;(Calculator.java:6)
	at io.michaelcane.Commands.&lt;init&gt;(Commands.java:5)
	at io.michaelcane.Calculator.&lt;init&gt;(Calculator.java:6)
	at io.michaelcane.Commands.&lt;init&gt;(Commands.java:5)
	at io.michaelcane.Calculator.&lt;init&gt;(Calculator.java:6)
	at io.michaelcane.Commands.&lt;init&gt;(Commands.java:5)
	at io.michaelcane.Calculator.&lt;init&gt;(Calculator.java:6)
	at io.michaelcane.Commands.&lt;init&gt;(Commands.java:5)
	at io.michaelcane.Calculator.&lt;init&gt;(Calculator.java:6)
	at io.michaelcane.Commands.&lt;init&gt;(Commands.java:5)
	at io.michaelcane.Calculator.&lt;init&gt;(Calculator.java:6)
	at io.michaelcane.Commands.&lt;init&gt;(Commands.java:5)
	at io.michaelcane.Calculator.&lt;init&gt;(Calculator.java:6)
	at io.michaelcane.Commands.&lt;init&gt;(Commands.java:5)
	at io.michaelcane.Calculator.&lt;init&gt;(Calculator.java:6)
	at io.michaelcane.Commands.&lt;init&gt;(Commands.java:5)
	at io.michaelcane.Calculator.&lt;init&gt;(Calculator.java:6)
	at io.michaelcane.Commands.&lt;init&gt;(Commands.java:5)
	at io.michaelcane.Calculator.&lt;init&gt;(Calculator.java:6)
	at io.michaelcane.Commands.&lt;init&gt;(Commands.java:5)
	at io.michaelcane.Calculator.&lt;init&gt;(Calculator.java:6)
	at io.michaelcane.Commands.&lt;init&gt;(Commands.java:5)
	at io.michaelcane.Calculator.&lt;init&gt;(Calculator.java:6)
	at io.michaelcane.Commands.&lt;init&gt;(Commands.java:5)
	at io.michaelcane.Calculator.&lt;init&gt;(Calculator.java:6)
	at io.michaelcane.Commands.&lt;init&gt;(Commands.java:5)
	at io.michaelcane.Calculator.&lt;init&gt;(Calculator.java:6)
	at io.michaelcane.Commands.&lt;init&gt;(Commands.java:5)
	at io.michaelcane.Calculator.&lt;init&gt;(Calculator.java:6)
	at io.michaelcane.Commands.&lt;init&gt;(Commands.java:5)
	at io.michaelcane.Calculator.&lt;init&gt;(Calculator.java:6)
	at io.michaelcane.Commands.&lt;init&gt;(Commands.java:5)
	at io.michaelcane.Calculator.&lt;init&gt;(Calculator.java:6)
	at io.michaelcane.Commands.&lt;init&gt;(Commands.java:5)
	at io.michaelcane.Calculator.&lt;init&gt;(Calculator.java:6)
	at io.michaelcane.Commands.&lt;init&gt;(Commands.java:5)
	at io.michaelcane.Calculator.&lt;init&gt;(Calculator.java:6)
	at io.michaelcane.Commands.&lt;init&gt;(Commands.java:5)
	at io.michaelcane.Calculator.&lt;init&gt;(Calculator.java:6)
	at io.michaelcane.Commands.&lt;init&gt;(Commands.java:5)
	at io.michaelcane.Calculator.&lt;init&gt;(Calculator.java:6)
	at io.michaelcane.Commands.&lt;init&gt;(Commands.java:5)
	at io.michaelcane.Calculator.&lt;init&gt;(Calculator.java:6)
	at io.michaelcane.Commands.&lt;init&gt;(Commands.java:5)
	at io.michaelcane.Calculator.&lt;init&gt;(Calculator.java:6)
	at io.michaelcane.Commands.&lt;init&gt;(Commands.java:5)
	at io.michaelcane.Calculator.&lt;init&gt;(Calculator.java:6)
	at io.michaelcane.Commands.&lt;init&gt;(Commands.java:5)
	at io.michaelcane.Calculator.&lt;init&gt;(Calculator.java:6)
	at io.michaelcane.Commands.&lt;init&gt;(Commands.java:5)
	at io.michaelcane.Calculator.&lt;init&gt;(Calculator.java:6)
	at io.michaelcane.Commands.&lt;init&gt;(Commands.java:5)
	at io.michaelcane.Calculator.&lt;init&gt;(Calculator.java:6)
	at io.michaelcane.Commands.&lt;init&gt;(Commands.java:5)
	at io.michaelcane.Calculator.&lt;init&gt;(Calculator.java:6)
	at io.michaelcane.Commands.&lt;init&gt;(Commands.java:5)
	at io.michaelcane.Calculator.&lt;init&gt;(Calculator.java:6)
	at io.michaelcane.Commands.&lt;init&gt;(Commands.java:5)
	at io.michaelcane.Calculator.&lt;init&gt;(Calculator.java:6)
	at io.michaelcane.Commands.&lt;init&gt;(Commands.java:5)
	at io.michaelcane.Calculator.&lt;init&gt;(Calculator.java:6)
	at io.michaelcane.Commands.&lt;init&gt;(Commands.java:5)
	at io.michaelcane.Calculator.&lt;init&gt;(Calculator.java:6)
	at io.michaelcane.Commands.&lt;init&gt;(Commands.java:5)
	at io.michaelcane.Calculator.&lt;init&gt;(Calculator.java:6)
	at io.michaelcane.Commands.&lt;init&gt;(Commands.java:5)
	at io.michaelcane.Calculator.&lt;init&gt;(Calculator.java:6)
	at io.michaelcane.Commands.&lt;init&gt;(Commands.java:5)
	at io.michaelcane.Calculator.&lt;init&gt;(Calculator.java:6)
	at io.michaelcane.Commands.&lt;init&gt;(Commands.java:5)
	at io.michaelcane.Calculator.&lt;init&gt;(Calculator.java:6)
	at io.michaelcane.Commands.&lt;init&gt;(Commands.java:5)
	at io.michaelcane.Calculator.&lt;init&gt;(Calculator.java:6)
	at io.michaelcane.Commands.&lt;init&gt;(Commands.java:5)
	at io.michaelcane.Calculator.&lt;init&gt;(Calculator.java:6)
	at io.michaelcane.Commands.&lt;init&gt;(Commands.java:5)
	at io.michaelcane.Calculator.&lt;init&gt;(Calculator.java:6)
	at io.michaelcane.Commands.&lt;init&gt;(Commands.java:5)
	at io.michaelcane.Calculator.&lt;init&gt;(Calculator.java:6)
	at io.michaelcane.Commands.&lt;init&gt;(Commands.java:5)
	at io.michaelcane.Calculator.&lt;init&gt;(Calculator.java:6)
	at io.michaelcane.Commands.&lt;init&gt;(Commands.java:5)
	at io.michaelcane.Calculator.&lt;init&gt;(Calculator.java:6)
	at io.michaelcane.Commands.&lt;init&gt;(Commands.java:5)
	at io.michaelcane.Calculator.&lt;init&gt;(Calculator.java:6)
	at io.michaelcane.Commands.&lt;init&gt;(Commands.java:5)
	at io.michaelcane.Calculator.&lt;init&gt;(Calculator.java:6)
	at io.michaelcane.Commands.&lt;init&gt;(Commands.java:5)
	at io.michaelcane.Calculator.&lt;init&gt;(Calculator.java:6)
	at io.michaelcane.Commands.&lt;init&gt;(Commands.java:5)
	at io.michaelcane.Calculator.&lt;init&gt;(Calculator.java:6)
	at io.michaelcane.Commands.&lt;init&gt;(Commands.java:5)
	at io.michaelcane.Calculator.&lt;init&gt;(Calculator.java:6)
	at io.michaelcane.Commands.&lt;init&gt;(Commands.java:5)
	at io.michaelcane.Calculator.&lt;init&gt;(Calculator.java:6)
	at io.michaelcane.Commands.&lt;init&gt;(Commands.java:5)
	at io.michaelcane.Calculator.&lt;init&gt;(Calculator.java:6)
	at io.michaelcane.Commands.&lt;init&gt;(Commands.java:5)
	at io.michaelcane.Calculator.&lt;init&gt;(Calculator.java:6)
	at io.michaelcane.Commands.&lt;init&gt;(Commands.java:5)
	at io.michaelcane.Calculator.&lt;init&gt;(Calculator.java:6)
	at io.michaelcane.Commands.&lt;init&gt;(Commands.java:5)
	at io.michaelcane.Calculator.&lt;init&gt;(Calculator.java:6)
	at io.michaelcane.Commands.&lt;init&gt;(Commands.java:5)
	at io.michaelcane.Calculator.&lt;init&gt;(Calculator.java:6)
	at io.michaelcane.Commands.&lt;init&gt;(Commands.java:5)
	at io.michaelcane.Calculator.&lt;init&gt;(Calculator.java:6)
	at io.michaelcane.Commands.&lt;init&gt;(Commands.java:5)
	at io.michaelcane.Calculator.&lt;init&gt;(Calculator.java:6)
	at io.michaelcane.Commands.&lt;init&gt;(Commands.java:5)
	at io.michaelcane.Calculator.&lt;init&gt;(Calculator.java:6)
	at io.michaelcane.Commands.&lt;init&gt;(Commands.java:5)
	at io.michaelcane.Calculator.&lt;init&gt;(Calculator.java:6)
	at io.michaelcane.Commands.&lt;init&gt;(Commands.java:5)
	at io.michaelcane.Calculator.&lt;init&gt;(Calculator.java:6)
	at io.michaelcane.Commands.&lt;init&gt;(Commands.java:5)
	at io.michaelcane.Calculator.&lt;init&gt;(Calculator.java:6)
	at io.michaelcane.Commands.&lt;init&gt;(Commands.java:5)
	at io.michaelcane.Calculator.&lt;init&gt;(Calculator.java:6)
	at io.michaelcane.Commands.&lt;init&gt;(Commands.java:5)
	at io.michaelcane.Calculator.&lt;init&gt;(Calculator.java:6)
	at io.michaelcane.Commands.&lt;init&gt;(Commands.java:5)
	at io.michaelcane.Calculator.&lt;init&gt;(Calculator.java:6)
	at io.michaelcane.Commands.&lt;init&gt;(Commands.java:5)
	at io.michaelcane.Calculator.&lt;init&gt;(Calculator.java:6)
	at io.michaelcane.Commands.&lt;init&gt;(Commands.java:5)
	at io.michaelcane.Calculator.&lt;init&gt;(Calculator.java:6)
	at io.michaelcane.Commands.&lt;init&gt;(Commands.java:5)
	at io.michaelcane.Calculator.&lt;init&gt;(Calculator.java:6)
	at io.michaelcane.Commands.&lt;init&gt;(Commands.java:5)
	at io.michaelcane.Calculator.&lt;init&gt;(Calculator.java:6)
	at io.michaelcane.Commands.&lt;init&gt;(Commands.java:5)
	at io.michaelcane.Calculator.&lt;init&gt;(Calculator.java:6)
	at io.michaelcane.Commands.&lt;init&gt;(Commands.java:5)
	at io.michaelcane.Calculator.&lt;init&gt;(Calculator.java:6)
	at io.michaelcane.Commands.&lt;init&gt;(Commands.java:5)
	at io.michaelcane.Calculator.&lt;init&gt;(Calculator.java:6)
	at io.michaelcane.Commands.&lt;init&gt;(Commands.java:5)
	at io.michaelcane.Calculator.&lt;init&gt;(Calculator.java:6)
	at io.michaelcane.Commands.&lt;init&gt;(Commands.java:5)
	at io.michaelcane.Calculator.&lt;init&gt;(Calculator.java:6)
	at io.michaelcane.Commands.&lt;init&gt;(Commands.java:5)
	at io.michaelcane.Calculator.&lt;init&gt;(Calculator.java:6)
	at io.michaelcane.Commands.&lt;init&gt;(Commands.java:5)
	at io.michaelcane.Calculator.&lt;init&gt;(Calculator.java:6)
	at io.michaelcane.Commands.&lt;init&gt;(Commands.java:5)
	at io.michaelcane.Calculator.&lt;init&gt;(Calculator.java:6)
	at io.michaelcane.Commands.&lt;init&gt;(Commands.java:5)
	at io.michaelcane.Calculator.&lt;init&gt;(Calculator.java:6)
	at io.michaelcane.Commands.&lt;init&gt;(Commands.java:5)
	at io.michaelcane.Calculator.&lt;init&gt;(Calculator.java:6)
	at io.michaelcane.Commands.&lt;init&gt;(Commands.java:5)
	at io.michaelcane.Calculator.&lt;init&gt;(Calculator.java:6)
	at io.michaelcane.Commands.&lt;init&gt;(Commands.java:5)
	at io.michaelcane.Calculator.&lt;init&gt;(Calculator.java:6)
	at io.michaelcane.Commands.&lt;init&gt;(Commands.java:5)
	at io.michaelcane.Calculator.&lt;init&gt;(Calculator.java:6)
	at io.michaelcane.Commands.&lt;init&gt;(Commands.java:5)
	at io.michaelcane.Calculator.&lt;init&gt;(Calculator.java:6)
	at io.michaelcane.Commands.&lt;init&gt;(Commands.java:5)
	at io.michaelcane.Calculator.&lt;init&gt;(Calculator.java:6)
	at io.michaelcane.Commands.&lt;init&gt;(Commands.java:5)
	at io.michaelcane.Calculator.&lt;init&gt;(Calculator.java:6)
	at io.michaelcane.Commands.&lt;init&gt;(Commands.java:5)
	at io.michaelcane.Calculator.&lt;init&gt;(Calculator.java:6)
	at io.michaelcane.Commands.&lt;init&gt;(Commands.java:5)
	at io.michaelcane.Calculator.&lt;init&gt;(Calculator.java:6)
	at io.michaelcane.Commands.&lt;init&gt;(Commands.java:5)
	at io.michaelcane.Calculator.&lt;init&gt;(Calculator.java:6)
	at io.michaelcane.Commands.&lt;init&gt;(Commands.java:5)
	at io.michaelcane.Calculator.&lt;init&gt;(Calculator.java:6)
	at io.michaelcane.Commands.&lt;init&gt;(Commands.java:5)
	at io.michaelcane.Calculator.&lt;init&gt;(Calculator.java:6)
	at io.michaelcane.Commands.&lt;init&gt;(Commands.java:5)
	at io.michaelcane.Calculator.&lt;init&gt;(Calculator.java:6)
	at io.michaelcane.Commands.&lt;init&gt;(Commands.java:5)
	at io.michaelcane.Calculator.&lt;init&gt;(Calculator.java:6)
	at io.michaelcane.Commands.&lt;init&gt;(Commands.java:5)
	at io.michaelcane.Calculator.&lt;init&gt;(Calculator.java:6)
	at io.michaelcane.Commands.&lt;init&gt;(Commands.java:5)
	at io.michaelcane.Calculator.&lt;init&gt;(Calculator.java:6)
	at io.michaelcane.Commands.&lt;init&gt;(Commands.java:5)
	at io.michaelcane.Calculator.&lt;init&gt;(Calculator.java:6)
	at io.michaelcane.Commands.&lt;init&gt;(Commands.java:5)
	at io.michaelcane.Calculator.&lt;init&gt;(Calculator.java:6)
	at io.michaelcane.Commands.&lt;init&gt;(Commands.java:5)
	at io.michaelcane.Calculator.&lt;init&gt;(Calculator.java:6)
	at io.michaelcane.Commands.&lt;init&gt;(Commands.java:5)
	at io.michaelcane.Calculator.&lt;init&gt;(Calculator.java:6)
	at io.michaelcane.Commands.&lt;init&gt;(Commands.java:5)
	at io.michaelcane.Calculator.&lt;init&gt;(Calculator.java:6)
	at io.michaelcane.Commands.&lt;init&gt;(Commands.java:5)
	at io.michaelcane.Calculator.&lt;init&gt;(Calculator.java:6)
	at io.michaelcane.Commands.&lt;init&gt;(Commands.java:5)
	at io.michaelcane.Calculator.&lt;init&gt;(Calculator.java:6)
	at io.michaelcane.Commands.&lt;init&gt;(Commands.java:5)
	at io.michaelcane.Calculator.&lt;init&gt;(Calculator.java:6)
	at io.michaelcane.Commands.&lt;init&gt;(Commands.java:5)
	at io.michaelcane.Calculator.&lt;init&gt;(Calculator.java:6)
	at io.michaelcane.Commands.&lt;init&gt;(Commands.java:5)
	at io.michaelcane.Calculator.&lt;init&gt;(Calculator.java:6)
	at io.michaelcane.Commands.&lt;init&gt;(Commands.java:5)
	at io.michaelcane.Calculator.&lt;init&gt;(Calculator.java:6)
	at io.michaelcane.Commands.&lt;init&gt;(Commands.java:5)
	at io.michaelcane.Calculator.&lt;init&gt;(Calculator.java:6)
	at io.michaelcane.Commands.&lt;init&gt;(Commands.java:5)
	at io.michaelcane.Calculator.&lt;init&gt;(Calculator.java:6)
	at io.michaelcane.Commands.&lt;init&gt;(Commands.java:5)
	at io.michaelcane.Calculator.&lt;init&gt;(Calculator.java:6)
	at io.michaelcane.Commands.&lt;init&gt;(Commands.java:5)
	at io.michaelcane.Calculator.&lt;init&gt;(Calculator.java:6)
	at io.michaelcane.Commands.&lt;init&gt;(Commands.java:5)
	at io.michaelcane.Calculator.&lt;init&gt;(Calculator.java:6)
	at io.michaelcane.Commands.&lt;init&gt;(Commands.java:5)
	at io.michaelcane.Calculator.&lt;init&gt;(Calculator.java:6)
	at io.michaelcane.Commands.&lt;init&gt;(Commands.java:5)
	at io.michaelcane.Calculator.&lt;init&gt;(Calculator.java:6)
	at io.michaelcane.Commands.&lt;init&gt;(Commands.java:5)
	at io.michaelcane.Calculator.&lt;init&gt;(Calculator.java:6)
	at io.michaelcane.Commands.&lt;init&gt;(Commands.java:5)
	at io.michaelcane.Calculator.&lt;init&gt;(Calculator.java:6)
	at io.michaelcane.Commands.&lt;init&gt;(Commands.java:5)
	at io.michaelcane.Calculator.&lt;init&gt;(Calculator.java:6)
	at io.michaelcane.Commands.&lt;init&gt;(Commands.java:5)
	at io.michaelcane.Calculator.&lt;init&gt;(Calculator.java:6)
	at io.michaelcane.Commands.&lt;init&gt;(Commands.java:5)
	at io.michaelcane.Calculator.&lt;init&gt;(Calculator.java:6)
	at io.michaelcane.Commands.&lt;init&gt;(Commands.java:5)
	at io.michaelcane.Calculator.&lt;init&gt;(Calculator.java:6)
	at io.michaelcane.Commands.&lt;init&gt;(Commands.java:5)
	at io.michaelcane.Calculator.&lt;init&gt;(Calculator.java:6)
	at io.michaelcane.Commands.&lt;init&gt;(Commands.java:5)
	at io.michaelcane.Calculator.&lt;init&gt;(Calculator.java:6)
	at io.michaelcane.Commands.&lt;init&gt;(Commands.java:5)
	at io.michaelcane.Calculator.&lt;init&gt;(Calculator.java:6)
	at io.michaelcane.Commands.&lt;init&gt;(Commands.java:5)
	at io.michaelcane.Calculator.&lt;init&gt;(Calculator.java:6)
	at io.michaelcane.Commands.&lt;init&gt;(Commands.java:5)
	at io.michaelcane.Calculator.&lt;init&gt;(Calculator.java:6)
	at io.michaelcane.Commands.&lt;init&gt;(Commands.java:5)
	at io.michaelcane.Calculator.&lt;init&gt;(Calculator.java:6)
	at io.michaelcane.Commands.&lt;init&gt;(Commands.java:5)
	at io.michaelcane.Calculator.&lt;init&gt;(Calculator.java:6)
	at io.michaelcane.Commands.&lt;init&gt;(Commands.java:5)
	at io.michaelcane.Calculator.&lt;init&gt;(Calculator.java:6)
	at io.michaelcane.Commands.&lt;init&gt;(Commands.java:5)
	at io.michaelcane.Calculator.&lt;init&gt;(Calculator.java:6)
	at io.michaelcane.Commands.&lt;init&gt;(Commands.java:5)
	at io.michaelcane.Calculator.&lt;init&gt;(Calculator.java:6)
	at io.michaelcane.Commands.&lt;init&gt;(Commands.java:5)
	at io.michaelcane.Calculator.&lt;init&gt;(Calculator.java:6)
	at io.michaelcane.Commands.&lt;init&gt;(Commands.java:5)
	at io.michaelcane.Calculator.&lt;init&gt;(Calculator.java:6)
	at io.michaelcane.Commands.&lt;init&gt;(Commands.java:5)
	at io.michaelcane.Calculator.&lt;init&gt;(Calculator.java:6)
	at io.michaelcane.Commands.&lt;init&gt;(Commands.java:5)
	at io.michaelcane.Calculator.&lt;init&gt;(Calculator.java:6)
	at io.michaelcane.Commands.&lt;init&gt;(Commands.java:5)
	at io.michaelcane.Calculator.&lt;init&gt;(Calculator.java:6)
	at io.michaelcane.Commands.&lt;init&gt;(Commands.java:5)
	at io.michaelcane.Calculator.&lt;init&gt;(Calculator.java:6)
	at io.michaelcane.Commands.&lt;init&gt;(Commands.java:5)
	at io.michaelcane.Calculator.&lt;init&gt;(Calculator.java:6)
	at io.michaelcane.Commands.&lt;init&gt;(Commands.java:5)
	at io.michaelcane.Calculator.&lt;init&gt;(Calculator.java:6)
	at io.michaelcane.Commands.&lt;init&gt;(Commands.java:5)
	at io.michaelcane.Calculator.&lt;init&gt;(Calculator.java:6)
	at io.michaelcane.Commands.&lt;init&gt;(Commands.java:5)
	at io.michaelcane.Calculator.&lt;init&gt;(Calculator.java:6)
	at io.michaelcane.Commands.&lt;init&gt;(Commands.java:5)
	at io.michaelcane.Calculator.&lt;init&gt;(Calculator.java:6)
	at io.michaelcane.Commands.&lt;init&gt;(Commands.java:5)
	at io.michaelcane.Calculator.&lt;init&gt;(Calculator.java:6)
	at io.michaelcane.Commands.&lt;init&gt;(Commands.java:5)
	at io.michaelcane.Calculator.&lt;init&gt;(Calculator.java:6)
	at io.michaelcane.Commands.&lt;init&gt;(Commands.java:5)
	at io.michaelcane.Calculator.&lt;init&gt;(Calculator.java:6)
	at io.michaelcane.Commands.&lt;init&gt;(Commands.java:5)
	at io.michaelcane.Calculator.&lt;init&gt;(Calculator.java:6)
	at io.michaelcane.Commands.&lt;init&gt;(Commands.java:5)
	at io.michaelcane.Calculator.&lt;init&gt;(Calculator.java:6)
	at io.michaelcane.Commands.&lt;init&gt;(Commands.java:5)
	at io.michaelcane.Calculator.&lt;init&gt;(Calculator.java:6)
	at io.michaelcane.Commands.&lt;init&gt;(Commands.java:5)
	at io.michaelcane.Calculator.&lt;init&gt;(Calculator.java:6)
	at io.michaelcane.Commands.&lt;init&gt;(Commands.java:5)
	at io.michaelcane.Calculator.&lt;init&gt;(Calculator.java:6)
	at io.michaelcane.Commands.&lt;init&gt;(Commands.java:5)
	at io.michaelcane.Calculator.&lt;init&gt;(Calculator.java:6)
	at io.michaelcane.Commands.&lt;init&gt;(Commands.java:5)
	at io.michaelcane.Calculator.&lt;init&gt;(Calculator.java:6)
	at io.michaelcane.Commands.&lt;init&gt;(Commands.java:5)
	at io.michaelcane.Calculator.&lt;init&gt;(Calculator.java:6)
	at io.michaelcane.Commands.&lt;init&gt;(Commands.java:5)
</error>
  </testcase>
  <testcase classname="io.michaelcane.CalculatorSpec" name="test$divide" time="0.006">
    <error type="java.lang.StackOverflowError">java.lang.StackOverflowError
	at io.michaelcane.Calculator.&lt;init&gt;(Calculator.java:6)
	at io.michaelcane.Commands.&lt;init&gt;(Commands.java:5)
	at io.michaelcane.Calculator.&lt;init&gt;(Calculator.java:6)
	at io.michaelcane.Commands.&lt;init&gt;(Commands.java:5)
	at io.michaelcane.Calculator.&lt;init&gt;(Calculator.java:6)
	at io.michaelcane.Commands.&lt;init&gt;(Commands.java:5)
	at io.michaelcane.Calculator.&lt;init&gt;(Calculator.java:6)
	at io.michaelcane.Commands.&lt;init&gt;(Commands.java:5)
	at io.michaelcane.Calculator.&lt;init&gt;(Calculator.java:6)
	at io.michaelcane.Commands.&lt;init&gt;(Commands.java:5)
	at io.michaelcane.Calculator.&lt;init&gt;(Calculator.java:6)
	at io.michaelcane.Commands.&lt;init&gt;(Commands.java:5)
	at io.michaelcane.Calculator.&lt;init&gt;(Calculator.java:6)
	at io.michaelcane.Commands.&lt;init&gt;(Commands.java:5)
	at io.michaelcane.Calculator.&lt;init&gt;(Calculator.java:6)
	at io.michaelcane.Commands.&lt;init&gt;(Commands.java:5)
	at io.michaelcane.Calculator.&lt;init&gt;(Calculator.java:6)
	at io.michaelcane.Commands.&lt;init&gt;(Commands.java:5)
	at io.michaelcane.Calculator.&lt;init&gt;(Calculator.java:6)
	at io.michaelcane.Commands.&lt;init&gt;(Commands.java:5)
	at io.michaelcane.Calculator.&lt;init&gt;(Calculator.java:6)
	at io.michaelcane.Commands.&lt;init&gt;(Commands.java:5)
	at io.michaelcane.Calculator.&lt;init&gt;(Calculator.java:6)
	at io.michaelcane.Commands.&lt;init&gt;(Commands.java:5)
	at io.michaelcane.Calculator.&lt;init&gt;(Calculator.java:6)
	at io.michaelcane.Commands.&lt;init&gt;(Commands.java:5)
	at io.michaelcane.Calculator.&lt;init&gt;(Calculator.java:6)
	at io.michaelcane.Commands.&lt;init&gt;(Commands.java:5)
	at io.michaelcane.Calculator.&lt;init&gt;(Calculator.java:6)
	at io.michaelcane.Commands.&lt;init&gt;(Commands.java:5)
	at io.michaelcane.Calculator.&lt;init&gt;(Calculator.java:6)
	at io.michaelcane.Commands.&lt;init&gt;(Commands.java:5)
	at io.michaelcane.Calculator.&lt;init&gt;(Calculator.java:6)
	at io.michaelcane.Commands.&lt;init&gt;(Commands.java:5)
	at io.michaelcane.Calculator.&lt;init&gt;(Calculator.java:6)
	at io.michaelcane.Commands.&lt;init&gt;(Commands.java:5)
	at io.michaelcane.Calculator.&lt;init&gt;(Calculator.java:6)
	at io.michaelcane.Commands.&lt;init&gt;(Commands.java:5)
	at io.michaelcane.Calculator.&lt;init&gt;(Calculator.java:6)
	at io.michaelcane.Commands.&lt;init&gt;(Commands.java:5)
	at io.michaelcane.Calculator.&lt;init&gt;(Calculator.java:6)
	at io.michaelcane.Commands.&lt;init&gt;(Commands.java:5)
	at io.michaelcane.Calculator.&lt;init&gt;(Calculator.java:6)
	at io.michaelcane.Commands.&lt;init&gt;(Commands.java:5)
	at io.michaelcane.Calculator.&lt;init&gt;(Calculator.java:6)
	at io.michaelcane.Commands.&lt;init&gt;(Commands.java:5)
	at io.michaelcane.Calculator.&lt;init&gt;(Calculator.java:6)
	at io.michaelcane.Commands.&lt;init&gt;(Commands.java:5)
	at io.michaelcane.Calculator.&lt;init&gt;(Calculator.java:6)
	at io.michaelcane.Commands.&lt;init&gt;(Commands.java:5)
	at io.michaelcane.Calculator.&lt;init&gt;(Calculator.java:6)
	at io.michaelcane.Commands.&lt;init&gt;(Commands.java:5)
	at io.michaelcane.Calculator.&lt;init&gt;(Calculator.java:6)
	at io.michaelcane.Commands.&lt;init&gt;(Commands.java:5)
	at io.michaelcane.Calculator.&lt;init&gt;(Calculator.java:6)
	at io.michaelcane.Commands.&lt;init&gt;(Commands.java:5)
	at io.michaelcane.Calculator.&lt;init&gt;(Calculator.java:6)
	at io.michaelcane.Commands.&lt;init&gt;(Commands.java:5)
	at io.michaelcane.Calculator.&lt;init&gt;(Calculator.java:6)
	at io.michaelcane.Commands.&lt;init&gt;(Commands.java:5)
	at io.michaelcane.Calculator.&lt;init&gt;(Calculator.java:6)
	at io.michaelcane.Commands.&lt;init&gt;(Commands.java:5)
	at io.michaelcane.Calculator.&lt;init&gt;(Calculator.java:6)
	at io.michaelcane.Commands.&lt;init&gt;(Commands.java:5)
	at io.michaelcane.Calculator.&lt;init&gt;(Calculator.java:6)
	at io.michaelcane.Commands.&lt;init&gt;(Commands.java:5)
	at io.michaelcane.Calculator.&lt;init&gt;(Calculator.java:6)
	at io.michaelcane.Commands.&lt;init&gt;(Commands.java:5)
	at io.michaelcane.Calculator.&lt;init&gt;(Calculator.java:6)
	at io.michaelcane.Commands.&lt;init&gt;(Commands.java:5)
	at io.michaelcane.Calculator.&lt;init&gt;(Calculator.java:6)
	at io.michaelcane.Commands.&lt;init&gt;(Commands.java:5)
	at io.michaelcane.Calculator.&lt;init&gt;(Calculator.java:6)
	at io.michaelcane.Commands.&lt;init&gt;(Commands.java:5)
	at io.michaelcane.Calculator.&lt;init&gt;(Calculator.java:6)
	at io.michaelcane.Commands.&lt;init&gt;(Commands.java:5)
	at io.michaelcane.Calculator.&lt;init&gt;(Calculator.java:6)
	at io.michaelcane.Commands.&lt;init&gt;(Commands.java:5)
	at io.michaelcane.Calculator.&lt;init&gt;(Calculator.java:6)
	at io.michaelcane.Commands.&lt;init&gt;(Commands.java:5)
	at io.michaelcane.Calculator.&lt;init&gt;(Calculator.java:6)
	at io.michaelcane.Commands.&lt;init&gt;(Commands.java:5)
	at io.michaelcane.Calculator.&lt;init&gt;(Calculator.java:6)
	at io.michaelcane.Commands.&lt;init&gt;(Commands.java:5)
	at io.michaelcane.Calculator.&lt;init&gt;(Calculator.java:6)
	at io.michaelcane.Commands.&lt;init&gt;(Commands.java:5)
	at io.michaelcane.Calculator.&lt;init&gt;(Calculator.java:6)
	at io.michaelcane.Commands.&lt;init&gt;(Commands.java:5)
	at io.michaelcane.Calculator.&lt;init&gt;(Calculator.java:6)
	at io.michaelcane.Commands.&lt;init&gt;(Commands.java:5)
	at io.michaelcane.Calculator.&lt;init&gt;(Calculator.java:6)
	at io.michaelcane.Commands.&lt;init&gt;(Commands.java:5)
	at io.michaelcane.Calculator.&lt;init&gt;(Calculator.java:6)
	at io.michaelcane.Commands.&lt;init&gt;(Commands.java:5)
	at io.michaelcane.Calculator.&lt;init&gt;(Calculator.java:6)
	at io.michaelcane.Commands.&lt;init&gt;(Commands.java:5)
	at io.michaelcane.Calculator.&lt;init&gt;(Calculator.java:6)
	at io.michaelcane.Commands.&lt;init&gt;(Commands.java:5)
	at io.michaelcane.Calculator.&lt;init&gt;(Calculator.java:6)
	at io.michaelcane.Commands.&lt;init&gt;(Commands.java:5)
	at io.michaelcane.Calculator.&lt;init&gt;(Calculator.java:6)
	at io.michaelcane.Commands.&lt;init&gt;(Commands.java:5)
	at io.michaelcane.Calculator.&lt;init&gt;(Calculator.java:6)
	at io.michaelcane.Commands.&lt;init&gt;(Commands.java:5)
	at io.michaelcane.Calculator.&lt;init&gt;(Calculator.java:6)
	at io.michaelcane.Commands.&lt;init&gt;(Commands.java:5)
	at io.michaelcane.Calculator.&lt;init&gt;(Calculator.java:6)
	at io.michaelcane.Commands.&lt;init&gt;(Commands.java:5)
	at io.michaelcane.Calculator.&lt;init&gt;(Calculator.java:6)
	at io.michaelcane.Commands.&lt;init&gt;(Commands.java:5)
	at io.michaelcane.Calculator.&lt;init&gt;(Calculator.java:6)
	at io.michaelcane.Commands.&lt;init&gt;(Commands.java:5)
	at io.michaelcane.Calculator.&lt;init&gt;(Calculator.java:6)
	at io.michaelcane.Commands.&lt;init&gt;(Commands.java:5)
	at io.michaelcane.Calculator.&lt;init&gt;(Calculator.java:6)
	at io.michaelcane.Commands.&lt;init&gt;(Commands.java:5)
	at io.michaelcane.Calculator.&lt;init&gt;(Calculator.java:6)
	at io.michaelcane.Commands.&lt;init&gt;(Commands.java:5)
	at io.michaelcane.Calculator.&lt;init&gt;(Calculator.java:6)
	at io.michaelcane.Commands.&lt;init&gt;(Commands.java:5)
	at io.michaelcane.Calculator.&lt;init&gt;(Calculator.java:6)
	at io.michaelcane.Commands.&lt;init&gt;(Commands.java:5)
	at io.michaelcane.Calculator.&lt;init&gt;(Calculator.java:6)
	at io.michaelcane.Commands.&lt;init&gt;(Commands.java:5)
	at io.michaelcane.Calculator.&lt;init&gt;(Calculator.java:6)
	at io.michaelcane.Commands.&lt;init&gt;(Commands.java:5)
	at io.michaelcane.Calculator.&lt;init&gt;(Calculator.java:6)
	at io.michaelcane.Commands.&lt;init&gt;(Commands.java:5)
	at io.michaelcane.Calculator.&lt;init&gt;(Calculator.java:6)
	at io.michaelcane.Commands.&lt;init&gt;(Commands.java:5)
	at io.michaelcane.Calculator.&lt;init&gt;(Calculator.java:6)
	at io.michaelcane.Commands.&lt;init&gt;(Commands.java:5)
	at io.michaelcane.Calculator.&lt;init&gt;(Calculator.java:6)
	at io.michaelcane.Commands.&lt;init&gt;(Commands.java:5)
	at io.michaelcane.Calculator.&lt;init&gt;(Calculator.java:6)
	at io.michaelcane.Commands.&lt;init&gt;(Commands.java:5)
	at io.michaelcane.Calculator.&lt;init&gt;(Calculator.java:6)
	at io.michaelcane.Commands.&lt;init&gt;(Commands.java:5)
	at io.michaelcane.Calculator.&lt;init&gt;(Calculator.java:6)
	at io.michaelcane.Commands.&lt;init&gt;(Commands.java:5)
	at io.michaelcane.Calculator.&lt;init&gt;(Calculator.java:6)
	at io.michaelcane.Commands.&lt;init&gt;(Commands.java:5)
	at io.michaelcane.Calculator.&lt;init&gt;(Calculator.java:6)
	at io.michaelcane.Commands.&lt;init&gt;(Commands.java:5)
	at io.michaelcane.Calculator.&lt;init&gt;(Calculator.java:6)
	at io.michaelcane.Commands.&lt;init&gt;(Commands.java:5)
	at io.michaelcane.Calculator.&lt;init&gt;(Calculator.java:6)
	at io.michaelcane.Commands.&lt;init&gt;(Commands.java:5)
	at io.michaelcane.Calculator.&lt;init&gt;(Calculator.java:6)
	at io.michaelcane.Commands.&lt;init&gt;(Commands.java:5)
	at io.michaelcane.Calculator.&lt;init&gt;(Calculator.java:6)
	at io.michaelcane.Commands.&lt;init&gt;(Commands.java:5)
	at io.michaelcane.Calculator.&lt;init&gt;(Calculator.java:6)
	at io.michaelcane.Commands.&lt;init&gt;(Commands.java:5)
	at io.michaelcane.Calculator.&lt;init&gt;(Calculator.java:6)
	at io.michaelcane.Commands.&lt;init&gt;(Commands.java:5)
	at io.michaelcane.Calculator.&lt;init&gt;(Calculator.java:6)
	at io.michaelcane.Commands.&lt;init&gt;(Commands.java:5)
	at io.michaelcane.Calculator.&lt;init&gt;(Calculator.java:6)
	at io.michaelcane.Commands.&lt;init&gt;(Commands.java:5)
	at io.michaelcane.Calculator.&lt;init&gt;(Calculator.java:6)
	at io.michaelcane.Commands.&lt;init&gt;(Commands.java:5)
	at io.michaelcane.Calculator.&lt;init&gt;(Calculator.java:6)
	at io.michaelcane.Commands.&lt;init&gt;(Commands.java:5)
	at io.michaelcane.Calculator.&lt;init&gt;(Calculator.java:6)
	at io.michaelcane.Commands.&lt;init&gt;(Commands.java:5)
	at io.michaelcane.Calculator.&lt;init&gt;(Calculator.java:6)
	at io.michaelcane.Commands.&lt;init&gt;(Commands.java:5)
	at io.michaelcane.Calculator.&lt;init&gt;(Calculator.java:6)
	at io.michaelcane.Commands.&lt;init&gt;(Commands.java:5)
	at io.michaelcane.Calculator.&lt;init&gt;(Calculator.java:6)
	at io.michaelcane.Commands.&lt;init&gt;(Commands.java:5)
	at io.michaelcane.Calculator.&lt;init&gt;(Calculator.java:6)
	at io.michaelcane.Commands.&lt;init&gt;(Commands.java:5)
	at io.michaelcane.Calculator.&lt;init&gt;(Calculator.java:6)
	at io.michaelcane.Commands.&lt;init&gt;(Commands.java:5)
	at io.michaelcane.Calculator.&lt;init&gt;(Calculator.java:6)
	at io.michaelcane.Commands.&lt;init&gt;(Commands.java:5)
	at io.michaelcane.Calculator.&lt;init&gt;(Calculator.java:6)
	at io.michaelcane.Commands.&lt;init&gt;(Commands.java:5)
	at io.michaelcane.Calculator.&lt;init&gt;(Calculator.java:6)
	at io.michaelcane.Commands.&lt;init&gt;(Commands.java:5)
	at io.michaelcane.Calculator.&lt;init&gt;(Calculator.java:6)
	at io.michaelcane.Commands.&lt;init&gt;(Commands.java:5)
	at io.michaelcane.Calculator.&lt;init&gt;(Calculator.java:6)
	at io.michaelcane.Commands.&lt;init&gt;(Commands.java:5)
	at io.michaelcane.Calculator.&lt;init&gt;(Calculator.java:6)
	at io.michaelcane.Commands.&lt;init&gt;(Commands.java:5)
	at io.michaelcane.Calculator.&lt;init&gt;(Calculator.java:6)
	at io.michaelcane.Commands.&lt;init&gt;(Commands.java:5)
	at io.michaelcane.Calculator.&lt;init&gt;(Calculator.java:6)
	at io.michaelcane.Commands.&lt;init&gt;(Commands.java:5)
	at io.michaelcane.Calculator.&lt;init&gt;(Calculator.java:6)
	at io.michaelcane.Commands.&lt;init&gt;(Commands.java:5)
	at io.michaelcane.Calculator.&lt;init&gt;(Calculator.java:6)
	at io.michaelcane.Commands.&lt;init&gt;(Commands.java:5)
	at io.michaelcane.Calculator.&lt;init&gt;(Calculator.java:6)
	at io.michaelcane.Commands.&lt;init&gt;(Commands.java:5)
	at io.michaelcane.Calculator.&lt;init&gt;(Calculator.java:6)
	at io.michaelcane.Commands.&lt;init&gt;(Commands.java:5)
	at io.michaelcane.Calculator.&lt;init&gt;(Calculator.java:6)
	at io.michaelcane.Commands.&lt;init&gt;(Commands.java:5)
	at io.michaelcane.Calculator.&lt;init&gt;(Calculator.java:6)
	at io.michaelcane.Commands.&lt;init&gt;(Commands.java:5)
	at io.michaelcane.Calculator.&lt;init&gt;(Calculator.java:6)
	at io.michaelcane.Commands.&lt;init&gt;(Commands.java:5)
	at io.michaelcane.Calculator.&lt;init&gt;(Calculator.java:6)
	at io.michaelcane.Commands.&lt;init&gt;(Commands.java:5)
	at io.michaelcane.Calculator.&lt;init&gt;(Calculator.java:6)
	at io.michaelcane.Commands.&lt;init&gt;(Commands.java:5)
	at io.michaelcane.Calculator.&lt;init&gt;(Calculator.java:6)
	at io.michaelcane.Commands.&lt;init&gt;(Commands.java:5)
	at io.michaelcane.Calculator.&lt;init&gt;(Calculator.java:6)
	at io.michaelcane.Commands.&lt;init&gt;(Commands.java:5)
	at io.michaelcane.Calculator.&lt;init&gt;(Calculator.java:6)
	at io.michaelcane.Commands.&lt;init&gt;(Commands.java:5)
	at io.michaelcane.Calculator.&lt;init&gt;(Calculator.java:6)
	at io.michaelcane.Commands.&lt;init&gt;(Commands.java:5)
	at io.michaelcane.Calculator.&lt;init&gt;(Calculator.java:6)
	at io.michaelcane.Commands.&lt;init&gt;(Commands.java:5)
	at io.michaelcane.Calculator.&lt;init&gt;(Calculator.java:6)
	at io.michaelcane.Commands.&lt;init&gt;(Commands.java:5)
	at io.michaelcane.Calculator.&lt;init&gt;(Calculator.java:6)
	at io.michaelcane.Commands.&lt;init&gt;(Commands.java:5)
	at io.michaelcane.Calculator.&lt;init&gt;(Calculator.java:6)
	at io.michaelcane.Commands.&lt;init&gt;(Commands.java:5)
	at io.michaelcane.Calculator.&lt;init&gt;(Calculator.java:6)
	at io.michaelcane.Commands.&lt;init&gt;(Commands.java:5)
	at io.michaelcane.Calculator.&lt;init&gt;(Calculator.java:6)
	at io.michaelcane.Commands.&lt;init&gt;(Commands.java:5)
	at io.michaelcane.Calculator.&lt;init&gt;(Calculator.java:6)
	at io.michaelcane.Commands.&lt;init&gt;(Commands.java:5)
	at io.michaelcane.Calculator.&lt;init&gt;(Calculator.java:6)
	at io.michaelcane.Commands.&lt;init&gt;(Commands.java:5)
	at io.michaelcane.Calculator.&lt;init&gt;(Calculator.java:6)
	at io.michaelcane.Commands.&lt;init&gt;(Commands.java:5)
	at io.michaelcane.Calculator.&lt;init&gt;(Calculator.java:6)
	at io.michaelcane.Commands.&lt;init&gt;(Commands.java:5)
	at io.michaelcane.Calculator.&lt;init&gt;(Calculator.java:6)
	at io.michaelcane.Commands.&lt;init&gt;(Commands.java:5)
	at io.michaelcane.Calculator.&lt;init&gt;(Calculator.java:6)
	at io.michaelcane.Commands.&lt;init&gt;(Commands.java:5)
	at io.michaelcane.Calculator.&lt;init&gt;(Calculator.java:6)
	at io.michaelcane.Commands.&lt;init&gt;(Commands.java:5)
	at io.michaelcane.Calculator.&lt;init&gt;(Calculator.java:6)
	at io.michaelcane.Commands.&lt;init&gt;(Commands.java:5)
	at io.michaelcane.Calculator.&lt;init&gt;(Calculator.java:6)
	at io.michaelcane.Commands.&lt;init&gt;(Commands.java:5)
	at io.michaelcane.Calculator.&lt;init&gt;(Calculator.java:6)
	at io.michaelcane.Commands.&lt;init&gt;(Commands.java:5)
	at io.michaelcane.Calculator.&lt;init&gt;(Calculator.java:6)
	at io.michaelcane.Commands.&lt;init&gt;(Commands.java:5)
	at io.michaelcane.Calculator.&lt;init&gt;(Calculator.java:6)
	at io.michaelcane.Commands.&lt;init&gt;(Commands.java:5)
	at io.michaelcane.Calculator.&lt;init&gt;(Calculator.java:6)
	at io.michaelcane.Commands.&lt;init&gt;(Commands.java:5)
	at io.michaelcane.Calculator.&lt;init&gt;(Calculator.java:6)
	at io.michaelcane.Commands.&lt;init&gt;(Commands.java:5)
	at io.michaelcane.Calculator.&lt;init&gt;(Calculator.java:6)
	at io.michaelcane.Commands.&lt;init&gt;(Commands.java:5)
	at io.michaelcane.Calculator.&lt;init&gt;(Calculator.java:6)
	at io.michaelcane.Commands.&lt;init&gt;(Commands.java:5)
	at io.michaelcane.Calculator.&lt;init&gt;(Calculator.java:6)
	at io.michaelcane.Commands.&lt;init&gt;(Commands.java:5)
	at io.michaelcane.Calculator.&lt;init&gt;(Calculator.java:6)
	at io.michaelcane.Commands.&lt;init&gt;(Commands.java:5)
	at io.michaelcane.Calculator.&lt;init&gt;(Calculator.java:6)
	at io.michaelcane.Commands.&lt;init&gt;(Commands.java:5)
	at io.michaelcane.Calculator.&lt;init&gt;(Calculator.java:6)
	at io.michaelcane.Commands.&lt;init&gt;(Commands.java:5)
	at io.michaelcane.Calculator.&lt;init&gt;(Calculator.java:6)
	at io.michaelcane.Commands.&lt;init&gt;(Commands.java:5)
	at io.michaelcane.Calculator.&lt;init&gt;(Calculator.java:6)
	at io.michaelcane.Commands.&lt;init&gt;(Commands.java:5)
	at io.michaelcane.Calculator.&lt;init&gt;(Calculator.java:6)
	at io.michaelcane.Commands.&lt;init&gt;(Commands.java:5)
	at io.michaelcane.Calculator.&lt;init&gt;(Calculator.java:6)
	at io.michaelcane.Commands.&lt;init&gt;(Commands.java:5)
	at io.michaelcane.Calculator.&lt;init&gt;(Calculator.java:6)
	at io.michaelcane.Commands.&lt;init&gt;(Commands.java:5)
	at io.michaelcane.Calculator.&lt;init&gt;(Calculator.java:6)
	at io.michaelcane.Commands.&lt;init&gt;(Commands.java:5)
	at io.michaelcane.Calculator.&lt;init&gt;(Calculator.java:6)
	at io.michaelcane.Commands.&lt;init&gt;(Commands.java:5)
	at io.michaelcane.Calculator.&lt;init&gt;(Calculator.java:6)
	at io.michaelcane.Commands.&lt;init&gt;(Commands.java:5)
	at io.michaelcane.Calculator.&lt;init&gt;(Calculator.java:6)
	at io.michaelcane.Commands.&lt;init&gt;(Commands.java:5)
	at io.michaelcane.Calculator.&lt;init&gt;(Calculator.java:6)
	at io.michaelcane.Commands.&lt;init&gt;(Commands.java:5)
	at io.michaelcane.Calculator.&lt;init&gt;(Calculator.java:6)
	at io.michaelcane.Commands.&lt;init&gt;(Commands.java:5)
	at io.michaelcane.Calculator.&lt;init&gt;(Calculator.java:6)
	at io.michaelcane.Commands.&lt;init&gt;(Commands.java:5)
	at io.michaelcane.Calculator.&lt;init&gt;(Calculator.java:6)
	at io.michaelcane.Commands.&lt;init&gt;(Commands.java:5)
	at io.michaelcane.Calculator.&lt;init&gt;(Calculator.java:6)
	at io.michaelcane.Commands.&lt;init&gt;(Commands.java:5)
	at io.michaelcane.Calculator.&lt;init&gt;(Calculator.java:6)
	at io.michaelcane.Commands.&lt;init&gt;(Commands.java:5)
	at io.michaelcane.Calculator.&lt;init&gt;(Calculator.java:6)
	at io.michaelcane.Commands.&lt;init&gt;(Commands.java:5)
	at io.michaelcane.Calculator.&lt;init&gt;(Calculator.java:6)
	at io.michaelcane.Commands.&lt;init&gt;(Commands.java:5)
	at io.michaelcane.Calculator.&lt;init&gt;(Calculator.java:6)
	at io.michaelcane.Commands.&lt;init&gt;(Commands.java:5)
	at io.michaelcane.Calculator.&lt;init&gt;(Calculator.java:6)
	at io.michaelcane.Commands.&lt;init&gt;(Commands.java:5)
	at io.michaelcane.Calculator.&lt;init&gt;(Calculator.java:6)
	at io.michaelcane.Commands.&lt;init&gt;(Commands.java:5)
	at io.michaelcane.Calculator.&lt;init&gt;(Calculator.java:6)
	at io.michaelcane.Commands.&lt;init&gt;(Commands.java:5)
	at io.michaelcane.Calculator.&lt;init&gt;(Calculator.java:6)
	at io.michaelcane.Commands.&lt;init&gt;(Commands.java:5)
	at io.michaelcane.Calculator.&lt;init&gt;(Calculator.java:6)
	at io.michaelcane.Commands.&lt;init&gt;(Commands.java:5)
	at io.michaelcane.Calculator.&lt;init&gt;(Calculator.java:6)
	at io.michaelcane.Commands.&lt;init&gt;(Commands.java:5)
	at io.michaelcane.Calculator.&lt;init&gt;(Calculator.java:6)
	at io.michaelcane.Commands.&lt;init&gt;(Commands.java:5)
	at io.michaelcane.Calculator.&lt;init&gt;(Calculator.java:6)
	at io.michaelcane.Commands.&lt;init&gt;(Commands.java:5)
	at io.michaelcane.Calculator.&lt;init&gt;(Calculator.java:6)
	at io.michaelcane.Commands.&lt;init&gt;(Commands.java:5)
	at io.michaelcane.Calculator.&lt;init&gt;(Calculator.java:6)
	at io.michaelcane.Commands.&lt;init&gt;(Commands.java:5)
	at io.michaelcane.Calculator.&lt;init&gt;(Calculator.java:6)
	at io.michaelcane.Commands.&lt;init&gt;(Commands.java:5)
	at io.michaelcane.Calculator.&lt;init&gt;(Calculator.java:6)
	at io.michaelcane.Commands.&lt;init&gt;(Commands.java:5)
	at io.michaelcane.Calculator.&lt;init&gt;(Calculator.java:6)
	at io.michaelcane.Commands.&lt;init&gt;(Commands.java:5)
	at io.michaelcane.Calculator.&lt;init&gt;(Calculator.java:6)
	at io.michaelcane.Commands.&lt;init&gt;(Commands.java:5)
	at io.michaelcane.Calculator.&lt;init&gt;(Calculator.java:6)
	at io.michaelcane.Commands.&lt;init&gt;(Commands.java:5)
	at io.michaelcane.Calculator.&lt;init&gt;(Calculator.java:6)
	at io.michaelcane.Commands.&lt;init&gt;(Commands.java:5)
	at io.michaelcane.Calculator.&lt;init&gt;(Calculator.java:6)
	at io.michaelcane.Commands.&lt;init&gt;(Commands.java:5)
	at io.michaelcane.Calculator.&lt;init&gt;(Calculator.java:6)
	at io.michaelcane.Commands.&lt;init&gt;(Commands.java:5)
	at io.michaelcane.Calculator.&lt;init&gt;(Calculator.java:6)
	at io.michaelcane.Commands.&lt;init&gt;(Commands.java:5)
	at io.michaelcane.Calculator.&lt;init&gt;(Calculator.java:6)
	at io.michaelcane.Commands.&lt;init&gt;(Commands.java:5)
	at io.michaelcane.Calculator.&lt;init&gt;(Calculator.java:6)
	at io.michaelcane.Commands.&lt;init&gt;(Commands.java:5)
	at io.michaelcane.Calculator.&lt;init&gt;(Calculator.java:6)
	at io.michaelcane.Commands.&lt;init&gt;(Commands.java:5)
	at io.michaelcane.Calculator.&lt;init&gt;(Calculator.java:6)
	at io.michaelcane.Commands.&lt;init&gt;(Commands.java:5)
	at io.michaelcane.Calculator.&lt;init&gt;(Calculator.java:6)
	at io.michaelcane.Commands.&lt;init&gt;(Commands.java:5)
	at io.michaelcane.Calculator.&lt;init&gt;(Calculator.java:6)
	at io.michaelcane.Commands.&lt;init&gt;(Commands.java:5)
	at io.michaelcane.Calculator.&lt;init&gt;(Calculator.java:6)
	at io.michaelcane.Commands.&lt;init&gt;(Commands.java:5)
	at io.michaelcane.Calculator.&lt;init&gt;(Calculator.java:6)
	at io.michaelcane.Commands.&lt;init&gt;(Commands.java:5)
	at io.michaelcane.Calculator.&lt;init&gt;(Calculator.java:6)
	at io.michaelcane.Commands.&lt;init&gt;(Commands.java:5)
	at io.michaelcane.Calculator.&lt;init&gt;(Calculator.java:6)
	at io.michaelcane.Commands.&lt;init&gt;(Commands.java:5)
	at io.michaelcane.Calculator.&lt;init&gt;(Calculator.java:6)
	at io.michaelcane.Commands.&lt;init&gt;(Commands.java:5)
	at io.michaelcane.Calculator.&lt;init&gt;(Calculator.java:6)
	at io.michaelcane.Commands.&lt;init&gt;(Commands.java:5)
	at io.michaelcane.Calculator.&lt;init&gt;(Calculator.java:6)
	at io.michaelcane.Commands.&lt;init&gt;(Commands.java:5)
	at io.michaelcane.Calculator.&lt;init&gt;(Calculator.java:6)
	at io.michaelcane.Commands.&lt;init&gt;(Commands.java:5)
	at io.michaelcane.Calculator.&lt;init&gt;(Calculator.java:6)
	at io.michaelcane.Commands.&lt;init&gt;(Commands.java:5)
	at io.michaelcane.Calculator.&lt;init&gt;(Calculator.java:6)
	at io.michaelcane.Commands.&lt;init&gt;(Commands.java:5)
	at io.michaelcane.Calculator.&lt;init&gt;(Calculator.java:6)
	at io.michaelcane.Commands.&lt;init&gt;(Commands.java:5)
	at io.michaelcane.Calculator.&lt;init&gt;(Calculator.java:6)
	at io.michaelcane.Commands.&lt;init&gt;(Commands.java:5)
	at io.michaelcane.Calculator.&lt;init&gt;(Calculator.java:6)
	at io.michaelcane.Commands.&lt;init&gt;(Commands.java:5)
	at io.michaelcane.Calculator.&lt;init&gt;(Calculator.java:6)
	at io.michaelcane.Commands.&lt;init&gt;(Commands.java:5)
	at io.michaelcane.Calculator.&lt;init&gt;(Calculator.java:6)
	at io.michaelcane.Commands.&lt;init&gt;(Commands.java:5)
	at io.michaelcane.Calculator.&lt;init&gt;(Calculator.java:6)
	at io.michaelcane.Commands.&lt;init&gt;(Commands.java:5)
	at io.michaelcane.Calculator.&lt;init&gt;(Calculator.java:6)
	at io.michaelcane.Commands.&lt;init&gt;(Commands.java:5)
	at io.michaelcane.Calculator.&lt;init&gt;(Calculator.java:6)
	at io.michaelcane.Commands.&lt;init&gt;(Commands.java:5)
	at io.michaelcane.Calculator.&lt;init&gt;(Calculator.java:6)
	at io.michaelcane.Commands.&lt;init&gt;(Commands.java:5)
	at io.michaelcane.Calculator.&lt;init&gt;(Calculator.java:6)
	at io.michaelcane.Commands.&lt;init&gt;(Commands.java:5)
	at io.michaelcane.Calculator.&lt;init&gt;(Calculator.java:6)
	at io.michaelcane.Commands.&lt;init&gt;(Commands.java:5)
	at io.michaelcane.Calculator.&lt;init&gt;(Calculator.java:6)
	at io.michaelcane.Commands.&lt;init&gt;(Commands.java:5)
	at io.michaelcane.Calculator.&lt;init&gt;(Calculator.java:6)
	at io.michaelcane.Commands.&lt;init&gt;(Commands.java:5)
	at io.michaelcane.Calculator.&lt;init&gt;(Calculator.java:6)
	at io.michaelcane.Commands.&lt;init&gt;(Commands.java:5)
	at io.michaelcane.Calculator.&lt;init&gt;(Calculator.java:6)
	at io.michaelcane.Commands.&lt;init&gt;(Commands.java:5)
	at io.michaelcane.Calculator.&lt;init&gt;(Calculator.java:6)
	at io.michaelcane.Commands.&lt;init&gt;(Commands.java:5)
	at io.michaelcane.Calculator.&lt;init&gt;(Calculator.java:6)
	at io.michaelcane.Commands.&lt;init&gt;(Commands.java:5)
	at io.michaelcane.Calculator.&lt;init&gt;(Calculator.java:6)
	at io.michaelcane.Commands.&lt;init&gt;(Commands.java:5)
	at io.michaelcane.Calculator.&lt;init&gt;(Calculator.java:6)
	at io.michaelcane.Commands.&lt;init&gt;(Commands.java:5)
	at io.michaelcane.Calculator.&lt;init&gt;(Calculator.java:6)
	at io.michaelcane.Commands.&lt;init&gt;(Commands.java:5)
	at io.michaelcane.Calculator.&lt;init&gt;(Calculator.java:6)
	at io.michaelcane.Commands.&lt;init&gt;(Commands.java:5)
	at io.michaelcane.Calculator.&lt;init&gt;(Calculator.java:6)
	at io.michaelcane.Commands.&lt;init&gt;(Commands.java:5)
	at io.michaelcane.Calculator.&lt;init&gt;(Calculator.java:6)
	at io.michaelcane.Commands.&lt;init&gt;(Commands.java:5)
	at io.michaelcane.Calculator.&lt;init&gt;(Calculator.java:6)
	at io.michaelcane.Commands.&lt;init&gt;(Commands.java:5)
	at io.michaelcane.Calculator.&lt;init&gt;(Calculator.java:6)
	at io.michaelcane.Commands.&lt;init&gt;(Commands.java:5)
	at io.michaelcane.Calculator.&lt;init&gt;(Calculator.java:6)
	at io.michaelcane.Commands.&lt;init&gt;(Commands.java:5)
	at io.michaelcane.Calculator.&lt;init&gt;(Calculator.java:6)
	at io.michaelcane.Commands.&lt;init&gt;(Commands.java:5)
	at io.michaelcane.Calculator.&lt;init&gt;(Calculator.java:6)
	at io.michaelcane.Commands.&lt;init&gt;(Commands.java:5)
	at io.michaelcane.Calculator.&lt;init&gt;(Calculator.java:6)
	at io.michaelcane.Commands.&lt;init&gt;(Commands.java:5)
	at io.michaelcane.Calculator.&lt;init&gt;(Calculator.java:6)
	at io.michaelcane.Commands.&lt;init&gt;(Commands.java:5)
	at io.michaelcane.Calculator.&lt;init&gt;(Calculator.java:6)
	at io.michaelcane.Commands.&lt;init&gt;(Commands.java:5)
	at io.michaelcane.Calculator.&lt;init&gt;(Calculator.java:6)
	at io.michaelcane.Commands.&lt;init&gt;(Commands.java:5)
	at io.michaelcane.Calculator.&lt;init&gt;(Calculator.java:6)
	at io.michaelcane.Commands.&lt;init&gt;(Commands.java:5)
	at io.michaelcane.Calculator.&lt;init&gt;(Calculator.java:6)
	at io.michaelcane.Commands.&lt;init&gt;(Commands.java:5)
	at io.michaelcane.Calculator.&lt;init&gt;(Calculator.java:6)
	at io.michaelcane.Commands.&lt;init&gt;(Commands.java:5)
	at io.michaelcane.Calculator.&lt;init&gt;(Calculator.java:6)
	at io.michaelcane.Commands.&lt;init&gt;(Commands.java:5)
	at io.michaelcane.Calculator.&lt;init&gt;(Calculator.java:6)
	at io.michaelcane.Commands.&lt;init&gt;(Commands.java:5)
	at io.michaelcane.Calculator.&lt;init&gt;(Calculator.java:6)
	at io.michaelcane.Commands.&lt;init&gt;(Commands.java:5)
	at io.michaelcane.Calculator.&lt;init&gt;(Calculator.java:6)
	at io.michaelcane.Commands.&lt;init&gt;(Commands.java:5)
	at io.michaelcane.Calculator.&lt;init&gt;(Calculator.java:6)
	at io.michaelcane.Commands.&lt;init&gt;(Commands.java:5)
	at io.michaelcane.Calculator.&lt;init&gt;(Calculator.java:6)
	at io.michaelcane.Commands.&lt;init&gt;(Commands.java:5)
	at io.michaelcane.Calculator.&lt;init&gt;(Calculator.java:6)
	at io.michaelcane.Commands.&lt;init&gt;(Commands.java:5)
	at io.michaelcane.Calculator.&lt;init&gt;(Calculator.java:6)
	at io.michaelcane.Commands.&lt;init&gt;(Commands.java:5)
	at io.michaelcane.Calculator.&lt;init&gt;(Calculator.java:6)
	at io.michaelcane.Commands.&lt;init&gt;(Commands.java:5)
	at io.michaelcane.Calculator.&lt;init&gt;(Calculator.java:6)
	at io.michaelcane.Commands.&lt;init&gt;(Commands.java:5)
	at io.michaelcane.Calculator.&lt;init&gt;(Calculator.java:6)
	at io.michaelcane.Commands.&lt;init&gt;(Commands.java:5)
	at io.michaelcane.Calculator.&lt;init&gt;(Calculator.java:6)
	at io.michaelcane.Commands.&lt;init&gt;(Commands.java:5)
	at io.michaelcane.Calculator.&lt;init&gt;(Calculator.java:6)
	at io.michaelcane.Commands.&lt;init&gt;(Commands.java:5)
	at io.michaelcane.Calculator.&lt;init&gt;(Calculator.java:6)
	at io.michaelcane.Commands.&lt;init&gt;(Commands.java:5)
	at io.michaelcane.Calculator.&lt;init&gt;(Calculator.java:6)
	at io.michaelcane.Commands.&lt;init&gt;(Commands.java:5)
	at io.michaelcane.Calculator.&lt;init&gt;(Calculator.java:6)
	at io.michaelcane.Commands.&lt;init&gt;(Commands.java:5)
	at io.michaelcane.Calculator.&lt;init&gt;(Calculator.java:6)
	at io.michaelcane.Commands.&lt;init&gt;(Commands.java:5)
	at io.michaelcane.Calculator.&lt;init&gt;(Calculator.java:6)
	at io.michaelcane.Commands.&lt;init&gt;(Commands.java:5)
	at io.michaelcane.Calculator.&lt;init&gt;(Calculator.java:6)
	at io.michaelcane.Commands.&lt;init&gt;(Commands.java:5)
	at io.michaelcane.Calculator.&lt;init&gt;(Calculator.java:6)
	at io.michaelcane.Commands.&lt;init&gt;(Commands.java:5)
	at io.michaelcane.Calculator.&lt;init&gt;(Calculator.java:6)
	at io.michaelcane.Commands.&lt;init&gt;(Commands.java:5)
	at io.michaelcane.Calculator.&lt;init&gt;(Calculator.java:6)
	at io.michaelcane.Commands.&lt;init&gt;(Commands.java:5)
	at io.michaelcane.Calculator.&lt;init&gt;(Calculator.java:6)
	at io.michaelcane.Commands.&lt;init&gt;(Commands.java:5)
	at io.michaelcane.Calculator.&lt;init&gt;(Calculator.java:6)
	at io.michaelcane.Commands.&lt;init&gt;(Commands.java:5)
	at io.michaelcane.Calculator.&lt;init&gt;(Calculator.java:6)
	at io.michaelcane.Commands.&lt;init&gt;(Commands.java:5)
	at io.michaelcane.Calculator.&lt;init&gt;(Calculator.java:6)
	at io.michaelcane.Commands.&lt;init&gt;(Commands.java:5)
	at io.michaelcane.Calculator.&lt;init&gt;(Calculator.java:6)
	at io.michaelcane.Commands.&lt;init&gt;(Commands.java:5)
	at io.michaelcane.Calculator.&lt;init&gt;(Calculator.java:6)
	at io.michaelcane.Commands.&lt;init&gt;(Commands.java:5)
	at io.michaelcane.Calculator.&lt;init&gt;(Calculator.java:6)
	at io.michaelcane.Commands.&lt;init&gt;(Commands.java:5)
	at io.michaelcane.Calculator.&lt;init&gt;(Calculator.java:6)
	at io.michaelcane.Commands.&lt;init&gt;(Commands.java:5)
	at io.michaelcane.Calculator.&lt;init&gt;(Calculator.java:6)
	at io.michaelcane.Commands.&lt;init&gt;(Commands.java:5)
	at io.michaelcane.Calculator.&lt;init&gt;(Calculator.java:6)
	at io.michaelcane.Commands.&lt;init&gt;(Commands.java:5)
	at io.michaelcane.Calculator.&lt;init&gt;(Calculator.java:6)
	at io.michaelcane.Commands.&lt;init&gt;(Commands.java:5)
	at io.michaelcane.Calculator.&lt;init&gt;(Calculator.java:6)
	at io.michaelcane.Commands.&lt;init&gt;(Commands.java:5)
	at io.michaelcane.Calculator.&lt;init&gt;(Calculator.java:6)
	at io.michaelcane.Commands.&lt;init&gt;(Commands.java:5)
	at io.michaelcane.Calculator.&lt;init&gt;(Calculator.java:6)
	at io.michaelcane.Commands.&lt;init&gt;(Commands.java:5)
	at io.michaelcane.Calculator.&lt;init&gt;(Calculator.java:6)
	at io.michaelcane.Commands.&lt;init&gt;(Commands.java:5)
	at io.michaelcane.Calculator.&lt;init&gt;(Calculator.java:6)
	at io.michaelcane.Commands.&lt;init&gt;(Commands.java:5)
	at io.michaelcane.Calculator.&lt;init&gt;(Calculator.java:6)
	at io.michaelcane.Commands.&lt;init&gt;(Commands.java:5)
	at io.michaelcane.Calculator.&lt;init&gt;(Calculator.java:6)
	at io.michaelcane.Commands.&lt;init&gt;(Commands.java:5)
	at io.michaelcane.Calculator.&lt;init&gt;(Calculator.java:6)
	at io.michaelcane.Commands.&lt;init&gt;(Commands.java:5)
	at io.michaelcane.Calculator.&lt;init&gt;(Calculator.java:6)
	at io.michaelcane.Commands.&lt;init&gt;(Commands.java:5)
	at io.michaelcane.Calculator.&lt;init&gt;(Calculator.java:6)
	at io.michaelcane.Commands.&lt;init&gt;(Commands.java:5)
	at io.michaelcane.Calculator.&lt;init&gt;(Calculator.java:6)
	at io.michaelcane.Commands.&lt;init&gt;(Commands.java:5)
	at io.michaelcane.Calculator.&lt;init&gt;(Calculator.java:6)
	at io.michaelcane.Commands.&lt;init&gt;(Commands.java:5)
	at io.michaelcane.Calculator.&lt;init&gt;(Calculator.java:6)
	at io.michaelcane.Commands.&lt;init&gt;(Commands.java:5)
	at io.michaelcane.Calculator.&lt;init&gt;(Calculator.java:6)
	at io.michaelcane.Commands.&lt;init&gt;(Commands.java:5)
	at io.michaelcane.Calculator.&lt;init&gt;(Calculator.java:6)
	at io.michaelcane.Commands.&lt;init&gt;(Commands.java:5)
	at io.michaelcane.Calculator.&lt;init&gt;(Calculator.java:6)
	at io.michaelcane.Commands.&lt;init&gt;(Commands.java:5)
	at io.michaelcane.Calculator.&lt;init&gt;(Calculator.java:6)
	at io.michaelcane.Commands.&lt;init&gt;(Commands.java:5)
	at io.michaelcane.Calculator.&lt;init&gt;(Calculator.java:6)
	at io.michaelcane.Commands.&lt;init&gt;(Commands.java:5)
	at io.michaelcane.Calculator.&lt;init&gt;(Calculator.java:6)
	at io.michaelcane.Commands.&lt;init&gt;(Commands.java:5)
	at io.michaelcane.Calculator.&lt;init&gt;(Calculator.java:6)
	at io.michaelcane.Commands.&lt;init&gt;(Commands.java:5)
	at io.michaelcane.Calculator.&lt;init&gt;(Calculator.java:6)
	at io.michaelcane.Commands.&lt;init&gt;(Commands.java:5)
	at io.michaelcane.Calculator.&lt;init&gt;(Calculator.java:6)
	at io.michaelcane.Commands.&lt;init&gt;(Commands.java:5)
	at io.michaelcane.Calculator.&lt;init&gt;(Calculator.java:6)
	at io.michaelcane.Commands.&lt;init&gt;(Commands.java:5)
	at io.michaelcane.Calculator.&lt;init&gt;(Calculator.java:6)
	at io.michaelcane.Commands.&lt;init&gt;(Commands.java:5)
	at io.michaelcane.Calculator.&lt;init&gt;(Calculator.java:6)
	at io.michaelcane.Commands.&lt;init&gt;(Commands.java:5)
	at io.michaelcane.Calculator.&lt;init&gt;(Calculator.java:6)
	at io.michaelcane.Commands.&lt;init&gt;(Commands.java:5)
	at io.michaelcane.Calculator.&lt;init&gt;(Calculator.java:6)
	at io.michaelcane.Commands.&lt;init&gt;(Commands.java:5)
	at io.michaelcane.Calculator.&lt;init&gt;(Calculator.java:6)
	at io.michaelcane.Commands.&lt;init&gt;(Commands.java:5)
	at io.michaelcane.Calculator.&lt;init&gt;(Calculator.java:6)
	at io.michaelcane.Commands.&lt;init&gt;(Commands.java:5)
	at io.michaelcane.Calculator.&lt;init&gt;(Calculator.java:6)
	at io.michaelcane.Commands.&lt;init&gt;(Commands.java:5)
	at io.michaelcane.Calculator.&lt;init&gt;(Calculator.java:6)
	at io.michaelcane.Commands.&lt;init&gt;(Commands.java:5)
	at io.michaelcane.Calculator.&lt;init&gt;(Calculator.java:6)
	at io.michaelcane.Commands.&lt;init&gt;(Commands.java:5)
	at io.michaelcane.Calculator.&lt;init&gt;(Calculator.java:6)
	at io.michaelcane.Commands.&lt;init&gt;(Commands.java:5)
	at io.michaelcane.Calculator.&lt;init&gt;(Calculator.java:6)
	at io.michaelcane.Commands.&lt;init&gt;(Commands.java:5)
	at io.michaelcane.Calculator.&lt;init&gt;(Calculator.java:6)
	at io.michaelcane.Commands.&lt;init&gt;(Commands.java:5)
	at io.michaelcane.Calculator.&lt;init&gt;(Calculator.java:6)
	at io.michaelcane.Commands.&lt;init&gt;(Commands.java:5)
	at io.michaelcane.Calculator.&lt;init&gt;(Calculator.java:6)
	at io.michaelcane.Commands.&lt;init&gt;(Commands.java:5)
	at io.michaelcane.Calculator.&lt;init&gt;(Calculator.java:6)
	at io.michaelcane.Commands.&lt;init&gt;(Commands.java:5)
	at io.michaelcane.Calculator.&lt;init&gt;(Calculator.java:6)
	at io.michaelcane.Commands.&lt;init&gt;(Commands.java:5)
	at io.michaelcane.Calculator.&lt;init&gt;(Calculator.java:6)
	at io.michaelcane.Commands.&lt;init&gt;(Commands.java:5)
	at io.michaelcane.Calculator.&lt;init&gt;(Calculator.java:6)
	at io.michaelcane.Commands.&lt;init&gt;(Commands.java:5)
	at io.michaelcane.Calculator.&lt;init&gt;(Calculator.java:6)
	at io.michaelcane.Commands.&lt;init&gt;(Commands.java:5)
	at io.michaelcane.Calculator.&lt;init&gt;(Calculator.java:6)
	at io.michaelcane.Commands.&lt;init&gt;(Commands.java:5)
	at io.michaelcane.Calculator.&lt;init&gt;(Calculator.java:6)
	at io.michaelcane.Commands.&lt;init&gt;(Commands.java:5)
	at io.michaelcane.Calculator.&lt;init&gt;(Calculator.java:6)
	at io.michaelcane.Commands.&lt;init&gt;(Commands.java:5)
	at io.michaelcane.Calculator.&lt;init&gt;(Calculator.java:6)
	at io.michaelcane.Commands.&lt;init&gt;(Commands.java:5)
	at io.michaelcane.Calculator.&lt;init&gt;(Calculator.java:6)
	at io.michaelcane.Commands.&lt;init&gt;(Commands.java:5)
	at io.michaelcane.Calculator.&lt;init&gt;(Calculator.java:6)
	at io.michaelcane.Commands.&lt;init&gt;(Commands.java:5)
	at io.michaelcane.Calculator.&lt;init&gt;(Calculator.java:6)
	at io.michaelcane.Commands.&lt;init&gt;(Commands.java:5)
	at io.michaelcane.Calculator.&lt;init&gt;(Calculator.java:6)
	at io.michaelcane.Commands.&lt;init&gt;(Commands.java:5)
	at io.michaelcane.Calculator.&lt;init&gt;(Calculator.java:6)
	at io.michaelcane.Commands.&lt;init&gt;(Commands.java:5)
	at io.michaelcane.Calculator.&lt;init&gt;(Calculator.java:6)
	at io.michaelcane.Commands.&lt;init&gt;(Commands.java:5)
	at io.michaelcane.Calculator.&lt;init&gt;(Calculator.java:6)
	at io.michaelcane.Commands.&lt;init&gt;(Commands.java:5)
	at io.michaelcane.Calculator.&lt;init&gt;(Calculator.java:6)
	at io.michaelcane.Commands.&lt;init&gt;(Commands.java:5)
	at io.michaelcane.Calculator.&lt;init&gt;(Calculator.java:6)
	at io.michaelcane.Commands.&lt;init&gt;(Commands.java:5)
	at io.michaelcane.Calculator.&lt;init&gt;(Calculator.java:6)
	at io.michaelcane.Commands.&lt;init&gt;(Commands.java:5)
	at io.michaelcane.Calculator.&lt;init&gt;(Calculator.java:6)
	at io.michaelcane.Commands.&lt;init&gt;(Commands.java:5)
	at io.michaelcane.Calculator.&lt;init&gt;(Calculator.java:6)
	at io.michaelcane.Commands.&lt;init&gt;(Commands.java:5)
	at io.michaelcane.Calculator.&lt;init&gt;(Calculator.java:6)
	at io.michaelcane.Commands.&lt;init&gt;(Commands.java:5)
	at io.michaelcane.Calculator.&lt;init&gt;(Calculator.java:6)
	at io.michaelcane.Commands.&lt;init&gt;(Commands.java:5)
	at io.michaelcane.Calculator.&lt;init&gt;(Calculator.java:6)
	at io.michaelcane.Commands.&lt;init&gt;(Commands.java:5)
	at io.michaelcane.Calculator.&lt;init&gt;(Calculator.java:6)
	at io.michaelcane.Commands.&lt;init&gt;(Commands.java:5)
	at io.michaelcane.Calculator.&lt;init&gt;(Calculator.java:6)
	at io.michaelcane.Commands.&lt;init&gt;(Commands.java:5)
	at io.michaelcane.Calculator.&lt;init&gt;(Calculator.java:6)
	at io.michaelcane.Commands.&lt;init&gt;(Commands.java:5)
	at io.michaelcane.Calculator.&lt;init&gt;(Calculator.java:6)
	at io.michaelcane.Commands.&lt;init&gt;(Commands.java:5)
	at io.michaelcane.Calculator.&lt;init&gt;(Calculator.java:6)
	at io.michaelcane.Commands.&lt;init&gt;(Commands.java:5)
	at io.michaelcane.Calculator.&lt;init&gt;(Calculator.java:6)
	at io.michaelcane.Commands.&lt;init&gt;(Commands.java:5)
	at io.michaelcane.Calculator.&lt;init&gt;(Calculator.java:6)
	at io.michaelcane.Commands.&lt;init&gt;(Commands.java:5)
	at io.michaelcane.Calculator.&lt;init&gt;(Calculator.java:6)
	at io.michaelcane.Commands.&lt;init&gt;(Commands.java:5)
	at io.michaelcane.Calculator.&lt;init&gt;(Calculator.java:6)
	at io.michaelcane.Commands.&lt;init&gt;(Commands.java:5)
	at io.michaelcane.Calculator.&lt;init&gt;(Calculator.java:6)
	at io.michaelcane.Commands.&lt;init&gt;(Commands.java:5)
	at io.michaelcane.Calculator.&lt;init&gt;(Calculator.java:6)
	at io.michaelcane.Commands.&lt;init&gt;(Commands.java:5)
	at io.michaelcane.Calculator.&lt;init&gt;(Calculator.java:6)
	at io.michaelcane.Commands.&lt;init&gt;(Commands.java:5)
	at io.michaelcane.Calculator.&lt;init&gt;(Calculator.java:6)
	at io.michaelcane.Commands.&lt;init&gt;(Commands.java:5)
	at io.michaelcane.Calculator.&lt;init&gt;(Calculator.java:6)
	at io.michaelcane.Commands.&lt;init&gt;(Commands.java:5)
	at io.michaelcane.Calculator.&lt;init&gt;(Calculator.java:6)
	at io.michaelcane.Commands.&lt;init&gt;(Commands.java:5)
	at io.michaelcane.Calculator.&lt;init&gt;(Calculator.java:6)
	at io.michaelcane.Commands.&lt;init&gt;(Commands.java:5)
	at io.michaelcane.Calculator.&lt;init&gt;(Calculator.java:6)
	at io.michaelcane.Commands.&lt;init&gt;(Commands.java:5)
	at io.michaelcane.Calculator.&lt;init&gt;(Calculator.java:6)
	at io.michaelcane.Commands.&lt;init&gt;(Commands.java:5)
	at io.michaelcane.Calculator.&lt;init&gt;(Calculator.java:6)
	at io.michaelcane.Commands.&lt;init&gt;(Commands.java:5)
	at io.michaelcane.Calculator.&lt;init&gt;(Calculator.java:6)
	at io.michaelcane.Commands.&lt;init&gt;(Commands.java:5)
	at io.michaelcane.Calculator.&lt;init&gt;(Calculator.java:6)
	at io.michaelcane.Commands.&lt;init&gt;(Commands.java:5)
	at io.michaelcane.Calculator.&lt;init&gt;(Calculator.java:6)
	at io.michaelcane.Commands.&lt;init&gt;(Commands.java:5)
	at io.michaelcane.Calculator.&lt;init&gt;(Calculator.java:6)
	at io.michaelcane.Commands.&lt;init&gt;(Commands.java:5)
	at io.michaelcane.Calculator.&lt;init&gt;(Calculator.java:6)
	at io.michaelcane.Commands.&lt;init&gt;(Commands.java:5)
	at io.michaelcane.Calculator.&lt;init&gt;(Calculator.java:6)
	at io.michaelcane.Commands.&lt;init&gt;(Commands.java:5)
	at io.michaelcane.Calculator.&lt;init&gt;(Calculator.java:6)
	at io.michaelcane.Commands.&lt;init&gt;(Commands.java:5)
	at io.michaelcane.Calculator.&lt;init&gt;(Calculator.java:6)
	at io.michaelcane.Commands.&lt;init&gt;(Commands.java:5)
	at io.michaelcane.Calculator.&lt;init&gt;(Calculator.java:6)
	at io.michaelcane.Commands.&lt;init&gt;(Commands.java:5)
	at io.michaelcane.Calculator.&lt;init&gt;(Calculator.java:6)
	at io.michaelcane.Commands.&lt;init&gt;(Commands.java:5)
	at io.michaelcane.Calculator.&lt;init&gt;(Calculator.java:6)
	at io.michaelcane.Commands.&lt;init&gt;(Commands.java:5)
	at io.michaelcane.Calculator.&lt;init&gt;(Calculator.java:6)
	at io.michaelcane.Commands.&lt;init&gt;(Commands.java:5)
	at io.michaelcane.Calculator.&lt;init&gt;(Calculator.java:6)
	at io.michaelcane.Commands.&lt;init&gt;(Commands.java:5)
	at io.michaelcane.Calculator.&lt;init&gt;(Calculator.java:6)
	at io.michaelcane.Commands.&lt;init&gt;(Commands.java:5)
	at io.michaelcane.Calculator.&lt;init&gt;(Calculator.java:6)
	at io.michaelcane.Commands.&lt;init&gt;(Commands.java:5)
	at io.michaelcane.Calculator.&lt;init&gt;(Calculator.java:6)
	at io.michaelcane.Commands.&lt;init&gt;(Commands.java:5)
	at io.michaelcane.Calculator.&lt;init&gt;(Calculator.java:6)
	at io.michaelcane.Commands.&lt;init&gt;(Commands.java:5)
	at io.michaelcane.Calculator.&lt;init&gt;(Calculator.java:6)
	at io.michaelcane.Commands.&lt;init&gt;(Commands.java:5)
	at io.michaelcane.Calculator.&lt;init&gt;(Calculator.java:6)
	at io.michaelcane.Commands.&lt;init&gt;(Commands.java:5)
	at io.michaelcane.Calculator.&lt;init&gt;(Calculator.java:6)
	at io.michaelcane.Commands.&lt;init&gt;(Commands.java:5)
	at io.michaelcane.Calculator.&lt;init&gt;(Calculator.java:6)
	at io.michaelcane.Commands.&lt;init&gt;(Commands.java:5)
	at io.michaelcane.Calculator.&lt;init&gt;(Calculator.java:6)
	at io.michaelcane.Commands.&lt;init&gt;(Commands.java:5)
	at io.michaelcane.Calculator.&lt;init&gt;(Calculator.java:6)
	at io.michaelcane.Commands.&lt;init&gt;(Commands.java:5)
	at io.michaelcane.Calculator.&lt;init&gt;(Calculator.java:6)
	at io.michaelcane.Commands.&lt;init&gt;(Commands.java:5)
	at io.michaelcane.Calculator.&lt;init&gt;(Calculator.java:6)
	at io.michaelcane.Commands.&lt;init&gt;(Commands.java:5)
	at io.michaelcane.Calculator.&lt;init&gt;(Calculator.java:6)
	at io.michaelcane.Commands.&lt;init&gt;(Commands.java:5)
	at io.michaelcane.Calculator.&lt;init&gt;(Calculator.java:6)
	at io.michaelcane.Commands.&lt;init&gt;(Commands.java:5)
	at io.michaelcane.Calculator.&lt;init&gt;(Calculator.java:6)
	at io.michaelcane.Commands.&lt;init&gt;(Commands.java:5)
	at io.michaelcane.Calculator.&lt;init&gt;(Calculator.java:6)
	at io.michaelcane.Commands.&lt;init&gt;(Commands.java:5)
	at io.michaelcane.Calculator.&lt;init&gt;(Calculator.java:6)
	at io.michaelcane.Commands.&lt;init&gt;(Commands.java:5)
	at io.michaelcane.Calculator.&lt;init&gt;(Calculator.java:6)
	at io.michaelcane.Commands.&lt;init&gt;(Commands.java:5)
	at io.michaelcane.Calculator.&lt;init&gt;(Calculator.java:6)
	at io.michaelcane.Commands.&lt;init&gt;(Commands.java:5)
	at io.michaelcane.Calculator.&lt;init&gt;(Calculator.java:6)
	at io.michaelcane.Commands.&lt;init&gt;(Commands.java:5)
	at io.michaelcane.Calculator.&lt;init&gt;(Calculator.java:6)
	at io.michaelcane.Commands.&lt;init&gt;(Commands.java:5)
	at io.michaelcane.Calculator.&lt;init&gt;(Calculator.java:6)
	at io.michaelcane.Commands.&lt;init&gt;(Commands.java:5)
	at io.michaelcane.Calculator.&lt;init&gt;(Calculator.java:6)
	at io.michaelcane.Commands.&lt;init&gt;(Commands.java:5)
	at io.michaelcane.Calculator.&lt;init&gt;(Calculator.java:6)
	at io.michaelcane.Commands.&lt;init&gt;(Commands.java:5)
	at io.michaelcane.Calculator.&lt;init&gt;(Calculator.java:6)
	at io.michaelcane.Commands.&lt;init&gt;(Commands.java:5)
	at io.michaelcane.Calculator.&lt;init&gt;(Calculator.java:6)
	at io.michaelcane.Commands.&lt;init&gt;(Commands.java:5)
	at io.michaelcane.Calculator.&lt;init&gt;(Calculator.java:6)
	at io.michaelcane.Commands.&lt;init&gt;(Commands.java:5)
	at io.michaelcane.Calculator.&lt;init&gt;(Calculator.java:6)
	at io.michaelcane.Commands.&lt;init&gt;(Commands.java:5)
	at io.michaelcane.Calculator.&lt;init&gt;(Calculator.java:6)
	at io.michaelcane.Commands.&lt;init&gt;(Commands.java:5)
	at io.michaelcane.Calculator.&lt;init&gt;(Calculator.java:6)
	at io.michaelcane.Commands.&lt;init&gt;(Commands.java:5)
	at io.michaelcane.Calculator.&lt;init&gt;(Calculator.java:6)
	at io.michaelcane.Commands.&lt;init&gt;(Commands.java:5)
	at io.michaelcane.Calculator.&lt;init&gt;(Calculator.java:6)
	at io.michaelcane.Commands.&lt;init&gt;(Commands.java:5)
	at io.michaelcane.Calculator.&lt;init&gt;(Calculator.java:6)
	at io.michaelcane.Commands.&lt;init&gt;(Commands.java:5)
	at io.michaelcane.Calculator.&lt;init&gt;(Calculator.java:6)
	at io.michaelcane.Commands.&lt;init&gt;(Commands.java:5)
	at io.michaelcane.Calculator.&lt;init&gt;(Calculator.java:6)
	at io.michaelcane.Commands.&lt;init&gt;(Commands.java:5)
	at io.michaelcane.Calculator.&lt;init&gt;(Calculator.java:6)
	at io.michaelcane.Commands.&lt;init&gt;(Commands.java:5)
	at io.michaelcane.Calculator.&lt;init&gt;(Calculator.java:6)
	at io.michaelcane.Commands.&lt;init&gt;(Commands.java:5)
	at io.michaelcane.Calculator.&lt;init&gt;(Calculator.java:6)
	at io.michaelcane.Commands.&lt;init&gt;(Commands.java:5)
	at io.michaelcane.Calculator.&lt;init&gt;(Calculator.java:6)
	at io.michaelcane.Commands.&lt;init&gt;(Commands.java:5)
	at io.michaelcane.Calculator.&lt;init&gt;(Calculator.java:6)
	at io.michaelcane.Commands.&lt;init&gt;(Commands.java:5)
	at io.michaelcane.Calculator.&lt;init&gt;(Calculator.java:6)
	at io.michaelcane.Commands.&lt;init&gt;(Commands.java:5)
	at io.michaelcane.Calculator.&lt;init&gt;(Calculator.java:6)
	at io.michaelcane.Commands.&lt;init&gt;(Commands.java:5)
	at io.michaelcane.Calculator.&lt;init&gt;(Calculator.java:6)
	at io.michaelcane.Commands.&lt;init&gt;(Commands.java:5)
	at io.michaelcane.Calculator.&lt;init&gt;(Calculator.java:6)
	at io.michaelcane.Commands.&lt;init&gt;(Commands.java:5)
	at io.michaelcane.Calculator.&lt;init&gt;(Calculator.java:6)
	at io.michaelcane.Commands.&lt;init&gt;(Commands.java:5)
	at io.michaelcane.Calculator.&lt;init&gt;(Calculator.java:6)
	at io.michaelcane.Commands.&lt;init&gt;(Commands.java:5)
	at io.michaelcane.Calculator.&lt;init&gt;(Calculator.java:6)
	at io.michaelcane.Commands.&lt;init&gt;(Commands.java:5)
	at io.michaelcane.Calculator.&lt;init&gt;(Calculator.java:6)
	at io.michaelcane.Commands.&lt;init&gt;(Commands.java:5)
	at io.michaelcane.Calculator.&lt;init&gt;(Calculator.java:6)
	at io.michaelcane.Commands.&lt;init&gt;(Commands.java:5)
	at io.michaelcane.Calculator.&lt;init&gt;(Calculator.java:6)
	at io.michaelcane.Commands.&lt;init&gt;(Commands.java:5)
	at io.michaelcane.Calculator.&lt;init&gt;(Calculator.java:6)
	at io.michaelcane.Commands.&lt;init&gt;(Commands.java:5)
	at io.michaelcane.Calculator.&lt;init&gt;(Calculator.java:6)
	at io.michaelcane.Commands.&lt;init&gt;(Commands.java:5)
	at io.michaelcane.Calculator.&lt;init&gt;(Calculator.java:6)
	at io.michaelcane.Commands.&lt;init&gt;(Commands.java:5)
	at io.michaelcane.Calculator.&lt;init&gt;(Calculator.java:6)
	at io.michaelcane.Commands.&lt;init&gt;(Commands.java:5)
	at io.michaelcane.Calculator.&lt;init&gt;(Calculator.java:6)
	at io.michaelcane.Commands.&lt;init&gt;(Commands.java:5)
	at io.michaelcane.Calculator.&lt;init&gt;(Calculator.java:6)
	at io.michaelcane.Commands.&lt;init&gt;(Commands.java:5)
	at io.michaelcane.Calculator.&lt;init&gt;(Calculator.java:6)
	at io.michaelcane.Commands.&lt;init&gt;(Commands.java:5)
	at io.michaelcane.Calculator.&lt;init&gt;(Calculator.java:6)
	at io.michaelcane.Commands.&lt;init&gt;(Commands.java:5)
	at io.michaelcane.Calculator.&lt;init&gt;(Calculator.java:6)
	at io.michaelcane.Commands.&lt;init&gt;(Commands.java:5)
	at io.michaelcane.Calculator.&lt;init&gt;(Calculator.java:6)
	at io.michaelcane.Commands.&lt;init&gt;(Commands.java:5)
	at io.michaelcane.Calculator.&lt;init&gt;(Calculator.java:6)
	at io.michaelcane.Commands.&lt;init&gt;(Commands.java:5)
	at io.michaelcane.Calculator.&lt;init&gt;(Calculator.java:6)
	at io.michaelcane.Commands.&lt;init&gt;(Commands.java:5)
	at io.michaelcane.Calculator.&lt;init&gt;(Calculator.java:6)
	at io.michaelcane.Commands.&lt;init&gt;(Commands.java:5)
	at io.michaelcane.Calculator.&lt;init&gt;(Calculator.java:6)
	at io.michaelcane.Commands.&lt;init&gt;(Commands.java:5)
	at io.michaelcane.Calculator.&lt;init&gt;(Calculator.java:6)
	at io.michaelcane.Commands.&lt;init&gt;(Commands.java:5)
	at io.michaelcane.Calculator.&lt;init&gt;(Calculator.java:6)
	at io.michaelcane.Commands.&lt;init&gt;(Commands.java:5)
	at io.michaelcane.Calculator.&lt;init&gt;(Calculator.java:6)
	at io.michaelcane.Commands.&lt;init&gt;(Commands.java:5)
	at io.michaelcane.Calculator.&lt;init&gt;(Calculator.java:6)
	at io.michaelcane.Commands.&lt;init&gt;(Commands.java:5)
	at io.michaelcane.Calculator.&lt;init&gt;(Calculator.java:6)
	at io.michaelcane.Commands.&lt;init&gt;(Commands.java:5)
	at io.michaelcane.Calculator.&lt;init&gt;(Calculator.java:6)
	at io.michaelcane.Commands.&lt;init&gt;(Commands.java:5)
	at io.michaelcane.Calculator.&lt;init&gt;(Calculator.java:6)
	at io.michaelcane.Commands.&lt;init&gt;(Commands.java:5)
	at io.michaelcane.Calculator.&lt;init&gt;(Calculator.java:6)
	at io.michaelcane.Commands.&lt;init&gt;(Commands.java:5)
	at io.michaelcane.Calculator.&lt;init&gt;(Calculator.java:6)
	at io.michaelcane.Commands.&lt;init&gt;(Commands.java:5)
	at io.michaelcane.Calculator.&lt;init&gt;(Calculator.java:6)
	at io.michaelcane.Commands.&lt;init&gt;(Commands.java:5)
	at io.michaelcane.Calculator.&lt;init&gt;(Calculator.java:6)
	at io.michaelcane.Commands.&lt;init&gt;(Commands.java:5)
	at io.michaelcane.Calculator.&lt;init&gt;(Calculator.java:6)
	at io.michaelcane.Commands.&lt;init&gt;(Commands.java:5)
	at io.michaelcane.Calculator.&lt;init&gt;(Calculator.java:6)
	at io.michaelcane.Commands.&lt;init&gt;(Commands.java:5)
	at io.michaelcane.Calculator.&lt;init&gt;(Calculator.java:6)
	at io.michaelcane.Commands.&lt;init&gt;(Commands.java:5)
	at io.michaelcane.Calculator.&lt;init&gt;(Calculator.java:6)
	at io.michaelcane.Commands.&lt;init&gt;(Commands.java:5)
	at io.michaelcane.Calculator.&lt;init&gt;(Calculator.java:6)
	at io.michaelcane.Commands.&lt;init&gt;(Commands.java:5)
	at io.michaelcane.Calculator.&lt;init&gt;(Calculator.java:6)
	at io.michaelcane.Commands.&lt;init&gt;(Commands.java:5)
	at io.michaelcane.Calculator.&lt;init&gt;(Calculator.java:6)
	at io.michaelcane.Commands.&lt;init&gt;(Commands.java:5)
	at io.michaelcane.Calculator.&lt;init&gt;(Calculator.java:6)
	at io.michaelcane.Commands.&lt;init&gt;(Commands.java:5)
	at io.michaelcane.Calculator.&lt;init&gt;(Calculator.java:6)
	at io.michaelcane.Commands.&lt;init&gt;(Commands.java:5)
	at io.michaelcane.Calculator.&lt;init&gt;(Calculator.java:6)
	at io.michaelcane.Commands.&lt;init&gt;(Commands.java:5)
	at io.michaelcane.Calculator.&lt;init&gt;(Calculator.java:6)
	at io.michaelcane.Commands.&lt;init&gt;(Commands.java:5)
	at io.michaelcane.Calculator.&lt;init&gt;(Calculator.java:6)
	at io.michaelcane.Commands.&lt;init&gt;(Commands.java:5)
	at io.michaelcane.Calculator.&lt;init&gt;(Calculator.java:6)
	at io.michaelcane.Commands.&lt;init&gt;(Commands.java:5)
	at io.michaelcane.Calculator.&lt;init&gt;(Calculator.java:6)
	at io.michaelcane.Commands.&lt;init&gt;(Commands.java:5)
	at io.michaelcane.Calculator.&lt;init&gt;(Calculator.java:6)
	at io.michaelcane.Commands.&lt;init&gt;(Commands.java:5)
	at io.michaelcane.Calculator.&lt;init&gt;(Calculator.java:6)
	at io.michaelcane.Commands.&lt;init&gt;(Commands.java:5)
	at io.michaelcane.Calculator.&lt;init&gt;(Calculator.java:6)
	at io.michaelcane.Commands.&lt;init&gt;(Commands.java:5)
	at io.michaelcane.Calculator.&lt;init&gt;(Calculator.java:6)
	at io.michaelcane.Commands.&lt;init&gt;(Commands.java:5)
	at io.michaelcane.Calculator.&lt;init&gt;(Calculator.java:6)
	at io.michaelcane.Commands.&lt;init&gt;(Commands.java:5)
	at io.michaelcane.Calculator.&lt;init&gt;(Calculator.java:6)
	at io.michaelcane.Commands.&lt;init&gt;(Commands.java:5)
	at io.michaelcane.Calculator.&lt;init&gt;(Calculator.java:6)
	at io.michaelcane.Commands.&lt;init&gt;(Commands.java:5)
	at io.michaelcane.Calculator.&lt;init&gt;(Calculator.java:6)
	at io.michaelcane.Commands.&lt;init&gt;(Commands.java:5)
	at io.michaelcane.Calculator.&lt;init&gt;(Calculator.java:6)
	at io.michaelcane.Commands.&lt;init&gt;(Commands.java:5)
	at io.michaelcane.Calculator.&lt;init&gt;(Calculator.java:6)
	at io.michaelcane.Commands.&lt;init&gt;(Commands.java:5)
	at io.michaelcane.Calculator.&lt;init&gt;(Calculator.java:6)
	at io.michaelcane.Commands.&lt;init&gt;(Commands.java:5)
	at io.michaelcane.Calculator.&lt;init&gt;(Calculator.java:6)
	at io.michaelcane.Commands.&lt;init&gt;(Commands.java:5)
	at io.michaelcane.Calculator.&lt;init&gt;(Calculator.java:6)
	at io.michaelcane.Commands.&lt;init&gt;(Commands.java:5)
	at io.michaelcane.Calculator.&lt;init&gt;(Calculator.java:6)
	at io.michaelcane.Commands.&lt;init&gt;(Commands.java:5)
	at io.michaelcane.Calculator.&lt;init&gt;(Calculator.java:6)
	at io.michaelcane.Commands.&lt;init&gt;(Commands.java:5)
	at io.michaelcane.Calculator.&lt;init&gt;(Calculator.java:6)
	at io.michaelcane.Commands.&lt;init&gt;(Commands.java:5)
	at io.michaelcane.Calculator.&lt;init&gt;(Calculator.java:6)
	at io.michaelcane.Commands.&lt;init&gt;(Commands.java:5)
	at io.michaelcane.Calculator.&lt;init&gt;(Calculator.java:6)
	at io.michaelcane.Commands.&lt;init&gt;(Commands.java:5)
	at io.michaelcane.Calculator.&lt;init&gt;(Calculator.java:6)
	at io.michaelcane.Commands.&lt;init&gt;(Commands.java:5)
	at io.michaelcane.Calculator.&lt;init&gt;(Calculator.java:6)
	at io.michaelcane.Commands.&lt;init&gt;(Commands.java:5)
	at io.michaelcane.Calculator.&lt;init&gt;(Calculator.java:6)
	at io.michaelcane.Commands.&lt;init&gt;(Commands.java:5)
	at io.michaelcane.Calculator.&lt;init&gt;(Calculator.java:6)
	at io.michaelcane.Commands.&lt;init&gt;(Commands.java:5)
	at io.michaelcane.Calculator.&lt;init&gt;(Calculator.java:6)
	at io.michaelcane.Commands.&lt;init&gt;(Commands.java:5)
	at io.michaelcane.Calculator.&lt;init&gt;(Calculator.java:6)
	at io.michaelcane.Commands.&lt;init&gt;(Commands.java:5)
	at io.michaelcane.Calculator.&lt;init&gt;(Calculator.java:6)
	at io.michaelcane.Commands.&lt;init&gt;(Commands.java:5)
	at io.michaelcane.Calculator.&lt;init&gt;(Calculator.java:6)
	at io.michaelcane.Commands.&lt;init&gt;(Commands.java:5)
	at io.michaelcane.Calculator.&lt;init&gt;(Calculator.java:6)
	at io.michaelcane.Commands.&lt;init&gt;(Commands.java:5)
	at io.michaelcane.Calculator.&lt;init&gt;(Calculator.java:6)
	at io.michaelcane.Commands.&lt;init&gt;(Commands.java:5)
	at io.michaelcane.Calculator.&lt;init&gt;(Calculator.java:6)
	at io.michaelcane.Commands.&lt;init&gt;(Commands.java:5)
	at io.michaelcane.Calculator.&lt;init&gt;(Calculator.java:6)
	at io.michaelcane.Commands.&lt;init&gt;(Commands.java:5)
	at io.michaelcane.Calculator.&lt;init&gt;(Calculator.java:6)
	at io.michaelcane.Commands.&lt;init&gt;(Commands.java:5)
	at io.michaelcane.Calculator.&lt;init&gt;(Calculator.java:6)
	at io.michaelcane.Commands.&lt;init&gt;(Commands.java:5)
	at io.michaelcane.Calculator.&lt;init&gt;(Calculator.java:6)
	at io.michaelcane.Commands.&lt;init&gt;(Commands.java:5)
	at io.michaelcane.Calculator.&lt;init&gt;(Calculator.java:6)
	at io.michaelcane.Commands.&lt;init&gt;(Commands.java:5)
	at io.michaelcane.Calculator.&lt;init&gt;(Calculator.java:6)
	at io.michaelcane.Commands.&lt;init&gt;(Commands.java:5)
	at io.michaelcane.Calculator.&lt;init&gt;(Calculator.java:6)
	at io.michaelcane.Commands.&lt;init&gt;(Commands.java:5)
	at io.michaelcane.Calculator.&lt;init&gt;(Calculator.java:6)
	at io.michaelcane.Commands.&lt;init&gt;(Commands.java:5)
	at io.michaelcane.Calculator.&lt;init&gt;(Calculator.java:6)
	at io.michaelcane.Commands.&lt;init&gt;(Commands.java:5)
	at io.michaelcane.Calculator.&lt;init&gt;(Calculator.java:6)
	at io.michaelcane.Commands.&lt;init&gt;(Commands.java:5)
	at io.michaelcane.Calculator.&lt;init&gt;(Calculator.java:6)
	at io.michaelcane.Commands.&lt;init&gt;(Commands.java:5)
	at io.michaelcane.Calculator.&lt;init&gt;(Calculator.java:6)
	at io.michaelcane.Commands.&lt;init&gt;(Commands.java:5)
	at io.michaelcane.Calculator.&lt;init&gt;(Calculator.java:6)
	at io.michaelcane.Commands.&lt;init&gt;(Commands.java:5)
	at io.michaelcane.Calculator.&lt;init&gt;(Calculator.java:6)
	at io.michaelcane.Commands.&lt;init&gt;(Commands.java:5)
	at io.michaelcane.Calculator.&lt;init&gt;(Calculator.java:6)
	at io.michaelcane.Commands.&lt;init&gt;(Commands.java:5)
	at io.michaelcane.Calculator.&lt;init&gt;(Calculator.java:6)
	at io.michaelcane.Commands.&lt;init&gt;(Commands.java:5)
	at io.michaelcane.Calculator.&lt;init&gt;(Calculator.java:6)
	at io.michaelcane.Commands.&lt;init&gt;(Commands.java:5)
	at io.michaelcane.Calculator.&lt;init&gt;(Calculator.java:6)
	at io.michaelcane.Commands.&lt;init&gt;(Commands.java:5)
	at io.michaelcane.Calculator.&lt;init&gt;(Calculator.java:6)
	at io.michaelcane.Commands.&lt;init&gt;(Commands.java:5)
	at io.michaelcane.Calculator.&lt;init&gt;(Calculator.java:6)
	at io.michaelcane.Commands.&lt;init&gt;(Commands.java:5)
	at io.michaelcane.Calculator.&lt;init&gt;(Calculator.java:6)
	at io.michaelcane.Commands.&lt;init&gt;(Commands.java:5)
	at io.michaelcane.Calculator.&lt;init&gt;(Calculator.java:6)
	at io.michaelcane.Commands.&lt;init&gt;(Commands.java:5)
	at io.michaelcane.Calculator.&lt;init&gt;(Calculator.java:6)
	at io.michaelcane.Commands.&lt;init&gt;(Commands.java:5)
	at io.michaelcane.Calculator.&lt;init&gt;(Calculator.java:6)
	at io.michaelcane.Commands.&lt;init&gt;(Commands.java:5)
	at io.michaelcane.Calculator.&lt;init&gt;(Calculator.java:6)
	at io.michaelcane.Commands.&lt;init&gt;(Commands.java:5)
	at io.michaelcane.Calculator.&lt;init&gt;(Calculator.java:6)
	at io.michaelcane.Commands.&lt;init&gt;(Commands.java:5)
	at io.michaelcane.Calculator.&lt;init&gt;(Calculator.java:6)
	at io.michaelcane.Commands.&lt;init&gt;(Commands.java:5)
	at io.michaelcane.Calculator.&lt;init&gt;(Calculator.java:6)
	at io.michaelcane.Commands.&lt;init&gt;(Commands.java:5)
	at io.michaelcane.Calculator.&lt;init&gt;(Calculator.java:6)
	at io.michaelcane.Commands.&lt;init&gt;(Commands.java:5)
	at io.michaelcane.Calculator.&lt;init&gt;(Calculator.java:6)
	at io.michaelcane.Commands.&lt;init&gt;(Commands.java:5)
	at io.michaelcane.Calculator.&lt;init&gt;(Calculator.java:6)
	at io.michaelcane.Commands.&lt;init&gt;(Commands.java:5)
	at io.michaelcane.Calculator.&lt;init&gt;(Calculator.java:6)
	at io.michaelcane.Commands.&lt;init&gt;(Commands.java:5)
	at io.michaelcane.Calculator.&lt;init&gt;(Calculator.java:6)
	at io.michaelcane.Commands.&lt;init&gt;(Commands.java:5)
	at io.michaelcane.Calculator.&lt;init&gt;(Calculator.java:6)
	at io.michaelcane.Commands.&lt;init&gt;(Commands.java:5)
	at io.michaelcane.Calculator.&lt;init&gt;(Calculator.java:6)
	at io.michaelcane.Commands.&lt;init&gt;(Commands.java:5)
	at io.michaelcane.Calculator.&lt;init&gt;(Calculator.java:6)
	at io.michaelcane.Commands.&lt;init&gt;(Commands.java:5)
	at io.michaelcane.Calculator.&lt;init&gt;(Calculator.java:6)
	at io.michaelcane.Commands.&lt;init&gt;(Commands.java:5)
	at io.michaelcane.Calculator.&lt;init&gt;(Calculator.java:6)
	at io.michaelcane.Commands.&lt;init&gt;(Commands.java:5)
	at io.michaelcane.Calculator.&lt;init&gt;(Calculator.java:6)
	at io.michaelcane.Commands.&lt;init&gt;(Commands.java:5)
	at io.michaelcane.Calculator.&lt;init&gt;(Calculator.java:6)
	at io.michaelcane.Commands.&lt;init&gt;(Commands.java:5)
	at io.michaelcane.Calculator.&lt;init&gt;(Calculator.java:6)
	at io.michaelcane.Commands.&lt;init&gt;(Commands.java:5)
	at io.michaelcane.Calculator.&lt;init&gt;(Calculator.java:6)
	at io.michaelcane.Commands.&lt;init&gt;(Commands.java:5)
	at io.michaelcane.Calculator.&lt;init&gt;(Calculator.java:6)
	at io.michaelcane.Commands.&lt;init&gt;(Commands.java:5)
	at io.michaelcane.Calculator.&lt;init&gt;(Calculator.java:6)
	at io.michaelcane.Commands.&lt;init&gt;(Commands.java:5)
	at io.michaelcane.Calculator.&lt;init&gt;(Calculator.java:6)
	at io.michaelcane.Commands.&lt;init&gt;(Commands.java:5)
</error>
  </testcase>
  <testcase classname="io.michaelcane.CalculatorSpec" name="test$multiply" time="0.018">
    <error type="java.lang.StackOverflowError">java.lang.StackOverflowError
	at io.michaelcane.Calculator.&lt;init&gt;(Calculator.java:6)
	at io.michaelcane.Commands.&lt;init&gt;(Commands.java:5)
	at io.michaelcane.Calculator.&lt;init&gt;(Calculator.java:6)
	at io.michaelcane.Commands.&lt;init&gt;(Commands.java:5)
	at io.michaelcane.Calculator.&lt;init&gt;(Calculator.java:6)
	at io.michaelcane.Commands.&lt;init&gt;(Commands.java:5)
	at io.michaelcane.Calculator.&lt;init&gt;(Calculator.java:6)
	at io.michaelcane.Commands.&lt;init&gt;(Commands.java:5)
	at io.michaelcane.Calculator.&lt;init&gt;(Calculator.java:6)
	at io.michaelcane.Commands.&lt;init&gt;(Commands.java:5)
	at io.michaelcane.Calculator.&lt;init&gt;(Calculator.java:6)
	at io.michaelcane.Commands.&lt;init&gt;(Commands.java:5)
	at io.michaelcane.Calculator.&lt;init&gt;(Calculator.java:6)
	at io.michaelcane.Commands.&lt;init&gt;(Commands.java:5)
	at io.michaelcane.Calculator.&lt;init&gt;(Calculator.java:6)
	at io.michaelcane.Commands.&lt;init&gt;(Commands.java:5)
	at io.michaelcane.Calculator.&lt;init&gt;(Calculator.java:6)
	at io.michaelcane.Commands.&lt;init&gt;(Commands.java:5)
	at io.michaelcane.Calculator.&lt;init&gt;(Calculator.java:6)
	at io.michaelcane.Commands.&lt;init&gt;(Commands.java:5)
	at io.michaelcane.Calculator.&lt;init&gt;(Calculator.java:6)
	at io.michaelcane.Commands.&lt;init&gt;(Commands.java:5)
	at io.michaelcane.Calculator.&lt;init&gt;(Calculator.java:6)
	at io.michaelcane.Commands.&lt;init&gt;(Commands.java:5)
	at io.michaelcane.Calculator.&lt;init&gt;(Calculator.java:6)
	at io.michaelcane.Commands.&lt;init&gt;(Commands.java:5)
	at io.michaelcane.Calculator.&lt;init&gt;(Calculator.java:6)
	at io.michaelcane.Commands.&lt;init&gt;(Commands.java:5)
	at io.michaelcane.Calculator.&lt;init&gt;(Calculator.java:6)
	at io.michaelcane.Commands.&lt;init&gt;(Commands.java:5)
	at io.michaelcane.Calculator.&lt;init&gt;(Calculator.java:6)
	at io.michaelcane.Commands.&lt;init&gt;(Commands.java:5)
	at io.michaelcane.Calculator.&lt;init&gt;(Calculator.java:6)
	at io.michaelcane.Commands.&lt;init&gt;(Commands.java:5)
	at io.michaelcane.Calculator.&lt;init&gt;(Calculator.java:6)
	at io.michaelcane.Commands.&lt;init&gt;(Commands.java:5)
	at io.michaelcane.Calculator.&lt;init&gt;(Calculator.java:6)
	at io.michaelcane.Commands.&lt;init&gt;(Commands.java:5)
	at io.michaelcane.Calculator.&lt;init&gt;(Calculator.java:6)
	at io.michaelcane.Commands.&lt;init&gt;(Commands.java:5)
	at io.michaelcane.Calculator.&lt;init&gt;(Calculator.java:6)
	at io.michaelcane.Commands.&lt;init&gt;(Commands.java:5)
	at io.michaelcane.Calculator.&lt;init&gt;(Calculator.java:6)
	at io.michaelcane.Commands.&lt;init&gt;(Commands.java:5)
	at io.michaelcane.Calculator.&lt;init&gt;(Calculator.java:6)
	at io.michaelcane.Commands.&lt;init&gt;(Commands.java:5)
	at io.michaelcane.Calculator.&lt;init&gt;(Calculator.java:6)
	at io.michaelcane.Commands.&lt;init&gt;(Commands.java:5)
	at io.michaelcane.Calculator.&lt;init&gt;(Calculator.java:6)
	at io.michaelcane.Commands.&lt;init&gt;(Commands.java:5)
	at io.michaelcane.Calculator.&lt;init&gt;(Calculator.java:6)
	at io.michaelcane.Commands.&lt;init&gt;(Commands.java:5)
	at io.michaelcane.Calculator.&lt;init&gt;(Calculator.java:6)
	at io.michaelcane.Commands.&lt;init&gt;(Commands.java:5)
	at io.michaelcane.Calculator.&lt;init&gt;(Calculator.java:6)
	at io.michaelcane.Commands.&lt;init&gt;(Commands.java:5)
	at io.michaelcane.Calculator.&lt;init&gt;(Calculator.java:6)
	at io.michaelcane.Commands.&lt;init&gt;(Commands.java:5)
	at io.michaelcane.Calculator.&lt;init&gt;(Calculator.java:6)
	at io.michaelcane.Commands.&lt;init&gt;(Commands.java:5)
	at io.michaelcane.Calculator.&lt;init&gt;(Calculator.java:6)
	at io.michaelcane.Commands.&lt;init&gt;(Commands.java:5)
	at io.michaelcane.Calculator.&lt;init&gt;(Calculator.java:6)
	at io.michaelcane.Commands.&lt;init&gt;(Commands.java:5)
	at io.michaelcane.Calculator.&lt;init&gt;(Calculator.java:6)
	at io.michaelcane.Commands.&lt;init&gt;(Commands.java:5)
	at io.michaelcane.Calculator.&lt;init&gt;(Calculator.java:6)
	at io.michaelcane.Commands.&lt;init&gt;(Commands.java:5)
	at io.michaelcane.Calculator.&lt;init&gt;(Calculator.java:6)
	at io.michaelcane.Commands.&lt;init&gt;(Commands.java:5)
	at io.michaelcane.Calculator.&lt;init&gt;(Calculator.java:6)
	at io.michaelcane.Commands.&lt;init&gt;(Commands.java:5)
	at io.michaelcane.Calculator.&lt;init&gt;(Calculator.java:6)
	at io.michaelcane.Commands.&lt;init&gt;(Commands.java:5)
	at io.michaelcane.Calculator.&lt;init&gt;(Calculator.java:6)
	at io.michaelcane.Commands.&lt;init&gt;(Commands.java:5)
	at io.michaelcane.Calculator.&lt;init&gt;(Calculator.java:6)
	at io.michaelcane.Commands.&lt;init&gt;(Commands.java:5)
	at io.michaelcane.Calculator.&lt;init&gt;(Calculator.java:6)
	at io.michaelcane.Commands.&lt;init&gt;(Commands.java:5)
	at io.michaelcane.Calculator.&lt;init&gt;(Calculator.java:6)
	at io.michaelcane.Commands.&lt;init&gt;(Commands.java:5)
	at io.michaelcane.Calculator.&lt;init&gt;(Calculator.java:6)
	at io.michaelcane.Commands.&lt;init&gt;(Commands.java:5)
	at io.michaelcane.Calculator.&lt;init&gt;(Calculator.java:6)
	at io.michaelcane.Commands.&lt;init&gt;(Commands.java:5)
	at io.michaelcane.Calculator.&lt;init&gt;(Calculator.java:6)
	at io.michaelcane.Commands.&lt;init&gt;(Commands.java:5)
	at io.michaelcane.Calculator.&lt;init&gt;(Calculator.java:6)
	at io.michaelcane.Commands.&lt;init&gt;(Commands.java:5)
	at io.michaelcane.Calculator.&lt;init&gt;(Calculator.java:6)
	at io.michaelcane.Commands.&lt;init&gt;(Commands.java:5)
	at io.michaelcane.Calculator.&lt;init&gt;(Calculator.java:6)
	at io.michaelcane.Commands.&lt;init&gt;(Commands.java:5)
	at io.michaelcane.Calculator.&lt;init&gt;(Calculator.java:6)
	at io.michaelcane.Commands.&lt;init&gt;(Commands.java:5)
	at io.michaelcane.Calculator.&lt;init&gt;(Calculator.java:6)
	at io.michaelcane.Commands.&lt;init&gt;(Commands.java:5)
	at io.michaelcane.Calculator.&lt;init&gt;(Calculator.java:6)
	at io.michaelcane.Commands.&lt;init&gt;(Commands.java:5)
	at io.michaelcane.Calculator.&lt;init&gt;(Calculator.java:6)
	at io.michaelcane.Commands.&lt;init&gt;(Commands.java:5)
	at io.michaelcane.Calculator.&lt;init&gt;(Calculator.java:6)
	at io.michaelcane.Commands.&lt;init&gt;(Commands.java:5)
	at io.michaelcane.Calculator.&lt;init&gt;(Calculator.java:6)
	at io.michaelcane.Commands.&lt;init&gt;(Commands.java:5)
	at io.michaelcane.Calculator.&lt;init&gt;(Calculator.java:6)
	at io.michaelcane.Commands.&lt;init&gt;(Commands.java:5)
	at io.michaelcane.Calculator.&lt;init&gt;(Calculator.java:6)
	at io.michaelcane.Commands.&lt;init&gt;(Commands.java:5)
	at io.michaelcane.Calculator.&lt;init&gt;(Calculator.java:6)
	at io.michaelcane.Commands.&lt;init&gt;(Commands.java:5)
	at io.michaelcane.Calculator.&lt;init&gt;(Calculator.java:6)
	at io.michaelcane.Commands.&lt;init&gt;(Commands.java:5)
	at io.michaelcane.Calculator.&lt;init&gt;(Calculator.java:6)
	at io.michaelcane.Commands.&lt;init&gt;(Commands.java:5)
	at io.michaelcane.Calculator.&lt;init&gt;(Calculator.java:6)
	at io.michaelcane.Commands.&lt;init&gt;(Commands.java:5)
	at io.michaelcane.Calculator.&lt;init&gt;(Calculator.java:6)
	at io.michaelcane.Commands.&lt;init&gt;(Commands.java:5)
	at io.michaelcane.Calculator.&lt;init&gt;(Calculator.java:6)
	at io.michaelcane.Commands.&lt;init&gt;(Commands.java:5)
	at io.michaelcane.Calculator.&lt;init&gt;(Calculator.java:6)
	at io.michaelcane.Commands.&lt;init&gt;(Commands.java:5)
	at io.michaelcane.Calculator.&lt;init&gt;(Calculator.java:6)
	at io.michaelcane.Commands.&lt;init&gt;(Commands.java:5)
	at io.michaelcane.Calculator.&lt;init&gt;(Calculator.java:6)
	at io.michaelcane.Commands.&lt;init&gt;(Commands.java:5)
	at io.michaelcane.Calculator.&lt;init&gt;(Calculator.java:6)
	at io.michaelcane.Commands.&lt;init&gt;(Commands.java:5)
	at io.michaelcane.Calculator.&lt;init&gt;(Calculator.java:6)
	at io.michaelcane.Commands.&lt;init&gt;(Commands.java:5)
	at io.michaelcane.Calculator.&lt;init&gt;(Calculator.java:6)
	at io.michaelcane.Commands.&lt;init&gt;(Commands.java:5)
	at io.michaelcane.Calculator.&lt;init&gt;(Calculator.java:6)
	at io.michaelcane.Commands.&lt;init&gt;(Commands.java:5)
	at io.michaelcane.Calculator.&lt;init&gt;(Calculator.java:6)
	at io.michaelcane.Commands.&lt;init&gt;(Commands.java:5)
	at io.michaelcane.Calculator.&lt;init&gt;(Calculator.java:6)
	at io.michaelcane.Commands.&lt;init&gt;(Commands.java:5)
	at io.michaelcane.Calculator.&lt;init&gt;(Calculator.java:6)
	at io.michaelcane.Commands.&lt;init&gt;(Commands.java:5)
	at io.michaelcane.Calculator.&lt;init&gt;(Calculator.java:6)
	at io.michaelcane.Commands.&lt;init&gt;(Commands.java:5)
	at io.michaelcane.Calculator.&lt;init&gt;(Calculator.java:6)
	at io.michaelcane.Commands.&lt;init&gt;(Commands.java:5)
	at io.michaelcane.Calculator.&lt;init&gt;(Calculator.java:6)
	at io.michaelcane.Commands.&lt;init&gt;(Commands.java:5)
	at io.michaelcane.Calculator.&lt;init&gt;(Calculator.java:6)
	at io.michaelcane.Commands.&lt;init&gt;(Commands.java:5)
	at io.michaelcane.Calculator.&lt;init&gt;(Calculator.java:6)
	at io.michaelcane.Commands.&lt;init&gt;(Commands.java:5)
	at io.michaelcane.Calculator.&lt;init&gt;(Calculator.java:6)
	at io.michaelcane.Commands.&lt;init&gt;(Commands.java:5)
	at io.michaelcane.Calculator.&lt;init&gt;(Calculator.java:6)
	at io.michaelcane.Commands.&lt;init&gt;(Commands.java:5)
	at io.michaelcane.Calculator.&lt;init&gt;(Calculator.java:6)
	at io.michaelcane.Commands.&lt;init&gt;(Commands.java:5)
	at io.michaelcane.Calculator.&lt;init&gt;(Calculator.java:6)
	at io.michaelcane.Commands.&lt;init&gt;(Commands.java:5)
	at io.michaelcane.Calculator.&lt;init&gt;(Calculator.java:6)
	at io.michaelcane.Commands.&lt;init&gt;(Commands.java:5)
	at io.michaelcane.Calculator.&lt;init&gt;(Calculator.java:6)
	at io.michaelcane.Commands.&lt;init&gt;(Commands.java:5)
	at io.michaelcane.Calculator.&lt;init&gt;(Calculator.java:6)
	at io.michaelcane.Commands.&lt;init&gt;(Commands.java:5)
	at io.michaelcane.Calculator.&lt;init&gt;(Calculator.java:6)
	at io.michaelcane.Commands.&lt;init&gt;(Commands.java:5)
	at io.michaelcane.Calculator.&lt;init&gt;(Calculator.java:6)
	at io.michaelcane.Commands.&lt;init&gt;(Commands.java:5)
	at io.michaelcane.Calculator.&lt;init&gt;(Calculator.java:6)
	at io.michaelcane.Commands.&lt;init&gt;(Commands.java:5)
	at io.michaelcane.Calculator.&lt;init&gt;(Calculator.java:6)
	at io.michaelcane.Commands.&lt;init&gt;(Commands.java:5)
	at io.michaelcane.Calculator.&lt;init&gt;(Calculator.java:6)
	at io.michaelcane.Commands.&lt;init&gt;(Commands.java:5)
	at io.michaelcane.Calculator.&lt;init&gt;(Calculator.java:6)
	at io.michaelcane.Commands.&lt;init&gt;(Commands.java:5)
	at io.michaelcane.Calculator.&lt;init&gt;(Calculator.java:6)
	at io.michaelcane.Commands.&lt;init&gt;(Commands.java:5)
	at io.michaelcane.Calculator.&lt;init&gt;(Calculator.java:6)
	at io.michaelcane.Commands.&lt;init&gt;(Commands.java:5)
	at io.michaelcane.Calculator.&lt;init&gt;(Calculator.java:6)
	at io.michaelcane.Commands.&lt;init&gt;(Commands.java:5)
	at io.michaelcane.Calculator.&lt;init&gt;(Calculator.java:6)
	at io.michaelcane.Commands.&lt;init&gt;(Commands.java:5)
	at io.michaelcane.Calculator.&lt;init&gt;(Calculator.java:6)
	at io.michaelcane.Commands.&lt;init&gt;(Commands.java:5)
	at io.michaelcane.Calculator.&lt;init&gt;(Calculator.java:6)
	at io.michaelcane.Commands.&lt;init&gt;(Commands.java:5)
	at io.michaelcane.Calculator.&lt;init&gt;(Calculator.java:6)
	at io.michaelcane.Commands.&lt;init&gt;(Commands.java:5)
	at io.michaelcane.Calculator.&lt;init&gt;(Calculator.java:6)
	at io.michaelcane.Commands.&lt;init&gt;(Commands.java:5)
	at io.michaelcane.Calculator.&lt;init&gt;(Calculator.java:6)
	at io.michaelcane.Commands.&lt;init&gt;(Commands.java:5)
	at io.michaelcane.Calculator.&lt;init&gt;(Calculator.java:6)
	at io.michaelcane.Commands.&lt;init&gt;(Commands.java:5)
	at io.michaelcane.Calculator.&lt;init&gt;(Calculator.java:6)
	at io.michaelcane.Commands.&lt;init&gt;(Commands.java:5)
	at io.michaelcane.Calculator.&lt;init&gt;(Calculator.java:6)
	at io.michaelcane.Commands.&lt;init&gt;(Commands.java:5)
	at io.michaelcane.Calculator.&lt;init&gt;(Calculator.java:6)
	at io.michaelcane.Commands.&lt;init&gt;(Commands.java:5)
	at io.michaelcane.Calculator.&lt;init&gt;(Calculator.java:6)
	at io.michaelcane.Commands.&lt;init&gt;(Commands.java:5)
	at io.michaelcane.Calculator.&lt;init&gt;(Calculator.java:6)
	at io.michaelcane.Commands.&lt;init&gt;(Commands.java:5)
	at io.michaelcane.Calculator.&lt;init&gt;(Calculator.java:6)
	at io.michaelcane.Commands.&lt;init&gt;(Commands.java:5)
	at io.michaelcane.Calculator.&lt;init&gt;(Calculator.java:6)
	at io.michaelcane.Commands.&lt;init&gt;(Commands.java:5)
	at io.michaelcane.Calculator.&lt;init&gt;(Calculator.java:6)
	at io.michaelcane.Commands.&lt;init&gt;(Commands.java:5)
	at io.michaelcane.Calculator.&lt;init&gt;(Calculator.java:6)
	at io.michaelcane.Commands.&lt;init&gt;(Commands.java:5)
	at io.michaelcane.Calculator.&lt;init&gt;(Calculator.java:6)
	at io.michaelcane.Commands.&lt;init&gt;(Commands.java:5)
	at io.michaelcane.Calculator.&lt;init&gt;(Calculator.java:6)
	at io.michaelcane.Commands.&lt;init&gt;(Commands.java:5)
	at io.michaelcane.Calculator.&lt;init&gt;(Calculator.java:6)
	at io.michaelcane.Commands.&lt;init&gt;(Commands.java:5)
	at io.michaelcane.Calculator.&lt;init&gt;(Calculator.java:6)
	at io.michaelcane.Commands.&lt;init&gt;(Commands.java:5)
	at io.michaelcane.Calculator.&lt;init&gt;(Calculator.java:6)
	at io.michaelcane.Commands.&lt;init&gt;(Commands.java:5)
	at io.michaelcane.Calculator.&lt;init&gt;(Calculator.java:6)
	at io.michaelcane.Commands.&lt;init&gt;(Commands.java:5)
	at io.michaelcane.Calculator.&lt;init&gt;(Calculator.java:6)
	at io.michaelcane.Commands.&lt;init&gt;(Commands.java:5)
	at io.michaelcane.Calculator.&lt;init&gt;(Calculator.java:6)
	at io.michaelcane.Commands.&lt;init&gt;(Commands.java:5)
	at io.michaelcane.Calculator.&lt;init&gt;(Calculator.java:6)
	at io.michaelcane.Commands.&lt;init&gt;(Commands.java:5)
	at io.michaelcane.Calculator.&lt;init&gt;(Calculator.java:6)
	at io.michaelcane.Commands.&lt;init&gt;(Commands.java:5)
	at io.michaelcane.Calculator.&lt;init&gt;(Calculator.java:6)
	at io.michaelcane.Commands.&lt;init&gt;(Commands.java:5)
	at io.michaelcane.Calculator.&lt;init&gt;(Calculator.java:6)
	at io.michaelcane.Commands.&lt;init&gt;(Commands.java:5)
	at io.michaelcane.Calculator.&lt;init&gt;(Calculator.java:6)
	at io.michaelcane.Commands.&lt;init&gt;(Commands.java:5)
	at io.michaelcane.Calculator.&lt;init&gt;(Calculator.java:6)
	at io.michaelcane.Commands.&lt;init&gt;(Commands.java:5)
	at io.michaelcane.Calculator.&lt;init&gt;(Calculator.java:6)
	at io.michaelcane.Commands.&lt;init&gt;(Commands.java:5)
	at io.michaelcane.Calculator.&lt;init&gt;(Calculator.java:6)
	at io.michaelcane.Commands.&lt;init&gt;(Commands.java:5)
	at io.michaelcane.Calculator.&lt;init&gt;(Calculator.java:6)
	at io.michaelcane.Commands.&lt;init&gt;(Commands.java:5)
	at io.michaelcane.Calculator.&lt;init&gt;(Calculator.java:6)
	at io.michaelcane.Commands.&lt;init&gt;(Commands.java:5)
	at io.michaelcane.Calculator.&lt;init&gt;(Calculator.java:6)
	at io.michaelcane.Commands.&lt;init&gt;(Commands.java:5)
	at io.michaelcane.Calculator.&lt;init&gt;(Calculator.java:6)
	at io.michaelcane.Commands.&lt;init&gt;(Commands.java:5)
	at io.michaelcane.Calculator.&lt;init&gt;(Calculator.java:6)
	at io.michaelcane.Commands.&lt;init&gt;(Commands.java:5)
	at io.michaelcane.Calculator.&lt;init&gt;(Calculator.java:6)
	at io.michaelcane.Commands.&lt;init&gt;(Commands.java:5)
	at io.michaelcane.Calculator.&lt;init&gt;(Calculator.java:6)
	at io.michaelcane.Commands.&lt;init&gt;(Commands.java:5)
	at io.michaelcane.Calculator.&lt;init&gt;(Calculator.java:6)
	at io.michaelcane.Commands.&lt;init&gt;(Commands.java:5)
	at io.michaelcane.Calculator.&lt;init&gt;(Calculator.java:6)
	at io.michaelcane.Commands.&lt;init&gt;(Commands.java:5)
	at io.michaelcane.Calculator.&lt;init&gt;(Calculator.java:6)
	at io.michaelcane.Commands.&lt;init&gt;(Commands.java:5)
	at io.michaelcane.Calculator.&lt;init&gt;(Calculator.java:6)
	at io.michaelcane.Commands.&lt;init&gt;(Commands.java:5)
	at io.michaelcane.Calculator.&lt;init&gt;(Calculator.java:6)
	at io.michaelcane.Commands.&lt;init&gt;(Commands.java:5)
	at io.michaelcane.Calculator.&lt;init&gt;(Calculator.java:6)
	at io.michaelcane.Commands.&lt;init&gt;(Commands.java:5)
	at io.michaelcane.Calculator.&lt;init&gt;(Calculator.java:6)
	at io.michaelcane.Commands.&lt;init&gt;(Commands.java:5)
	at io.michaelcane.Calculator.&lt;init&gt;(Calculator.java:6)
	at io.michaelcane.Commands.&lt;init&gt;(Commands.java:5)
	at io.michaelcane.Calculator.&lt;init&gt;(Calculator.java:6)
	at io.michaelcane.Commands.&lt;init&gt;(Commands.java:5)
	at io.michaelcane.Calculator.&lt;init&gt;(Calculator.java:6)
	at io.michaelcane.Commands.&lt;init&gt;(Commands.java:5)
	at io.michaelcane.Calculator.&lt;init&gt;(Calculator.java:6)
	at io.michaelcane.Commands.&lt;init&gt;(Commands.java:5)
	at io.michaelcane.Calculator.&lt;init&gt;(Calculator.java:6)
	at io.michaelcane.Commands.&lt;init&gt;(Commands.java:5)
	at io.michaelcane.Calculator.&lt;init&gt;(Calculator.java:6)
	at io.michaelcane.Commands.&lt;init&gt;(Commands.java:5)
	at io.michaelcane.Calculator.&lt;init&gt;(Calculator.java:6)
	at io.michaelcane.Commands.&lt;init&gt;(Commands.java:5)
	at io.michaelcane.Calculator.&lt;init&gt;(Calculator.java:6)
	at io.michaelcane.Commands.&lt;init&gt;(Commands.java:5)
	at io.michaelcane.Calculator.&lt;init&gt;(Calculator.java:6)
	at io.michaelcane.Commands.&lt;init&gt;(Commands.java:5)
	at io.michaelcane.Calculator.&lt;init&gt;(Calculator.java:6)
	at io.michaelcane.Commands.&lt;init&gt;(Commands.java:5)
	at io.michaelcane.Calculator.&lt;init&gt;(Calculator.java:6)
	at io.michaelcane.Commands.&lt;init&gt;(Commands.java:5)
	at io.michaelcane.Calculator.&lt;init&gt;(Calculator.java:6)
	at io.michaelcane.Commands.&lt;init&gt;(Commands.java:5)
	at io.michaelcane.Calculator.&lt;init&gt;(Calculator.java:6)
	at io.michaelcane.Commands.&lt;init&gt;(Commands.java:5)
	at io.michaelcane.Calculator.&lt;init&gt;(Calculator.java:6)
	at io.michaelcane.Commands.&lt;init&gt;(Commands.java:5)
	at io.michaelcane.Calculator.&lt;init&gt;(Calculator.java:6)
	at io.michaelcane.Commands.&lt;init&gt;(Commands.java:5)
	at io.michaelcane.Calculator.&lt;init&gt;(Calculator.java:6)
	at io.michaelcane.Commands.&lt;init&gt;(Commands.java:5)
	at io.michaelcane.Calculator.&lt;init&gt;(Calculator.java:6)
	at io.michaelcane.Commands.&lt;init&gt;(Commands.java:5)
	at io.michaelcane.Calculator.&lt;init&gt;(Calculator.java:6)
	at io.michaelcane.Commands.&lt;init&gt;(Commands.java:5)
	at io.michaelcane.Calculator.&lt;init&gt;(Calculator.java:6)
	at io.michaelcane.Commands.&lt;init&gt;(Commands.java:5)
	at io.michaelcane.Calculator.&lt;init&gt;(Calculator.java:6)
	at io.michaelcane.Commands.&lt;init&gt;(Commands.java:5)
	at io.michaelcane.Calculator.&lt;init&gt;(Calculator.java:6)
	at io.michaelcane.Commands.&lt;init&gt;(Commands.java:5)
	at io.michaelcane.Calculator.&lt;init&gt;(Calculator.java:6)
	at io.michaelcane.Commands.&lt;init&gt;(Commands.java:5)
	at io.michaelcane.Calculator.&lt;init&gt;(Calculator.java:6)
	at io.michaelcane.Commands.&lt;init&gt;(Commands.java:5)
	at io.michaelcane.Calculator.&lt;init&gt;(Calculator.java:6)
	at io.michaelcane.Commands.&lt;init&gt;(Commands.java:5)
	at io.michaelcane.Calculator.&lt;init&gt;(Calculator.java:6)
	at io.michaelcane.Commands.&lt;init&gt;(Commands.java:5)
	at io.michaelcane.Calculator.&lt;init&gt;(Calculator.java:6)
	at io.michaelcane.Commands.&lt;init&gt;(Commands.java:5)
	at io.michaelcane.Calculator.&lt;init&gt;(Calculator.java:6)
	at io.michaelcane.Commands.&lt;init&gt;(Commands.java:5)
	at io.michaelcane.Calculator.&lt;init&gt;(Calculator.java:6)
	at io.michaelcane.Commands.&lt;init&gt;(Commands.java:5)
	at io.michaelcane.Calculator.&lt;init&gt;(Calculator.java:6)
	at io.michaelcane.Commands.&lt;init&gt;(Commands.java:5)
	at io.michaelcane.Calculator.&lt;init&gt;(Calculator.java:6)
	at io.michaelcane.Commands.&lt;init&gt;(Commands.java:5)
	at io.michaelcane.Calculator.&lt;init&gt;(Calculator.java:6)
	at io.michaelcane.Commands.&lt;init&gt;(Commands.java:5)
	at io.michaelcane.Calculator.&lt;init&gt;(Calculator.java:6)
	at io.michaelcane.Commands.&lt;init&gt;(Commands.java:5)
	at io.michaelcane.Calculator.&lt;init&gt;(Calculator.java:6)
	at io.michaelcane.Commands.&lt;init&gt;(Commands.java:5)
	at io.michaelcane.Calculator.&lt;init&gt;(Calculator.java:6)
	at io.michaelcane.Commands.&lt;init&gt;(Commands.java:5)
	at io.michaelcane.Calculator.&lt;init&gt;(Calculator.java:6)
	at io.michaelcane.Commands.&lt;init&gt;(Commands.java:5)
	at io.michaelcane.Calculator.&lt;init&gt;(Calculator.java:6)
	at io.michaelcane.Commands.&lt;init&gt;(Commands.java:5)
	at io.michaelcane.Calculator.&lt;init&gt;(Calculator.java:6)
	at io.michaelcane.Commands.&lt;init&gt;(Commands.java:5)
	at io.michaelcane.Calculator.&lt;init&gt;(Calculator.java:6)
	at io.michaelcane.Commands.&lt;init&gt;(Commands.java:5)
	at io.michaelcane.Calculator.&lt;init&gt;(Calculator.java:6)
	at io.michaelcane.Commands.&lt;init&gt;(Commands.java:5)
	at io.michaelcane.Calculator.&lt;init&gt;(Calculator.java:6)
	at io.michaelcane.Commands.&lt;init&gt;(Commands.java:5)
	at io.michaelcane.Calculator.&lt;init&gt;(Calculator.java:6)
	at io.michaelcane.Commands.&lt;init&gt;(Commands.java:5)
	at io.michaelcane.Calculator.&lt;init&gt;(Calculator.java:6)
	at io.michaelcane.Commands.&lt;init&gt;(Commands.java:5)
	at io.michaelcane.Calculator.&lt;init&gt;(Calculator.java:6)
	at io.michaelcane.Commands.&lt;init&gt;(Commands.java:5)
	at io.michaelcane.Calculator.&lt;init&gt;(Calculator.java:6)
	at io.michaelcane.Commands.&lt;init&gt;(Commands.java:5)
	at io.michaelcane.Calculator.&lt;init&gt;(Calculator.java:6)
	at io.michaelcane.Commands.&lt;init&gt;(Commands.java:5)
	at io.michaelcane.Calculator.&lt;init&gt;(Calculator.java:6)
	at io.michaelcane.Commands.&lt;init&gt;(Commands.java:5)
	at io.michaelcane.Calculator.&lt;init&gt;(Calculator.java:6)
	at io.michaelcane.Commands.&lt;init&gt;(Commands.java:5)
	at io.michaelcane.Calculator.&lt;init&gt;(Calculator.java:6)
	at io.michaelcane.Commands.&lt;init&gt;(Commands.java:5)
	at io.michaelcane.Calculator.&lt;init&gt;(Calculator.java:6)
	at io.michaelcane.Commands.&lt;init&gt;(Commands.java:5)
	at io.michaelcane.Calculator.&lt;init&gt;(Calculator.java:6)
	at io.michaelcane.Commands.&lt;init&gt;(Commands.java:5)
	at io.michaelcane.Calculator.&lt;init&gt;(Calculator.java:6)
	at io.michaelcane.Commands.&lt;init&gt;(Commands.java:5)
	at io.michaelcane.Calculator.&lt;init&gt;(Calculator.java:6)
	at io.michaelcane.Commands.&lt;init&gt;(Commands.java:5)
	at io.michaelcane.Calculator.&lt;init&gt;(Calculator.java:6)
	at io.michaelcane.Commands.&lt;init&gt;(Commands.java:5)
	at io.michaelcane.Calculator.&lt;init&gt;(Calculator.java:6)
	at io.michaelcane.Commands.&lt;init&gt;(Commands.java:5)
	at io.michaelcane.Calculator.&lt;init&gt;(Calculator.java:6)
	at io.michaelcane.Commands.&lt;init&gt;(Commands.java:5)
	at io.michaelcane.Calculator.&lt;init&gt;(Calculator.java:6)
	at io.michaelcane.Commands.&lt;init&gt;(Commands.java:5)
	at io.michaelcane.Calculator.&lt;init&gt;(Calculator.java:6)
	at io.michaelcane.Commands.&lt;init&gt;(Commands.java:5)
	at io.michaelcane.Calculator.&lt;init&gt;(Calculator.java:6)
	at io.michaelcane.Commands.&lt;init&gt;(Commands.java:5)
	at io.michaelcane.Calculator.&lt;init&gt;(Calculator.java:6)
	at io.michaelcane.Commands.&lt;init&gt;(Commands.java:5)
	at io.michaelcane.Calculator.&lt;init&gt;(Calculator.java:6)
	at io.michaelcane.Commands.&lt;init&gt;(Commands.java:5)
	at io.michaelcane.Calculator.&lt;init&gt;(Calculator.java:6)
	at io.michaelcane.Commands.&lt;init&gt;(Commands.java:5)
	at io.michaelcane.Calculator.&lt;init&gt;(Calculator.java:6)
	at io.michaelcane.Commands.&lt;init&gt;(Commands.java:5)
	at io.michaelcane.Calculator.&lt;init&gt;(Calculator.java:6)
	at io.michaelcane.Commands.&lt;init&gt;(Commands.java:5)
	at io.michaelcane.Calculator.&lt;init&gt;(Calculator.java:6)
	at io.michaelcane.Commands.&lt;init&gt;(Commands.java:5)
	at io.michaelcane.Calculator.&lt;init&gt;(Calculator.java:6)
	at io.michaelcane.Commands.&lt;init&gt;(Commands.java:5)
	at io.michaelcane.Calculator.&lt;init&gt;(Calculator.java:6)
	at io.michaelcane.Commands.&lt;init&gt;(Commands.java:5)
	at io.michaelcane.Calculator.&lt;init&gt;(Calculator.java:6)
	at io.michaelcane.Commands.&lt;init&gt;(Commands.java:5)
	at io.michaelcane.Calculator.&lt;init&gt;(Calculator.java:6)
	at io.michaelcane.Commands.&lt;init&gt;(Commands.java:5)
	at io.michaelcane.Calculator.&lt;init&gt;(Calculator.java:6)
	at io.michaelcane.Commands.&lt;init&gt;(Commands.java:5)
	at io.michaelcane.Calculator.&lt;init&gt;(Calculator.java:6)
	at io.michaelcane.Commands.&lt;init&gt;(Commands.java:5)
	at io.michaelcane.Calculator.&lt;init&gt;(Calculator.java:6)
	at io.michaelcane.Commands.&lt;init&gt;(Commands.java:5)
	at io.michaelcane.Calculator.&lt;init&gt;(Calculator.java:6)
	at io.michaelcane.Commands.&lt;init&gt;(Commands.java:5)
	at io.michaelcane.Calculator.&lt;init&gt;(Calculator.java:6)
	at io.michaelcane.Commands.&lt;init&gt;(Commands.java:5)
	at io.michaelcane.Calculator.&lt;init&gt;(Calculator.java:6)
	at io.michaelcane.Commands.&lt;init&gt;(Commands.java:5)
	at io.michaelcane.Calculator.&lt;init&gt;(Calculator.java:6)
	at io.michaelcane.Commands.&lt;init&gt;(Commands.java:5)
	at io.michaelcane.Calculator.&lt;init&gt;(Calculator.java:6)
	at io.michaelcane.Commands.&lt;init&gt;(Commands.java:5)
	at io.michaelcane.Calculator.&lt;init&gt;(Calculator.java:6)
	at io.michaelcane.Commands.&lt;init&gt;(Commands.java:5)
	at io.michaelcane.Calculator.&lt;init&gt;(Calculator.java:6)
	at io.michaelcane.Commands.&lt;init&gt;(Commands.java:5)
	at io.michaelcane.Calculator.&lt;init&gt;(Calculator.java:6)
	at io.michaelcane.Commands.&lt;init&gt;(Commands.java:5)
	at io.michaelcane.Calculator.&lt;init&gt;(Calculator.java:6)
	at io.michaelcane.Commands.&lt;init&gt;(Commands.java:5)
	at io.michaelcane.Calculator.&lt;init&gt;(Calculator.java:6)
	at io.michaelcane.Commands.&lt;init&gt;(Commands.java:5)
	at io.michaelcane.Calculator.&lt;init&gt;(Calculator.java:6)
	at io.michaelcane.Commands.&lt;init&gt;(Commands.java:5)
	at io.michaelcane.Calculator.&lt;init&gt;(Calculator.java:6)
	at io.michaelcane.Commands.&lt;init&gt;(Commands.java:5)
	at io.michaelcane.Calculator.&lt;init&gt;(Calculator.java:6)
	at io.michaelcane.Commands.&lt;init&gt;(Commands.java:5)
	at io.michaelcane.Calculator.&lt;init&gt;(Calculator.java:6)
	at io.michaelcane.Commands.&lt;init&gt;(Commands.java:5)
	at io.michaelcane.Calculator.&lt;init&gt;(Calculator.java:6)
	at io.michaelcane.Commands.&lt;init&gt;(Commands.java:5)
	at io.michaelcane.Calculator.&lt;init&gt;(Calculator.java:6)
	at io.michaelcane.Commands.&lt;init&gt;(Commands.java:5)
	at io.michaelcane.Calculator.&lt;init&gt;(Calculator.java:6)
	at io.michaelcane.Commands.&lt;init&gt;(Commands.java:5)
	at io.michaelcane.Calculator.&lt;init&gt;(Calculator.java:6)
	at io.michaelcane.Commands.&lt;init&gt;(Commands.java:5)
	at io.michaelcane.Calculator.&lt;init&gt;(Calculator.java:6)
	at io.michaelcane.Commands.&lt;init&gt;(Commands.java:5)
	at io.michaelcane.Calculator.&lt;init&gt;(Calculator.java:6)
	at io.michaelcane.Commands.&lt;init&gt;(Commands.java:5)
	at io.michaelcane.Calculator.&lt;init&gt;(Calculator.java:6)
	at io.michaelcane.Commands.&lt;init&gt;(Commands.java:5)
	at io.michaelcane.Calculator.&lt;init&gt;(Calculator.java:6)
	at io.michaelcane.Commands.&lt;init&gt;(Commands.java:5)
	at io.michaelcane.Calculator.&lt;init&gt;(Calculator.java:6)
	at io.michaelcane.Commands.&lt;init&gt;(Commands.java:5)
	at io.michaelcane.Calculator.&lt;init&gt;(Calculator.java:6)
	at io.michaelcane.Commands.&lt;init&gt;(Commands.java:5)
	at io.michaelcane.Calculator.&lt;init&gt;(Calculator.java:6)
	at io.michaelcane.Commands.&lt;init&gt;(Commands.java:5)
	at io.michaelcane.Calculator.&lt;init&gt;(Calculator.java:6)
	at io.michaelcane.Commands.&lt;init&gt;(Commands.java:5)
	at io.michaelcane.Calculator.&lt;init&gt;(Calculator.java:6)
	at io.michaelcane.Commands.&lt;init&gt;(Commands.java:5)
	at io.michaelcane.Calculator.&lt;init&gt;(Calculator.java:6)
	at io.michaelcane.Commands.&lt;init&gt;(Commands.java:5)
	at io.michaelcane.Calculator.&lt;init&gt;(Calculator.java:6)
	at io.michaelcane.Commands.&lt;init&gt;(Commands.java:5)
	at io.michaelcane.Calculator.&lt;init&gt;(Calculator.java:6)
	at io.michaelcane.Commands.&lt;init&gt;(Commands.java:5)
	at io.michaelcane.Calculator.&lt;init&gt;(Calculator.java:6)
	at io.michaelcane.Commands.&lt;init&gt;(Commands.java:5)
	at io.michaelcane.Calculator.&lt;init&gt;(Calculator.java:6)
	at io.michaelcane.Commands.&lt;init&gt;(Commands.java:5)
	at io.michaelcane.Calculator.&lt;init&gt;(Calculator.java:6)
	at io.michaelcane.Commands.&lt;init&gt;(Commands.java:5)
	at io.michaelcane.Calculator.&lt;init&gt;(Calculator.java:6)
	at io.michaelcane.Commands.&lt;init&gt;(Commands.java:5)
	at io.michaelcane.Calculator.&lt;init&gt;(Calculator.java:6)
	at io.michaelcane.Commands.&lt;init&gt;(Commands.java:5)
	at io.michaelcane.Calculator.&lt;init&gt;(Calculator.java:6)
	at io.michaelcane.Commands.&lt;init&gt;(Commands.java:5)
	at io.michaelcane.Calculator.&lt;init&gt;(Calculator.java:6)
	at io.michaelcane.Commands.&lt;init&gt;(Commands.java:5)
	at io.michaelcane.Calculator.&lt;init&gt;(Calculator.java:6)
	at io.michaelcane.Commands.&lt;init&gt;(Commands.java:5)
	at io.michaelcane.Calculator.&lt;init&gt;(Calculator.java:6)
	at io.michaelcane.Commands.&lt;init&gt;(Commands.java:5)
	at io.michaelcane.Calculator.&lt;init&gt;(Calculator.java:6)
	at io.michaelcane.Commands.&lt;init&gt;(Commands.java:5)
	at io.michaelcane.Calculator.&lt;init&gt;(Calculator.java:6)
	at io.michaelcane.Commands.&lt;init&gt;(Commands.java:5)
	at io.michaelcane.Calculator.&lt;init&gt;(Calculator.java:6)
	at io.michaelcane.Commands.&lt;init&gt;(Commands.java:5)
	at io.michaelcane.Calculator.&lt;init&gt;(Calculator.java:6)
	at io.michaelcane.Commands.&lt;init&gt;(Commands.java:5)
	at io.michaelcane.Calculator.&lt;init&gt;(Calculator.java:6)
	at io.michaelcane.Commands.&lt;init&gt;(Commands.java:5)
	at io.michaelcane.Calculator.&lt;init&gt;(Calculator.java:6)
	at io.michaelcane.Commands.&lt;init&gt;(Commands.java:5)
	at io.michaelcane.Calculator.&lt;init&gt;(Calculator.java:6)
	at io.michaelcane.Commands.&lt;init&gt;(Commands.java:5)
	at io.michaelcane.Calculator.&lt;init&gt;(Calculator.java:6)
	at io.michaelcane.Commands.&lt;init&gt;(Commands.java:5)
	at io.michaelcane.Calculator.&lt;init&gt;(Calculator.java:6)
	at io.michaelcane.Commands.&lt;init&gt;(Commands.java:5)
	at io.michaelcane.Calculator.&lt;init&gt;(Calculator.java:6)
	at io.michaelcane.Commands.&lt;init&gt;(Commands.java:5)
	at io.michaelcane.Calculator.&lt;init&gt;(Calculator.java:6)
	at io.michaelcane.Commands.&lt;init&gt;(Commands.java:5)
	at io.michaelcane.Calculator.&lt;init&gt;(Calculator.java:6)
	at io.michaelcane.Commands.&lt;init&gt;(Commands.java:5)
	at io.michaelcane.Calculator.&lt;init&gt;(Calculator.java:6)
	at io.michaelcane.Commands.&lt;init&gt;(Commands.java:5)
	at io.michaelcane.Calculator.&lt;init&gt;(Calculator.java:6)
	at io.michaelcane.Commands.&lt;init&gt;(Commands.java:5)
	at io.michaelcane.Calculator.&lt;init&gt;(Calculator.java:6)
	at io.michaelcane.Commands.&lt;init&gt;(Commands.java:5)
	at io.michaelcane.Calculator.&lt;init&gt;(Calculator.java:6)
	at io.michaelcane.Commands.&lt;init&gt;(Commands.java:5)
	at io.michaelcane.Calculator.&lt;init&gt;(Calculator.java:6)
	at io.michaelcane.Commands.&lt;init&gt;(Commands.java:5)
	at io.michaelcane.Calculator.&lt;init&gt;(Calculator.java:6)
	at io.michaelcane.Commands.&lt;init&gt;(Commands.java:5)
	at io.michaelcane.Calculator.&lt;init&gt;(Calculator.java:6)
	at io.michaelcane.Commands.&lt;init&gt;(Commands.java:5)
	at io.michaelcane.Calculator.&lt;init&gt;(Calculator.java:6)
	at io.michaelcane.Commands.&lt;init&gt;(Commands.java:5)
	at io.michaelcane.Calculator.&lt;init&gt;(Calculator.java:6)
	at io.michaelcane.Commands.&lt;init&gt;(Commands.java:5)
	at io.michaelcane.Calculator.&lt;init&gt;(Calculator.java:6)
	at io.michaelcane.Commands.&lt;init&gt;(Commands.java:5)
	at io.michaelcane.Calculator.&lt;init&gt;(Calculator.java:6)
	at io.michaelcane.Commands.&lt;init&gt;(Commands.java:5)
	at io.michaelcane.Calculator.&lt;init&gt;(Calculator.java:6)
	at io.michaelcane.Commands.&lt;init&gt;(Commands.java:5)
	at io.michaelcane.Calculator.&lt;init&gt;(Calculator.java:6)
	at io.michaelcane.Commands.&lt;init&gt;(Commands.java:5)
	at io.michaelcane.Calculator.&lt;init&gt;(Calculator.java:6)
	at io.michaelcane.Commands.&lt;init&gt;(Commands.java:5)
	at io.michaelcane.Calculator.&lt;init&gt;(Calculator.java:6)
	at io.michaelcane.Commands.&lt;init&gt;(Commands.java:5)
	at io.michaelcane.Calculator.&lt;init&gt;(Calculator.java:6)
	at io.michaelcane.Commands.&lt;init&gt;(Commands.java:5)
	at io.michaelcane.Calculator.&lt;init&gt;(Calculator.java:6)
	at io.michaelcane.Commands.&lt;init&gt;(Commands.java:5)
	at io.michaelcane.Calculator.&lt;init&gt;(Calculator.java:6)
	at io.michaelcane.Commands.&lt;init&gt;(Commands.java:5)
	at io.michaelcane.Calculator.&lt;init&gt;(Calculator.java:6)
	at io.michaelcane.Commands.&lt;init&gt;(Commands.java:5)
	at io.michaelcane.Calculator.&lt;init&gt;(Calculator.java:6)
	at io.michaelcane.Commands.&lt;init&gt;(Commands.java:5)
	at io.michaelcane.Calculator.&lt;init&gt;(Calculator.java:6)
	at io.michaelcane.Commands.&lt;init&gt;(Commands.java:5)
	at io.michaelcane.Calculator.&lt;init&gt;(Calculator.java:6)
	at io.michaelcane.Commands.&lt;init&gt;(Commands.java:5)
	at io.michaelcane.Calculator.&lt;init&gt;(Calculator.java:6)
	at io.michaelcane.Commands.&lt;init&gt;(Commands.java:5)
	at io.michaelcane.Calculator.&lt;init&gt;(Calculator.java:6)
	at io.michaelcane.Commands.&lt;init&gt;(Commands.java:5)
	at io.michaelcane.Calculator.&lt;init&gt;(Calculator.java:6)
	at io.michaelcane.Commands.&lt;init&gt;(Commands.java:5)
	at io.michaelcane.Calculator.&lt;init&gt;(Calculator.java:6)
	at io.michaelcane.Commands.&lt;init&gt;(Commands.java:5)
	at io.michaelcane.Calculator.&lt;init&gt;(Calculator.java:6)
	at io.michaelcane.Commands.&lt;init&gt;(Commands.java:5)
	at io.michaelcane.Calculator.&lt;init&gt;(Calculator.java:6)
	at io.michaelcane.Commands.&lt;init&gt;(Commands.java:5)
	at io.michaelcane.Calculator.&lt;init&gt;(Calculator.java:6)
	at io.michaelcane.Commands.&lt;init&gt;(Commands.java:5)
	at io.michaelcane.Calculator.&lt;init&gt;(Calculator.java:6)
	at io.michaelcane.Commands.&lt;init&gt;(Commands.java:5)
	at io.michaelcane.Calculator.&lt;init&gt;(Calculator.java:6)
	at io.michaelcane.Commands.&lt;init&gt;(Commands.java:5)
	at io.michaelcane.Calculator.&lt;init&gt;(Calculator.java:6)
	at io.michaelcane.Commands.&lt;init&gt;(Commands.java:5)
	at io.michaelcane.Calculator.&lt;init&gt;(Calculator.java:6)
	at io.michaelcane.Commands.&lt;init&gt;(Commands.java:5)
	at io.michaelcane.Calculator.&lt;init&gt;(Calculator.java:6)
	at io.michaelcane.Commands.&lt;init&gt;(Commands.java:5)
	at io.michaelcane.Calculator.&lt;init&gt;(Calculator.java:6)
	at io.michaelcane.Commands.&lt;init&gt;(Commands.java:5)
	at io.michaelcane.Calculator.&lt;init&gt;(Calculator.java:6)
	at io.michaelcane.Commands.&lt;init&gt;(Commands.java:5)
	at io.michaelcane.Calculator.&lt;init&gt;(Calculator.java:6)
	at io.michaelcane.Commands.&lt;init&gt;(Commands.java:5)
	at io.michaelcane.Calculator.&lt;init&gt;(Calculator.java:6)
	at io.michaelcane.Commands.&lt;init&gt;(Commands.java:5)
	at io.michaelcane.Calculator.&lt;init&gt;(Calculator.java:6)
	at io.michaelcane.Commands.&lt;init&gt;(Commands.java:5)
	at io.michaelcane.Calculator.&lt;init&gt;(Calculator.java:6)
	at io.michaelcane.Commands.&lt;init&gt;(Commands.java:5)
	at io.michaelcane.Calculator.&lt;init&gt;(Calculator.java:6)
	at io.michaelcane.Commands.&lt;init&gt;(Commands.java:5)
	at io.michaelcane.Calculator.&lt;init&gt;(Calculator.java:6)
	at io.michaelcane.Commands.&lt;init&gt;(Commands.java:5)
	at io.michaelcane.Calculator.&lt;init&gt;(Calculator.java:6)
	at io.michaelcane.Commands.&lt;init&gt;(Commands.java:5)
	at io.michaelcane.Calculator.&lt;init&gt;(Calculator.java:6)
	at io.michaelcane.Commands.&lt;init&gt;(Commands.java:5)
	at io.michaelcane.Calculator.&lt;init&gt;(Calculator.java:6)
	at io.michaelcane.Commands.&lt;init&gt;(Commands.java:5)
	at io.michaelcane.Calculator.&lt;init&gt;(Calculator.java:6)
	at io.michaelcane.Commands.&lt;init&gt;(Commands.java:5)
	at io.michaelcane.Calculator.&lt;init&gt;(Calculator.java:6)
	at io.michaelcane.Commands.&lt;init&gt;(Commands.java:5)
	at io.michaelcane.Calculator.&lt;init&gt;(Calculator.java:6)
	at io.michaelcane.Commands.&lt;init&gt;(Commands.java:5)
	at io.michaelcane.Calculator.&lt;init&gt;(Calculator.java:6)
	at io.michaelcane.Commands.&lt;init&gt;(Commands.java:5)
	at io.michaelcane.Calculator.&lt;init&gt;(Calculator.java:6)
	at io.michaelcane.Commands.&lt;init&gt;(Commands.java:5)
	at io.michaelcane.Calculator.&lt;init&gt;(Calculator.java:6)
	at io.michaelcane.Commands.&lt;init&gt;(Commands.java:5)
	at io.michaelcane.Calculator.&lt;init&gt;(Calculator.java:6)
	at io.michaelcane.Commands.&lt;init&gt;(Commands.java:5)
	at io.michaelcane.Calculator.&lt;init&gt;(Calculator.java:6)
	at io.michaelcane.Commands.&lt;init&gt;(Commands.java:5)
	at io.michaelcane.Calculator.&lt;init&gt;(Calculator.java:6)
	at io.michaelcane.Commands.&lt;init&gt;(Commands.java:5)
	at io.michaelcane.Calculator.&lt;init&gt;(Calculator.java:6)
	at io.michaelcane.Commands.&lt;init&gt;(Commands.java:5)
	at io.michaelcane.Calculator.&lt;init&gt;(Calculator.java:6)
	at io.michaelcane.Commands.&lt;init&gt;(Commands.java:5)
	at io.michaelcane.Calculator.&lt;init&gt;(Calculator.java:6)
	at io.michaelcane.Commands.&lt;init&gt;(Commands.java:5)
	at io.michaelcane.Calculator.&lt;init&gt;(Calculator.java:6)
	at io.michaelcane.Commands.&lt;init&gt;(Commands.java:5)
	at io.michaelcane.Calculator.&lt;init&gt;(Calculator.java:6)
	at io.michaelcane.Commands.&lt;init&gt;(Commands.java:5)
	at io.michaelcane.Calculator.&lt;init&gt;(Calculator.java:6)
	at io.michaelcane.Commands.&lt;init&gt;(Commands.java:5)
	at io.michaelcane.Calculator.&lt;init&gt;(Calculator.java:6)
	at io.michaelcane.Commands.&lt;init&gt;(Commands.java:5)
	at io.michaelcane.Calculator.&lt;init&gt;(Calculator.java:6)
	at io.michaelcane.Commands.&lt;init&gt;(Commands.java:5)
	at io.michaelcane.Calculator.&lt;init&gt;(Calculator.java:6)
	at io.michaelcane.Commands.&lt;init&gt;(Commands.java:5)
	at io.michaelcane.Calculator.&lt;init&gt;(Calculator.java:6)
	at io.michaelcane.Commands.&lt;init&gt;(Commands.java:5)
	at io.michaelcane.Calculator.&lt;init&gt;(Calculator.java:6)
	at io.michaelcane.Commands.&lt;init&gt;(Commands.java:5)
	at io.michaelcane.Calculator.&lt;init&gt;(Calculator.java:6)
	at io.michaelcane.Commands.&lt;init&gt;(Commands.java:5)
	at io.michaelcane.Calculator.&lt;init&gt;(Calculator.java:6)
	at io.michaelcane.Commands.&lt;init&gt;(Commands.java:5)
	at io.michaelcane.Calculator.&lt;init&gt;(Calculator.java:6)
	at io.michaelcane.Commands.&lt;init&gt;(Commands.java:5)
	at io.michaelcane.Calculator.&lt;init&gt;(Calculator.java:6)
	at io.michaelcane.Commands.&lt;init&gt;(Commands.java:5)
	at io.michaelcane.Calculator.&lt;init&gt;(Calculator.java:6)
	at io.michaelcane.Commands.&lt;init&gt;(Commands.java:5)
	at io.michaelcane.Calculator.&lt;init&gt;(Calculator.java:6)
	at io.michaelcane.Commands.&lt;init&gt;(Commands.java:5)
	at io.michaelcane.Calculator.&lt;init&gt;(Calculator.java:6)
	at io.michaelcane.Commands.&lt;init&gt;(Commands.java:5)
	at io.michaelcane.Calculator.&lt;init&gt;(Calculator.java:6)
	at io.michaelcane.Commands.&lt;init&gt;(Commands.java:5)
	at io.michaelcane.Calculator.&lt;init&gt;(Calculator.java:6)
	at io.michaelcane.Commands.&lt;init&gt;(Commands.java:5)
	at io.michaelcane.Calculator.&lt;init&gt;(Calculator.java:6)
	at io.michaelcane.Commands.&lt;init&gt;(Commands.java:5)
	at io.michaelcane.Calculator.&lt;init&gt;(Calculator.java:6)
	at io.michaelcane.Commands.&lt;init&gt;(Commands.java:5)
	at io.michaelcane.Calculator.&lt;init&gt;(Calculator.java:6)
	at io.michaelcane.Commands.&lt;init&gt;(Commands.java:5)
	at io.michaelcane.Calculator.&lt;init&gt;(Calculator.java:6)
	at io.michaelcane.Commands.&lt;init&gt;(Commands.java:5)
	at io.michaelcane.Calculator.&lt;init&gt;(Calculator.java:6)
	at io.michaelcane.Commands.&lt;init&gt;(Commands.java:5)
	at io.michaelcane.Calculator.&lt;init&gt;(Calculator.java:6)
	at io.michaelcane.Commands.&lt;init&gt;(Commands.java:5)
	at io.michaelcane.Calculator.&lt;init&gt;(Calculator.java:6)
	at io.michaelcane.Commands.&lt;init&gt;(Commands.java:5)
	at io.michaelcane.Calculator.&lt;init&gt;(Calculator.java:6)
	at io.michaelcane.Commands.&lt;init&gt;(Commands.java:5)
	at io.michaelcane.Calculator.&lt;init&gt;(Calculator.java:6)
	at io.michaelcane.Commands.&lt;init&gt;(Commands.java:5)
	at io.michaelcane.Calculator.&lt;init&gt;(Calculator.java:6)
	at io.michaelcane.Commands.&lt;init&gt;(Commands.java:5)
	at io.michaelcane.Calculator.&lt;init&gt;(Calculator.java:6)
	at io.michaelcane.Commands.&lt;init&gt;(Commands.java:5)
	at io.michaelcane.Calculator.&lt;init&gt;(Calculator.java:6)
	at io.michaelcane.Commands.&lt;init&gt;(Commands.java:5)
	at io.michaelcane.Calculator.&lt;init&gt;(Calculator.java:6)
	at io.michaelcane.Commands.&lt;init&gt;(Commands.java:5)
	at io.michaelcane.Calculator.&lt;init&gt;(Calculator.java:6)
	at io.michaelcane.Commands.&lt;init&gt;(Commands.java:5)
	at io.michaelcane.Calculator.&lt;init&gt;(Calculator.java:6)
	at io.michaelcane.Commands.&lt;init&gt;(Commands.java:5)
	at io.michaelcane.Calculator.&lt;init&gt;(Calculator.java:6)
	at io.michaelcane.Commands.&lt;init&gt;(Commands.java:5)
	at io.michaelcane.Calculator.&lt;init&gt;(Calculator.java:6)
	at io.michaelcane.Commands.&lt;init&gt;(Commands.java:5)
	at io.michaelcane.Calculator.&lt;init&gt;(Calculator.java:6)
	at io.michaelcane.Commands.&lt;init&gt;(Commands.java:5)
	at io.michaelcane.Calculator.&lt;init&gt;(Calculator.java:6)
	at io.michaelcane.Commands.&lt;init&gt;(Commands.java:5)
	at io.michaelcane.Calculator.&lt;init&gt;(Calculator.java:6)
	at io.michaelcane.Commands.&lt;init&gt;(Commands.java:5)
	at io.michaelcane.Calculator.&lt;init&gt;(Calculator.java:6)
	at io.michaelcane.Commands.&lt;init&gt;(Commands.java:5)
	at io.michaelcane.Calculator.&lt;init&gt;(Calculator.java:6)
	at io.michaelcane.Commands.&lt;init&gt;(Commands.java:5)
	at io.michaelcane.Calculator.&lt;init&gt;(Calculator.java:6)
	at io.michaelcane.Commands.&lt;init&gt;(Commands.java:5)
	at io.michaelcane.Calculator.&lt;init&gt;(Calculator.java:6)
	at io.michaelcane.Commands.&lt;init&gt;(Commands.java:5)
	at io.michaelcane.Calculator.&lt;init&gt;(Calculator.java:6)
	at io.michaelcane.Commands.&lt;init&gt;(Commands.java:5)
	at io.michaelcane.Calculator.&lt;init&gt;(Calculator.java:6)
	at io.michaelcane.Commands.&lt;init&gt;(Commands.java:5)
	at io.michaelcane.Calculator.&lt;init&gt;(Calculator.java:6)
	at io.michaelcane.Commands.&lt;init&gt;(Commands.java:5)
	at io.michaelcane.Calculator.&lt;init&gt;(Calculator.java:6)
	at io.michaelcane.Commands.&lt;init&gt;(Commands.java:5)
	at io.michaelcane.Calculator.&lt;init&gt;(Calculator.java:6)
	at io.michaelcane.Commands.&lt;init&gt;(Commands.java:5)
	at io.michaelcane.Calculator.&lt;init&gt;(Calculator.java:6)
	at io.michaelcane.Commands.&lt;init&gt;(Commands.java:5)
	at io.michaelcane.Calculator.&lt;init&gt;(Calculator.java:6)
	at io.michaelcane.Commands.&lt;init&gt;(Commands.java:5)
	at io.michaelcane.Calculator.&lt;init&gt;(Calculator.java:6)
	at io.michaelcane.Commands.&lt;init&gt;(Commands.java:5)
	at io.michaelcane.Calculator.&lt;init&gt;(Calculator.java:6)
	at io.michaelcane.Commands.&lt;init&gt;(Commands.java:5)
	at io.michaelcane.Calculator.&lt;init&gt;(Calculator.java:6)
	at io.michaelcane.Commands.&lt;init&gt;(Commands.java:5)
	at io.michaelcane.Calculator.&lt;init&gt;(Calculator.java:6)
	at io.michaelcane.Commands.&lt;init&gt;(Commands.java:5)
	at io.michaelcane.Calculator.&lt;init&gt;(Calculator.java:6)
	at io.michaelcane.Commands.&lt;init&gt;(Commands.java:5)
	at io.michaelcane.Calculator.&lt;init&gt;(Calculator.java:6)
	at io.michaelcane.Commands.&lt;init&gt;(Commands.java:5)
	at io.michaelcane.Calculator.&lt;init&gt;(Calculator.java:6)
	at io.michaelcane.Commands.&lt;init&gt;(Commands.java:5)
	at io.michaelcane.Calculator.&lt;init&gt;(Calculator.java:6)
	at io.michaelcane.Commands.&lt;init&gt;(Commands.java:5)
	at io.michaelcane.Calculator.&lt;init&gt;(Calculator.java:6)
	at io.michaelcane.Commands.&lt;init&gt;(Commands.java:5)
	at io.michaelcane.Calculator.&lt;init&gt;(Calculator.java:6)
	at io.michaelcane.Commands.&lt;init&gt;(Commands.java:5)
	at io.michaelcane.Calculator.&lt;init&gt;(Calculator.java:6)
	at io.michaelcane.Commands.&lt;init&gt;(Commands.java:5)
	at io.michaelcane.Calculator.&lt;init&gt;(Calculator.java:6)
	at io.michaelcane.Commands.&lt;init&gt;(Commands.java:5)
	at io.michaelcane.Calculator.&lt;init&gt;(Calculator.java:6)
	at io.michaelcane.Commands.&lt;init&gt;(Commands.java:5)
	at io.michaelcane.Calculator.&lt;init&gt;(Calculator.java:6)
	at io.michaelcane.Commands.&lt;init&gt;(Commands.java:5)
	at io.michaelcane.Calculator.&lt;init&gt;(Calculator.java:6)
	at io.michaelcane.Commands.&lt;init&gt;(Commands.java:5)
	at io.michaelcane.Calculator.&lt;init&gt;(Calculator.java:6)
	at io.michaelcane.Commands.&lt;init&gt;(Commands.java:5)
	at io.michaelcane.Calculator.&lt;init&gt;(Calculator.java:6)
	at io.michaelcane.Commands.&lt;init&gt;(Commands.java:5)
	at io.michaelcane.Calculator.&lt;init&gt;(Calculator.java:6)
	at io.michaelcane.Commands.&lt;init&gt;(Commands.java:5)
	at io.michaelcane.Calculator.&lt;init&gt;(Calculator.java:6)
	at io.michaelcane.Commands.&lt;init&gt;(Commands.java:5)
	at io.michaelcane.Calculator.&lt;init&gt;(Calculator.java:6)
	at io.michaelcane.Commands.&lt;init&gt;(Commands.java:5)
	at io.michaelcane.Calculator.&lt;init&gt;(Calculator.java:6)
	at io.michaelcane.Commands.&lt;init&gt;(Commands.java:5)
	at io.michaelcane.Calculator.&lt;init&gt;(Calculator.java:6)
	at io.michaelcane.Commands.&lt;init&gt;(Commands.java:5)
	at io.michaelcane.Calculator.&lt;init&gt;(Calculator.java:6)
	at io.michaelcane.Commands.&lt;init&gt;(Commands.java:5)
	at io.michaelcane.Calculator.&lt;init&gt;(Calculator.java:6)
	at io.michaelcane.Commands.&lt;init&gt;(Commands.java:5)
	at io.michaelcane.Calculator.&lt;init&gt;(Calculator.java:6)
	at io.michaelcane.Commands.&lt;init&gt;(Commands.java:5)
	at io.michaelcane.Calculator.&lt;init&gt;(Calculator.java:6)
	at io.michaelcane.Commands.&lt;init&gt;(Commands.java:5)
	at io.michaelcane.Calculator.&lt;init&gt;(Calculator.java:6)
	at io.michaelcane.Commands.&lt;init&gt;(Commands.java:5)
	at io.michaelcane.Calculator.&lt;init&gt;(Calculator.java:6)
	at io.michaelcane.Commands.&lt;init&gt;(Commands.java:5)
	at io.michaelcane.Calculator.&lt;init&gt;(Calculator.java:6)
	at io.michaelcane.Commands.&lt;init&gt;(Commands.java:5)
	at io.michaelcane.Calculator.&lt;init&gt;(Calculator.java:6)
	at io.michaelcane.Commands.&lt;init&gt;(Commands.java:5)
	at io.michaelcane.Calculator.&lt;init&gt;(Calculator.java:6)
	at io.michaelcane.Commands.&lt;init&gt;(Commands.java:5)
	at io.michaelcane.Calculator.&lt;init&gt;(Calculator.java:6)
	at io.michaelcane.Commands.&lt;init&gt;(Commands.java:5)
	at io.michaelcane.Calculator.&lt;init&gt;(Calculator.java:6)
	at io.michaelcane.Commands.&lt;init&gt;(Commands.java:5)
	at io.michaelcane.Calculator.&lt;init&gt;(Calculator.java:6)
	at io.michaelcane.Commands.&lt;init&gt;(Commands.java:5)
	at io.michaelcane.Calculator.&lt;init&gt;(Calculator.java:6)
	at io.michaelcane.Commands.&lt;init&gt;(Commands.java:5)
	at io.michaelcane.Calculator.&lt;init&gt;(Calculator.java:6)
	at io.michaelcane.Commands.&lt;init&gt;(Commands.java:5)
	at io.michaelcane.Calculator.&lt;init&gt;(Calculator.java:6)
	at io.michaelcane.Commands.&lt;init&gt;(Commands.java:5)
	at io.michaelcane.Calculator.&lt;init&gt;(Calculator.java:6)
	at io.michaelcane.Commands.&lt;init&gt;(Commands.java:5)
	at io.michaelcane.Calculator.&lt;init&gt;(Calculator.java:6)
	at io.michaelcane.Commands.&lt;init&gt;(Commands.java:5)
	at io.michaelcane.Calculator.&lt;init&gt;(Calculator.java:6)
	at io.michaelcane.Commands.&lt;init&gt;(Commands.java:5)
	at io.michaelcane.Calculator.&lt;init&gt;(Calculator.java:6)
	at io.michaelcane.Commands.&lt;init&gt;(Commands.java:5)
	at io.michaelcane.Calculator.&lt;init&gt;(Calculator.java:6)
	at io.michaelcane.Commands.&lt;init&gt;(Commands.java:5)
	at io.michaelcane.Calculator.&lt;init&gt;(Calculator.java:6)
	at io.michaelcane.Commands.&lt;init&gt;(Commands.java:5)
	at io.michaelcane.Calculator.&lt;init&gt;(Calculator.java:6)
	at io.michaelcane.Commands.&lt;init&gt;(Commands.java:5)
	at io.michaelcane.Calculator.&lt;init&gt;(Calculator.java:6)
	at io.michaelcane.Commands.&lt;init&gt;(Commands.java:5)
	at io.michaelcane.Calculator.&lt;init&gt;(Calculator.java:6)
	at io.michaelcane.Commands.&lt;init&gt;(Commands.java:5)
	at io.michaelcane.Calculator.&lt;init&gt;(Calculator.java:6)
	at io.michaelcane.Commands.&lt;init&gt;(Commands.java:5)
	at io.michaelcane.Calculator.&lt;init&gt;(Calculator.java:6)
	at io.michaelcane.Commands.&lt;init&gt;(Commands.java:5)
	at io.michaelcane.Calculator.&lt;init&gt;(Calculator.java:6)
	at io.michaelcane.Commands.&lt;init&gt;(Commands.java:5)
	at io.michaelcane.Calculator.&lt;init&gt;(Calculator.java:6)
	at io.michaelcane.Commands.&lt;init&gt;(Commands.java:5)
	at io.michaelcane.Calculator.&lt;init&gt;(Calculator.java:6)
	at io.michaelcane.Commands.&lt;init&gt;(Commands.java:5)
	at io.michaelcane.Calculator.&lt;init&gt;(Calculator.java:6)
	at io.michaelcane.Commands.&lt;init&gt;(Commands.java:5)
	at io.michaelcane.Calculator.&lt;init&gt;(Calculator.java:6)
	at io.michaelcane.Commands.&lt;init&gt;(Commands.java:5)
	at io.michaelcane.Calculator.&lt;init&gt;(Calculator.java:6)
	at io.michaelcane.Commands.&lt;init&gt;(Commands.java:5)
	at io.michaelcane.Calculator.&lt;init&gt;(Calculator.java:6)
	at io.michaelcane.Commands.&lt;init&gt;(Commands.java:5)
	at io.michaelcane.Calculator.&lt;init&gt;(Calculator.java:6)
	at io.michaelcane.Commands.&lt;init&gt;(Commands.java:5)
	at io.michaelcane.Calculator.&lt;init&gt;(Calculator.java:6)
	at io.michaelcane.Commands.&lt;init&gt;(Commands.java:5)
	at io.michaelcane.Calculator.&lt;init&gt;(Calculator.java:6)
	at io.michaelcane.Commands.&lt;init&gt;(Commands.java:5)
	at io.michaelcane.Calculator.&lt;init&gt;(Calculator.java:6)
	at io.michaelcane.Commands.&lt;init&gt;(Commands.java:5)
	at io.michaelcane.Calculator.&lt;init&gt;(Calculator.java:6)
	at io.michaelcane.Commands.&lt;init&gt;(Commands.java:5)
	at io.michaelcane.Calculator.&lt;init&gt;(Calculator.java:6)
	at io.michaelcane.Commands.&lt;init&gt;(Commands.java:5)
	at io.michaelcane.Calculator.&lt;init&gt;(Calculator.java:6)
	at io.michaelcane.Commands.&lt;init&gt;(Commands.java:5)
	at io.michaelcane.Calculator.&lt;init&gt;(Calculator.java:6)
	at io.michaelcane.Commands.&lt;init&gt;(Commands.java:5)
	at io.michaelcane.Calculator.&lt;init&gt;(Calculator.java:6)
	at io.michaelcane.Commands.&lt;init&gt;(Commands.java:5)
	at io.michaelcane.Calculator.&lt;init&gt;(Calculator.java:6)
	at io.michaelcane.Commands.&lt;init&gt;(Commands.java:5)
	at io.michaelcane.Calculator.&lt;init&gt;(Calculator.java:6)
	at io.michaelcane.Commands.&lt;init&gt;(Commands.java:5)
	at io.michaelcane.Calculator.&lt;init&gt;(Calculator.java:6)
	at io.michaelcane.Commands.&lt;init&gt;(Commands.java:5)
	at io.michaelcane.Calculator.&lt;init&gt;(Calculator.java:6)
	at io.michaelcane.Commands.&lt;init&gt;(Commands.java:5)
	at io.michaelcane.Calculator.&lt;init&gt;(Calculator.java:6)
	at io.michaelcane.Commands.&lt;init&gt;(Commands.java:5)
	at io.michaelcane.Calculator.&lt;init&gt;(Calculator.java:6)
	at io.michaelcane.Commands.&lt;init&gt;(Commands.java:5)
	at io.michaelcane.Calculator.&lt;init&gt;(Calculator.java:6)
	at io.michaelcane.Commands.&lt;init&gt;(Commands.java:5)
	at io.michaelcane.Calculator.&lt;init&gt;(Calculator.java:6)
	at io.michaelcane.Commands.&lt;init&gt;(Commands.java:5)
	at io.michaelcane.Calculator.&lt;init&gt;(Calculator.java:6)
	at io.michaelcane.Commands.&lt;init&gt;(Commands.java:5)
	at io.michaelcane.Calculator.&lt;init&gt;(Calculator.java:6)
	at io.michaelcane.Commands.&lt;init&gt;(Commands.java:5)
	at io.michaelcane.Calculator.&lt;init&gt;(Calculator.java:6)
	at io.michaelcane.Commands.&lt;init&gt;(Commands.java:5)
	at io.michaelcane.Calculator.&lt;init&gt;(Calculator.java:6)
	at io.michaelcane.Commands.&lt;init&gt;(Commands.java:5)
	at io.michaelcane.Calculator.&lt;init&gt;(Calculator.java:6)
	at io.michaelcane.Commands.&lt;init&gt;(Commands.java:5)
	at io.michaelcane.Calculator.&lt;init&gt;(Calculator.java:6)
	at io.michaelcane.Commands.&lt;init&gt;(Commands.java:5)
	at io.michaelcane.Calculator.&lt;init&gt;(Calculator.java:6)
	at io.michaelcane.Commands.&lt;init&gt;(Commands.java:5)
	at io.michaelcane.Calculator.&lt;init&gt;(Calculator.java:6)
	at io.michaelcane.Commands.&lt;init&gt;(Commands.java:5)
	at io.michaelcane.Calculator.&lt;init&gt;(Calculator.java:6)
	at io.michaelcane.Commands.&lt;init&gt;(Commands.java:5)
	at io.michaelcane.Calculator.&lt;init&gt;(Calculator.java:6)
	at io.michaelcane.Commands.&lt;init&gt;(Commands.java:5)
	at io.michaelcane.Calculator.&lt;init&gt;(Calculator.java:6)
	at io.michaelcane.Commands.&lt;init&gt;(Commands.java:5)
	at io.michaelcane.Calculator.&lt;init&gt;(Calculator.java:6)
	at io.michaelcane.Commands.&lt;init&gt;(Commands.java:5)
	at io.michaelcane.Calculator.&lt;init&gt;(Calculator.java:6)
	at io.michaelcane.Commands.&lt;init&gt;(Commands.java:5)
	at io.michaelcane.Calculator.&lt;init&gt;(Calculator.java:6)
	at io.michaelcane.Commands.&lt;init&gt;(Commands.java:5)
	at io.michaelcane.Calculator.&lt;init&gt;(Calculator.java:6)
	at io.michaelcane.Commands.&lt;init&gt;(Commands.java:5)
	at io.michaelcane.Calculator.&lt;init&gt;(Calculator.java:6)
	at io.michaelcane.Commands.&lt;init&gt;(Commands.java:5)
	at io.michaelcane.Calculator.&lt;init&gt;(Calculator.java:6)
	at io.michaelcane.Commands.&lt;init&gt;(Commands.java:5)
	at io.michaelcane.Calculator.&lt;init&gt;(Calculator.java:6)
	at io.michaelcane.Commands.&lt;init&gt;(Commands.java:5)
	at io.michaelcane.Calculator.&lt;init&gt;(Calculator.java:6)
	at io.michaelcane.Commands.&lt;init&gt;(Commands.java:5)
	at io.michaelcane.Calculator.&lt;init&gt;(Calculator.java:6)
	at io.michaelcane.Commands.&lt;init&gt;(Commands.java:5)
	at io.michaelcane.Calculator.&lt;init&gt;(Calculator.java:6)
	at io.michaelcane.Commands.&lt;init&gt;(Commands.java:5)
	at io.michaelcane.Calculator.&lt;init&gt;(Calculator.java:6)
	at io.michaelcane.Commands.&lt;init&gt;(Commands.java:5)
	at io.michaelcane.Calculator.&lt;init&gt;(Calculator.java:6)
	at io.michaelcane.Commands.&lt;init&gt;(Commands.java:5)
	at io.michaelcane.Calculator.&lt;init&gt;(Calculator.java:6)
	at io.michaelcane.Commands.&lt;init&gt;(Commands.java:5)
	at io.michaelcane.Calculator.&lt;init&gt;(Calculator.java:6)
	at io.michaelcane.Commands.&lt;init&gt;(Commands.java:5)
	at io.michaelcane.Calculator.&lt;init&gt;(Calculator.java:6)
	at io.michaelcane.Commands.&lt;init&gt;(Commands.java:5)
	at io.michaelcane.Calculator.&lt;init&gt;(Calculator.java:6)
	at io.michaelcane.Commands.&lt;init&gt;(Commands.java:5)
	at io.michaelcane.Calculator.&lt;init&gt;(Calculator.java:6)
	at io.michaelcane.Commands.&lt;init&gt;(Commands.java:5)
	at io.michaelcane.Calculator.&lt;init&gt;(Calculator.java:6)
	at io.michaelcane.Commands.&lt;init&gt;(Commands.java:5)
	at io.michaelcane.Calculator.&lt;init&gt;(Calculator.java:6)
	at io.michaelcane.Commands.&lt;init&gt;(Commands.java:5)
	at io.michaelcane.Calculator.&lt;init&gt;(Calculator.java:6)
	at io.michaelcane.Commands.&lt;init&gt;(Commands.java:5)
	at io.michaelcane.Calculator.&lt;init&gt;(Calculator.java:6)
	at io.michaelcane.Commands.&lt;init&gt;(Commands.java:5)
	at io.michaelcane.Calculator.&lt;init&gt;(Calculator.java:6)
	at io.michaelcane.Commands.&lt;init&gt;(Commands.java:5)
	at io.michaelcane.Calculator.&lt;init&gt;(Calculator.java:6)
	at io.michaelcane.Commands.&lt;init&gt;(Commands.java:5)
	at io.michaelcane.Calculator.&lt;init&gt;(Calculator.java:6)
	at io.michaelcane.Commands.&lt;init&gt;(Commands.java:5)
	at io.michaelcane.Calculator.&lt;init&gt;(Calculator.java:6)
	at io.michaelcane.Commands.&lt;init&gt;(Commands.java:5)
	at io.michaelcane.Calculator.&lt;init&gt;(Calculator.java:6)
	at io.michaelcane.Commands.&lt;init&gt;(Commands.java:5)
	at io.michaelcane.Calculator.&lt;init&gt;(Calculator.java:6)
	at io.michaelcane.Commands.&lt;init&gt;(Commands.java:5)
	at io.michaelcane.Calculator.&lt;init&gt;(Calculator.java:6)
	at io.michaelcane.Commands.&lt;init&gt;(Commands.java:5)
	at io.michaelcane.Calculator.&lt;init&gt;(Calculator.java:6)
	at io.michaelcane.Commands.&lt;init&gt;(Commands.java:5)
	at io.michaelcane.Calculator.&lt;init&gt;(Calculator.java:6)
	at io.michaelcane.Commands.&lt;init&gt;(Commands.java:5)
	at io.michaelcane.Calculator.&lt;init&gt;(Calculator.java:6)
	at io.michaelcane.Commands.&lt;init&gt;(Commands.java:5)
	at io.michaelcane.Calculator.&lt;init&gt;(Calculator.java:6)
	at io.michaelcane.Commands.&lt;init&gt;(Commands.java:5)
	at io.michaelcane.Calculator.&lt;init&gt;(Calculator.java:6)
	at io.michaelcane.Commands.&lt;init&gt;(Commands.java:5)
	at io.michaelcane.Calculator.&lt;init&gt;(Calculator.java:6)
	at io.michaelcane.Commands.&lt;init&gt;(Commands.java:5)
	at io.michaelcane.Calculator.&lt;init&gt;(Calculator.java:6)
	at io.michaelcane.Commands.&lt;init&gt;(Commands.java:5)
	at io.michaelcane.Calculator.&lt;init&gt;(Calculator.java:6)
	at io.michaelcane.Commands.&lt;init&gt;(Commands.java:5)
	at io.michaelcane.Calculator.&lt;init&gt;(Calculator.java:6)
	at io.michaelcane.Commands.&lt;init&gt;(Commands.java:5)
	at io.michaelcane.Calculator.&lt;init&gt;(Calculator.java:6)
	at io.michaelcane.Commands.&lt;init&gt;(Commands.java:5)
	at io.michaelcane.Calculator.&lt;init&gt;(Calculator.java:6)
	at io.michaelcane.Commands.&lt;init&gt;(Commands.java:5)
	at io.michaelcane.Calculator.&lt;init&gt;(Calculator.java:6)
	at io.michaelcane.Commands.&lt;init&gt;(Commands.java:5)
	at io.michaelcane.Calculator.&lt;init&gt;(Calculator.java:6)
	at io.michaelcane.Commands.&lt;init&gt;(Commands.java:5)
	at io.michaelcane.Calculator.&lt;init&gt;(Calculator.java:6)
	at io.michaelcane.Commands.&lt;init&gt;(Commands.java:5)
	at io.michaelcane.Calculator.&lt;init&gt;(Calculator.java:6)
	at io.michaelcane.Commands.&lt;init&gt;(Commands.java:5)
	at io.michaelcane.Calculator.&lt;init&gt;(Calculator.java:6)
	at io.michaelcane.Commands.&lt;init&gt;(Commands.java:5)
	at io.michaelcane.Calculator.&lt;init&gt;(Calculator.java:6)
	at io.michaelcane.Commands.&lt;init&gt;(Commands.java:5)
	at io.michaelcane.Calculator.&lt;init&gt;(Calculator.java:6)
	at io.michaelcane.Commands.&lt;init&gt;(Commands.java:5)
	at io.michaelcane.Calculator.&lt;init&gt;(Calculator.java:6)
	at io.michaelcane.Commands.&lt;init&gt;(Commands.java:5)
	at io.michaelcane.Calculator.&lt;init&gt;(Calculator.java:6)
	at io.michaelcane.Commands.&lt;init&gt;(Commands.java:5)
	at io.michaelcane.Calculator.&lt;init&gt;(Calculator.java:6)
	at io.michaelcane.Commands.&lt;init&gt;(Commands.java:5)
	at io.michaelcane.Calculator.&lt;init&gt;(Calculator.java:6)
	at io.michaelcane.Commands.&lt;init&gt;(Commands.java:5)
	at io.michaelcane.Calculator.&lt;init&gt;(Calculator.java:6)
	at io.michaelcane.Commands.&lt;init&gt;(Commands.java:5)
	at io.michaelcane.Calculator.&lt;init&gt;(Calculator.java:6)
	at io.michaelcane.Commands.&lt;init&gt;(Commands.java:5)
	at io.michaelcane.Calculator.&lt;init&gt;(Calculator.java:6)
	at io.michaelcane.Commands.&lt;init&gt;(Commands.java:5)
	at io.michaelcane.Calculator.&lt;init&gt;(Calculator.java:6)
	at io.michaelcane.Commands.&lt;init&gt;(Commands.java:5)
	at io.michaelcane.Calculator.&lt;init&gt;(Calculator.java:6)
	at io.michaelcane.Commands.&lt;init&gt;(Commands.java:5)
	at io.michaelcane.Calculator.&lt;init&gt;(Calculator.java:6)
	at io.michaelcane.Commands.&lt;init&gt;(Commands.java:5)
	at io.michaelcane.Calculator.&lt;init&gt;(Calculator.java:6)
	at io.michaelcane.Commands.&lt;init&gt;(Commands.java:5)
	at io.michaelcane.Calculator.&lt;init&gt;(Calculator.java:6)
	at io.michaelcane.Commands.&lt;init&gt;(Commands.java:5)
	at io.michaelcane.Calculator.&lt;init&gt;(Calculator.java:6)
	at io.michaelcane.Commands.&lt;init&gt;(Commands.java:5)
	at io.michaelcane.Calculator.&lt;init&gt;(Calculator.java:6)
	at io.michaelcane.Commands.&lt;init&gt;(Commands.java:5)
	at io.michaelcane.Calculator.&lt;init&gt;(Calculator.java:6)
	at io.michaelcane.Commands.&lt;init&gt;(Commands.java:5)
	at io.michaelcane.Calculator.&lt;init&gt;(Calculator.java:6)
	at io.michaelcane.Commands.&lt;init&gt;(Commands.java:5)
	at io.michaelcane.Calculator.&lt;init&gt;(Calculator.java:6)
	at io.michaelcane.Commands.&lt;init&gt;(Commands.java:5)
	at io.michaelcane.Calculator.&lt;init&gt;(Calculator.java:6)
	at io.michaelcane.Commands.&lt;init&gt;(Commands.java:5)
</error>
  </testcase>
  <testcase classname="io.michaelcane.CalculatorSpec" name="test$sin" time="0.013">
    <error type="java.lang.StackOverflowError">java.lang.StackOverflowError
	at io.michaelcane.Calculator.&lt;init&gt;(Calculator.java:6)
	at io.michaelcane.Commands.&lt;init&gt;(Commands.java:5)
	at io.michaelcane.Calculator.&lt;init&gt;(Calculator.java:6)
	at io.michaelcane.Commands.&lt;init&gt;(Commands.java:5)
	at io.michaelcane.Calculator.&lt;init&gt;(Calculator.java:6)
	at io.michaelcane.Commands.&lt;init&gt;(Commands.java:5)
	at io.michaelcane.Calculator.&lt;init&gt;(Calculator.java:6)
	at io.michaelcane.Commands.&lt;init&gt;(Commands.java:5)
	at io.michaelcane.Calculator.&lt;init&gt;(Calculator.java:6)
	at io.michaelcane.Commands.&lt;init&gt;(Commands.java:5)
	at io.michaelcane.Calculator.&lt;init&gt;(Calculator.java:6)
	at io.michaelcane.Commands.&lt;init&gt;(Commands.java:5)
	at io.michaelcane.Calculator.&lt;init&gt;(Calculator.java:6)
	at io.michaelcane.Commands.&lt;init&gt;(Commands.java:5)
	at io.michaelcane.Calculator.&lt;init&gt;(Calculator.java:6)
	at io.michaelcane.Commands.&lt;init&gt;(Commands.java:5)
	at io.michaelcane.Calculator.&lt;init&gt;(Calculator.java:6)
	at io.michaelcane.Commands.&lt;init&gt;(Commands.java:5)
	at io.michaelcane.Calculator.&lt;init&gt;(Calculator.java:6)
	at io.michaelcane.Commands.&lt;init&gt;(Commands.java:5)
	at io.michaelcane.Calculator.&lt;init&gt;(Calculator.java:6)
	at io.michaelcane.Commands.&lt;init&gt;(Commands.java:5)
	at io.michaelcane.Calculator.&lt;init&gt;(Calculator.java:6)
	at io.michaelcane.Commands.&lt;init&gt;(Commands.java:5)
	at io.michaelcane.Calculator.&lt;init&gt;(Calculator.java:6)
	at io.michaelcane.Commands.&lt;init&gt;(Commands.java:5)
	at io.michaelcane.Calculator.&lt;init&gt;(Calculator.java:6)
	at io.michaelcane.Commands.&lt;init&gt;(Commands.java:5)
	at io.michaelcane.Calculator.&lt;init&gt;(Calculator.java:6)
	at io.michaelcane.Commands.&lt;init&gt;(Commands.java:5)
	at io.michaelcane.Calculator.&lt;init&gt;(Calculator.java:6)
	at io.michaelcane.Commands.&lt;init&gt;(Commands.java:5)
	at io.michaelcane.Calculator.&lt;init&gt;(Calculator.java:6)
	at io.michaelcane.Commands.&lt;init&gt;(Commands.java:5)
	at io.michaelcane.Calculator.&lt;init&gt;(Calculator.java:6)
	at io.michaelcane.Commands.&lt;init&gt;(Commands.java:5)
	at io.michaelcane.Calculator.&lt;init&gt;(Calculator.java:6)
	at io.michaelcane.Commands.&lt;init&gt;(Commands.java:5)
	at io.michaelcane.Calculator.&lt;init&gt;(Calculator.java:6)
	at io.michaelcane.Commands.&lt;init&gt;(Commands.java:5)
	at io.michaelcane.Calculator.&lt;init&gt;(Calculator.java:6)
	at io.michaelcane.Commands.&lt;init&gt;(Commands.java:5)
	at io.michaelcane.Calculator.&lt;init&gt;(Calculator.java:6)
	at io.michaelcane.Commands.&lt;init&gt;(Commands.java:5)
	at io.michaelcane.Calculator.&lt;init&gt;(Calculator.java:6)
	at io.michaelcane.Commands.&lt;init&gt;(Commands.java:5)
	at io.michaelcane.Calculator.&lt;init&gt;(Calculator.java:6)
	at io.michaelcane.Commands.&lt;init&gt;(Commands.java:5)
	at io.michaelcane.Calculator.&lt;init&gt;(Calculator.java:6)
	at io.michaelcane.Commands.&lt;init&gt;(Commands.java:5)
	at io.michaelcane.Calculator.&lt;init&gt;(Calculator.java:6)
	at io.michaelcane.Commands.&lt;init&gt;(Commands.java:5)
	at io.michaelcane.Calculator.&lt;init&gt;(Calculator.java:6)
	at io.michaelcane.Commands.&lt;init&gt;(Commands.java:5)
	at io.michaelcane.Calculator.&lt;init&gt;(Calculator.java:6)
	at io.michaelcane.Commands.&lt;init&gt;(Commands.java:5)
	at io.michaelcane.Calculator.&lt;init&gt;(Calculator.java:6)
	at io.michaelcane.Commands.&lt;init&gt;(Commands.java:5)
	at io.michaelcane.Calculator.&lt;init&gt;(Calculator.java:6)
	at io.michaelcane.Commands.&lt;init&gt;(Commands.java:5)
	at io.michaelcane.Calculator.&lt;init&gt;(Calculator.java:6)
	at io.michaelcane.Commands.&lt;init&gt;(Commands.java:5)
	at io.michaelcane.Calculator.&lt;init&gt;(Calculator.java:6)
	at io.michaelcane.Commands.&lt;init&gt;(Commands.java:5)
	at io.michaelcane.Calculator.&lt;init&gt;(Calculator.java:6)
	at io.michaelcane.Commands.&lt;init&gt;(Commands.java:5)
	at io.michaelcane.Calculator.&lt;init&gt;(Calculator.java:6)
	at io.michaelcane.Commands.&lt;init&gt;(Commands.java:5)
	at io.michaelcane.Calculator.&lt;init&gt;(Calculator.java:6)
	at io.michaelcane.Commands.&lt;init&gt;(Commands.java:5)
	at io.michaelcane.Calculator.&lt;init&gt;(Calculator.java:6)
	at io.michaelcane.Commands.&lt;init&gt;(Commands.java:5)
	at io.michaelcane.Calculator.&lt;init&gt;(Calculator.java:6)
	at io.michaelcane.Commands.&lt;init&gt;(Commands.java:5)
	at io.michaelcane.Calculator.&lt;init&gt;(Calculator.java:6)
	at io.michaelcane.Commands.&lt;init&gt;(Commands.java:5)
	at io.michaelcane.Calculator.&lt;init&gt;(Calculator.java:6)
	at io.michaelcane.Commands.&lt;init&gt;(Commands.java:5)
	at io.michaelcane.Calculator.&lt;init&gt;(Calculator.java:6)
	at io.michaelcane.Commands.&lt;init&gt;(Commands.java:5)
	at io.michaelcane.Calculator.&lt;init&gt;(Calculator.java:6)
	at io.michaelcane.Commands.&lt;init&gt;(Commands.java:5)
	at io.michaelcane.Calculator.&lt;init&gt;(Calculator.java:6)
	at io.michaelcane.Commands.&lt;init&gt;(Commands.java:5)
	at io.michaelcane.Calculator.&lt;init&gt;(Calculator.java:6)
	at io.michaelcane.Commands.&lt;init&gt;(Commands.java:5)
	at io.michaelcane.Calculator.&lt;init&gt;(Calculator.java:6)
	at io.michaelcane.Commands.&lt;init&gt;(Commands.java:5)
	at io.michaelcane.Calculator.&lt;init&gt;(Calculator.java:6)
	at io.michaelcane.Commands.&lt;init&gt;(Commands.java:5)
	at io.michaelcane.Calculator.&lt;init&gt;(Calculator.java:6)
	at io.michaelcane.Commands.&lt;init&gt;(Commands.java:5)
	at io.michaelcane.Calculator.&lt;init&gt;(Calculator.java:6)
	at io.michaelcane.Commands.&lt;init&gt;(Commands.java:5)
	at io.michaelcane.Calculator.&lt;init&gt;(Calculator.java:6)
	at io.michaelcane.Commands.&lt;init&gt;(Commands.java:5)
	at io.michaelcane.Calculator.&lt;init&gt;(Calculator.java:6)
	at io.michaelcane.Commands.&lt;init&gt;(Commands.java:5)
	at io.michaelcane.Calculator.&lt;init&gt;(Calculator.java:6)
	at io.michaelcane.Commands.&lt;init&gt;(Commands.java:5)
	at io.michaelcane.Calculator.&lt;init&gt;(Calculator.java:6)
	at io.michaelcane.Commands.&lt;init&gt;(Commands.java:5)
	at io.michaelcane.Calculator.&lt;init&gt;(Calculator.java:6)
	at io.michaelcane.Commands.&lt;init&gt;(Commands.java:5)
	at io.michaelcane.Calculator.&lt;init&gt;(Calculator.java:6)
	at io.michaelcane.Commands.&lt;init&gt;(Commands.java:5)
	at io.michaelcane.Calculator.&lt;init&gt;(Calculator.java:6)
	at io.michaelcane.Commands.&lt;init&gt;(Commands.java:5)
	at io.michaelcane.Calculator.&lt;init&gt;(Calculator.java:6)
	at io.michaelcane.Commands.&lt;init&gt;(Commands.java:5)
	at io.michaelcane.Calculator.&lt;init&gt;(Calculator.java:6)
	at io.michaelcane.Commands.&lt;init&gt;(Commands.java:5)
	at io.michaelcane.Calculator.&lt;init&gt;(Calculator.java:6)
	at io.michaelcane.Commands.&lt;init&gt;(Commands.java:5)
	at io.michaelcane.Calculator.&lt;init&gt;(Calculator.java:6)
	at io.michaelcane.Commands.&lt;init&gt;(Commands.java:5)
	at io.michaelcane.Calculator.&lt;init&gt;(Calculator.java:6)
	at io.michaelcane.Commands.&lt;init&gt;(Commands.java:5)
	at io.michaelcane.Calculator.&lt;init&gt;(Calculator.java:6)
	at io.michaelcane.Commands.&lt;init&gt;(Commands.java:5)
	at io.michaelcane.Calculator.&lt;init&gt;(Calculator.java:6)
	at io.michaelcane.Commands.&lt;init&gt;(Commands.java:5)
	at io.michaelcane.Calculator.&lt;init&gt;(Calculator.java:6)
	at io.michaelcane.Commands.&lt;init&gt;(Commands.java:5)
	at io.michaelcane.Calculator.&lt;init&gt;(Calculator.java:6)
	at io.michaelcane.Commands.&lt;init&gt;(Commands.java:5)
	at io.michaelcane.Calculator.&lt;init&gt;(Calculator.java:6)
	at io.michaelcane.Commands.&lt;init&gt;(Commands.java:5)
	at io.michaelcane.Calculator.&lt;init&gt;(Calculator.java:6)
	at io.michaelcane.Commands.&lt;init&gt;(Commands.java:5)
	at io.michaelcane.Calculator.&lt;init&gt;(Calculator.java:6)
	at io.michaelcane.Commands.&lt;init&gt;(Commands.java:5)
	at io.michaelcane.Calculator.&lt;init&gt;(Calculator.java:6)
	at io.michaelcane.Commands.&lt;init&gt;(Commands.java:5)
	at io.michaelcane.Calculator.&lt;init&gt;(Calculator.java:6)
	at io.michaelcane.Commands.&lt;init&gt;(Commands.java:5)
	at io.michaelcane.Calculator.&lt;init&gt;(Calculator.java:6)
	at io.michaelcane.Commands.&lt;init&gt;(Commands.java:5)
	at io.michaelcane.Calculator.&lt;init&gt;(Calculator.java:6)
	at io.michaelcane.Commands.&lt;init&gt;(Commands.java:5)
	at io.michaelcane.Calculator.&lt;init&gt;(Calculator.java:6)
	at io.michaelcane.Commands.&lt;init&gt;(Commands.java:5)
	at io.michaelcane.Calculator.&lt;init&gt;(Calculator.java:6)
	at io.michaelcane.Commands.&lt;init&gt;(Commands.java:5)
	at io.michaelcane.Calculator.&lt;init&gt;(Calculator.java:6)
	at io.michaelcane.Commands.&lt;init&gt;(Commands.java:5)
	at io.michaelcane.Calculator.&lt;init&gt;(Calculator.java:6)
	at io.michaelcane.Commands.&lt;init&gt;(Commands.java:5)
	at io.michaelcane.Calculator.&lt;init&gt;(Calculator.java:6)
	at io.michaelcane.Commands.&lt;init&gt;(Commands.java:5)
	at io.michaelcane.Calculator.&lt;init&gt;(Calculator.java:6)
	at io.michaelcane.Commands.&lt;init&gt;(Commands.java:5)
	at io.michaelcane.Calculator.&lt;init&gt;(Calculator.java:6)
	at io.michaelcane.Commands.&lt;init&gt;(Commands.java:5)
	at io.michaelcane.Calculator.&lt;init&gt;(Calculator.java:6)
	at io.michaelcane.Commands.&lt;init&gt;(Commands.java:5)
	at io.michaelcane.Calculator.&lt;init&gt;(Calculator.java:6)
	at io.michaelcane.Commands.&lt;init&gt;(Commands.java:5)
	at io.michaelcane.Calculator.&lt;init&gt;(Calculator.java:6)
	at io.michaelcane.Commands.&lt;init&gt;(Commands.java:5)
	at io.michaelcane.Calculator.&lt;init&gt;(Calculator.java:6)
	at io.michaelcane.Commands.&lt;init&gt;(Commands.java:5)
	at io.michaelcane.Calculator.&lt;init&gt;(Calculator.java:6)
	at io.michaelcane.Commands.&lt;init&gt;(Commands.java:5)
	at io.michaelcane.Calculator.&lt;init&gt;(Calculator.java:6)
	at io.michaelcane.Commands.&lt;init&gt;(Commands.java:5)
	at io.michaelcane.Calculator.&lt;init&gt;(Calculator.java:6)
	at io.michaelcane.Commands.&lt;init&gt;(Commands.java:5)
	at io.michaelcane.Calculator.&lt;init&gt;(Calculator.java:6)
	at io.michaelcane.Commands.&lt;init&gt;(Commands.java:5)
	at io.michaelcane.Calculator.&lt;init&gt;(Calculator.java:6)
	at io.michaelcane.Commands.&lt;init&gt;(Commands.java:5)
	at io.michaelcane.Calculator.&lt;init&gt;(Calculator.java:6)
	at io.michaelcane.Commands.&lt;init&gt;(Commands.java:5)
	at io.michaelcane.Calculator.&lt;init&gt;(Calculator.java:6)
	at io.michaelcane.Commands.&lt;init&gt;(Commands.java:5)
	at io.michaelcane.Calculator.&lt;init&gt;(Calculator.java:6)
	at io.michaelcane.Commands.&lt;init&gt;(Commands.java:5)
	at io.michaelcane.Calculator.&lt;init&gt;(Calculator.java:6)
	at io.michaelcane.Commands.&lt;init&gt;(Commands.java:5)
	at io.michaelcane.Calculator.&lt;init&gt;(Calculator.java:6)
	at io.michaelcane.Commands.&lt;init&gt;(Commands.java:5)
	at io.michaelcane.Calculator.&lt;init&gt;(Calculator.java:6)
	at io.michaelcane.Commands.&lt;init&gt;(Commands.java:5)
	at io.michaelcane.Calculator.&lt;init&gt;(Calculator.java:6)
	at io.michaelcane.Commands.&lt;init&gt;(Commands.java:5)
	at io.michaelcane.Calculator.&lt;init&gt;(Calculator.java:6)
	at io.michaelcane.Commands.&lt;init&gt;(Commands.java:5)
	at io.michaelcane.Calculator.&lt;init&gt;(Calculator.java:6)
	at io.michaelcane.Commands.&lt;init&gt;(Commands.java:5)
	at io.michaelcane.Calculator.&lt;init&gt;(Calculator.java:6)
	at io.michaelcane.Commands.&lt;init&gt;(Commands.java:5)
	at io.michaelcane.Calculator.&lt;init&gt;(Calculator.java:6)
	at io.michaelcane.Commands.&lt;init&gt;(Commands.java:5)
	at io.michaelcane.Calculator.&lt;init&gt;(Calculator.java:6)
	at io.michaelcane.Commands.&lt;init&gt;(Commands.java:5)
	at io.michaelcane.Calculator.&lt;init&gt;(Calculator.java:6)
	at io.michaelcane.Commands.&lt;init&gt;(Commands.java:5)
	at io.michaelcane.Calculator.&lt;init&gt;(Calculator.java:6)
	at io.michaelcane.Commands.&lt;init&gt;(Commands.java:5)
	at io.michaelcane.Calculator.&lt;init&gt;(Calculator.java:6)
	at io.michaelcane.Commands.&lt;init&gt;(Commands.java:5)
	at io.michaelcane.Calculator.&lt;init&gt;(Calculator.java:6)
	at io.michaelcane.Commands.&lt;init&gt;(Commands.java:5)
	at io.michaelcane.Calculator.&lt;init&gt;(Calculator.java:6)
	at io.michaelcane.Commands.&lt;init&gt;(Commands.java:5)
	at io.michaelcane.Calculator.&lt;init&gt;(Calculator.java:6)
	at io.michaelcane.Commands.&lt;init&gt;(Commands.java:5)
	at io.michaelcane.Calculator.&lt;init&gt;(Calculator.java:6)
	at io.michaelcane.Commands.&lt;init&gt;(Commands.java:5)
	at io.michaelcane.Calculator.&lt;init&gt;(Calculator.java:6)
	at io.michaelcane.Commands.&lt;init&gt;(Commands.java:5)
	at io.michaelcane.Calculator.&lt;init&gt;(Calculator.java:6)
	at io.michaelcane.Commands.&lt;init&gt;(Commands.java:5)
	at io.michaelcane.Calculator.&lt;init&gt;(Calculator.java:6)
	at io.michaelcane.Commands.&lt;init&gt;(Commands.java:5)
	at io.michaelcane.Calculator.&lt;init&gt;(Calculator.java:6)
	at io.michaelcane.Commands.&lt;init&gt;(Commands.java:5)
	at io.michaelcane.Calculator.&lt;init&gt;(Calculator.java:6)
	at io.michaelcane.Commands.&lt;init&gt;(Commands.java:5)
	at io.michaelcane.Calculator.&lt;init&gt;(Calculator.java:6)
	at io.michaelcane.Commands.&lt;init&gt;(Commands.java:5)
	at io.michaelcane.Calculator.&lt;init&gt;(Calculator.java:6)
	at io.michaelcane.Commands.&lt;init&gt;(Commands.java:5)
	at io.michaelcane.Calculator.&lt;init&gt;(Calculator.java:6)
	at io.michaelcane.Commands.&lt;init&gt;(Commands.java:5)
	at io.michaelcane.Calculator.&lt;init&gt;(Calculator.java:6)
	at io.michaelcane.Commands.&lt;init&gt;(Commands.java:5)
	at io.michaelcane.Calculator.&lt;init&gt;(Calculator.java:6)
	at io.michaelcane.Commands.&lt;init&gt;(Commands.java:5)
	at io.michaelcane.Calculator.&lt;init&gt;(Calculator.java:6)
	at io.michaelcane.Commands.&lt;init&gt;(Commands.java:5)
	at io.michaelcane.Calculator.&lt;init&gt;(Calculator.java:6)
	at io.michaelcane.Commands.&lt;init&gt;(Commands.java:5)
	at io.michaelcane.Calculator.&lt;init&gt;(Calculator.java:6)
	at io.michaelcane.Commands.&lt;init&gt;(Commands.java:5)
	at io.michaelcane.Calculator.&lt;init&gt;(Calculator.java:6)
	at io.michaelcane.Commands.&lt;init&gt;(Commands.java:5)
	at io.michaelcane.Calculator.&lt;init&gt;(Calculator.java:6)
	at io.michaelcane.Commands.&lt;init&gt;(Commands.java:5)
	at io.michaelcane.Calculator.&lt;init&gt;(Calculator.java:6)
	at io.michaelcane.Commands.&lt;init&gt;(Commands.java:5)
	at io.michaelcane.Calculator.&lt;init&gt;(Calculator.java:6)
	at io.michaelcane.Commands.&lt;init&gt;(Commands.java:5)
	at io.michaelcane.Calculator.&lt;init&gt;(Calculator.java:6)
	at io.michaelcane.Commands.&lt;init&gt;(Commands.java:5)
	at io.michaelcane.Calculator.&lt;init&gt;(Calculator.java:6)
	at io.michaelcane.Commands.&lt;init&gt;(Commands.java:5)
	at io.michaelcane.Calculator.&lt;init&gt;(Calculator.java:6)
	at io.michaelcane.Commands.&lt;init&gt;(Commands.java:5)
	at io.michaelcane.Calculator.&lt;init&gt;(Calculator.java:6)
	at io.michaelcane.Commands.&lt;init&gt;(Commands.java:5)
	at io.michaelcane.Calculator.&lt;init&gt;(Calculator.java:6)
	at io.michaelcane.Commands.&lt;init&gt;(Commands.java:5)
	at io.michaelcane.Calculator.&lt;init&gt;(Calculator.java:6)
	at io.michaelcane.Commands.&lt;init&gt;(Commands.java:5)
	at io.michaelcane.Calculator.&lt;init&gt;(Calculator.java:6)
	at io.michaelcane.Commands.&lt;init&gt;(Commands.java:5)
	at io.michaelcane.Calculator.&lt;init&gt;(Calculator.java:6)
	at io.michaelcane.Commands.&lt;init&gt;(Commands.java:5)
	at io.michaelcane.Calculator.&lt;init&gt;(Calculator.java:6)
	at io.michaelcane.Commands.&lt;init&gt;(Commands.java:5)
	at io.michaelcane.Calculator.&lt;init&gt;(Calculator.java:6)
	at io.michaelcane.Commands.&lt;init&gt;(Commands.java:5)
	at io.michaelcane.Calculator.&lt;init&gt;(Calculator.java:6)
	at io.michaelcane.Commands.&lt;init&gt;(Commands.java:5)
	at io.michaelcane.Calculator.&lt;init&gt;(Calculator.java:6)
	at io.michaelcane.Commands.&lt;init&gt;(Commands.java:5)
	at io.michaelcane.Calculator.&lt;init&gt;(Calculator.java:6)
	at io.michaelcane.Commands.&lt;init&gt;(Commands.java:5)
	at io.michaelcane.Calculator.&lt;init&gt;(Calculator.java:6)
	at io.michaelcane.Commands.&lt;init&gt;(Commands.java:5)
	at io.michaelcane.Calculator.&lt;init&gt;(Calculator.java:6)
	at io.michaelcane.Commands.&lt;init&gt;(Commands.java:5)
	at io.michaelcane.Calculator.&lt;init&gt;(Calculator.java:6)
	at io.michaelcane.Commands.&lt;init&gt;(Commands.java:5)
	at io.michaelcane.Calculator.&lt;init&gt;(Calculator.java:6)
	at io.michaelcane.Commands.&lt;init&gt;(Commands.java:5)
	at io.michaelcane.Calculator.&lt;init&gt;(Calculator.java:6)
	at io.michaelcane.Commands.&lt;init&gt;(Commands.java:5)
	at io.michaelcane.Calculator.&lt;init&gt;(Calculator.java:6)
	at io.michaelcane.Commands.&lt;init&gt;(Commands.java:5)
	at io.michaelcane.Calculator.&lt;init&gt;(Calculator.java:6)
	at io.michaelcane.Commands.&lt;init&gt;(Commands.java:5)
	at io.michaelcane.Calculator.&lt;init&gt;(Calculator.java:6)
	at io.michaelcane.Commands.&lt;init&gt;(Commands.java:5)
	at io.michaelcane.Calculator.&lt;init&gt;(Calculator.java:6)
	at io.michaelcane.Commands.&lt;init&gt;(Commands.java:5)
	at io.michaelcane.Calculator.&lt;init&gt;(Calculator.java:6)
	at io.michaelcane.Commands.&lt;init&gt;(Commands.java:5)
	at io.michaelcane.Calculator.&lt;init&gt;(Calculator.java:6)
	at io.michaelcane.Commands.&lt;init&gt;(Commands.java:5)
	at io.michaelcane.Calculator.&lt;init&gt;(Calculator.java:6)
	at io.michaelcane.Commands.&lt;init&gt;(Commands.java:5)
	at io.michaelcane.Calculator.&lt;init&gt;(Calculator.java:6)
	at io.michaelcane.Commands.&lt;init&gt;(Commands.java:5)
	at io.michaelcane.Calculator.&lt;init&gt;(Calculator.java:6)
	at io.michaelcane.Commands.&lt;init&gt;(Commands.java:5)
	at io.michaelcane.Calculator.&lt;init&gt;(Calculator.java:6)
	at io.michaelcane.Commands.&lt;init&gt;(Commands.java:5)
	at io.michaelcane.Calculator.&lt;init&gt;(Calculator.java:6)
	at io.michaelcane.Commands.&lt;init&gt;(Commands.java:5)
	at io.michaelcane.Calculator.&lt;init&gt;(Calculator.java:6)
	at io.michaelcane.Commands.&lt;init&gt;(Commands.java:5)
	at io.michaelcane.Calculator.&lt;init&gt;(Calculator.java:6)
	at io.michaelcane.Commands.&lt;init&gt;(Commands.java:5)
	at io.michaelcane.Calculator.&lt;init&gt;(Calculator.java:6)
	at io.michaelcane.Commands.&lt;init&gt;(Commands.java:5)
	at io.michaelcane.Calculator.&lt;init&gt;(Calculator.java:6)
	at io.michaelcane.Commands.&lt;init&gt;(Commands.java:5)
	at io.michaelcane.Calculator.&lt;init&gt;(Calculator.java:6)
	at io.michaelcane.Commands.&lt;init&gt;(Commands.java:5)
	at io.michaelcane.Calculator.&lt;init&gt;(Calculator.java:6)
	at io.michaelcane.Commands.&lt;init&gt;(Commands.java:5)
	at io.michaelcane.Calculator.&lt;init&gt;(Calculator.java:6)
	at io.michaelcane.Commands.&lt;init&gt;(Commands.java:5)
	at io.michaelcane.Calculator.&lt;init&gt;(Calculator.java:6)
	at io.michaelcane.Commands.&lt;init&gt;(Commands.java:5)
	at io.michaelcane.Calculator.&lt;init&gt;(Calculator.java:6)
	at io.michaelcane.Commands.&lt;init&gt;(Commands.java:5)
	at io.michaelcane.Calculator.&lt;init&gt;(Calculator.java:6)
	at io.michaelcane.Commands.&lt;init&gt;(Commands.java:5)
	at io.michaelcane.Calculator.&lt;init&gt;(Calculator.java:6)
	at io.michaelcane.Commands.&lt;init&gt;(Commands.java:5)
	at io.michaelcane.Calculator.&lt;init&gt;(Calculator.java:6)
	at io.michaelcane.Commands.&lt;init&gt;(Commands.java:5)
	at io.michaelcane.Calculator.&lt;init&gt;(Calculator.java:6)
	at io.michaelcane.Commands.&lt;init&gt;(Commands.java:5)
	at io.michaelcane.Calculator.&lt;init&gt;(Calculator.java:6)
	at io.michaelcane.Commands.&lt;init&gt;(Commands.java:5)
	at io.michaelcane.Calculator.&lt;init&gt;(Calculator.java:6)
	at io.michaelcane.Commands.&lt;init&gt;(Commands.java:5)
	at io.michaelcane.Calculator.&lt;init&gt;(Calculator.java:6)
	at io.michaelcane.Commands.&lt;init&gt;(Commands.java:5)
	at io.michaelcane.Calculator.&lt;init&gt;(Calculator.java:6)
	at io.michaelcane.Commands.&lt;init&gt;(Commands.java:5)
	at io.michaelcane.Calculator.&lt;init&gt;(Calculator.java:6)
	at io.michaelcane.Commands.&lt;init&gt;(Commands.java:5)
	at io.michaelcane.Calculator.&lt;init&gt;(Calculator.java:6)
	at io.michaelcane.Commands.&lt;init&gt;(Commands.java:5)
	at io.michaelcane.Calculator.&lt;init&gt;(Calculator.java:6)
	at io.michaelcane.Commands.&lt;init&gt;(Commands.java:5)
	at io.michaelcane.Calculator.&lt;init&gt;(Calculator.java:6)
	at io.michaelcane.Commands.&lt;init&gt;(Commands.java:5)
	at io.michaelcane.Calculator.&lt;init&gt;(Calculator.java:6)
	at io.michaelcane.Commands.&lt;init&gt;(Commands.java:5)
	at io.michaelcane.Calculator.&lt;init&gt;(Calculator.java:6)
	at io.michaelcane.Commands.&lt;init&gt;(Commands.java:5)
	at io.michaelcane.Calculator.&lt;init&gt;(Calculator.java:6)
	at io.michaelcane.Commands.&lt;init&gt;(Commands.java:5)
	at io.michaelcane.Calculator.&lt;init&gt;(Calculator.java:6)
	at io.michaelcane.Commands.&lt;init&gt;(Commands.java:5)
	at io.michaelcane.Calculator.&lt;init&gt;(Calculator.java:6)
	at io.michaelcane.Commands.&lt;init&gt;(Commands.java:5)
	at io.michaelcane.Calculator.&lt;init&gt;(Calculator.java:6)
	at io.michaelcane.Commands.&lt;init&gt;(Commands.java:5)
	at io.michaelcane.Calculator.&lt;init&gt;(Calculator.java:6)
	at io.michaelcane.Commands.&lt;init&gt;(Commands.java:5)
	at io.michaelcane.Calculator.&lt;init&gt;(Calculator.java:6)
	at io.michaelcane.Commands.&lt;init&gt;(Commands.java:5)
	at io.michaelcane.Calculator.&lt;init&gt;(Calculator.java:6)
	at io.michaelcane.Commands.&lt;init&gt;(Commands.java:5)
	at io.michaelcane.Calculator.&lt;init&gt;(Calculator.java:6)
	at io.michaelcane.Commands.&lt;init&gt;(Commands.java:5)
	at io.michaelcane.Calculator.&lt;init&gt;(Calculator.java:6)
	at io.michaelcane.Commands.&lt;init&gt;(Commands.java:5)
	at io.michaelcane.Calculator.&lt;init&gt;(Calculator.java:6)
	at io.michaelcane.Commands.&lt;init&gt;(Commands.java:5)
	at io.michaelcane.Calculator.&lt;init&gt;(Calculator.java:6)
	at io.michaelcane.Commands.&lt;init&gt;(Commands.java:5)
	at io.michaelcane.Calculator.&lt;init&gt;(Calculator.java:6)
	at io.michaelcane.Commands.&lt;init&gt;(Commands.java:5)
	at io.michaelcane.Calculator.&lt;init&gt;(Calculator.java:6)
	at io.michaelcane.Commands.&lt;init&gt;(Commands.java:5)
	at io.michaelcane.Calculator.&lt;init&gt;(Calculator.java:6)
	at io.michaelcane.Commands.&lt;init&gt;(Commands.java:5)
	at io.michaelcane.Calculator.&lt;init&gt;(Calculator.java:6)
	at io.michaelcane.Commands.&lt;init&gt;(Commands.java:5)
	at io.michaelcane.Calculator.&lt;init&gt;(Calculator.java:6)
	at io.michaelcane.Commands.&lt;init&gt;(Commands.java:5)
	at io.michaelcane.Calculator.&lt;init&gt;(Calculator.java:6)
	at io.michaelcane.Commands.&lt;init&gt;(Commands.java:5)
	at io.michaelcane.Calculator.&lt;init&gt;(Calculator.java:6)
	at io.michaelcane.Commands.&lt;init&gt;(Commands.java:5)
	at io.michaelcane.Calculator.&lt;init&gt;(Calculator.java:6)
	at io.michaelcane.Commands.&lt;init&gt;(Commands.java:5)
	at io.michaelcane.Calculator.&lt;init&gt;(Calculator.java:6)
	at io.michaelcane.Commands.&lt;init&gt;(Commands.java:5)
	at io.michaelcane.Calculator.&lt;init&gt;(Calculator.java:6)
	at io.michaelcane.Commands.&lt;init&gt;(Commands.java:5)
	at io.michaelcane.Calculator.&lt;init&gt;(Calculator.java:6)
	at io.michaelcane.Commands.&lt;init&gt;(Commands.java:5)
	at io.michaelcane.Calculator.&lt;init&gt;(Calculator.java:6)
	at io.michaelcane.Commands.&lt;init&gt;(Commands.java:5)
	at io.michaelcane.Calculator.&lt;init&gt;(Calculator.java:6)
	at io.michaelcane.Commands.&lt;init&gt;(Commands.java:5)
	at io.michaelcane.Calculator.&lt;init&gt;(Calculator.java:6)
	at io.michaelcane.Commands.&lt;init&gt;(Commands.java:5)
	at io.michaelcane.Calculator.&lt;init&gt;(Calculator.java:6)
	at io.michaelcane.Commands.&lt;init&gt;(Commands.java:5)
	at io.michaelcane.Calculator.&lt;init&gt;(Calculator.java:6)
	at io.michaelcane.Commands.&lt;init&gt;(Commands.java:5)
	at io.michaelcane.Calculator.&lt;init&gt;(Calculator.java:6)
	at io.michaelcane.Commands.&lt;init&gt;(Commands.java:5)
	at io.michaelcane.Calculator.&lt;init&gt;(Calculator.java:6)
	at io.michaelcane.Commands.&lt;init&gt;(Commands.java:5)
	at io.michaelcane.Calculator.&lt;init&gt;(Calculator.java:6)
	at io.michaelcane.Commands.&lt;init&gt;(Commands.java:5)
	at io.michaelcane.Calculator.&lt;init&gt;(Calculator.java:6)
	at io.michaelcane.Commands.&lt;init&gt;(Commands.java:5)
	at io.michaelcane.Calculator.&lt;init&gt;(Calculator.java:6)
	at io.michaelcane.Commands.&lt;init&gt;(Commands.java:5)
	at io.michaelcane.Calculator.&lt;init&gt;(Calculator.java:6)
	at io.michaelcane.Commands.&lt;init&gt;(Commands.java:5)
	at io.michaelcane.Calculator.&lt;init&gt;(Calculator.java:6)
	at io.michaelcane.Commands.&lt;init&gt;(Commands.java:5)
	at io.michaelcane.Calculator.&lt;init&gt;(Calculator.java:6)
	at io.michaelcane.Commands.&lt;init&gt;(Commands.java:5)
	at io.michaelcane.Calculator.&lt;init&gt;(Calculator.java:6)
	at io.michaelcane.Commands.&lt;init&gt;(Commands.java:5)
	at io.michaelcane.Calculator.&lt;init&gt;(Calculator.java:6)
	at io.michaelcane.Commands.&lt;init&gt;(Commands.java:5)
	at io.michaelcane.Calculator.&lt;init&gt;(Calculator.java:6)
	at io.michaelcane.Commands.&lt;init&gt;(Commands.java:5)
	at io.michaelcane.Calculator.&lt;init&gt;(Calculator.java:6)
	at io.michaelcane.Commands.&lt;init&gt;(Commands.java:5)
	at io.michaelcane.Calculator.&lt;init&gt;(Calculator.java:6)
	at io.michaelcane.Commands.&lt;init&gt;(Commands.java:5)
	at io.michaelcane.Calculator.&lt;init&gt;(Calculator.java:6)
	at io.michaelcane.Commands.&lt;init&gt;(Commands.java:5)
	at io.michaelcane.Calculator.&lt;init&gt;(Calculator.java:6)
	at io.michaelcane.Commands.&lt;init&gt;(Commands.java:5)
	at io.michaelcane.Calculator.&lt;init&gt;(Calculator.java:6)
	at io.michaelcane.Commands.&lt;init&gt;(Commands.java:5)
	at io.michaelcane.Calculator.&lt;init&gt;(Calculator.java:6)
	at io.michaelcane.Commands.&lt;init&gt;(Commands.java:5)
	at io.michaelcane.Calculator.&lt;init&gt;(Calculator.java:6)
	at io.michaelcane.Commands.&lt;init&gt;(Commands.java:5)
	at io.michaelcane.Calculator.&lt;init&gt;(Calculator.java:6)
	at io.michaelcane.Commands.&lt;init&gt;(Commands.java:5)
	at io.michaelcane.Calculator.&lt;init&gt;(Calculator.java:6)
	at io.michaelcane.Commands.&lt;init&gt;(Commands.java:5)
	at io.michaelcane.Calculator.&lt;init&gt;(Calculator.java:6)
	at io.michaelcane.Commands.&lt;init&gt;(Commands.java:5)
	at io.michaelcane.Calculator.&lt;init&gt;(Calculator.java:6)
	at io.michaelcane.Commands.&lt;init&gt;(Commands.java:5)
	at io.michaelcane.Calculator.&lt;init&gt;(Calculator.java:6)
	at io.michaelcane.Commands.&lt;init&gt;(Commands.java:5)
	at io.michaelcane.Calculator.&lt;init&gt;(Calculator.java:6)
	at io.michaelcane.Commands.&lt;init&gt;(Commands.java:5)
	at io.michaelcane.Calculator.&lt;init&gt;(Calculator.java:6)
	at io.michaelcane.Commands.&lt;init&gt;(Commands.java:5)
	at io.michaelcane.Calculator.&lt;init&gt;(Calculator.java:6)
	at io.michaelcane.Commands.&lt;init&gt;(Commands.java:5)
	at io.michaelcane.Calculator.&lt;init&gt;(Calculator.java:6)
	at io.michaelcane.Commands.&lt;init&gt;(Commands.java:5)
	at io.michaelcane.Calculator.&lt;init&gt;(Calculator.java:6)
	at io.michaelcane.Commands.&lt;init&gt;(Commands.java:5)
	at io.michaelcane.Calculator.&lt;init&gt;(Calculator.java:6)
	at io.michaelcane.Commands.&lt;init&gt;(Commands.java:5)
	at io.michaelcane.Calculator.&lt;init&gt;(Calculator.java:6)
	at io.michaelcane.Commands.&lt;init&gt;(Commands.java:5)
	at io.michaelcane.Calculator.&lt;init&gt;(Calculator.java:6)
	at io.michaelcane.Commands.&lt;init&gt;(Commands.java:5)
	at io.michaelcane.Calculator.&lt;init&gt;(Calculator.java:6)
	at io.michaelcane.Commands.&lt;init&gt;(Commands.java:5)
	at io.michaelcane.Calculator.&lt;init&gt;(Calculator.java:6)
	at io.michaelcane.Commands.&lt;init&gt;(Commands.java:5)
	at io.michaelcane.Calculator.&lt;init&gt;(Calculator.java:6)
	at io.michaelcane.Commands.&lt;init&gt;(Commands.java:5)
	at io.michaelcane.Calculator.&lt;init&gt;(Calculator.java:6)
	at io.michaelcane.Commands.&lt;init&gt;(Commands.java:5)
	at io.michaelcane.Calculator.&lt;init&gt;(Calculator.java:6)
	at io.michaelcane.Commands.&lt;init&gt;(Commands.java:5)
	at io.michaelcane.Calculator.&lt;init&gt;(Calculator.java:6)
	at io.michaelcane.Commands.&lt;init&gt;(Commands.java:5)
	at io.michaelcane.Calculator.&lt;init&gt;(Calculator.java:6)
	at io.michaelcane.Commands.&lt;init&gt;(Commands.java:5)
	at io.michaelcane.Calculator.&lt;init&gt;(Calculator.java:6)
	at io.michaelcane.Commands.&lt;init&gt;(Commands.java:5)
	at io.michaelcane.Calculator.&lt;init&gt;(Calculator.java:6)
	at io.michaelcane.Commands.&lt;init&gt;(Commands.java:5)
	at io.michaelcane.Calculator.&lt;init&gt;(Calculator.java:6)
	at io.michaelcane.Commands.&lt;init&gt;(Commands.java:5)
	at io.michaelcane.Calculator.&lt;init&gt;(Calculator.java:6)
	at io.michaelcane.Commands.&lt;init&gt;(Commands.java:5)
	at io.michaelcane.Calculator.&lt;init&gt;(Calculator.java:6)
	at io.michaelcane.Commands.&lt;init&gt;(Commands.java:5)
	at io.michaelcane.Calculator.&lt;init&gt;(Calculator.java:6)
	at io.michaelcane.Commands.&lt;init&gt;(Commands.java:5)
	at io.michaelcane.Calculator.&lt;init&gt;(Calculator.java:6)
	at io.michaelcane.Commands.&lt;init&gt;(Commands.java:5)
	at io.michaelcane.Calculator.&lt;init&gt;(Calculator.java:6)
	at io.michaelcane.Commands.&lt;init&gt;(Commands.java:5)
	at io.michaelcane.Calculator.&lt;init&gt;(Calculator.java:6)
	at io.michaelcane.Commands.&lt;init&gt;(Commands.java:5)
	at io.michaelcane.Calculator.&lt;init&gt;(Calculator.java:6)
	at io.michaelcane.Commands.&lt;init&gt;(Commands.java:5)
	at io.michaelcane.Calculator.&lt;init&gt;(Calculator.java:6)
	at io.michaelcane.Commands.&lt;init&gt;(Commands.java:5)
	at io.michaelcane.Calculator.&lt;init&gt;(Calculator.java:6)
	at io.michaelcane.Commands.&lt;init&gt;(Commands.java:5)
	at io.michaelcane.Calculator.&lt;init&gt;(Calculator.java:6)
	at io.michaelcane.Commands.&lt;init&gt;(Commands.java:5)
	at io.michaelcane.Calculator.&lt;init&gt;(Calculator.java:6)
	at io.michaelcane.Commands.&lt;init&gt;(Commands.java:5)
	at io.michaelcane.Calculator.&lt;init&gt;(Calculator.java:6)
	at io.michaelcane.Commands.&lt;init&gt;(Commands.java:5)
	at io.michaelcane.Calculator.&lt;init&gt;(Calculator.java:6)
	at io.michaelcane.Commands.&lt;init&gt;(Commands.java:5)
	at io.michaelcane.Calculator.&lt;init&gt;(Calculator.java:6)
	at io.michaelcane.Commands.&lt;init&gt;(Commands.java:5)
	at io.michaelcane.Calculator.&lt;init&gt;(Calculator.java:6)
	at io.michaelcane.Commands.&lt;init&gt;(Commands.java:5)
	at io.michaelcane.Calculator.&lt;init&gt;(Calculator.java:6)
	at io.michaelcane.Commands.&lt;init&gt;(Commands.java:5)
	at io.michaelcane.Calculator.&lt;init&gt;(Calculator.java:6)
	at io.michaelcane.Commands.&lt;init&gt;(Commands.java:5)
	at io.michaelcane.Calculator.&lt;init&gt;(Calculator.java:6)
	at io.michaelcane.Commands.&lt;init&gt;(Commands.java:5)
	at io.michaelcane.Calculator.&lt;init&gt;(Calculator.java:6)
	at io.michaelcane.Commands.&lt;init&gt;(Commands.java:5)
	at io.michaelcane.Calculator.&lt;init&gt;(Calculator.java:6)
	at io.michaelcane.Commands.&lt;init&gt;(Commands.java:5)
	at io.michaelcane.Calculator.&lt;init&gt;(Calculator.java:6)
	at io.michaelcane.Commands.&lt;init&gt;(Commands.java:5)
	at io.michaelcane.Calculator.&lt;init&gt;(Calculator.java:6)
	at io.michaelcane.Commands.&lt;init&gt;(Commands.java:5)
	at io.michaelcane.Calculator.&lt;init&gt;(Calculator.java:6)
	at io.michaelcane.Commands.&lt;init&gt;(Commands.java:5)
	at io.michaelcane.Calculator.&lt;init&gt;(Calculator.java:6)
	at io.michaelcane.Commands.&lt;init&gt;(Commands.java:5)
	at io.michaelcane.Calculator.&lt;init&gt;(Calculator.java:6)
	at io.michaelcane.Commands.&lt;init&gt;(Commands.java:5)
	at io.michaelcane.Calculator.&lt;init&gt;(Calculator.java:6)
	at io.michaelcane.Commands.&lt;init&gt;(Commands.java:5)
	at io.michaelcane.Calculator.&lt;init&gt;(Calculator.java:6)
	at io.michaelcane.Commands.&lt;init&gt;(Commands.java:5)
	at io.michaelcane.Calculator.&lt;init&gt;(Calculator.java:6)
	at io.michaelcane.Commands.&lt;init&gt;(Commands.java:5)
	at io.michaelcane.Calculator.&lt;init&gt;(Calculator.java:6)
	at io.michaelcane.Commands.&lt;init&gt;(Commands.java:5)
	at io.michaelcane.Calculator.&lt;init&gt;(Calculator.java:6)
	at io.michaelcane.Commands.&lt;init&gt;(Commands.java:5)
	at io.michaelcane.Calculator.&lt;init&gt;(Calculator.java:6)
	at io.michaelcane.Commands.&lt;init&gt;(Commands.java:5)
	at io.michaelcane.Calculator.&lt;init&gt;(Calculator.java:6)
	at io.michaelcane.Commands.&lt;init&gt;(Commands.java:5)
	at io.michaelcane.Calculator.&lt;init&gt;(Calculator.java:6)
	at io.michaelcane.Commands.&lt;init&gt;(Commands.java:5)
	at io.michaelcane.Calculator.&lt;init&gt;(Calculator.java:6)
	at io.michaelcane.Commands.&lt;init&gt;(Commands.java:5)
	at io.michaelcane.Calculator.&lt;init&gt;(Calculator.java:6)
	at io.michaelcane.Commands.&lt;init&gt;(Commands.java:5)
	at io.michaelcane.Calculator.&lt;init&gt;(Calculator.java:6)
	at io.michaelcane.Commands.&lt;init&gt;(Commands.java:5)
	at io.michaelcane.Calculator.&lt;init&gt;(Calculator.java:6)
	at io.michaelcane.Commands.&lt;init&gt;(Commands.java:5)
	at io.michaelcane.Calculator.&lt;init&gt;(Calculator.java:6)
	at io.michaelcane.Commands.&lt;init&gt;(Commands.java:5)
	at io.michaelcane.Calculator.&lt;init&gt;(Calculator.java:6)
	at io.michaelcane.Commands.&lt;init&gt;(Commands.java:5)
	at io.michaelcane.Calculator.&lt;init&gt;(Calculator.java:6)
	at io.michaelcane.Commands.&lt;init&gt;(Commands.java:5)
	at io.michaelcane.Calculator.&lt;init&gt;(Calculator.java:6)
	at io.michaelcane.Commands.&lt;init&gt;(Commands.java:5)
	at io.michaelcane.Calculator.&lt;init&gt;(Calculator.java:6)
	at io.michaelcane.Commands.&lt;init&gt;(Commands.java:5)
	at io.michaelcane.Calculator.&lt;init&gt;(Calculator.java:6)
	at io.michaelcane.Commands.&lt;init&gt;(Commands.java:5)
	at io.michaelcane.Calculator.&lt;init&gt;(Calculator.java:6)
	at io.michaelcane.Commands.&lt;init&gt;(Commands.java:5)
	at io.michaelcane.Calculator.&lt;init&gt;(Calculator.java:6)
	at io.michaelcane.Commands.&lt;init&gt;(Commands.java:5)
	at io.michaelcane.Calculator.&lt;init&gt;(Calculator.java:6)
	at io.michaelcane.Commands.&lt;init&gt;(Commands.java:5)
	at io.michaelcane.Calculator.&lt;init&gt;(Calculator.java:6)
	at io.michaelcane.Commands.&lt;init&gt;(Commands.java:5)
	at io.michaelcane.Calculator.&lt;init&gt;(Calculator.java:6)
	at io.michaelcane.Commands.&lt;init&gt;(Commands.java:5)
	at io.michaelcane.Calculator.&lt;init&gt;(Calculator.java:6)
	at io.michaelcane.Commands.&lt;init&gt;(Commands.java:5)
	at io.michaelcane.Calculator.&lt;init&gt;(Calculator.java:6)
	at io.michaelcane.Commands.&lt;init&gt;(Commands.java:5)
	at io.michaelcane.Calculator.&lt;init&gt;(Calculator.java:6)
	at io.michaelcane.Commands.&lt;init&gt;(Commands.java:5)
	at io.michaelcane.Calculator.&lt;init&gt;(Calculator.java:6)
	at io.michaelcane.Commands.&lt;init&gt;(Commands.java:5)
	at io.michaelcane.Calculator.&lt;init&gt;(Calculator.java:6)
	at io.michaelcane.Commands.&lt;init&gt;(Commands.java:5)
	at io.michaelcane.Calculator.&lt;init&gt;(Calculator.java:6)
	at io.michaelcane.Commands.&lt;init&gt;(Commands.java:5)
	at io.michaelcane.Calculator.&lt;init&gt;(Calculator.java:6)
	at io.michaelcane.Commands.&lt;init&gt;(Commands.java:5)
	at io.michaelcane.Calculator.&lt;init&gt;(Calculator.java:6)
	at io.michaelcane.Commands.&lt;init&gt;(Commands.java:5)
	at io.michaelcane.Calculator.&lt;init&gt;(Calculator.java:6)
	at io.michaelcane.Commands.&lt;init&gt;(Commands.java:5)
	at io.michaelcane.Calculator.&lt;init&gt;(Calculator.java:6)
	at io.michaelcane.Commands.&lt;init&gt;(Commands.java:5)
	at io.michaelcane.Calculator.&lt;init&gt;(Calculator.java:6)
	at io.michaelcane.Commands.&lt;init&gt;(Commands.java:5)
	at io.michaelcane.Calculator.&lt;init&gt;(Calculator.java:6)
	at io.michaelcane.Commands.&lt;init&gt;(Commands.java:5)
	at io.michaelcane.Calculator.&lt;init&gt;(Calculator.java:6)
	at io.michaelcane.Commands.&lt;init&gt;(Commands.java:5)
	at io.michaelcane.Calculator.&lt;init&gt;(Calculator.java:6)
	at io.michaelcane.Commands.&lt;init&gt;(Commands.java:5)
	at io.michaelcane.Calculator.&lt;init&gt;(Calculator.java:6)
	at io.michaelcane.Commands.&lt;init&gt;(Commands.java:5)
	at io.michaelcane.Calculator.&lt;init&gt;(Calculator.java:6)
	at io.michaelcane.Commands.&lt;init&gt;(Commands.java:5)
	at io.michaelcane.Calculator.&lt;init&gt;(Calculator.java:6)
	at io.michaelcane.Commands.&lt;init&gt;(Commands.java:5)
	at io.michaelcane.Calculator.&lt;init&gt;(Calculator.java:6)
	at io.michaelcane.Commands.&lt;init&gt;(Commands.java:5)
	at io.michaelcane.Calculator.&lt;init&gt;(Calculator.java:6)
	at io.michaelcane.Commands.&lt;init&gt;(Commands.java:5)
	at io.michaelcane.Calculator.&lt;init&gt;(Calculator.java:6)
	at io.michaelcane.Commands.&lt;init&gt;(Commands.java:5)
	at io.michaelcane.Calculator.&lt;init&gt;(Calculator.java:6)
	at io.michaelcane.Commands.&lt;init&gt;(Commands.java:5)
	at io.michaelcane.Calculator.&lt;init&gt;(Calculator.java:6)
	at io.michaelcane.Commands.&lt;init&gt;(Commands.java:5)
	at io.michaelcane.Calculator.&lt;init&gt;(Calculator.java:6)
	at io.michaelcane.Commands.&lt;init&gt;(Commands.java:5)
	at io.michaelcane.Calculator.&lt;init&gt;(Calculator.java:6)
	at io.michaelcane.Commands.&lt;init&gt;(Commands.java:5)
	at io.michaelcane.Calculator.&lt;init&gt;(Calculator.java:6)
	at io.michaelcane.Commands.&lt;init&gt;(Commands.java:5)
	at io.michaelcane.Calculator.&lt;init&gt;(Calculator.java:6)
	at io.michaelcane.Commands.&lt;init&gt;(Commands.java:5)
	at io.michaelcane.Calculator.&lt;init&gt;(Calculator.java:6)
	at io.michaelcane.Commands.&lt;init&gt;(Commands.java:5)
	at io.michaelcane.Calculator.&lt;init&gt;(Calculator.java:6)
	at io.michaelcane.Commands.&lt;init&gt;(Commands.java:5)
	at io.michaelcane.Calculator.&lt;init&gt;(Calculator.java:6)
	at io.michaelcane.Commands.&lt;init&gt;(Commands.java:5)
	at io.michaelcane.Calculator.&lt;init&gt;(Calculator.java:6)
	at io.michaelcane.Commands.&lt;init&gt;(Commands.java:5)
	at io.michaelcane.Calculator.&lt;init&gt;(Calculator.java:6)
	at io.michaelcane.Commands.&lt;init&gt;(Commands.java:5)
	at io.michaelcane.Calculator.&lt;init&gt;(Calculator.java:6)
	at io.michaelcane.Commands.&lt;init&gt;(Commands.java:5)
	at io.michaelcane.Calculator.&lt;init&gt;(Calculator.java:6)
	at io.michaelcane.Commands.&lt;init&gt;(Commands.java:5)
	at io.michaelcane.Calculator.&lt;init&gt;(Calculator.java:6)
	at io.michaelcane.Commands.&lt;init&gt;(Commands.java:5)
	at io.michaelcane.Calculator.&lt;init&gt;(Calculator.java:6)
	at io.michaelcane.Commands.&lt;init&gt;(Commands.java:5)
	at io.michaelcane.Calculator.&lt;init&gt;(Calculator.java:6)
	at io.michaelcane.Commands.&lt;init&gt;(Commands.java:5)
	at io.michaelcane.Calculator.&lt;init&gt;(Calculator.java:6)
	at io.michaelcane.Commands.&lt;init&gt;(Commands.java:5)
	at io.michaelcane.Calculator.&lt;init&gt;(Calculator.java:6)
	at io.michaelcane.Commands.&lt;init&gt;(Commands.java:5)
	at io.michaelcane.Calculator.&lt;init&gt;(Calculator.java:6)
	at io.michaelcane.Commands.&lt;init&gt;(Commands.java:5)
	at io.michaelcane.Calculator.&lt;init&gt;(Calculator.java:6)
	at io.michaelcane.Commands.&lt;init&gt;(Commands.java:5)
	at io.michaelcane.Calculator.&lt;init&gt;(Calculator.java:6)
	at io.michaelcane.Commands.&lt;init&gt;(Commands.java:5)
	at io.michaelcane.Calculator.&lt;init&gt;(Calculator.java:6)
	at io.michaelcane.Commands.&lt;init&gt;(Commands.java:5)
	at io.michaelcane.Calculator.&lt;init&gt;(Calculator.java:6)
	at io.michaelcane.Commands.&lt;init&gt;(Commands.java:5)
	at io.michaelcane.Calculator.&lt;init&gt;(Calculator.java:6)
	at io.michaelcane.Commands.&lt;init&gt;(Commands.java:5)
	at io.michaelcane.Calculator.&lt;init&gt;(Calculator.java:6)
	at io.michaelcane.Commands.&lt;init&gt;(Commands.java:5)
	at io.michaelcane.Calculator.&lt;init&gt;(Calculator.java:6)
	at io.michaelcane.Commands.&lt;init&gt;(Commands.java:5)
	at io.michaelcane.Calculator.&lt;init&gt;(Calculator.java:6)
	at io.michaelcane.Commands.&lt;init&gt;(Commands.java:5)
	at io.michaelcane.Calculator.&lt;init&gt;(Calculator.java:6)
	at io.michaelcane.Commands.&lt;init&gt;(Commands.java:5)
	at io.michaelcane.Calculator.&lt;init&gt;(Calculator.java:6)
	at io.michaelcane.Commands.&lt;init&gt;(Commands.java:5)
	at io.michaelcane.Calculator.&lt;init&gt;(Calculator.java:6)
	at io.michaelcane.Commands.&lt;init&gt;(Commands.java:5)
	at io.michaelcane.Calculator.&lt;init&gt;(Calculator.java:6)
	at io.michaelcane.Commands.&lt;init&gt;(Commands.java:5)
	at io.michaelcane.Calculator.&lt;init&gt;(Calculator.java:6)
	at io.michaelcane.Commands.&lt;init&gt;(Commands.java:5)
	at io.michaelcane.Calculator.&lt;init&gt;(Calculator.java:6)
	at io.michaelcane.Commands.&lt;init&gt;(Commands.java:5)
	at io.michaelcane.Calculator.&lt;init&gt;(Calculator.java:6)
	at io.michaelcane.Commands.&lt;init&gt;(Commands.java:5)
	at io.michaelcane.Calculator.&lt;init&gt;(Calculator.java:6)
	at io.michaelcane.Commands.&lt;init&gt;(Commands.java:5)
	at io.michaelcane.Calculator.&lt;init&gt;(Calculator.java:6)
	at io.michaelcane.Commands.&lt;init&gt;(Commands.java:5)
	at io.michaelcane.Calculator.&lt;init&gt;(Calculator.java:6)
	at io.michaelcane.Commands.&lt;init&gt;(Commands.java:5)
	at io.michaelcane.Calculator.&lt;init&gt;(Calculator.java:6)
	at io.michaelcane.Commands.&lt;init&gt;(Commands.java:5)
	at io.michaelcane.Calculator.&lt;init&gt;(Calculator.java:6)
	at io.michaelcane.Commands.&lt;init&gt;(Commands.java:5)
	at io.michaelcane.Calculator.&lt;init&gt;(Calculator.java:6)
	at io.michaelcane.Commands.&lt;init&gt;(Commands.java:5)
	at io.michaelcane.Calculator.&lt;init&gt;(Calculator.java:6)
	at io.michaelcane.Commands.&lt;init&gt;(Commands.java:5)
	at io.michaelcane.Calculator.&lt;init&gt;(Calculator.java:6)
	at io.michaelcane.Commands.&lt;init&gt;(Commands.java:5)
	at io.michaelcane.Calculator.&lt;init&gt;(Calculator.java:6)
	at io.michaelcane.Commands.&lt;init&gt;(Commands.java:5)
	at io.michaelcane.Calculator.&lt;init&gt;(Calculator.java:6)
	at io.michaelcane.Commands.&lt;init&gt;(Commands.java:5)
	at io.michaelcane.Calculator.&lt;init&gt;(Calculator.java:6)
	at io.michaelcane.Commands.&lt;init&gt;(Commands.java:5)
	at io.michaelcane.Calculator.&lt;init&gt;(Calculator.java:6)
	at io.michaelcane.Commands.&lt;init&gt;(Commands.java:5)
	at io.michaelcane.Calculator.&lt;init&gt;(Calculator.java:6)
	at io.michaelcane.Commands.&lt;init&gt;(Commands.java:5)
	at io.michaelcane.Calculator.&lt;init&gt;(Calculator.java:6)
	at io.michaelcane.Commands.&lt;init&gt;(Commands.java:5)
	at io.michaelcane.Calculator.&lt;init&gt;(Calculator.java:6)
	at io.michaelcane.Commands.&lt;init&gt;(Commands.java:5)
	at io.michaelcane.Calculator.&lt;init&gt;(Calculator.java:6)
	at io.michaelcane.Commands.&lt;init&gt;(Commands.java:5)
	at io.michaelcane.Calculator.&lt;init&gt;(Calculator.java:6)
	at io.michaelcane.Commands.&lt;init&gt;(Commands.java:5)
	at io.michaelcane.Calculator.&lt;init&gt;(Calculator.java:6)
	at io.michaelcane.Commands.&lt;init&gt;(Commands.java:5)
	at io.michaelcane.Calculator.&lt;init&gt;(Calculator.java:6)
	at io.michaelcane.Commands.&lt;init&gt;(Commands.java:5)
	at io.michaelcane.Calculator.&lt;init&gt;(Calculator.java:6)
	at io.michaelcane.Commands.&lt;init&gt;(Commands.java:5)
	at io.michaelcane.Calculator.&lt;init&gt;(Calculator.java:6)
	at io.michaelcane.Commands.&lt;init&gt;(Commands.java:5)
	at io.michaelcane.Calculator.&lt;init&gt;(Calculator.java:6)
	at io.michaelcane.Commands.&lt;init&gt;(Commands.java:5)
	at io.michaelcane.Calculator.&lt;init&gt;(Calculator.java:6)
	at io.michaelcane.Commands.&lt;init&gt;(Commands.java:5)
	at io.michaelcane.Calculator.&lt;init&gt;(Calculator.java:6)
	at io.michaelcane.Commands.&lt;init&gt;(Commands.java:5)
	at io.michaelcane.Calculator.&lt;init&gt;(Calculator.java:6)
	at io.michaelcane.Commands.&lt;init&gt;(Commands.java:5)
	at io.michaelcane.Calculator.&lt;init&gt;(Calculator.java:6)
	at io.michaelcane.Commands.&lt;init&gt;(Commands.java:5)
	at io.michaelcane.Calculator.&lt;init&gt;(Calculator.java:6)
	at io.michaelcane.Commands.&lt;init&gt;(Commands.java:5)
	at io.michaelcane.Calculator.&lt;init&gt;(Calculator.java:6)
	at io.michaelcane.Commands.&lt;init&gt;(Commands.java:5)
	at io.michaelcane.Calculator.&lt;init&gt;(Calculator.java:6)
	at io.michaelcane.Commands.&lt;init&gt;(Commands.java:5)
	at io.michaelcane.Calculator.&lt;init&gt;(Calculator.java:6)
	at io.michaelcane.Commands.&lt;init&gt;(Commands.java:5)
	at io.michaelcane.Calculator.&lt;init&gt;(Calculator.java:6)
	at io.michaelcane.Commands.&lt;init&gt;(Commands.java:5)
	at io.michaelcane.Calculator.&lt;init&gt;(Calculator.java:6)
	at io.michaelcane.Commands.&lt;init&gt;(Commands.java:5)
	at io.michaelcane.Calculator.&lt;init&gt;(Calculator.java:6)
	at io.michaelcane.Commands.&lt;init&gt;(Commands.java:5)
	at io.michaelcane.Calculator.&lt;init&gt;(Calculator.java:6)
	at io.michaelcane.Commands.&lt;init&gt;(Commands.java:5)
	at io.michaelcane.Calculator.&lt;init&gt;(Calculator.java:6)
	at io.michaelcane.Commands.&lt;init&gt;(Commands.java:5)
	at io.michaelcane.Calculator.&lt;init&gt;(Calculator.java:6)
	at io.michaelcane.Commands.&lt;init&gt;(Commands.java:5)
	at io.michaelcane.Calculator.&lt;init&gt;(Calculator.java:6)
	at io.michaelcane.Commands.&lt;init&gt;(Commands.java:5)
	at io.michaelcane.Calculator.&lt;init&gt;(Calculator.java:6)
	at io.michaelcane.Commands.&lt;init&gt;(Commands.java:5)
	at io.michaelcane.Calculator.&lt;init&gt;(Calculator.java:6)
	at io.michaelcane.Commands.&lt;init&gt;(Commands.java:5)
	at io.michaelcane.Calculator.&lt;init&gt;(Calculator.java:6)
	at io.michaelcane.Commands.&lt;init&gt;(Commands.java:5)
	at io.michaelcane.Calculator.&lt;init&gt;(Calculator.java:6)
	at io.michaelcane.Commands.&lt;init&gt;(Commands.java:5)
	at io.michaelcane.Calculator.&lt;init&gt;(Calculator.java:6)
	at io.michaelcane.Commands.&lt;init&gt;(Commands.java:5)
	at io.michaelcane.Calculator.&lt;init&gt;(Calculator.java:6)
	at io.michaelcane.Commands.&lt;init&gt;(Commands.java:5)
	at io.michaelcane.Calculator.&lt;init&gt;(Calculator.java:6)
	at io.michaelcane.Commands.&lt;init&gt;(Commands.java:5)
	at io.michaelcane.Calculator.&lt;init&gt;(Calculator.java:6)
	at io.michaelcane.Commands.&lt;init&gt;(Commands.java:5)
	at io.michaelcane.Calculator.&lt;init&gt;(Calculator.java:6)
	at io.michaelcane.Commands.&lt;init&gt;(Commands.java:5)
	at io.michaelcane.Calculator.&lt;init&gt;(Calculator.java:6)
	at io.michaelcane.Commands.&lt;init&gt;(Commands.java:5)
	at io.michaelcane.Calculator.&lt;init&gt;(Calculator.java:6)
	at io.michaelcane.Commands.&lt;init&gt;(Commands.java:5)
	at io.michaelcane.Calculator.&lt;init&gt;(Calculator.java:6)
	at io.michaelcane.Commands.&lt;init&gt;(Commands.java:5)
	at io.michaelcane.Calculator.&lt;init&gt;(Calculator.java:6)
	at io.michaelcane.Commands.&lt;init&gt;(Commands.java:5)
	at io.michaelcane.Calculator.&lt;init&gt;(Calculator.java:6)
	at io.michaelcane.Commands.&lt;init&gt;(Commands.java:5)
	at io.michaelcane.Calculator.&lt;init&gt;(Calculator.java:6)
	at io.michaelcane.Commands.&lt;init&gt;(Commands.java:5)
	at io.michaelcane.Calculator.&lt;init&gt;(Calculator.java:6)
	at io.michaelcane.Commands.&lt;init&gt;(Commands.java:5)
	at io.michaelcane.Calculator.&lt;init&gt;(Calculator.java:6)
	at io.michaelcane.Commands.&lt;init&gt;(Commands.java:5)
	at io.michaelcane.Calculator.&lt;init&gt;(Calculator.java:6)
	at io.michaelcane.Commands.&lt;init&gt;(Commands.java:5)
	at io.michaelcane.Calculator.&lt;init&gt;(Calculator.java:6)
	at io.michaelcane.Commands.&lt;init&gt;(Commands.java:5)
	at io.michaelcane.Calculator.&lt;init&gt;(Calculator.java:6)
	at io.michaelcane.Commands.&lt;init&gt;(Commands.java:5)
	at io.michaelcane.Calculator.&lt;init&gt;(Calculator.java:6)
	at io.michaelcane.Commands.&lt;init&gt;(Commands.java:5)
	at io.michaelcane.Calculator.&lt;init&gt;(Calculator.java:6)
	at io.michaelcane.Commands.&lt;init&gt;(Commands.java:5)
	at io.michaelcane.Calculator.&lt;init&gt;(Calculator.java:6)
	at io.michaelcane.Commands.&lt;init&gt;(Commands.java:5)
	at io.michaelcane.Calculator.&lt;init&gt;(Calculator.java:6)
	at io.michaelcane.Commands.&lt;init&gt;(Commands.java:5)
	at io.michaelcane.Calculator.&lt;init&gt;(Calculator.java:6)
	at io.michaelcane.Commands.&lt;init&gt;(Commands.java:5)
	at io.michaelcane.Calculator.&lt;init&gt;(Calculator.java:6)
	at io.michaelcane.Commands.&lt;init&gt;(Commands.java:5)
	at io.michaelcane.Calculator.&lt;init&gt;(Calculator.java:6)
	at io.michaelcane.Commands.&lt;init&gt;(Commands.java:5)
	at io.michaelcane.Calculator.&lt;init&gt;(Calculator.java:6)
	at io.michaelcane.Commands.&lt;init&gt;(Commands.java:5)
	at io.michaelcane.Calculator.&lt;init&gt;(Calculator.java:6)
	at io.michaelcane.Commands.&lt;init&gt;(Commands.java:5)
	at io.michaelcane.Calculator.&lt;init&gt;(Calculator.java:6)
	at io.michaelcane.Commands.&lt;init&gt;(Commands.java:5)
	at io.michaelcane.Calculator.&lt;init&gt;(Calculator.java:6)
	at io.michaelcane.Commands.&lt;init&gt;(Commands.java:5)
	at io.michaelcane.Calculator.&lt;init&gt;(Calculator.java:6)
	at io.michaelcane.Commands.&lt;init&gt;(Commands.java:5)
	at io.michaelcane.Calculator.&lt;init&gt;(Calculator.java:6)
	at io.michaelcane.Commands.&lt;init&gt;(Commands.java:5)
	at io.michaelcane.Calculator.&lt;init&gt;(Calculator.java:6)
	at io.michaelcane.Commands.&lt;init&gt;(Commands.java:5)
	at io.michaelcane.Calculator.&lt;init&gt;(Calculator.java:6)
	at io.michaelcane.Commands.&lt;init&gt;(Commands.java:5)
	at io.michaelcane.Calculator.&lt;init&gt;(Calculator.java:6)
	at io.michaelcane.Commands.&lt;init&gt;(Commands.java:5)
	at io.michaelcane.Calculator.&lt;init&gt;(Calculator.java:6)
	at io.michaelcane.Commands.&lt;init&gt;(Commands.java:5)
	at io.michaelcane.Calculator.&lt;init&gt;(Calculator.java:6)
	at io.michaelcane.Commands.&lt;init&gt;(Commands.java:5)
	at io.michaelcane.Calculator.&lt;init&gt;(Calculator.java:6)
	at io.michaelcane.Commands.&lt;init&gt;(Commands.java:5)
	at io.michaelcane.Calculator.&lt;init&gt;(Calculator.java:6)
	at io.michaelcane.Commands.&lt;init&gt;(Commands.java:5)
	at io.michaelcane.Calculator.&lt;init&gt;(Calculator.java:6)
	at io.michaelcane.Commands.&lt;init&gt;(Commands.java:5)
	at io.michaelcane.Calculator.&lt;init&gt;(Calculator.java:6)
	at io.michaelcane.Commands.&lt;init&gt;(Commands.java:5)
	at io.michaelcane.Calculator.&lt;init&gt;(Calculator.java:6)
	at io.michaelcane.Commands.&lt;init&gt;(Commands.java:5)
	at io.michaelcane.Calculator.&lt;init&gt;(Calculator.java:6)
	at io.michaelcane.Commands.&lt;init&gt;(Commands.java:5)
	at io.michaelcane.Calculator.&lt;init&gt;(Calculator.java:6)
	at io.michaelcane.Commands.&lt;init&gt;(Commands.java:5)
	at io.michaelcane.Calculator.&lt;init&gt;(Calculator.java:6)
	at io.michaelcane.Commands.&lt;init&gt;(Commands.java:5)
	at io.michaelcane.Calculator.&lt;init&gt;(Calculator.java:6)
	at io.michaelcane.Commands.&lt;init&gt;(Commands.java:5)
	at io.michaelcane.Calculator.&lt;init&gt;(Calculator.java:6)
	at io.michaelcane.Commands.&lt;init&gt;(Commands.java:5)
	at io.michaelcane.Calculator.&lt;init&gt;(Calculator.java:6)
	at io.michaelcane.Commands.&lt;init&gt;(Commands.java:5)
	at io.michaelcane.Calculator.&lt;init&gt;(Calculator.java:6)
	at io.michaelcane.Commands.&lt;init&gt;(Commands.java:5)
	at io.michaelcane.Calculator.&lt;init&gt;(Calculator.java:6)
	at io.michaelcane.Commands.&lt;init&gt;(Commands.java:5)
	at io.michaelcane.Calculator.&lt;init&gt;(Calculator.java:6)
	at io.michaelcane.Commands.&lt;init&gt;(Commands.java:5)
	at io.michaelcane.Calculator.&lt;init&gt;(Calculator.java:6)
	at io.michaelcane.Commands.&lt;init&gt;(Commands.java:5)
	at io.michaelcane.Calculator.&lt;init&gt;(Calculator.java:6)
	at io.michaelcane.Commands.&lt;init&gt;(Commands.java:5)
	at io.michaelcane.Calculator.&lt;init&gt;(Calculator.java:6)
	at io.michaelcane.Commands.&lt;init&gt;(Commands.java:5)
	at io.michaelcane.Calculator.&lt;init&gt;(Calculator.java:6)
	at io.michaelcane.Commands.&lt;init&gt;(Commands.java:5)
	at io.michaelcane.Calculator.&lt;init&gt;(Calculator.java:6)
	at io.michaelcane.Commands.&lt;init&gt;(Commands.java:5)
	at io.michaelcane.Calculator.&lt;init&gt;(Calculator.java:6)
	at io.michaelcane.Commands.&lt;init&gt;(Commands.java:5)
	at io.michaelcane.Calculator.&lt;init&gt;(Calculator.java:6)
	at io.michaelcane.Commands.&lt;init&gt;(Commands.java:5)
	at io.michaelcane.Calculator.&lt;init&gt;(Calculator.java:6)
	at io.michaelcane.Commands.&lt;init&gt;(Commands.java:5)
	at io.michaelcane.Calculator.&lt;init&gt;(Calculator.java:6)
	at io.michaelcane.Commands.&lt;init&gt;(Commands.java:5)
	at io.michaelcane.Calculator.&lt;init&gt;(Calculator.java:6)
	at io.michaelcane.Commands.&lt;init&gt;(Commands.java:5)
	at io.michaelcane.Calculator.&lt;init&gt;(Calculator.java:6)
	at io.michaelcane.Commands.&lt;init&gt;(Commands.java:5)
	at io.michaelcane.Calculator.&lt;init&gt;(Calculator.java:6)
	at io.michaelcane.Commands.&lt;init&gt;(Commands.java:5)
	at io.michaelcane.Calculator.&lt;init&gt;(Calculator.java:6)
	at io.michaelcane.Commands.&lt;init&gt;(Commands.java:5)
	at io.michaelcane.Calculator.&lt;init&gt;(Calculator.java:6)
	at io.michaelcane.Commands.&lt;init&gt;(Commands.java:5)
	at io.michaelcane.Calculator.&lt;init&gt;(Calculator.java:6)
	at io.michaelcane.Commands.&lt;init&gt;(Commands.java:5)
	at io.michaelcane.Calculator.&lt;init&gt;(Calculator.java:6)
	at io.michaelcane.Commands.&lt;init&gt;(Commands.java:5)
	at io.michaelcane.Calculator.&lt;init&gt;(Calculator.java:6)
	at io.michaelcane.Commands.&lt;init&gt;(Commands.java:5)
	at io.michaelcane.Calculator.&lt;init&gt;(Calculator.java:6)
	at io.michaelcane.Commands.&lt;init&gt;(Commands.java:5)
	at io.michaelcane.Calculator.&lt;init&gt;(Calculator.java:6)
	at io.michaelcane.Commands.&lt;init&gt;(Commands.java:5)
	at io.michaelcane.Calculator.&lt;init&gt;(Calculator.java:6)
	at io.michaelcane.Commands.&lt;init&gt;(Commands.java:5)
	at io.michaelcane.Calculator.&lt;init&gt;(Calculator.java:6)
	at io.michaelcane.Commands.&lt;init&gt;(Commands.java:5)
	at io.michaelcane.Calculator.&lt;init&gt;(Calculator.java:6)
	at io.michaelcane.Commands.&lt;init&gt;(Commands.java:5)
	at io.michaelcane.Calculator.&lt;init&gt;(Calculator.java:6)
	at io.michaelcane.Commands.&lt;init&gt;(Commands.java:5)
	at io.michaelcane.Calculator.&lt;init&gt;(Calculator.java:6)
	at io.michaelcane.Commands.&lt;init&gt;(Commands.java:5)
	at io.michaelcane.Calculator.&lt;init&gt;(Calculator.java:6)
	at io.michaelcane.Commands.&lt;init&gt;(Commands.java:5)
	at io.michaelcane.Calculator.&lt;init&gt;(Calculator.java:6)
	at io.michaelcane.Commands.&lt;init&gt;(Commands.java:5)
	at io.michaelcane.Calculator.&lt;init&gt;(Calculator.java:6)
	at io.michaelcane.Commands.&lt;init&gt;(Commands.java:5)
	at io.michaelcane.Calculator.&lt;init&gt;(Calculator.java:6)
	at io.michaelcane.Commands.&lt;init&gt;(Commands.java:5)
	at io.michaelcane.Calculator.&lt;init&gt;(Calculator.java:6)
	at io.michaelcane.Commands.&lt;init&gt;(Commands.java:5)
	at io.michaelcane.Calculator.&lt;init&gt;(Calculator.java:6)
	at io.michaelcane.Commands.&lt;init&gt;(Commands.java:5)
	at io.michaelcane.Calculator.&lt;init&gt;(Calculator.java:6)
	at io.michaelcane.Commands.&lt;init&gt;(Commands.java:5)
	at io.michaelcane.Calculator.&lt;init&gt;(Calculator.java:6)
	at io.michaelcane.Commands.&lt;init&gt;(Commands.java:5)
	at io.michaelcane.Calculator.&lt;init&gt;(Calculator.java:6)
	at io.michaelcane.Commands.&lt;init&gt;(Commands.java:5)
	at io.michaelcane.Calculator.&lt;init&gt;(Calculator.java:6)
	at io.michaelcane.Commands.&lt;init&gt;(Commands.java:5)
	at io.michaelcane.Calculator.&lt;init&gt;(Calculator.java:6)
	at io.michaelcane.Commands.&lt;init&gt;(Commands.java:5)
	at io.michaelcane.Calculator.&lt;init&gt;(Calculator.java:6)
	at io.michaelcane.Commands.&lt;init&gt;(Commands.java:5)
	at io.michaelcane.Calculator.&lt;init&gt;(Calculator.java:6)
	at io.michaelcane.Commands.&lt;init&gt;(Commands.java:5)
	at io.michaelcane.Calculator.&lt;init&gt;(Calculator.java:6)
	at io.michaelcane.Commands.&lt;init&gt;(Commands.java:5)
	at io.michaelcane.Calculator.&lt;init&gt;(Calculator.java:6)
	at io.michaelcane.Commands.&lt;init&gt;(Commands.java:5)
	at io.michaelcane.Calculator.&lt;init&gt;(Calculator.java:6)
	at io.michaelcane.Commands.&lt;init&gt;(Commands.java:5)
	at io.michaelcane.Calculator.&lt;init&gt;(Calculator.java:6)
	at io.michaelcane.Commands.&lt;init&gt;(Commands.java:5)
	at io.michaelcane.Calculator.&lt;init&gt;(Calculator.java:6)
	at io.michaelcane.Commands.&lt;init&gt;(Commands.java:5)
	at io.michaelcane.Calculator.&lt;init&gt;(Calculator.java:6)
	at io.michaelcane.Commands.&lt;init&gt;(Commands.java:5)
	at io.michaelcane.Calculator.&lt;init&gt;(Calculator.java:6)
	at io.michaelcane.Commands.&lt;init&gt;(Commands.java:5)
	at io.michaelcane.Calculator.&lt;init&gt;(Calculator.java:6)
	at io.michaelcane.Commands.&lt;init&gt;(Commands.java:5)
	at io.michaelcane.Calculator.&lt;init&gt;(Calculator.java:6)
	at io.michaelcane.Commands.&lt;init&gt;(Commands.java:5)
	at io.michaelcane.Calculator.&lt;init&gt;(Calculator.java:6)
	at io.michaelcane.Commands.&lt;init&gt;(Commands.java:5)
	at io.michaelcane.Calculator.&lt;init&gt;(Calculator.java:6)
	at io.michaelcane.Commands.&lt;init&gt;(Commands.java:5)
	at io.michaelcane.Calculator.&lt;init&gt;(Calculator.java:6)
	at io.michaelcane.Commands.&lt;init&gt;(Commands.java:5)
	at io.michaelcane.Calculator.&lt;init&gt;(Calculator.java:6)
	at io.michaelcane.Commands.&lt;init&gt;(Commands.java:5)
	at io.michaelcane.Calculator.&lt;init&gt;(Calculator.java:6)
	at io.michaelcane.Commands.&lt;init&gt;(Commands.java:5)
	at io.michaelcane.Calculator.&lt;init&gt;(Calculator.java:6)
	at io.michaelcane.Commands.&lt;init&gt;(Commands.java:5)
	at io.michaelcane.Calculator.&lt;init&gt;(Calculator.java:6)
	at io.michaelcane.Commands.&lt;init&gt;(Commands.java:5)
	at io.michaelcane.Calculator.&lt;init&gt;(Calculator.java:6)
	at io.michaelcane.Commands.&lt;init&gt;(Commands.java:5)
	at io.michaelcane.Calculator.&lt;init&gt;(Calculator.java:6)
	at io.michaelcane.Commands.&lt;init&gt;(Commands.java:5)
	at io.michaelcane.Calculator.&lt;init&gt;(Calculator.java:6)
	at io.michaelcane.Commands.&lt;init&gt;(Commands.java:5)
	at io.michaelcane.Calculator.&lt;init&gt;(Calculator.java:6)
	at io.michaelcane.Commands.&lt;init&gt;(Commands.java:5)
	at io.michaelcane.Calculator.&lt;init&gt;(Calculator.java:6)
	at io.michaelcane.Commands.&lt;init&gt;(Commands.java:5)
	at io.michaelcane.Calculator.&lt;init&gt;(Calculator.java:6)
	at io.michaelcane.Commands.&lt;init&gt;(Commands.java:5)
	at io.michaelcane.Calculator.&lt;init&gt;(Calculator.java:6)
	at io.michaelcane.Commands.&lt;init&gt;(Commands.java:5)
	at io.michaelcane.Calculator.&lt;init&gt;(Calculator.java:6)
	at io.michaelcane.Commands.&lt;init&gt;(Commands.java:5)
	at io.michaelcane.Calculator.&lt;init&gt;(Calculator.java:6)
	at io.michaelcane.Commands.&lt;init&gt;(Commands.java:5)
	at io.michaelcane.Calculator.&lt;init&gt;(Calculator.java:6)
	at io.michaelcane.Commands.&lt;init&gt;(Commands.java:5)
	at io.michaelcane.Calculator.&lt;init&gt;(Calculator.java:6)
	at io.michaelcane.Commands.&lt;init&gt;(Commands.java:5)
	at io.michaelcane.Calculator.&lt;init&gt;(Calculator.java:6)
	at io.michaelcane.Commands.&lt;init&gt;(Commands.java:5)
	at io.michaelcane.Calculator.&lt;init&gt;(Calculator.java:6)
	at io.michaelcane.Commands.&lt;init&gt;(Commands.java:5)
	at io.michaelcane.Calculator.&lt;init&gt;(Calculator.java:6)
	at io.michaelcane.Commands.&lt;init&gt;(Commands.java:5)
	at io.michaelcane.Calculator.&lt;init&gt;(Calculator.java:6)
	at io.michaelcane.Commands.&lt;init&gt;(Commands.java:5)
	at io.michaelcane.Calculator.&lt;init&gt;(Calculator.java:6)
	at io.michaelcane.Commands.&lt;init&gt;(Commands.java:5)
	at io.michaelcane.Calculator.&lt;init&gt;(Calculator.java:6)
	at io.michaelcane.Commands.&lt;init&gt;(Commands.java:5)
	at io.michaelcane.Calculator.&lt;init&gt;(Calculator.java:6)
	at io.michaelcane.Commands.&lt;init&gt;(Commands.java:5)
	at io.michaelcane.Calculator.&lt;init&gt;(Calculator.java:6)
	at io.michaelcane.Commands.&lt;init&gt;(Commands.java:5)
	at io.michaelcane.Calculator.&lt;init&gt;(Calculator.java:6)
	at io.michaelcane.Commands.&lt;init&gt;(Commands.java:5)
	at io.michaelcane.Calculator.&lt;init&gt;(Calculator.java:6)
	at io.michaelcane.Commands.&lt;init&gt;(Commands.java:5)
	at io.michaelcane.Calculator.&lt;init&gt;(Calculator.java:6)
	at io.michaelcane.Commands.&lt;init&gt;(Commands.java:5)
	at io.michaelcane.Calculator.&lt;init&gt;(Calculator.java:6)
	at io.michaelcane.Commands.&lt;init&gt;(Commands.java:5)
	at io.michaelcane.Calculator.&lt;init&gt;(Calculator.java:6)
	at io.michaelcane.Commands.&lt;init&gt;(Commands.java:5)
	at io.michaelcane.Calculator.&lt;init&gt;(Calculator.java:6)
	at io.michaelcane.Commands.&lt;init&gt;(Commands.java:5)
	at io.michaelcane.Calculator.&lt;init&gt;(Calculator.java:6)
	at io.michaelcane.Commands.&lt;init&gt;(Commands.java:5)
</error>
  </testcase>
  <testcase classname="io.michaelcane.CalculatorSpec" name="test$sum" time="0.011">
    <error type="java.lang.StackOverflowError">java.lang.StackOverflowError
	at io.michaelcane.Calculator.&lt;init&gt;(Calculator.java:6)
	at io.michaelcane.Commands.&lt;init&gt;(Commands.java:5)
	at io.michaelcane.Calculator.&lt;init&gt;(Calculator.java:6)
	at io.michaelcane.Commands.&lt;init&gt;(Commands.java:5)
	at io.michaelcane.Calculator.&lt;init&gt;(Calculator.java:6)
	at io.michaelcane.Commands.&lt;init&gt;(Commands.java:5)
	at io.michaelcane.Calculator.&lt;init&gt;(Calculator.java:6)
	at io.michaelcane.Commands.&lt;init&gt;(Commands.java:5)
	at io.michaelcane.Calculator.&lt;init&gt;(Calculator.java:6)
	at io.michaelcane.Commands.&lt;init&gt;(Commands.java:5)
	at io.michaelcane.Calculator.&lt;init&gt;(Calculator.java:6)
	at io.michaelcane.Commands.&lt;init&gt;(Commands.java:5)
	at io.michaelcane.Calculator.&lt;init&gt;(Calculator.java:6)
	at io.michaelcane.Commands.&lt;init&gt;(Commands.java:5)
	at io.michaelcane.Calculator.&lt;init&gt;(Calculator.java:6)
	at io.michaelcane.Commands.&lt;init&gt;(Commands.java:5)
	at io.michaelcane.Calculator.&lt;init&gt;(Calculator.java:6)
	at io.michaelcane.Commands.&lt;init&gt;(Commands.java:5)
	at io.michaelcane.Calculator.&lt;init&gt;(Calculator.java:6)
	at io.michaelcane.Commands.&lt;init&gt;(Commands.java:5)
	at io.michaelcane.Calculator.&lt;init&gt;(Calculator.java:6)
	at io.michaelcane.Commands.&lt;init&gt;(Commands.java:5)
	at io.michaelcane.Calculator.&lt;init&gt;(Calculator.java:6)
	at io.michaelcane.Commands.&lt;init&gt;(Commands.java:5)
	at io.michaelcane.Calculator.&lt;init&gt;(Calculator.java:6)
	at io.michaelcane.Commands.&lt;init&gt;(Commands.java:5)
	at io.michaelcane.Calculator.&lt;init&gt;(Calculator.java:6)
	at io.michaelcane.Commands.&lt;init&gt;(Commands.java:5)
	at io.michaelcane.Calculator.&lt;init&gt;(Calculator.java:6)
	at io.michaelcane.Commands.&lt;init&gt;(Commands.java:5)
	at io.michaelcane.Calculator.&lt;init&gt;(Calculator.java:6)
	at io.michaelcane.Commands.&lt;init&gt;(Commands.java:5)
	at io.michaelcane.Calculator.&lt;init&gt;(Calculator.java:6)
	at io.michaelcane.Commands.&lt;init&gt;(Commands.java:5)
	at io.michaelcane.Calculator.&lt;init&gt;(Calculator.java:6)
	at io.michaelcane.Commands.&lt;init&gt;(Commands.java:5)
	at io.michaelcane.Calculator.&lt;init&gt;(Calculator.java:6)
	at io.michaelcane.Commands.&lt;init&gt;(Commands.java:5)
	at io.michaelcane.Calculator.&lt;init&gt;(Calculator.java:6)
	at io.michaelcane.Commands.&lt;init&gt;(Commands.java:5)
	at io.michaelcane.Calculator.&lt;init&gt;(Calculator.java:6)
	at io.michaelcane.Commands.&lt;init&gt;(Commands.java:5)
	at io.michaelcane.Calculator.&lt;init&gt;(Calculator.java:6)
	at io.michaelcane.Commands.&lt;init&gt;(Commands.java:5)
	at io.michaelcane.Calculator.&lt;init&gt;(Calculator.java:6)
	at io.michaelcane.Commands.&lt;init&gt;(Commands.java:5)
	at io.michaelcane.Calculator.&lt;init&gt;(Calculator.java:6)
	at io.michaelcane.Commands.&lt;init&gt;(Commands.java:5)
	at io.michaelcane.Calculator.&lt;init&gt;(Calculator.java:6)
	at io.michaelcane.Commands.&lt;init&gt;(Commands.java:5)
	at io.michaelcane.Calculator.&lt;init&gt;(Calculator.java:6)
	at io.michaelcane.Commands.&lt;init&gt;(Commands.java:5)
	at io.michaelcane.Calculator.&lt;init&gt;(Calculator.java:6)
	at io.michaelcane.Commands.&lt;init&gt;(Commands.java:5)
	at io.michaelcane.Calculator.&lt;init&gt;(Calculator.java:6)
	at io.michaelcane.Commands.&lt;init&gt;(Commands.java:5)
	at io.michaelcane.Calculator.&lt;init&gt;(Calculator.java:6)
	at io.michaelcane.Commands.&lt;init&gt;(Commands.java:5)
	at io.michaelcane.Calculator.&lt;init&gt;(Calculator.java:6)
	at io.michaelcane.Commands.&lt;init&gt;(Commands.java:5)
	at io.michaelcane.Calculator.&lt;init&gt;(Calculator.java:6)
	at io.michaelcane.Commands.&lt;init&gt;(Commands.java:5)
	at io.michaelcane.Calculator.&lt;init&gt;(Calculator.java:6)
	at io.michaelcane.Commands.&lt;init&gt;(Commands.java:5)
	at io.michaelcane.Calculator.&lt;init&gt;(Calculator.java:6)
	at io.michaelcane.Commands.&lt;init&gt;(Commands.java:5)
	at io.michaelcane.Calculator.&lt;init&gt;(Calculator.java:6)
	at io.michaelcane.Commands.&lt;init&gt;(Commands.java:5)
	at io.michaelcane.Calculator.&lt;init&gt;(Calculator.java:6)
	at io.michaelcane.Commands.&lt;init&gt;(Commands.java:5)
	at io.michaelcane.Calculator.&lt;init&gt;(Calculator.java:6)
	at io.michaelcane.Commands.&lt;init&gt;(Commands.java:5)
	at io.michaelcane.Calculator.&lt;init&gt;(Calculator.java:6)
	at io.michaelcane.Commands.&lt;init&gt;(Commands.java:5)
	at io.michaelcane.Calculator.&lt;init&gt;(Calculator.java:6)
	at io.michaelcane.Commands.&lt;init&gt;(Commands.java:5)
	at io.michaelcane.Calculator.&lt;init&gt;(Calculator.java:6)
	at io.michaelcane.Commands.&lt;init&gt;(Commands.java:5)
	at io.michaelcane.Calculator.&lt;init&gt;(Calculator.java:6)
	at io.michaelcane.Commands.&lt;init&gt;(Commands.java:5)
	at io.michaelcane.Calculator.&lt;init&gt;(Calculator.java:6)
	at io.michaelcane.Commands.&lt;init&gt;(Commands.java:5)
	at io.michaelcane.Calculator.&lt;init&gt;(Calculator.java:6)
	at io.michaelcane.Commands.&lt;init&gt;(Commands.java:5)
	at io.michaelcane.Calculator.&lt;init&gt;(Calculator.java:6)
	at io.michaelcane.Commands.&lt;init&gt;(Commands.java:5)
	at io.michaelcane.Calculator.&lt;init&gt;(Calculator.java:6)
	at io.michaelcane.Commands.&lt;init&gt;(Commands.java:5)
	at io.michaelcane.Calculator.&lt;init&gt;(Calculator.java:6)
	at io.michaelcane.Commands.&lt;init&gt;(Commands.java:5)
	at io.michaelcane.Calculator.&lt;init&gt;(Calculator.java:6)
	at io.michaelcane.Commands.&lt;init&gt;(Commands.java:5)
	at io.michaelcane.Calculator.&lt;init&gt;(Calculator.java:6)
	at io.michaelcane.Commands.&lt;init&gt;(Commands.java:5)
	at io.michaelcane.Calculator.&lt;init&gt;(Calculator.java:6)
	at io.michaelcane.Commands.&lt;init&gt;(Commands.java:5)
	at io.michaelcane.Calculator.&lt;init&gt;(Calculator.java:6)
	at io.michaelcane.Commands.&lt;init&gt;(Commands.java:5)
	at io.michaelcane.Calculator.&lt;init&gt;(Calculator.java:6)
	at io.michaelcane.Commands.&lt;init&gt;(Commands.java:5)
	at io.michaelcane.Calculator.&lt;init&gt;(Calculator.java:6)
	at io.michaelcane.Commands.&lt;init&gt;(Commands.java:5)
	at io.michaelcane.Calculator.&lt;init&gt;(Calculator.java:6)
	at io.michaelcane.Commands.&lt;init&gt;(Commands.java:5)
	at io.michaelcane.Calculator.&lt;init&gt;(Calculator.java:6)
	at io.michaelcane.Commands.&lt;init&gt;(Commands.java:5)
	at io.michaelcane.Calculator.&lt;init&gt;(Calculator.java:6)
	at io.michaelcane.Commands.&lt;init&gt;(Commands.java:5)
	at io.michaelcane.Calculator.&lt;init&gt;(Calculator.java:6)
	at io.michaelcane.Commands.&lt;init&gt;(Commands.java:5)
	at io.michaelcane.Calculator.&lt;init&gt;(Calculator.java:6)
	at io.michaelcane.Commands.&lt;init&gt;(Commands.java:5)
	at io.michaelcane.Calculator.&lt;init&gt;(Calculator.java:6)
	at io.michaelcane.Commands.&lt;init&gt;(Commands.java:5)
	at io.michaelcane.Calculator.&lt;init&gt;(Calculator.java:6)
	at io.michaelcane.Commands.&lt;init&gt;(Commands.java:5)
	at io.michaelcane.Calculator.&lt;init&gt;(Calculator.java:6)
	at io.michaelcane.Commands.&lt;init&gt;(Commands.java:5)
	at io.michaelcane.Calculator.&lt;init&gt;(Calculator.java:6)
	at io.michaelcane.Commands.&lt;init&gt;(Commands.java:5)
	at io.michaelcane.Calculator.&lt;init&gt;(Calculator.java:6)
	at io.michaelcane.Commands.&lt;init&gt;(Commands.java:5)
	at io.michaelcane.Calculator.&lt;init&gt;(Calculator.java:6)
	at io.michaelcane.Commands.&lt;init&gt;(Commands.java:5)
	at io.michaelcane.Calculator.&lt;init&gt;(Calculator.java:6)
	at io.michaelcane.Commands.&lt;init&gt;(Commands.java:5)
	at io.michaelcane.Calculator.&lt;init&gt;(Calculator.java:6)
	at io.michaelcane.Commands.&lt;init&gt;(Commands.java:5)
	at io.michaelcane.Calculator.&lt;init&gt;(Calculator.java:6)
	at io.michaelcane.Commands.&lt;init&gt;(Commands.java:5)
	at io.michaelcane.Calculator.&lt;init&gt;(Calculator.java:6)
	at io.michaelcane.Commands.&lt;init&gt;(Commands.java:5)
	at io.michaelcane.Calculator.&lt;init&gt;(Calculator.java:6)
	at io.michaelcane.Commands.&lt;init&gt;(Commands.java:5)
	at io.michaelcane.Calculator.&lt;init&gt;(Calculator.java:6)
	at io.michaelcane.Commands.&lt;init&gt;(Commands.java:5)
	at io.michaelcane.Calculator.&lt;init&gt;(Calculator.java:6)
	at io.michaelcane.Commands.&lt;init&gt;(Commands.java:5)
	at io.michaelcane.Calculator.&lt;init&gt;(Calculator.java:6)
	at io.michaelcane.Commands.&lt;init&gt;(Commands.java:5)
	at io.michaelcane.Calculator.&lt;init&gt;(Calculator.java:6)
	at io.michaelcane.Commands.&lt;init&gt;(Commands.java:5)
	at io.michaelcane.Calculator.&lt;init&gt;(Calculator.java:6)
	at io.michaelcane.Commands.&lt;init&gt;(Commands.java:5)
	at io.michaelcane.Calculator.&lt;init&gt;(Calculator.java:6)
	at io.michaelcane.Commands.&lt;init&gt;(Commands.java:5)
	at io.michaelcane.Calculator.&lt;init&gt;(Calculator.java:6)
	at io.michaelcane.Commands.&lt;init&gt;(Commands.java:5)
	at io.michaelcane.Calculator.&lt;init&gt;(Calculator.java:6)
	at io.michaelcane.Commands.&lt;init&gt;(Commands.java:5)
	at io.michaelcane.Calculator.&lt;init&gt;(Calculator.java:6)
	at io.michaelcane.Commands.&lt;init&gt;(Commands.java:5)
	at io.michaelcane.Calculator.&lt;init&gt;(Calculator.java:6)
	at io.michaelcane.Commands.&lt;init&gt;(Commands.java:5)
	at io.michaelcane.Calculator.&lt;init&gt;(Calculator.java:6)
	at io.michaelcane.Commands.&lt;init&gt;(Commands.java:5)
	at io.michaelcane.Calculator.&lt;init&gt;(Calculator.java:6)
	at io.michaelcane.Commands.&lt;init&gt;(Commands.java:5)
	at io.michaelcane.Calculator.&lt;init&gt;(Calculator.java:6)
	at io.michaelcane.Commands.&lt;init&gt;(Commands.java:5)
	at io.michaelcane.Calculator.&lt;init&gt;(Calculator.java:6)
	at io.michaelcane.Commands.&lt;init&gt;(Commands.java:5)
	at io.michaelcane.Calculator.&lt;init&gt;(Calculator.java:6)
	at io.michaelcane.Commands.&lt;init&gt;(Commands.java:5)
	at io.michaelcane.Calculator.&lt;init&gt;(Calculator.java:6)
	at io.michaelcane.Commands.&lt;init&gt;(Commands.java:5)
	at io.michaelcane.Calculator.&lt;init&gt;(Calculator.java:6)
	at io.michaelcane.Commands.&lt;init&gt;(Commands.java:5)
	at io.michaelcane.Calculator.&lt;init&gt;(Calculator.java:6)
	at io.michaelcane.Commands.&lt;init&gt;(Commands.java:5)
	at io.michaelcane.Calculator.&lt;init&gt;(Calculator.java:6)
	at io.michaelcane.Commands.&lt;init&gt;(Commands.java:5)
	at io.michaelcane.Calculator.&lt;init&gt;(Calculator.java:6)
	at io.michaelcane.Commands.&lt;init&gt;(Commands.java:5)
	at io.michaelcane.Calculator.&lt;init&gt;(Calculator.java:6)
	at io.michaelcane.Commands.&lt;init&gt;(Commands.java:5)
	at io.michaelcane.Calculator.&lt;init&gt;(Calculator.java:6)
	at io.michaelcane.Commands.&lt;init&gt;(Commands.java:5)
	at io.michaelcane.Calculator.&lt;init&gt;(Calculator.java:6)
	at io.michaelcane.Commands.&lt;init&gt;(Commands.java:5)
	at io.michaelcane.Calculator.&lt;init&gt;(Calculator.java:6)
	at io.michaelcane.Commands.&lt;init&gt;(Commands.java:5)
	at io.michaelcane.Calculator.&lt;init&gt;(Calculator.java:6)
	at io.michaelcane.Commands.&lt;init&gt;(Commands.java:5)
	at io.michaelcane.Calculator.&lt;init&gt;(Calculator.java:6)
	at io.michaelcane.Commands.&lt;init&gt;(Commands.java:5)
	at io.michaelcane.Calculator.&lt;init&gt;(Calculator.java:6)
	at io.michaelcane.Commands.&lt;init&gt;(Commands.java:5)
	at io.michaelcane.Calculator.&lt;init&gt;(Calculator.java:6)
	at io.michaelcane.Commands.&lt;init&gt;(Commands.java:5)
	at io.michaelcane.Calculator.&lt;init&gt;(Calculator.java:6)
	at io.michaelcane.Commands.&lt;init&gt;(Commands.java:5)
	at io.michaelcane.Calculator.&lt;init&gt;(Calculator.java:6)
	at io.michaelcane.Commands.&lt;init&gt;(Commands.java:5)
	at io.michaelcane.Calculator.&lt;init&gt;(Calculator.java:6)
	at io.michaelcane.Commands.&lt;init&gt;(Commands.java:5)
	at io.michaelcane.Calculator.&lt;init&gt;(Calculator.java:6)
	at io.michaelcane.Commands.&lt;init&gt;(Commands.java:5)
	at io.michaelcane.Calculator.&lt;init&gt;(Calculator.java:6)
	at io.michaelcane.Commands.&lt;init&gt;(Commands.java:5)
	at io.michaelcane.Calculator.&lt;init&gt;(Calculator.java:6)
	at io.michaelcane.Commands.&lt;init&gt;(Commands.java:5)
	at io.michaelcane.Calculator.&lt;init&gt;(Calculator.java:6)
	at io.michaelcane.Commands.&lt;init&gt;(Commands.java:5)
	at io.michaelcane.Calculator.&lt;init&gt;(Calculator.java:6)
	at io.michaelcane.Commands.&lt;init&gt;(Commands.java:5)
	at io.michaelcane.Calculator.&lt;init&gt;(Calculator.java:6)
	at io.michaelcane.Commands.&lt;init&gt;(Commands.java:5)
	at io.michaelcane.Calculator.&lt;init&gt;(Calculator.java:6)
	at io.michaelcane.Commands.&lt;init&gt;(Commands.java:5)
	at io.michaelcane.Calculator.&lt;init&gt;(Calculator.java:6)
	at io.michaelcane.Commands.&lt;init&gt;(Commands.java:5)
	at io.michaelcane.Calculator.&lt;init&gt;(Calculator.java:6)
	at io.michaelcane.Commands.&lt;init&gt;(Commands.java:5)
	at io.michaelcane.Calculator.&lt;init&gt;(Calculator.java:6)
	at io.michaelcane.Commands.&lt;init&gt;(Commands.java:5)
	at io.michaelcane.Calculator.&lt;init&gt;(Calculator.java:6)
	at io.michaelcane.Commands.&lt;init&gt;(Commands.java:5)
	at io.michaelcane.Calculator.&lt;init&gt;(Calculator.java:6)
	at io.michaelcane.Commands.&lt;init&gt;(Commands.java:5)
	at io.michaelcane.Calculator.&lt;init&gt;(Calculator.java:6)
	at io.michaelcane.Commands.&lt;init&gt;(Commands.java:5)
	at io.michaelcane.Calculator.&lt;init&gt;(Calculator.java:6)
	at io.michaelcane.Commands.&lt;init&gt;(Commands.java:5)
	at io.michaelcane.Calculator.&lt;init&gt;(Calculator.java:6)
	at io.michaelcane.Commands.&lt;init&gt;(Commands.java:5)
	at io.michaelcane.Calculator.&lt;init&gt;(Calculator.java:6)
	at io.michaelcane.Commands.&lt;init&gt;(Commands.java:5)
	at io.michaelcane.Calculator.&lt;init&gt;(Calculator.java:6)
	at io.michaelcane.Commands.&lt;init&gt;(Commands.java:5)
	at io.michaelcane.Calculator.&lt;init&gt;(Calculator.java:6)
	at io.michaelcane.Commands.&lt;init&gt;(Commands.java:5)
	at io.michaelcane.Calculator.&lt;init&gt;(Calculator.java:6)
	at io.michaelcane.Commands.&lt;init&gt;(Commands.java:5)
	at io.michaelcane.Calculator.&lt;init&gt;(Calculator.java:6)
	at io.michaelcane.Commands.&lt;init&gt;(Commands.java:5)
	at io.michaelcane.Calculator.&lt;init&gt;(Calculator.java:6)
	at io.michaelcane.Commands.&lt;init&gt;(Commands.java:5)
	at io.michaelcane.Calculator.&lt;init&gt;(Calculator.java:6)
	at io.michaelcane.Commands.&lt;init&gt;(Commands.java:5)
	at io.michaelcane.Calculator.&lt;init&gt;(Calculator.java:6)
	at io.michaelcane.Commands.&lt;init&gt;(Commands.java:5)
	at io.michaelcane.Calculator.&lt;init&gt;(Calculator.java:6)
	at io.michaelcane.Commands.&lt;init&gt;(Commands.java:5)
	at io.michaelcane.Calculator.&lt;init&gt;(Calculator.java:6)
	at io.michaelcane.Commands.&lt;init&gt;(Commands.java:5)
	at io.michaelcane.Calculator.&lt;init&gt;(Calculator.java:6)
	at io.michaelcane.Commands.&lt;init&gt;(Commands.java:5)
	at io.michaelcane.Calculator.&lt;init&gt;(Calculator.java:6)
	at io.michaelcane.Commands.&lt;init&gt;(Commands.java:5)
	at io.michaelcane.Calculator.&lt;init&gt;(Calculator.java:6)
	at io.michaelcane.Commands.&lt;init&gt;(Commands.java:5)
	at io.michaelcane.Calculator.&lt;init&gt;(Calculator.java:6)
	at io.michaelcane.Commands.&lt;init&gt;(Commands.java:5)
	at io.michaelcane.Calculator.&lt;init&gt;(Calculator.java:6)
	at io.michaelcane.Commands.&lt;init&gt;(Commands.java:5)
	at io.michaelcane.Calculator.&lt;init&gt;(Calculator.java:6)
	at io.michaelcane.Commands.&lt;init&gt;(Commands.java:5)
	at io.michaelcane.Calculator.&lt;init&gt;(Calculator.java:6)
	at io.michaelcane.Commands.&lt;init&gt;(Commands.java:5)
	at io.michaelcane.Calculator.&lt;init&gt;(Calculator.java:6)
	at io.michaelcane.Commands.&lt;init&gt;(Commands.java:5)
	at io.michaelcane.Calculator.&lt;init&gt;(Calculator.java:6)
	at io.michaelcane.Commands.&lt;init&gt;(Commands.java:5)
	at io.michaelcane.Calculator.&lt;init&gt;(Calculator.java:6)
	at io.michaelcane.Commands.&lt;init&gt;(Commands.java:5)
	at io.michaelcane.Calculator.&lt;init&gt;(Calculator.java:6)
	at io.michaelcane.Commands.&lt;init&gt;(Commands.java:5)
	at io.michaelcane.Calculator.&lt;init&gt;(Calculator.java:6)
	at io.michaelcane.Commands.&lt;init&gt;(Commands.java:5)
	at io.michaelcane.Calculator.&lt;init&gt;(Calculator.java:6)
	at io.michaelcane.Commands.&lt;init&gt;(Commands.java:5)
	at io.michaelcane.Calculator.&lt;init&gt;(Calculator.java:6)
	at io.michaelcane.Commands.&lt;init&gt;(Commands.java:5)
	at io.michaelcane.Calculator.&lt;init&gt;(Calculator.java:6)
	at io.michaelcane.Commands.&lt;init&gt;(Commands.java:5)
	at io.michaelcane.Calculator.&lt;init&gt;(Calculator.java:6)
	at io.michaelcane.Commands.&lt;init&gt;(Commands.java:5)
	at io.michaelcane.Calculator.&lt;init&gt;(Calculator.java:6)
	at io.michaelcane.Commands.&lt;init&gt;(Commands.java:5)
	at io.michaelcane.Calculator.&lt;init&gt;(Calculator.java:6)
	at io.michaelcane.Commands.&lt;init&gt;(Commands.java:5)
	at io.michaelcane.Calculator.&lt;init&gt;(Calculator.java:6)
	at io.michaelcane.Commands.&lt;init&gt;(Commands.java:5)
	at io.michaelcane.Calculator.&lt;init&gt;(Calculator.java:6)
	at io.michaelcane.Commands.&lt;init&gt;(Commands.java:5)
	at io.michaelcane.Calculator.&lt;init&gt;(Calculator.java:6)
	at io.michaelcane.Commands.&lt;init&gt;(Commands.java:5)
	at io.michaelcane.Calculator.&lt;init&gt;(Calculator.java:6)
	at io.michaelcane.Commands.&lt;init&gt;(Commands.java:5)
	at io.michaelcane.Calculator.&lt;init&gt;(Calculator.java:6)
	at io.michaelcane.Commands.&lt;init&gt;(Commands.java:5)
	at io.michaelcane.Calculator.&lt;init&gt;(Calculator.java:6)
	at io.michaelcane.Commands.&lt;init&gt;(Commands.java:5)
	at io.michaelcane.Calculator.&lt;init&gt;(Calculator.java:6)
	at io.michaelcane.Commands.&lt;init&gt;(Commands.java:5)
	at io.michaelcane.Calculator.&lt;init&gt;(Calculator.java:6)
	at io.michaelcane.Commands.&lt;init&gt;(Commands.java:5)
	at io.michaelcane.Calculator.&lt;init&gt;(Calculator.java:6)
	at io.michaelcane.Commands.&lt;init&gt;(Commands.java:5)
	at io.michaelcane.Calculator.&lt;init&gt;(Calculator.java:6)
	at io.michaelcane.Commands.&lt;init&gt;(Commands.java:5)
	at io.michaelcane.Calculator.&lt;init&gt;(Calculator.java:6)
	at io.michaelcane.Commands.&lt;init&gt;(Commands.java:5)
	at io.michaelcane.Calculator.&lt;init&gt;(Calculator.java:6)
	at io.michaelcane.Commands.&lt;init&gt;(Commands.java:5)
	at io.michaelcane.Calculator.&lt;init&gt;(Calculator.java:6)
	at io.michaelcane.Commands.&lt;init&gt;(Commands.java:5)
	at io.michaelcane.Calculator.&lt;init&gt;(Calculator.java:6)
	at io.michaelcane.Commands.&lt;init&gt;(Commands.java:5)
	at io.michaelcane.Calculator.&lt;init&gt;(Calculator.java:6)
	at io.michaelcane.Commands.&lt;init&gt;(Commands.java:5)
	at io.michaelcane.Calculator.&lt;init&gt;(Calculator.java:6)
	at io.michaelcane.Commands.&lt;init&gt;(Commands.java:5)
	at io.michaelcane.Calculator.&lt;init&gt;(Calculator.java:6)
	at io.michaelcane.Commands.&lt;init&gt;(Commands.java:5)
	at io.michaelcane.Calculator.&lt;init&gt;(Calculator.java:6)
	at io.michaelcane.Commands.&lt;init&gt;(Commands.java:5)
	at io.michaelcane.Calculator.&lt;init&gt;(Calculator.java:6)
	at io.michaelcane.Commands.&lt;init&gt;(Commands.java:5)
	at io.michaelcane.Calculator.&lt;init&gt;(Calculator.java:6)
	at io.michaelcane.Commands.&lt;init&gt;(Commands.java:5)
	at io.michaelcane.Calculator.&lt;init&gt;(Calculator.java:6)
	at io.michaelcane.Commands.&lt;init&gt;(Commands.java:5)
	at io.michaelcane.Calculator.&lt;init&gt;(Calculator.java:6)
	at io.michaelcane.Commands.&lt;init&gt;(Commands.java:5)
	at io.michaelcane.Calculator.&lt;init&gt;(Calculator.java:6)
	at io.michaelcane.Commands.&lt;init&gt;(Commands.java:5)
	at io.michaelcane.Calculator.&lt;init&gt;(Calculator.java:6)
	at io.michaelcane.Commands.&lt;init&gt;(Commands.java:5)
	at io.michaelcane.Calculator.&lt;init&gt;(Calculator.java:6)
	at io.michaelcane.Commands.&lt;init&gt;(Commands.java:5)
	at io.michaelcane.Calculator.&lt;init&gt;(Calculator.java:6)
	at io.michaelcane.Commands.&lt;init&gt;(Commands.java:5)
	at io.michaelcane.Calculator.&lt;init&gt;(Calculator.java:6)
	at io.michaelcane.Commands.&lt;init&gt;(Commands.java:5)
	at io.michaelcane.Calculator.&lt;init&gt;(Calculator.java:6)
	at io.michaelcane.Commands.&lt;init&gt;(Commands.java:5)
	at io.michaelcane.Calculator.&lt;init&gt;(Calculator.java:6)
	at io.michaelcane.Commands.&lt;init&gt;(Commands.java:5)
	at io.michaelcane.Calculator.&lt;init&gt;(Calculator.java:6)
	at io.michaelcane.Commands.&lt;init&gt;(Commands.java:5)
	at io.michaelcane.Calculator.&lt;init&gt;(Calculator.java:6)
	at io.michaelcane.Commands.&lt;init&gt;(Commands.java:5)
	at io.michaelcane.Calculator.&lt;init&gt;(Calculator.java:6)
	at io.michaelcane.Commands.&lt;init&gt;(Commands.java:5)
	at io.michaelcane.Calculator.&lt;init&gt;(Calculator.java:6)
	at io.michaelcane.Commands.&lt;init&gt;(Commands.java:5)
	at io.michaelcane.Calculator.&lt;init&gt;(Calculator.java:6)
	at io.michaelcane.Commands.&lt;init&gt;(Commands.java:5)
	at io.michaelcane.Calculator.&lt;init&gt;(Calculator.java:6)
	at io.michaelcane.Commands.&lt;init&gt;(Commands.java:5)
	at io.michaelcane.Calculator.&lt;init&gt;(Calculator.java:6)
	at io.michaelcane.Commands.&lt;init&gt;(Commands.java:5)
	at io.michaelcane.Calculator.&lt;init&gt;(Calculator.java:6)
	at io.michaelcane.Commands.&lt;init&gt;(Commands.java:5)
	at io.michaelcane.Calculator.&lt;init&gt;(Calculator.java:6)
	at io.michaelcane.Commands.&lt;init&gt;(Commands.java:5)
	at io.michaelcane.Calculator.&lt;init&gt;(Calculator.java:6)
	at io.michaelcane.Commands.&lt;init&gt;(Commands.java:5)
	at io.michaelcane.Calculator.&lt;init&gt;(Calculator.java:6)
	at io.michaelcane.Commands.&lt;init&gt;(Commands.java:5)
	at io.michaelcane.Calculator.&lt;init&gt;(Calculator.java:6)
	at io.michaelcane.Commands.&lt;init&gt;(Commands.java:5)
	at io.michaelcane.Calculator.&lt;init&gt;(Calculator.java:6)
	at io.michaelcane.Commands.&lt;init&gt;(Commands.java:5)
	at io.michaelcane.Calculator.&lt;init&gt;(Calculator.java:6)
	at io.michaelcane.Commands.&lt;init&gt;(Commands.java:5)
	at io.michaelcane.Calculator.&lt;init&gt;(Calculator.java:6)
	at io.michaelcane.Commands.&lt;init&gt;(Commands.java:5)
	at io.michaelcane.Calculator.&lt;init&gt;(Calculator.java:6)
	at io.michaelcane.Commands.&lt;init&gt;(Commands.java:5)
	at io.michaelcane.Calculator.&lt;init&gt;(Calculator.java:6)
	at io.michaelcane.Commands.&lt;init&gt;(Commands.java:5)
	at io.michaelcane.Calculator.&lt;init&gt;(Calculator.java:6)
	at io.michaelcane.Commands.&lt;init&gt;(Commands.java:5)
	at io.michaelcane.Calculator.&lt;init&gt;(Calculator.java:6)
	at io.michaelcane.Commands.&lt;init&gt;(Commands.java:5)
	at io.michaelcane.Calculator.&lt;init&gt;(Calculator.java:6)
	at io.michaelcane.Commands.&lt;init&gt;(Commands.java:5)
	at io.michaelcane.Calculator.&lt;init&gt;(Calculator.java:6)
	at io.michaelcane.Commands.&lt;init&gt;(Commands.java:5)
	at io.michaelcane.Calculator.&lt;init&gt;(Calculator.java:6)
	at io.michaelcane.Commands.&lt;init&gt;(Commands.java:5)
	at io.michaelcane.Calculator.&lt;init&gt;(Calculator.java:6)
	at io.michaelcane.Commands.&lt;init&gt;(Commands.java:5)
	at io.michaelcane.Calculator.&lt;init&gt;(Calculator.java:6)
	at io.michaelcane.Commands.&lt;init&gt;(Commands.java:5)
	at io.michaelcane.Calculator.&lt;init&gt;(Calculator.java:6)
	at io.michaelcane.Commands.&lt;init&gt;(Commands.java:5)
	at io.michaelcane.Calculator.&lt;init&gt;(Calculator.java:6)
	at io.michaelcane.Commands.&lt;init&gt;(Commands.java:5)
	at io.michaelcane.Calculator.&lt;init&gt;(Calculator.java:6)
	at io.michaelcane.Commands.&lt;init&gt;(Commands.java:5)
	at io.michaelcane.Calculator.&lt;init&gt;(Calculator.java:6)
	at io.michaelcane.Commands.&lt;init&gt;(Commands.java:5)
	at io.michaelcane.Calculator.&lt;init&gt;(Calculator.java:6)
	at io.michaelcane.Commands.&lt;init&gt;(Commands.java:5)
	at io.michaelcane.Calculator.&lt;init&gt;(Calculator.java:6)
	at io.michaelcane.Commands.&lt;init&gt;(Commands.java:5)
	at io.michaelcane.Calculator.&lt;init&gt;(Calculator.java:6)
	at io.michaelcane.Commands.&lt;init&gt;(Commands.java:5)
	at io.michaelcane.Calculator.&lt;init&gt;(Calculator.java:6)
	at io.michaelcane.Commands.&lt;init&gt;(Commands.java:5)
	at io.michaelcane.Calculator.&lt;init&gt;(Calculator.java:6)
	at io.michaelcane.Commands.&lt;init&gt;(Commands.java:5)
	at io.michaelcane.Calculator.&lt;init&gt;(Calculator.java:6)
	at io.michaelcane.Commands.&lt;init&gt;(Commands.java:5)
	at io.michaelcane.Calculator.&lt;init&gt;(Calculator.java:6)
	at io.michaelcane.Commands.&lt;init&gt;(Commands.java:5)
	at io.michaelcane.Calculator.&lt;init&gt;(Calculator.java:6)
	at io.michaelcane.Commands.&lt;init&gt;(Commands.java:5)
	at io.michaelcane.Calculator.&lt;init&gt;(Calculator.java:6)
	at io.michaelcane.Commands.&lt;init&gt;(Commands.java:5)
	at io.michaelcane.Calculator.&lt;init&gt;(Calculator.java:6)
	at io.michaelcane.Commands.&lt;init&gt;(Commands.java:5)
	at io.michaelcane.Calculator.&lt;init&gt;(Calculator.java:6)
	at io.michaelcane.Commands.&lt;init&gt;(Commands.java:5)
	at io.michaelcane.Calculator.&lt;init&gt;(Calculator.java:6)
	at io.michaelcane.Commands.&lt;init&gt;(Commands.java:5)
	at io.michaelcane.Calculator.&lt;init&gt;(Calculator.java:6)
	at io.michaelcane.Commands.&lt;init&gt;(Commands.java:5)
	at io.michaelcane.Calculator.&lt;init&gt;(Calculator.java:6)
	at io.michaelcane.Commands.&lt;init&gt;(Commands.java:5)
	at io.michaelcane.Calculator.&lt;init&gt;(Calculator.java:6)
	at io.michaelcane.Commands.&lt;init&gt;(Commands.java:5)
	at io.michaelcane.Calculator.&lt;init&gt;(Calculator.java:6)
	at io.michaelcane.Commands.&lt;init&gt;(Commands.java:5)
	at io.michaelcane.Calculator.&lt;init&gt;(Calculator.java:6)
	at io.michaelcane.Commands.&lt;init&gt;(Commands.java:5)
	at io.michaelcane.Calculator.&lt;init&gt;(Calculator.java:6)
	at io.michaelcane.Commands.&lt;init&gt;(Commands.java:5)
	at io.michaelcane.Calculator.&lt;init&gt;(Calculator.java:6)
	at io.michaelcane.Commands.&lt;init&gt;(Commands.java:5)
	at io.michaelcane.Calculator.&lt;init&gt;(Calculator.java:6)
	at io.michaelcane.Commands.&lt;init&gt;(Commands.java:5)
	at io.michaelcane.Calculator.&lt;init&gt;(Calculator.java:6)
	at io.michaelcane.Commands.&lt;init&gt;(Commands.java:5)
	at io.michaelcane.Calculator.&lt;init&gt;(Calculator.java:6)
	at io.michaelcane.Commands.&lt;init&gt;(Commands.java:5)
	at io.michaelcane.Calculator.&lt;init&gt;(Calculator.java:6)
	at io.michaelcane.Commands.&lt;init&gt;(Commands.java:5)
	at io.michaelcane.Calculator.&lt;init&gt;(Calculator.java:6)
	at io.michaelcane.Commands.&lt;init&gt;(Commands.java:5)
	at io.michaelcane.Calculator.&lt;init&gt;(Calculator.java:6)
	at io.michaelcane.Commands.&lt;init&gt;(Commands.java:5)
	at io.michaelcane.Calculator.&lt;init&gt;(Calculator.java:6)
	at io.michaelcane.Commands.&lt;init&gt;(Commands.java:5)
	at io.michaelcane.Calculator.&lt;init&gt;(Calculator.java:6)
	at io.michaelcane.Commands.&lt;init&gt;(Commands.java:5)
	at io.michaelcane.Calculator.&lt;init&gt;(Calculator.java:6)
	at io.michaelcane.Commands.&lt;init&gt;(Commands.java:5)
	at io.michaelcane.Calculator.&lt;init&gt;(Calculator.java:6)
	at io.michaelcane.Commands.&lt;init&gt;(Commands.java:5)
	at io.michaelcane.Calculator.&lt;init&gt;(Calculator.java:6)
	at io.michaelcane.Commands.&lt;init&gt;(Commands.java:5)
	at io.michaelcane.Calculator.&lt;init&gt;(Calculator.java:6)
	at io.michaelcane.Commands.&lt;init&gt;(Commands.java:5)
	at io.michaelcane.Calculator.&lt;init&gt;(Calculator.java:6)
	at io.michaelcane.Commands.&lt;init&gt;(Commands.java:5)
	at io.michaelcane.Calculator.&lt;init&gt;(Calculator.java:6)
	at io.michaelcane.Commands.&lt;init&gt;(Commands.java:5)
	at io.michaelcane.Calculator.&lt;init&gt;(Calculator.java:6)
	at io.michaelcane.Commands.&lt;init&gt;(Commands.java:5)
	at io.michaelcane.Calculator.&lt;init&gt;(Calculator.java:6)
	at io.michaelcane.Commands.&lt;init&gt;(Commands.java:5)
	at io.michaelcane.Calculator.&lt;init&gt;(Calculator.java:6)
	at io.michaelcane.Commands.&lt;init&gt;(Commands.java:5)
	at io.michaelcane.Calculator.&lt;init&gt;(Calculator.java:6)
	at io.michaelcane.Commands.&lt;init&gt;(Commands.java:5)
	at io.michaelcane.Calculator.&lt;init&gt;(Calculator.java:6)
	at io.michaelcane.Commands.&lt;init&gt;(Commands.java:5)
	at io.michaelcane.Calculator.&lt;init&gt;(Calculator.java:6)
	at io.michaelcane.Commands.&lt;init&gt;(Commands.java:5)
	at io.michaelcane.Calculator.&lt;init&gt;(Calculator.java:6)
	at io.michaelcane.Commands.&lt;init&gt;(Commands.java:5)
	at io.michaelcane.Calculator.&lt;init&gt;(Calculator.java:6)
	at io.michaelcane.Commands.&lt;init&gt;(Commands.java:5)
	at io.michaelcane.Calculator.&lt;init&gt;(Calculator.java:6)
	at io.michaelcane.Commands.&lt;init&gt;(Commands.java:5)
	at io.michaelcane.Calculator.&lt;init&gt;(Calculator.java:6)
	at io.michaelcane.Commands.&lt;init&gt;(Commands.java:5)
	at io.michaelcane.Calculator.&lt;init&gt;(Calculator.java:6)
	at io.michaelcane.Commands.&lt;init&gt;(Commands.java:5)
	at io.michaelcane.Calculator.&lt;init&gt;(Calculator.java:6)
	at io.michaelcane.Commands.&lt;init&gt;(Commands.java:5)
	at io.michaelcane.Calculator.&lt;init&gt;(Calculator.java:6)
	at io.michaelcane.Commands.&lt;init&gt;(Commands.java:5)
	at io.michaelcane.Calculator.&lt;init&gt;(Calculator.java:6)
	at io.michaelcane.Commands.&lt;init&gt;(Commands.java:5)
	at io.michaelcane.Calculator.&lt;init&gt;(Calculator.java:6)
	at io.michaelcane.Commands.&lt;init&gt;(Commands.java:5)
	at io.michaelcane.Calculator.&lt;init&gt;(Calculator.java:6)
	at io.michaelcane.Commands.&lt;init&gt;(Commands.java:5)
	at io.michaelcane.Calculator.&lt;init&gt;(Calculator.java:6)
	at io.michaelcane.Commands.&lt;init&gt;(Commands.java:5)
	at io.michaelcane.Calculator.&lt;init&gt;(Calculator.java:6)
	at io.michaelcane.Commands.&lt;init&gt;(Commands.java:5)
	at io.michaelcane.Calculator.&lt;init&gt;(Calculator.java:6)
	at io.michaelcane.Commands.&lt;init&gt;(Commands.java:5)
	at io.michaelcane.Calculator.&lt;init&gt;(Calculator.java:6)
	at io.michaelcane.Commands.&lt;init&gt;(Commands.java:5)
	at io.michaelcane.Calculator.&lt;init&gt;(Calculator.java:6)
	at io.michaelcane.Commands.&lt;init&gt;(Commands.java:5)
	at io.michaelcane.Calculator.&lt;init&gt;(Calculator.java:6)
	at io.michaelcane.Commands.&lt;init&gt;(Commands.java:5)
	at io.michaelcane.Calculator.&lt;init&gt;(Calculator.java:6)
	at io.michaelcane.Commands.&lt;init&gt;(Commands.java:5)
	at io.michaelcane.Calculator.&lt;init&gt;(Calculator.java:6)
	at io.michaelcane.Commands.&lt;init&gt;(Commands.java:5)
	at io.michaelcane.Calculator.&lt;init&gt;(Calculator.java:6)
	at io.michaelcane.Commands.&lt;init&gt;(Commands.java:5)
	at io.michaelcane.Calculator.&lt;init&gt;(Calculator.java:6)
	at io.michaelcane.Commands.&lt;init&gt;(Commands.java:5)
	at io.michaelcane.Calculator.&lt;init&gt;(Calculator.java:6)
	at io.michaelcane.Commands.&lt;init&gt;(Commands.java:5)
	at io.michaelcane.Calculator.&lt;init&gt;(Calculator.java:6)
	at io.michaelcane.Commands.&lt;init&gt;(Commands.java:5)
	at io.michaelcane.Calculator.&lt;init&gt;(Calculator.java:6)
	at io.michaelcane.Commands.&lt;init&gt;(Commands.java:5)
	at io.michaelcane.Calculator.&lt;init&gt;(Calculator.java:6)
	at io.michaelcane.Commands.&lt;init&gt;(Commands.java:5)
	at io.michaelcane.Calculator.&lt;init&gt;(Calculator.java:6)
	at io.michaelcane.Commands.&lt;init&gt;(Commands.java:5)
	at io.michaelcane.Calculator.&lt;init&gt;(Calculator.java:6)
	at io.michaelcane.Commands.&lt;init&gt;(Commands.java:5)
	at io.michaelcane.Calculator.&lt;init&gt;(Calculator.java:6)
	at io.michaelcane.Commands.&lt;init&gt;(Commands.java:5)
	at io.michaelcane.Calculator.&lt;init&gt;(Calculator.java:6)
	at io.michaelcane.Commands.&lt;init&gt;(Commands.java:5)
	at io.michaelcane.Calculator.&lt;init&gt;(Calculator.java:6)
	at io.michaelcane.Commands.&lt;init&gt;(Commands.java:5)
	at io.michaelcane.Calculator.&lt;init&gt;(Calculator.java:6)
	at io.michaelcane.Commands.&lt;init&gt;(Commands.java:5)
	at io.michaelcane.Calculator.&lt;init&gt;(Calculator.java:6)
	at io.michaelcane.Commands.&lt;init&gt;(Commands.java:5)
	at io.michaelcane.Calculator.&lt;init&gt;(Calculator.java:6)
	at io.michaelcane.Commands.&lt;init&gt;(Commands.java:5)
	at io.michaelcane.Calculator.&lt;init&gt;(Calculator.java:6)
	at io.michaelcane.Commands.&lt;init&gt;(Commands.java:5)
	at io.michaelcane.Calculator.&lt;init&gt;(Calculator.java:6)
	at io.michaelcane.Commands.&lt;init&gt;(Commands.java:5)
	at io.michaelcane.Calculator.&lt;init&gt;(Calculator.java:6)
	at io.michaelcane.Commands.&lt;init&gt;(Commands.java:5)
	at io.michaelcane.Calculator.&lt;init&gt;(Calculator.java:6)
	at io.michaelcane.Commands.&lt;init&gt;(Commands.java:5)
	at io.michaelcane.Calculator.&lt;init&gt;(Calculator.java:6)
	at io.michaelcane.Commands.&lt;init&gt;(Commands.java:5)
	at io.michaelcane.Calculator.&lt;init&gt;(Calculator.java:6)
	at io.michaelcane.Commands.&lt;init&gt;(Commands.java:5)
	at io.michaelcane.Calculator.&lt;init&gt;(Calculator.java:6)
	at io.michaelcane.Commands.&lt;init&gt;(Commands.java:5)
	at io.michaelcane.Calculator.&lt;init&gt;(Calculator.java:6)
	at io.michaelcane.Commands.&lt;init&gt;(Commands.java:5)
	at io.michaelcane.Calculator.&lt;init&gt;(Calculator.java:6)
	at io.michaelcane.Commands.&lt;init&gt;(Commands.java:5)
	at io.michaelcane.Calculator.&lt;init&gt;(Calculator.java:6)
	at io.michaelcane.Commands.&lt;init&gt;(Commands.java:5)
	at io.michaelcane.Calculator.&lt;init&gt;(Calculator.java:6)
	at io.michaelcane.Commands.&lt;init&gt;(Commands.java:5)
	at io.michaelcane.Calculator.&lt;init&gt;(Calculator.java:6)
	at io.michaelcane.Commands.&lt;init&gt;(Commands.java:5)
	at io.michaelcane.Calculator.&lt;init&gt;(Calculator.java:6)
	at io.michaelcane.Commands.&lt;init&gt;(Commands.java:5)
	at io.michaelcane.Calculator.&lt;init&gt;(Calculator.java:6)
	at io.michaelcane.Commands.&lt;init&gt;(Commands.java:5)
	at io.michaelcane.Calculator.&lt;init&gt;(Calculator.java:6)
	at io.michaelcane.Commands.&lt;init&gt;(Commands.java:5)
	at io.michaelcane.Calculator.&lt;init&gt;(Calculator.java:6)
	at io.michaelcane.Commands.&lt;init&gt;(Commands.java:5)
	at io.michaelcane.Calculator.&lt;init&gt;(Calculator.java:6)
	at io.michaelcane.Commands.&lt;init&gt;(Commands.java:5)
	at io.michaelcane.Calculator.&lt;init&gt;(Calculator.java:6)
	at io.michaelcane.Commands.&lt;init&gt;(Commands.java:5)
	at io.michaelcane.Calculator.&lt;init&gt;(Calculator.java:6)
	at io.michaelcane.Commands.&lt;init&gt;(Commands.java:5)
	at io.michaelcane.Calculator.&lt;init&gt;(Calculator.java:6)
	at io.michaelcane.Commands.&lt;init&gt;(Commands.java:5)
	at io.michaelcane.Calculator.&lt;init&gt;(Calculator.java:6)
	at io.michaelcane.Commands.&lt;init&gt;(Commands.java:5)
	at io.michaelcane.Calculator.&lt;init&gt;(Calculator.java:6)
	at io.michaelcane.Commands.&lt;init&gt;(Commands.java:5)
	at io.michaelcane.Calculator.&lt;init&gt;(Calculator.java:6)
	at io.michaelcane.Commands.&lt;init&gt;(Commands.java:5)
	at io.michaelcane.Calculator.&lt;init&gt;(Calculator.java:6)
	at io.michaelcane.Commands.&lt;init&gt;(Commands.java:5)
	at io.michaelcane.Calculator.&lt;init&gt;(Calculator.java:6)
	at io.michaelcane.Commands.&lt;init&gt;(Commands.java:5)
	at io.michaelcane.Calculator.&lt;init&gt;(Calculator.java:6)
	at io.michaelcane.Commands.&lt;init&gt;(Commands.java:5)
	at io.michaelcane.Calculator.&lt;init&gt;(Calculator.java:6)
	at io.michaelcane.Commands.&lt;init&gt;(Commands.java:5)
	at io.michaelcane.Calculator.&lt;init&gt;(Calculator.java:6)
	at io.michaelcane.Commands.&lt;init&gt;(Commands.java:5)
	at io.michaelcane.Calculator.&lt;init&gt;(Calculator.java:6)
	at io.michaelcane.Commands.&lt;init&gt;(Commands.java:5)
	at io.michaelcane.Calculator.&lt;init&gt;(Calculator.java:6)
	at io.michaelcane.Commands.&lt;init&gt;(Commands.java:5)
	at io.michaelcane.Calculator.&lt;init&gt;(Calculator.java:6)
	at io.michaelcane.Commands.&lt;init&gt;(Commands.java:5)
	at io.michaelcane.Calculator.&lt;init&gt;(Calculator.java:6)
	at io.michaelcane.Commands.&lt;init&gt;(Commands.java:5)
	at io.michaelcane.Calculator.&lt;init&gt;(Calculator.java:6)
	at io.michaelcane.Commands.&lt;init&gt;(Commands.java:5)
	at io.michaelcane.Calculator.&lt;init&gt;(Calculator.java:6)
	at io.michaelcane.Commands.&lt;init&gt;(Commands.java:5)
	at io.michaelcane.Calculator.&lt;init&gt;(Calculator.java:6)
	at io.michaelcane.Commands.&lt;init&gt;(Commands.java:5)
	at io.michaelcane.Calculator.&lt;init&gt;(Calculator.java:6)
	at io.michaelcane.Commands.&lt;init&gt;(Commands.java:5)
	at io.michaelcane.Calculator.&lt;init&gt;(Calculator.java:6)
	at io.michaelcane.Commands.&lt;init&gt;(Commands.java:5)
	at io.michaelcane.Calculator.&lt;init&gt;(Calculator.java:6)
	at io.michaelcane.Commands.&lt;init&gt;(Commands.java:5)
	at io.michaelcane.Calculator.&lt;init&gt;(Calculator.java:6)
	at io.michaelcane.Commands.&lt;init&gt;(Commands.java:5)
	at io.michaelcane.Calculator.&lt;init&gt;(Calculator.java:6)
	at io.michaelcane.Commands.&lt;init&gt;(Commands.java:5)
	at io.michaelcane.Calculator.&lt;init&gt;(Calculator.java:6)
	at io.michaelcane.Commands.&lt;init&gt;(Commands.java:5)
	at io.michaelcane.Calculator.&lt;init&gt;(Calculator.java:6)
	at io.michaelcane.Commands.&lt;init&gt;(Commands.java:5)
	at io.michaelcane.Calculator.&lt;init&gt;(Calculator.java:6)
	at io.michaelcane.Commands.&lt;init&gt;(Commands.java:5)
	at io.michaelcane.Calculator.&lt;init&gt;(Calculator.java:6)
	at io.michaelcane.Commands.&lt;init&gt;(Commands.java:5)
	at io.michaelcane.Calculator.&lt;init&gt;(Calculator.java:6)
	at io.michaelcane.Commands.&lt;init&gt;(Commands.java:5)
	at io.michaelcane.Calculator.&lt;init&gt;(Calculator.java:6)
	at io.michaelcane.Commands.&lt;init&gt;(Commands.java:5)
	at io.michaelcane.Calculator.&lt;init&gt;(Calculator.java:6)
	at io.michaelcane.Commands.&lt;init&gt;(Commands.java:5)
	at io.michaelcane.Calculator.&lt;init&gt;(Calculator.java:6)
	at io.michaelcane.Commands.&lt;init&gt;(Commands.java:5)
	at io.michaelcane.Calculator.&lt;init&gt;(Calculator.java:6)
	at io.michaelcane.Commands.&lt;init&gt;(Commands.java:5)
	at io.michaelcane.Calculator.&lt;init&gt;(Calculator.java:6)
	at io.michaelcane.Commands.&lt;init&gt;(Commands.java:5)
	at io.michaelcane.Calculator.&lt;init&gt;(Calculator.java:6)
	at io.michaelcane.Commands.&lt;init&gt;(Commands.java:5)
	at io.michaelcane.Calculator.&lt;init&gt;(Calculator.java:6)
	at io.michaelcane.Commands.&lt;init&gt;(Commands.java:5)
	at io.michaelcane.Calculator.&lt;init&gt;(Calculator.java:6)
	at io.michaelcane.Commands.&lt;init&gt;(Commands.java:5)
	at io.michaelcane.Calculator.&lt;init&gt;(Calculator.java:6)
	at io.michaelcane.Commands.&lt;init&gt;(Commands.java:5)
	at io.michaelcane.Calculator.&lt;init&gt;(Calculator.java:6)
	at io.michaelcane.Commands.&lt;init&gt;(Commands.java:5)
	at io.michaelcane.Calculator.&lt;init&gt;(Calculator.java:6)
	at io.michaelcane.Commands.&lt;init&gt;(Commands.java:5)
	at io.michaelcane.Calculator.&lt;init&gt;(Calculator.java:6)
	at io.michaelcane.Commands.&lt;init&gt;(Commands.java:5)
	at io.michaelcane.Calculator.&lt;init&gt;(Calculator.java:6)
	at io.michaelcane.Commands.&lt;init&gt;(Commands.java:5)
	at io.michaelcane.Calculator.&lt;init&gt;(Calculator.java:6)
	at io.michaelcane.Commands.&lt;init&gt;(Commands.java:5)
	at io.michaelcane.Calculator.&lt;init&gt;(Calculator.java:6)
	at io.michaelcane.Commands.&lt;init&gt;(Commands.java:5)
	at io.michaelcane.Calculator.&lt;init&gt;(Calculator.java:6)
	at io.michaelcane.Commands.&lt;init&gt;(Commands.java:5)
	at io.michaelcane.Calculator.&lt;init&gt;(Calculator.java:6)
	at io.michaelcane.Commands.&lt;init&gt;(Commands.java:5)
	at io.michaelcane.Calculator.&lt;init&gt;(Calculator.java:6)
	at io.michaelcane.Commands.&lt;init&gt;(Commands.java:5)
	at io.michaelcane.Calculator.&lt;init&gt;(Calculator.java:6)
	at io.michaelcane.Commands.&lt;init&gt;(Commands.java:5)
	at io.michaelcane.Calculator.&lt;init&gt;(Calculator.java:6)
	at io.michaelcane.Commands.&lt;init&gt;(Commands.java:5)
	at io.michaelcane.Calculator.&lt;init&gt;(Calculator.java:6)
	at io.michaelcane.Commands.&lt;init&gt;(Commands.java:5)
	at io.michaelcane.Calculator.&lt;init&gt;(Calculator.java:6)
	at io.michaelcane.Commands.&lt;init&gt;(Commands.java:5)
	at io.michaelcane.Calculator.&lt;init&gt;(Calculator.java:6)
	at io.michaelcane.Commands.&lt;init&gt;(Commands.java:5)
	at io.michaelcane.Calculator.&lt;init&gt;(Calculator.java:6)
	at io.michaelcane.Commands.&lt;init&gt;(Commands.java:5)
	at io.michaelcane.Calculator.&lt;init&gt;(Calculator.java:6)
	at io.michaelcane.Commands.&lt;init&gt;(Commands.java:5)
	at io.michaelcane.Calculator.&lt;init&gt;(Calculator.java:6)
	at io.michaelcane.Commands.&lt;init&gt;(Commands.java:5)
	at io.michaelcane.Calculator.&lt;init&gt;(Calculator.java:6)
	at io.michaelcane.Commands.&lt;init&gt;(Commands.java:5)
	at io.michaelcane.Calculator.&lt;init&gt;(Calculator.java:6)
	at io.michaelcane.Commands.&lt;init&gt;(Commands.java:5)
	at io.michaelcane.Calculator.&lt;init&gt;(Calculator.java:6)
	at io.michaelcane.Commands.&lt;init&gt;(Commands.java:5)
	at io.michaelcane.Calculator.&lt;init&gt;(Calculator.java:6)
	at io.michaelcane.Commands.&lt;init&gt;(Commands.java:5)
	at io.michaelcane.Calculator.&lt;init&gt;(Calculator.java:6)
	at io.michaelcane.Commands.&lt;init&gt;(Commands.java:5)
	at io.michaelcane.Calculator.&lt;init&gt;(Calculator.java:6)
	at io.michaelcane.Commands.&lt;init&gt;(Commands.java:5)
	at io.michaelcane.Calculator.&lt;init&gt;(Calculator.java:6)
	at io.michaelcane.Commands.&lt;init&gt;(Commands.java:5)
	at io.michaelcane.Calculator.&lt;init&gt;(Calculator.java:6)
	at io.michaelcane.Commands.&lt;init&gt;(Commands.java:5)
	at io.michaelcane.Calculator.&lt;init&gt;(Calculator.java:6)
	at io.michaelcane.Commands.&lt;init&gt;(Commands.java:5)
	at io.michaelcane.Calculator.&lt;init&gt;(Calculator.java:6)
	at io.michaelcane.Commands.&lt;init&gt;(Commands.java:5)
	at io.michaelcane.Calculator.&lt;init&gt;(Calculator.java:6)
	at io.michaelcane.Commands.&lt;init&gt;(Commands.java:5)
	at io.michaelcane.Calculator.&lt;init&gt;(Calculator.java:6)
	at io.michaelcane.Commands.&lt;init&gt;(Commands.java:5)
	at io.michaelcane.Calculator.&lt;init&gt;(Calculator.java:6)
	at io.michaelcane.Commands.&lt;init&gt;(Commands.java:5)
	at io.michaelcane.Calculator.&lt;init&gt;(Calculator.java:6)
	at io.michaelcane.Commands.&lt;init&gt;(Commands.java:5)
	at io.michaelcane.Calculator.&lt;init&gt;(Calculator.java:6)
	at io.michaelcane.Commands.&lt;init&gt;(Commands.java:5)
	at io.michaelcane.Calculator.&lt;init&gt;(Calculator.java:6)
	at io.michaelcane.Commands.&lt;init&gt;(Commands.java:5)
	at io.michaelcane.Calculator.&lt;init&gt;(Calculator.java:6)
	at io.michaelcane.Commands.&lt;init&gt;(Commands.java:5)
	at io.michaelcane.Calculator.&lt;init&gt;(Calculator.java:6)
	at io.michaelcane.Commands.&lt;init&gt;(Commands.java:5)
	at io.michaelcane.Calculator.&lt;init&gt;(Calculator.java:6)
	at io.michaelcane.Commands.&lt;init&gt;(Commands.java:5)
	at io.michaelcane.Calculator.&lt;init&gt;(Calculator.java:6)
	at io.michaelcane.Commands.&lt;init&gt;(Commands.java:5)
	at io.michaelcane.Calculator.&lt;init&gt;(Calculator.java:6)
	at io.michaelcane.Commands.&lt;init&gt;(Commands.java:5)
	at io.michaelcane.Calculator.&lt;init&gt;(Calculator.java:6)
	at io.michaelcane.Commands.&lt;init&gt;(Commands.java:5)
	at io.michaelcane.Calculator.&lt;init&gt;(Calculator.java:6)
	at io.michaelcane.Commands.&lt;init&gt;(Commands.java:5)
	at io.michaelcane.Calculator.&lt;init&gt;(Calculator.java:6)
	at io.michaelcane.Commands.&lt;init&gt;(Commands.java:5)
	at io.michaelcane.Calculator.&lt;init&gt;(Calculator.java:6)
	at io.michaelcane.Commands.&lt;init&gt;(Commands.java:5)
	at io.michaelcane.Calculator.&lt;init&gt;(Calculator.java:6)
	at io.michaelcane.Commands.&lt;init&gt;(Commands.java:5)
	at io.michaelcane.Calculator.&lt;init&gt;(Calculator.java:6)
	at io.michaelcane.Commands.&lt;init&gt;(Commands.java:5)
	at io.michaelcane.Calculator.&lt;init&gt;(Calculator.java:6)
	at io.michaelcane.Commands.&lt;init&gt;(Commands.java:5)
	at io.michaelcane.Calculator.&lt;init&gt;(Calculator.java:6)
	at io.michaelcane.Commands.&lt;init&gt;(Commands.java:5)
	at io.michaelcane.Calculator.&lt;init&gt;(Calculator.java:6)
	at io.michaelcane.Commands.&lt;init&gt;(Commands.java:5)
	at io.michaelcane.Calculator.&lt;init&gt;(Calculator.java:6)
	at io.michaelcane.Commands.&lt;init&gt;(Commands.java:5)
	at io.michaelcane.Calculator.&lt;init&gt;(Calculator.java:6)
	at io.michaelcane.Commands.&lt;init&gt;(Commands.java:5)
	at io.michaelcane.Calculator.&lt;init&gt;(Calculator.java:6)
	at io.michaelcane.Commands.&lt;init&gt;(Commands.java:5)
	at io.michaelcane.Calculator.&lt;init&gt;(Calculator.java:6)
	at io.michaelcane.Commands.&lt;init&gt;(Commands.java:5)
	at io.michaelcane.Calculator.&lt;init&gt;(Calculator.java:6)
	at io.michaelcane.Commands.&lt;init&gt;(Commands.java:5)
	at io.michaelcane.Calculator.&lt;init&gt;(Calculator.java:6)
	at io.michaelcane.Commands.&lt;init&gt;(Commands.java:5)
	at io.michaelcane.Calculator.&lt;init&gt;(Calculator.java:6)
	at io.michaelcane.Commands.&lt;init&gt;(Commands.java:5)
	at io.michaelcane.Calculator.&lt;init&gt;(Calculator.java:6)
	at io.michaelcane.Commands.&lt;init&gt;(Commands.java:5)
	at io.michaelcane.Calculator.&lt;init&gt;(Calculator.java:6)
	at io.michaelcane.Commands.&lt;init&gt;(Commands.java:5)
	at io.michaelcane.Calculator.&lt;init&gt;(Calculator.java:6)
	at io.michaelcane.Commands.&lt;init&gt;(Commands.java:5)
	at io.michaelcane.Calculator.&lt;init&gt;(Calculator.java:6)
	at io.michaelcane.Commands.&lt;init&gt;(Commands.java:5)
	at io.michaelcane.Calculator.&lt;init&gt;(Calculator.java:6)
	at io.michaelcane.Commands.&lt;init&gt;(Commands.java:5)
	at io.michaelcane.Calculator.&lt;init&gt;(Calculator.java:6)
	at io.michaelcane.Commands.&lt;init&gt;(Commands.java:5)
	at io.michaelcane.Calculator.&lt;init&gt;(Calculator.java:6)
	at io.michaelcane.Commands.&lt;init&gt;(Commands.java:5)
	at io.michaelcane.Calculator.&lt;init&gt;(Calculator.java:6)
	at io.michaelcane.Commands.&lt;init&gt;(Commands.java:5)
	at io.michaelcane.Calculator.&lt;init&gt;(Calculator.java:6)
	at io.michaelcane.Commands.&lt;init&gt;(Commands.java:5)
	at io.michaelcane.Calculator.&lt;init&gt;(Calculator.java:6)
	at io.michaelcane.Commands.&lt;init&gt;(Commands.java:5)
	at io.michaelcane.Calculator.&lt;init&gt;(Calculator.java:6)
	at io.michaelcane.Commands.&lt;init&gt;(Commands.java:5)
	at io.michaelcane.Calculator.&lt;init&gt;(Calculator.java:6)
	at io.michaelcane.Commands.&lt;init&gt;(Commands.java:5)
	at io.michaelcane.Calculator.&lt;init&gt;(Calculator.java:6)
	at io.michaelcane.Commands.&lt;init&gt;(Commands.java:5)
	at io.michaelcane.Calculator.&lt;init&gt;(Calculator.java:6)
	at io.michaelcane.Commands.&lt;init&gt;(Commands.java:5)
	at io.michaelcane.Calculator.&lt;init&gt;(Calculator.java:6)
	at io.michaelcane.Commands.&lt;init&gt;(Commands.java:5)
	at io.michaelcane.Calculator.&lt;init&gt;(Calculator.java:6)
	at io.michaelcane.Commands.&lt;init&gt;(Commands.java:5)
	at io.michaelcane.Calculator.&lt;init&gt;(Calculator.java:6)
	at io.michaelcane.Commands.&lt;init&gt;(Commands.java:5)
	at io.michaelcane.Calculator.&lt;init&gt;(Calculator.java:6)
	at io.michaelcane.Commands.&lt;init&gt;(Commands.java:5)
	at io.michaelcane.Calculator.&lt;init&gt;(Calculator.java:6)
	at io.michaelcane.Commands.&lt;init&gt;(Commands.java:5)
	at io.michaelcane.Calculator.&lt;init&gt;(Calculator.java:6)
	at io.michaelcane.Commands.&lt;init&gt;(Commands.java:5)
	at io.michaelcane.Calculator.&lt;init&gt;(Calculator.java:6)
	at io.michaelcane.Commands.&lt;init&gt;(Commands.java:5)
	at io.michaelcane.Calculator.&lt;init&gt;(Calculator.java:6)
	at io.michaelcane.Commands.&lt;init&gt;(Commands.java:5)
	at io.michaelcane.Calculator.&lt;init&gt;(Calculator.java:6)
	at io.michaelcane.Commands.&lt;init&gt;(Commands.java:5)
	at io.michaelcane.Calculator.&lt;init&gt;(Calculator.java:6)
	at io.michaelcane.Commands.&lt;init&gt;(Commands.java:5)
	at io.michaelcane.Calculator.&lt;init&gt;(Calculator.java:6)
	at io.michaelcane.Commands.&lt;init&gt;(Commands.java:5)
	at io.michaelcane.Calculator.&lt;init&gt;(Calculator.java:6)
	at io.michaelcane.Commands.&lt;init&gt;(Commands.java:5)
	at io.michaelcane.Calculator.&lt;init&gt;(Calculator.java:6)
	at io.michaelcane.Commands.&lt;init&gt;(Commands.java:5)
	at io.michaelcane.Calculator.&lt;init&gt;(Calculator.java:6)
	at io.michaelcane.Commands.&lt;init&gt;(Commands.java:5)
	at io.michaelcane.Calculator.&lt;init&gt;(Calculator.java:6)
	at io.michaelcane.Commands.&lt;init&gt;(Commands.java:5)
	at io.michaelcane.Calculator.&lt;init&gt;(Calculator.java:6)
	at io.michaelcane.Commands.&lt;init&gt;(Commands.java:5)
	at io.michaelcane.Calculator.&lt;init&gt;(Calculator.java:6)
	at io.michaelcane.Commands.&lt;init&gt;(Commands.java:5)
	at io.michaelcane.Calculator.&lt;init&gt;(Calculator.java:6)
	at io.michaelcane.Commands.&lt;init&gt;(Commands.java:5)
	at io.michaelcane.Calculator.&lt;init&gt;(Calculator.java:6)
	at io.michaelcane.Commands.&lt;init&gt;(Commands.java:5)
	at io.michaelcane.Calculator.&lt;init&gt;(Calculator.java:6)
	at io.michaelcane.Commands.&lt;init&gt;(Commands.java:5)
	at io.michaelcane.Calculator.&lt;init&gt;(Calculator.java:6)
	at io.michaelcane.Commands.&lt;init&gt;(Commands.java:5)
	at io.michaelcane.Calculator.&lt;init&gt;(Calculator.java:6)
	at io.michaelcane.Commands.&lt;init&gt;(Commands.java:5)
	at io.michaelcane.Calculator.&lt;init&gt;(Calculator.java:6)
	at io.michaelcane.Commands.&lt;init&gt;(Commands.java:5)
	at io.michaelcane.Calculator.&lt;init&gt;(Calculator.java:6)
	at io.michaelcane.Commands.&lt;init&gt;(Commands.java:5)
	at io.michaelcane.Calculator.&lt;init&gt;(Calculator.java:6)
	at io.michaelcane.Commands.&lt;init&gt;(Commands.java:5)
	at io.michaelcane.Calculator.&lt;init&gt;(Calculator.java:6)
	at io.michaelcane.Commands.&lt;init&gt;(Commands.java:5)
	at io.michaelcane.Calculator.&lt;init&gt;(Calculator.java:6)
	at io.michaelcane.Commands.&lt;init&gt;(Commands.java:5)
	at io.michaelcane.Calculator.&lt;init&gt;(Calculator.java:6)
	at io.michaelcane.Commands.&lt;init&gt;(Commands.java:5)
	at io.michaelcane.Calculator.&lt;init&gt;(Calculator.java:6)
	at io.michaelcane.Commands.&lt;init&gt;(Commands.java:5)
	at io.michaelcane.Calculator.&lt;init&gt;(Calculator.java:6)
	at io.michaelcane.Commands.&lt;init&gt;(Commands.java:5)
	at io.michaelcane.Calculator.&lt;init&gt;(Calculator.java:6)
	at io.michaelcane.Commands.&lt;init&gt;(Commands.java:5)
	at io.michaelcane.Calculator.&lt;init&gt;(Calculator.java:6)
	at io.michaelcane.Commands.&lt;init&gt;(Commands.java:5)
	at io.michaelcane.Calculator.&lt;init&gt;(Calculator.java:6)
	at io.michaelcane.Commands.&lt;init&gt;(Commands.java:5)
	at io.michaelcane.Calculator.&lt;init&gt;(Calculator.java:6)
	at io.michaelcane.Commands.&lt;init&gt;(Commands.java:5)
	at io.michaelcane.Calculator.&lt;init&gt;(Calculator.java:6)
	at io.michaelcane.Commands.&lt;init&gt;(Commands.java:5)
	at io.michaelcane.Calculator.&lt;init&gt;(Calculator.java:6)
	at io.michaelcane.Commands.&lt;init&gt;(Commands.java:5)
	at io.michaelcane.Calculator.&lt;init&gt;(Calculator.java:6)
	at io.michaelcane.Commands.&lt;init&gt;(Commands.java:5)
	at io.michaelcane.Calculator.&lt;init&gt;(Calculator.java:6)
	at io.michaelcane.Commands.&lt;init&gt;(Commands.java:5)
	at io.michaelcane.Calculator.&lt;init&gt;(Calculator.java:6)
	at io.michaelcane.Commands.&lt;init&gt;(Commands.java:5)
	at io.michaelcane.Calculator.&lt;init&gt;(Calculator.java:6)
	at io.michaelcane.Commands.&lt;init&gt;(Commands.java:5)
	at io.michaelcane.Calculator.&lt;init&gt;(Calculator.java:6)
	at io.michaelcane.Commands.&lt;init&gt;(Commands.java:5)
	at io.michaelcane.Calculator.&lt;init&gt;(Calculator.java:6)
	at io.michaelcane.Commands.&lt;init&gt;(Commands.java:5)
	at io.michaelcane.Calculator.&lt;init&gt;(Calculator.java:6)
	at io.michaelcane.Commands.&lt;init&gt;(Commands.java:5)
	at io.michaelcane.Calculator.&lt;init&gt;(Calculator.java:6)
	at io.michaelcane.Commands.&lt;init&gt;(Commands.java:5)
	at io.michaelcane.Calculator.&lt;init&gt;(Calculator.java:6)
	at io.michaelcane.Commands.&lt;init&gt;(Commands.java:5)
	at io.michaelcane.Calculator.&lt;init&gt;(Calculator.java:6)
	at io.michaelcane.Commands.&lt;init&gt;(Commands.java:5)
	at io.michaelcane.Calculator.&lt;init&gt;(Calculator.java:6)
	at io.michaelcane.Commands.&lt;init&gt;(Commands.java:5)
	at io.michaelcane.Calculator.&lt;init&gt;(Calculator.java:6)
	at io.michaelcane.Commands.&lt;init&gt;(Commands.java:5)
	at io.michaelcane.Calculator.&lt;init&gt;(Calculator.java:6)
	at io.michaelcane.Commands.&lt;init&gt;(Commands.java:5)
	at io.michaelcane.Calculator.&lt;init&gt;(Calculator.java:6)
	at io.michaelcane.Commands.&lt;init&gt;(Commands.java:5)
	at io.michaelcane.Calculator.&lt;init&gt;(Calculator.java:6)
	at io.michaelcane.Commands.&lt;init&gt;(Commands.java:5)
	at io.michaelcane.Calculator.&lt;init&gt;(Calculator.java:6)
	at io.michaelcane.Commands.&lt;init&gt;(Commands.java:5)
	at io.michaelcane.Calculator.&lt;init&gt;(Calculator.java:6)
	at io.michaelcane.Commands.&lt;init&gt;(Commands.java:5)
	at io.michaelcane.Calculator.&lt;init&gt;(Calculator.java:6)
	at io.michaelcane.Commands.&lt;init&gt;(Commands.java:5)
	at io.michaelcane.Calculator.&lt;init&gt;(Calculator.java:6)
	at io.michaelcane.Commands.&lt;init&gt;(Commands.java:5)
	at io.michaelcane.Calculator.&lt;init&gt;(Calculator.java:6)
	at io.michaelcane.Commands.&lt;init&gt;(Commands.java:5)
	at io.michaelcane.Calculator.&lt;init&gt;(Calculator.java:6)
	at io.michaelcane.Commands.&lt;init&gt;(Commands.java:5)
	at io.michaelcane.Calculator.&lt;init&gt;(Calculator.java:6)
	at io.michaelcane.Commands.&lt;init&gt;(Commands.java:5)
	at io.michaelcane.Calculator.&lt;init&gt;(Calculator.java:6)
	at io.michaelcane.Commands.&lt;init&gt;(Commands.java:5)
	at io.michaelcane.Calculator.&lt;init&gt;(Calculator.java:6)
	at io.michaelcane.Commands.&lt;init&gt;(Commands.java:5)
	at io.michaelcane.Calculator.&lt;init&gt;(Calculator.java:6)
	at io.michaelcane.Commands.&lt;init&gt;(Commands.java:5)
	at io.michaelcane.Calculator.&lt;init&gt;(Calculator.java:6)
	at io.michaelcane.Commands.&lt;init&gt;(Commands.java:5)
	at io.michaelcane.Calculator.&lt;init&gt;(Calculator.java:6)
	at io.michaelcane.Commands.&lt;init&gt;(Commands.java:5)
	at io.michaelcane.Calculator.&lt;init&gt;(Calculator.java:6)
	at io.michaelcane.Commands.&lt;init&gt;(Commands.java:5)
	at io.michaelcane.Calculator.&lt;init&gt;(Calculator.java:6)
	at io.michaelcane.Commands.&lt;init&gt;(Commands.java:5)
	at io.michaelcane.Calculator.&lt;init&gt;(Calculator.java:6)
	at io.michaelcane.Commands.&lt;init&gt;(Commands.java:5)
	at io.michaelcane.Calculator.&lt;init&gt;(Calculator.java:6)
	at io.michaelcane.Commands.&lt;init&gt;(Commands.java:5)
	at io.michaelcane.Calculator.&lt;init&gt;(Calculator.java:6)
	at io.michaelcane.Commands.&lt;init&gt;(Commands.java:5)
	at io.michaelcane.Calculator.&lt;init&gt;(Calculator.java:6)
	at io.michaelcane.Commands.&lt;init&gt;(Commands.java:5)
	at io.michaelcane.Calculator.&lt;init&gt;(Calculator.java:6)
	at io.michaelcane.Commands.&lt;init&gt;(Commands.java:5)
	at io.michaelcane.Calculator.&lt;init&gt;(Calculator.java:6)
	at io.michaelcane.Commands.&lt;init&gt;(Commands.java:5)
	at io.michaelcane.Calculator.&lt;init&gt;(Calculator.java:6)
	at io.michaelcane.Commands.&lt;init&gt;(Commands.java:5)
	at io.michaelcane.Calculator.&lt;init&gt;(Calculator.java:6)
	at io.michaelcane.Commands.&lt;init&gt;(Commands.java:5)
	at io.michaelcane.Calculator.&lt;init&gt;(Calculator.java:6)
	at io.michaelcane.Commands.&lt;init&gt;(Commands.java:5)
	at io.michaelcane.Calculator.&lt;init&gt;(Calculator.java:6)
	at io.michaelcane.Commands.&lt;init&gt;(Commands.java:5)
	at io.michaelcane.Calculator.&lt;init&gt;(Calculator.java:6)
	at io.michaelcane.Commands.&lt;init&gt;(Commands.java:5)
	at io.michaelcane.Calculator.&lt;init&gt;(Calculator.java:6)
	at io.michaelcane.Commands.&lt;init&gt;(Commands.java:5)
	at io.michaelcane.Calculator.&lt;init&gt;(Calculator.java:6)
	at io.michaelcane.Commands.&lt;init&gt;(Commands.java:5)
	at io.michaelcane.Calculator.&lt;init&gt;(Calculator.java:6)
	at io.michaelcane.Commands.&lt;init&gt;(Commands.java:5)
	at io.michaelcane.Calculator.&lt;init&gt;(Calculator.java:6)
	at io.michaelcane.Commands.&lt;init&gt;(Commands.java:5)
	at io.michaelcane.Calculator.&lt;init&gt;(Calculator.java:6)
	at io.michaelcane.Commands.&lt;init&gt;(Commands.java:5)
	at io.michaelcane.Calculator.&lt;init&gt;(Calculator.java:6)
	at io.michaelcane.Commands.&lt;init&gt;(Commands.java:5)
	at io.michaelcane.Calculator.&lt;init&gt;(Calculator.java:6)
	at io.michaelcane.Commands.&lt;init&gt;(Commands.java:5)
	at io.michaelcane.Calculator.&lt;init&gt;(Calculator.java:6)
	at io.michaelcane.Commands.&lt;init&gt;(Commands.java:5)
	at io.michaelcane.Calculator.&lt;init&gt;(Calculator.java:6)
	at io.michaelcane.Commands.&lt;init&gt;(Commands.java:5)
	at io.michaelcane.Calculator.&lt;init&gt;(Calculator.java:6)
	at io.michaelcane.Commands.&lt;init&gt;(Commands.java:5)
	at io.michaelcane.Calculator.&lt;init&gt;(Calculator.java:6)
	at io.michaelcane.Commands.&lt;init&gt;(Commands.java:5)
	at io.michaelcane.Calculator.&lt;init&gt;(Calculator.java:6)
	at io.michaelcane.Commands.&lt;init&gt;(Commands.java:5)
	at io.michaelcane.Calculator.&lt;init&gt;(Calculator.java:6)
	at io.michaelcane.Commands.&lt;init&gt;(Commands.java:5)
	at io.michaelcane.Calculator.&lt;init&gt;(Calculator.java:6)
	at io.michaelcane.Commands.&lt;init&gt;(Commands.java:5)
	at io.michaelcane.Calculator.&lt;init&gt;(Calculator.java:6)
	at io.michaelcane.Commands.&lt;init&gt;(Commands.java:5)
	at io.michaelcane.Calculator.&lt;init&gt;(Calculator.java:6)
	at io.michaelcane.Commands.&lt;init&gt;(Commands.java:5)
	at io.michaelcane.Calculator.&lt;init&gt;(Calculator.java:6)
	at io.michaelcane.Commands.&lt;init&gt;(Commands.java:5)
	at io.michaelcane.Calculator.&lt;init&gt;(Calculator.java:6)
	at io.michaelcane.Commands.&lt;init&gt;(Commands.java:5)
	at io.michaelcane.Calculator.&lt;init&gt;(Calculator.java:6)
	at io.michaelcane.Commands.&lt;init&gt;(Commands.java:5)
	at io.michaelcane.Calculator.&lt;init&gt;(Calculator.java:6)
	at io.michaelcane.Commands.&lt;init&gt;(Commands.java:5)
	at io.michaelcane.Calculator.&lt;init&gt;(Calculator.java:6)
	at io.michaelcane.Commands.&lt;init&gt;(Commands.java:5)
	at io.michaelcane.Calculator.&lt;init&gt;(Calculator.java:6)
	at io.michaelcane.Commands.&lt;init&gt;(Commands.java:5)
	at io.michaelcane.Calculator.&lt;init&gt;(Calculator.java:6)
	at io.michaelcane.Commands.&lt;init&gt;(Commands.java:5)
	at io.michaelcane.Calculator.&lt;init&gt;(Calculator.java:6)
	at io.michaelcane.Commands.&lt;init&gt;(Commands.java:5)
	at io.michaelcane.Calculator.&lt;init&gt;(Calculator.java:6)
	at io.michaelcane.Commands.&lt;init&gt;(Commands.java:5)
	at io.michaelcane.Calculator.&lt;init&gt;(Calculator.java:6)
	at io.michaelcane.Commands.&lt;init&gt;(Commands.java:5)
	at io.michaelcane.Calculator.&lt;init&gt;(Calculator.java:6)
	at io.michaelcane.Commands.&lt;init&gt;(Commands.java:5)
	at io.michaelcane.Calculator.&lt;init&gt;(Calculator.java:6)
	at io.michaelcane.Commands.&lt;init&gt;(Commands.java:5)
	at io.michaelcane.Calculator.&lt;init&gt;(Calculator.java:6)
	at io.michaelcane.Commands.&lt;init&gt;(Commands.java:5)
	at io.michaelcane.Calculator.&lt;init&gt;(Calculator.java:6)
	at io.michaelcane.Commands.&lt;init&gt;(Commands.java:5)
	at io.michaelcane.Calculator.&lt;init&gt;(Calculator.java:6)
	at io.michaelcane.Commands.&lt;init&gt;(Commands.java:5)
	at io.michaelcane.Calculator.&lt;init&gt;(Calculator.java:6)
	at io.michaelcane.Commands.&lt;init&gt;(Commands.java:5)
	at io.michaelcane.Calculator.&lt;init&gt;(Calculator.java:6)
	at io.michaelcane.Commands.&lt;init&gt;(Commands.java:5)
	at io.michaelcane.Calculator.&lt;init&gt;(Calculator.java:6)
	at io.michaelcane.Commands.&lt;init&gt;(Commands.java:5)
	at io.michaelcane.Calculator.&lt;init&gt;(Calculator.java:6)
	at io.michaelcane.Commands.&lt;init&gt;(Commands.java:5)
	at io.michaelcane.Calculator.&lt;init&gt;(Calculator.java:6)
	at io.michaelcane.Commands.&lt;init&gt;(Commands.java:5)
	at io.michaelcane.Calculator.&lt;init&gt;(Calculator.java:6)
	at io.michaelcane.Commands.&lt;init&gt;(Commands.java:5)
	at io.michaelcane.Calculator.&lt;init&gt;(Calculator.java:6)
	at io.michaelcane.Commands.&lt;init&gt;(Commands.java:5)
	at io.michaelcane.Calculator.&lt;init&gt;(Calculator.java:6)
	at io.michaelcane.Commands.&lt;init&gt;(Commands.java:5)
	at io.michaelcane.Calculator.&lt;init&gt;(Calculator.java:6)
	at io.michaelcane.Commands.&lt;init&gt;(Commands.java:5)
	at io.michaelcane.Calculator.&lt;init&gt;(Calculator.java:6)
	at io.michaelcane.Commands.&lt;init&gt;(Commands.java:5)
	at io.michaelcane.Calculator.&lt;init&gt;(Calculator.java:6)
	at io.michaelcane.Commands.&lt;init&gt;(Commands.java:5)
	at io.michaelcane.Calculator.&lt;init&gt;(Calculator.java:6)
	at io.michaelcane.Commands.&lt;init&gt;(Commands.java:5)
	at io.michaelcane.Calculator.&lt;init&gt;(Calculator.java:6)
	at io.michaelcane.Commands.&lt;init&gt;(Commands.java:5)
	at io.michaelcane.Calculator.&lt;init&gt;(Calculator.java:6)
	at io.michaelcane.Commands.&lt;init&gt;(Commands.java:5)
</error>
  </testcase>
  <testcase classname="io.michaelcane.CalculatorSpec" name="test$inverseCosin" time="0.01">
    <error type="java.lang.StackOverflowError">java.lang.StackOverflowError
	at io.michaelcane.Calculator.&lt;init&gt;(Calculator.java:6)
	at io.michaelcane.Commands.&lt;init&gt;(Commands.java:5)
	at io.michaelcane.Calculator.&lt;init&gt;(Calculator.java:6)
	at io.michaelcane.Commands.&lt;init&gt;(Commands.java:5)
	at io.michaelcane.Calculator.&lt;init&gt;(Calculator.java:6)
	at io.michaelcane.Commands.&lt;init&gt;(Commands.java:5)
	at io.michaelcane.Calculator.&lt;init&gt;(Calculator.java:6)
	at io.michaelcane.Commands.&lt;init&gt;(Commands.java:5)
	at io.michaelcane.Calculator.&lt;init&gt;(Calculator.java:6)
	at io.michaelcane.Commands.&lt;init&gt;(Commands.java:5)
	at io.michaelcane.Calculator.&lt;init&gt;(Calculator.java:6)
	at io.michaelcane.Commands.&lt;init&gt;(Commands.java:5)
	at io.michaelcane.Calculator.&lt;init&gt;(Calculator.java:6)
	at io.michaelcane.Commands.&lt;init&gt;(Commands.java:5)
	at io.michaelcane.Calculator.&lt;init&gt;(Calculator.java:6)
	at io.michaelcane.Commands.&lt;init&gt;(Commands.java:5)
	at io.michaelcane.Calculator.&lt;init&gt;(Calculator.java:6)
	at io.michaelcane.Commands.&lt;init&gt;(Commands.java:5)
	at io.michaelcane.Calculator.&lt;init&gt;(Calculator.java:6)
	at io.michaelcane.Commands.&lt;init&gt;(Commands.java:5)
	at io.michaelcane.Calculator.&lt;init&gt;(Calculator.java:6)
	at io.michaelcane.Commands.&lt;init&gt;(Commands.java:5)
	at io.michaelcane.Calculator.&lt;init&gt;(Calculator.java:6)
	at io.michaelcane.Commands.&lt;init&gt;(Commands.java:5)
	at io.michaelcane.Calculator.&lt;init&gt;(Calculator.java:6)
	at io.michaelcane.Commands.&lt;init&gt;(Commands.java:5)
	at io.michaelcane.Calculator.&lt;init&gt;(Calculator.java:6)
	at io.michaelcane.Commands.&lt;init&gt;(Commands.java:5)
	at io.michaelcane.Calculator.&lt;init&gt;(Calculator.java:6)
	at io.michaelcane.Commands.&lt;init&gt;(Commands.java:5)
	at io.michaelcane.Calculator.&lt;init&gt;(Calculator.java:6)
	at io.michaelcane.Commands.&lt;init&gt;(Commands.java:5)
	at io.michaelcane.Calculator.&lt;init&gt;(Calculator.java:6)
	at io.michaelcane.Commands.&lt;init&gt;(Commands.java:5)
	at io.michaelcane.Calculator.&lt;init&gt;(Calculator.java:6)
	at io.michaelcane.Commands.&lt;init&gt;(Commands.java:5)
	at io.michaelcane.Calculator.&lt;init&gt;(Calculator.java:6)
	at io.michaelcane.Commands.&lt;init&gt;(Commands.java:5)
	at io.michaelcane.Calculator.&lt;init&gt;(Calculator.java:6)
	at io.michaelcane.Commands.&lt;init&gt;(Commands.java:5)
	at io.michaelcane.Calculator.&lt;init&gt;(Calculator.java:6)
	at io.michaelcane.Commands.&lt;init&gt;(Commands.java:5)
	at io.michaelcane.Calculator.&lt;init&gt;(Calculator.java:6)
	at io.michaelcane.Commands.&lt;init&gt;(Commands.java:5)
	at io.michaelcane.Calculator.&lt;init&gt;(Calculator.java:6)
	at io.michaelcane.Commands.&lt;init&gt;(Commands.java:5)
	at io.michaelcane.Calculator.&lt;init&gt;(Calculator.java:6)
	at io.michaelcane.Commands.&lt;init&gt;(Commands.java:5)
	at io.michaelcane.Calculator.&lt;init&gt;(Calculator.java:6)
	at io.michaelcane.Commands.&lt;init&gt;(Commands.java:5)
	at io.michaelcane.Calculator.&lt;init&gt;(Calculator.java:6)
	at io.michaelcane.Commands.&lt;init&gt;(Commands.java:5)
	at io.michaelcane.Calculator.&lt;init&gt;(Calculator.java:6)
	at io.michaelcane.Commands.&lt;init&gt;(Commands.java:5)
	at io.michaelcane.Calculator.&lt;init&gt;(Calculator.java:6)
	at io.michaelcane.Commands.&lt;init&gt;(Commands.java:5)
	at io.michaelcane.Calculator.&lt;init&gt;(Calculator.java:6)
	at io.michaelcane.Commands.&lt;init&gt;(Commands.java:5)
	at io.michaelcane.Calculator.&lt;init&gt;(Calculator.java:6)
	at io.michaelcane.Commands.&lt;init&gt;(Commands.java:5)
	at io.michaelcane.Calculator.&lt;init&gt;(Calculator.java:6)
	at io.michaelcane.Commands.&lt;init&gt;(Commands.java:5)
	at io.michaelcane.Calculator.&lt;init&gt;(Calculator.java:6)
	at io.michaelcane.Commands.&lt;init&gt;(Commands.java:5)
	at io.michaelcane.Calculator.&lt;init&gt;(Calculator.java:6)
	at io.michaelcane.Commands.&lt;init&gt;(Commands.java:5)
	at io.michaelcane.Calculator.&lt;init&gt;(Calculator.java:6)
	at io.michaelcane.Commands.&lt;init&gt;(Commands.java:5)
	at io.michaelcane.Calculator.&lt;init&gt;(Calculator.java:6)
	at io.michaelcane.Commands.&lt;init&gt;(Commands.java:5)
	at io.michaelcane.Calculator.&lt;init&gt;(Calculator.java:6)
	at io.michaelcane.Commands.&lt;init&gt;(Commands.java:5)
	at io.michaelcane.Calculator.&lt;init&gt;(Calculator.java:6)
	at io.michaelcane.Commands.&lt;init&gt;(Commands.java:5)
	at io.michaelcane.Calculator.&lt;init&gt;(Calculator.java:6)
	at io.michaelcane.Commands.&lt;init&gt;(Commands.java:5)
	at io.michaelcane.Calculator.&lt;init&gt;(Calculator.java:6)
	at io.michaelcane.Commands.&lt;init&gt;(Commands.java:5)
	at io.michaelcane.Calculator.&lt;init&gt;(Calculator.java:6)
	at io.michaelcane.Commands.&lt;init&gt;(Commands.java:5)
	at io.michaelcane.Calculator.&lt;init&gt;(Calculator.java:6)
	at io.michaelcane.Commands.&lt;init&gt;(Commands.java:5)
	at io.michaelcane.Calculator.&lt;init&gt;(Calculator.java:6)
	at io.michaelcane.Commands.&lt;init&gt;(Commands.java:5)
	at io.michaelcane.Calculator.&lt;init&gt;(Calculator.java:6)
	at io.michaelcane.Commands.&lt;init&gt;(Commands.java:5)
	at io.michaelcane.Calculator.&lt;init&gt;(Calculator.java:6)
	at io.michaelcane.Commands.&lt;init&gt;(Commands.java:5)
	at io.michaelcane.Calculator.&lt;init&gt;(Calculator.java:6)
	at io.michaelcane.Commands.&lt;init&gt;(Commands.java:5)
	at io.michaelcane.Calculator.&lt;init&gt;(Calculator.java:6)
	at io.michaelcane.Commands.&lt;init&gt;(Commands.java:5)
	at io.michaelcane.Calculator.&lt;init&gt;(Calculator.java:6)
	at io.michaelcane.Commands.&lt;init&gt;(Commands.java:5)
	at io.michaelcane.Calculator.&lt;init&gt;(Calculator.java:6)
	at io.michaelcane.Commands.&lt;init&gt;(Commands.java:5)
	at io.michaelcane.Calculator.&lt;init&gt;(Calculator.java:6)
	at io.michaelcane.Commands.&lt;init&gt;(Commands.java:5)
	at io.michaelcane.Calculator.&lt;init&gt;(Calculator.java:6)
	at io.michaelcane.Commands.&lt;init&gt;(Commands.java:5)
	at io.michaelcane.Calculator.&lt;init&gt;(Calculator.java:6)
	at io.michaelcane.Commands.&lt;init&gt;(Commands.java:5)
	at io.michaelcane.Calculator.&lt;init&gt;(Calculator.java:6)
	at io.michaelcane.Commands.&lt;init&gt;(Commands.java:5)
	at io.michaelcane.Calculator.&lt;init&gt;(Calculator.java:6)
	at io.michaelcane.Commands.&lt;init&gt;(Commands.java:5)
	at io.michaelcane.Calculator.&lt;init&gt;(Calculator.java:6)
	at io.michaelcane.Commands.&lt;init&gt;(Commands.java:5)
	at io.michaelcane.Calculator.&lt;init&gt;(Calculator.java:6)
	at io.michaelcane.Commands.&lt;init&gt;(Commands.java:5)
	at io.michaelcane.Calculator.&lt;init&gt;(Calculator.java:6)
	at io.michaelcane.Commands.&lt;init&gt;(Commands.java:5)
	at io.michaelcane.Calculator.&lt;init&gt;(Calculator.java:6)
	at io.michaelcane.Commands.&lt;init&gt;(Commands.java:5)
	at io.michaelcane.Calculator.&lt;init&gt;(Calculator.java:6)
	at io.michaelcane.Commands.&lt;init&gt;(Commands.java:5)
	at io.michaelcane.Calculator.&lt;init&gt;(Calculator.java:6)
	at io.michaelcane.Commands.&lt;init&gt;(Commands.java:5)
	at io.michaelcane.Calculator.&lt;init&gt;(Calculator.java:6)
	at io.michaelcane.Commands.&lt;init&gt;(Commands.java:5)
	at io.michaelcane.Calculator.&lt;init&gt;(Calculator.java:6)
	at io.michaelcane.Commands.&lt;init&gt;(Commands.java:5)
	at io.michaelcane.Calculator.&lt;init&gt;(Calculator.java:6)
	at io.michaelcane.Commands.&lt;init&gt;(Commands.java:5)
	at io.michaelcane.Calculator.&lt;init&gt;(Calculator.java:6)
	at io.michaelcane.Commands.&lt;init&gt;(Commands.java:5)
	at io.michaelcane.Calculator.&lt;init&gt;(Calculator.java:6)
	at io.michaelcane.Commands.&lt;init&gt;(Commands.java:5)
	at io.michaelcane.Calculator.&lt;init&gt;(Calculator.java:6)
	at io.michaelcane.Commands.&lt;init&gt;(Commands.java:5)
	at io.michaelcane.Calculator.&lt;init&gt;(Calculator.java:6)
	at io.michaelcane.Commands.&lt;init&gt;(Commands.java:5)
	at io.michaelcane.Calculator.&lt;init&gt;(Calculator.java:6)
	at io.michaelcane.Commands.&lt;init&gt;(Commands.java:5)
	at io.michaelcane.Calculator.&lt;init&gt;(Calculator.java:6)
	at io.michaelcane.Commands.&lt;init&gt;(Commands.java:5)
	at io.michaelcane.Calculator.&lt;init&gt;(Calculator.java:6)
	at io.michaelcane.Commands.&lt;init&gt;(Commands.java:5)
	at io.michaelcane.Calculator.&lt;init&gt;(Calculator.java:6)
	at io.michaelcane.Commands.&lt;init&gt;(Commands.java:5)
	at io.michaelcane.Calculator.&lt;init&gt;(Calculator.java:6)
	at io.michaelcane.Commands.&lt;init&gt;(Commands.java:5)
	at io.michaelcane.Calculator.&lt;init&gt;(Calculator.java:6)
	at io.michaelcane.Commands.&lt;init&gt;(Commands.java:5)
	at io.michaelcane.Calculator.&lt;init&gt;(Calculator.java:6)
	at io.michaelcane.Commands.&lt;init&gt;(Commands.java:5)
	at io.michaelcane.Calculator.&lt;init&gt;(Calculator.java:6)
	at io.michaelcane.Commands.&lt;init&gt;(Commands.java:5)
	at io.michaelcane.Calculator.&lt;init&gt;(Calculator.java:6)
	at io.michaelcane.Commands.&lt;init&gt;(Commands.java:5)
	at io.michaelcane.Calculator.&lt;init&gt;(Calculator.java:6)
	at io.michaelcane.Commands.&lt;init&gt;(Commands.java:5)
	at io.michaelcane.Calculator.&lt;init&gt;(Calculator.java:6)
	at io.michaelcane.Commands.&lt;init&gt;(Commands.java:5)
	at io.michaelcane.Calculator.&lt;init&gt;(Calculator.java:6)
	at io.michaelcane.Commands.&lt;init&gt;(Commands.java:5)
	at io.michaelcane.Calculator.&lt;init&gt;(Calculator.java:6)
	at io.michaelcane.Commands.&lt;init&gt;(Commands.java:5)
	at io.michaelcane.Calculator.&lt;init&gt;(Calculator.java:6)
	at io.michaelcane.Commands.&lt;init&gt;(Commands.java:5)
	at io.michaelcane.Calculator.&lt;init&gt;(Calculator.java:6)
	at io.michaelcane.Commands.&lt;init&gt;(Commands.java:5)
	at io.michaelcane.Calculator.&lt;init&gt;(Calculator.java:6)
	at io.michaelcane.Commands.&lt;init&gt;(Commands.java:5)
	at io.michaelcane.Calculator.&lt;init&gt;(Calculator.java:6)
	at io.michaelcane.Commands.&lt;init&gt;(Commands.java:5)
	at io.michaelcane.Calculator.&lt;init&gt;(Calculator.java:6)
	at io.michaelcane.Commands.&lt;init&gt;(Commands.java:5)
	at io.michaelcane.Calculator.&lt;init&gt;(Calculator.java:6)
	at io.michaelcane.Commands.&lt;init&gt;(Commands.java:5)
	at io.michaelcane.Calculator.&lt;init&gt;(Calculator.java:6)
	at io.michaelcane.Commands.&lt;init&gt;(Commands.java:5)
	at io.michaelcane.Calculator.&lt;init&gt;(Calculator.java:6)
	at io.michaelcane.Commands.&lt;init&gt;(Commands.java:5)
	at io.michaelcane.Calculator.&lt;init&gt;(Calculator.java:6)
	at io.michaelcane.Commands.&lt;init&gt;(Commands.java:5)
	at io.michaelcane.Calculator.&lt;init&gt;(Calculator.java:6)
	at io.michaelcane.Commands.&lt;init&gt;(Commands.java:5)
	at io.michaelcane.Calculator.&lt;init&gt;(Calculator.java:6)
	at io.michaelcane.Commands.&lt;init&gt;(Commands.java:5)
	at io.michaelcane.Calculator.&lt;init&gt;(Calculator.java:6)
	at io.michaelcane.Commands.&lt;init&gt;(Commands.java:5)
	at io.michaelcane.Calculator.&lt;init&gt;(Calculator.java:6)
	at io.michaelcane.Commands.&lt;init&gt;(Commands.java:5)
	at io.michaelcane.Calculator.&lt;init&gt;(Calculator.java:6)
	at io.michaelcane.Commands.&lt;init&gt;(Commands.java:5)
	at io.michaelcane.Calculator.&lt;init&gt;(Calculator.java:6)
	at io.michaelcane.Commands.&lt;init&gt;(Commands.java:5)
	at io.michaelcane.Calculator.&lt;init&gt;(Calculator.java:6)
	at io.michaelcane.Commands.&lt;init&gt;(Commands.java:5)
	at io.michaelcane.Calculator.&lt;init&gt;(Calculator.java:6)
	at io.michaelcane.Commands.&lt;init&gt;(Commands.java:5)
	at io.michaelcane.Calculator.&lt;init&gt;(Calculator.java:6)
	at io.michaelcane.Commands.&lt;init&gt;(Commands.java:5)
	at io.michaelcane.Calculator.&lt;init&gt;(Calculator.java:6)
	at io.michaelcane.Commands.&lt;init&gt;(Commands.java:5)
	at io.michaelcane.Calculator.&lt;init&gt;(Calculator.java:6)
	at io.michaelcane.Commands.&lt;init&gt;(Commands.java:5)
	at io.michaelcane.Calculator.&lt;init&gt;(Calculator.java:6)
	at io.michaelcane.Commands.&lt;init&gt;(Commands.java:5)
	at io.michaelcane.Calculator.&lt;init&gt;(Calculator.java:6)
	at io.michaelcane.Commands.&lt;init&gt;(Commands.java:5)
	at io.michaelcane.Calculator.&lt;init&gt;(Calculator.java:6)
	at io.michaelcane.Commands.&lt;init&gt;(Commands.java:5)
	at io.michaelcane.Calculator.&lt;init&gt;(Calculator.java:6)
	at io.michaelcane.Commands.&lt;init&gt;(Commands.java:5)
	at io.michaelcane.Calculator.&lt;init&gt;(Calculator.java:6)
	at io.michaelcane.Commands.&lt;init&gt;(Commands.java:5)
	at io.michaelcane.Calculator.&lt;init&gt;(Calculator.java:6)
	at io.michaelcane.Commands.&lt;init&gt;(Commands.java:5)
	at io.michaelcane.Calculator.&lt;init&gt;(Calculator.java:6)
	at io.michaelcane.Commands.&lt;init&gt;(Commands.java:5)
	at io.michaelcane.Calculator.&lt;init&gt;(Calculator.java:6)
	at io.michaelcane.Commands.&lt;init&gt;(Commands.java:5)
	at io.michaelcane.Calculator.&lt;init&gt;(Calculator.java:6)
	at io.michaelcane.Commands.&lt;init&gt;(Commands.java:5)
	at io.michaelcane.Calculator.&lt;init&gt;(Calculator.java:6)
	at io.michaelcane.Commands.&lt;init&gt;(Commands.java:5)
	at io.michaelcane.Calculator.&lt;init&gt;(Calculator.java:6)
	at io.michaelcane.Commands.&lt;init&gt;(Commands.java:5)
	at io.michaelcane.Calculator.&lt;init&gt;(Calculator.java:6)
	at io.michaelcane.Commands.&lt;init&gt;(Commands.java:5)
	at io.michaelcane.Calculator.&lt;init&gt;(Calculator.java:6)
	at io.michaelcane.Commands.&lt;init&gt;(Commands.java:5)
	at io.michaelcane.Calculator.&lt;init&gt;(Calculator.java:6)
	at io.michaelcane.Commands.&lt;init&gt;(Commands.java:5)
	at io.michaelcane.Calculator.&lt;init&gt;(Calculator.java:6)
	at io.michaelcane.Commands.&lt;init&gt;(Commands.java:5)
	at io.michaelcane.Calculator.&lt;init&gt;(Calculator.java:6)
	at io.michaelcane.Commands.&lt;init&gt;(Commands.java:5)
	at io.michaelcane.Calculator.&lt;init&gt;(Calculator.java:6)
	at io.michaelcane.Commands.&lt;init&gt;(Commands.java:5)
	at io.michaelcane.Calculator.&lt;init&gt;(Calculator.java:6)
	at io.michaelcane.Commands.&lt;init&gt;(Commands.java:5)
	at io.michaelcane.Calculator.&lt;init&gt;(Calculator.java:6)
	at io.michaelcane.Commands.&lt;init&gt;(Commands.java:5)
	at io.michaelcane.Calculator.&lt;init&gt;(Calculator.java:6)
	at io.michaelcane.Commands.&lt;init&gt;(Commands.java:5)
	at io.michaelcane.Calculator.&lt;init&gt;(Calculator.java:6)
	at io.michaelcane.Commands.&lt;init&gt;(Commands.java:5)
	at io.michaelcane.Calculator.&lt;init&gt;(Calculator.java:6)
	at io.michaelcane.Commands.&lt;init&gt;(Commands.java:5)
	at io.michaelcane.Calculator.&lt;init&gt;(Calculator.java:6)
	at io.michaelcane.Commands.&lt;init&gt;(Commands.java:5)
	at io.michaelcane.Calculator.&lt;init&gt;(Calculator.java:6)
	at io.michaelcane.Commands.&lt;init&gt;(Commands.java:5)
	at io.michaelcane.Calculator.&lt;init&gt;(Calculator.java:6)
	at io.michaelcane.Commands.&lt;init&gt;(Commands.java:5)
	at io.michaelcane.Calculator.&lt;init&gt;(Calculator.java:6)
	at io.michaelcane.Commands.&lt;init&gt;(Commands.java:5)
	at io.michaelcane.Calculator.&lt;init&gt;(Calculator.java:6)
	at io.michaelcane.Commands.&lt;init&gt;(Commands.java:5)
	at io.michaelcane.Calculator.&lt;init&gt;(Calculator.java:6)
	at io.michaelcane.Commands.&lt;init&gt;(Commands.java:5)
	at io.michaelcane.Calculator.&lt;init&gt;(Calculator.java:6)
	at io.michaelcane.Commands.&lt;init&gt;(Commands.java:5)
	at io.michaelcane.Calculator.&lt;init&gt;(Calculator.java:6)
	at io.michaelcane.Commands.&lt;init&gt;(Commands.java:5)
	at io.michaelcane.Calculator.&lt;init&gt;(Calculator.java:6)
	at io.michaelcane.Commands.&lt;init&gt;(Commands.java:5)
	at io.michaelcane.Calculator.&lt;init&gt;(Calculator.java:6)
	at io.michaelcane.Commands.&lt;init&gt;(Commands.java:5)
	at io.michaelcane.Calculator.&lt;init&gt;(Calculator.java:6)
	at io.michaelcane.Commands.&lt;init&gt;(Commands.java:5)
	at io.michaelcane.Calculator.&lt;init&gt;(Calculator.java:6)
	at io.michaelcane.Commands.&lt;init&gt;(Commands.java:5)
	at io.michaelcane.Calculator.&lt;init&gt;(Calculator.java:6)
	at io.michaelcane.Commands.&lt;init&gt;(Commands.java:5)
	at io.michaelcane.Calculator.&lt;init&gt;(Calculator.java:6)
	at io.michaelcane.Commands.&lt;init&gt;(Commands.java:5)
	at io.michaelcane.Calculator.&lt;init&gt;(Calculator.java:6)
	at io.michaelcane.Commands.&lt;init&gt;(Commands.java:5)
	at io.michaelcane.Calculator.&lt;init&gt;(Calculator.java:6)
	at io.michaelcane.Commands.&lt;init&gt;(Commands.java:5)
	at io.michaelcane.Calculator.&lt;init&gt;(Calculator.java:6)
	at io.michaelcane.Commands.&lt;init&gt;(Commands.java:5)
	at io.michaelcane.Calculator.&lt;init&gt;(Calculator.java:6)
	at io.michaelcane.Commands.&lt;init&gt;(Commands.java:5)
	at io.michaelcane.Calculator.&lt;init&gt;(Calculator.java:6)
	at io.michaelcane.Commands.&lt;init&gt;(Commands.java:5)
	at io.michaelcane.Calculator.&lt;init&gt;(Calculator.java:6)
	at io.michaelcane.Commands.&lt;init&gt;(Commands.java:5)
	at io.michaelcane.Calculator.&lt;init&gt;(Calculator.java:6)
	at io.michaelcane.Commands.&lt;init&gt;(Commands.java:5)
	at io.michaelcane.Calculator.&lt;init&gt;(Calculator.java:6)
	at io.michaelcane.Commands.&lt;init&gt;(Commands.java:5)
	at io.michaelcane.Calculator.&lt;init&gt;(Calculator.java:6)
	at io.michaelcane.Commands.&lt;init&gt;(Commands.java:5)
	at io.michaelcane.Calculator.&lt;init&gt;(Calculator.java:6)
	at io.michaelcane.Commands.&lt;init&gt;(Commands.java:5)
	at io.michaelcane.Calculator.&lt;init&gt;(Calculator.java:6)
	at io.michaelcane.Commands.&lt;init&gt;(Commands.java:5)
	at io.michaelcane.Calculator.&lt;init&gt;(Calculator.java:6)
	at io.michaelcane.Commands.&lt;init&gt;(Commands.java:5)
	at io.michaelcane.Calculator.&lt;init&gt;(Calculator.java:6)
	at io.michaelcane.Commands.&lt;init&gt;(Commands.java:5)
	at io.michaelcane.Calculator.&lt;init&gt;(Calculator.java:6)
	at io.michaelcane.Commands.&lt;init&gt;(Commands.java:5)
	at io.michaelcane.Calculator.&lt;init&gt;(Calculator.java:6)
	at io.michaelcane.Commands.&lt;init&gt;(Commands.java:5)
	at io.michaelcane.Calculator.&lt;init&gt;(Calculator.java:6)
	at io.michaelcane.Commands.&lt;init&gt;(Commands.java:5)
	at io.michaelcane.Calculator.&lt;init&gt;(Calculator.java:6)
	at io.michaelcane.Commands.&lt;init&gt;(Commands.java:5)
	at io.michaelcane.Calculator.&lt;init&gt;(Calculator.java:6)
	at io.michaelcane.Commands.&lt;init&gt;(Commands.java:5)
	at io.michaelcane.Calculator.&lt;init&gt;(Calculator.java:6)
	at io.michaelcane.Commands.&lt;init&gt;(Commands.java:5)
	at io.michaelcane.Calculator.&lt;init&gt;(Calculator.java:6)
	at io.michaelcane.Commands.&lt;init&gt;(Commands.java:5)
	at io.michaelcane.Calculator.&lt;init&gt;(Calculator.java:6)
	at io.michaelcane.Commands.&lt;init&gt;(Commands.java:5)
	at io.michaelcane.Calculator.&lt;init&gt;(Calculator.java:6)
	at io.michaelcane.Commands.&lt;init&gt;(Commands.java:5)
	at io.michaelcane.Calculator.&lt;init&gt;(Calculator.java:6)
	at io.michaelcane.Commands.&lt;init&gt;(Commands.java:5)
	at io.michaelcane.Calculator.&lt;init&gt;(Calculator.java:6)
	at io.michaelcane.Commands.&lt;init&gt;(Commands.java:5)
	at io.michaelcane.Calculator.&lt;init&gt;(Calculator.java:6)
	at io.michaelcane.Commands.&lt;init&gt;(Commands.java:5)
	at io.michaelcane.Calculator.&lt;init&gt;(Calculator.java:6)
	at io.michaelcane.Commands.&lt;init&gt;(Commands.java:5)
	at io.michaelcane.Calculator.&lt;init&gt;(Calculator.java:6)
	at io.michaelcane.Commands.&lt;init&gt;(Commands.java:5)
	at io.michaelcane.Calculator.&lt;init&gt;(Calculator.java:6)
	at io.michaelcane.Commands.&lt;init&gt;(Commands.java:5)
	at io.michaelcane.Calculator.&lt;init&gt;(Calculator.java:6)
	at io.michaelcane.Commands.&lt;init&gt;(Commands.java:5)
	at io.michaelcane.Calculator.&lt;init&gt;(Calculator.java:6)
	at io.michaelcane.Commands.&lt;init&gt;(Commands.java:5)
	at io.michaelcane.Calculator.&lt;init&gt;(Calculator.java:6)
	at io.michaelcane.Commands.&lt;init&gt;(Commands.java:5)
	at io.michaelcane.Calculator.&lt;init&gt;(Calculator.java:6)
	at io.michaelcane.Commands.&lt;init&gt;(Commands.java:5)
	at io.michaelcane.Calculator.&lt;init&gt;(Calculator.java:6)
	at io.michaelcane.Commands.&lt;init&gt;(Commands.java:5)
	at io.michaelcane.Calculator.&lt;init&gt;(Calculator.java:6)
	at io.michaelcane.Commands.&lt;init&gt;(Commands.java:5)
	at io.michaelcane.Calculator.&lt;init&gt;(Calculator.java:6)
	at io.michaelcane.Commands.&lt;init&gt;(Commands.java:5)
	at io.michaelcane.Calculator.&lt;init&gt;(Calculator.java:6)
	at io.michaelcane.Commands.&lt;init&gt;(Commands.java:5)
	at io.michaelcane.Calculator.&lt;init&gt;(Calculator.java:6)
	at io.michaelcane.Commands.&lt;init&gt;(Commands.java:5)
	at io.michaelcane.Calculator.&lt;init&gt;(Calculator.java:6)
	at io.michaelcane.Commands.&lt;init&gt;(Commands.java:5)
	at io.michaelcane.Calculator.&lt;init&gt;(Calculator.java:6)
	at io.michaelcane.Commands.&lt;init&gt;(Commands.java:5)
	at io.michaelcane.Calculator.&lt;init&gt;(Calculator.java:6)
	at io.michaelcane.Commands.&lt;init&gt;(Commands.java:5)
	at io.michaelcane.Calculator.&lt;init&gt;(Calculator.java:6)
	at io.michaelcane.Commands.&lt;init&gt;(Commands.java:5)
	at io.michaelcane.Calculator.&lt;init&gt;(Calculator.java:6)
	at io.michaelcane.Commands.&lt;init&gt;(Commands.java:5)
	at io.michaelcane.Calculator.&lt;init&gt;(Calculator.java:6)
	at io.michaelcane.Commands.&lt;init&gt;(Commands.java:5)
	at io.michaelcane.Calculator.&lt;init&gt;(Calculator.java:6)
	at io.michaelcane.Commands.&lt;init&gt;(Commands.java:5)
	at io.michaelcane.Calculator.&lt;init&gt;(Calculator.java:6)
	at io.michaelcane.Commands.&lt;init&gt;(Commands.java:5)
	at io.michaelcane.Calculator.&lt;init&gt;(Calculator.java:6)
	at io.michaelcane.Commands.&lt;init&gt;(Commands.java:5)
	at io.michaelcane.Calculator.&lt;init&gt;(Calculator.java:6)
	at io.michaelcane.Commands.&lt;init&gt;(Commands.java:5)
	at io.michaelcane.Calculator.&lt;init&gt;(Calculator.java:6)
	at io.michaelcane.Commands.&lt;init&gt;(Commands.java:5)
	at io.michaelcane.Calculator.&lt;init&gt;(Calculator.java:6)
	at io.michaelcane.Commands.&lt;init&gt;(Commands.java:5)
	at io.michaelcane.Calculator.&lt;init&gt;(Calculator.java:6)
	at io.michaelcane.Commands.&lt;init&gt;(Commands.java:5)
	at io.michaelcane.Calculator.&lt;init&gt;(Calculator.java:6)
	at io.michaelcane.Commands.&lt;init&gt;(Commands.java:5)
	at io.michaelcane.Calculator.&lt;init&gt;(Calculator.java:6)
	at io.michaelcane.Commands.&lt;init&gt;(Commands.java:5)
	at io.michaelcane.Calculator.&lt;init&gt;(Calculator.java:6)
	at io.michaelcane.Commands.&lt;init&gt;(Commands.java:5)
	at io.michaelcane.Calculator.&lt;init&gt;(Calculator.java:6)
	at io.michaelcane.Commands.&lt;init&gt;(Commands.java:5)
	at io.michaelcane.Calculator.&lt;init&gt;(Calculator.java:6)
	at io.michaelcane.Commands.&lt;init&gt;(Commands.java:5)
	at io.michaelcane.Calculator.&lt;init&gt;(Calculator.java:6)
	at io.michaelcane.Commands.&lt;init&gt;(Commands.java:5)
	at io.michaelcane.Calculator.&lt;init&gt;(Calculator.java:6)
	at io.michaelcane.Commands.&lt;init&gt;(Commands.java:5)
	at io.michaelcane.Calculator.&lt;init&gt;(Calculator.java:6)
	at io.michaelcane.Commands.&lt;init&gt;(Commands.java:5)
	at io.michaelcane.Calculator.&lt;init&gt;(Calculator.java:6)
	at io.michaelcane.Commands.&lt;init&gt;(Commands.java:5)
	at io.michaelcane.Calculator.&lt;init&gt;(Calculator.java:6)
	at io.michaelcane.Commands.&lt;init&gt;(Commands.java:5)
	at io.michaelcane.Calculator.&lt;init&gt;(Calculator.java:6)
	at io.michaelcane.Commands.&lt;init&gt;(Commands.java:5)
	at io.michaelcane.Calculator.&lt;init&gt;(Calculator.java:6)
	at io.michaelcane.Commands.&lt;init&gt;(Commands.java:5)
	at io.michaelcane.Calculator.&lt;init&gt;(Calculator.java:6)
	at io.michaelcane.Commands.&lt;init&gt;(Commands.java:5)
	at io.michaelcane.Calculator.&lt;init&gt;(Calculator.java:6)
	at io.michaelcane.Commands.&lt;init&gt;(Commands.java:5)
	at io.michaelcane.Calculator.&lt;init&gt;(Calculator.java:6)
	at io.michaelcane.Commands.&lt;init&gt;(Commands.java:5)
	at io.michaelcane.Calculator.&lt;init&gt;(Calculator.java:6)
	at io.michaelcane.Commands.&lt;init&gt;(Commands.java:5)
	at io.michaelcane.Calculator.&lt;init&gt;(Calculator.java:6)
	at io.michaelcane.Commands.&lt;init&gt;(Commands.java:5)
	at io.michaelcane.Calculator.&lt;init&gt;(Calculator.java:6)
	at io.michaelcane.Commands.&lt;init&gt;(Commands.java:5)
	at io.michaelcane.Calculator.&lt;init&gt;(Calculator.java:6)
	at io.michaelcane.Commands.&lt;init&gt;(Commands.java:5)
	at io.michaelcane.Calculator.&lt;init&gt;(Calculator.java:6)
	at io.michaelcane.Commands.&lt;init&gt;(Commands.java:5)
	at io.michaelcane.Calculator.&lt;init&gt;(Calculator.java:6)
	at io.michaelcane.Commands.&lt;init&gt;(Commands.java:5)
	at io.michaelcane.Calculator.&lt;init&gt;(Calculator.java:6)
	at io.michaelcane.Commands.&lt;init&gt;(Commands.java:5)
	at io.michaelcane.Calculator.&lt;init&gt;(Calculator.java:6)
	at io.michaelcane.Commands.&lt;init&gt;(Commands.java:5)
	at io.michaelcane.Calculator.&lt;init&gt;(Calculator.java:6)
	at io.michaelcane.Commands.&lt;init&gt;(Commands.java:5)
	at io.michaelcane.Calculator.&lt;init&gt;(Calculator.java:6)
	at io.michaelcane.Commands.&lt;init&gt;(Commands.java:5)
	at io.michaelcane.Calculator.&lt;init&gt;(Calculator.java:6)
	at io.michaelcane.Commands.&lt;init&gt;(Commands.java:5)
	at io.michaelcane.Calculator.&lt;init&gt;(Calculator.java:6)
	at io.michaelcane.Commands.&lt;init&gt;(Commands.java:5)
	at io.michaelcane.Calculator.&lt;init&gt;(Calculator.java:6)
	at io.michaelcane.Commands.&lt;init&gt;(Commands.java:5)
	at io.michaelcane.Calculator.&lt;init&gt;(Calculator.java:6)
	at io.michaelcane.Commands.&lt;init&gt;(Commands.java:5)
	at io.michaelcane.Calculator.&lt;init&gt;(Calculator.java:6)
	at io.michaelcane.Commands.&lt;init&gt;(Commands.java:5)
	at io.michaelcane.Calculator.&lt;init&gt;(Calculator.java:6)
	at io.michaelcane.Commands.&lt;init&gt;(Commands.java:5)
	at io.michaelcane.Calculator.&lt;init&gt;(Calculator.java:6)
	at io.michaelcane.Commands.&lt;init&gt;(Commands.java:5)
	at io.michaelcane.Calculator.&lt;init&gt;(Calculator.java:6)
	at io.michaelcane.Commands.&lt;init&gt;(Commands.java:5)
	at io.michaelcane.Calculator.&lt;init&gt;(Calculator.java:6)
	at io.michaelcane.Commands.&lt;init&gt;(Commands.java:5)
	at io.michaelcane.Calculator.&lt;init&gt;(Calculator.java:6)
	at io.michaelcane.Commands.&lt;init&gt;(Commands.java:5)
	at io.michaelcane.Calculator.&lt;init&gt;(Calculator.java:6)
	at io.michaelcane.Commands.&lt;init&gt;(Commands.java:5)
	at io.michaelcane.Calculator.&lt;init&gt;(Calculator.java:6)
	at io.michaelcane.Commands.&lt;init&gt;(Commands.java:5)
	at io.michaelcane.Calculator.&lt;init&gt;(Calculator.java:6)
	at io.michaelcane.Commands.&lt;init&gt;(Commands.java:5)
	at io.michaelcane.Calculator.&lt;init&gt;(Calculator.java:6)
	at io.michaelcane.Commands.&lt;init&gt;(Commands.java:5)
	at io.michaelcane.Calculator.&lt;init&gt;(Calculator.java:6)
	at io.michaelcane.Commands.&lt;init&gt;(Commands.java:5)
	at io.michaelcane.Calculator.&lt;init&gt;(Calculator.java:6)
	at io.michaelcane.Commands.&lt;init&gt;(Commands.java:5)
	at io.michaelcane.Calculator.&lt;init&gt;(Calculator.java:6)
	at io.michaelcane.Commands.&lt;init&gt;(Commands.java:5)
	at io.michaelcane.Calculator.&lt;init&gt;(Calculator.java:6)
	at io.michaelcane.Commands.&lt;init&gt;(Commands.java:5)
	at io.michaelcane.Calculator.&lt;init&gt;(Calculator.java:6)
	at io.michaelcane.Commands.&lt;init&gt;(Commands.java:5)
	at io.michaelcane.Calculator.&lt;init&gt;(Calculator.java:6)
	at io.michaelcane.Commands.&lt;init&gt;(Commands.java:5)
	at io.michaelcane.Calculator.&lt;init&gt;(Calculator.java:6)
	at io.michaelcane.Commands.&lt;init&gt;(Commands.java:5)
	at io.michaelcane.Calculator.&lt;init&gt;(Calculator.java:6)
	at io.michaelcane.Commands.&lt;init&gt;(Commands.java:5)
	at io.michaelcane.Calculator.&lt;init&gt;(Calculator.java:6)
	at io.michaelcane.Commands.&lt;init&gt;(Commands.java:5)
	at io.michaelcane.Calculator.&lt;init&gt;(Calculator.java:6)
	at io.michaelcane.Commands.&lt;init&gt;(Commands.java:5)
	at io.michaelcane.Calculator.&lt;init&gt;(Calculator.java:6)
	at io.michaelcane.Commands.&lt;init&gt;(Commands.java:5)
	at io.michaelcane.Calculator.&lt;init&gt;(Calculator.java:6)
	at io.michaelcane.Commands.&lt;init&gt;(Commands.java:5)
	at io.michaelcane.Calculator.&lt;init&gt;(Calculator.java:6)
	at io.michaelcane.Commands.&lt;init&gt;(Commands.java:5)
	at io.michaelcane.Calculator.&lt;init&gt;(Calculator.java:6)
	at io.michaelcane.Commands.&lt;init&gt;(Commands.java:5)
	at io.michaelcane.Calculator.&lt;init&gt;(Calculator.java:6)
	at io.michaelcane.Commands.&lt;init&gt;(Commands.java:5)
	at io.michaelcane.Calculator.&lt;init&gt;(Calculator.java:6)
	at io.michaelcane.Commands.&lt;init&gt;(Commands.java:5)
	at io.michaelcane.Calculator.&lt;init&gt;(Calculator.java:6)
	at io.michaelcane.Commands.&lt;init&gt;(Commands.java:5)
	at io.michaelcane.Calculator.&lt;init&gt;(Calculator.java:6)
	at io.michaelcane.Commands.&lt;init&gt;(Commands.java:5)
	at io.michaelcane.Calculator.&lt;init&gt;(Calculator.java:6)
	at io.michaelcane.Commands.&lt;init&gt;(Commands.java:5)
	at io.michaelcane.Calculator.&lt;init&gt;(Calculator.java:6)
	at io.michaelcane.Commands.&lt;init&gt;(Commands.java:5)
	at io.michaelcane.Calculator.&lt;init&gt;(Calculator.java:6)
	at io.michaelcane.Commands.&lt;init&gt;(Commands.java:5)
	at io.michaelcane.Calculator.&lt;init&gt;(Calculator.java:6)
	at io.michaelcane.Commands.&lt;init&gt;(Commands.java:5)
	at io.michaelcane.Calculator.&lt;init&gt;(Calculator.java:6)
	at io.michaelcane.Commands.&lt;init&gt;(Commands.java:5)
	at io.michaelcane.Calculator.&lt;init&gt;(Calculator.java:6)
	at io.michaelcane.Commands.&lt;init&gt;(Commands.java:5)
	at io.michaelcane.Calculator.&lt;init&gt;(Calculator.java:6)
	at io.michaelcane.Commands.&lt;init&gt;(Commands.java:5)
	at io.michaelcane.Calculator.&lt;init&gt;(Calculator.java:6)
	at io.michaelcane.Commands.&lt;init&gt;(Commands.java:5)
	at io.michaelcane.Calculator.&lt;init&gt;(Calculator.java:6)
	at io.michaelcane.Commands.&lt;init&gt;(Commands.java:5)
	at io.michaelcane.Calculator.&lt;init&gt;(Calculator.java:6)
	at io.michaelcane.Commands.&lt;init&gt;(Commands.java:5)
	at io.michaelcane.Calculator.&lt;init&gt;(Calculator.java:6)
	at io.michaelcane.Commands.&lt;init&gt;(Commands.java:5)
	at io.michaelcane.Calculator.&lt;init&gt;(Calculator.java:6)
	at io.michaelcane.Commands.&lt;init&gt;(Commands.java:5)
	at io.michaelcane.Calculator.&lt;init&gt;(Calculator.java:6)
	at io.michaelcane.Commands.&lt;init&gt;(Commands.java:5)
	at io.michaelcane.Calculator.&lt;init&gt;(Calculator.java:6)
	at io.michaelcane.Commands.&lt;init&gt;(Commands.java:5)
	at io.michaelcane.Calculator.&lt;init&gt;(Calculator.java:6)
	at io.michaelcane.Commands.&lt;init&gt;(Commands.java:5)
	at io.michaelcane.Calculator.&lt;init&gt;(Calculator.java:6)
	at io.michaelcane.Commands.&lt;init&gt;(Commands.java:5)
	at io.michaelcane.Calculator.&lt;init&gt;(Calculator.java:6)
	at io.michaelcane.Commands.&lt;init&gt;(Commands.java:5)
	at io.michaelcane.Calculator.&lt;init&gt;(Calculator.java:6)
	at io.michaelcane.Commands.&lt;init&gt;(Commands.java:5)
	at io.michaelcane.Calculator.&lt;init&gt;(Calculator.java:6)
	at io.michaelcane.Commands.&lt;init&gt;(Commands.java:5)
	at io.michaelcane.Calculator.&lt;init&gt;(Calculator.java:6)
	at io.michaelcane.Commands.&lt;init&gt;(Commands.java:5)
	at io.michaelcane.Calculator.&lt;init&gt;(Calculator.java:6)
	at io.michaelcane.Commands.&lt;init&gt;(Commands.java:5)
	at io.michaelcane.Calculator.&lt;init&gt;(Calculator.java:6)
	at io.michaelcane.Commands.&lt;init&gt;(Commands.java:5)
	at io.michaelcane.Calculator.&lt;init&gt;(Calculator.java:6)
	at io.michaelcane.Commands.&lt;init&gt;(Commands.java:5)
	at io.michaelcane.Calculator.&lt;init&gt;(Calculator.java:6)
	at io.michaelcane.Commands.&lt;init&gt;(Commands.java:5)
	at io.michaelcane.Calculator.&lt;init&gt;(Calculator.java:6)
	at io.michaelcane.Commands.&lt;init&gt;(Commands.java:5)
	at io.michaelcane.Calculator.&lt;init&gt;(Calculator.java:6)
	at io.michaelcane.Commands.&lt;init&gt;(Commands.java:5)
	at io.michaelcane.Calculator.&lt;init&gt;(Calculator.java:6)
	at io.michaelcane.Commands.&lt;init&gt;(Commands.java:5)
	at io.michaelcane.Calculator.&lt;init&gt;(Calculator.java:6)
	at io.michaelcane.Commands.&lt;init&gt;(Commands.java:5)
	at io.michaelcane.Calculator.&lt;init&gt;(Calculator.java:6)
	at io.michaelcane.Commands.&lt;init&gt;(Commands.java:5)
	at io.michaelcane.Calculator.&lt;init&gt;(Calculator.java:6)
	at io.michaelcane.Commands.&lt;init&gt;(Commands.java:5)
	at io.michaelcane.Calculator.&lt;init&gt;(Calculator.java:6)
	at io.michaelcane.Commands.&lt;init&gt;(Commands.java:5)
	at io.michaelcane.Calculator.&lt;init&gt;(Calculator.java:6)
	at io.michaelcane.Commands.&lt;init&gt;(Commands.java:5)
	at io.michaelcane.Calculator.&lt;init&gt;(Calculator.java:6)
	at io.michaelcane.Commands.&lt;init&gt;(Commands.java:5)
	at io.michaelcane.Calculator.&lt;init&gt;(Calculator.java:6)
	at io.michaelcane.Commands.&lt;init&gt;(Commands.java:5)
	at io.michaelcane.Calculator.&lt;init&gt;(Calculator.java:6)
	at io.michaelcane.Commands.&lt;init&gt;(Commands.java:5)
	at io.michaelcane.Calculator.&lt;init&gt;(Calculator.java:6)
	at io.michaelcane.Commands.&lt;init&gt;(Commands.java:5)
	at io.michaelcane.Calculator.&lt;init&gt;(Calculator.java:6)
	at io.michaelcane.Commands.&lt;init&gt;(Commands.java:5)
	at io.michaelcane.Calculator.&lt;init&gt;(Calculator.java:6)
	at io.michaelcane.Commands.&lt;init&gt;(Commands.java:5)
	at io.michaelcane.Calculator.&lt;init&gt;(Calculator.java:6)
	at io.michaelcane.Commands.&lt;init&gt;(Commands.java:5)
	at io.michaelcane.Calculator.&lt;init&gt;(Calculator.java:6)
	at io.michaelcane.Commands.&lt;init&gt;(Commands.java:5)
	at io.michaelcane.Calculator.&lt;init&gt;(Calculator.java:6)
	at io.michaelcane.Commands.&lt;init&gt;(Commands.java:5)
	at io.michaelcane.Calculator.&lt;init&gt;(Calculator.java:6)
	at io.michaelcane.Commands.&lt;init&gt;(Commands.java:5)
	at io.michaelcane.Calculator.&lt;init&gt;(Calculator.java:6)
	at io.michaelcane.Commands.&lt;init&gt;(Commands.java:5)
	at io.michaelcane.Calculator.&lt;init&gt;(Calculator.java:6)
	at io.michaelcane.Commands.&lt;init&gt;(Commands.java:5)
	at io.michaelcane.Calculator.&lt;init&gt;(Calculator.java:6)
	at io.michaelcane.Commands.&lt;init&gt;(Commands.java:5)
	at io.michaelcane.Calculator.&lt;init&gt;(Calculator.java:6)
	at io.michaelcane.Commands.&lt;init&gt;(Commands.java:5)
	at io.michaelcane.Calculator.&lt;init&gt;(Calculator.java:6)
	at io.michaelcane.Commands.&lt;init&gt;(Commands.java:5)
	at io.michaelcane.Calculator.&lt;init&gt;(Calculator.java:6)
	at io.michaelcane.Commands.&lt;init&gt;(Commands.java:5)
	at io.michaelcane.Calculator.&lt;init&gt;(Calculator.java:6)
	at io.michaelcane.Commands.&lt;init&gt;(Commands.java:5)
	at io.michaelcane.Calculator.&lt;init&gt;(Calculator.java:6)
	at io.michaelcane.Commands.&lt;init&gt;(Commands.java:5)
	at io.michaelcane.Calculator.&lt;init&gt;(Calculator.java:6)
	at io.michaelcane.Commands.&lt;init&gt;(Commands.java:5)
	at io.michaelcane.Calculator.&lt;init&gt;(Calculator.java:6)
	at io.michaelcane.Commands.&lt;init&gt;(Commands.java:5)
	at io.michaelcane.Calculator.&lt;init&gt;(Calculator.java:6)
	at io.michaelcane.Commands.&lt;init&gt;(Commands.java:5)
	at io.michaelcane.Calculator.&lt;init&gt;(Calculator.java:6)
	at io.michaelcane.Commands.&lt;init&gt;(Commands.java:5)
	at io.michaelcane.Calculator.&lt;init&gt;(Calculator.java:6)
	at io.michaelcane.Commands.&lt;init&gt;(Commands.java:5)
	at io.michaelcane.Calculator.&lt;init&gt;(Calculator.java:6)
	at io.michaelcane.Commands.&lt;init&gt;(Commands.java:5)
	at io.michaelcane.Calculator.&lt;init&gt;(Calculator.java:6)
	at io.michaelcane.Commands.&lt;init&gt;(Commands.java:5)
	at io.michaelcane.Calculator.&lt;init&gt;(Calculator.java:6)
	at io.michaelcane.Commands.&lt;init&gt;(Commands.java:5)
	at io.michaelcane.Calculator.&lt;init&gt;(Calculator.java:6)
	at io.michaelcane.Commands.&lt;init&gt;(Commands.java:5)
	at io.michaelcane.Calculator.&lt;init&gt;(Calculator.java:6)
	at io.michaelcane.Commands.&lt;init&gt;(Commands.java:5)
	at io.michaelcane.Calculator.&lt;init&gt;(Calculator.java:6)
	at io.michaelcane.Commands.&lt;init&gt;(Commands.java:5)
	at io.michaelcane.Calculator.&lt;init&gt;(Calculator.java:6)
	at io.michaelcane.Commands.&lt;init&gt;(Commands.java:5)
	at io.michaelcane.Calculator.&lt;init&gt;(Calculator.java:6)
	at io.michaelcane.Commands.&lt;init&gt;(Commands.java:5)
	at io.michaelcane.Calculator.&lt;init&gt;(Calculator.java:6)
	at io.michaelcane.Commands.&lt;init&gt;(Commands.java:5)
	at io.michaelcane.Calculator.&lt;init&gt;(Calculator.java:6)
	at io.michaelcane.Commands.&lt;init&gt;(Commands.java:5)
	at io.michaelcane.Calculator.&lt;init&gt;(Calculator.java:6)
	at io.michaelcane.Commands.&lt;init&gt;(Commands.java:5)
	at io.michaelcane.Calculator.&lt;init&gt;(Calculator.java:6)
	at io.michaelcane.Commands.&lt;init&gt;(Commands.java:5)
	at io.michaelcane.Calculator.&lt;init&gt;(Calculator.java:6)
	at io.michaelcane.Commands.&lt;init&gt;(Commands.java:5)
	at io.michaelcane.Calculator.&lt;init&gt;(Calculator.java:6)
	at io.michaelcane.Commands.&lt;init&gt;(Commands.java:5)
	at io.michaelcane.Calculator.&lt;init&gt;(Calculator.java:6)
	at io.michaelcane.Commands.&lt;init&gt;(Commands.java:5)
	at io.michaelcane.Calculator.&lt;init&gt;(Calculator.java:6)
	at io.michaelcane.Commands.&lt;init&gt;(Commands.java:5)
	at io.michaelcane.Calculator.&lt;init&gt;(Calculator.java:6)
	at io.michaelcane.Commands.&lt;init&gt;(Commands.java:5)
	at io.michaelcane.Calculator.&lt;init&gt;(Calculator.java:6)
	at io.michaelcane.Commands.&lt;init&gt;(Commands.java:5)
	at io.michaelcane.Calculator.&lt;init&gt;(Calculator.java:6)
	at io.michaelcane.Commands.&lt;init&gt;(Commands.java:5)
	at io.michaelcane.Calculator.&lt;init&gt;(Calculator.java:6)
	at io.michaelcane.Commands.&lt;init&gt;(Commands.java:5)
	at io.michaelcane.Calculator.&lt;init&gt;(Calculator.java:6)
	at io.michaelcane.Commands.&lt;init&gt;(Commands.java:5)
	at io.michaelcane.Calculator.&lt;init&gt;(Calculator.java:6)
	at io.michaelcane.Commands.&lt;init&gt;(Commands.java:5)
	at io.michaelcane.Calculator.&lt;init&gt;(Calculator.java:6)
	at io.michaelcane.Commands.&lt;init&gt;(Commands.java:5)
	at io.michaelcane.Calculator.&lt;init&gt;(Calculator.java:6)
	at io.michaelcane.Commands.&lt;init&gt;(Commands.java:5)
	at io.michaelcane.Calculator.&lt;init&gt;(Calculator.java:6)
	at io.michaelcane.Commands.&lt;init&gt;(Commands.java:5)
	at io.michaelcane.Calculator.&lt;init&gt;(Calculator.java:6)
	at io.michaelcane.Commands.&lt;init&gt;(Commands.java:5)
	at io.michaelcane.Calculator.&lt;init&gt;(Calculator.java:6)
	at io.michaelcane.Commands.&lt;init&gt;(Commands.java:5)
	at io.michaelcane.Calculator.&lt;init&gt;(Calculator.java:6)
	at io.michaelcane.Commands.&lt;init&gt;(Commands.java:5)
	at io.michaelcane.Calculator.&lt;init&gt;(Calculator.java:6)
	at io.michaelcane.Commands.&lt;init&gt;(Commands.java:5)
	at io.michaelcane.Calculator.&lt;init&gt;(Calculator.java:6)
	at io.michaelcane.Commands.&lt;init&gt;(Commands.java:5)
	at io.michaelcane.Calculator.&lt;init&gt;(Calculator.java:6)
	at io.michaelcane.Commands.&lt;init&gt;(Commands.java:5)
	at io.michaelcane.Calculator.&lt;init&gt;(Calculator.java:6)
	at io.michaelcane.Commands.&lt;init&gt;(Commands.java:5)
	at io.michaelcane.Calculator.&lt;init&gt;(Calculator.java:6)
	at io.michaelcane.Commands.&lt;init&gt;(Commands.java:5)
	at io.michaelcane.Calculator.&lt;init&gt;(Calculator.java:6)
	at io.michaelcane.Commands.&lt;init&gt;(Commands.java:5)
	at io.michaelcane.Calculator.&lt;init&gt;(Calculator.java:6)
	at io.michaelcane.Commands.&lt;init&gt;(Commands.java:5)
	at io.michaelcane.Calculator.&lt;init&gt;(Calculator.java:6)
	at io.michaelcane.Commands.&lt;init&gt;(Commands.java:5)
	at io.michaelcane.Calculator.&lt;init&gt;(Calculator.java:6)
	at io.michaelcane.Commands.&lt;init&gt;(Commands.java:5)
	at io.michaelcane.Calculator.&lt;init&gt;(Calculator.java:6)
	at io.michaelcane.Commands.&lt;init&gt;(Commands.java:5)
	at io.michaelcane.Calculator.&lt;init&gt;(Calculator.java:6)
	at io.michaelcane.Commands.&lt;init&gt;(Commands.java:5)
	at io.michaelcane.Calculator.&lt;init&gt;(Calculator.java:6)
	at io.michaelcane.Commands.&lt;init&gt;(Commands.java:5)
	at io.michaelcane.Calculator.&lt;init&gt;(Calculator.java:6)
	at io.michaelcane.Commands.&lt;init&gt;(Commands.java:5)
	at io.michaelcane.Calculator.&lt;init&gt;(Calculator.java:6)
	at io.michaelcane.Commands.&lt;init&gt;(Commands.java:5)
	at io.michaelcane.Calculator.&lt;init&gt;(Calculator.java:6)
	at io.michaelcane.Commands.&lt;init&gt;(Commands.java:5)
	at io.michaelcane.Calculator.&lt;init&gt;(Calculator.java:6)
	at io.michaelcane.Commands.&lt;init&gt;(Commands.java:5)
	at io.michaelcane.Calculator.&lt;init&gt;(Calculator.java:6)
	at io.michaelcane.Commands.&lt;init&gt;(Commands.java:5)
	at io.michaelcane.Calculator.&lt;init&gt;(Calculator.java:6)
	at io.michaelcane.Commands.&lt;init&gt;(Commands.java:5)
	at io.michaelcane.Calculator.&lt;init&gt;(Calculator.java:6)
	at io.michaelcane.Commands.&lt;init&gt;(Commands.java:5)
	at io.michaelcane.Calculator.&lt;init&gt;(Calculator.java:6)
	at io.michaelcane.Commands.&lt;init&gt;(Commands.java:5)
	at io.michaelcane.Calculator.&lt;init&gt;(Calculator.java:6)
	at io.michaelcane.Commands.&lt;init&gt;(Commands.java:5)
	at io.michaelcane.Calculator.&lt;init&gt;(Calculator.java:6)
	at io.michaelcane.Commands.&lt;init&gt;(Commands.java:5)
	at io.michaelcane.Calculator.&lt;init&gt;(Calculator.java:6)
	at io.michaelcane.Commands.&lt;init&gt;(Commands.java:5)
	at io.michaelcane.Calculator.&lt;init&gt;(Calculator.java:6)
	at io.michaelcane.Commands.&lt;init&gt;(Commands.java:5)
	at io.michaelcane.Calculator.&lt;init&gt;(Calculator.java:6)
	at io.michaelcane.Commands.&lt;init&gt;(Commands.java:5)
	at io.michaelcane.Calculator.&lt;init&gt;(Calculator.java:6)
	at io.michaelcane.Commands.&lt;init&gt;(Commands.java:5)
	at io.michaelcane.Calculator.&lt;init&gt;(Calculator.java:6)
	at io.michaelcane.Commands.&lt;init&gt;(Commands.java:5)
	at io.michaelcane.Calculator.&lt;init&gt;(Calculator.java:6)
	at io.michaelcane.Commands.&lt;init&gt;(Commands.java:5)
	at io.michaelcane.Calculator.&lt;init&gt;(Calculator.java:6)
	at io.michaelcane.Commands.&lt;init&gt;(Commands.java:5)
	at io.michaelcane.Calculator.&lt;init&gt;(Calculator.java:6)
	at io.michaelcane.Commands.&lt;init&gt;(Commands.java:5)
	at io.michaelcane.Calculator.&lt;init&gt;(Calculator.java:6)
	at io.michaelcane.Commands.&lt;init&gt;(Commands.java:5)
	at io.michaelcane.Calculator.&lt;init&gt;(Calculator.java:6)
	at io.michaelcane.Commands.&lt;init&gt;(Commands.java:5)
	at io.michaelcane.Calculator.&lt;init&gt;(Calculator.java:6)
	at io.michaelcane.Commands.&lt;init&gt;(Commands.java:5)
	at io.michaelcane.Calculator.&lt;init&gt;(Calculator.java:6)
	at io.michaelcane.Commands.&lt;init&gt;(Commands.java:5)
	at io.michaelcane.Calculator.&lt;init&gt;(Calculator.java:6)
	at io.michaelcane.Commands.&lt;init&gt;(Commands.java:5)
	at io.michaelcane.Calculator.&lt;init&gt;(Calculator.java:6)
	at io.michaelcane.Commands.&lt;init&gt;(Commands.java:5)
	at io.michaelcane.Calculator.&lt;init&gt;(Calculator.java:6)
	at io.michaelcane.Commands.&lt;init&gt;(Commands.java:5)
	at io.michaelcane.Calculator.&lt;init&gt;(Calculator.java:6)
	at io.michaelcane.Commands.&lt;init&gt;(Commands.java:5)
	at io.michaelcane.Calculator.&lt;init&gt;(Calculator.java:6)
	at io.michaelcane.Commands.&lt;init&gt;(Commands.java:5)
	at io.michaelcane.Calculator.&lt;init&gt;(Calculator.java:6)
	at io.michaelcane.Commands.&lt;init&gt;(Commands.java:5)
	at io.michaelcane.Calculator.&lt;init&gt;(Calculator.java:6)
	at io.michaelcane.Commands.&lt;init&gt;(Commands.java:5)
	at io.michaelcane.Calculator.&lt;init&gt;(Calculator.java:6)
	at io.michaelcane.Commands.&lt;init&gt;(Commands.java:5)
	at io.michaelcane.Calculator.&lt;init&gt;(Calculator.java:6)
	at io.michaelcane.Commands.&lt;init&gt;(Commands.java:5)
	at io.michaelcane.Calculator.&lt;init&gt;(Calculator.java:6)
	at io.michaelcane.Commands.&lt;init&gt;(Commands.java:5)
	at io.michaelcane.Calculator.&lt;init&gt;(Calculator.java:6)
	at io.michaelcane.Commands.&lt;init&gt;(Commands.java:5)
	at io.michaelcane.Calculator.&lt;init&gt;(Calculator.java:6)
	at io.michaelcane.Commands.&lt;init&gt;(Commands.java:5)
	at io.michaelcane.Calculator.&lt;init&gt;(Calculator.java:6)
	at io.michaelcane.Commands.&lt;init&gt;(Commands.java:5)
	at io.michaelcane.Calculator.&lt;init&gt;(Calculator.java:6)
	at io.michaelcane.Commands.&lt;init&gt;(Commands.java:5)
	at io.michaelcane.Calculator.&lt;init&gt;(Calculator.java:6)
	at io.michaelcane.Commands.&lt;init&gt;(Commands.java:5)
	at io.michaelcane.Calculator.&lt;init&gt;(Calculator.java:6)
	at io.michaelcane.Commands.&lt;init&gt;(Commands.java:5)
	at io.michaelcane.Calculator.&lt;init&gt;(Calculator.java:6)
	at io.michaelcane.Commands.&lt;init&gt;(Commands.java:5)
	at io.michaelcane.Calculator.&lt;init&gt;(Calculator.java:6)
	at io.michaelcane.Commands.&lt;init&gt;(Commands.java:5)
	at io.michaelcane.Calculator.&lt;init&gt;(Calculator.java:6)
	at io.michaelcane.Commands.&lt;init&gt;(Commands.java:5)
	at io.michaelcane.Calculator.&lt;init&gt;(Calculator.java:6)
	at io.michaelcane.Commands.&lt;init&gt;(Commands.java:5)
	at io.michaelcane.Calculator.&lt;init&gt;(Calculator.java:6)
	at io.michaelcane.Commands.&lt;init&gt;(Commands.java:5)
	at io.michaelcane.Calculator.&lt;init&gt;(Calculator.java:6)
	at io.michaelcane.Commands.&lt;init&gt;(Commands.java:5)
	at io.michaelcane.Calculator.&lt;init&gt;(Calculator.java:6)
	at io.michaelcane.Commands.&lt;init&gt;(Commands.java:5)
	at io.michaelcane.Calculator.&lt;init&gt;(Calculator.java:6)
	at io.michaelcane.Commands.&lt;init&gt;(Commands.java:5)
	at io.michaelcane.Calculator.&lt;init&gt;(Calculator.java:6)
	at io.michaelcane.Commands.&lt;init&gt;(Commands.java:5)
	at io.michaelcane.Calculator.&lt;init&gt;(Calculator.java:6)
	at io.michaelcane.Commands.&lt;init&gt;(Commands.java:5)
	at io.michaelcane.Calculator.&lt;init&gt;(Calculator.java:6)
	at io.michaelcane.Commands.&lt;init&gt;(Commands.java:5)
	at io.michaelcane.Calculator.&lt;init&gt;(Calculator.java:6)
	at io.michaelcane.Commands.&lt;init&gt;(Commands.java:5)
	at io.michaelcane.Calculator.&lt;init&gt;(Calculator.java:6)
	at io.michaelcane.Commands.&lt;init&gt;(Commands.java:5)
	at io.michaelcane.Calculator.&lt;init&gt;(Calculator.java:6)
	at io.michaelcane.Commands.&lt;init&gt;(Commands.java:5)
	at io.michaelcane.Calculator.&lt;init&gt;(Calculator.java:6)
	at io.michaelcane.Commands.&lt;init&gt;(Commands.java:5)
	at io.michaelcane.Calculator.&lt;init&gt;(Calculator.java:6)
	at io.michaelcane.Commands.&lt;init&gt;(Commands.java:5)
	at io.michaelcane.Calculator.&lt;init&gt;(Calculator.java:6)
	at io.michaelcane.Commands.&lt;init&gt;(Commands.java:5)
	at io.michaelcane.Calculator.&lt;init&gt;(Calculator.java:6)
	at io.michaelcane.Commands.&lt;init&gt;(Commands.java:5)
	at io.michaelcane.Calculator.&lt;init&gt;(Calculator.java:6)
	at io.michaelcane.Commands.&lt;init&gt;(Commands.java:5)
	at io.michaelcane.Calculator.&lt;init&gt;(Calculator.java:6)
	at io.michaelcane.Commands.&lt;init&gt;(Commands.java:5)
	at io.michaelcane.Calculator.&lt;init&gt;(Calculator.java:6)
	at io.michaelcane.Commands.&lt;init&gt;(Commands.java:5)
	at io.michaelcane.Calculator.&lt;init&gt;(Calculator.java:6)
	at io.michaelcane.Commands.&lt;init&gt;(Commands.java:5)
	at io.michaelcane.Calculator.&lt;init&gt;(Calculator.java:6)
	at io.michaelcane.Commands.&lt;init&gt;(Commands.java:5)
	at io.michaelcane.Calculator.&lt;init&gt;(Calculator.java:6)
	at io.michaelcane.Commands.&lt;init&gt;(Commands.java:5)
	at io.michaelcane.Calculator.&lt;init&gt;(Calculator.java:6)
	at io.michaelcane.Commands.&lt;init&gt;(Commands.java:5)
	at io.michaelcane.Calculator.&lt;init&gt;(Calculator.java:6)
	at io.michaelcane.Commands.&lt;init&gt;(Commands.java:5)
	at io.michaelcane.Calculator.&lt;init&gt;(Calculator.java:6)
	at io.michaelcane.Commands.&lt;init&gt;(Commands.java:5)
	at io.michaelcane.Calculator.&lt;init&gt;(Calculator.java:6)
	at io.michaelcane.Commands.&lt;init&gt;(Commands.java:5)
	at io.michaelcane.Calculator.&lt;init&gt;(Calculator.java:6)
	at io.michaelcane.Commands.&lt;init&gt;(Commands.java:5)
	at io.michaelcane.Calculator.&lt;init&gt;(Calculator.java:6)
	at io.michaelcane.Commands.&lt;init&gt;(Commands.java:5)
	at io.michaelcane.Calculator.&lt;init&gt;(Calculator.java:6)
	at io.michaelcane.Commands.&lt;init&gt;(Commands.java:5)
	at io.michaelcane.Calculator.&lt;init&gt;(Calculator.java:6)
	at io.michaelcane.Commands.&lt;init&gt;(Commands.java:5)
	at io.michaelcane.Calculator.&lt;init&gt;(Calculator.java:6)
	at io.michaelcane.Commands.&lt;init&gt;(Commands.java:5)
	at io.michaelcane.Calculator.&lt;init&gt;(Calculator.java:6)
	at io.michaelcane.Commands.&lt;init&gt;(Commands.java:5)
	at io.michaelcane.Calculator.&lt;init&gt;(Calculator.java:6)
	at io.michaelcane.Commands.&lt;init&gt;(Commands.java:5)
	at io.michaelcane.Calculator.&lt;init&gt;(Calculator.java:6)
	at io.michaelcane.Commands.&lt;init&gt;(Commands.java:5)
	at io.michaelcane.Calculator.&lt;init&gt;(Calculator.java:6)
	at io.michaelcane.Commands.&lt;init&gt;(Commands.java:5)
	at io.michaelcane.Calculator.&lt;init&gt;(Calculator.java:6)
	at io.michaelcane.Commands.&lt;init&gt;(Commands.java:5)
	at io.michaelcane.Calculator.&lt;init&gt;(Calculator.java:6)
	at io.michaelcane.Commands.&lt;init&gt;(Commands.java:5)
	at io.michaelcane.Calculator.&lt;init&gt;(Calculator.java:6)
	at io.michaelcane.Commands.&lt;init&gt;(Commands.java:5)
	at io.michaelcane.Calculator.&lt;init&gt;(Calculator.java:6)
	at io.michaelcane.Commands.&lt;init&gt;(Commands.java:5)
	at io.michaelcane.Calculator.&lt;init&gt;(Calculator.java:6)
	at io.michaelcane.Commands.&lt;init&gt;(Commands.java:5)
	at io.michaelcane.Calculator.&lt;init&gt;(Calculator.java:6)
	at io.michaelcane.Commands.&lt;init&gt;(Commands.java:5)
	at io.michaelcane.Calculator.&lt;init&gt;(Calculator.java:6)
	at io.michaelcane.Commands.&lt;init&gt;(Commands.java:5)
	at io.michaelcane.Calculator.&lt;init&gt;(Calculator.java:6)
	at io.michaelcane.Commands.&lt;init&gt;(Commands.java:5)
	at io.michaelcane.Calculator.&lt;init&gt;(Calculator.java:6)
	at io.michaelcane.Commands.&lt;init&gt;(Commands.java:5)
	at io.michaelcane.Calculator.&lt;init&gt;(Calculator.java:6)
	at io.michaelcane.Commands.&lt;init&gt;(Commands.java:5)
	at io.michaelcane.Calculator.&lt;init&gt;(Calculator.java:6)
	at io.michaelcane.Commands.&lt;init&gt;(Commands.java:5)
	at io.michaelcane.Calculator.&lt;init&gt;(Calculator.java:6)
	at io.michaelcane.Commands.&lt;init&gt;(Commands.java:5)
	at io.michaelcane.Calculator.&lt;init&gt;(Calculator.java:6)
	at io.michaelcane.Commands.&lt;init&gt;(Commands.java:5)
	at io.michaelcane.Calculator.&lt;init&gt;(Calculator.java:6)
	at io.michaelcane.Commands.&lt;init&gt;(Commands.java:5)
	at io.michaelcane.Calculator.&lt;init&gt;(Calculator.java:6)
	at io.michaelcane.Commands.&lt;init&gt;(Commands.java:5)
	at io.michaelcane.Calculator.&lt;init&gt;(Calculator.java:6)
	at io.michaelcane.Commands.&lt;init&gt;(Commands.java:5)
	at io.michaelcane.Calculator.&lt;init&gt;(Calculator.java:6)
	at io.michaelcane.Commands.&lt;init&gt;(Commands.java:5)
	at io.michaelcane.Calculator.&lt;init&gt;(Calculator.java:6)
	at io.michaelcane.Commands.&lt;init&gt;(Commands.java:5)
	at io.michaelcane.Calculator.&lt;init&gt;(Calculator.java:6)
	at io.michaelcane.Commands.&lt;init&gt;(Commands.java:5)
	at io.michaelcane.Calculator.&lt;init&gt;(Calculator.java:6)
	at io.michaelcane.Commands.&lt;init&gt;(Commands.java:5)
	at io.michaelcane.Calculator.&lt;init&gt;(Calculator.java:6)
	at io.michaelcane.Commands.&lt;init&gt;(Commands.java:5)
	at io.michaelcane.Calculator.&lt;init&gt;(Calculator.java:6)
	at io.michaelcane.Commands.&lt;init&gt;(Commands.java:5)
	at io.michaelcane.Calculator.&lt;init&gt;(Calculator.java:6)
	at io.michaelcane.Commands.&lt;init&gt;(Commands.java:5)
	at io.michaelcane.Calculator.&lt;init&gt;(Calculator.java:6)
	at io.michaelcane.Commands.&lt;init&gt;(Commands.java:5)
	at io.michaelcane.Calculator.&lt;init&gt;(Calculator.java:6)
	at io.michaelcane.Commands.&lt;init&gt;(Commands.java:5)
	at io.michaelcane.Calculator.&lt;init&gt;(Calculator.java:6)
	at io.michaelcane.Commands.&lt;init&gt;(Commands.java:5)
	at io.michaelcane.Calculator.&lt;init&gt;(Calculator.java:6)
	at io.michaelcane.Commands.&lt;init&gt;(Commands.java:5)
	at io.michaelcane.Calculator.&lt;init&gt;(Calculator.java:6)
	at io.michaelcane.Commands.&lt;init&gt;(Commands.java:5)
	at io.michaelcane.Calculator.&lt;init&gt;(Calculator.java:6)
	at io.michaelcane.Commands.&lt;init&gt;(Commands.java:5)
	at io.michaelcane.Calculator.&lt;init&gt;(Calculator.java:6)
	at io.michaelcane.Commands.&lt;init&gt;(Commands.java:5)
	at io.michaelcane.Calculator.&lt;init&gt;(Calculator.java:6)
	at io.michaelcane.Commands.&lt;init&gt;(Commands.java:5)
	at io.michaelcane.Calculator.&lt;init&gt;(Calculator.java:6)
	at io.michaelcane.Commands.&lt;init&gt;(Commands.java:5)
	at io.michaelcane.Calculator.&lt;init&gt;(Calculator.java:6)
	at io.michaelcane.Commands.&lt;init&gt;(Commands.java:5)
	at io.michaelcane.Calculator.&lt;init&gt;(Calculator.java:6)
	at io.michaelcane.Commands.&lt;init&gt;(Commands.java:5)
	at io.michaelcane.Calculator.&lt;init&gt;(Calculator.java:6)
	at io.michaelcane.Commands.&lt;init&gt;(Commands.java:5)
	at io.michaelcane.Calculator.&lt;init&gt;(Calculator.java:6)
	at io.michaelcane.Commands.&lt;init&gt;(Commands.java:5)
	at io.michaelcane.Calculator.&lt;init&gt;(Calculator.java:6)
	at io.michaelcane.Commands.&lt;init&gt;(Commands.java:5)
	at io.michaelcane.Calculator.&lt;init&gt;(Calculator.java:6)
	at io.michaelcane.Commands.&lt;init&gt;(Commands.java:5)
	at io.michaelcane.Calculator.&lt;init&gt;(Calculator.java:6)
	at io.michaelcane.Commands.&lt;init&gt;(Commands.java:5)
	at io.michaelcane.Calculator.&lt;init&gt;(Calculator.java:6)
	at io.michaelcane.Commands.&lt;init&gt;(Commands.java:5)
	at io.michaelcane.Calculator.&lt;init&gt;(Calculator.java:6)
	at io.michaelcane.Commands.&lt;init&gt;(Commands.java:5)
	at io.michaelcane.Calculator.&lt;init&gt;(Calculator.java:6)
	at io.michaelcane.Commands.&lt;init&gt;(Commands.java:5)
	at io.michaelcane.Calculator.&lt;init&gt;(Calculator.java:6)
	at io.michaelcane.Commands.&lt;init&gt;(Commands.java:5)
	at io.michaelcane.Calculator.&lt;init&gt;(Calculator.java:6)
	at io.michaelcane.Commands.&lt;init&gt;(Commands.java:5)
	at io.michaelcane.Calculator.&lt;init&gt;(Calculator.java:6)
	at io.michaelcane.Commands.&lt;init&gt;(Commands.java:5)
	at io.michaelcane.Calculator.&lt;init&gt;(Calculator.java:6)
	at io.michaelcane.Commands.&lt;init&gt;(Commands.java:5)
	at io.michaelcane.Calculator.&lt;init&gt;(Calculator.java:6)
	at io.michaelcane.Commands.&lt;init&gt;(Commands.java:5)
	at io.michaelcane.Calculator.&lt;init&gt;(Calculator.java:6)
	at io.michaelcane.Commands.&lt;init&gt;(Commands.java:5)
	at io.michaelcane.Calculator.&lt;init&gt;(Calculator.java:6)
	at io.michaelcane.Commands.&lt;init&gt;(Commands.java:5)
	at io.michaelcane.Calculator.&lt;init&gt;(Calculator.java:6)
	at io.michaelcane.Commands.&lt;init&gt;(Commands.java:5)
	at io.michaelcane.Calculator.&lt;init&gt;(Calculator.java:6)
	at io.michaelcane.Commands.&lt;init&gt;(Commands.java:5)
	at io.michaelcane.Calculator.&lt;init&gt;(Calculator.java:6)
	at io.michaelcane.Commands.&lt;init&gt;(Commands.java:5)
	at io.michaelcane.Calculator.&lt;init&gt;(Calculator.java:6)
	at io.michaelcane.Commands.&lt;init&gt;(Commands.java:5)
	at io.michaelcane.Calculator.&lt;init&gt;(Calculator.java:6)
	at io.michaelcane.Commands.&lt;init&gt;(Commands.java:5)
	at io.michaelcane.Calculator.&lt;init&gt;(Calculator.java:6)
	at io.michaelcane.Commands.&lt;init&gt;(Commands.java:5)
	at io.michaelcane.Calculator.&lt;init&gt;(Calculator.java:6)
	at io.michaelcane.Commands.&lt;init&gt;(Commands.java:5)
	at io.michaelcane.Calculator.&lt;init&gt;(Calculator.java:6)
	at io.michaelcane.Commands.&lt;init&gt;(Commands.java:5)
	at io.michaelcane.Calculator.&lt;init&gt;(Calculator.java:6)
	at io.michaelcane.Commands.&lt;init&gt;(Commands.java:5)
	at io.michaelcane.Calculator.&lt;init&gt;(Calculator.java:6)
	at io.michaelcane.Commands.&lt;init&gt;(Commands.java:5)
	at io.michaelcane.Calculator.&lt;init&gt;(Calculator.java:6)
	at io.michaelcane.Commands.&lt;init&gt;(Commands.java:5)
	at io.michaelcane.Calculator.&lt;init&gt;(Calculator.java:6)
	at io.michaelcane.Commands.&lt;init&gt;(Commands.java:5)
	at io.michaelcane.Calculator.&lt;init&gt;(Calculator.java:6)
	at io.michaelcane.Commands.&lt;init&gt;(Commands.java:5)
	at io.michaelcane.Calculator.&lt;init&gt;(Calculator.java:6)
	at io.michaelcane.Commands.&lt;init&gt;(Commands.java:5)
	at io.michaelcane.Calculator.&lt;init&gt;(Calculator.java:6)
	at io.michaelcane.Commands.&lt;init&gt;(Commands.java:5)
	at io.michaelcane.Calculator.&lt;init&gt;(Calculator.java:6)
	at io.michaelcane.Commands.&lt;init&gt;(Commands.java:5)
	at io.michaelcane.Calculator.&lt;init&gt;(Calculator.java:6)
	at io.michaelcane.Commands.&lt;init&gt;(Commands.java:5)
	at io.michaelcane.Calculator.&lt;init&gt;(Calculator.java:6)
	at io.michaelcane.Commands.&lt;init&gt;(Commands.java:5)
	at io.michaelcane.Calculator.&lt;init&gt;(Calculator.java:6)
	at io.michaelcane.Commands.&lt;init&gt;(Commands.java:5)
	at io.michaelcane.Calculator.&lt;init&gt;(Calculator.java:6)
	at io.michaelcane.Commands.&lt;init&gt;(Commands.java:5)
	at io.michaelcane.Calculator.&lt;init&gt;(Calculator.java:6)
	at io.michaelcane.Commands.&lt;init&gt;(Commands.java:5)
	at io.michaelcane.Calculator.&lt;init&gt;(Calculator.java:6)
	at io.michaelcane.Commands.&lt;init&gt;(Commands.java:5)
	at io.michaelcane.Calculator.&lt;init&gt;(Calculator.java:6)
	at io.michaelcane.Commands.&lt;init&gt;(Commands.java:5)
	at io.michaelcane.Calculator.&lt;init&gt;(Calculator.java:6)
	at io.michaelcane.Commands.&lt;init&gt;(Commands.java:5)
	at io.michaelcane.Calculator.&lt;init&gt;(Calculator.java:6)
	at io.michaelcane.Commands.&lt;init&gt;(Commands.java:5)
	at io.michaelcane.Calculator.&lt;init&gt;(Calculator.java:6)
	at io.michaelcane.Commands.&lt;init&gt;(Commands.java:5)
	at io.michaelcane.Calculator.&lt;init&gt;(Calculator.java:6)
	at io.michaelcane.Commands.&lt;init&gt;(Commands.java:5)
	at io.michaelcane.Calculator.&lt;init&gt;(Calculator.java:6)
	at io.michaelcane.Commands.&lt;init&gt;(Commands.java:5)
	at io.michaelcane.Calculator.&lt;init&gt;(Calculator.java:6)
	at io.michaelcane.Commands.&lt;init&gt;(Commands.java:5)
	at io.michaelcane.Calculator.&lt;init&gt;(Calculator.java:6)
	at io.michaelcane.Commands.&lt;init&gt;(Commands.java:5)
	at io.michaelcane.Calculator.&lt;init&gt;(Calculator.java:6)
	at io.michaelcane.Commands.&lt;init&gt;(Commands.java:5)
	at io.michaelcane.Calculator.&lt;init&gt;(Calculator.java:6)
	at io.michaelcane.Commands.&lt;init&gt;(Commands.java:5)
	at io.michaelcane.Calculator.&lt;init&gt;(Calculator.java:6)
	at io.michaelcane.Commands.&lt;init&gt;(Commands.java:5)
	at io.michaelcane.Calculator.&lt;init&gt;(Calculator.java:6)
	at io.michaelcane.Commands.&lt;init&gt;(Commands.java:5)
	at io.michaelcane.Calculator.&lt;init&gt;(Calculator.java:6)
	at io.michaelcane.Commands.&lt;init&gt;(Commands.java:5)
	at io.michaelcane.Calculator.&lt;init&gt;(Calculator.java:6)
	at io.michaelcane.Commands.&lt;init&gt;(Commands.java:5)
	at io.michaelcane.Calculator.&lt;init&gt;(Calculator.java:6)
	at io.michaelcane.Commands.&lt;init&gt;(Commands.java:5)
	at io.michaelcane.Calculator.&lt;init&gt;(Calculator.java:6)
	at io.michaelcane.Commands.&lt;init&gt;(Commands.java:5)
	at io.michaelcane.Calculator.&lt;init&gt;(Calculator.java:6)
	at io.michaelcane.Commands.&lt;init&gt;(Commands.java:5)
	at io.michaelcane.Calculator.&lt;init&gt;(Calculator.java:6)
	at io.michaelcane.Commands.&lt;init&gt;(Commands.java:5)
	at io.michaelcane.Calculator.&lt;init&gt;(Calculator.java:6)
	at io.michaelcane.Commands.&lt;init&gt;(Commands.java:5)
	at io.michaelcane.Calculator.&lt;init&gt;(Calculator.java:6)
	at io.michaelcane.Commands.&lt;init&gt;(Commands.java:5)
	at io.michaelcane.Calculator.&lt;init&gt;(Calculator.java:6)
	at io.michaelcane.Commands.&lt;init&gt;(Commands.java:5)
	at io.michaelcane.Calculator.&lt;init&gt;(Calculator.java:6)
	at io.michaelcane.Commands.&lt;init&gt;(Commands.java:5)
	at io.michaelcane.Calculator.&lt;init&gt;(Calculator.java:6)
	at io.michaelcane.Commands.&lt;init&gt;(Commands.java:5)
	at io.michaelcane.Calculator.&lt;init&gt;(Calculator.java:6)
	at io.michaelcane.Commands.&lt;init&gt;(Commands.java:5)
	at io.michaelcane.Calculator.&lt;init&gt;(Calculator.java:6)
	at io.michaelcane.Commands.&lt;init&gt;(Commands.java:5)
	at io.michaelcane.Calculator.&lt;init&gt;(Calculator.java:6)
	at io.michaelcane.Commands.&lt;init&gt;(Commands.java:5)
	at io.michaelcane.Calculator.&lt;init&gt;(Calculator.java:6)
	at io.michaelcane.Commands.&lt;init&gt;(Commands.java:5)
	at io.michaelcane.Calculator.&lt;init&gt;(Calculator.java:6)
	at io.michaelcane.Commands.&lt;init&gt;(Commands.java:5)
	at io.michaelcane.Calculator.&lt;init&gt;(Calculator.java:6)
	at io.michaelcane.Commands.&lt;init&gt;(Commands.java:5)
</error>
  </testcase>
  <testcase classname="io.michaelcane.CalculatorSpec" name="test$square" time="0.011">
    <error type="java.lang.StackOverflowError">java.lang.StackOverflowError
	at io.michaelcane.Calculator.&lt;init&gt;(Calculator.java:6)
	at io.michaelcane.Commands.&lt;init&gt;(Commands.java:5)
	at io.michaelcane.Calculator.&lt;init&gt;(Calculator.java:6)
	at io.michaelcane.Commands.&lt;init&gt;(Commands.java:5)
	at io.michaelcane.Calculator.&lt;init&gt;(Calculator.java:6)
	at io.michaelcane.Commands.&lt;init&gt;(Commands.java:5)
	at io.michaelcane.Calculator.&lt;init&gt;(Calculator.java:6)
	at io.michaelcane.Commands.&lt;init&gt;(Commands.java:5)
	at io.michaelcane.Calculator.&lt;init&gt;(Calculator.java:6)
	at io.michaelcane.Commands.&lt;init&gt;(Commands.java:5)
	at io.michaelcane.Calculator.&lt;init&gt;(Calculator.java:6)
	at io.michaelcane.Commands.&lt;init&gt;(Commands.java:5)
	at io.michaelcane.Calculator.&lt;init&gt;(Calculator.java:6)
	at io.michaelcane.Commands.&lt;init&gt;(Commands.java:5)
	at io.michaelcane.Calculator.&lt;init&gt;(Calculator.java:6)
	at io.michaelcane.Commands.&lt;init&gt;(Commands.java:5)
	at io.michaelcane.Calculator.&lt;init&gt;(Calculator.java:6)
	at io.michaelcane.Commands.&lt;init&gt;(Commands.java:5)
	at io.michaelcane.Calculator.&lt;init&gt;(Calculator.java:6)
	at io.michaelcane.Commands.&lt;init&gt;(Commands.java:5)
	at io.michaelcane.Calculator.&lt;init&gt;(Calculator.java:6)
	at io.michaelcane.Commands.&lt;init&gt;(Commands.java:5)
	at io.michaelcane.Calculator.&lt;init&gt;(Calculator.java:6)
	at io.michaelcane.Commands.&lt;init&gt;(Commands.java:5)
	at io.michaelcane.Calculator.&lt;init&gt;(Calculator.java:6)
	at io.michaelcane.Commands.&lt;init&gt;(Commands.java:5)
	at io.michaelcane.Calculator.&lt;init&gt;(Calculator.java:6)
	at io.michaelcane.Commands.&lt;init&gt;(Commands.java:5)
	at io.michaelcane.Calculator.&lt;init&gt;(Calculator.java:6)
	at io.michaelcane.Commands.&lt;init&gt;(Commands.java:5)
	at io.michaelcane.Calculator.&lt;init&gt;(Calculator.java:6)
	at io.michaelcane.Commands.&lt;init&gt;(Commands.java:5)
	at io.michaelcane.Calculator.&lt;init&gt;(Calculator.java:6)
	at io.michaelcane.Commands.&lt;init&gt;(Commands.java:5)
	at io.michaelcane.Calculator.&lt;init&gt;(Calculator.java:6)
	at io.michaelcane.Commands.&lt;init&gt;(Commands.java:5)
	at io.michaelcane.Calculator.&lt;init&gt;(Calculator.java:6)
	at io.michaelcane.Commands.&lt;init&gt;(Commands.java:5)
	at io.michaelcane.Calculator.&lt;init&gt;(Calculator.java:6)
	at io.michaelcane.Commands.&lt;init&gt;(Commands.java:5)
	at io.michaelcane.Calculator.&lt;init&gt;(Calculator.java:6)
	at io.michaelcane.Commands.&lt;init&gt;(Commands.java:5)
	at io.michaelcane.Calculator.&lt;init&gt;(Calculator.java:6)
	at io.michaelcane.Commands.&lt;init&gt;(Commands.java:5)
	at io.michaelcane.Calculator.&lt;init&gt;(Calculator.java:6)
	at io.michaelcane.Commands.&lt;init&gt;(Commands.java:5)
	at io.michaelcane.Calculator.&lt;init&gt;(Calculator.java:6)
	at io.michaelcane.Commands.&lt;init&gt;(Commands.java:5)
	at io.michaelcane.Calculator.&lt;init&gt;(Calculator.java:6)
	at io.michaelcane.Commands.&lt;init&gt;(Commands.java:5)
	at io.michaelcane.Calculator.&lt;init&gt;(Calculator.java:6)
	at io.michaelcane.Commands.&lt;init&gt;(Commands.java:5)
	at io.michaelcane.Calculator.&lt;init&gt;(Calculator.java:6)
	at io.michaelcane.Commands.&lt;init&gt;(Commands.java:5)
	at io.michaelcane.Calculator.&lt;init&gt;(Calculator.java:6)
	at io.michaelcane.Commands.&lt;init&gt;(Commands.java:5)
	at io.michaelcane.Calculator.&lt;init&gt;(Calculator.java:6)
	at io.michaelcane.Commands.&lt;init&gt;(Commands.java:5)
	at io.michaelcane.Calculator.&lt;init&gt;(Calculator.java:6)
	at io.michaelcane.Commands.&lt;init&gt;(Commands.java:5)
	at io.michaelcane.Calculator.&lt;init&gt;(Calculator.java:6)
	at io.michaelcane.Commands.&lt;init&gt;(Commands.java:5)
	at io.michaelcane.Calculator.&lt;init&gt;(Calculator.java:6)
	at io.michaelcane.Commands.&lt;init&gt;(Commands.java:5)
	at io.michaelcane.Calculator.&lt;init&gt;(Calculator.java:6)
	at io.michaelcane.Commands.&lt;init&gt;(Commands.java:5)
	at io.michaelcane.Calculator.&lt;init&gt;(Calculator.java:6)
	at io.michaelcane.Commands.&lt;init&gt;(Commands.java:5)
	at io.michaelcane.Calculator.&lt;init&gt;(Calculator.java:6)
	at io.michaelcane.Commands.&lt;init&gt;(Commands.java:5)
	at io.michaelcane.Calculator.&lt;init&gt;(Calculator.java:6)
	at io.michaelcane.Commands.&lt;init&gt;(Commands.java:5)
	at io.michaelcane.Calculator.&lt;init&gt;(Calculator.java:6)
	at io.michaelcane.Commands.&lt;init&gt;(Commands.java:5)
	at io.michaelcane.Calculator.&lt;init&gt;(Calculator.java:6)
	at io.michaelcane.Commands.&lt;init&gt;(Commands.java:5)
	at io.michaelcane.Calculator.&lt;init&gt;(Calculator.java:6)
	at io.michaelcane.Commands.&lt;init&gt;(Commands.java:5)
	at io.michaelcane.Calculator.&lt;init&gt;(Calculator.java:6)
	at io.michaelcane.Commands.&lt;init&gt;(Commands.java:5)
	at io.michaelcane.Calculator.&lt;init&gt;(Calculator.java:6)
	at io.michaelcane.Commands.&lt;init&gt;(Commands.java:5)
	at io.michaelcane.Calculator.&lt;init&gt;(Calculator.java:6)
	at io.michaelcane.Commands.&lt;init&gt;(Commands.java:5)
	at io.michaelcane.Calculator.&lt;init&gt;(Calculator.java:6)
	at io.michaelcane.Commands.&lt;init&gt;(Commands.java:5)
	at io.michaelcane.Calculator.&lt;init&gt;(Calculator.java:6)
	at io.michaelcane.Commands.&lt;init&gt;(Commands.java:5)
	at io.michaelcane.Calculator.&lt;init&gt;(Calculator.java:6)
	at io.michaelcane.Commands.&lt;init&gt;(Commands.java:5)
	at io.michaelcane.Calculator.&lt;init&gt;(Calculator.java:6)
	at io.michaelcane.Commands.&lt;init&gt;(Commands.java:5)
	at io.michaelcane.Calculator.&lt;init&gt;(Calculator.java:6)
	at io.michaelcane.Commands.&lt;init&gt;(Commands.java:5)
	at io.michaelcane.Calculator.&lt;init&gt;(Calculator.java:6)
	at io.michaelcane.Commands.&lt;init&gt;(Commands.java:5)
	at io.michaelcane.Calculator.&lt;init&gt;(Calculator.java:6)
	at io.michaelcane.Commands.&lt;init&gt;(Commands.java:5)
	at io.michaelcane.Calculator.&lt;init&gt;(Calculator.java:6)
	at io.michaelcane.Commands.&lt;init&gt;(Commands.java:5)
	at io.michaelcane.Calculator.&lt;init&gt;(Calculator.java:6)
	at io.michaelcane.Commands.&lt;init&gt;(Commands.java:5)
	at io.michaelcane.Calculator.&lt;init&gt;(Calculator.java:6)
	at io.michaelcane.Commands.&lt;init&gt;(Commands.java:5)
	at io.michaelcane.Calculator.&lt;init&gt;(Calculator.java:6)
	at io.michaelcane.Commands.&lt;init&gt;(Commands.java:5)
	at io.michaelcane.Calculator.&lt;init&gt;(Calculator.java:6)
	at io.michaelcane.Commands.&lt;init&gt;(Commands.java:5)
	at io.michaelcane.Calculator.&lt;init&gt;(Calculator.java:6)
	at io.michaelcane.Commands.&lt;init&gt;(Commands.java:5)
	at io.michaelcane.Calculator.&lt;init&gt;(Calculator.java:6)
	at io.michaelcane.Commands.&lt;init&gt;(Commands.java:5)
	at io.michaelcane.Calculator.&lt;init&gt;(Calculator.java:6)
	at io.michaelcane.Commands.&lt;init&gt;(Commands.java:5)
	at io.michaelcane.Calculator.&lt;init&gt;(Calculator.java:6)
	at io.michaelcane.Commands.&lt;init&gt;(Commands.java:5)
	at io.michaelcane.Calculator.&lt;init&gt;(Calculator.java:6)
	at io.michaelcane.Commands.&lt;init&gt;(Commands.java:5)
	at io.michaelcane.Calculator.&lt;init&gt;(Calculator.java:6)
	at io.michaelcane.Commands.&lt;init&gt;(Commands.java:5)
	at io.michaelcane.Calculator.&lt;init&gt;(Calculator.java:6)
	at io.michaelcane.Commands.&lt;init&gt;(Commands.java:5)
	at io.michaelcane.Calculator.&lt;init&gt;(Calculator.java:6)
	at io.michaelcane.Commands.&lt;init&gt;(Commands.java:5)
	at io.michaelcane.Calculator.&lt;init&gt;(Calculator.java:6)
	at io.michaelcane.Commands.&lt;init&gt;(Commands.java:5)
	at io.michaelcane.Calculator.&lt;init&gt;(Calculator.java:6)
	at io.michaelcane.Commands.&lt;init&gt;(Commands.java:5)
	at io.michaelcane.Calculator.&lt;init&gt;(Calculator.java:6)
	at io.michaelcane.Commands.&lt;init&gt;(Commands.java:5)
	at io.michaelcane.Calculator.&lt;init&gt;(Calculator.java:6)
	at io.michaelcane.Commands.&lt;init&gt;(Commands.java:5)
	at io.michaelcane.Calculator.&lt;init&gt;(Calculator.java:6)
	at io.michaelcane.Commands.&lt;init&gt;(Commands.java:5)
	at io.michaelcane.Calculator.&lt;init&gt;(Calculator.java:6)
	at io.michaelcane.Commands.&lt;init&gt;(Commands.java:5)
	at io.michaelcane.Calculator.&lt;init&gt;(Calculator.java:6)
	at io.michaelcane.Commands.&lt;init&gt;(Commands.java:5)
	at io.michaelcane.Calculator.&lt;init&gt;(Calculator.java:6)
	at io.michaelcane.Commands.&lt;init&gt;(Commands.java:5)
	at io.michaelcane.Calculator.&lt;init&gt;(Calculator.java:6)
	at io.michaelcane.Commands.&lt;init&gt;(Commands.java:5)
	at io.michaelcane.Calculator.&lt;init&gt;(Calculator.java:6)
	at io.michaelcane.Commands.&lt;init&gt;(Commands.java:5)
	at io.michaelcane.Calculator.&lt;init&gt;(Calculator.java:6)
	at io.michaelcane.Commands.&lt;init&gt;(Commands.java:5)
	at io.michaelcane.Calculator.&lt;init&gt;(Calculator.java:6)
	at io.michaelcane.Commands.&lt;init&gt;(Commands.java:5)
	at io.michaelcane.Calculator.&lt;init&gt;(Calculator.java:6)
	at io.michaelcane.Commands.&lt;init&gt;(Commands.java:5)
	at io.michaelcane.Calculator.&lt;init&gt;(Calculator.java:6)
	at io.michaelcane.Commands.&lt;init&gt;(Commands.java:5)
	at io.michaelcane.Calculator.&lt;init&gt;(Calculator.java:6)
	at io.michaelcane.Commands.&lt;init&gt;(Commands.java:5)
	at io.michaelcane.Calculator.&lt;init&gt;(Calculator.java:6)
	at io.michaelcane.Commands.&lt;init&gt;(Commands.java:5)
	at io.michaelcane.Calculator.&lt;init&gt;(Calculator.java:6)
	at io.michaelcane.Commands.&lt;init&gt;(Commands.java:5)
	at io.michaelcane.Calculator.&lt;init&gt;(Calculator.java:6)
	at io.michaelcane.Commands.&lt;init&gt;(Commands.java:5)
	at io.michaelcane.Calculator.&lt;init&gt;(Calculator.java:6)
	at io.michaelcane.Commands.&lt;init&gt;(Commands.java:5)
	at io.michaelcane.Calculator.&lt;init&gt;(Calculator.java:6)
	at io.michaelcane.Commands.&lt;init&gt;(Commands.java:5)
	at io.michaelcane.Calculator.&lt;init&gt;(Calculator.java:6)
	at io.michaelcane.Commands.&lt;init&gt;(Commands.java:5)
	at io.michaelcane.Calculator.&lt;init&gt;(Calculator.java:6)
	at io.michaelcane.Commands.&lt;init&gt;(Commands.java:5)
	at io.michaelcane.Calculator.&lt;init&gt;(Calculator.java:6)
	at io.michaelcane.Commands.&lt;init&gt;(Commands.java:5)
	at io.michaelcane.Calculator.&lt;init&gt;(Calculator.java:6)
	at io.michaelcane.Commands.&lt;init&gt;(Commands.java:5)
	at io.michaelcane.Calculator.&lt;init&gt;(Calculator.java:6)
	at io.michaelcane.Commands.&lt;init&gt;(Commands.java:5)
	at io.michaelcane.Calculator.&lt;init&gt;(Calculator.java:6)
	at io.michaelcane.Commands.&lt;init&gt;(Commands.java:5)
	at io.michaelcane.Calculator.&lt;init&gt;(Calculator.java:6)
	at io.michaelcane.Commands.&lt;init&gt;(Commands.java:5)
	at io.michaelcane.Calculator.&lt;init&gt;(Calculator.java:6)
	at io.michaelcane.Commands.&lt;init&gt;(Commands.java:5)
	at io.michaelcane.Calculator.&lt;init&gt;(Calculator.java:6)
	at io.michaelcane.Commands.&lt;init&gt;(Commands.java:5)
	at io.michaelcane.Calculator.&lt;init&gt;(Calculator.java:6)
	at io.michaelcane.Commands.&lt;init&gt;(Commands.java:5)
	at io.michaelcane.Calculator.&lt;init&gt;(Calculator.java:6)
	at io.michaelcane.Commands.&lt;init&gt;(Commands.java:5)
	at io.michaelcane.Calculator.&lt;init&gt;(Calculator.java:6)
	at io.michaelcane.Commands.&lt;init&gt;(Commands.java:5)
	at io.michaelcane.Calculator.&lt;init&gt;(Calculator.java:6)
	at io.michaelcane.Commands.&lt;init&gt;(Commands.java:5)
	at io.michaelcane.Calculator.&lt;init&gt;(Calculator.java:6)
	at io.michaelcane.Commands.&lt;init&gt;(Commands.java:5)
	at io.michaelcane.Calculator.&lt;init&gt;(Calculator.java:6)
	at io.michaelcane.Commands.&lt;init&gt;(Commands.java:5)
	at io.michaelcane.Calculator.&lt;init&gt;(Calculator.java:6)
	at io.michaelcane.Commands.&lt;init&gt;(Commands.java:5)
	at io.michaelcane.Calculator.&lt;init&gt;(Calculator.java:6)
	at io.michaelcane.Commands.&lt;init&gt;(Commands.java:5)
	at io.michaelcane.Calculator.&lt;init&gt;(Calculator.java:6)
	at io.michaelcane.Commands.&lt;init&gt;(Commands.java:5)
	at io.michaelcane.Calculator.&lt;init&gt;(Calculator.java:6)
	at io.michaelcane.Commands.&lt;init&gt;(Commands.java:5)
	at io.michaelcane.Calculator.&lt;init&gt;(Calculator.java:6)
	at io.michaelcane.Commands.&lt;init&gt;(Commands.java:5)
	at io.michaelcane.Calculator.&lt;init&gt;(Calculator.java:6)
	at io.michaelcane.Commands.&lt;init&gt;(Commands.java:5)
	at io.michaelcane.Calculator.&lt;init&gt;(Calculator.java:6)
	at io.michaelcane.Commands.&lt;init&gt;(Commands.java:5)
	at io.michaelcane.Calculator.&lt;init&gt;(Calculator.java:6)
	at io.michaelcane.Commands.&lt;init&gt;(Commands.java:5)
	at io.michaelcane.Calculator.&lt;init&gt;(Calculator.java:6)
	at io.michaelcane.Commands.&lt;init&gt;(Commands.java:5)
	at io.michaelcane.Calculator.&lt;init&gt;(Calculator.java:6)
	at io.michaelcane.Commands.&lt;init&gt;(Commands.java:5)
	at io.michaelcane.Calculator.&lt;init&gt;(Calculator.java:6)
	at io.michaelcane.Commands.&lt;init&gt;(Commands.java:5)
	at io.michaelcane.Calculator.&lt;init&gt;(Calculator.java:6)
	at io.michaelcane.Commands.&lt;init&gt;(Commands.java:5)
	at io.michaelcane.Calculator.&lt;init&gt;(Calculator.java:6)
	at io.michaelcane.Commands.&lt;init&gt;(Commands.java:5)
	at io.michaelcane.Calculator.&lt;init&gt;(Calculator.java:6)
	at io.michaelcane.Commands.&lt;init&gt;(Commands.java:5)
	at io.michaelcane.Calculator.&lt;init&gt;(Calculator.java:6)
	at io.michaelcane.Commands.&lt;init&gt;(Commands.java:5)
	at io.michaelcane.Calculator.&lt;init&gt;(Calculator.java:6)
	at io.michaelcane.Commands.&lt;init&gt;(Commands.java:5)
	at io.michaelcane.Calculator.&lt;init&gt;(Calculator.java:6)
	at io.michaelcane.Commands.&lt;init&gt;(Commands.java:5)
	at io.michaelcane.Calculator.&lt;init&gt;(Calculator.java:6)
	at io.michaelcane.Commands.&lt;init&gt;(Commands.java:5)
	at io.michaelcane.Calculator.&lt;init&gt;(Calculator.java:6)
	at io.michaelcane.Commands.&lt;init&gt;(Commands.java:5)
	at io.michaelcane.Calculator.&lt;init&gt;(Calculator.java:6)
	at io.michaelcane.Commands.&lt;init&gt;(Commands.java:5)
	at io.michaelcane.Calculator.&lt;init&gt;(Calculator.java:6)
	at io.michaelcane.Commands.&lt;init&gt;(Commands.java:5)
	at io.michaelcane.Calculator.&lt;init&gt;(Calculator.java:6)
	at io.michaelcane.Commands.&lt;init&gt;(Commands.java:5)
	at io.michaelcane.Calculator.&lt;init&gt;(Calculator.java:6)
	at io.michaelcane.Commands.&lt;init&gt;(Commands.java:5)
	at io.michaelcane.Calculator.&lt;init&gt;(Calculator.java:6)
	at io.michaelcane.Commands.&lt;init&gt;(Commands.java:5)
	at io.michaelcane.Calculator.&lt;init&gt;(Calculator.java:6)
	at io.michaelcane.Commands.&lt;init&gt;(Commands.java:5)
	at io.michaelcane.Calculator.&lt;init&gt;(Calculator.java:6)
	at io.michaelcane.Commands.&lt;init&gt;(Commands.java:5)
	at io.michaelcane.Calculator.&lt;init&gt;(Calculator.java:6)
	at io.michaelcane.Commands.&lt;init&gt;(Commands.java:5)
	at io.michaelcane.Calculator.&lt;init&gt;(Calculator.java:6)
	at io.michaelcane.Commands.&lt;init&gt;(Commands.java:5)
	at io.michaelcane.Calculator.&lt;init&gt;(Calculator.java:6)
	at io.michaelcane.Commands.&lt;init&gt;(Commands.java:5)
	at io.michaelcane.Calculator.&lt;init&gt;(Calculator.java:6)
	at io.michaelcane.Commands.&lt;init&gt;(Commands.java:5)
	at io.michaelcane.Calculator.&lt;init&gt;(Calculator.java:6)
	at io.michaelcane.Commands.&lt;init&gt;(Commands.java:5)
	at io.michaelcane.Calculator.&lt;init&gt;(Calculator.java:6)
	at io.michaelcane.Commands.&lt;init&gt;(Commands.java:5)
	at io.michaelcane.Calculator.&lt;init&gt;(Calculator.java:6)
	at io.michaelcane.Commands.&lt;init&gt;(Commands.java:5)
	at io.michaelcane.Calculator.&lt;init&gt;(Calculator.java:6)
	at io.michaelcane.Commands.&lt;init&gt;(Commands.java:5)
	at io.michaelcane.Calculator.&lt;init&gt;(Calculator.java:6)
	at io.michaelcane.Commands.&lt;init&gt;(Commands.java:5)
	at io.michaelcane.Calculator.&lt;init&gt;(Calculator.java:6)
	at io.michaelcane.Commands.&lt;init&gt;(Commands.java:5)
	at io.michaelcane.Calculator.&lt;init&gt;(Calculator.java:6)
	at io.michaelcane.Commands.&lt;init&gt;(Commands.java:5)
	at io.michaelcane.Calculator.&lt;init&gt;(Calculator.java:6)
	at io.michaelcane.Commands.&lt;init&gt;(Commands.java:5)
	at io.michaelcane.Calculator.&lt;init&gt;(Calculator.java:6)
	at io.michaelcane.Commands.&lt;init&gt;(Commands.java:5)
	at io.michaelcane.Calculator.&lt;init&gt;(Calculator.java:6)
	at io.michaelcane.Commands.&lt;init&gt;(Commands.java:5)
	at io.michaelcane.Calculator.&lt;init&gt;(Calculator.java:6)
	at io.michaelcane.Commands.&lt;init&gt;(Commands.java:5)
	at io.michaelcane.Calculator.&lt;init&gt;(Calculator.java:6)
	at io.michaelcane.Commands.&lt;init&gt;(Commands.java:5)
	at io.michaelcane.Calculator.&lt;init&gt;(Calculator.java:6)
	at io.michaelcane.Commands.&lt;init&gt;(Commands.java:5)
	at io.michaelcane.Calculator.&lt;init&gt;(Calculator.java:6)
	at io.michaelcane.Commands.&lt;init&gt;(Commands.java:5)
	at io.michaelcane.Calculator.&lt;init&gt;(Calculator.java:6)
	at io.michaelcane.Commands.&lt;init&gt;(Commands.java:5)
	at io.michaelcane.Calculator.&lt;init&gt;(Calculator.java:6)
	at io.michaelcane.Commands.&lt;init&gt;(Commands.java:5)
	at io.michaelcane.Calculator.&lt;init&gt;(Calculator.java:6)
	at io.michaelcane.Commands.&lt;init&gt;(Commands.java:5)
	at io.michaelcane.Calculator.&lt;init&gt;(Calculator.java:6)
	at io.michaelcane.Commands.&lt;init&gt;(Commands.java:5)
	at io.michaelcane.Calculator.&lt;init&gt;(Calculator.java:6)
	at io.michaelcane.Commands.&lt;init&gt;(Commands.java:5)
	at io.michaelcane.Calculator.&lt;init&gt;(Calculator.java:6)
	at io.michaelcane.Commands.&lt;init&gt;(Commands.java:5)
	at io.michaelcane.Calculator.&lt;init&gt;(Calculator.java:6)
	at io.michaelcane.Commands.&lt;init&gt;(Commands.java:5)
	at io.michaelcane.Calculator.&lt;init&gt;(Calculator.java:6)
	at io.michaelcane.Commands.&lt;init&gt;(Commands.java:5)
	at io.michaelcane.Calculator.&lt;init&gt;(Calculator.java:6)
	at io.michaelcane.Commands.&lt;init&gt;(Commands.java:5)
	at io.michaelcane.Calculator.&lt;init&gt;(Calculator.java:6)
	at io.michaelcane.Commands.&lt;init&gt;(Commands.java:5)
	at io.michaelcane.Calculator.&lt;init&gt;(Calculator.java:6)
	at io.michaelcane.Commands.&lt;init&gt;(Commands.java:5)
	at io.michaelcane.Calculator.&lt;init&gt;(Calculator.java:6)
	at io.michaelcane.Commands.&lt;init&gt;(Commands.java:5)
	at io.michaelcane.Calculator.&lt;init&gt;(Calculator.java:6)
	at io.michaelcane.Commands.&lt;init&gt;(Commands.java:5)
	at io.michaelcane.Calculator.&lt;init&gt;(Calculator.java:6)
	at io.michaelcane.Commands.&lt;init&gt;(Commands.java:5)
	at io.michaelcane.Calculator.&lt;init&gt;(Calculator.java:6)
	at io.michaelcane.Commands.&lt;init&gt;(Commands.java:5)
	at io.michaelcane.Calculator.&lt;init&gt;(Calculator.java:6)
	at io.michaelcane.Commands.&lt;init&gt;(Commands.java:5)
	at io.michaelcane.Calculator.&lt;init&gt;(Calculator.java:6)
	at io.michaelcane.Commands.&lt;init&gt;(Commands.java:5)
	at io.michaelcane.Calculator.&lt;init&gt;(Calculator.java:6)
	at io.michaelcane.Commands.&lt;init&gt;(Commands.java:5)
	at io.michaelcane.Calculator.&lt;init&gt;(Calculator.java:6)
	at io.michaelcane.Commands.&lt;init&gt;(Commands.java:5)
	at io.michaelcane.Calculator.&lt;init&gt;(Calculator.java:6)
	at io.michaelcane.Commands.&lt;init&gt;(Commands.java:5)
	at io.michaelcane.Calculator.&lt;init&gt;(Calculator.java:6)
	at io.michaelcane.Commands.&lt;init&gt;(Commands.java:5)
	at io.michaelcane.Calculator.&lt;init&gt;(Calculator.java:6)
	at io.michaelcane.Commands.&lt;init&gt;(Commands.java:5)
	at io.michaelcane.Calculator.&lt;init&gt;(Calculator.java:6)
	at io.michaelcane.Commands.&lt;init&gt;(Commands.java:5)
	at io.michaelcane.Calculator.&lt;init&gt;(Calculator.java:6)
	at io.michaelcane.Commands.&lt;init&gt;(Commands.java:5)
	at io.michaelcane.Calculator.&lt;init&gt;(Calculator.java:6)
	at io.michaelcane.Commands.&lt;init&gt;(Commands.java:5)
	at io.michaelcane.Calculator.&lt;init&gt;(Calculator.java:6)
	at io.michaelcane.Commands.&lt;init&gt;(Commands.java:5)
	at io.michaelcane.Calculator.&lt;init&gt;(Calculator.java:6)
	at io.michaelcane.Commands.&lt;init&gt;(Commands.java:5)
	at io.michaelcane.Calculator.&lt;init&gt;(Calculator.java:6)
	at io.michaelcane.Commands.&lt;init&gt;(Commands.java:5)
	at io.michaelcane.Calculator.&lt;init&gt;(Calculator.java:6)
	at io.michaelcane.Commands.&lt;init&gt;(Commands.java:5)
	at io.michaelcane.Calculator.&lt;init&gt;(Calculator.java:6)
	at io.michaelcane.Commands.&lt;init&gt;(Commands.java:5)
	at io.michaelcane.Calculator.&lt;init&gt;(Calculator.java:6)
	at io.michaelcane.Commands.&lt;init&gt;(Commands.java:5)
	at io.michaelcane.Calculator.&lt;init&gt;(Calculator.java:6)
	at io.michaelcane.Commands.&lt;init&gt;(Commands.java:5)
	at io.michaelcane.Calculator.&lt;init&gt;(Calculator.java:6)
	at io.michaelcane.Commands.&lt;init&gt;(Commands.java:5)
	at io.michaelcane.Calculator.&lt;init&gt;(Calculator.java:6)
	at io.michaelcane.Commands.&lt;init&gt;(Commands.java:5)
	at io.michaelcane.Calculator.&lt;init&gt;(Calculator.java:6)
	at io.michaelcane.Commands.&lt;init&gt;(Commands.java:5)
	at io.michaelcane.Calculator.&lt;init&gt;(Calculator.java:6)
	at io.michaelcane.Commands.&lt;init&gt;(Commands.java:5)
	at io.michaelcane.Calculator.&lt;init&gt;(Calculator.java:6)
	at io.michaelcane.Commands.&lt;init&gt;(Commands.java:5)
	at io.michaelcane.Calculator.&lt;init&gt;(Calculator.java:6)
	at io.michaelcane.Commands.&lt;init&gt;(Commands.java:5)
	at io.michaelcane.Calculator.&lt;init&gt;(Calculator.java:6)
	at io.michaelcane.Commands.&lt;init&gt;(Commands.java:5)
	at io.michaelcane.Calculator.&lt;init&gt;(Calculator.java:6)
	at io.michaelcane.Commands.&lt;init&gt;(Commands.java:5)
	at io.michaelcane.Calculator.&lt;init&gt;(Calculator.java:6)
	at io.michaelcane.Commands.&lt;init&gt;(Commands.java:5)
	at io.michaelcane.Calculator.&lt;init&gt;(Calculator.java:6)
	at io.michaelcane.Commands.&lt;init&gt;(Commands.java:5)
	at io.michaelcane.Calculator.&lt;init&gt;(Calculator.java:6)
	at io.michaelcane.Commands.&lt;init&gt;(Commands.java:5)
	at io.michaelcane.Calculator.&lt;init&gt;(Calculator.java:6)
	at io.michaelcane.Commands.&lt;init&gt;(Commands.java:5)
	at io.michaelcane.Calculator.&lt;init&gt;(Calculator.java:6)
	at io.michaelcane.Commands.&lt;init&gt;(Commands.java:5)
	at io.michaelcane.Calculator.&lt;init&gt;(Calculator.java:6)
	at io.michaelcane.Commands.&lt;init&gt;(Commands.java:5)
	at io.michaelcane.Calculator.&lt;init&gt;(Calculator.java:6)
	at io.michaelcane.Commands.&lt;init&gt;(Commands.java:5)
	at io.michaelcane.Calculator.&lt;init&gt;(Calculator.java:6)
	at io.michaelcane.Commands.&lt;init&gt;(Commands.java:5)
	at io.michaelcane.Calculator.&lt;init&gt;(Calculator.java:6)
	at io.michaelcane.Commands.&lt;init&gt;(Commands.java:5)
	at io.michaelcane.Calculator.&lt;init&gt;(Calculator.java:6)
	at io.michaelcane.Commands.&lt;init&gt;(Commands.java:5)
	at io.michaelcane.Calculator.&lt;init&gt;(Calculator.java:6)
	at io.michaelcane.Commands.&lt;init&gt;(Commands.java:5)
	at io.michaelcane.Calculator.&lt;init&gt;(Calculator.java:6)
	at io.michaelcane.Commands.&lt;init&gt;(Commands.java:5)
	at io.michaelcane.Calculator.&lt;init&gt;(Calculator.java:6)
	at io.michaelcane.Commands.&lt;init&gt;(Commands.java:5)
	at io.michaelcane.Calculator.&lt;init&gt;(Calculator.java:6)
	at io.michaelcane.Commands.&lt;init&gt;(Commands.java:5)
	at io.michaelcane.Calculator.&lt;init&gt;(Calculator.java:6)
	at io.michaelcane.Commands.&lt;init&gt;(Commands.java:5)
	at io.michaelcane.Calculator.&lt;init&gt;(Calculator.java:6)
	at io.michaelcane.Commands.&lt;init&gt;(Commands.java:5)
	at io.michaelcane.Calculator.&lt;init&gt;(Calculator.java:6)
	at io.michaelcane.Commands.&lt;init&gt;(Commands.java:5)
	at io.michaelcane.Calculator.&lt;init&gt;(Calculator.java:6)
	at io.michaelcane.Commands.&lt;init&gt;(Commands.java:5)
	at io.michaelcane.Calculator.&lt;init&gt;(Calculator.java:6)
	at io.michaelcane.Commands.&lt;init&gt;(Commands.java:5)
	at io.michaelcane.Calculator.&lt;init&gt;(Calculator.java:6)
	at io.michaelcane.Commands.&lt;init&gt;(Commands.java:5)
	at io.michaelcane.Calculator.&lt;init&gt;(Calculator.java:6)
	at io.michaelcane.Commands.&lt;init&gt;(Commands.java:5)
	at io.michaelcane.Calculator.&lt;init&gt;(Calculator.java:6)
	at io.michaelcane.Commands.&lt;init&gt;(Commands.java:5)
	at io.michaelcane.Calculator.&lt;init&gt;(Calculator.java:6)
	at io.michaelcane.Commands.&lt;init&gt;(Commands.java:5)
	at io.michaelcane.Calculator.&lt;init&gt;(Calculator.java:6)
	at io.michaelcane.Commands.&lt;init&gt;(Commands.java:5)
	at io.michaelcane.Calculator.&lt;init&gt;(Calculator.java:6)
	at io.michaelcane.Commands.&lt;init&gt;(Commands.java:5)
	at io.michaelcane.Calculator.&lt;init&gt;(Calculator.java:6)
	at io.michaelcane.Commands.&lt;init&gt;(Commands.java:5)
	at io.michaelcane.Calculator.&lt;init&gt;(Calculator.java:6)
	at io.michaelcane.Commands.&lt;init&gt;(Commands.java:5)
	at io.michaelcane.Calculator.&lt;init&gt;(Calculator.java:6)
	at io.michaelcane.Commands.&lt;init&gt;(Commands.java:5)
	at io.michaelcane.Calculator.&lt;init&gt;(Calculator.java:6)
	at io.michaelcane.Commands.&lt;init&gt;(Commands.java:5)
	at io.michaelcane.Calculator.&lt;init&gt;(Calculator.java:6)
	at io.michaelcane.Commands.&lt;init&gt;(Commands.java:5)
	at io.michaelcane.Calculator.&lt;init&gt;(Calculator.java:6)
	at io.michaelcane.Commands.&lt;init&gt;(Commands.java:5)
	at io.michaelcane.Calculator.&lt;init&gt;(Calculator.java:6)
	at io.michaelcane.Commands.&lt;init&gt;(Commands.java:5)
	at io.michaelcane.Calculator.&lt;init&gt;(Calculator.java:6)
	at io.michaelcane.Commands.&lt;init&gt;(Commands.java:5)
	at io.michaelcane.Calculator.&lt;init&gt;(Calculator.java:6)
	at io.michaelcane.Commands.&lt;init&gt;(Commands.java:5)
	at io.michaelcane.Calculator.&lt;init&gt;(Calculator.java:6)
	at io.michaelcane.Commands.&lt;init&gt;(Commands.java:5)
	at io.michaelcane.Calculator.&lt;init&gt;(Calculator.java:6)
	at io.michaelcane.Commands.&lt;init&gt;(Commands.java:5)
	at io.michaelcane.Calculator.&lt;init&gt;(Calculator.java:6)
	at io.michaelcane.Commands.&lt;init&gt;(Commands.java:5)
	at io.michaelcane.Calculator.&lt;init&gt;(Calculator.java:6)
	at io.michaelcane.Commands.&lt;init&gt;(Commands.java:5)
	at io.michaelcane.Calculator.&lt;init&gt;(Calculator.java:6)
	at io.michaelcane.Commands.&lt;init&gt;(Commands.java:5)
	at io.michaelcane.Calculator.&lt;init&gt;(Calculator.java:6)
	at io.michaelcane.Commands.&lt;init&gt;(Commands.java:5)
	at io.michaelcane.Calculator.&lt;init&gt;(Calculator.java:6)
	at io.michaelcane.Commands.&lt;init&gt;(Commands.java:5)
	at io.michaelcane.Calculator.&lt;init&gt;(Calculator.java:6)
	at io.michaelcane.Commands.&lt;init&gt;(Commands.java:5)
	at io.michaelcane.Calculator.&lt;init&gt;(Calculator.java:6)
	at io.michaelcane.Commands.&lt;init&gt;(Commands.java:5)
	at io.michaelcane.Calculator.&lt;init&gt;(Calculator.java:6)
	at io.michaelcane.Commands.&lt;init&gt;(Commands.java:5)
	at io.michaelcane.Calculator.&lt;init&gt;(Calculator.java:6)
	at io.michaelcane.Commands.&lt;init&gt;(Commands.java:5)
	at io.michaelcane.Calculator.&lt;init&gt;(Calculator.java:6)
	at io.michaelcane.Commands.&lt;init&gt;(Commands.java:5)
	at io.michaelcane.Calculator.&lt;init&gt;(Calculator.java:6)
	at io.michaelcane.Commands.&lt;init&gt;(Commands.java:5)
	at io.michaelcane.Calculator.&lt;init&gt;(Calculator.java:6)
	at io.michaelcane.Commands.&lt;init&gt;(Commands.java:5)
	at io.michaelcane.Calculator.&lt;init&gt;(Calculator.java:6)
	at io.michaelcane.Commands.&lt;init&gt;(Commands.java:5)
	at io.michaelcane.Calculator.&lt;init&gt;(Calculator.java:6)
	at io.michaelcane.Commands.&lt;init&gt;(Commands.java:5)
	at io.michaelcane.Calculator.&lt;init&gt;(Calculator.java:6)
	at io.michaelcane.Commands.&lt;init&gt;(Commands.java:5)
	at io.michaelcane.Calculator.&lt;init&gt;(Calculator.java:6)
	at io.michaelcane.Commands.&lt;init&gt;(Commands.java:5)
	at io.michaelcane.Calculator.&lt;init&gt;(Calculator.java:6)
	at io.michaelcane.Commands.&lt;init&gt;(Commands.java:5)
	at io.michaelcane.Calculator.&lt;init&gt;(Calculator.java:6)
	at io.michaelcane.Commands.&lt;init&gt;(Commands.java:5)
	at io.michaelcane.Calculator.&lt;init&gt;(Calculator.java:6)
	at io.michaelcane.Commands.&lt;init&gt;(Commands.java:5)
	at io.michaelcane.Calculator.&lt;init&gt;(Calculator.java:6)
	at io.michaelcane.Commands.&lt;init&gt;(Commands.java:5)
	at io.michaelcane.Calculator.&lt;init&gt;(Calculator.java:6)
	at io.michaelcane.Commands.&lt;init&gt;(Commands.java:5)
	at io.michaelcane.Calculator.&lt;init&gt;(Calculator.java:6)
	at io.michaelcane.Commands.&lt;init&gt;(Commands.java:5)
	at io.michaelcane.Calculator.&lt;init&gt;(Calculator.java:6)
	at io.michaelcane.Commands.&lt;init&gt;(Commands.java:5)
	at io.michaelcane.Calculator.&lt;init&gt;(Calculator.java:6)
	at io.michaelcane.Commands.&lt;init&gt;(Commands.java:5)
	at io.michaelcane.Calculator.&lt;init&gt;(Calculator.java:6)
	at io.michaelcane.Commands.&lt;init&gt;(Commands.java:5)
	at io.michaelcane.Calculator.&lt;init&gt;(Calculator.java:6)
	at io.michaelcane.Commands.&lt;init&gt;(Commands.java:5)
	at io.michaelcane.Calculator.&lt;init&gt;(Calculator.java:6)
	at io.michaelcane.Commands.&lt;init&gt;(Commands.java:5)
	at io.michaelcane.Calculator.&lt;init&gt;(Calculator.java:6)
	at io.michaelcane.Commands.&lt;init&gt;(Commands.java:5)
	at io.michaelcane.Calculator.&lt;init&gt;(Calculator.java:6)
	at io.michaelcane.Commands.&lt;init&gt;(Commands.java:5)
	at io.michaelcane.Calculator.&lt;init&gt;(Calculator.java:6)
	at io.michaelcane.Commands.&lt;init&gt;(Commands.java:5)
	at io.michaelcane.Calculator.&lt;init&gt;(Calculator.java:6)
	at io.michaelcane.Commands.&lt;init&gt;(Commands.java:5)
	at io.michaelcane.Calculator.&lt;init&gt;(Calculator.java:6)
	at io.michaelcane.Commands.&lt;init&gt;(Commands.java:5)
	at io.michaelcane.Calculator.&lt;init&gt;(Calculator.java:6)
	at io.michaelcane.Commands.&lt;init&gt;(Commands.java:5)
	at io.michaelcane.Calculator.&lt;init&gt;(Calculator.java:6)
	at io.michaelcane.Commands.&lt;init&gt;(Commands.java:5)
	at io.michaelcane.Calculator.&lt;init&gt;(Calculator.java:6)
	at io.michaelcane.Commands.&lt;init&gt;(Commands.java:5)
	at io.michaelcane.Calculator.&lt;init&gt;(Calculator.java:6)
	at io.michaelcane.Commands.&lt;init&gt;(Commands.java:5)
	at io.michaelcane.Calculator.&lt;init&gt;(Calculator.java:6)
	at io.michaelcane.Commands.&lt;init&gt;(Commands.java:5)
	at io.michaelcane.Calculator.&lt;init&gt;(Calculator.java:6)
	at io.michaelcane.Commands.&lt;init&gt;(Commands.java:5)
	at io.michaelcane.Calculator.&lt;init&gt;(Calculator.java:6)
	at io.michaelcane.Commands.&lt;init&gt;(Commands.java:5)
	at io.michaelcane.Calculator.&lt;init&gt;(Calculator.java:6)
	at io.michaelcane.Commands.&lt;init&gt;(Commands.java:5)
	at io.michaelcane.Calculator.&lt;init&gt;(Calculator.java:6)
	at io.michaelcane.Commands.&lt;init&gt;(Commands.java:5)
	at io.michaelcane.Calculator.&lt;init&gt;(Calculator.java:6)
	at io.michaelcane.Commands.&lt;init&gt;(Commands.java:5)
	at io.michaelcane.Calculator.&lt;init&gt;(Calculator.java:6)
	at io.michaelcane.Commands.&lt;init&gt;(Commands.java:5)
	at io.michaelcane.Calculator.&lt;init&gt;(Calculator.java:6)
	at io.michaelcane.Commands.&lt;init&gt;(Commands.java:5)
	at io.michaelcane.Calculator.&lt;init&gt;(Calculator.java:6)
	at io.michaelcane.Commands.&lt;init&gt;(Commands.java:5)
	at io.michaelcane.Calculator.&lt;init&gt;(Calculator.java:6)
	at io.michaelcane.Commands.&lt;init&gt;(Commands.java:5)
	at io.michaelcane.Calculator.&lt;init&gt;(Calculator.java:6)
	at io.michaelcane.Commands.&lt;init&gt;(Commands.java:5)
	at io.michaelcane.Calculator.&lt;init&gt;(Calculator.java:6)
	at io.michaelcane.Commands.&lt;init&gt;(Commands.java:5)
	at io.michaelcane.Calculator.&lt;init&gt;(Calculator.java:6)
	at io.michaelcane.Commands.&lt;init&gt;(Commands.java:5)
	at io.michaelcane.Calculator.&lt;init&gt;(Calculator.java:6)
	at io.michaelcane.Commands.&lt;init&gt;(Commands.java:5)
	at io.michaelcane.Calculator.&lt;init&gt;(Calculator.java:6)
	at io.michaelcane.Commands.&lt;init&gt;(Commands.java:5)
	at io.michaelcane.Calculator.&lt;init&gt;(Calculator.java:6)
	at io.michaelcane.Commands.&lt;init&gt;(Commands.java:5)
	at io.michaelcane.Calculator.&lt;init&gt;(Calculator.java:6)
	at io.michaelcane.Commands.&lt;init&gt;(Commands.java:5)
	at io.michaelcane.Calculator.&lt;init&gt;(Calculator.java:6)
	at io.michaelcane.Commands.&lt;init&gt;(Commands.java:5)
	at io.michaelcane.Calculator.&lt;init&gt;(Calculator.java:6)
	at io.michaelcane.Commands.&lt;init&gt;(Commands.java:5)
	at io.michaelcane.Calculator.&lt;init&gt;(Calculator.java:6)
	at io.michaelcane.Commands.&lt;init&gt;(Commands.java:5)
	at io.michaelcane.Calculator.&lt;init&gt;(Calculator.java:6)
	at io.michaelcane.Commands.&lt;init&gt;(Commands.java:5)
	at io.michaelcane.Calculator.&lt;init&gt;(Calculator.java:6)
	at io.michaelcane.Commands.&lt;init&gt;(Commands.java:5)
	at io.michaelcane.Calculator.&lt;init&gt;(Calculator.java:6)
	at io.michaelcane.Commands.&lt;init&gt;(Commands.java:5)
	at io.michaelcane.Calculator.&lt;init&gt;(Calculator.java:6)
	at io.michaelcane.Commands.&lt;init&gt;(Commands.java:5)
	at io.michaelcane.Calculator.&lt;init&gt;(Calculator.java:6)
	at io.michaelcane.Commands.&lt;init&gt;(Commands.java:5)
	at io.michaelcane.Calculator.&lt;init&gt;(Calculator.java:6)
	at io.michaelcane.Commands.&lt;init&gt;(Commands.java:5)
	at io.michaelcane.Calculator.&lt;init&gt;(Calculator.java:6)
	at io.michaelcane.Commands.&lt;init&gt;(Commands.java:5)
	at io.michaelcane.Calculator.&lt;init&gt;(Calculator.java:6)
	at io.michaelcane.Commands.&lt;init&gt;(Commands.java:5)
	at io.michaelcane.Calculator.&lt;init&gt;(Calculator.java:6)
	at io.michaelcane.Commands.&lt;init&gt;(Commands.java:5)
	at io.michaelcane.Calculator.&lt;init&gt;(Calculator.java:6)
	at io.michaelcane.Commands.&lt;init&gt;(Commands.java:5)
	at io.michaelcane.Calculator.&lt;init&gt;(Calculator.java:6)
	at io.michaelcane.Commands.&lt;init&gt;(Commands.java:5)
	at io.michaelcane.Calculator.&lt;init&gt;(Calculator.java:6)
	at io.michaelcane.Commands.&lt;init&gt;(Commands.java:5)
	at io.michaelcane.Calculator.&lt;init&gt;(Calculator.java:6)
	at io.michaelcane.Commands.&lt;init&gt;(Commands.java:5)
	at io.michaelcane.Calculator.&lt;init&gt;(Calculator.java:6)
	at io.michaelcane.Commands.&lt;init&gt;(Commands.java:5)
	at io.michaelcane.Calculator.&lt;init&gt;(Calculator.java:6)
	at io.michaelcane.Commands.&lt;init&gt;(Commands.java:5)
	at io.michaelcane.Calculator.&lt;init&gt;(Calculator.java:6)
	at io.michaelcane.Commands.&lt;init&gt;(Commands.java:5)
	at io.michaelcane.Calculator.&lt;init&gt;(Calculator.java:6)
	at io.michaelcane.Commands.&lt;init&gt;(Commands.java:5)
	at io.michaelcane.Calculator.&lt;init&gt;(Calculator.java:6)
	at io.michaelcane.Commands.&lt;init&gt;(Commands.java:5)
	at io.michaelcane.Calculator.&lt;init&gt;(Calculator.java:6)
	at io.michaelcane.Commands.&lt;init&gt;(Commands.java:5)
	at io.michaelcane.Calculator.&lt;init&gt;(Calculator.java:6)
	at io.michaelcane.Commands.&lt;init&gt;(Commands.java:5)
	at io.michaelcane.Calculator.&lt;init&gt;(Calculator.java:6)
	at io.michaelcane.Commands.&lt;init&gt;(Commands.java:5)
	at io.michaelcane.Calculator.&lt;init&gt;(Calculator.java:6)
	at io.michaelcane.Commands.&lt;init&gt;(Commands.java:5)
	at io.michaelcane.Calculator.&lt;init&gt;(Calculator.java:6)
	at io.michaelcane.Commands.&lt;init&gt;(Commands.java:5)
	at io.michaelcane.Calculator.&lt;init&gt;(Calculator.java:6)
	at io.michaelcane.Commands.&lt;init&gt;(Commands.java:5)
	at io.michaelcane.Calculator.&lt;init&gt;(Calculator.java:6)
	at io.michaelcane.Commands.&lt;init&gt;(Commands.java:5)
	at io.michaelcane.Calculator.&lt;init&gt;(Calculator.java:6)
	at io.michaelcane.Commands.&lt;init&gt;(Commands.java:5)
	at io.michaelcane.Calculator.&lt;init&gt;(Calculator.java:6)
	at io.michaelcane.Commands.&lt;init&gt;(Commands.java:5)
	at io.michaelcane.Calculator.&lt;init&gt;(Calculator.java:6)
	at io.michaelcane.Commands.&lt;init&gt;(Commands.java:5)
	at io.michaelcane.Calculator.&lt;init&gt;(Calculator.java:6)
	at io.michaelcane.Commands.&lt;init&gt;(Commands.java:5)
	at io.michaelcane.Calculator.&lt;init&gt;(Calculator.java:6)
	at io.michaelcane.Commands.&lt;init&gt;(Commands.java:5)
	at io.michaelcane.Calculator.&lt;init&gt;(Calculator.java:6)
	at io.michaelcane.Commands.&lt;init&gt;(Commands.java:5)
	at io.michaelcane.Calculator.&lt;init&gt;(Calculator.java:6)
	at io.michaelcane.Commands.&lt;init&gt;(Commands.java:5)
	at io.michaelcane.Calculator.&lt;init&gt;(Calculator.java:6)
	at io.michaelcane.Commands.&lt;init&gt;(Commands.java:5)
	at io.michaelcane.Calculator.&lt;init&gt;(Calculator.java:6)
	at io.michaelcane.Commands.&lt;init&gt;(Commands.java:5)
	at io.michaelcane.Calculator.&lt;init&gt;(Calculator.java:6)
	at io.michaelcane.Commands.&lt;init&gt;(Commands.java:5)
	at io.michaelcane.Calculator.&lt;init&gt;(Calculator.java:6)
	at io.michaelcane.Commands.&lt;init&gt;(Commands.java:5)
	at io.michaelcane.Calculator.&lt;init&gt;(Calculator.java:6)
	at io.michaelcane.Commands.&lt;init&gt;(Commands.java:5)
	at io.michaelcane.Calculator.&lt;init&gt;(Calculator.java:6)
	at io.michaelcane.Commands.&lt;init&gt;(Commands.java:5)
	at io.michaelcane.Calculator.&lt;init&gt;(Calculator.java:6)
	at io.michaelcane.Commands.&lt;init&gt;(Commands.java:5)
	at io.michaelcane.Calculator.&lt;init&gt;(Calculator.java:6)
	at io.michaelcane.Commands.&lt;init&gt;(Commands.java:5)
	at io.michaelcane.Calculator.&lt;init&gt;(Calculator.java:6)
	at io.michaelcane.Commands.&lt;init&gt;(Commands.java:5)
	at io.michaelcane.Calculator.&lt;init&gt;(Calculator.java:6)
	at io.michaelcane.Commands.&lt;init&gt;(Commands.java:5)
	at io.michaelcane.Calculator.&lt;init&gt;(Calculator.java:6)
	at io.michaelcane.Commands.&lt;init&gt;(Commands.java:5)
	at io.michaelcane.Calculator.&lt;init&gt;(Calculator.java:6)
	at io.michaelcane.Commands.&lt;init&gt;(Commands.java:5)
	at io.michaelcane.Calculator.&lt;init&gt;(Calculator.java:6)
	at io.michaelcane.Commands.&lt;init&gt;(Commands.java:5)
	at io.michaelcane.Calculator.&lt;init&gt;(Calculator.java:6)
	at io.michaelcane.Commands.&lt;init&gt;(Commands.java:5)
	at io.michaelcane.Calculator.&lt;init&gt;(Calculator.java:6)
	at io.michaelcane.Commands.&lt;init&gt;(Commands.java:5)
	at io.michaelcane.Calculator.&lt;init&gt;(Calculator.java:6)
	at io.michaelcane.Commands.&lt;init&gt;(Commands.java:5)
	at io.michaelcane.Calculator.&lt;init&gt;(Calculator.java:6)
	at io.michaelcane.Commands.&lt;init&gt;(Commands.java:5)
	at io.michaelcane.Calculator.&lt;init&gt;(Calculator.java:6)
	at io.michaelcane.Commands.&lt;init&gt;(Commands.java:5)
	at io.michaelcane.Calculator.&lt;init&gt;(Calculator.java:6)
	at io.michaelcane.Commands.&lt;init&gt;(Commands.java:5)
	at io.michaelcane.Calculator.&lt;init&gt;(Calculator.java:6)
	at io.michaelcane.Commands.&lt;init&gt;(Commands.java:5)
	at io.michaelcane.Calculator.&lt;init&gt;(Calculator.java:6)
	at io.michaelcane.Commands.&lt;init&gt;(Commands.java:5)
	at io.michaelcane.Calculator.&lt;init&gt;(Calculator.java:6)
	at io.michaelcane.Commands.&lt;init&gt;(Commands.java:5)
	at io.michaelcane.Calculator.&lt;init&gt;(Calculator.java:6)
	at io.michaelcane.Commands.&lt;init&gt;(Commands.java:5)
	at io.michaelcane.Calculator.&lt;init&gt;(Calculator.java:6)
	at io.michaelcane.Commands.&lt;init&gt;(Commands.java:5)
	at io.michaelcane.Calculator.&lt;init&gt;(Calculator.java:6)
	at io.michaelcane.Commands.&lt;init&gt;(Commands.java:5)
	at io.michaelcane.Calculator.&lt;init&gt;(Calculator.java:6)
	at io.michaelcane.Commands.&lt;init&gt;(Commands.java:5)
	at io.michaelcane.Calculator.&lt;init&gt;(Calculator.java:6)
	at io.michaelcane.Commands.&lt;init&gt;(Commands.java:5)
	at io.michaelcane.Calculator.&lt;init&gt;(Calculator.java:6)
	at io.michaelcane.Commands.&lt;init&gt;(Commands.java:5)
	at io.michaelcane.Calculator.&lt;init&gt;(Calculator.java:6)
	at io.michaelcane.Commands.&lt;init&gt;(Commands.java:5)
	at io.michaelcane.Calculator.&lt;init&gt;(Calculator.java:6)
	at io.michaelcane.Commands.&lt;init&gt;(Commands.java:5)
	at io.michaelcane.Calculator.&lt;init&gt;(Calculator.java:6)
	at io.michaelcane.Commands.&lt;init&gt;(Commands.java:5)
	at io.michaelcane.Calculator.&lt;init&gt;(Calculator.java:6)
	at io.michaelcane.Commands.&lt;init&gt;(Commands.java:5)
	at io.michaelcane.Calculator.&lt;init&gt;(Calculator.java:6)
	at io.michaelcane.Commands.&lt;init&gt;(Commands.java:5)
	at io.michaelcane.Calculator.&lt;init&gt;(Calculator.java:6)
	at io.michaelcane.Commands.&lt;init&gt;(Commands.java:5)
	at io.michaelcane.Calculator.&lt;init&gt;(Calculator.java:6)
	at io.michaelcane.Commands.&lt;init&gt;(Commands.java:5)
	at io.michaelcane.Calculator.&lt;init&gt;(Calculator.java:6)
	at io.michaelcane.Commands.&lt;init&gt;(Commands.java:5)
	at io.michaelcane.Calculator.&lt;init&gt;(Calculator.java:6)
	at io.michaelcane.Commands.&lt;init&gt;(Commands.java:5)
	at io.michaelcane.Calculator.&lt;init&gt;(Calculator.java:6)
	at io.michaelcane.Commands.&lt;init&gt;(Commands.java:5)
	at io.michaelcane.Calculator.&lt;init&gt;(Calculator.java:6)
	at io.michaelcane.Commands.&lt;init&gt;(Commands.java:5)
	at io.michaelcane.Calculator.&lt;init&gt;(Calculator.java:6)
	at io.michaelcane.Commands.&lt;init&gt;(Commands.java:5)
	at io.michaelcane.Calculator.&lt;init&gt;(Calculator.java:6)
	at io.michaelcane.Commands.&lt;init&gt;(Commands.java:5)
	at io.michaelcane.Calculator.&lt;init&gt;(Calculator.java:6)
	at io.michaelcane.Commands.&lt;init&gt;(Commands.java:5)
	at io.michaelcane.Calculator.&lt;init&gt;(Calculator.java:6)
	at io.michaelcane.Commands.&lt;init&gt;(Commands.java:5)
	at io.michaelcane.Calculator.&lt;init&gt;(Calculator.java:6)
	at io.michaelcane.Commands.&lt;init&gt;(Commands.java:5)
	at io.michaelcane.Calculator.&lt;init&gt;(Calculator.java:6)
	at io.michaelcane.Commands.&lt;init&gt;(Commands.java:5)
	at io.michaelcane.Calculator.&lt;init&gt;(Calculator.java:6)
	at io.michaelcane.Commands.&lt;init&gt;(Commands.java:5)
	at io.michaelcane.Calculator.&lt;init&gt;(Calculator.java:6)
	at io.michaelcane.Commands.&lt;init&gt;(Commands.java:5)
	at io.michaelcane.Calculator.&lt;init&gt;(Calculator.java:6)
	at io.michaelcane.Commands.&lt;init&gt;(Commands.java:5)
	at io.michaelcane.Calculator.&lt;init&gt;(Calculator.java:6)
	at io.michaelcane.Commands.&lt;init&gt;(Commands.java:5)
	at io.michaelcane.Calculator.&lt;init&gt;(Calculator.java:6)
	at io.michaelcane.Commands.&lt;init&gt;(Commands.java:5)
	at io.michaelcane.Calculator.&lt;init&gt;(Calculator.java:6)
	at io.michaelcane.Commands.&lt;init&gt;(Commands.java:5)
	at io.michaelcane.Calculator.&lt;init&gt;(Calculator.java:6)
	at io.michaelcane.Commands.&lt;init&gt;(Commands.java:5)
	at io.michaelcane.Calculator.&lt;init&gt;(Calculator.java:6)
	at io.michaelcane.Commands.&lt;init&gt;(Commands.java:5)
	at io.michaelcane.Calculator.&lt;init&gt;(Calculator.java:6)
	at io.michaelcane.Commands.&lt;init&gt;(Commands.java:5)
	at io.michaelcane.Calculator.&lt;init&gt;(Calculator.java:6)
	at io.michaelcane.Commands.&lt;init&gt;(Commands.java:5)
	at io.michaelcane.Calculator.&lt;init&gt;(Calculator.java:6)
	at io.michaelcane.Commands.&lt;init&gt;(Commands.java:5)
	at io.michaelcane.Calculator.&lt;init&gt;(Calculator.java:6)
	at io.michaelcane.Commands.&lt;init&gt;(Commands.java:5)
	at io.michaelcane.Calculator.&lt;init&gt;(Calculator.java:6)
	at io.michaelcane.Commands.&lt;init&gt;(Commands.java:5)
	at io.michaelcane.Calculator.&lt;init&gt;(Calculator.java:6)
	at io.michaelcane.Commands.&lt;init&gt;(Commands.java:5)
	at io.michaelcane.Calculator.&lt;init&gt;(Calculator.java:6)
	at io.michaelcane.Commands.&lt;init&gt;(Commands.java:5)
	at io.michaelcane.Calculator.&lt;init&gt;(Calculator.java:6)
	at io.michaelcane.Commands.&lt;init&gt;(Commands.java:5)
	at io.michaelcane.Calculator.&lt;init&gt;(Calculator.java:6)
	at io.michaelcane.Commands.&lt;init&gt;(Commands.java:5)
	at io.michaelcane.Calculator.&lt;init&gt;(Calculator.java:6)
	at io.michaelcane.Commands.&lt;init&gt;(Commands.java:5)
	at io.michaelcane.Calculator.&lt;init&gt;(Calculator.java:6)
	at io.michaelcane.Commands.&lt;init&gt;(Commands.java:5)
	at io.michaelcane.Calculator.&lt;init&gt;(Calculator.java:6)
	at io.michaelcane.Commands.&lt;init&gt;(Commands.java:5)
	at io.michaelcane.Calculator.&lt;init&gt;(Calculator.java:6)
	at io.michaelcane.Commands.&lt;init&gt;(Commands.java:5)
	at io.michaelcane.Calculator.&lt;init&gt;(Calculator.java:6)
	at io.michaelcane.Commands.&lt;init&gt;(Commands.java:5)
	at io.michaelcane.Calculator.&lt;init&gt;(Calculator.java:6)
	at io.michaelcane.Commands.&lt;init&gt;(Commands.java:5)
	at io.michaelcane.Calculator.&lt;init&gt;(Calculator.java:6)
	at io.michaelcane.Commands.&lt;init&gt;(Commands.java:5)
	at io.michaelcane.Calculator.&lt;init&gt;(Calculator.java:6)
	at io.michaelcane.Commands.&lt;init&gt;(Commands.java:5)
	at io.michaelcane.Calculator.&lt;init&gt;(Calculator.java:6)
	at io.michaelcane.Commands.&lt;init&gt;(Commands.java:5)
	at io.michaelcane.Calculator.&lt;init&gt;(Calculator.java:6)
	at io.michaelcane.Commands.&lt;init&gt;(Commands.java:5)
	at io.michaelcane.Calculator.&lt;init&gt;(Calculator.java:6)
	at io.michaelcane.Commands.&lt;init&gt;(Commands.java:5)
	at io.michaelcane.Calculator.&lt;init&gt;(Calculator.java:6)
	at io.michaelcane.Commands.&lt;init&gt;(Commands.java:5)
	at io.michaelcane.Calculator.&lt;init&gt;(Calculator.java:6)
	at io.michaelcane.Commands.&lt;init&gt;(Commands.java:5)
	at io.michaelcane.Calculator.&lt;init&gt;(Calculator.java:6)
	at io.michaelcane.Commands.&lt;init&gt;(Commands.java:5)
	at io.michaelcane.Calculator.&lt;init&gt;(Calculator.java:6)
	at io.michaelcane.Commands.&lt;init&gt;(Commands.java:5)
	at io.michaelcane.Calculator.&lt;init&gt;(Calculator.java:6)
	at io.michaelcane.Commands.&lt;init&gt;(Commands.java:5)
	at io.michaelcane.Calculator.&lt;init&gt;(Calculator.java:6)
	at io.michaelcane.Commands.&lt;init&gt;(Commands.java:5)
	at io.michaelcane.Calculator.&lt;init&gt;(Calculator.java:6)
	at io.michaelcane.Commands.&lt;init&gt;(Commands.java:5)
	at io.michaelcane.Calculator.&lt;init&gt;(Calculator.java:6)
	at io.michaelcane.Commands.&lt;init&gt;(Commands.java:5)
	at io.michaelcane.Calculator.&lt;init&gt;(Calculator.java:6)
	at io.michaelcane.Commands.&lt;init&gt;(Commands.java:5)
	at io.michaelcane.Calculator.&lt;init&gt;(Calculator.java:6)
	at io.michaelcane.Commands.&lt;init&gt;(Commands.java:5)
	at io.michaelcane.Calculator.&lt;init&gt;(Calculator.java:6)
	at io.michaelcane.Commands.&lt;init&gt;(Commands.java:5)
	at io.michaelcane.Calculator.&lt;init&gt;(Calculator.java:6)
	at io.michaelcane.Commands.&lt;init&gt;(Commands.java:5)
	at io.michaelcane.Calculator.&lt;init&gt;(Calculator.java:6)
	at io.michaelcane.Commands.&lt;init&gt;(Commands.java:5)
	at io.michaelcane.Calculator.&lt;init&gt;(Calculator.java:6)
	at io.michaelcane.Commands.&lt;init&gt;(Commands.java:5)
	at io.michaelcane.Calculator.&lt;init&gt;(Calculator.java:6)
	at io.michaelcane.Commands.&lt;init&gt;(Commands.java:5)
	at io.michaelcane.Calculator.&lt;init&gt;(Calculator.java:6)
	at io.michaelcane.Commands.&lt;init&gt;(Commands.java:5)
	at io.michaelcane.Calculator.&lt;init&gt;(Calculator.java:6)
	at io.michaelcane.Commands.&lt;init&gt;(Commands.java:5)
	at io.michaelcane.Calculator.&lt;init&gt;(Calculator.java:6)
	at io.michaelcane.Commands.&lt;init&gt;(Commands.java:5)
	at io.michaelcane.Calculator.&lt;init&gt;(Calculator.java:6)
	at io.michaelcane.Commands.&lt;init&gt;(Commands.java:5)
	at io.michaelcane.Calculator.&lt;init&gt;(Calculator.java:6)
	at io.michaelcane.Commands.&lt;init&gt;(Commands.java:5)
	at io.michaelcane.Calculator.&lt;init&gt;(Calculator.java:6)
	at io.michaelcane.Commands.&lt;init&gt;(Commands.java:5)
	at io.michaelcane.Calculator.&lt;init&gt;(Calculator.java:6)
	at io.michaelcane.Commands.&lt;init&gt;(Commands.java:5)
	at io.michaelcane.Calculator.&lt;init&gt;(Calculator.java:6)
	at io.michaelcane.Commands.&lt;init&gt;(Commands.java:5)
	at io.michaelcane.Calculator.&lt;init&gt;(Calculator.java:6)
	at io.michaelcane.Commands.&lt;init&gt;(Commands.java:5)
	at io.michaelcane.Calculator.&lt;init&gt;(Calculator.java:6)
	at io.michaelcane.Commands.&lt;init&gt;(Commands.java:5)
	at io.michaelcane.Calculator.&lt;init&gt;(Calculator.java:6)
	at io.michaelcane.Commands.&lt;init&gt;(Commands.java:5)
	at io.michaelcane.Calculator.&lt;init&gt;(Calculator.java:6)
	at io.michaelcane.Commands.&lt;init&gt;(Commands.java:5)
	at io.michaelcane.Calculator.&lt;init&gt;(Calculator.java:6)
	at io.michaelcane.Commands.&lt;init&gt;(Commands.java:5)
	at io.michaelcane.Calculator.&lt;init&gt;(Calculator.java:6)
	at io.michaelcane.Commands.&lt;init&gt;(Commands.java:5)
	at io.michaelcane.Calculator.&lt;init&gt;(Calculator.java:6)
	at io.michaelcane.Commands.&lt;init&gt;(Commands.java:5)
	at io.michaelcane.Calculator.&lt;init&gt;(Calculator.java:6)
	at io.michaelcane.Commands.&lt;init&gt;(Commands.java:5)
	at io.michaelcane.Calculator.&lt;init&gt;(Calculator.java:6)
	at io.michaelcane.Commands.&lt;init&gt;(Commands.java:5)
	at io.michaelcane.Calculator.&lt;init&gt;(Calculator.java:6)
	at io.michaelcane.Commands.&lt;init&gt;(Commands.java:5)
	at io.michaelcane.Calculator.&lt;init&gt;(Calculator.java:6)
	at io.michaelcane.Commands.&lt;init&gt;(Commands.java:5)
	at io.michaelcane.Calculator.&lt;init&gt;(Calculator.java:6)
	at io.michaelcane.Commands.&lt;init&gt;(Commands.java:5)
	at io.michaelcane.Calculator.&lt;init&gt;(Calculator.java:6)
	at io.michaelcane.Commands.&lt;init&gt;(Commands.java:5)
	at io.michaelcane.Calculator.&lt;init&gt;(Calculator.java:6)
	at io.michaelcane.Commands.&lt;init&gt;(Commands.java:5)
	at io.michaelcane.Calculator.&lt;init&gt;(Calculator.java:6)
	at io.michaelcane.Commands.&lt;init&gt;(Commands.java:5)
	at io.michaelcane.Calculator.&lt;init&gt;(Calculator.java:6)
	at io.michaelcane.Commands.&lt;init&gt;(Commands.java:5)
	at io.michaelcane.Calculator.&lt;init&gt;(Calculator.java:6)
	at io.michaelcane.Commands.&lt;init&gt;(Commands.java:5)
	at io.michaelcane.Calculator.&lt;init&gt;(Calculator.java:6)
	at io.michaelcane.Commands.&lt;init&gt;(Commands.java:5)
	at io.michaelcane.Calculator.&lt;init&gt;(Calculator.java:6)
	at io.michaelcane.Commands.&lt;init&gt;(Commands.java:5)
	at io.michaelcane.Calculator.&lt;init&gt;(Calculator.java:6)
	at io.michaelcane.Commands.&lt;init&gt;(Commands.java:5)
	at io.michaelcane.Calculator.&lt;init&gt;(Calculator.java:6)
	at io.michaelcane.Commands.&lt;init&gt;(Commands.java:5)
	at io.michaelcane.Calculator.&lt;init&gt;(Calculator.java:6)
	at io.michaelcane.Commands.&lt;init&gt;(Commands.java:5)
	at io.michaelcane.Calculator.&lt;init&gt;(Calculator.java:6)
	at io.michaelcane.Commands.&lt;init&gt;(Commands.java:5)
	at io.michaelcane.Calculator.&lt;init&gt;(Calculator.java:6)
	at io.michaelcane.Commands.&lt;init&gt;(Commands.java:5)
	at io.michaelcane.Calculator.&lt;init&gt;(Calculator.java:6)
	at io.michaelcane.Commands.&lt;init&gt;(Commands.java:5)
	at io.michaelcane.Calculator.&lt;init&gt;(Calculator.java:6)
	at io.michaelcane.Commands.&lt;init&gt;(Commands.java:5)
	at io.michaelcane.Calculator.&lt;init&gt;(Calculator.java:6)
	at io.michaelcane.Commands.&lt;init&gt;(Commands.java:5)
	at io.michaelcane.Calculator.&lt;init&gt;(Calculator.java:6)
	at io.michaelcane.Commands.&lt;init&gt;(Commands.java:5)
	at io.michaelcane.Calculator.&lt;init&gt;(Calculator.java:6)
	at io.michaelcane.Commands.&lt;init&gt;(Commands.java:5)
	at io.michaelcane.Calculator.&lt;init&gt;(Calculator.java:6)
	at io.michaelcane.Commands.&lt;init&gt;(Commands.java:5)
	at io.michaelcane.Calculator.&lt;init&gt;(Calculator.java:6)
	at io.michaelcane.Commands.&lt;init&gt;(Commands.java:5)
	at io.michaelcane.Calculator.&lt;init&gt;(Calculator.java:6)
	at io.michaelcane.Commands.&lt;init&gt;(Commands.java:5)
	at io.michaelcane.Calculator.&lt;init&gt;(Calculator.java:6)
	at io.michaelcane.Commands.&lt;init&gt;(Commands.java:5)
	at io.michaelcane.Calculator.&lt;init&gt;(Calculator.java:6)
	at io.michaelcane.Commands.&lt;init&gt;(Commands.java:5)
	at io.michaelcane.Calculator.&lt;init&gt;(Calculator.java:6)
	at io.michaelcane.Commands.&lt;init&gt;(Commands.java:5)
	at io.michaelcane.Calculator.&lt;init&gt;(Calculator.java:6)
	at io.michaelcane.Commands.&lt;init&gt;(Commands.java:5)
	at io.michaelcane.Calculator.&lt;init&gt;(Calculator.java:6)
	at io.michaelcane.Commands.&lt;init&gt;(Commands.java:5)
	at io.michaelcane.Calculator.&lt;init&gt;(Calculator.java:6)
	at io.michaelcane.Commands.&lt;init&gt;(Commands.java:5)
	at io.michaelcane.Calculator.&lt;init&gt;(Calculator.java:6)
	at io.michaelcane.Commands.&lt;init&gt;(Commands.java:5)
	at io.michaelcane.Calculator.&lt;init&gt;(Calculator.java:6)
	at io.michaelcane.Commands.&lt;init&gt;(Commands.java:5)
	at io.michaelcane.Calculator.&lt;init&gt;(Calculator.java:6)
	at io.michaelcane.Commands.&lt;init&gt;(Commands.java:5)
	at io.michaelcane.Calculator.&lt;init&gt;(Calculator.java:6)
	at io.michaelcane.Commands.&lt;init&gt;(Commands.java:5)
	at io.michaelcane.Calculator.&lt;init&gt;(Calculator.java:6)
	at io.michaelcane.Commands.&lt;init&gt;(Commands.java:5)
	at io.michaelcane.Calculator.&lt;init&gt;(Calculator.java:6)
	at io.michaelcane.Commands.&lt;init&gt;(Commands.java:5)
	at io.michaelcane.Calculator.&lt;init&gt;(Calculator.java:6)
	at io.michaelcane.Commands.&lt;init&gt;(Commands.java:5)
	at io.michaelcane.Calculator.&lt;init&gt;(Calculator.java:6)
	at io.michaelcane.Commands.&lt;init&gt;(Commands.java:5)
	at io.michaelcane.Calculator.&lt;init&gt;(Calculator.java:6)
	at io.michaelcane.Commands.&lt;init&gt;(Commands.java:5)
	at io.michaelcane.Calculator.&lt;init&gt;(Calculator.java:6)
	at io.michaelcane.Commands.&lt;init&gt;(Commands.java:5)
	at io.michaelcane.Calculator.&lt;init&gt;(Calculator.java:6)
	at io.michaelcane.Commands.&lt;init&gt;(Commands.java:5)
	at io.michaelcane.Calculator.&lt;init&gt;(Calculator.java:6)
	at io.michaelcane.Commands.&lt;init&gt;(Commands.java:5)
	at io.michaelcane.Calculator.&lt;init&gt;(Calculator.java:6)
	at io.michaelcane.Commands.&lt;init&gt;(Commands.java:5)
	at io.michaelcane.Calculator.&lt;init&gt;(Calculator.java:6)
	at io.michaelcane.Commands.&lt;init&gt;(Commands.java:5)
	at io.michaelcane.Calculator.&lt;init&gt;(Calculator.java:6)
	at io.michaelcane.Commands.&lt;init&gt;(Commands.java:5)
	at io.michaelcane.Calculator.&lt;init&gt;(Calculator.java:6)
	at io.michaelcane.Commands.&lt;init&gt;(Commands.java:5)
	at io.michaelcane.Calculator.&lt;init&gt;(Calculator.java:6)
	at io.michaelcane.Commands.&lt;init&gt;(Commands.java:5)
	at io.michaelcane.Calculator.&lt;init&gt;(Calculator.java:6)
	at io.michaelcane.Commands.&lt;init&gt;(Commands.java:5)
	at io.michaelcane.Calculator.&lt;init&gt;(Calculator.java:6)
	at io.michaelcane.Commands.&lt;init&gt;(Commands.java:5)
	at io.michaelcane.Calculator.&lt;init&gt;(Calculator.java:6)
	at io.michaelcane.Commands.&lt;init&gt;(Commands.java:5)
	at io.michaelcane.Calculator.&lt;init&gt;(Calculator.java:6)
	at io.michaelcane.Commands.&lt;init&gt;(Commands.java:5)
	at io.michaelcane.Calculator.&lt;init&gt;(Calculator.java:6)
	at io.michaelcane.Commands.&lt;init&gt;(Commands.java:5)
	at io.michaelcane.Calculator.&lt;init&gt;(Calculator.java:6)
	at io.michaelcane.Commands.&lt;init&gt;(Commands.java:5)
	at io.michaelcane.Calculator.&lt;init&gt;(Calculator.java:6)
	at io.michaelcane.Commands.&lt;init&gt;(Commands.java:5)
	at io.michaelcane.Calculator.&lt;init&gt;(Calculator.java:6)
	at io.michaelcane.Commands.&lt;init&gt;(Commands.java:5)
	at io.michaelcane.Calculator.&lt;init&gt;(Calculator.java:6)
	at io.michaelcane.Commands.&lt;init&gt;(Commands.java:5)
	at io.michaelcane.Calculator.&lt;init&gt;(Calculator.java:6)
	at io.michaelcane.Commands.&lt;init&gt;(Commands.java:5)
	at io.michaelcane.Calculator.&lt;init&gt;(Calculator.java:6)
	at io.michaelcane.Commands.&lt;init&gt;(Commands.java:5)
	at io.michaelcane.Calculator.&lt;init&gt;(Calculator.java:6)
	at io.michaelcane.Commands.&lt;init&gt;(Commands.java:5)
	at io.michaelcane.Calculator.&lt;init&gt;(Calculator.java:6)
	at io.michaelcane.Commands.&lt;init&gt;(Commands.java:5)
	at io.michaelcane.Calculator.&lt;init&gt;(Calculator.java:6)
	at io.michaelcane.Commands.&lt;init&gt;(Commands.java:5)
	at io.michaelcane.Calculator.&lt;init&gt;(Calculator.java:6)
	at io.michaelcane.Commands.&lt;init&gt;(Commands.java:5)
	at io.michaelcane.Calculator.&lt;init&gt;(Calculator.java:6)
	at io.michaelcane.Commands.&lt;init&gt;(Commands.java:5)
	at io.michaelcane.Calculator.&lt;init&gt;(Calculator.java:6)
	at io.michaelcane.Commands.&lt;init&gt;(Commands.java:5)
	at io.michaelcane.Calculator.&lt;init&gt;(Calculator.java:6)
	at io.michaelcane.Commands.&lt;init&gt;(Commands.java:5)
	at io.michaelcane.Calculator.&lt;init&gt;(Calculator.java:6)
	at io.michaelcane.Commands.&lt;init&gt;(Commands.java:5)
	at io.michaelcane.Calculator.&lt;init&gt;(Calculator.java:6)
	at io.michaelcane.Commands.&lt;init&gt;(Commands.java:5)
	at io.michaelcane.Calculator.&lt;init&gt;(Calculator.java:6)
	at io.michaelcane.Commands.&lt;init&gt;(Commands.java:5)
	at io.michaelcane.Calculator.&lt;init&gt;(Calculator.java:6)
	at io.michaelcane.Commands.&lt;init&gt;(Commands.java:5)
	at io.michaelcane.Calculator.&lt;init&gt;(Calculator.java:6)
	at io.michaelcane.Commands.&lt;init&gt;(Commands.java:5)
	at io.michaelcane.Calculator.&lt;init&gt;(Calculator.java:6)
	at io.michaelcane.Commands.&lt;init&gt;(Commands.java:5)
	at io.michaelcane.Calculator.&lt;init&gt;(Calculator.java:6)
	at io.michaelcane.Commands.&lt;init&gt;(Commands.java:5)
	at io.michaelcane.Calculator.&lt;init&gt;(Calculator.java:6)
	at io.michaelcane.Commands.&lt;init&gt;(Commands.java:5)
	at io.michaelcane.Calculator.&lt;init&gt;(Calculator.java:6)
	at io.michaelcane.Commands.&lt;init&gt;(Commands.java:5)
	at io.michaelcane.Calculator.&lt;init&gt;(Calculator.java:6)
	at io.michaelcane.Commands.&lt;init&gt;(Commands.java:5)
	at io.michaelcane.Calculator.&lt;init&gt;(Calculator.java:6)
	at io.michaelcane.Commands.&lt;init&gt;(Commands.java:5)
	at io.michaelcane.Calculator.&lt;init&gt;(Calculator.java:6)
	at io.michaelcane.Commands.&lt;init&gt;(Commands.java:5)
	at io.michaelcane.Calculator.&lt;init&gt;(Calculator.java:6)
	at io.michaelcane.Commands.&lt;init&gt;(Commands.java:5)
	at io.michaelcane.Calculator.&lt;init&gt;(Calculator.java:6)
	at io.michaelcane.Commands.&lt;init&gt;(Commands.java:5)
	at io.michaelcane.Calculator.&lt;init&gt;(Calculator.java:6)
	at io.michaelcane.Commands.&lt;init&gt;(Commands.java:5)
	at io.michaelcane.Calculator.&lt;init&gt;(Calculator.java:6)
	at io.michaelcane.Commands.&lt;init&gt;(Commands.java:5)
	at io.michaelcane.Calculator.&lt;init&gt;(Calculator.java:6)
	at io.michaelcane.Commands.&lt;init&gt;(Commands.java:5)
	at io.michaelcane.Calculator.&lt;init&gt;(Calculator.java:6)
	at io.michaelcane.Commands.&lt;init&gt;(Commands.java:5)
	at io.michaelcane.Calculator.&lt;init&gt;(Calculator.java:6)
	at io.michaelcane.Commands.&lt;init&gt;(Commands.java:5)
	at io.michaelcane.Calculator.&lt;init&gt;(Calculator.java:6)
	at io.michaelcane.Commands.&lt;init&gt;(Commands.java:5)
	at io.michaelcane.Calculator.&lt;init&gt;(Calculator.java:6)
	at io.michaelcane.Commands.&lt;init&gt;(Commands.java:5)
	at io.michaelcane.Calculator.&lt;init&gt;(Calculator.java:6)
	at io.michaelcane.Commands.&lt;init&gt;(Commands.java:5)
	at io.michaelcane.Calculator.&lt;init&gt;(Calculator.java:6)
	at io.michaelcane.Commands.&lt;init&gt;(Commands.java:5)
	at io.michaelcane.Calculator.&lt;init&gt;(Calculator.java:6)
	at io.michaelcane.Commands.&lt;init&gt;(Commands.java:5)
	at io.michaelcane.Calculator.&lt;init&gt;(Calculator.java:6)
	at io.michaelcane.Commands.&lt;init&gt;(Commands.java:5)
	at io.michaelcane.Calculator.&lt;init&gt;(Calculator.java:6)
	at io.michaelcane.Commands.&lt;init&gt;(Commands.java:5)
	at io.michaelcane.Calculator.&lt;init&gt;(Calculator.java:6)
	at io.michaelcane.Commands.&lt;init&gt;(Commands.java:5)
	at io.michaelcane.Calculator.&lt;init&gt;(Calculator.java:6)
	at io.michaelcane.Commands.&lt;init&gt;(Commands.java:5)
	at io.michaelcane.Calculator.&lt;init&gt;(Calculator.java:6)
	at io.michaelcane.Commands.&lt;init&gt;(Commands.java:5)
	at io.michaelcane.Calculator.&lt;init&gt;(Calculator.java:6)
	at io.michaelcane.Commands.&lt;init&gt;(Commands.java:5)
	at io.michaelcane.Calculator.&lt;init&gt;(Calculator.java:6)
	at io.michaelcane.Commands.&lt;init&gt;(Commands.java:5)
	at io.michaelcane.Calculator.&lt;init&gt;(Calculator.java:6)
	at io.michaelcane.Commands.&lt;init&gt;(Commands.java:5)
	at io.michaelcane.Calculator.&lt;init&gt;(Calculator.java:6)
	at io.michaelcane.Commands.&lt;init&gt;(Commands.java:5)
	at io.michaelcane.Calculator.&lt;init&gt;(Calculator.java:6)
	at io.michaelcane.Commands.&lt;init&gt;(Commands.java:5)
	at io.michaelcane.Calculator.&lt;init&gt;(Calculator.java:6)
	at io.michaelcane.Commands.&lt;init&gt;(Commands.java:5)
	at io.michaelcane.Calculator.&lt;init&gt;(Calculator.java:6)
	at io.michaelcane.Commands.&lt;init&gt;(Commands.java:5)
	at io.michaelcane.Calculator.&lt;init&gt;(Calculator.java:6)
	at io.michaelcane.Commands.&lt;init&gt;(Commands.java:5)
	at io.michaelcane.Calculator.&lt;init&gt;(Calculator.java:6)
	at io.michaelcane.Commands.&lt;init&gt;(Commands.java:5)
</error>
  </testcase>
  <testcase classname="io.michaelcane.CalculatorSpec" name="test$invertPositiveAndNegative" time="0.01">
    <error type="java.lang.StackOverflowError">java.lang.StackOverflowError
	at io.michaelcane.Calculator.&lt;init&gt;(Calculator.java:6)
	at io.michaelcane.Commands.&lt;init&gt;(Commands.java:5)
	at io.michaelcane.Calculator.&lt;init&gt;(Calculator.java:6)
	at io.michaelcane.Commands.&lt;init&gt;(Commands.java:5)
	at io.michaelcane.Calculator.&lt;init&gt;(Calculator.java:6)
	at io.michaelcane.Commands.&lt;init&gt;(Commands.java:5)
	at io.michaelcane.Calculator.&lt;init&gt;(Calculator.java:6)
	at io.michaelcane.Commands.&lt;init&gt;(Commands.java:5)
	at io.michaelcane.Calculator.&lt;init&gt;(Calculator.java:6)
	at io.michaelcane.Commands.&lt;init&gt;(Commands.java:5)
	at io.michaelcane.Calculator.&lt;init&gt;(Calculator.java:6)
	at io.michaelcane.Commands.&lt;init&gt;(Commands.java:5)
	at io.michaelcane.Calculator.&lt;init&gt;(Calculator.java:6)
	at io.michaelcane.Commands.&lt;init&gt;(Commands.java:5)
	at io.michaelcane.Calculator.&lt;init&gt;(Calculator.java:6)
	at io.michaelcane.Commands.&lt;init&gt;(Commands.java:5)
	at io.michaelcane.Calculator.&lt;init&gt;(Calculator.java:6)
	at io.michaelcane.Commands.&lt;init&gt;(Commands.java:5)
	at io.michaelcane.Calculator.&lt;init&gt;(Calculator.java:6)
	at io.michaelcane.Commands.&lt;init&gt;(Commands.java:5)
	at io.michaelcane.Calculator.&lt;init&gt;(Calculator.java:6)
	at io.michaelcane.Commands.&lt;init&gt;(Commands.java:5)
	at io.michaelcane.Calculator.&lt;init&gt;(Calculator.java:6)
	at io.michaelcane.Commands.&lt;init&gt;(Commands.java:5)
	at io.michaelcane.Calculator.&lt;init&gt;(Calculator.java:6)
	at io.michaelcane.Commands.&lt;init&gt;(Commands.java:5)
	at io.michaelcane.Calculator.&lt;init&gt;(Calculator.java:6)
	at io.michaelcane.Commands.&lt;init&gt;(Commands.java:5)
	at io.michaelcane.Calculator.&lt;init&gt;(Calculator.java:6)
	at io.michaelcane.Commands.&lt;init&gt;(Commands.java:5)
	at io.michaelcane.Calculator.&lt;init&gt;(Calculator.java:6)
	at io.michaelcane.Commands.&lt;init&gt;(Commands.java:5)
	at io.michaelcane.Calculator.&lt;init&gt;(Calculator.java:6)
	at io.michaelcane.Commands.&lt;init&gt;(Commands.java:5)
	at io.michaelcane.Calculator.&lt;init&gt;(Calculator.java:6)
	at io.michaelcane.Commands.&lt;init&gt;(Commands.java:5)
	at io.michaelcane.Calculator.&lt;init&gt;(Calculator.java:6)
	at io.michaelcane.Commands.&lt;init&gt;(Commands.java:5)
	at io.michaelcane.Calculator.&lt;init&gt;(Calculator.java:6)
	at io.michaelcane.Commands.&lt;init&gt;(Commands.java:5)
	at io.michaelcane.Calculator.&lt;init&gt;(Calculator.java:6)
	at io.michaelcane.Commands.&lt;init&gt;(Commands.java:5)
	at io.michaelcane.Calculator.&lt;init&gt;(Calculator.java:6)
	at io.michaelcane.Commands.&lt;init&gt;(Commands.java:5)
	at io.michaelcane.Calculator.&lt;init&gt;(Calculator.java:6)
	at io.michaelcane.Commands.&lt;init&gt;(Commands.java:5)
	at io.michaelcane.Calculator.&lt;init&gt;(Calculator.java:6)
	at io.michaelcane.Commands.&lt;init&gt;(Commands.java:5)
	at io.michaelcane.Calculator.&lt;init&gt;(Calculator.java:6)
	at io.michaelcane.Commands.&lt;init&gt;(Commands.java:5)
	at io.michaelcane.Calculator.&lt;init&gt;(Calculator.java:6)
	at io.michaelcane.Commands.&lt;init&gt;(Commands.java:5)
	at io.michaelcane.Calculator.&lt;init&gt;(Calculator.java:6)
	at io.michaelcane.Commands.&lt;init&gt;(Commands.java:5)
	at io.michaelcane.Calculator.&lt;init&gt;(Calculator.java:6)
	at io.michaelcane.Commands.&lt;init&gt;(Commands.java:5)
	at io.michaelcane.Calculator.&lt;init&gt;(Calculator.java:6)
	at io.michaelcane.Commands.&lt;init&gt;(Commands.java:5)
	at io.michaelcane.Calculator.&lt;init&gt;(Calculator.java:6)
	at io.michaelcane.Commands.&lt;init&gt;(Commands.java:5)
	at io.michaelcane.Calculator.&lt;init&gt;(Calculator.java:6)
	at io.michaelcane.Commands.&lt;init&gt;(Commands.java:5)
	at io.michaelcane.Calculator.&lt;init&gt;(Calculator.java:6)
	at io.michaelcane.Commands.&lt;init&gt;(Commands.java:5)
	at io.michaelcane.Calculator.&lt;init&gt;(Calculator.java:6)
	at io.michaelcane.Commands.&lt;init&gt;(Commands.java:5)
	at io.michaelcane.Calculator.&lt;init&gt;(Calculator.java:6)
	at io.michaelcane.Commands.&lt;init&gt;(Commands.java:5)
	at io.michaelcane.Calculator.&lt;init&gt;(Calculator.java:6)
	at io.michaelcane.Commands.&lt;init&gt;(Commands.java:5)
	at io.michaelcane.Calculator.&lt;init&gt;(Calculator.java:6)
	at io.michaelcane.Commands.&lt;init&gt;(Commands.java:5)
	at io.michaelcane.Calculator.&lt;init&gt;(Calculator.java:6)
	at io.michaelcane.Commands.&lt;init&gt;(Commands.java:5)
	at io.michaelcane.Calculator.&lt;init&gt;(Calculator.java:6)
	at io.michaelcane.Commands.&lt;init&gt;(Commands.java:5)
	at io.michaelcane.Calculator.&lt;init&gt;(Calculator.java:6)
	at io.michaelcane.Commands.&lt;init&gt;(Commands.java:5)
	at io.michaelcane.Calculator.&lt;init&gt;(Calculator.java:6)
	at io.michaelcane.Commands.&lt;init&gt;(Commands.java:5)
	at io.michaelcane.Calculator.&lt;init&gt;(Calculator.java:6)
	at io.michaelcane.Commands.&lt;init&gt;(Commands.java:5)
	at io.michaelcane.Calculator.&lt;init&gt;(Calculator.java:6)
	at io.michaelcane.Commands.&lt;init&gt;(Commands.java:5)
	at io.michaelcane.Calculator.&lt;init&gt;(Calculator.java:6)
	at io.michaelcane.Commands.&lt;init&gt;(Commands.java:5)
	at io.michaelcane.Calculator.&lt;init&gt;(Calculator.java:6)
	at io.michaelcane.Commands.&lt;init&gt;(Commands.java:5)
	at io.michaelcane.Calculator.&lt;init&gt;(Calculator.java:6)
	at io.michaelcane.Commands.&lt;init&gt;(Commands.java:5)
	at io.michaelcane.Calculator.&lt;init&gt;(Calculator.java:6)
	at io.michaelcane.Commands.&lt;init&gt;(Commands.java:5)
	at io.michaelcane.Calculator.&lt;init&gt;(Calculator.java:6)
	at io.michaelcane.Commands.&lt;init&gt;(Commands.java:5)
	at io.michaelcane.Calculator.&lt;init&gt;(Calculator.java:6)
	at io.michaelcane.Commands.&lt;init&gt;(Commands.java:5)
	at io.michaelcane.Calculator.&lt;init&gt;(Calculator.java:6)
	at io.michaelcane.Commands.&lt;init&gt;(Commands.java:5)
	at io.michaelcane.Calculator.&lt;init&gt;(Calculator.java:6)
	at io.michaelcane.Commands.&lt;init&gt;(Commands.java:5)
	at io.michaelcane.Calculator.&lt;init&gt;(Calculator.java:6)
	at io.michaelcane.Commands.&lt;init&gt;(Commands.java:5)
	at io.michaelcane.Calculator.&lt;init&gt;(Calculator.java:6)
	at io.michaelcane.Commands.&lt;init&gt;(Commands.java:5)
	at io.michaelcane.Calculator.&lt;init&gt;(Calculator.java:6)
	at io.michaelcane.Commands.&lt;init&gt;(Commands.java:5)
	at io.michaelcane.Calculator.&lt;init&gt;(Calculator.java:6)
	at io.michaelcane.Commands.&lt;init&gt;(Commands.java:5)
	at io.michaelcane.Calculator.&lt;init&gt;(Calculator.java:6)
	at io.michaelcane.Commands.&lt;init&gt;(Commands.java:5)
	at io.michaelcane.Calculator.&lt;init&gt;(Calculator.java:6)
	at io.michaelcane.Commands.&lt;init&gt;(Commands.java:5)
	at io.michaelcane.Calculator.&lt;init&gt;(Calculator.java:6)
	at io.michaelcane.Commands.&lt;init&gt;(Commands.java:5)
	at io.michaelcane.Calculator.&lt;init&gt;(Calculator.java:6)
	at io.michaelcane.Commands.&lt;init&gt;(Commands.java:5)
	at io.michaelcane.Calculator.&lt;init&gt;(Calculator.java:6)
	at io.michaelcane.Commands.&lt;init&gt;(Commands.java:5)
	at io.michaelcane.Calculator.&lt;init&gt;(Calculator.java:6)
	at io.michaelcane.Commands.&lt;init&gt;(Commands.java:5)
	at io.michaelcane.Calculator.&lt;init&gt;(Calculator.java:6)
	at io.michaelcane.Commands.&lt;init&gt;(Commands.java:5)
	at io.michaelcane.Calculator.&lt;init&gt;(Calculator.java:6)
	at io.michaelcane.Commands.&lt;init&gt;(Commands.java:5)
	at io.michaelcane.Calculator.&lt;init&gt;(Calculator.java:6)
	at io.michaelcane.Commands.&lt;init&gt;(Commands.java:5)
	at io.michaelcane.Calculator.&lt;init&gt;(Calculator.java:6)
	at io.michaelcane.Commands.&lt;init&gt;(Commands.java:5)
	at io.michaelcane.Calculator.&lt;init&gt;(Calculator.java:6)
	at io.michaelcane.Commands.&lt;init&gt;(Commands.java:5)
	at io.michaelcane.Calculator.&lt;init&gt;(Calculator.java:6)
	at io.michaelcane.Commands.&lt;init&gt;(Commands.java:5)
	at io.michaelcane.Calculator.&lt;init&gt;(Calculator.java:6)
	at io.michaelcane.Commands.&lt;init&gt;(Commands.java:5)
	at io.michaelcane.Calculator.&lt;init&gt;(Calculator.java:6)
	at io.michaelcane.Commands.&lt;init&gt;(Commands.java:5)
	at io.michaelcane.Calculator.&lt;init&gt;(Calculator.java:6)
	at io.michaelcane.Commands.&lt;init&gt;(Commands.java:5)
	at io.michaelcane.Calculator.&lt;init&gt;(Calculator.java:6)
	at io.michaelcane.Commands.&lt;init&gt;(Commands.java:5)
	at io.michaelcane.Calculator.&lt;init&gt;(Calculator.java:6)
	at io.michaelcane.Commands.&lt;init&gt;(Commands.java:5)
	at io.michaelcane.Calculator.&lt;init&gt;(Calculator.java:6)
	at io.michaelcane.Commands.&lt;init&gt;(Commands.java:5)
	at io.michaelcane.Calculator.&lt;init&gt;(Calculator.java:6)
	at io.michaelcane.Commands.&lt;init&gt;(Commands.java:5)
	at io.michaelcane.Calculator.&lt;init&gt;(Calculator.java:6)
	at io.michaelcane.Commands.&lt;init&gt;(Commands.java:5)
	at io.michaelcane.Calculator.&lt;init&gt;(Calculator.java:6)
	at io.michaelcane.Commands.&lt;init&gt;(Commands.java:5)
	at io.michaelcane.Calculator.&lt;init&gt;(Calculator.java:6)
	at io.michaelcane.Commands.&lt;init&gt;(Commands.java:5)
	at io.michaelcane.Calculator.&lt;init&gt;(Calculator.java:6)
	at io.michaelcane.Commands.&lt;init&gt;(Commands.java:5)
	at io.michaelcane.Calculator.&lt;init&gt;(Calculator.java:6)
	at io.michaelcane.Commands.&lt;init&gt;(Commands.java:5)
	at io.michaelcane.Calculator.&lt;init&gt;(Calculator.java:6)
	at io.michaelcane.Commands.&lt;init&gt;(Commands.java:5)
	at io.michaelcane.Calculator.&lt;init&gt;(Calculator.java:6)
	at io.michaelcane.Commands.&lt;init&gt;(Commands.java:5)
	at io.michaelcane.Calculator.&lt;init&gt;(Calculator.java:6)
	at io.michaelcane.Commands.&lt;init&gt;(Commands.java:5)
	at io.michaelcane.Calculator.&lt;init&gt;(Calculator.java:6)
	at io.michaelcane.Commands.&lt;init&gt;(Commands.java:5)
	at io.michaelcane.Calculator.&lt;init&gt;(Calculator.java:6)
	at io.michaelcane.Commands.&lt;init&gt;(Commands.java:5)
	at io.michaelcane.Calculator.&lt;init&gt;(Calculator.java:6)
	at io.michaelcane.Commands.&lt;init&gt;(Commands.java:5)
	at io.michaelcane.Calculator.&lt;init&gt;(Calculator.java:6)
	at io.michaelcane.Commands.&lt;init&gt;(Commands.java:5)
	at io.michaelcane.Calculator.&lt;init&gt;(Calculator.java:6)
	at io.michaelcane.Commands.&lt;init&gt;(Commands.java:5)
	at io.michaelcane.Calculator.&lt;init&gt;(Calculator.java:6)
	at io.michaelcane.Commands.&lt;init&gt;(Commands.java:5)
	at io.michaelcane.Calculator.&lt;init&gt;(Calculator.java:6)
	at io.michaelcane.Commands.&lt;init&gt;(Commands.java:5)
	at io.michaelcane.Calculator.&lt;init&gt;(Calculator.java:6)
	at io.michaelcane.Commands.&lt;init&gt;(Commands.java:5)
	at io.michaelcane.Calculator.&lt;init&gt;(Calculator.java:6)
	at io.michaelcane.Commands.&lt;init&gt;(Commands.java:5)
	at io.michaelcane.Calculator.&lt;init&gt;(Calculator.java:6)
	at io.michaelcane.Commands.&lt;init&gt;(Commands.java:5)
	at io.michaelcane.Calculator.&lt;init&gt;(Calculator.java:6)
	at io.michaelcane.Commands.&lt;init&gt;(Commands.java:5)
	at io.michaelcane.Calculator.&lt;init&gt;(Calculator.java:6)
	at io.michaelcane.Commands.&lt;init&gt;(Commands.java:5)
	at io.michaelcane.Calculator.&lt;init&gt;(Calculator.java:6)
	at io.michaelcane.Commands.&lt;init&gt;(Commands.java:5)
	at io.michaelcane.Calculator.&lt;init&gt;(Calculator.java:6)
	at io.michaelcane.Commands.&lt;init&gt;(Commands.java:5)
	at io.michaelcane.Calculator.&lt;init&gt;(Calculator.java:6)
	at io.michaelcane.Commands.&lt;init&gt;(Commands.java:5)
	at io.michaelcane.Calculator.&lt;init&gt;(Calculator.java:6)
	at io.michaelcane.Commands.&lt;init&gt;(Commands.java:5)
	at io.michaelcane.Calculator.&lt;init&gt;(Calculator.java:6)
	at io.michaelcane.Commands.&lt;init&gt;(Commands.java:5)
	at io.michaelcane.Calculator.&lt;init&gt;(Calculator.java:6)
	at io.michaelcane.Commands.&lt;init&gt;(Commands.java:5)
	at io.michaelcane.Calculator.&lt;init&gt;(Calculator.java:6)
	at io.michaelcane.Commands.&lt;init&gt;(Commands.java:5)
	at io.michaelcane.Calculator.&lt;init&gt;(Calculator.java:6)
	at io.michaelcane.Commands.&lt;init&gt;(Commands.java:5)
	at io.michaelcane.Calculator.&lt;init&gt;(Calculator.java:6)
	at io.michaelcane.Commands.&lt;init&gt;(Commands.java:5)
	at io.michaelcane.Calculator.&lt;init&gt;(Calculator.java:6)
	at io.michaelcane.Commands.&lt;init&gt;(Commands.java:5)
	at io.michaelcane.Calculator.&lt;init&gt;(Calculator.java:6)
	at io.michaelcane.Commands.&lt;init&gt;(Commands.java:5)
	at io.michaelcane.Calculator.&lt;init&gt;(Calculator.java:6)
	at io.michaelcane.Commands.&lt;init&gt;(Commands.java:5)
	at io.michaelcane.Calculator.&lt;init&gt;(Calculator.java:6)
	at io.michaelcane.Commands.&lt;init&gt;(Commands.java:5)
	at io.michaelcane.Calculator.&lt;init&gt;(Calculator.java:6)
	at io.michaelcane.Commands.&lt;init&gt;(Commands.java:5)
	at io.michaelcane.Calculator.&lt;init&gt;(Calculator.java:6)
	at io.michaelcane.Commands.&lt;init&gt;(Commands.java:5)
	at io.michaelcane.Calculator.&lt;init&gt;(Calculator.java:6)
	at io.michaelcane.Commands.&lt;init&gt;(Commands.java:5)
	at io.michaelcane.Calculator.&lt;init&gt;(Calculator.java:6)
	at io.michaelcane.Commands.&lt;init&gt;(Commands.java:5)
	at io.michaelcane.Calculator.&lt;init&gt;(Calculator.java:6)
	at io.michaelcane.Commands.&lt;init&gt;(Commands.java:5)
	at io.michaelcane.Calculator.&lt;init&gt;(Calculator.java:6)
	at io.michaelcane.Commands.&lt;init&gt;(Commands.java:5)
	at io.michaelcane.Calculator.&lt;init&gt;(Calculator.java:6)
	at io.michaelcane.Commands.&lt;init&gt;(Commands.java:5)
	at io.michaelcane.Calculator.&lt;init&gt;(Calculator.java:6)
	at io.michaelcane.Commands.&lt;init&gt;(Commands.java:5)
	at io.michaelcane.Calculator.&lt;init&gt;(Calculator.java:6)
	at io.michaelcane.Commands.&lt;init&gt;(Commands.java:5)
	at io.michaelcane.Calculator.&lt;init&gt;(Calculator.java:6)
	at io.michaelcane.Commands.&lt;init&gt;(Commands.java:5)
	at io.michaelcane.Calculator.&lt;init&gt;(Calculator.java:6)
	at io.michaelcane.Commands.&lt;init&gt;(Commands.java:5)
	at io.michaelcane.Calculator.&lt;init&gt;(Calculator.java:6)
	at io.michaelcane.Commands.&lt;init&gt;(Commands.java:5)
	at io.michaelcane.Calculator.&lt;init&gt;(Calculator.java:6)
	at io.michaelcane.Commands.&lt;init&gt;(Commands.java:5)
	at io.michaelcane.Calculator.&lt;init&gt;(Calculator.java:6)
	at io.michaelcane.Commands.&lt;init&gt;(Commands.java:5)
	at io.michaelcane.Calculator.&lt;init&gt;(Calculator.java:6)
	at io.michaelcane.Commands.&lt;init&gt;(Commands.java:5)
	at io.michaelcane.Calculator.&lt;init&gt;(Calculator.java:6)
	at io.michaelcane.Commands.&lt;init&gt;(Commands.java:5)
	at io.michaelcane.Calculator.&lt;init&gt;(Calculator.java:6)
	at io.michaelcane.Commands.&lt;init&gt;(Commands.java:5)
	at io.michaelcane.Calculator.&lt;init&gt;(Calculator.java:6)
	at io.michaelcane.Commands.&lt;init&gt;(Commands.java:5)
	at io.michaelcane.Calculator.&lt;init&gt;(Calculator.java:6)
	at io.michaelcane.Commands.&lt;init&gt;(Commands.java:5)
	at io.michaelcane.Calculator.&lt;init&gt;(Calculator.java:6)
	at io.michaelcane.Commands.&lt;init&gt;(Commands.java:5)
	at io.michaelcane.Calculator.&lt;init&gt;(Calculator.java:6)
	at io.michaelcane.Commands.&lt;init&gt;(Commands.java:5)
	at io.michaelcane.Calculator.&lt;init&gt;(Calculator.java:6)
	at io.michaelcane.Commands.&lt;init&gt;(Commands.java:5)
	at io.michaelcane.Calculator.&lt;init&gt;(Calculator.java:6)
	at io.michaelcane.Commands.&lt;init&gt;(Commands.java:5)
	at io.michaelcane.Calculator.&lt;init&gt;(Calculator.java:6)
	at io.michaelcane.Commands.&lt;init&gt;(Commands.java:5)
	at io.michaelcane.Calculator.&lt;init&gt;(Calculator.java:6)
	at io.michaelcane.Commands.&lt;init&gt;(Commands.java:5)
	at io.michaelcane.Calculator.&lt;init&gt;(Calculator.java:6)
	at io.michaelcane.Commands.&lt;init&gt;(Commands.java:5)
	at io.michaelcane.Calculator.&lt;init&gt;(Calculator.java:6)
	at io.michaelcane.Commands.&lt;init&gt;(Commands.java:5)
	at io.michaelcane.Calculator.&lt;init&gt;(Calculator.java:6)
	at io.michaelcane.Commands.&lt;init&gt;(Commands.java:5)
	at io.michaelcane.Calculator.&lt;init&gt;(Calculator.java:6)
	at io.michaelcane.Commands.&lt;init&gt;(Commands.java:5)
	at io.michaelcane.Calculator.&lt;init&gt;(Calculator.java:6)
	at io.michaelcane.Commands.&lt;init&gt;(Commands.java:5)
	at io.michaelcane.Calculator.&lt;init&gt;(Calculator.java:6)
	at io.michaelcane.Commands.&lt;init&gt;(Commands.java:5)
	at io.michaelcane.Calculator.&lt;init&gt;(Calculator.java:6)
	at io.michaelcane.Commands.&lt;init&gt;(Commands.java:5)
	at io.michaelcane.Calculator.&lt;init&gt;(Calculator.java:6)
	at io.michaelcane.Commands.&lt;init&gt;(Commands.java:5)
	at io.michaelcane.Calculator.&lt;init&gt;(Calculator.java:6)
	at io.michaelcane.Commands.&lt;init&gt;(Commands.java:5)
	at io.michaelcane.Calculator.&lt;init&gt;(Calculator.java:6)
	at io.michaelcane.Commands.&lt;init&gt;(Commands.java:5)
	at io.michaelcane.Calculator.&lt;init&gt;(Calculator.java:6)
	at io.michaelcane.Commands.&lt;init&gt;(Commands.java:5)
	at io.michaelcane.Calculator.&lt;init&gt;(Calculator.java:6)
	at io.michaelcane.Commands.&lt;init&gt;(Commands.java:5)
	at io.michaelcane.Calculator.&lt;init&gt;(Calculator.java:6)
	at io.michaelcane.Commands.&lt;init&gt;(Commands.java:5)
	at io.michaelcane.Calculator.&lt;init&gt;(Calculator.java:6)
	at io.michaelcane.Commands.&lt;init&gt;(Commands.java:5)
	at io.michaelcane.Calculator.&lt;init&gt;(Calculator.java:6)
	at io.michaelcane.Commands.&lt;init&gt;(Commands.java:5)
	at io.michaelcane.Calculator.&lt;init&gt;(Calculator.java:6)
	at io.michaelcane.Commands.&lt;init&gt;(Commands.java:5)
	at io.michaelcane.Calculator.&lt;init&gt;(Calculator.java:6)
	at io.michaelcane.Commands.&lt;init&gt;(Commands.java:5)
	at io.michaelcane.Calculator.&lt;init&gt;(Calculator.java:6)
	at io.michaelcane.Commands.&lt;init&gt;(Commands.java:5)
	at io.michaelcane.Calculator.&lt;init&gt;(Calculator.java:6)
	at io.michaelcane.Commands.&lt;init&gt;(Commands.java:5)
	at io.michaelcane.Calculator.&lt;init&gt;(Calculator.java:6)
	at io.michaelcane.Commands.&lt;init&gt;(Commands.java:5)
	at io.michaelcane.Calculator.&lt;init&gt;(Calculator.java:6)
	at io.michaelcane.Commands.&lt;init&gt;(Commands.java:5)
	at io.michaelcane.Calculator.&lt;init&gt;(Calculator.java:6)
	at io.michaelcane.Commands.&lt;init&gt;(Commands.java:5)
	at io.michaelcane.Calculator.&lt;init&gt;(Calculator.java:6)
	at io.michaelcane.Commands.&lt;init&gt;(Commands.java:5)
	at io.michaelcane.Calculator.&lt;init&gt;(Calculator.java:6)
	at io.michaelcane.Commands.&lt;init&gt;(Commands.java:5)
	at io.michaelcane.Calculator.&lt;init&gt;(Calculator.java:6)
	at io.michaelcane.Commands.&lt;init&gt;(Commands.java:5)
	at io.michaelcane.Calculator.&lt;init&gt;(Calculator.java:6)
	at io.michaelcane.Commands.&lt;init&gt;(Commands.java:5)
	at io.michaelcane.Calculator.&lt;init&gt;(Calculator.java:6)
	at io.michaelcane.Commands.&lt;init&gt;(Commands.java:5)
	at io.michaelcane.Calculator.&lt;init&gt;(Calculator.java:6)
	at io.michaelcane.Commands.&lt;init&gt;(Commands.java:5)
	at io.michaelcane.Calculator.&lt;init&gt;(Calculator.java:6)
	at io.michaelcane.Commands.&lt;init&gt;(Commands.java:5)
	at io.michaelcane.Calculator.&lt;init&gt;(Calculator.java:6)
	at io.michaelcane.Commands.&lt;init&gt;(Commands.java:5)
	at io.michaelcane.Calculator.&lt;init&gt;(Calculator.java:6)
	at io.michaelcane.Commands.&lt;init&gt;(Commands.java:5)
	at io.michaelcane.Calculator.&lt;init&gt;(Calculator.java:6)
	at io.michaelcane.Commands.&lt;init&gt;(Commands.java:5)
	at io.michaelcane.Calculator.&lt;init&gt;(Calculator.java:6)
	at io.michaelcane.Commands.&lt;init&gt;(Commands.java:5)
	at io.michaelcane.Calculator.&lt;init&gt;(Calculator.java:6)
	at io.michaelcane.Commands.&lt;init&gt;(Commands.java:5)
	at io.michaelcane.Calculator.&lt;init&gt;(Calculator.java:6)
	at io.michaelcane.Commands.&lt;init&gt;(Commands.java:5)
	at io.michaelcane.Calculator.&lt;init&gt;(Calculator.java:6)
	at io.michaelcane.Commands.&lt;init&gt;(Commands.java:5)
	at io.michaelcane.Calculator.&lt;init&gt;(Calculator.java:6)
	at io.michaelcane.Commands.&lt;init&gt;(Commands.java:5)
	at io.michaelcane.Calculator.&lt;init&gt;(Calculator.java:6)
	at io.michaelcane.Commands.&lt;init&gt;(Commands.java:5)
	at io.michaelcane.Calculator.&lt;init&gt;(Calculator.java:6)
	at io.michaelcane.Commands.&lt;init&gt;(Commands.java:5)
	at io.michaelcane.Calculator.&lt;init&gt;(Calculator.java:6)
	at io.michaelcane.Commands.&lt;init&gt;(Commands.java:5)
	at io.michaelcane.Calculator.&lt;init&gt;(Calculator.java:6)
	at io.michaelcane.Commands.&lt;init&gt;(Commands.java:5)
	at io.michaelcane.Calculator.&lt;init&gt;(Calculator.java:6)
	at io.michaelcane.Commands.&lt;init&gt;(Commands.java:5)
	at io.michaelcane.Calculator.&lt;init&gt;(Calculator.java:6)
	at io.michaelcane.Commands.&lt;init&gt;(Commands.java:5)
	at io.michaelcane.Calculator.&lt;init&gt;(Calculator.java:6)
	at io.michaelcane.Commands.&lt;init&gt;(Commands.java:5)
	at io.michaelcane.Calculator.&lt;init&gt;(Calculator.java:6)
	at io.michaelcane.Commands.&lt;init&gt;(Commands.java:5)
	at io.michaelcane.Calculator.&lt;init&gt;(Calculator.java:6)
	at io.michaelcane.Commands.&lt;init&gt;(Commands.java:5)
	at io.michaelcane.Calculator.&lt;init&gt;(Calculator.java:6)
	at io.michaelcane.Commands.&lt;init&gt;(Commands.java:5)
	at io.michaelcane.Calculator.&lt;init&gt;(Calculator.java:6)
	at io.michaelcane.Commands.&lt;init&gt;(Commands.java:5)
	at io.michaelcane.Calculator.&lt;init&gt;(Calculator.java:6)
	at io.michaelcane.Commands.&lt;init&gt;(Commands.java:5)
	at io.michaelcane.Calculator.&lt;init&gt;(Calculator.java:6)
	at io.michaelcane.Commands.&lt;init&gt;(Commands.java:5)
	at io.michaelcane.Calculator.&lt;init&gt;(Calculator.java:6)
	at io.michaelcane.Commands.&lt;init&gt;(Commands.java:5)
	at io.michaelcane.Calculator.&lt;init&gt;(Calculator.java:6)
	at io.michaelcane.Commands.&lt;init&gt;(Commands.java:5)
	at io.michaelcane.Calculator.&lt;init&gt;(Calculator.java:6)
	at io.michaelcane.Commands.&lt;init&gt;(Commands.java:5)
	at io.michaelcane.Calculator.&lt;init&gt;(Calculator.java:6)
	at io.michaelcane.Commands.&lt;init&gt;(Commands.java:5)
	at io.michaelcane.Calculator.&lt;init&gt;(Calculator.java:6)
	at io.michaelcane.Commands.&lt;init&gt;(Commands.java:5)
	at io.michaelcane.Calculator.&lt;init&gt;(Calculator.java:6)
	at io.michaelcane.Commands.&lt;init&gt;(Commands.java:5)
	at io.michaelcane.Calculator.&lt;init&gt;(Calculator.java:6)
	at io.michaelcane.Commands.&lt;init&gt;(Commands.java:5)
	at io.michaelcane.Calculator.&lt;init&gt;(Calculator.java:6)
	at io.michaelcane.Commands.&lt;init&gt;(Commands.java:5)
	at io.michaelcane.Calculator.&lt;init&gt;(Calculator.java:6)
	at io.michaelcane.Commands.&lt;init&gt;(Commands.java:5)
	at io.michaelcane.Calculator.&lt;init&gt;(Calculator.java:6)
	at io.michaelcane.Commands.&lt;init&gt;(Commands.java:5)
	at io.michaelcane.Calculator.&lt;init&gt;(Calculator.java:6)
	at io.michaelcane.Commands.&lt;init&gt;(Commands.java:5)
	at io.michaelcane.Calculator.&lt;init&gt;(Calculator.java:6)
	at io.michaelcane.Commands.&lt;init&gt;(Commands.java:5)
	at io.michaelcane.Calculator.&lt;init&gt;(Calculator.java:6)
	at io.michaelcane.Commands.&lt;init&gt;(Commands.java:5)
	at io.michaelcane.Calculator.&lt;init&gt;(Calculator.java:6)
	at io.michaelcane.Commands.&lt;init&gt;(Commands.java:5)
	at io.michaelcane.Calculator.&lt;init&gt;(Calculator.java:6)
	at io.michaelcane.Commands.&lt;init&gt;(Commands.java:5)
	at io.michaelcane.Calculator.&lt;init&gt;(Calculator.java:6)
	at io.michaelcane.Commands.&lt;init&gt;(Commands.java:5)
	at io.michaelcane.Calculator.&lt;init&gt;(Calculator.java:6)
	at io.michaelcane.Commands.&lt;init&gt;(Commands.java:5)
	at io.michaelcane.Calculator.&lt;init&gt;(Calculator.java:6)
	at io.michaelcane.Commands.&lt;init&gt;(Commands.java:5)
	at io.michaelcane.Calculator.&lt;init&gt;(Calculator.java:6)
	at io.michaelcane.Commands.&lt;init&gt;(Commands.java:5)
	at io.michaelcane.Calculator.&lt;init&gt;(Calculator.java:6)
	at io.michaelcane.Commands.&lt;init&gt;(Commands.java:5)
	at io.michaelcane.Calculator.&lt;init&gt;(Calculator.java:6)
	at io.michaelcane.Commands.&lt;init&gt;(Commands.java:5)
	at io.michaelcane.Calculator.&lt;init&gt;(Calculator.java:6)
	at io.michaelcane.Commands.&lt;init&gt;(Commands.java:5)
	at io.michaelcane.Calculator.&lt;init&gt;(Calculator.java:6)
	at io.michaelcane.Commands.&lt;init&gt;(Commands.java:5)
	at io.michaelcane.Calculator.&lt;init&gt;(Calculator.java:6)
	at io.michaelcane.Commands.&lt;init&gt;(Commands.java:5)
	at io.michaelcane.Calculator.&lt;init&gt;(Calculator.java:6)
	at io.michaelcane.Commands.&lt;init&gt;(Commands.java:5)
	at io.michaelcane.Calculator.&lt;init&gt;(Calculator.java:6)
	at io.michaelcane.Commands.&lt;init&gt;(Commands.java:5)
	at io.michaelcane.Calculator.&lt;init&gt;(Calculator.java:6)
	at io.michaelcane.Commands.&lt;init&gt;(Commands.java:5)
	at io.michaelcane.Calculator.&lt;init&gt;(Calculator.java:6)
	at io.michaelcane.Commands.&lt;init&gt;(Commands.java:5)
	at io.michaelcane.Calculator.&lt;init&gt;(Calculator.java:6)
	at io.michaelcane.Commands.&lt;init&gt;(Commands.java:5)
	at io.michaelcane.Calculator.&lt;init&gt;(Calculator.java:6)
	at io.michaelcane.Commands.&lt;init&gt;(Commands.java:5)
	at io.michaelcane.Calculator.&lt;init&gt;(Calculator.java:6)
	at io.michaelcane.Commands.&lt;init&gt;(Commands.java:5)
	at io.michaelcane.Calculator.&lt;init&gt;(Calculator.java:6)
	at io.michaelcane.Commands.&lt;init&gt;(Commands.java:5)
	at io.michaelcane.Calculator.&lt;init&gt;(Calculator.java:6)
	at io.michaelcane.Commands.&lt;init&gt;(Commands.java:5)
	at io.michaelcane.Calculator.&lt;init&gt;(Calculator.java:6)
	at io.michaelcane.Commands.&lt;init&gt;(Commands.java:5)
	at io.michaelcane.Calculator.&lt;init&gt;(Calculator.java:6)
	at io.michaelcane.Commands.&lt;init&gt;(Commands.java:5)
	at io.michaelcane.Calculator.&lt;init&gt;(Calculator.java:6)
	at io.michaelcane.Commands.&lt;init&gt;(Commands.java:5)
	at io.michaelcane.Calculator.&lt;init&gt;(Calculator.java:6)
	at io.michaelcane.Commands.&lt;init&gt;(Commands.java:5)
	at io.michaelcane.Calculator.&lt;init&gt;(Calculator.java:6)
	at io.michaelcane.Commands.&lt;init&gt;(Commands.java:5)
	at io.michaelcane.Calculator.&lt;init&gt;(Calculator.java:6)
	at io.michaelcane.Commands.&lt;init&gt;(Commands.java:5)
	at io.michaelcane.Calculator.&lt;init&gt;(Calculator.java:6)
	at io.michaelcane.Commands.&lt;init&gt;(Commands.java:5)
	at io.michaelcane.Calculator.&lt;init&gt;(Calculator.java:6)
	at io.michaelcane.Commands.&lt;init&gt;(Commands.java:5)
	at io.michaelcane.Calculator.&lt;init&gt;(Calculator.java:6)
	at io.michaelcane.Commands.&lt;init&gt;(Commands.java:5)
	at io.michaelcane.Calculator.&lt;init&gt;(Calculator.java:6)
	at io.michaelcane.Commands.&lt;init&gt;(Commands.java:5)
	at io.michaelcane.Calculator.&lt;init&gt;(Calculator.java:6)
	at io.michaelcane.Commands.&lt;init&gt;(Commands.java:5)
	at io.michaelcane.Calculator.&lt;init&gt;(Calculator.java:6)
	at io.michaelcane.Commands.&lt;init&gt;(Commands.java:5)
	at io.michaelcane.Calculator.&lt;init&gt;(Calculator.java:6)
	at io.michaelcane.Commands.&lt;init&gt;(Commands.java:5)
	at io.michaelcane.Calculator.&lt;init&gt;(Calculator.java:6)
	at io.michaelcane.Commands.&lt;init&gt;(Commands.java:5)
	at io.michaelcane.Calculator.&lt;init&gt;(Calculator.java:6)
	at io.michaelcane.Commands.&lt;init&gt;(Commands.java:5)
	at io.michaelcane.Calculator.&lt;init&gt;(Calculator.java:6)
	at io.michaelcane.Commands.&lt;init&gt;(Commands.java:5)
	at io.michaelcane.Calculator.&lt;init&gt;(Calculator.java:6)
	at io.michaelcane.Commands.&lt;init&gt;(Commands.java:5)
	at io.michaelcane.Calculator.&lt;init&gt;(Calculator.java:6)
	at io.michaelcane.Commands.&lt;init&gt;(Commands.java:5)
	at io.michaelcane.Calculator.&lt;init&gt;(Calculator.java:6)
	at io.michaelcane.Commands.&lt;init&gt;(Commands.java:5)
	at io.michaelcane.Calculator.&lt;init&gt;(Calculator.java:6)
	at io.michaelcane.Commands.&lt;init&gt;(Commands.java:5)
	at io.michaelcane.Calculator.&lt;init&gt;(Calculator.java:6)
	at io.michaelcane.Commands.&lt;init&gt;(Commands.java:5)
	at io.michaelcane.Calculator.&lt;init&gt;(Calculator.java:6)
	at io.michaelcane.Commands.&lt;init&gt;(Commands.java:5)
	at io.michaelcane.Calculator.&lt;init&gt;(Calculator.java:6)
	at io.michaelcane.Commands.&lt;init&gt;(Commands.java:5)
	at io.michaelcane.Calculator.&lt;init&gt;(Calculator.java:6)
	at io.michaelcane.Commands.&lt;init&gt;(Commands.java:5)
	at io.michaelcane.Calculator.&lt;init&gt;(Calculator.java:6)
	at io.michaelcane.Commands.&lt;init&gt;(Commands.java:5)
	at io.michaelcane.Calculator.&lt;init&gt;(Calculator.java:6)
	at io.michaelcane.Commands.&lt;init&gt;(Commands.java:5)
	at io.michaelcane.Calculator.&lt;init&gt;(Calculator.java:6)
	at io.michaelcane.Commands.&lt;init&gt;(Commands.java:5)
	at io.michaelcane.Calculator.&lt;init&gt;(Calculator.java:6)
	at io.michaelcane.Commands.&lt;init&gt;(Commands.java:5)
	at io.michaelcane.Calculator.&lt;init&gt;(Calculator.java:6)
	at io.michaelcane.Commands.&lt;init&gt;(Commands.java:5)
	at io.michaelcane.Calculator.&lt;init&gt;(Calculator.java:6)
	at io.michaelcane.Commands.&lt;init&gt;(Commands.java:5)
	at io.michaelcane.Calculator.&lt;init&gt;(Calculator.java:6)
	at io.michaelcane.Commands.&lt;init&gt;(Commands.java:5)
	at io.michaelcane.Calculator.&lt;init&gt;(Calculator.java:6)
	at io.michaelcane.Commands.&lt;init&gt;(Commands.java:5)
	at io.michaelcane.Calculator.&lt;init&gt;(Calculator.java:6)
	at io.michaelcane.Commands.&lt;init&gt;(Commands.java:5)
	at io.michaelcane.Calculator.&lt;init&gt;(Calculator.java:6)
	at io.michaelcane.Commands.&lt;init&gt;(Commands.java:5)
	at io.michaelcane.Calculator.&lt;init&gt;(Calculator.java:6)
	at io.michaelcane.Commands.&lt;init&gt;(Commands.java:5)
	at io.michaelcane.Calculator.&lt;init&gt;(Calculator.java:6)
	at io.michaelcane.Commands.&lt;init&gt;(Commands.java:5)
	at io.michaelcane.Calculator.&lt;init&gt;(Calculator.java:6)
	at io.michaelcane.Commands.&lt;init&gt;(Commands.java:5)
	at io.michaelcane.Calculator.&lt;init&gt;(Calculator.java:6)
	at io.michaelcane.Commands.&lt;init&gt;(Commands.java:5)
	at io.michaelcane.Calculator.&lt;init&gt;(Calculator.java:6)
	at io.michaelcane.Commands.&lt;init&gt;(Commands.java:5)
	at io.michaelcane.Calculator.&lt;init&gt;(Calculator.java:6)
	at io.michaelcane.Commands.&lt;init&gt;(Commands.java:5)
	at io.michaelcane.Calculator.&lt;init&gt;(Calculator.java:6)
	at io.michaelcane.Commands.&lt;init&gt;(Commands.java:5)
	at io.michaelcane.Calculator.&lt;init&gt;(Calculator.java:6)
	at io.michaelcane.Commands.&lt;init&gt;(Commands.java:5)
	at io.michaelcane.Calculator.&lt;init&gt;(Calculator.java:6)
	at io.michaelcane.Commands.&lt;init&gt;(Commands.java:5)
	at io.michaelcane.Calculator.&lt;init&gt;(Calculator.java:6)
	at io.michaelcane.Commands.&lt;init&gt;(Commands.java:5)
	at io.michaelcane.Calculator.&lt;init&gt;(Calculator.java:6)
	at io.michaelcane.Commands.&lt;init&gt;(Commands.java:5)
	at io.michaelcane.Calculator.&lt;init&gt;(Calculator.java:6)
	at io.michaelcane.Commands.&lt;init&gt;(Commands.java:5)
	at io.michaelcane.Calculator.&lt;init&gt;(Calculator.java:6)
	at io.michaelcane.Commands.&lt;init&gt;(Commands.java:5)
	at io.michaelcane.Calculator.&lt;init&gt;(Calculator.java:6)
	at io.michaelcane.Commands.&lt;init&gt;(Commands.java:5)
	at io.michaelcane.Calculator.&lt;init&gt;(Calculator.java:6)
	at io.michaelcane.Commands.&lt;init&gt;(Commands.java:5)
	at io.michaelcane.Calculator.&lt;init&gt;(Calculator.java:6)
	at io.michaelcane.Commands.&lt;init&gt;(Commands.java:5)
	at io.michaelcane.Calculator.&lt;init&gt;(Calculator.java:6)
	at io.michaelcane.Commands.&lt;init&gt;(Commands.java:5)
	at io.michaelcane.Calculator.&lt;init&gt;(Calculator.java:6)
	at io.michaelcane.Commands.&lt;init&gt;(Commands.java:5)
	at io.michaelcane.Calculator.&lt;init&gt;(Calculator.java:6)
	at io.michaelcane.Commands.&lt;init&gt;(Commands.java:5)
	at io.michaelcane.Calculator.&lt;init&gt;(Calculator.java:6)
	at io.michaelcane.Commands.&lt;init&gt;(Commands.java:5)
	at io.michaelcane.Calculator.&lt;init&gt;(Calculator.java:6)
	at io.michaelcane.Commands.&lt;init&gt;(Commands.java:5)
	at io.michaelcane.Calculator.&lt;init&gt;(Calculator.java:6)
	at io.michaelcane.Commands.&lt;init&gt;(Commands.java:5)
	at io.michaelcane.Calculator.&lt;init&gt;(Calculator.java:6)
	at io.michaelcane.Commands.&lt;init&gt;(Commands.java:5)
	at io.michaelcane.Calculator.&lt;init&gt;(Calculator.java:6)
	at io.michaelcane.Commands.&lt;init&gt;(Commands.java:5)
	at io.michaelcane.Calculator.&lt;init&gt;(Calculator.java:6)
	at io.michaelcane.Commands.&lt;init&gt;(Commands.java:5)
	at io.michaelcane.Calculator.&lt;init&gt;(Calculator.java:6)
	at io.michaelcane.Commands.&lt;init&gt;(Commands.java:5)
	at io.michaelcane.Calculator.&lt;init&gt;(Calculator.java:6)
	at io.michaelcane.Commands.&lt;init&gt;(Commands.java:5)
	at io.michaelcane.Calculator.&lt;init&gt;(Calculator.java:6)
	at io.michaelcane.Commands.&lt;init&gt;(Commands.java:5)
	at io.michaelcane.Calculator.&lt;init&gt;(Calculator.java:6)
	at io.michaelcane.Commands.&lt;init&gt;(Commands.java:5)
	at io.michaelcane.Calculator.&lt;init&gt;(Calculator.java:6)
	at io.michaelcane.Commands.&lt;init&gt;(Commands.java:5)
	at io.michaelcane.Calculator.&lt;init&gt;(Calculator.java:6)
	at io.michaelcane.Commands.&lt;init&gt;(Commands.java:5)
	at io.michaelcane.Calculator.&lt;init&gt;(Calculator.java:6)
	at io.michaelcane.Commands.&lt;init&gt;(Commands.java:5)
	at io.michaelcane.Calculator.&lt;init&gt;(Calculator.java:6)
	at io.michaelcane.Commands.&lt;init&gt;(Commands.java:5)
	at io.michaelcane.Calculator.&lt;init&gt;(Calculator.java:6)
	at io.michaelcane.Commands.&lt;init&gt;(Commands.java:5)
	at io.michaelcane.Calculator.&lt;init&gt;(Calculator.java:6)
	at io.michaelcane.Commands.&lt;init&gt;(Commands.java:5)
	at io.michaelcane.Calculator.&lt;init&gt;(Calculator.java:6)
	at io.michaelcane.Commands.&lt;init&gt;(Commands.java:5)
	at io.michaelcane.Calculator.&lt;init&gt;(Calculator.java:6)
	at io.michaelcane.Commands.&lt;init&gt;(Commands.java:5)
	at io.michaelcane.Calculator.&lt;init&gt;(Calculator.java:6)
	at io.michaelcane.Commands.&lt;init&gt;(Commands.java:5)
	at io.michaelcane.Calculator.&lt;init&gt;(Calculator.java:6)
	at io.michaelcane.Commands.&lt;init&gt;(Commands.java:5)
	at io.michaelcane.Calculator.&lt;init&gt;(Calculator.java:6)
	at io.michaelcane.Commands.&lt;init&gt;(Commands.java:5)
	at io.michaelcane.Calculator.&lt;init&gt;(Calculator.java:6)
	at io.michaelcane.Commands.&lt;init&gt;(Commands.java:5)
	at io.michaelcane.Calculator.&lt;init&gt;(Calculator.java:6)
	at io.michaelcane.Commands.&lt;init&gt;(Commands.java:5)
	at io.michaelcane.Calculator.&lt;init&gt;(Calculator.java:6)
	at io.michaelcane.Commands.&lt;init&gt;(Commands.java:5)
	at io.michaelcane.Calculator.&lt;init&gt;(Calculator.java:6)
	at io.michaelcane.Commands.&lt;init&gt;(Commands.java:5)
	at io.michaelcane.Calculator.&lt;init&gt;(Calculator.java:6)
	at io.michaelcane.Commands.&lt;init&gt;(Commands.java:5)
	at io.michaelcane.Calculator.&lt;init&gt;(Calculator.java:6)
	at io.michaelcane.Commands.&lt;init&gt;(Commands.java:5)
	at io.michaelcane.Calculator.&lt;init&gt;(Calculator.java:6)
	at io.michaelcane.Commands.&lt;init&gt;(Commands.java:5)
	at io.michaelcane.Calculator.&lt;init&gt;(Calculator.java:6)
	at io.michaelcane.Commands.&lt;init&gt;(Commands.java:5)
	at io.michaelcane.Calculator.&lt;init&gt;(Calculator.java:6)
	at io.michaelcane.Commands.&lt;init&gt;(Commands.java:5)
	at io.michaelcane.Calculator.&lt;init&gt;(Calculator.java:6)
	at io.michaelcane.Commands.&lt;init&gt;(Commands.java:5)
	at io.michaelcane.Calculator.&lt;init&gt;(Calculator.java:6)
	at io.michaelcane.Commands.&lt;init&gt;(Commands.java:5)
	at io.michaelcane.Calculator.&lt;init&gt;(Calculator.java:6)
	at io.michaelcane.Commands.&lt;init&gt;(Commands.java:5)
	at io.michaelcane.Calculator.&lt;init&gt;(Calculator.java:6)
	at io.michaelcane.Commands.&lt;init&gt;(Commands.java:5)
	at io.michaelcane.Calculator.&lt;init&gt;(Calculator.java:6)
	at io.michaelcane.Commands.&lt;init&gt;(Commands.java:5)
	at io.michaelcane.Calculator.&lt;init&gt;(Calculator.java:6)
	at io.michaelcane.Commands.&lt;init&gt;(Commands.java:5)
	at io.michaelcane.Calculator.&lt;init&gt;(Calculator.java:6)
	at io.michaelcane.Commands.&lt;init&gt;(Commands.java:5)
	at io.michaelcane.Calculator.&lt;init&gt;(Calculator.java:6)
	at io.michaelcane.Commands.&lt;init&gt;(Commands.java:5)
	at io.michaelcane.Calculator.&lt;init&gt;(Calculator.java:6)
	at io.michaelcane.Commands.&lt;init&gt;(Commands.java:5)
	at io.michaelcane.Calculator.&lt;init&gt;(Calculator.java:6)
	at io.michaelcane.Commands.&lt;init&gt;(Commands.java:5)
	at io.michaelcane.Calculator.&lt;init&gt;(Calculator.java:6)
	at io.michaelcane.Commands.&lt;init&gt;(Commands.java:5)
	at io.michaelcane.Calculator.&lt;init&gt;(Calculator.java:6)
	at io.michaelcane.Commands.&lt;init&gt;(Commands.java:5)
	at io.michaelcane.Calculator.&lt;init&gt;(Calculator.java:6)
	at io.michaelcane.Commands.&lt;init&gt;(Commands.java:5)
	at io.michaelcane.Calculator.&lt;init&gt;(Calculator.java:6)
	at io.michaelcane.Commands.&lt;init&gt;(Commands.java:5)
	at io.michaelcane.Calculator.&lt;init&gt;(Calculator.java:6)
	at io.michaelcane.Commands.&lt;init&gt;(Commands.java:5)
	at io.michaelcane.Calculator.&lt;init&gt;(Calculator.java:6)
	at io.michaelcane.Commands.&lt;init&gt;(Commands.java:5)
	at io.michaelcane.Calculator.&lt;init&gt;(Calculator.java:6)
	at io.michaelcane.Commands.&lt;init&gt;(Commands.java:5)
	at io.michaelcane.Calculator.&lt;init&gt;(Calculator.java:6)
	at io.michaelcane.Commands.&lt;init&gt;(Commands.java:5)
	at io.michaelcane.Calculator.&lt;init&gt;(Calculator.java:6)
	at io.michaelcane.Commands.&lt;init&gt;(Commands.java:5)
	at io.michaelcane.Calculator.&lt;init&gt;(Calculator.java:6)
	at io.michaelcane.Commands.&lt;init&gt;(Commands.java:5)
	at io.michaelcane.Calculator.&lt;init&gt;(Calculator.java:6)
	at io.michaelcane.Commands.&lt;init&gt;(Commands.java:5)
	at io.michaelcane.Calculator.&lt;init&gt;(Calculator.java:6)
	at io.michaelcane.Commands.&lt;init&gt;(Commands.java:5)
	at io.michaelcane.Calculator.&lt;init&gt;(Calculator.java:6)
	at io.michaelcane.Commands.&lt;init&gt;(Commands.java:5)
	at io.michaelcane.Calculator.&lt;init&gt;(Calculator.java:6)
	at io.michaelcane.Commands.&lt;init&gt;(Commands.java:5)
	at io.michaelcane.Calculator.&lt;init&gt;(Calculator.java:6)
	at io.michaelcane.Commands.&lt;init&gt;(Commands.java:5)
	at io.michaelcane.Calculator.&lt;init&gt;(Calculator.java:6)
	at io.michaelcane.Commands.&lt;init&gt;(Commands.java:5)
	at io.michaelcane.Calculator.&lt;init&gt;(Calculator.java:6)
	at io.michaelcane.Commands.&lt;init&gt;(Commands.java:5)
	at io.michaelcane.Calculator.&lt;init&gt;(Calculator.java:6)
	at io.michaelcane.Commands.&lt;init&gt;(Commands.java:5)
	at io.michaelcane.Calculator.&lt;init&gt;(Calculator.java:6)
	at io.michaelcane.Commands.&lt;init&gt;(Commands.java:5)
	at io.michaelcane.Calculator.&lt;init&gt;(Calculator.java:6)
	at io.michaelcane.Commands.&lt;init&gt;(Commands.java:5)
	at io.michaelcane.Calculator.&lt;init&gt;(Calculator.java:6)
	at io.michaelcane.Commands.&lt;init&gt;(Commands.java:5)
	at io.michaelcane.Calculator.&lt;init&gt;(Calculator.java:6)
	at io.michaelcane.Commands.&lt;init&gt;(Commands.java:5)
	at io.michaelcane.Calculator.&lt;init&gt;(Calculator.java:6)
	at io.michaelcane.Commands.&lt;init&gt;(Commands.java:5)
	at io.michaelcane.Calculator.&lt;init&gt;(Calculator.java:6)
	at io.michaelcane.Commands.&lt;init&gt;(Commands.java:5)
	at io.michaelcane.Calculator.&lt;init&gt;(Calculator.java:6)
	at io.michaelcane.Commands.&lt;init&gt;(Commands.java:5)
	at io.michaelcane.Calculator.&lt;init&gt;(Calculator.java:6)
	at io.michaelcane.Commands.&lt;init&gt;(Commands.java:5)
	at io.michaelcane.Calculator.&lt;init&gt;(Calculator.java:6)
	at io.michaelcane.Commands.&lt;init&gt;(Commands.java:5)
	at io.michaelcane.Calculator.&lt;init&gt;(Calculator.java:6)
	at io.michaelcane.Commands.&lt;init&gt;(Commands.java:5)
	at io.michaelcane.Calculator.&lt;init&gt;(Calculator.java:6)
	at io.michaelcane.Commands.&lt;init&gt;(Commands.java:5)
	at io.michaelcane.Calculator.&lt;init&gt;(Calculator.java:6)
	at io.michaelcane.Commands.&lt;init&gt;(Commands.java:5)
	at io.michaelcane.Calculator.&lt;init&gt;(Calculator.java:6)
	at io.michaelcane.Commands.&lt;init&gt;(Commands.java:5)
	at io.michaelcane.Calculator.&lt;init&gt;(Calculator.java:6)
	at io.michaelcane.Commands.&lt;init&gt;(Commands.java:5)
	at io.michaelcane.Calculator.&lt;init&gt;(Calculator.java:6)
	at io.michaelcane.Commands.&lt;init&gt;(Commands.java:5)
	at io.michaelcane.Calculator.&lt;init&gt;(Calculator.java:6)
	at io.michaelcane.Commands.&lt;init&gt;(Commands.java:5)
	at io.michaelcane.Calculator.&lt;init&gt;(Calculator.java:6)
	at io.michaelcane.Commands.&lt;init&gt;(Commands.java:5)
	at io.michaelcane.Calculator.&lt;init&gt;(Calculator.java:6)
	at io.michaelcane.Commands.&lt;init&gt;(Commands.java:5)
	at io.michaelcane.Calculator.&lt;init&gt;(Calculator.java:6)
	at io.michaelcane.Commands.&lt;init&gt;(Commands.java:5)
	at io.michaelcane.Calculator.&lt;init&gt;(Calculator.java:6)
	at io.michaelcane.Commands.&lt;init&gt;(Commands.java:5)
	at io.michaelcane.Calculator.&lt;init&gt;(Calculator.java:6)
	at io.michaelcane.Commands.&lt;init&gt;(Commands.java:5)
	at io.michaelcane.Calculator.&lt;init&gt;(Calculator.java:6)
	at io.michaelcane.Commands.&lt;init&gt;(Commands.java:5)
	at io.michaelcane.Calculator.&lt;init&gt;(Calculator.java:6)
	at io.michaelcane.Commands.&lt;init&gt;(Commands.java:5)
	at io.michaelcane.Calculator.&lt;init&gt;(Calculator.java:6)
	at io.michaelcane.Commands.&lt;init&gt;(Commands.java:5)
	at io.michaelcane.Calculator.&lt;init&gt;(Calculator.java:6)
	at io.michaelcane.Commands.&lt;init&gt;(Commands.java:5)
	at io.michaelcane.Calculator.&lt;init&gt;(Calculator.java:6)
	at io.michaelcane.Commands.&lt;init&gt;(Commands.java:5)
	at io.michaelcane.Calculator.&lt;init&gt;(Calculator.java:6)
	at io.michaelcane.Commands.&lt;init&gt;(Commands.java:5)
	at io.michaelcane.Calculator.&lt;init&gt;(Calculator.java:6)
	at io.michaelcane.Commands.&lt;init&gt;(Commands.java:5)
	at io.michaelcane.Calculator.&lt;init&gt;(Calculator.java:6)
	at io.michaelcane.Commands.&lt;init&gt;(Commands.java:5)
	at io.michaelcane.Calculator.&lt;init&gt;(Calculator.java:6)
	at io.michaelcane.Commands.&lt;init&gt;(Commands.java:5)
	at io.michaelcane.Calculator.&lt;init&gt;(Calculator.java:6)
	at io.michaelcane.Commands.&lt;init&gt;(Commands.java:5)
	at io.michaelcane.Calculator.&lt;init&gt;(Calculator.java:6)
	at io.michaelcane.Commands.&lt;init&gt;(Commands.java:5)
	at io.michaelcane.Calculator.&lt;init&gt;(Calculator.java:6)
	at io.michaelcane.Commands.&lt;init&gt;(Commands.java:5)
	at io.michaelcane.Calculator.&lt;init&gt;(Calculator.java:6)
	at io.michaelcane.Commands.&lt;init&gt;(Commands.java:5)
	at io.michaelcane.Calculator.&lt;init&gt;(Calculator.java:6)
	at io.michaelcane.Commands.&lt;init&gt;(Commands.java:5)
	at io.michaelcane.Calculator.&lt;init&gt;(Calculator.java:6)
	at io.michaelcane.Commands.&lt;init&gt;(Commands.java:5)
	at io.michaelcane.Calculator.&lt;init&gt;(Calculator.java:6)
	at io.michaelcane.Commands.&lt;init&gt;(Commands.java:5)
	at io.michaelcane.Calculator.&lt;init&gt;(Calculator.java:6)
	at io.michaelcane.Commands.&lt;init&gt;(Commands.java:5)
	at io.michaelcane.Calculator.&lt;init&gt;(Calculator.java:6)
	at io.michaelcane.Commands.&lt;init&gt;(Commands.java:5)
	at io.michaelcane.Calculator.&lt;init&gt;(Calculator.java:6)
	at io.michaelcane.Commands.&lt;init&gt;(Commands.java:5)
	at io.michaelcane.Calculator.&lt;init&gt;(Calculator.java:6)
	at io.michaelcane.Commands.&lt;init&gt;(Commands.java:5)
	at io.michaelcane.Calculator.&lt;init&gt;(Calculator.java:6)
	at io.michaelcane.Commands.&lt;init&gt;(Commands.java:5)
	at io.michaelcane.Calculator.&lt;init&gt;(Calculator.java:6)
	at io.michaelcane.Commands.&lt;init&gt;(Commands.java:5)
	at io.michaelcane.Calculator.&lt;init&gt;(Calculator.java:6)
	at io.michaelcane.Commands.&lt;init&gt;(Commands.java:5)
	at io.michaelcane.Calculator.&lt;init&gt;(Calculator.java:6)
	at io.michaelcane.Commands.&lt;init&gt;(Commands.java:5)
	at io.michaelcane.Calculator.&lt;init&gt;(Calculator.java:6)
	at io.michaelcane.Commands.&lt;init&gt;(Commands.java:5)
	at io.michaelcane.Calculator.&lt;init&gt;(Calculator.java:6)
	at io.michaelcane.Commands.&lt;init&gt;(Commands.java:5)
	at io.michaelcane.Calculator.&lt;init&gt;(Calculator.java:6)
	at io.michaelcane.Commands.&lt;init&gt;(Commands.java:5)
	at io.michaelcane.Calculator.&lt;init&gt;(Calculator.java:6)
	at io.michaelcane.Commands.&lt;init&gt;(Commands.java:5)
	at io.michaelcane.Calculator.&lt;init&gt;(Calculator.java:6)
	at io.michaelcane.Commands.&lt;init&gt;(Commands.java:5)
	at io.michaelcane.Calculator.&lt;init&gt;(Calculator.java:6)
	at io.michaelcane.Commands.&lt;init&gt;(Commands.java:5)
	at io.michaelcane.Calculator.&lt;init&gt;(Calculator.java:6)
	at io.michaelcane.Commands.&lt;init&gt;(Commands.java:5)
	at io.michaelcane.Calculator.&lt;init&gt;(Calculator.java:6)
	at io.michaelcane.Commands.&lt;init&gt;(Commands.java:5)
	at io.michaelcane.Calculator.&lt;init&gt;(Calculator.java:6)
	at io.michaelcane.Commands.&lt;init&gt;(Commands.java:5)
	at io.michaelcane.Calculator.&lt;init&gt;(Calculator.java:6)
	at io.michaelcane.Commands.&lt;init&gt;(Commands.java:5)
	at io.michaelcane.Calculator.&lt;init&gt;(Calculator.java:6)
	at io.michaelcane.Commands.&lt;init&gt;(Commands.java:5)
	at io.michaelcane.Calculator.&lt;init&gt;(Calculator.java:6)
	at io.michaelcane.Commands.&lt;init&gt;(Commands.java:5)
	at io.michaelcane.Calculator.&lt;init&gt;(Calculator.java:6)
	at io.michaelcane.Commands.&lt;init&gt;(Commands.java:5)
	at io.michaelcane.Calculator.&lt;init&gt;(Calculator.java:6)
	at io.michaelcane.Commands.&lt;init&gt;(Commands.java:5)
	at io.michaelcane.Calculator.&lt;init&gt;(Calculator.java:6)
	at io.michaelcane.Commands.&lt;init&gt;(Commands.java:5)
	at io.michaelcane.Calculator.&lt;init&gt;(Calculator.java:6)
	at io.michaelcane.Commands.&lt;init&gt;(Commands.java:5)
	at io.michaelcane.Calculator.&lt;init&gt;(Calculator.java:6)
	at io.michaelcane.Commands.&lt;init&gt;(Commands.java:5)
	at io.michaelcane.Calculator.&lt;init&gt;(Calculator.java:6)
	at io.michaelcane.Commands.&lt;init&gt;(Commands.java:5)
	at io.michaelcane.Calculator.&lt;init&gt;(Calculator.java:6)
	at io.michaelcane.Commands.&lt;init&gt;(Commands.java:5)
	at io.michaelcane.Calculator.&lt;init&gt;(Calculator.java:6)
	at io.michaelcane.Commands.&lt;init&gt;(Commands.java:5)
	at io.michaelcane.Calculator.&lt;init&gt;(Calculator.java:6)
	at io.michaelcane.Commands.&lt;init&gt;(Commands.java:5)
	at io.michaelcane.Calculator.&lt;init&gt;(Calculator.java:6)
	at io.michaelcane.Commands.&lt;init&gt;(Commands.java:5)
	at io.michaelcane.Calculator.&lt;init&gt;(Calculator.java:6)
	at io.michaelcane.Commands.&lt;init&gt;(Commands.java:5)
	at io.michaelcane.Calculator.&lt;init&gt;(Calculator.java:6)
	at io.michaelcane.Commands.&lt;init&gt;(Commands.java:5)
	at io.michaelcane.Calculator.&lt;init&gt;(Calculator.java:6)
	at io.michaelcane.Commands.&lt;init&gt;(Commands.java:5)
	at io.michaelcane.Calculator.&lt;init&gt;(Calculator.java:6)
	at io.michaelcane.Commands.&lt;init&gt;(Commands.java:5)
	at io.michaelcane.Calculator.&lt;init&gt;(Calculator.java:6)
	at io.michaelcane.Commands.&lt;init&gt;(Commands.java:5)
	at io.michaelcane.Calculator.&lt;init&gt;(Calculator.java:6)
	at io.michaelcane.Commands.&lt;init&gt;(Commands.java:5)
	at io.michaelcane.Calculator.&lt;init&gt;(Calculator.java:6)
	at io.michaelcane.Commands.&lt;init&gt;(Commands.java:5)
	at io.michaelcane.Calculator.&lt;init&gt;(Calculator.java:6)
	at io.michaelcane.Commands.&lt;init&gt;(Commands.java:5)
	at io.michaelcane.Calculator.&lt;init&gt;(Calculator.java:6)
	at io.michaelcane.Commands.&lt;init&gt;(Commands.java:5)
	at io.michaelcane.Calculator.&lt;init&gt;(Calculator.java:6)
	at io.michaelcane.Commands.&lt;init&gt;(Commands.java:5)
	at io.michaelcane.Calculator.&lt;init&gt;(Calculator.java:6)
	at io.michaelcane.Commands.&lt;init&gt;(Commands.java:5)
	at io.michaelcane.Calculator.&lt;init&gt;(Calculator.java:6)
	at io.michaelcane.Commands.&lt;init&gt;(Commands.java:5)
	at io.michaelcane.Calculator.&lt;init&gt;(Calculator.java:6)
	at io.michaelcane.Commands.&lt;init&gt;(Commands.java:5)
	at io.michaelcane.Calculator.&lt;init&gt;(Calculator.java:6)
	at io.michaelcane.Commands.&lt;init&gt;(Commands.java:5)
	at io.michaelcane.Calculator.&lt;init&gt;(Calculator.java:6)
	at io.michaelcane.Commands.&lt;init&gt;(Commands.java:5)
	at io.michaelcane.Calculator.&lt;init&gt;(Calculator.java:6)
	at io.michaelcane.Commands.&lt;init&gt;(Commands.java:5)
	at io.michaelcane.Calculator.&lt;init&gt;(Calculator.java:6)
	at io.michaelcane.Commands.&lt;init&gt;(Commands.java:5)
	at io.michaelcane.Calculator.&lt;init&gt;(Calculator.java:6)
	at io.michaelcane.Commands.&lt;init&gt;(Commands.java:5)
	at io.michaelcane.Calculator.&lt;init&gt;(Calculator.java:6)
	at io.michaelcane.Commands.&lt;init&gt;(Commands.java:5)
	at io.michaelcane.Calculator.&lt;init&gt;(Calculator.java:6)
	at io.michaelcane.Commands.&lt;init&gt;(Commands.java:5)
	at io.michaelcane.Calculator.&lt;init&gt;(Calculator.java:6)
	at io.michaelcane.Commands.&lt;init&gt;(Commands.java:5)
	at io.michaelcane.Calculator.&lt;init&gt;(Calculator.java:6)
	at io.michaelcane.Commands.&lt;init&gt;(Commands.java:5)
	at io.michaelcane.Calculator.&lt;init&gt;(Calculator.java:6)
	at io.michaelcane.Commands.&lt;init&gt;(Commands.java:5)
	at io.michaelcane.Calculator.&lt;init&gt;(Calculator.java:6)
	at io.michaelcane.Commands.&lt;init&gt;(Commands.java:5)
	at io.michaelcane.Calculator.&lt;init&gt;(Calculator.java:6)
	at io.michaelcane.Commands.&lt;init&gt;(Commands.java:5)
	at io.michaelcane.Calculator.&lt;init&gt;(Calculator.java:6)
	at io.michaelcane.Commands.&lt;init&gt;(Commands.java:5)
	at io.michaelcane.Calculator.&lt;init&gt;(Calculator.java:6)
	at io.michaelcane.Commands.&lt;init&gt;(Commands.java:5)
	at io.michaelcane.Calculator.&lt;init&gt;(Calculator.java:6)
	at io.michaelcane.Commands.&lt;init&gt;(Commands.java:5)
	at io.michaelcane.Calculator.&lt;init&gt;(Calculator.java:6)
	at io.michaelcane.Commands.&lt;init&gt;(Commands.java:5)
	at io.michaelcane.Calculator.&lt;init&gt;(Calculator.java:6)
	at io.michaelcane.Commands.&lt;init&gt;(Commands.java:5)
	at io.michaelcane.Calculator.&lt;init&gt;(Calculator.java:6)
	at io.michaelcane.Commands.&lt;init&gt;(Commands.java:5)
	at io.michaelcane.Calculator.&lt;init&gt;(Calculator.java:6)
	at io.michaelcane.Commands.&lt;init&gt;(Commands.java:5)
	at io.michaelcane.Calculator.&lt;init&gt;(Calculator.java:6)
	at io.michaelcane.Commands.&lt;init&gt;(Commands.java:5)
	at io.michaelcane.Calculator.&lt;init&gt;(Calculator.java:6)
	at io.michaelcane.Commands.&lt;init&gt;(Commands.java:5)
	at io.michaelcane.Calculator.&lt;init&gt;(Calculator.java:6)
	at io.michaelcane.Commands.&lt;init&gt;(Commands.java:5)
	at io.michaelcane.Calculator.&lt;init&gt;(Calculator.java:6)
	at io.michaelcane.Commands.&lt;init&gt;(Commands.java:5)
	at io.michaelcane.Calculator.&lt;init&gt;(Calculator.java:6)
	at io.michaelcane.Commands.&lt;init&gt;(Commands.java:5)
	at io.michaelcane.Calculator.&lt;init&gt;(Calculator.java:6)
	at io.michaelcane.Commands.&lt;init&gt;(Commands.java:5)
	at io.michaelcane.Calculator.&lt;init&gt;(Calculator.java:6)
	at io.michaelcane.Commands.&lt;init&gt;(Commands.java:5)
	at io.michaelcane.Calculator.&lt;init&gt;(Calculator.java:6)
	at io.michaelcane.Commands.&lt;init&gt;(Commands.java:5)
	at io.michaelcane.Calculator.&lt;init&gt;(Calculator.java:6)
	at io.michaelcane.Commands.&lt;init&gt;(Commands.java:5)
	at io.michaelcane.Calculator.&lt;init&gt;(Calculator.java:6)
	at io.michaelcane.Commands.&lt;init&gt;(Commands.java:5)
	at io.michaelcane.Calculator.&lt;init&gt;(Calculator.java:6)
	at io.michaelcane.Commands.&lt;init&gt;(Commands.java:5)
	at io.michaelcane.Calculator.&lt;init&gt;(Calculator.java:6)
	at io.michaelcane.Commands.&lt;init&gt;(Commands.java:5)
	at io.michaelcane.Calculator.&lt;init&gt;(Calculator.java:6)
	at io.michaelcane.Commands.&lt;init&gt;(Commands.java:5)
	at io.michaelcane.Calculator.&lt;init&gt;(Calculator.java:6)
	at io.michaelcane.Commands.&lt;init&gt;(Commands.java:5)
	at io.michaelcane.Calculator.&lt;init&gt;(Calculator.java:6)
	at io.michaelcane.Commands.&lt;init&gt;(Commands.java:5)
	at io.michaelcane.Calculator.&lt;init&gt;(Calculator.java:6)
	at io.michaelcane.Commands.&lt;init&gt;(Commands.java:5)
	at io.michaelcane.Calculator.&lt;init&gt;(Calculator.java:6)
	at io.michaelcane.Commands.&lt;init&gt;(Commands.java:5)
	at io.michaelcane.Calculator.&lt;init&gt;(Calculator.java:6)
	at io.michaelcane.Commands.&lt;init&gt;(Commands.java:5)
	at io.michaelcane.Calculator.&lt;init&gt;(Calculator.java:6)
	at io.michaelcane.Commands.&lt;init&gt;(Commands.java:5)
	at io.michaelcane.Calculator.&lt;init&gt;(Calculator.java:6)
	at io.michaelcane.Commands.&lt;init&gt;(Commands.java:5)
	at io.michaelcane.Calculator.&lt;init&gt;(Calculator.java:6)
	at io.michaelcane.Commands.&lt;init&gt;(Commands.java:5)
	at io.michaelcane.Calculator.&lt;init&gt;(Calculator.java:6)
	at io.michaelcane.Commands.&lt;init&gt;(Commands.java:5)
	at io.michaelcane.Calculator.&lt;init&gt;(Calculator.java:6)
	at io.michaelcane.Commands.&lt;init&gt;(Commands.java:5)
	at io.michaelcane.Calculator.&lt;init&gt;(Calculator.java:6)
	at io.michaelcane.Commands.&lt;init&gt;(Commands.java:5)
	at io.michaelcane.Calculator.&lt;init&gt;(Calculator.java:6)
	at io.michaelcane.Commands.&lt;init&gt;(Commands.java:5)
	at io.michaelcane.Calculator.&lt;init&gt;(Calculator.java:6)
	at io.michaelcane.Commands.&lt;init&gt;(Commands.java:5)
	at io.michaelcane.Calculator.&lt;init&gt;(Calculator.java:6)
	at io.michaelcane.Commands.&lt;init&gt;(Commands.java:5)
	at io.michaelcane.Calculator.&lt;init&gt;(Calculator.java:6)
	at io.michaelcane.Commands.&lt;init&gt;(Commands.java:5)
	at io.michaelcane.Calculator.&lt;init&gt;(Calculator.java:6)
	at io.michaelcane.Commands.&lt;init&gt;(Commands.java:5)
	at io.michaelcane.Calculator.&lt;init&gt;(Calculator.java:6)
	at io.michaelcane.Commands.&lt;init&gt;(Commands.java:5)
	at io.michaelcane.Calculator.&lt;init&gt;(Calculator.java:6)
	at io.michaelcane.Commands.&lt;init&gt;(Commands.java:5)
	at io.michaelcane.Calculator.&lt;init&gt;(Calculator.java:6)
	at io.michaelcane.Commands.&lt;init&gt;(Commands.java:5)
	at io.michaelcane.Calculator.&lt;init&gt;(Calculator.java:6)
	at io.michaelcane.Commands.&lt;init&gt;(Commands.java:5)
	at io.michaelcane.Calculator.&lt;init&gt;(Calculator.java:6)
	at io.michaelcane.Commands.&lt;init&gt;(Commands.java:5)
	at io.michaelcane.Calculator.&lt;init&gt;(Calculator.java:6)
	at io.michaelcane.Commands.&lt;init&gt;(Commands.java:5)
	at io.michaelcane.Calculator.&lt;init&gt;(Calculator.java:6)
	at io.michaelcane.Commands.&lt;init&gt;(Commands.java:5)
	at io.michaelcane.Calculator.&lt;init&gt;(Calculator.java:6)
	at io.michaelcane.Commands.&lt;init&gt;(Commands.java:5)
	at io.michaelcane.Calculator.&lt;init&gt;(Calculator.java:6)
	at io.michaelcane.Commands.&lt;init&gt;(Commands.java:5)
	at io.michaelcane.Calculator.&lt;init&gt;(Calculator.java:6)
	at io.michaelcane.Commands.&lt;init&gt;(Commands.java:5)
	at io.michaelcane.Calculator.&lt;init&gt;(Calculator.java:6)
	at io.michaelcane.Commands.&lt;init&gt;(Commands.java:5)
	at io.michaelcane.Calculator.&lt;init&gt;(Calculator.java:6)
	at io.michaelcane.Commands.&lt;init&gt;(Commands.java:5)
	at io.michaelcane.Calculator.&lt;init&gt;(Calculator.java:6)
	at io.michaelcane.Commands.&lt;init&gt;(Commands.java:5)
	at io.michaelcane.Calculator.&lt;init&gt;(Calculator.java:6)
	at io.michaelcane.Commands.&lt;init&gt;(Commands.java:5)
	at io.michaelcane.Calculator.&lt;init&gt;(Calculator.java:6)
	at io.michaelcane.Commands.&lt;init&gt;(Commands.java:5)
	at io.michaelcane.Calculator.&lt;init&gt;(Calculator.java:6)
	at io.michaelcane.Commands.&lt;init&gt;(Commands.java:5)
	at io.michaelcane.Calculator.&lt;init&gt;(Calculator.java:6)
	at io.michaelcane.Commands.&lt;init&gt;(Commands.java:5)
	at io.michaelcane.Calculator.&lt;init&gt;(Calculator.java:6)
	at io.michaelcane.Commands.&lt;init&gt;(Commands.java:5)
	at io.michaelcane.Calculator.&lt;init&gt;(Calculator.java:6)
	at io.michaelcane.Commands.&lt;init&gt;(Commands.java:5)
	at io.michaelcane.Calculator.&lt;init&gt;(Calculator.java:6)
	at io.michaelcane.Commands.&lt;init&gt;(Commands.java:5)
	at io.michaelcane.Calculator.&lt;init&gt;(Calculator.java:6)
	at io.michaelcane.Commands.&lt;init&gt;(Commands.java:5)
	at io.michaelcane.Calculator.&lt;init&gt;(Calculator.java:6)
	at io.michaelcane.Commands.&lt;init&gt;(Commands.java:5)
	at io.michaelcane.Calculator.&lt;init&gt;(Calculator.java:6)
	at io.michaelcane.Commands.&lt;init&gt;(Commands.java:5)
	at io.michaelcane.Calculator.&lt;init&gt;(Calculator.java:6)
	at io.michaelcane.Commands.&lt;init&gt;(Commands.java:5)
	at io.michaelcane.Calculator.&lt;init&gt;(Calculator.java:6)
	at io.michaelcane.Commands.&lt;init&gt;(Commands.java:5)
	at io.michaelcane.Calculator.&lt;init&gt;(Calculator.java:6)
	at io.michaelcane.Commands.&lt;init&gt;(Commands.java:5)
	at io.michaelcane.Calculator.&lt;init&gt;(Calculator.java:6)
	at io.michaelcane.Commands.&lt;init&gt;(Commands.java:5)
	at io.michaelcane.Calculator.&lt;init&gt;(Calculator.java:6)
	at io.michaelcane.Commands.&lt;init&gt;(Commands.java:5)
	at io.michaelcane.Calculator.&lt;init&gt;(Calculator.java:6)
	at io.michaelcane.Commands.&lt;init&gt;(Commands.java:5)
	at io.michaelcane.Calculator.&lt;init&gt;(Calculator.java:6)
	at io.michaelcane.Commands.&lt;init&gt;(Commands.java:5)
	at io.michaelcane.Calculator.&lt;init&gt;(Calculator.java:6)
	at io.michaelcane.Commands.&lt;init&gt;(Commands.java:5)
	at io.michaelcane.Calculator.&lt;init&gt;(Calculator.java:6)
	at io.michaelcane.Commands.&lt;init&gt;(Commands.java:5)
	at io.michaelcane.Calculator.&lt;init&gt;(Calculator.java:6)
	at io.michaelcane.Commands.&lt;init&gt;(Commands.java:5)
	at io.michaelcane.Calculator.&lt;init&gt;(Calculator.java:6)
	at io.michaelcane.Commands.&lt;init&gt;(Commands.java:5)
	at io.michaelcane.Calculator.&lt;init&gt;(Calculator.java:6)
	at io.michaelcane.Commands.&lt;init&gt;(Commands.java:5)
	at io.michaelcane.Calculator.&lt;init&gt;(Calculator.java:6)
	at io.michaelcane.Commands.&lt;init&gt;(Commands.java:5)
	at io.michaelcane.Calculator.&lt;init&gt;(Calculator.java:6)
	at io.michaelcane.Commands.&lt;init&gt;(Commands.java:5)
	at io.michaelcane.Calculator.&lt;init&gt;(Calculator.java:6)
	at io.michaelcane.Commands.&lt;init&gt;(Commands.java:5)
	at io.michaelcane.Calculator.&lt;init&gt;(Calculator.java:6)
	at io.michaelcane.Commands.&lt;init&gt;(Commands.java:5)
	at io.michaelcane.Calculator.&lt;init&gt;(Calculator.java:6)
	at io.michaelcane.Commands.&lt;init&gt;(Commands.java:5)
	at io.michaelcane.Calculator.&lt;init&gt;(Calculator.java:6)
	at io.michaelcane.Commands.&lt;init&gt;(Commands.java:5)
	at io.michaelcane.Calculator.&lt;init&gt;(Calculator.java:6)
	at io.michaelcane.Commands.&lt;init&gt;(Commands.java:5)
	at io.michaelcane.Calculator.&lt;init&gt;(Calculator.java:6)
	at io.michaelcane.Commands.&lt;init&gt;(Commands.java:5)
	at io.michaelcane.Calculator.&lt;init&gt;(Calculator.java:6)
	at io.michaelcane.Commands.&lt;init&gt;(Commands.java:5)
	at io.michaelcane.Calculator.&lt;init&gt;(Calculator.java:6)
	at io.michaelcane.Commands.&lt;init&gt;(Commands.java:5)
	at io.michaelcane.Calculator.&lt;init&gt;(Calculator.java:6)
	at io.michaelcane.Commands.&lt;init&gt;(Commands.java:5)
	at io.michaelcane.Calculator.&lt;init&gt;(Calculator.java:6)
	at io.michaelcane.Commands.&lt;init&gt;(Commands.java:5)
	at io.michaelcane.Calculator.&lt;init&gt;(Calculator.java:6)
	at io.michaelcane.Commands.&lt;init&gt;(Commands.java:5)
	at io.michaelcane.Calculator.&lt;init&gt;(Calculator.java:6)
	at io.michaelcane.Commands.&lt;init&gt;(Commands.java:5)
	at io.michaelcane.Calculator.&lt;init&gt;(Calculator.java:6)
	at io.michaelcane.Commands.&lt;init&gt;(Commands.java:5)
	at io.michaelcane.Calculator.&lt;init&gt;(Calculator.java:6)
	at io.michaelcane.Commands.&lt;init&gt;(Commands.java:5)
	at io.michaelcane.Calculator.&lt;init&gt;(Calculator.java:6)
	at io.michaelcane.Commands.&lt;init&gt;(Commands.java:5)
	at io.michaelcane.Calculator.&lt;init&gt;(Calculator.java:6)
	at io.michaelcane.Commands.&lt;init&gt;(Commands.java:5)
	at io.michaelcane.Calculator.&lt;init&gt;(Calculator.java:6)
	at io.michaelcane.Commands.&lt;init&gt;(Commands.java:5)
	at io.michaelcane.Calculator.&lt;init&gt;(Calculator.java:6)
	at io.michaelcane.Commands.&lt;init&gt;(Commands.java:5)
	at io.michaelcane.Calculator.&lt;init&gt;(Calculator.java:6)
	at io.michaelcane.Commands.&lt;init&gt;(Commands.java:5)
	at io.michaelcane.Calculator.&lt;init&gt;(Calculator.java:6)
	at io.michaelcane.Commands.&lt;init&gt;(Commands.java:5)
	at io.michaelcane.Calculator.&lt;init&gt;(Calculator.java:6)
	at io.michaelcane.Commands.&lt;init&gt;(Commands.java:5)
	at io.michaelcane.Calculator.&lt;init&gt;(Calculator.java:6)
	at io.michaelcane.Commands.&lt;init&gt;(Commands.java:5)
</error>
  </testcase>
  <testcase classname="io.michaelcane.CalculatorSpec" name="test$squareRoot" time="0.012">
    <error type="java.lang.StackOverflowError">java.lang.StackOverflowError
	at io.michaelcane.Calculator.&lt;init&gt;(Calculator.java:6)
	at io.michaelcane.Commands.&lt;init&gt;(Commands.java:5)
	at io.michaelcane.Calculator.&lt;init&gt;(Calculator.java:6)
	at io.michaelcane.Commands.&lt;init&gt;(Commands.java:5)
	at io.michaelcane.Calculator.&lt;init&gt;(Calculator.java:6)
	at io.michaelcane.Commands.&lt;init&gt;(Commands.java:5)
	at io.michaelcane.Calculator.&lt;init&gt;(Calculator.java:6)
	at io.michaelcane.Commands.&lt;init&gt;(Commands.java:5)
	at io.michaelcane.Calculator.&lt;init&gt;(Calculator.java:6)
	at io.michaelcane.Commands.&lt;init&gt;(Commands.java:5)
	at io.michaelcane.Calculator.&lt;init&gt;(Calculator.java:6)
	at io.michaelcane.Commands.&lt;init&gt;(Commands.java:5)
	at io.michaelcane.Calculator.&lt;init&gt;(Calculator.java:6)
	at io.michaelcane.Commands.&lt;init&gt;(Commands.java:5)
	at io.michaelcane.Calculator.&lt;init&gt;(Calculator.java:6)
	at io.michaelcane.Commands.&lt;init&gt;(Commands.java:5)
	at io.michaelcane.Calculator.&lt;init&gt;(Calculator.java:6)
	at io.michaelcane.Commands.&lt;init&gt;(Commands.java:5)
	at io.michaelcane.Calculator.&lt;init&gt;(Calculator.java:6)
	at io.michaelcane.Commands.&lt;init&gt;(Commands.java:5)
	at io.michaelcane.Calculator.&lt;init&gt;(Calculator.java:6)
	at io.michaelcane.Commands.&lt;init&gt;(Commands.java:5)
	at io.michaelcane.Calculator.&lt;init&gt;(Calculator.java:6)
	at io.michaelcane.Commands.&lt;init&gt;(Commands.java:5)
	at io.michaelcane.Calculator.&lt;init&gt;(Calculator.java:6)
	at io.michaelcane.Commands.&lt;init&gt;(Commands.java:5)
	at io.michaelcane.Calculator.&lt;init&gt;(Calculator.java:6)
	at io.michaelcane.Commands.&lt;init&gt;(Commands.java:5)
	at io.michaelcane.Calculator.&lt;init&gt;(Calculator.java:6)
	at io.michaelcane.Commands.&lt;init&gt;(Commands.java:5)
	at io.michaelcane.Calculator.&lt;init&gt;(Calculator.java:6)
	at io.michaelcane.Commands.&lt;init&gt;(Commands.java:5)
	at io.michaelcane.Calculator.&lt;init&gt;(Calculator.java:6)
	at io.michaelcane.Commands.&lt;init&gt;(Commands.java:5)
	at io.michaelcane.Calculator.&lt;init&gt;(Calculator.java:6)
	at io.michaelcane.Commands.&lt;init&gt;(Commands.java:5)
	at io.michaelcane.Calculator.&lt;init&gt;(Calculator.java:6)
	at io.michaelcane.Commands.&lt;init&gt;(Commands.java:5)
	at io.michaelcane.Calculator.&lt;init&gt;(Calculator.java:6)
	at io.michaelcane.Commands.&lt;init&gt;(Commands.java:5)
	at io.michaelcane.Calculator.&lt;init&gt;(Calculator.java:6)
	at io.michaelcane.Commands.&lt;init&gt;(Commands.java:5)
	at io.michaelcane.Calculator.&lt;init&gt;(Calculator.java:6)
	at io.michaelcane.Commands.&lt;init&gt;(Commands.java:5)
	at io.michaelcane.Calculator.&lt;init&gt;(Calculator.java:6)
	at io.michaelcane.Commands.&lt;init&gt;(Commands.java:5)
	at io.michaelcane.Calculator.&lt;init&gt;(Calculator.java:6)
	at io.michaelcane.Commands.&lt;init&gt;(Commands.java:5)
	at io.michaelcane.Calculator.&lt;init&gt;(Calculator.java:6)
	at io.michaelcane.Commands.&lt;init&gt;(Commands.java:5)
	at io.michaelcane.Calculator.&lt;init&gt;(Calculator.java:6)
	at io.michaelcane.Commands.&lt;init&gt;(Commands.java:5)
	at io.michaelcane.Calculator.&lt;init&gt;(Calculator.java:6)
	at io.michaelcane.Commands.&lt;init&gt;(Commands.java:5)
	at io.michaelcane.Calculator.&lt;init&gt;(Calculator.java:6)
	at io.michaelcane.Commands.&lt;init&gt;(Commands.java:5)
	at io.michaelcane.Calculator.&lt;init&gt;(Calculator.java:6)
	at io.michaelcane.Commands.&lt;init&gt;(Commands.java:5)
	at io.michaelcane.Calculator.&lt;init&gt;(Calculator.java:6)
	at io.michaelcane.Commands.&lt;init&gt;(Commands.java:5)
	at io.michaelcane.Calculator.&lt;init&gt;(Calculator.java:6)
	at io.michaelcane.Commands.&lt;init&gt;(Commands.java:5)
	at io.michaelcane.Calculator.&lt;init&gt;(Calculator.java:6)
	at io.michaelcane.Commands.&lt;init&gt;(Commands.java:5)
	at io.michaelcane.Calculator.&lt;init&gt;(Calculator.java:6)
	at io.michaelcane.Commands.&lt;init&gt;(Commands.java:5)
	at io.michaelcane.Calculator.&lt;init&gt;(Calculator.java:6)
	at io.michaelcane.Commands.&lt;init&gt;(Commands.java:5)
	at io.michaelcane.Calculator.&lt;init&gt;(Calculator.java:6)
	at io.michaelcane.Commands.&lt;init&gt;(Commands.java:5)
	at io.michaelcane.Calculator.&lt;init&gt;(Calculator.java:6)
	at io.michaelcane.Commands.&lt;init&gt;(Commands.java:5)
	at io.michaelcane.Calculator.&lt;init&gt;(Calculator.java:6)
	at io.michaelcane.Commands.&lt;init&gt;(Commands.java:5)
	at io.michaelcane.Calculator.&lt;init&gt;(Calculator.java:6)
	at io.michaelcane.Commands.&lt;init&gt;(Commands.java:5)
	at io.michaelcane.Calculator.&lt;init&gt;(Calculator.java:6)
	at io.michaelcane.Commands.&lt;init&gt;(Commands.java:5)
	at io.michaelcane.Calculator.&lt;init&gt;(Calculator.java:6)
	at io.michaelcane.Commands.&lt;init&gt;(Commands.java:5)
	at io.michaelcane.Calculator.&lt;init&gt;(Calculator.java:6)
	at io.michaelcane.Commands.&lt;init&gt;(Commands.java:5)
	at io.michaelcane.Calculator.&lt;init&gt;(Calculator.java:6)
	at io.michaelcane.Commands.&lt;init&gt;(Commands.java:5)
	at io.michaelcane.Calculator.&lt;init&gt;(Calculator.java:6)
	at io.michaelcane.Commands.&lt;init&gt;(Commands.java:5)
	at io.michaelcane.Calculator.&lt;init&gt;(Calculator.java:6)
	at io.michaelcane.Commands.&lt;init&gt;(Commands.java:5)
	at io.michaelcane.Calculator.&lt;init&gt;(Calculator.java:6)
	at io.michaelcane.Commands.&lt;init&gt;(Commands.java:5)
	at io.michaelcane.Calculator.&lt;init&gt;(Calculator.java:6)
	at io.michaelcane.Commands.&lt;init&gt;(Commands.java:5)
	at io.michaelcane.Calculator.&lt;init&gt;(Calculator.java:6)
	at io.michaelcane.Commands.&lt;init&gt;(Commands.java:5)
	at io.michaelcane.Calculator.&lt;init&gt;(Calculator.java:6)
	at io.michaelcane.Commands.&lt;init&gt;(Commands.java:5)
	at io.michaelcane.Calculator.&lt;init&gt;(Calculator.java:6)
	at io.michaelcane.Commands.&lt;init&gt;(Commands.java:5)
	at io.michaelcane.Calculator.&lt;init&gt;(Calculator.java:6)
	at io.michaelcane.Commands.&lt;init&gt;(Commands.java:5)
	at io.michaelcane.Calculator.&lt;init&gt;(Calculator.java:6)
	at io.michaelcane.Commands.&lt;init&gt;(Commands.java:5)
	at io.michaelcane.Calculator.&lt;init&gt;(Calculator.java:6)
	at io.michaelcane.Commands.&lt;init&gt;(Commands.java:5)
	at io.michaelcane.Calculator.&lt;init&gt;(Calculator.java:6)
	at io.michaelcane.Commands.&lt;init&gt;(Commands.java:5)
	at io.michaelcane.Calculator.&lt;init&gt;(Calculator.java:6)
	at io.michaelcane.Commands.&lt;init&gt;(Commands.java:5)
	at io.michaelcane.Calculator.&lt;init&gt;(Calculator.java:6)
	at io.michaelcane.Commands.&lt;init&gt;(Commands.java:5)
	at io.michaelcane.Calculator.&lt;init&gt;(Calculator.java:6)
	at io.michaelcane.Commands.&lt;init&gt;(Commands.java:5)
	at io.michaelcane.Calculator.&lt;init&gt;(Calculator.java:6)
	at io.michaelcane.Commands.&lt;init&gt;(Commands.java:5)
	at io.michaelcane.Calculator.&lt;init&gt;(Calculator.java:6)
	at io.michaelcane.Commands.&lt;init&gt;(Commands.java:5)
	at io.michaelcane.Calculator.&lt;init&gt;(Calculator.java:6)
	at io.michaelcane.Commands.&lt;init&gt;(Commands.java:5)
	at io.michaelcane.Calculator.&lt;init&gt;(Calculator.java:6)
	at io.michaelcane.Commands.&lt;init&gt;(Commands.java:5)
	at io.michaelcane.Calculator.&lt;init&gt;(Calculator.java:6)
	at io.michaelcane.Commands.&lt;init&gt;(Commands.java:5)
	at io.michaelcane.Calculator.&lt;init&gt;(Calculator.java:6)
	at io.michaelcane.Commands.&lt;init&gt;(Commands.java:5)
	at io.michaelcane.Calculator.&lt;init&gt;(Calculator.java:6)
	at io.michaelcane.Commands.&lt;init&gt;(Commands.java:5)
	at io.michaelcane.Calculator.&lt;init&gt;(Calculator.java:6)
	at io.michaelcane.Commands.&lt;init&gt;(Commands.java:5)
	at io.michaelcane.Calculator.&lt;init&gt;(Calculator.java:6)
	at io.michaelcane.Commands.&lt;init&gt;(Commands.java:5)
	at io.michaelcane.Calculator.&lt;init&gt;(Calculator.java:6)
	at io.michaelcane.Commands.&lt;init&gt;(Commands.java:5)
	at io.michaelcane.Calculator.&lt;init&gt;(Calculator.java:6)
	at io.michaelcane.Commands.&lt;init&gt;(Commands.java:5)
	at io.michaelcane.Calculator.&lt;init&gt;(Calculator.java:6)
	at io.michaelcane.Commands.&lt;init&gt;(Commands.java:5)
	at io.michaelcane.Calculator.&lt;init&gt;(Calculator.java:6)
	at io.michaelcane.Commands.&lt;init&gt;(Commands.java:5)
	at io.michaelcane.Calculator.&lt;init&gt;(Calculator.java:6)
	at io.michaelcane.Commands.&lt;init&gt;(Commands.java:5)
	at io.michaelcane.Calculator.&lt;init&gt;(Calculator.java:6)
	at io.michaelcane.Commands.&lt;init&gt;(Commands.java:5)
	at io.michaelcane.Calculator.&lt;init&gt;(Calculator.java:6)
	at io.michaelcane.Commands.&lt;init&gt;(Commands.java:5)
	at io.michaelcane.Calculator.&lt;init&gt;(Calculator.java:6)
	at io.michaelcane.Commands.&lt;init&gt;(Commands.java:5)
	at io.michaelcane.Calculator.&lt;init&gt;(Calculator.java:6)
	at io.michaelcane.Commands.&lt;init&gt;(Commands.java:5)
	at io.michaelcane.Calculator.&lt;init&gt;(Calculator.java:6)
	at io.michaelcane.Commands.&lt;init&gt;(Commands.java:5)
	at io.michaelcane.Calculator.&lt;init&gt;(Calculator.java:6)
	at io.michaelcane.Commands.&lt;init&gt;(Commands.java:5)
	at io.michaelcane.Calculator.&lt;init&gt;(Calculator.java:6)
	at io.michaelcane.Commands.&lt;init&gt;(Commands.java:5)
	at io.michaelcane.Calculator.&lt;init&gt;(Calculator.java:6)
	at io.michaelcane.Commands.&lt;init&gt;(Commands.java:5)
	at io.michaelcane.Calculator.&lt;init&gt;(Calculator.java:6)
	at io.michaelcane.Commands.&lt;init&gt;(Commands.java:5)
	at io.michaelcane.Calculator.&lt;init&gt;(Calculator.java:6)
	at io.michaelcane.Commands.&lt;init&gt;(Commands.java:5)
	at io.michaelcane.Calculator.&lt;init&gt;(Calculator.java:6)
	at io.michaelcane.Commands.&lt;init&gt;(Commands.java:5)
	at io.michaelcane.Calculator.&lt;init&gt;(Calculator.java:6)
	at io.michaelcane.Commands.&lt;init&gt;(Commands.java:5)
	at io.michaelcane.Calculator.&lt;init&gt;(Calculator.java:6)
	at io.michaelcane.Commands.&lt;init&gt;(Commands.java:5)
	at io.michaelcane.Calculator.&lt;init&gt;(Calculator.java:6)
	at io.michaelcane.Commands.&lt;init&gt;(Commands.java:5)
	at io.michaelcane.Calculator.&lt;init&gt;(Calculator.java:6)
	at io.michaelcane.Commands.&lt;init&gt;(Commands.java:5)
	at io.michaelcane.Calculator.&lt;init&gt;(Calculator.java:6)
	at io.michaelcane.Commands.&lt;init&gt;(Commands.java:5)
	at io.michaelcane.Calculator.&lt;init&gt;(Calculator.java:6)
	at io.michaelcane.Commands.&lt;init&gt;(Commands.java:5)
	at io.michaelcane.Calculator.&lt;init&gt;(Calculator.java:6)
	at io.michaelcane.Commands.&lt;init&gt;(Commands.java:5)
	at io.michaelcane.Calculator.&lt;init&gt;(Calculator.java:6)
	at io.michaelcane.Commands.&lt;init&gt;(Commands.java:5)
	at io.michaelcane.Calculator.&lt;init&gt;(Calculator.java:6)
	at io.michaelcane.Commands.&lt;init&gt;(Commands.java:5)
	at io.michaelcane.Calculator.&lt;init&gt;(Calculator.java:6)
	at io.michaelcane.Commands.&lt;init&gt;(Commands.java:5)
	at io.michaelcane.Calculator.&lt;init&gt;(Calculator.java:6)
	at io.michaelcane.Commands.&lt;init&gt;(Commands.java:5)
	at io.michaelcane.Calculator.&lt;init&gt;(Calculator.java:6)
	at io.michaelcane.Commands.&lt;init&gt;(Commands.java:5)
	at io.michaelcane.Calculator.&lt;init&gt;(Calculator.java:6)
	at io.michaelcane.Commands.&lt;init&gt;(Commands.java:5)
	at io.michaelcane.Calculator.&lt;init&gt;(Calculator.java:6)
	at io.michaelcane.Commands.&lt;init&gt;(Commands.java:5)
	at io.michaelcane.Calculator.&lt;init&gt;(Calculator.java:6)
	at io.michaelcane.Commands.&lt;init&gt;(Commands.java:5)
	at io.michaelcane.Calculator.&lt;init&gt;(Calculator.java:6)
	at io.michaelcane.Commands.&lt;init&gt;(Commands.java:5)
	at io.michaelcane.Calculator.&lt;init&gt;(Calculator.java:6)
	at io.michaelcane.Commands.&lt;init&gt;(Commands.java:5)
	at io.michaelcane.Calculator.&lt;init&gt;(Calculator.java:6)
	at io.michaelcane.Commands.&lt;init&gt;(Commands.java:5)
	at io.michaelcane.Calculator.&lt;init&gt;(Calculator.java:6)
	at io.michaelcane.Commands.&lt;init&gt;(Commands.java:5)
	at io.michaelcane.Calculator.&lt;init&gt;(Calculator.java:6)
	at io.michaelcane.Commands.&lt;init&gt;(Commands.java:5)
	at io.michaelcane.Calculator.&lt;init&gt;(Calculator.java:6)
	at io.michaelcane.Commands.&lt;init&gt;(Commands.java:5)
	at io.michaelcane.Calculator.&lt;init&gt;(Calculator.java:6)
	at io.michaelcane.Commands.&lt;init&gt;(Commands.java:5)
	at io.michaelcane.Calculator.&lt;init&gt;(Calculator.java:6)
	at io.michaelcane.Commands.&lt;init&gt;(Commands.java:5)
	at io.michaelcane.Calculator.&lt;init&gt;(Calculator.java:6)
	at io.michaelcane.Commands.&lt;init&gt;(Commands.java:5)
	at io.michaelcane.Calculator.&lt;init&gt;(Calculator.java:6)
	at io.michaelcane.Commands.&lt;init&gt;(Commands.java:5)
	at io.michaelcane.Calculator.&lt;init&gt;(Calculator.java:6)
	at io.michaelcane.Commands.&lt;init&gt;(Commands.java:5)
	at io.michaelcane.Calculator.&lt;init&gt;(Calculator.java:6)
	at io.michaelcane.Commands.&lt;init&gt;(Commands.java:5)
	at io.michaelcane.Calculator.&lt;init&gt;(Calculator.java:6)
	at io.michaelcane.Commands.&lt;init&gt;(Commands.java:5)
	at io.michaelcane.Calculator.&lt;init&gt;(Calculator.java:6)
	at io.michaelcane.Commands.&lt;init&gt;(Commands.java:5)
	at io.michaelcane.Calculator.&lt;init&gt;(Calculator.java:6)
	at io.michaelcane.Commands.&lt;init&gt;(Commands.java:5)
	at io.michaelcane.Calculator.&lt;init&gt;(Calculator.java:6)
	at io.michaelcane.Commands.&lt;init&gt;(Commands.java:5)
	at io.michaelcane.Calculator.&lt;init&gt;(Calculator.java:6)
	at io.michaelcane.Commands.&lt;init&gt;(Commands.java:5)
	at io.michaelcane.Calculator.&lt;init&gt;(Calculator.java:6)
	at io.michaelcane.Commands.&lt;init&gt;(Commands.java:5)
	at io.michaelcane.Calculator.&lt;init&gt;(Calculator.java:6)
	at io.michaelcane.Commands.&lt;init&gt;(Commands.java:5)
	at io.michaelcane.Calculator.&lt;init&gt;(Calculator.java:6)
	at io.michaelcane.Commands.&lt;init&gt;(Commands.java:5)
	at io.michaelcane.Calculator.&lt;init&gt;(Calculator.java:6)
	at io.michaelcane.Commands.&lt;init&gt;(Commands.java:5)
	at io.michaelcane.Calculator.&lt;init&gt;(Calculator.java:6)
	at io.michaelcane.Commands.&lt;init&gt;(Commands.java:5)
	at io.michaelcane.Calculator.&lt;init&gt;(Calculator.java:6)
	at io.michaelcane.Commands.&lt;init&gt;(Commands.java:5)
	at io.michaelcane.Calculator.&lt;init&gt;(Calculator.java:6)
	at io.michaelcane.Commands.&lt;init&gt;(Commands.java:5)
	at io.michaelcane.Calculator.&lt;init&gt;(Calculator.java:6)
	at io.michaelcane.Commands.&lt;init&gt;(Commands.java:5)
	at io.michaelcane.Calculator.&lt;init&gt;(Calculator.java:6)
	at io.michaelcane.Commands.&lt;init&gt;(Commands.java:5)
	at io.michaelcane.Calculator.&lt;init&gt;(Calculator.java:6)
	at io.michaelcane.Commands.&lt;init&gt;(Commands.java:5)
	at io.michaelcane.Calculator.&lt;init&gt;(Calculator.java:6)
	at io.michaelcane.Commands.&lt;init&gt;(Commands.java:5)
	at io.michaelcane.Calculator.&lt;init&gt;(Calculator.java:6)
	at io.michaelcane.Commands.&lt;init&gt;(Commands.java:5)
	at io.michaelcane.Calculator.&lt;init&gt;(Calculator.java:6)
	at io.michaelcane.Commands.&lt;init&gt;(Commands.java:5)
	at io.michaelcane.Calculator.&lt;init&gt;(Calculator.java:6)
	at io.michaelcane.Commands.&lt;init&gt;(Commands.java:5)
	at io.michaelcane.Calculator.&lt;init&gt;(Calculator.java:6)
	at io.michaelcane.Commands.&lt;init&gt;(Commands.java:5)
	at io.michaelcane.Calculator.&lt;init&gt;(Calculator.java:6)
	at io.michaelcane.Commands.&lt;init&gt;(Commands.java:5)
	at io.michaelcane.Calculator.&lt;init&gt;(Calculator.java:6)
	at io.michaelcane.Commands.&lt;init&gt;(Commands.java:5)
	at io.michaelcane.Calculator.&lt;init&gt;(Calculator.java:6)
	at io.michaelcane.Commands.&lt;init&gt;(Commands.java:5)
	at io.michaelcane.Calculator.&lt;init&gt;(Calculator.java:6)
	at io.michaelcane.Commands.&lt;init&gt;(Commands.java:5)
	at io.michaelcane.Calculator.&lt;init&gt;(Calculator.java:6)
	at io.michaelcane.Commands.&lt;init&gt;(Commands.java:5)
	at io.michaelcane.Calculator.&lt;init&gt;(Calculator.java:6)
	at io.michaelcane.Commands.&lt;init&gt;(Commands.java:5)
	at io.michaelcane.Calculator.&lt;init&gt;(Calculator.java:6)
	at io.michaelcane.Commands.&lt;init&gt;(Commands.java:5)
	at io.michaelcane.Calculator.&lt;init&gt;(Calculator.java:6)
	at io.michaelcane.Commands.&lt;init&gt;(Commands.java:5)
	at io.michaelcane.Calculator.&lt;init&gt;(Calculator.java:6)
	at io.michaelcane.Commands.&lt;init&gt;(Commands.java:5)
	at io.michaelcane.Calculator.&lt;init&gt;(Calculator.java:6)
	at io.michaelcane.Commands.&lt;init&gt;(Commands.java:5)
	at io.michaelcane.Calculator.&lt;init&gt;(Calculator.java:6)
	at io.michaelcane.Commands.&lt;init&gt;(Commands.java:5)
	at io.michaelcane.Calculator.&lt;init&gt;(Calculator.java:6)
	at io.michaelcane.Commands.&lt;init&gt;(Commands.java:5)
	at io.michaelcane.Calculator.&lt;init&gt;(Calculator.java:6)
	at io.michaelcane.Commands.&lt;init&gt;(Commands.java:5)
	at io.michaelcane.Calculator.&lt;init&gt;(Calculator.java:6)
	at io.michaelcane.Commands.&lt;init&gt;(Commands.java:5)
	at io.michaelcane.Calculator.&lt;init&gt;(Calculator.java:6)
	at io.michaelcane.Commands.&lt;init&gt;(Commands.java:5)
	at io.michaelcane.Calculator.&lt;init&gt;(Calculator.java:6)
	at io.michaelcane.Commands.&lt;init&gt;(Commands.java:5)
	at io.michaelcane.Calculator.&lt;init&gt;(Calculator.java:6)
	at io.michaelcane.Commands.&lt;init&gt;(Commands.java:5)
	at io.michaelcane.Calculator.&lt;init&gt;(Calculator.java:6)
	at io.michaelcane.Commands.&lt;init&gt;(Commands.java:5)
	at io.michaelcane.Calculator.&lt;init&gt;(Calculator.java:6)
	at io.michaelcane.Commands.&lt;init&gt;(Commands.java:5)
	at io.michaelcane.Calculator.&lt;init&gt;(Calculator.java:6)
	at io.michaelcane.Commands.&lt;init&gt;(Commands.java:5)
	at io.michaelcane.Calculator.&lt;init&gt;(Calculator.java:6)
	at io.michaelcane.Commands.&lt;init&gt;(Commands.java:5)
	at io.michaelcane.Calculator.&lt;init&gt;(Calculator.java:6)
	at io.michaelcane.Commands.&lt;init&gt;(Commands.java:5)
	at io.michaelcane.Calculator.&lt;init&gt;(Calculator.java:6)
	at io.michaelcane.Commands.&lt;init&gt;(Commands.java:5)
	at io.michaelcane.Calculator.&lt;init&gt;(Calculator.java:6)
	at io.michaelcane.Commands.&lt;init&gt;(Commands.java:5)
	at io.michaelcane.Calculator.&lt;init&gt;(Calculator.java:6)
	at io.michaelcane.Commands.&lt;init&gt;(Commands.java:5)
	at io.michaelcane.Calculator.&lt;init&gt;(Calculator.java:6)
	at io.michaelcane.Commands.&lt;init&gt;(Commands.java:5)
	at io.michaelcane.Calculator.&lt;init&gt;(Calculator.java:6)
	at io.michaelcane.Commands.&lt;init&gt;(Commands.java:5)
	at io.michaelcane.Calculator.&lt;init&gt;(Calculator.java:6)
	at io.michaelcane.Commands.&lt;init&gt;(Commands.java:5)
	at io.michaelcane.Calculator.&lt;init&gt;(Calculator.java:6)
	at io.michaelcane.Commands.&lt;init&gt;(Commands.java:5)
	at io.michaelcane.Calculator.&lt;init&gt;(Calculator.java:6)
	at io.michaelcane.Commands.&lt;init&gt;(Commands.java:5)
	at io.michaelcane.Calculator.&lt;init&gt;(Calculator.java:6)
	at io.michaelcane.Commands.&lt;init&gt;(Commands.java:5)
	at io.michaelcane.Calculator.&lt;init&gt;(Calculator.java:6)
	at io.michaelcane.Commands.&lt;init&gt;(Commands.java:5)
	at io.michaelcane.Calculator.&lt;init&gt;(Calculator.java:6)
	at io.michaelcane.Commands.&lt;init&gt;(Commands.java:5)
	at io.michaelcane.Calculator.&lt;init&gt;(Calculator.java:6)
	at io.michaelcane.Commands.&lt;init&gt;(Commands.java:5)
	at io.michaelcane.Calculator.&lt;init&gt;(Calculator.java:6)
	at io.michaelcane.Commands.&lt;init&gt;(Commands.java:5)
	at io.michaelcane.Calculator.&lt;init&gt;(Calculator.java:6)
	at io.michaelcane.Commands.&lt;init&gt;(Commands.java:5)
	at io.michaelcane.Calculator.&lt;init&gt;(Calculator.java:6)
	at io.michaelcane.Commands.&lt;init&gt;(Commands.java:5)
	at io.michaelcane.Calculator.&lt;init&gt;(Calculator.java:6)
	at io.michaelcane.Commands.&lt;init&gt;(Commands.java:5)
	at io.michaelcane.Calculator.&lt;init&gt;(Calculator.java:6)
	at io.michaelcane.Commands.&lt;init&gt;(Commands.java:5)
	at io.michaelcane.Calculator.&lt;init&gt;(Calculator.java:6)
	at io.michaelcane.Commands.&lt;init&gt;(Commands.java:5)
	at io.michaelcane.Calculator.&lt;init&gt;(Calculator.java:6)
	at io.michaelcane.Commands.&lt;init&gt;(Commands.java:5)
	at io.michaelcane.Calculator.&lt;init&gt;(Calculator.java:6)
	at io.michaelcane.Commands.&lt;init&gt;(Commands.java:5)
	at io.michaelcane.Calculator.&lt;init&gt;(Calculator.java:6)
	at io.michaelcane.Commands.&lt;init&gt;(Commands.java:5)
	at io.michaelcane.Calculator.&lt;init&gt;(Calculator.java:6)
	at io.michaelcane.Commands.&lt;init&gt;(Commands.java:5)
	at io.michaelcane.Calculator.&lt;init&gt;(Calculator.java:6)
	at io.michaelcane.Commands.&lt;init&gt;(Commands.java:5)
	at io.michaelcane.Calculator.&lt;init&gt;(Calculator.java:6)
	at io.michaelcane.Commands.&lt;init&gt;(Commands.java:5)
	at io.michaelcane.Calculator.&lt;init&gt;(Calculator.java:6)
	at io.michaelcane.Commands.&lt;init&gt;(Commands.java:5)
	at io.michaelcane.Calculator.&lt;init&gt;(Calculator.java:6)
	at io.michaelcane.Commands.&lt;init&gt;(Commands.java:5)
	at io.michaelcane.Calculator.&lt;init&gt;(Calculator.java:6)
	at io.michaelcane.Commands.&lt;init&gt;(Commands.java:5)
	at io.michaelcane.Calculator.&lt;init&gt;(Calculator.java:6)
	at io.michaelcane.Commands.&lt;init&gt;(Commands.java:5)
	at io.michaelcane.Calculator.&lt;init&gt;(Calculator.java:6)
	at io.michaelcane.Commands.&lt;init&gt;(Commands.java:5)
	at io.michaelcane.Calculator.&lt;init&gt;(Calculator.java:6)
	at io.michaelcane.Commands.&lt;init&gt;(Commands.java:5)
	at io.michaelcane.Calculator.&lt;init&gt;(Calculator.java:6)
	at io.michaelcane.Commands.&lt;init&gt;(Commands.java:5)
	at io.michaelcane.Calculator.&lt;init&gt;(Calculator.java:6)
	at io.michaelcane.Commands.&lt;init&gt;(Commands.java:5)
	at io.michaelcane.Calculator.&lt;init&gt;(Calculator.java:6)
	at io.michaelcane.Commands.&lt;init&gt;(Commands.java:5)
	at io.michaelcane.Calculator.&lt;init&gt;(Calculator.java:6)
	at io.michaelcane.Commands.&lt;init&gt;(Commands.java:5)
	at io.michaelcane.Calculator.&lt;init&gt;(Calculator.java:6)
	at io.michaelcane.Commands.&lt;init&gt;(Commands.java:5)
	at io.michaelcane.Calculator.&lt;init&gt;(Calculator.java:6)
	at io.michaelcane.Commands.&lt;init&gt;(Commands.java:5)
	at io.michaelcane.Calculator.&lt;init&gt;(Calculator.java:6)
	at io.michaelcane.Commands.&lt;init&gt;(Commands.java:5)
	at io.michaelcane.Calculator.&lt;init&gt;(Calculator.java:6)
	at io.michaelcane.Commands.&lt;init&gt;(Commands.java:5)
	at io.michaelcane.Calculator.&lt;init&gt;(Calculator.java:6)
	at io.michaelcane.Commands.&lt;init&gt;(Commands.java:5)
	at io.michaelcane.Calculator.&lt;init&gt;(Calculator.java:6)
	at io.michaelcane.Commands.&lt;init&gt;(Commands.java:5)
	at io.michaelcane.Calculator.&lt;init&gt;(Calculator.java:6)
	at io.michaelcane.Commands.&lt;init&gt;(Commands.java:5)
	at io.michaelcane.Calculator.&lt;init&gt;(Calculator.java:6)
	at io.michaelcane.Commands.&lt;init&gt;(Commands.java:5)
	at io.michaelcane.Calculator.&lt;init&gt;(Calculator.java:6)
	at io.michaelcane.Commands.&lt;init&gt;(Commands.java:5)
	at io.michaelcane.Calculator.&lt;init&gt;(Calculator.java:6)
	at io.michaelcane.Commands.&lt;init&gt;(Commands.java:5)
	at io.michaelcane.Calculator.&lt;init&gt;(Calculator.java:6)
	at io.michaelcane.Commands.&lt;init&gt;(Commands.java:5)
	at io.michaelcane.Calculator.&lt;init&gt;(Calculator.java:6)
	at io.michaelcane.Commands.&lt;init&gt;(Commands.java:5)
	at io.michaelcane.Calculator.&lt;init&gt;(Calculator.java:6)
	at io.michaelcane.Commands.&lt;init&gt;(Commands.java:5)
	at io.michaelcane.Calculator.&lt;init&gt;(Calculator.java:6)
	at io.michaelcane.Commands.&lt;init&gt;(Commands.java:5)
	at io.michaelcane.Calculator.&lt;init&gt;(Calculator.java:6)
	at io.michaelcane.Commands.&lt;init&gt;(Commands.java:5)
	at io.michaelcane.Calculator.&lt;init&gt;(Calculator.java:6)
	at io.michaelcane.Commands.&lt;init&gt;(Commands.java:5)
	at io.michaelcane.Calculator.&lt;init&gt;(Calculator.java:6)
	at io.michaelcane.Commands.&lt;init&gt;(Commands.java:5)
	at io.michaelcane.Calculator.&lt;init&gt;(Calculator.java:6)
	at io.michaelcane.Commands.&lt;init&gt;(Commands.java:5)
	at io.michaelcane.Calculator.&lt;init&gt;(Calculator.java:6)
	at io.michaelcane.Commands.&lt;init&gt;(Commands.java:5)
	at io.michaelcane.Calculator.&lt;init&gt;(Calculator.java:6)
	at io.michaelcane.Commands.&lt;init&gt;(Commands.java:5)
	at io.michaelcane.Calculator.&lt;init&gt;(Calculator.java:6)
	at io.michaelcane.Commands.&lt;init&gt;(Commands.java:5)
	at io.michaelcane.Calculator.&lt;init&gt;(Calculator.java:6)
	at io.michaelcane.Commands.&lt;init&gt;(Commands.java:5)
	at io.michaelcane.Calculator.&lt;init&gt;(Calculator.java:6)
	at io.michaelcane.Commands.&lt;init&gt;(Commands.java:5)
	at io.michaelcane.Calculator.&lt;init&gt;(Calculator.java:6)
	at io.michaelcane.Commands.&lt;init&gt;(Commands.java:5)
	at io.michaelcane.Calculator.&lt;init&gt;(Calculator.java:6)
	at io.michaelcane.Commands.&lt;init&gt;(Commands.java:5)
	at io.michaelcane.Calculator.&lt;init&gt;(Calculator.java:6)
	at io.michaelcane.Commands.&lt;init&gt;(Commands.java:5)
	at io.michaelcane.Calculator.&lt;init&gt;(Calculator.java:6)
	at io.michaelcane.Commands.&lt;init&gt;(Commands.java:5)
	at io.michaelcane.Calculator.&lt;init&gt;(Calculator.java:6)
	at io.michaelcane.Commands.&lt;init&gt;(Commands.java:5)
	at io.michaelcane.Calculator.&lt;init&gt;(Calculator.java:6)
	at io.michaelcane.Commands.&lt;init&gt;(Commands.java:5)
	at io.michaelcane.Calculator.&lt;init&gt;(Calculator.java:6)
	at io.michaelcane.Commands.&lt;init&gt;(Commands.java:5)
	at io.michaelcane.Calculator.&lt;init&gt;(Calculator.java:6)
	at io.michaelcane.Commands.&lt;init&gt;(Commands.java:5)
	at io.michaelcane.Calculator.&lt;init&gt;(Calculator.java:6)
	at io.michaelcane.Commands.&lt;init&gt;(Commands.java:5)
	at io.michaelcane.Calculator.&lt;init&gt;(Calculator.java:6)
	at io.michaelcane.Commands.&lt;init&gt;(Commands.java:5)
	at io.michaelcane.Calculator.&lt;init&gt;(Calculator.java:6)
	at io.michaelcane.Commands.&lt;init&gt;(Commands.java:5)
	at io.michaelcane.Calculator.&lt;init&gt;(Calculator.java:6)
	at io.michaelcane.Commands.&lt;init&gt;(Commands.java:5)
	at io.michaelcane.Calculator.&lt;init&gt;(Calculator.java:6)
	at io.michaelcane.Commands.&lt;init&gt;(Commands.java:5)
	at io.michaelcane.Calculator.&lt;init&gt;(Calculator.java:6)
	at io.michaelcane.Commands.&lt;init&gt;(Commands.java:5)
	at io.michaelcane.Calculator.&lt;init&gt;(Calculator.java:6)
	at io.michaelcane.Commands.&lt;init&gt;(Commands.java:5)
	at io.michaelcane.Calculator.&lt;init&gt;(Calculator.java:6)
	at io.michaelcane.Commands.&lt;init&gt;(Commands.java:5)
	at io.michaelcane.Calculator.&lt;init&gt;(Calculator.java:6)
	at io.michaelcane.Commands.&lt;init&gt;(Commands.java:5)
	at io.michaelcane.Calculator.&lt;init&gt;(Calculator.java:6)
	at io.michaelcane.Commands.&lt;init&gt;(Commands.java:5)
	at io.michaelcane.Calculator.&lt;init&gt;(Calculator.java:6)
	at io.michaelcane.Commands.&lt;init&gt;(Commands.java:5)
	at io.michaelcane.Calculator.&lt;init&gt;(Calculator.java:6)
	at io.michaelcane.Commands.&lt;init&gt;(Commands.java:5)
	at io.michaelcane.Calculator.&lt;init&gt;(Calculator.java:6)
	at io.michaelcane.Commands.&lt;init&gt;(Commands.java:5)
	at io.michaelcane.Calculator.&lt;init&gt;(Calculator.java:6)
	at io.michaelcane.Commands.&lt;init&gt;(Commands.java:5)
	at io.michaelcane.Calculator.&lt;init&gt;(Calculator.java:6)
	at io.michaelcane.Commands.&lt;init&gt;(Commands.java:5)
	at io.michaelcane.Calculator.&lt;init&gt;(Calculator.java:6)
	at io.michaelcane.Commands.&lt;init&gt;(Commands.java:5)
	at io.michaelcane.Calculator.&lt;init&gt;(Calculator.java:6)
	at io.michaelcane.Commands.&lt;init&gt;(Commands.java:5)
	at io.michaelcane.Calculator.&lt;init&gt;(Calculator.java:6)
	at io.michaelcane.Commands.&lt;init&gt;(Commands.java:5)
	at io.michaelcane.Calculator.&lt;init&gt;(Calculator.java:6)
	at io.michaelcane.Commands.&lt;init&gt;(Commands.java:5)
	at io.michaelcane.Calculator.&lt;init&gt;(Calculator.java:6)
	at io.michaelcane.Commands.&lt;init&gt;(Commands.java:5)
	at io.michaelcane.Calculator.&lt;init&gt;(Calculator.java:6)
	at io.michaelcane.Commands.&lt;init&gt;(Commands.java:5)
	at io.michaelcane.Calculator.&lt;init&gt;(Calculator.java:6)
	at io.michaelcane.Commands.&lt;init&gt;(Commands.java:5)
	at io.michaelcane.Calculator.&lt;init&gt;(Calculator.java:6)
	at io.michaelcane.Commands.&lt;init&gt;(Commands.java:5)
	at io.michaelcane.Calculator.&lt;init&gt;(Calculator.java:6)
	at io.michaelcane.Commands.&lt;init&gt;(Commands.java:5)
	at io.michaelcane.Calculator.&lt;init&gt;(Calculator.java:6)
	at io.michaelcane.Commands.&lt;init&gt;(Commands.java:5)
	at io.michaelcane.Calculator.&lt;init&gt;(Calculator.java:6)
	at io.michaelcane.Commands.&lt;init&gt;(Commands.java:5)
	at io.michaelcane.Calculator.&lt;init&gt;(Calculator.java:6)
	at io.michaelcane.Commands.&lt;init&gt;(Commands.java:5)
	at io.michaelcane.Calculator.&lt;init&gt;(Calculator.java:6)
	at io.michaelcane.Commands.&lt;init&gt;(Commands.java:5)
	at io.michaelcane.Calculator.&lt;init&gt;(Calculator.java:6)
	at io.michaelcane.Commands.&lt;init&gt;(Commands.java:5)
	at io.michaelcane.Calculator.&lt;init&gt;(Calculator.java:6)
	at io.michaelcane.Commands.&lt;init&gt;(Commands.java:5)
	at io.michaelcane.Calculator.&lt;init&gt;(Calculator.java:6)
	at io.michaelcane.Commands.&lt;init&gt;(Commands.java:5)
	at io.michaelcane.Calculator.&lt;init&gt;(Calculator.java:6)
	at io.michaelcane.Commands.&lt;init&gt;(Commands.java:5)
	at io.michaelcane.Calculator.&lt;init&gt;(Calculator.java:6)
	at io.michaelcane.Commands.&lt;init&gt;(Commands.java:5)
	at io.michaelcane.Calculator.&lt;init&gt;(Calculator.java:6)
	at io.michaelcane.Commands.&lt;init&gt;(Commands.java:5)
	at io.michaelcane.Calculator.&lt;init&gt;(Calculator.java:6)
	at io.michaelcane.Commands.&lt;init&gt;(Commands.java:5)
	at io.michaelcane.Calculator.&lt;init&gt;(Calculator.java:6)
	at io.michaelcane.Commands.&lt;init&gt;(Commands.java:5)
	at io.michaelcane.Calculator.&lt;init&gt;(Calculator.java:6)
	at io.michaelcane.Commands.&lt;init&gt;(Commands.java:5)
	at io.michaelcane.Calculator.&lt;init&gt;(Calculator.java:6)
	at io.michaelcane.Commands.&lt;init&gt;(Commands.java:5)
	at io.michaelcane.Calculator.&lt;init&gt;(Calculator.java:6)
	at io.michaelcane.Commands.&lt;init&gt;(Commands.java:5)
	at io.michaelcane.Calculator.&lt;init&gt;(Calculator.java:6)
	at io.michaelcane.Commands.&lt;init&gt;(Commands.java:5)
	at io.michaelcane.Calculator.&lt;init&gt;(Calculator.java:6)
	at io.michaelcane.Commands.&lt;init&gt;(Commands.java:5)
	at io.michaelcane.Calculator.&lt;init&gt;(Calculator.java:6)
	at io.michaelcane.Commands.&lt;init&gt;(Commands.java:5)
	at io.michaelcane.Calculator.&lt;init&gt;(Calculator.java:6)
	at io.michaelcane.Commands.&lt;init&gt;(Commands.java:5)
	at io.michaelcane.Calculator.&lt;init&gt;(Calculator.java:6)
	at io.michaelcane.Commands.&lt;init&gt;(Commands.java:5)
	at io.michaelcane.Calculator.&lt;init&gt;(Calculator.java:6)
	at io.michaelcane.Commands.&lt;init&gt;(Commands.java:5)
	at io.michaelcane.Calculator.&lt;init&gt;(Calculator.java:6)
	at io.michaelcane.Commands.&lt;init&gt;(Commands.java:5)
	at io.michaelcane.Calculator.&lt;init&gt;(Calculator.java:6)
	at io.michaelcane.Commands.&lt;init&gt;(Commands.java:5)
	at io.michaelcane.Calculator.&lt;init&gt;(Calculator.java:6)
	at io.michaelcane.Commands.&lt;init&gt;(Commands.java:5)
	at io.michaelcane.Calculator.&lt;init&gt;(Calculator.java:6)
	at io.michaelcane.Commands.&lt;init&gt;(Commands.java:5)
	at io.michaelcane.Calculator.&lt;init&gt;(Calculator.java:6)
	at io.michaelcane.Commands.&lt;init&gt;(Commands.java:5)
	at io.michaelcane.Calculator.&lt;init&gt;(Calculator.java:6)
	at io.michaelcane.Commands.&lt;init&gt;(Commands.java:5)
	at io.michaelcane.Calculator.&lt;init&gt;(Calculator.java:6)
	at io.michaelcane.Commands.&lt;init&gt;(Commands.java:5)
	at io.michaelcane.Calculator.&lt;init&gt;(Calculator.java:6)
	at io.michaelcane.Commands.&lt;init&gt;(Commands.java:5)
	at io.michaelcane.Calculator.&lt;init&gt;(Calculator.java:6)
	at io.michaelcane.Commands.&lt;init&gt;(Commands.java:5)
	at io.michaelcane.Calculator.&lt;init&gt;(Calculator.java:6)
	at io.michaelcane.Commands.&lt;init&gt;(Commands.java:5)
	at io.michaelcane.Calculator.&lt;init&gt;(Calculator.java:6)
	at io.michaelcane.Commands.&lt;init&gt;(Commands.java:5)
	at io.michaelcane.Calculator.&lt;init&gt;(Calculator.java:6)
	at io.michaelcane.Commands.&lt;init&gt;(Commands.java:5)
	at io.michaelcane.Calculator.&lt;init&gt;(Calculator.java:6)
	at io.michaelcane.Commands.&lt;init&gt;(Commands.java:5)
	at io.michaelcane.Calculator.&lt;init&gt;(Calculator.java:6)
	at io.michaelcane.Commands.&lt;init&gt;(Commands.java:5)
	at io.michaelcane.Calculator.&lt;init&gt;(Calculator.java:6)
	at io.michaelcane.Commands.&lt;init&gt;(Commands.java:5)
	at io.michaelcane.Calculator.&lt;init&gt;(Calculator.java:6)
	at io.michaelcane.Commands.&lt;init&gt;(Commands.java:5)
	at io.michaelcane.Calculator.&lt;init&gt;(Calculator.java:6)
	at io.michaelcane.Commands.&lt;init&gt;(Commands.java:5)
	at io.michaelcane.Calculator.&lt;init&gt;(Calculator.java:6)
	at io.michaelcane.Commands.&lt;init&gt;(Commands.java:5)
	at io.michaelcane.Calculator.&lt;init&gt;(Calculator.java:6)
	at io.michaelcane.Commands.&lt;init&gt;(Commands.java:5)
	at io.michaelcane.Calculator.&lt;init&gt;(Calculator.java:6)
	at io.michaelcane.Commands.&lt;init&gt;(Commands.java:5)
	at io.michaelcane.Calculator.&lt;init&gt;(Calculator.java:6)
	at io.michaelcane.Commands.&lt;init&gt;(Commands.java:5)
	at io.michaelcane.Calculator.&lt;init&gt;(Calculator.java:6)
	at io.michaelcane.Commands.&lt;init&gt;(Commands.java:5)
	at io.michaelcane.Calculator.&lt;init&gt;(Calculator.java:6)
	at io.michaelcane.Commands.&lt;init&gt;(Commands.java:5)
	at io.michaelcane.Calculator.&lt;init&gt;(Calculator.java:6)
	at io.michaelcane.Commands.&lt;init&gt;(Commands.java:5)
	at io.michaelcane.Calculator.&lt;init&gt;(Calculator.java:6)
	at io.michaelcane.Commands.&lt;init&gt;(Commands.java:5)
	at io.michaelcane.Calculator.&lt;init&gt;(Calculator.java:6)
	at io.michaelcane.Commands.&lt;init&gt;(Commands.java:5)
	at io.michaelcane.Calculator.&lt;init&gt;(Calculator.java:6)
	at io.michaelcane.Commands.&lt;init&gt;(Commands.java:5)
	at io.michaelcane.Calculator.&lt;init&gt;(Calculator.java:6)
	at io.michaelcane.Commands.&lt;init&gt;(Commands.java:5)
	at io.michaelcane.Calculator.&lt;init&gt;(Calculator.java:6)
	at io.michaelcane.Commands.&lt;init&gt;(Commands.java:5)
	at io.michaelcane.Calculator.&lt;init&gt;(Calculator.java:6)
	at io.michaelcane.Commands.&lt;init&gt;(Commands.java:5)
	at io.michaelcane.Calculator.&lt;init&gt;(Calculator.java:6)
	at io.michaelcane.Commands.&lt;init&gt;(Commands.java:5)
	at io.michaelcane.Calculator.&lt;init&gt;(Calculator.java:6)
	at io.michaelcane.Commands.&lt;init&gt;(Commands.java:5)
	at io.michaelcane.Calculator.&lt;init&gt;(Calculator.java:6)
	at io.michaelcane.Commands.&lt;init&gt;(Commands.java:5)
	at io.michaelcane.Calculator.&lt;init&gt;(Calculator.java:6)
	at io.michaelcane.Commands.&lt;init&gt;(Commands.java:5)
	at io.michaelcane.Calculator.&lt;init&gt;(Calculator.java:6)
	at io.michaelcane.Commands.&lt;init&gt;(Commands.java:5)
	at io.michaelcane.Calculator.&lt;init&gt;(Calculator.java:6)
	at io.michaelcane.Commands.&lt;init&gt;(Commands.java:5)
	at io.michaelcane.Calculator.&lt;init&gt;(Calculator.java:6)
	at io.michaelcane.Commands.&lt;init&gt;(Commands.java:5)
	at io.michaelcane.Calculator.&lt;init&gt;(Calculator.java:6)
	at io.michaelcane.Commands.&lt;init&gt;(Commands.java:5)
	at io.michaelcane.Calculator.&lt;init&gt;(Calculator.java:6)
	at io.michaelcane.Commands.&lt;init&gt;(Commands.java:5)
	at io.michaelcane.Calculator.&lt;init&gt;(Calculator.java:6)
	at io.michaelcane.Commands.&lt;init&gt;(Commands.java:5)
	at io.michaelcane.Calculator.&lt;init&gt;(Calculator.java:6)
	at io.michaelcane.Commands.&lt;init&gt;(Commands.java:5)
	at io.michaelcane.Calculator.&lt;init&gt;(Calculator.java:6)
	at io.michaelcane.Commands.&lt;init&gt;(Commands.java:5)
	at io.michaelcane.Calculator.&lt;init&gt;(Calculator.java:6)
	at io.michaelcane.Commands.&lt;init&gt;(Commands.java:5)
	at io.michaelcane.Calculator.&lt;init&gt;(Calculator.java:6)
	at io.michaelcane.Commands.&lt;init&gt;(Commands.java:5)
	at io.michaelcane.Calculator.&lt;init&gt;(Calculator.java:6)
	at io.michaelcane.Commands.&lt;init&gt;(Commands.java:5)
	at io.michaelcane.Calculator.&lt;init&gt;(Calculator.java:6)
	at io.michaelcane.Commands.&lt;init&gt;(Commands.java:5)
	at io.michaelcane.Calculator.&lt;init&gt;(Calculator.java:6)
	at io.michaelcane.Commands.&lt;init&gt;(Commands.java:5)
	at io.michaelcane.Calculator.&lt;init&gt;(Calculator.java:6)
	at io.michaelcane.Commands.&lt;init&gt;(Commands.java:5)
	at io.michaelcane.Calculator.&lt;init&gt;(Calculator.java:6)
	at io.michaelcane.Commands.&lt;init&gt;(Commands.java:5)
	at io.michaelcane.Calculator.&lt;init&gt;(Calculator.java:6)
	at io.michaelcane.Commands.&lt;init&gt;(Commands.java:5)
	at io.michaelcane.Calculator.&lt;init&gt;(Calculator.java:6)
	at io.michaelcane.Commands.&lt;init&gt;(Commands.java:5)
	at io.michaelcane.Calculator.&lt;init&gt;(Calculator.java:6)
	at io.michaelcane.Commands.&lt;init&gt;(Commands.java:5)
	at io.michaelcane.Calculator.&lt;init&gt;(Calculator.java:6)
	at io.michaelcane.Commands.&lt;init&gt;(Commands.java:5)
	at io.michaelcane.Calculator.&lt;init&gt;(Calculator.java:6)
	at io.michaelcane.Commands.&lt;init&gt;(Commands.java:5)
	at io.michaelcane.Calculator.&lt;init&gt;(Calculator.java:6)
	at io.michaelcane.Commands.&lt;init&gt;(Commands.java:5)
	at io.michaelcane.Calculator.&lt;init&gt;(Calculator.java:6)
	at io.michaelcane.Commands.&lt;init&gt;(Commands.java:5)
	at io.michaelcane.Calculator.&lt;init&gt;(Calculator.java:6)
	at io.michaelcane.Commands.&lt;init&gt;(Commands.java:5)
	at io.michaelcane.Calculator.&lt;init&gt;(Calculator.java:6)
	at io.michaelcane.Commands.&lt;init&gt;(Commands.java:5)
	at io.michaelcane.Calculator.&lt;init&gt;(Calculator.java:6)
	at io.michaelcane.Commands.&lt;init&gt;(Commands.java:5)
	at io.michaelcane.Calculator.&lt;init&gt;(Calculator.java:6)
	at io.michaelcane.Commands.&lt;init&gt;(Commands.java:5)
	at io.michaelcane.Calculator.&lt;init&gt;(Calculator.java:6)
	at io.michaelcane.Commands.&lt;init&gt;(Commands.java:5)
	at io.michaelcane.Calculator.&lt;init&gt;(Calculator.java:6)
	at io.michaelcane.Commands.&lt;init&gt;(Commands.java:5)
	at io.michaelcane.Calculator.&lt;init&gt;(Calculator.java:6)
	at io.michaelcane.Commands.&lt;init&gt;(Commands.java:5)
	at io.michaelcane.Calculator.&lt;init&gt;(Calculator.java:6)
	at io.michaelcane.Commands.&lt;init&gt;(Commands.java:5)
	at io.michaelcane.Calculator.&lt;init&gt;(Calculator.java:6)
	at io.michaelcane.Commands.&lt;init&gt;(Commands.java:5)
	at io.michaelcane.Calculator.&lt;init&gt;(Calculator.java:6)
	at io.michaelcane.Commands.&lt;init&gt;(Commands.java:5)
	at io.michaelcane.Calculator.&lt;init&gt;(Calculator.java:6)
	at io.michaelcane.Commands.&lt;init&gt;(Commands.java:5)
	at io.michaelcane.Calculator.&lt;init&gt;(Calculator.java:6)
	at io.michaelcane.Commands.&lt;init&gt;(Commands.java:5)
	at io.michaelcane.Calculator.&lt;init&gt;(Calculator.java:6)
	at io.michaelcane.Commands.&lt;init&gt;(Commands.java:5)
	at io.michaelcane.Calculator.&lt;init&gt;(Calculator.java:6)
	at io.michaelcane.Commands.&lt;init&gt;(Commands.java:5)
	at io.michaelcane.Calculator.&lt;init&gt;(Calculator.java:6)
	at io.michaelcane.Commands.&lt;init&gt;(Commands.java:5)
	at io.michaelcane.Calculator.&lt;init&gt;(Calculator.java:6)
	at io.michaelcane.Commands.&lt;init&gt;(Commands.java:5)
	at io.michaelcane.Calculator.&lt;init&gt;(Calculator.java:6)
	at io.michaelcane.Commands.&lt;init&gt;(Commands.java:5)
	at io.michaelcane.Calculator.&lt;init&gt;(Calculator.java:6)
	at io.michaelcane.Commands.&lt;init&gt;(Commands.java:5)
	at io.michaelcane.Calculator.&lt;init&gt;(Calculator.java:6)
	at io.michaelcane.Commands.&lt;init&gt;(Commands.java:5)
	at io.michaelcane.Calculator.&lt;init&gt;(Calculator.java:6)
	at io.michaelcane.Commands.&lt;init&gt;(Commands.java:5)
	at io.michaelcane.Calculator.&lt;init&gt;(Calculator.java:6)
	at io.michaelcane.Commands.&lt;init&gt;(Commands.java:5)
	at io.michaelcane.Calculator.&lt;init&gt;(Calculator.java:6)
	at io.michaelcane.Commands.&lt;init&gt;(Commands.java:5)
	at io.michaelcane.Calculator.&lt;init&gt;(Calculator.java:6)
	at io.michaelcane.Commands.&lt;init&gt;(Commands.java:5)
	at io.michaelcane.Calculator.&lt;init&gt;(Calculator.java:6)
	at io.michaelcane.Commands.&lt;init&gt;(Commands.java:5)
	at io.michaelcane.Calculator.&lt;init&gt;(Calculator.java:6)
	at io.michaelcane.Commands.&lt;init&gt;(Commands.java:5)
	at io.michaelcane.Calculator.&lt;init&gt;(Calculator.java:6)
	at io.michaelcane.Commands.&lt;init&gt;(Commands.java:5)
	at io.michaelcane.Calculator.&lt;init&gt;(Calculator.java:6)
	at io.michaelcane.Commands.&lt;init&gt;(Commands.java:5)
	at io.michaelcane.Calculator.&lt;init&gt;(Calculator.java:6)
	at io.michaelcane.Commands.&lt;init&gt;(Commands.java:5)
	at io.michaelcane.Calculator.&lt;init&gt;(Calculator.java:6)
	at io.michaelcane.Commands.&lt;init&gt;(Commands.java:5)
	at io.michaelcane.Calculator.&lt;init&gt;(Calculator.java:6)
	at io.michaelcane.Commands.&lt;init&gt;(Commands.java:5)
	at io.michaelcane.Calculator.&lt;init&gt;(Calculator.java:6)
	at io.michaelcane.Commands.&lt;init&gt;(Commands.java:5)
	at io.michaelcane.Calculator.&lt;init&gt;(Calculator.java:6)
	at io.michaelcane.Commands.&lt;init&gt;(Commands.java:5)
	at io.michaelcane.Calculator.&lt;init&gt;(Calculator.java:6)
	at io.michaelcane.Commands.&lt;init&gt;(Commands.java:5)
	at io.michaelcane.Calculator.&lt;init&gt;(Calculator.java:6)
	at io.michaelcane.Commands.&lt;init&gt;(Commands.java:5)
	at io.michaelcane.Calculator.&lt;init&gt;(Calculator.java:6)
	at io.michaelcane.Commands.&lt;init&gt;(Commands.java:5)
	at io.michaelcane.Calculator.&lt;init&gt;(Calculator.java:6)
	at io.michaelcane.Commands.&lt;init&gt;(Commands.java:5)
	at io.michaelcane.Calculator.&lt;init&gt;(Calculator.java:6)
	at io.michaelcane.Commands.&lt;init&gt;(Commands.java:5)
	at io.michaelcane.Calculator.&lt;init&gt;(Calculator.java:6)
	at io.michaelcane.Commands.&lt;init&gt;(Commands.java:5)
	at io.michaelcane.Calculator.&lt;init&gt;(Calculator.java:6)
	at io.michaelcane.Commands.&lt;init&gt;(Commands.java:5)
	at io.michaelcane.Calculator.&lt;init&gt;(Calculator.java:6)
	at io.michaelcane.Commands.&lt;init&gt;(Commands.java:5)
	at io.michaelcane.Calculator.&lt;init&gt;(Calculator.java:6)
	at io.michaelcane.Commands.&lt;init&gt;(Commands.java:5)
	at io.michaelcane.Calculator.&lt;init&gt;(Calculator.java:6)
	at io.michaelcane.Commands.&lt;init&gt;(Commands.java:5)
	at io.michaelcane.Calculator.&lt;init&gt;(Calculator.java:6)
	at io.michaelcane.Commands.&lt;init&gt;(Commands.java:5)
	at io.michaelcane.Calculator.&lt;init&gt;(Calculator.java:6)
	at io.michaelcane.Commands.&lt;init&gt;(Commands.java:5)
	at io.michaelcane.Calculator.&lt;init&gt;(Calculator.java:6)
	at io.michaelcane.Commands.&lt;init&gt;(Commands.java:5)
	at io.michaelcane.Calculator.&lt;init&gt;(Calculator.java:6)
	at io.michaelcane.Commands.&lt;init&gt;(Commands.java:5)
	at io.michaelcane.Calculator.&lt;init&gt;(Calculator.java:6)
	at io.michaelcane.Commands.&lt;init&gt;(Commands.java:5)
	at io.michaelcane.Calculator.&lt;init&gt;(Calculator.java:6)
	at io.michaelcane.Commands.&lt;init&gt;(Commands.java:5)
	at io.michaelcane.Calculator.&lt;init&gt;(Calculator.java:6)
	at io.michaelcane.Commands.&lt;init&gt;(Commands.java:5)
	at io.michaelcane.Calculator.&lt;init&gt;(Calculator.java:6)
	at io.michaelcane.Commands.&lt;init&gt;(Commands.java:5)
	at io.michaelcane.Calculator.&lt;init&gt;(Calculator.java:6)
	at io.michaelcane.Commands.&lt;init&gt;(Commands.java:5)
	at io.michaelcane.Calculator.&lt;init&gt;(Calculator.java:6)
	at io.michaelcane.Commands.&lt;init&gt;(Commands.java:5)
	at io.michaelcane.Calculator.&lt;init&gt;(Calculator.java:6)
	at io.michaelcane.Commands.&lt;init&gt;(Commands.java:5)
	at io.michaelcane.Calculator.&lt;init&gt;(Calculator.java:6)
	at io.michaelcane.Commands.&lt;init&gt;(Commands.java:5)
	at io.michaelcane.Calculator.&lt;init&gt;(Calculator.java:6)
	at io.michaelcane.Commands.&lt;init&gt;(Commands.java:5)
	at io.michaelcane.Calculator.&lt;init&gt;(Calculator.java:6)
	at io.michaelcane.Commands.&lt;init&gt;(Commands.java:5)
	at io.michaelcane.Calculator.&lt;init&gt;(Calculator.java:6)
	at io.michaelcane.Commands.&lt;init&gt;(Commands.java:5)
	at io.michaelcane.Calculator.&lt;init&gt;(Calculator.java:6)
	at io.michaelcane.Commands.&lt;init&gt;(Commands.java:5)
	at io.michaelcane.Calculator.&lt;init&gt;(Calculator.java:6)
	at io.michaelcane.Commands.&lt;init&gt;(Commands.java:5)
	at io.michaelcane.Calculator.&lt;init&gt;(Calculator.java:6)
	at io.michaelcane.Commands.&lt;init&gt;(Commands.java:5)
	at io.michaelcane.Calculator.&lt;init&gt;(Calculator.java:6)
	at io.michaelcane.Commands.&lt;init&gt;(Commands.java:5)
	at io.michaelcane.Calculator.&lt;init&gt;(Calculator.java:6)
	at io.michaelcane.Commands.&lt;init&gt;(Commands.java:5)
	at io.michaelcane.Calculator.&lt;init&gt;(Calculator.java:6)
	at io.michaelcane.Commands.&lt;init&gt;(Commands.java:5)
	at io.michaelcane.Calculator.&lt;init&gt;(Calculator.java:6)
	at io.michaelcane.Commands.&lt;init&gt;(Commands.java:5)
	at io.michaelcane.Calculator.&lt;init&gt;(Calculator.java:6)
	at io.michaelcane.Commands.&lt;init&gt;(Commands.java:5)
	at io.michaelcane.Calculator.&lt;init&gt;(Calculator.java:6)
	at io.michaelcane.Commands.&lt;init&gt;(Commands.java:5)
	at io.michaelcane.Calculator.&lt;init&gt;(Calculator.java:6)
	at io.michaelcane.Commands.&lt;init&gt;(Commands.java:5)
	at io.michaelcane.Calculator.&lt;init&gt;(Calculator.java:6)
	at io.michaelcane.Commands.&lt;init&gt;(Commands.java:5)
	at io.michaelcane.Calculator.&lt;init&gt;(Calculator.java:6)
	at io.michaelcane.Commands.&lt;init&gt;(Commands.java:5)
	at io.michaelcane.Calculator.&lt;init&gt;(Calculator.java:6)
	at io.michaelcane.Commands.&lt;init&gt;(Commands.java:5)
	at io.michaelcane.Calculator.&lt;init&gt;(Calculator.java:6)
	at io.michaelcane.Commands.&lt;init&gt;(Commands.java:5)
	at io.michaelcane.Calculator.&lt;init&gt;(Calculator.java:6)
	at io.michaelcane.Commands.&lt;init&gt;(Commands.java:5)
	at io.michaelcane.Calculator.&lt;init&gt;(Calculator.java:6)
	at io.michaelcane.Commands.&lt;init&gt;(Commands.java:5)
	at io.michaelcane.Calculator.&lt;init&gt;(Calculator.java:6)
	at io.michaelcane.Commands.&lt;init&gt;(Commands.java:5)
	at io.michaelcane.Calculator.&lt;init&gt;(Calculator.java:6)
	at io.michaelcane.Commands.&lt;init&gt;(Commands.java:5)
	at io.michaelcane.Calculator.&lt;init&gt;(Calculator.java:6)
	at io.michaelcane.Commands.&lt;init&gt;(Commands.java:5)
	at io.michaelcane.Calculator.&lt;init&gt;(Calculator.java:6)
	at io.michaelcane.Commands.&lt;init&gt;(Commands.java:5)
	at io.michaelcane.Calculator.&lt;init&gt;(Calculator.java:6)
	at io.michaelcane.Commands.&lt;init&gt;(Commands.java:5)
	at io.michaelcane.Calculator.&lt;init&gt;(Calculator.java:6)
	at io.michaelcane.Commands.&lt;init&gt;(Commands.java:5)
	at io.michaelcane.Calculator.&lt;init&gt;(Calculator.java:6)
	at io.michaelcane.Commands.&lt;init&gt;(Commands.java:5)
	at io.michaelcane.Calculator.&lt;init&gt;(Calculator.java:6)
	at io.michaelcane.Commands.&lt;init&gt;(Commands.java:5)
	at io.michaelcane.Calculator.&lt;init&gt;(Calculator.java:6)
	at io.michaelcane.Commands.&lt;init&gt;(Commands.java:5)
	at io.michaelcane.Calculator.&lt;init&gt;(Calculator.java:6)
	at io.michaelcane.Commands.&lt;init&gt;(Commands.java:5)
	at io.michaelcane.Calculator.&lt;init&gt;(Calculator.java:6)
	at io.michaelcane.Commands.&lt;init&gt;(Commands.java:5)
	at io.michaelcane.Calculator.&lt;init&gt;(Calculator.java:6)
	at io.michaelcane.Commands.&lt;init&gt;(Commands.java:5)
	at io.michaelcane.Calculator.&lt;init&gt;(Calculator.java:6)
	at io.michaelcane.Commands.&lt;init&gt;(Commands.java:5)
	at io.michaelcane.Calculator.&lt;init&gt;(Calculator.java:6)
	at io.michaelcane.Commands.&lt;init&gt;(Commands.java:5)
	at io.michaelcane.Calculator.&lt;init&gt;(Calculator.java:6)
	at io.michaelcane.Commands.&lt;init&gt;(Commands.java:5)
	at io.michaelcane.Calculator.&lt;init&gt;(Calculator.java:6)
	at io.michaelcane.Commands.&lt;init&gt;(Commands.java:5)
	at io.michaelcane.Calculator.&lt;init&gt;(Calculator.java:6)
	at io.michaelcane.Commands.&lt;init&gt;(Commands.java:5)
	at io.michaelcane.Calculator.&lt;init&gt;(Calculator.java:6)
	at io.michaelcane.Commands.&lt;init&gt;(Commands.java:5)
	at io.michaelcane.Calculator.&lt;init&gt;(Calculator.java:6)
	at io.michaelcane.Commands.&lt;init&gt;(Commands.java:5)
	at io.michaelcane.Calculator.&lt;init&gt;(Calculator.java:6)
	at io.michaelcane.Commands.&lt;init&gt;(Commands.java:5)
	at io.michaelcane.Calculator.&lt;init&gt;(Calculator.java:6)
	at io.michaelcane.Commands.&lt;init&gt;(Commands.java:5)
	at io.michaelcane.Calculator.&lt;init&gt;(Calculator.java:6)
	at io.michaelcane.Commands.&lt;init&gt;(Commands.java:5)
	at io.michaelcane.Calculator.&lt;init&gt;(Calculator.java:6)
	at io.michaelcane.Commands.&lt;init&gt;(Commands.java:5)
	at io.michaelcane.Calculator.&lt;init&gt;(Calculator.java:6)
	at io.michaelcane.Commands.&lt;init&gt;(Commands.java:5)
	at io.michaelcane.Calculator.&lt;init&gt;(Calculator.java:6)
	at io.michaelcane.Commands.&lt;init&gt;(Commands.java:5)
	at io.michaelcane.Calculator.&lt;init&gt;(Calculator.java:6)
	at io.michaelcane.Commands.&lt;init&gt;(Commands.java:5)
	at io.michaelcane.Calculator.&lt;init&gt;(Calculator.java:6)
	at io.michaelcane.Commands.&lt;init&gt;(Commands.java:5)
	at io.michaelcane.Calculator.&lt;init&gt;(Calculator.java:6)
	at io.michaelcane.Commands.&lt;init&gt;(Commands.java:5)
	at io.michaelcane.Calculator.&lt;init&gt;(Calculator.java:6)
	at io.michaelcane.Commands.&lt;init&gt;(Commands.java:5)
	at io.michaelcane.Calculator.&lt;init&gt;(Calculator.java:6)
	at io.michaelcane.Commands.&lt;init&gt;(Commands.java:5)
	at io.michaelcane.Calculator.&lt;init&gt;(Calculator.java:6)
	at io.michaelcane.Commands.&lt;init&gt;(Commands.java:5)
	at io.michaelcane.Calculator.&lt;init&gt;(Calculator.java:6)
	at io.michaelcane.Commands.&lt;init&gt;(Commands.java:5)
	at io.michaelcane.Calculator.&lt;init&gt;(Calculator.java:6)
	at io.michaelcane.Commands.&lt;init&gt;(Commands.java:5)
	at io.michaelcane.Calculator.&lt;init&gt;(Calculator.java:6)
	at io.michaelcane.Commands.&lt;init&gt;(Commands.java:5)
	at io.michaelcane.Calculator.&lt;init&gt;(Calculator.java:6)
	at io.michaelcane.Commands.&lt;init&gt;(Commands.java:5)
	at io.michaelcane.Calculator.&lt;init&gt;(Calculator.java:6)
	at io.michaelcane.Commands.&lt;init&gt;(Commands.java:5)
	at io.michaelcane.Calculator.&lt;init&gt;(Calculator.java:6)
	at io.michaelcane.Commands.&lt;init&gt;(Commands.java:5)
	at io.michaelcane.Calculator.&lt;init&gt;(Calculator.java:6)
	at io.michaelcane.Commands.&lt;init&gt;(Commands.java:5)
	at io.michaelcane.Calculator.&lt;init&gt;(Calculator.java:6)
	at io.michaelcane.Commands.&lt;init&gt;(Commands.java:5)
	at io.michaelcane.Calculator.&lt;init&gt;(Calculator.java:6)
	at io.michaelcane.Commands.&lt;init&gt;(Commands.java:5)
	at io.michaelcane.Calculator.&lt;init&gt;(Calculator.java:6)
	at io.michaelcane.Commands.&lt;init&gt;(Commands.java:5)
	at io.michaelcane.Calculator.&lt;init&gt;(Calculator.java:6)
	at io.michaelcane.Commands.&lt;init&gt;(Commands.java:5)
	at io.michaelcane.Calculator.&lt;init&gt;(Calculator.java:6)
	at io.michaelcane.Commands.&lt;init&gt;(Commands.java:5)
	at io.michaelcane.Calculator.&lt;init&gt;(Calculator.java:6)
	at io.michaelcane.Commands.&lt;init&gt;(Commands.java:5)
	at io.michaelcane.Calculator.&lt;init&gt;(Calculator.java:6)
	at io.michaelcane.Commands.&lt;init&gt;(Commands.java:5)
	at io.michaelcane.Calculator.&lt;init&gt;(Calculator.java:6)
	at io.michaelcane.Commands.&lt;init&gt;(Commands.java:5)
	at io.michaelcane.Calculator.&lt;init&gt;(Calculator.java:6)
	at io.michaelcane.Commands.&lt;init&gt;(Commands.java:5)
	at io.michaelcane.Calculator.&lt;init&gt;(Calculator.java:6)
	at io.michaelcane.Commands.&lt;init&gt;(Commands.java:5)
	at io.michaelcane.Calculator.&lt;init&gt;(Calculator.java:6)
	at io.michaelcane.Commands.&lt;init&gt;(Commands.java:5)
	at io.michaelcane.Calculator.&lt;init&gt;(Calculator.java:6)
	at io.michaelcane.Commands.&lt;init&gt;(Commands.java:5)
	at io.michaelcane.Calculator.&lt;init&gt;(Calculator.java:6)
	at io.michaelcane.Commands.&lt;init&gt;(Commands.java:5)
	at io.michaelcane.Calculator.&lt;init&gt;(Calculator.java:6)
	at io.michaelcane.Commands.&lt;init&gt;(Commands.java:5)
	at io.michaelcane.Calculator.&lt;init&gt;(Calculator.java:6)
	at io.michaelcane.Commands.&lt;init&gt;(Commands.java:5)
	at io.michaelcane.Calculator.&lt;init&gt;(Calculator.java:6)
	at io.michaelcane.Commands.&lt;init&gt;(Commands.java:5)
	at io.michaelcane.Calculator.&lt;init&gt;(Calculator.java:6)
	at io.michaelcane.Commands.&lt;init&gt;(Commands.java:5)
	at io.michaelcane.Calculator.&lt;init&gt;(Calculator.java:6)
	at io.michaelcane.Commands.&lt;init&gt;(Commands.java:5)
	at io.michaelcane.Calculator.&lt;init&gt;(Calculator.java:6)
	at io.michaelcane.Commands.&lt;init&gt;(Commands.java:5)
	at io.michaelcane.Calculator.&lt;init&gt;(Calculator.java:6)
	at io.michaelcane.Commands.&lt;init&gt;(Commands.java:5)
	at io.michaelcane.Calculator.&lt;init&gt;(Calculator.java:6)
	at io.michaelcane.Commands.&lt;init&gt;(Commands.java:5)
	at io.michaelcane.Calculator.&lt;init&gt;(Calculator.java:6)
	at io.michaelcane.Commands.&lt;init&gt;(Commands.java:5)
	at io.michaelcane.Calculator.&lt;init&gt;(Calculator.java:6)
	at io.michaelcane.Commands.&lt;init&gt;(Commands.java:5)
	at io.michaelcane.Calculator.&lt;init&gt;(Calculator.java:6)
	at io.michaelcane.Commands.&lt;init&gt;(Commands.java:5)
	at io.michaelcane.Calculator.&lt;init&gt;(Calculator.java:6)
	at io.michaelcane.Commands.&lt;init&gt;(Commands.java:5)
	at io.michaelcane.Calculator.&lt;init&gt;(Calculator.java:6)
	at io.michaelcane.Commands.&lt;init&gt;(Commands.java:5)
	at io.michaelcane.Calculator.&lt;init&gt;(Calculator.java:6)
	at io.michaelcane.Commands.&lt;init&gt;(Commands.java:5)
	at io.michaelcane.Calculator.&lt;init&gt;(Calculator.java:6)
	at io.michaelcane.Commands.&lt;init&gt;(Commands.java:5)
	at io.michaelcane.Calculator.&lt;init&gt;(Calculator.java:6)
	at io.michaelcane.Commands.&lt;init&gt;(Commands.java:5)
	at io.michaelcane.Calculator.&lt;init&gt;(Calculator.java:6)
	at io.michaelcane.Commands.&lt;init&gt;(Commands.java:5)
	at io.michaelcane.Calculator.&lt;init&gt;(Calculator.java:6)
	at io.michaelcane.Commands.&lt;init&gt;(Commands.java:5)
	at io.michaelcane.Calculator.&lt;init&gt;(Calculator.java:6)
	at io.michaelcane.Commands.&lt;init&gt;(Commands.java:5)
	at io.michaelcane.Calculator.&lt;init&gt;(Calculator.java:6)
	at io.michaelcane.Commands.&lt;init&gt;(Commands.java:5)
	at io.michaelcane.Calculator.&lt;init&gt;(Calculator.java:6)
	at io.michaelcane.Commands.&lt;init&gt;(Commands.java:5)
	at io.michaelcane.Calculator.&lt;init&gt;(Calculator.java:6)
	at io.michaelcane.Commands.&lt;init&gt;(Commands.java:5)
	at io.michaelcane.Calculator.&lt;init&gt;(Calculator.java:6)
	at io.michaelcane.Commands.&lt;init&gt;(Commands.java:5)
	at io.michaelcane.Calculator.&lt;init&gt;(Calculator.java:6)
	at io.michaelcane.Commands.&lt;init&gt;(Commands.java:5)
	at io.michaelcane.Calculator.&lt;init&gt;(Calculator.java:6)
	at io.michaelcane.Commands.&lt;init&gt;(Commands.java:5)
	at io.michaelcane.Calculator.&lt;init&gt;(Calculator.java:6)
	at io.michaelcane.Commands.&lt;init&gt;(Commands.java:5)
	at io.michaelcane.Calculator.&lt;init&gt;(Calculator.java:6)
	at io.michaelcane.Commands.&lt;init&gt;(Commands.java:5)
	at io.michaelcane.Calculator.&lt;init&gt;(Calculator.java:6)
	at io.michaelcane.Commands.&lt;init&gt;(Commands.java:5)
	at io.michaelcane.Calculator.&lt;init&gt;(Calculator.java:6)
	at io.michaelcane.Commands.&lt;init&gt;(Commands.java:5)
	at io.michaelcane.Calculator.&lt;init&gt;(Calculator.java:6)
	at io.michaelcane.Commands.&lt;init&gt;(Commands.java:5)
	at io.michaelcane.Calculator.&lt;init&gt;(Calculator.java:6)
	at io.michaelcane.Commands.&lt;init&gt;(Commands.java:5)
	at io.michaelcane.Calculator.&lt;init&gt;(Calculator.java:6)
	at io.michaelcane.Commands.&lt;init&gt;(Commands.java:5)
	at io.michaelcane.Calculator.&lt;init&gt;(Calculator.java:6)
	at io.michaelcane.Commands.&lt;init&gt;(Commands.java:5)
	at io.michaelcane.Calculator.&lt;init&gt;(Calculator.java:6)
	at io.michaelcane.Commands.&lt;init&gt;(Commands.java:5)
	at io.michaelcane.Calculator.&lt;init&gt;(Calculator.java:6)
	at io.michaelcane.Commands.&lt;init&gt;(Commands.java:5)
	at io.michaelcane.Calculator.&lt;init&gt;(Calculator.java:6)
	at io.michaelcane.Commands.&lt;init&gt;(Commands.java:5)
	at io.michaelcane.Calculator.&lt;init&gt;(Calculator.java:6)
	at io.michaelcane.Commands.&lt;init&gt;(Commands.java:5)
	at io.michaelcane.Calculator.&lt;init&gt;(Calculator.java:6)
	at io.michaelcane.Commands.&lt;init&gt;(Commands.java:5)
	at io.michaelcane.Calculator.&lt;init&gt;(Calculator.java:6)
	at io.michaelcane.Commands.&lt;init&gt;(Commands.java:5)
	at io.michaelcane.Calculator.&lt;init&gt;(Calculator.java:6)
	at io.michaelcane.Commands.&lt;init&gt;(Commands.java:5)
	at io.michaelcane.Calculator.&lt;init&gt;(Calculator.java:6)
	at io.michaelcane.Commands.&lt;init&gt;(Commands.java:5)
	at io.michaelcane.Calculator.&lt;init&gt;(Calculator.java:6)
	at io.michaelcane.Commands.&lt;init&gt;(Commands.java:5)
	at io.michaelcane.Calculator.&lt;init&gt;(Calculator.java:6)
	at io.michaelcane.Commands.&lt;init&gt;(Commands.java:5)
	at io.michaelcane.Calculator.&lt;init&gt;(Calculator.java:6)
	at io.michaelcane.Commands.&lt;init&gt;(Commands.java:5)
	at io.michaelcane.Calculator.&lt;init&gt;(Calculator.java:6)
	at io.michaelcane.Commands.&lt;init&gt;(Commands.java:5)
	at io.michaelcane.Calculator.&lt;init&gt;(Calculator.java:6)
	at io.michaelcane.Commands.&lt;init&gt;(Commands.java:5)
	at io.michaelcane.Calculator.&lt;init&gt;(Calculator.java:6)
	at io.michaelcane.Commands.&lt;init&gt;(Commands.java:5)
	at io.michaelcane.Calculator.&lt;init&gt;(Calculator.java:6)
	at io.michaelcane.Commands.&lt;init&gt;(Commands.java:5)
	at io.michaelcane.Calculator.&lt;init&gt;(Calculator.java:6)
	at io.michaelcane.Commands.&lt;init&gt;(Commands.java:5)
	at io.michaelcane.Calculator.&lt;init&gt;(Calculator.java:6)
	at io.michaelcane.Commands.&lt;init&gt;(Commands.java:5)
	at io.michaelcane.Calculator.&lt;init&gt;(Calculator.java:6)
	at io.michaelcane.Commands.&lt;init&gt;(Commands.java:5)
	at io.michaelcane.Calculator.&lt;init&gt;(Calculator.java:6)
	at io.michaelcane.Commands.&lt;init&gt;(Commands.java:5)
	at io.michaelcane.Calculator.&lt;init&gt;(Calculator.java:6)
	at io.michaelcane.Commands.&lt;init&gt;(Commands.java:5)
	at io.michaelcane.Calculator.&lt;init&gt;(Calculator.java:6)
	at io.michaelcane.Commands.&lt;init&gt;(Commands.java:5)
	at io.michaelcane.Calculator.&lt;init&gt;(Calculator.java:6)
	at io.michaelcane.Commands.&lt;init&gt;(Commands.java:5)
	at io.michaelcane.Calculator.&lt;init&gt;(Calculator.java:6)
	at io.michaelcane.Commands.&lt;init&gt;(Commands.java:5)
	at io.michaelcane.Calculator.&lt;init&gt;(Calculator.java:6)
	at io.michaelcane.Commands.&lt;init&gt;(Commands.java:5)
	at io.michaelcane.Calculator.&lt;init&gt;(Calculator.java:6)
	at io.michaelcane.Commands.&lt;init&gt;(Commands.java:5)
	at io.michaelcane.Calculator.&lt;init&gt;(Calculator.java:6)
	at io.michaelcane.Commands.&lt;init&gt;(Commands.java:5)
	at io.michaelcane.Calculator.&lt;init&gt;(Calculator.java:6)
	at io.michaelcane.Commands.&lt;init&gt;(Commands.java:5)
	at io.michaelcane.Calculator.&lt;init&gt;(Calculator.java:6)
	at io.michaelcane.Commands.&lt;init&gt;(Commands.java:5)
	at io.michaelcane.Calculator.&lt;init&gt;(Calculator.java:6)
	at io.michaelcane.Commands.&lt;init&gt;(Commands.java:5)
	at io.michaelcane.Calculator.&lt;init&gt;(Calculator.java:6)
	at io.michaelcane.Commands.&lt;init&gt;(Commands.java:5)
	at io.michaelcane.Calculator.&lt;init&gt;(Calculator.java:6)
	at io.michaelcane.Commands.&lt;init&gt;(Commands.java:5)
	at io.michaelcane.Calculator.&lt;init&gt;(Calculator.java:6)
	at io.michaelcane.Commands.&lt;init&gt;(Commands.java:5)
	at io.michaelcane.Calculator.&lt;init&gt;(Calculator.java:6)
	at io.michaelcane.Commands.&lt;init&gt;(Commands.java:5)
	at io.michaelcane.Calculator.&lt;init&gt;(Calculator.java:6)
	at io.michaelcane.Commands.&lt;init&gt;(Commands.java:5)
	at io.michaelcane.Calculator.&lt;init&gt;(Calculator.java:6)
	at io.michaelcane.Commands.&lt;init&gt;(Commands.java:5)
	at io.michaelcane.Calculator.&lt;init&gt;(Calculator.java:6)
	at io.michaelcane.Commands.&lt;init&gt;(Commands.java:5)
	at io.michaelcane.Calculator.&lt;init&gt;(Calculator.java:6)
	at io.michaelcane.Commands.&lt;init&gt;(Commands.java:5)
	at io.michaelcane.Calculator.&lt;init&gt;(Calculator.java:6)
	at io.michaelcane.Commands.&lt;init&gt;(Commands.java:5)
	at io.michaelcane.Calculator.&lt;init&gt;(Calculator.java:6)
	at io.michaelcane.Commands.&lt;init&gt;(Commands.java:5)
</error>
  </testcase>
  <testcase classname="io.michaelcane.CalculatorSpec" name="test$inverseLogarithm" time="0.01">
    <error type="java.lang.StackOverflowError">java.lang.StackOverflowError
	at io.michaelcane.Calculator.&lt;init&gt;(Calculator.java:6)
	at io.michaelcane.Commands.&lt;init&gt;(Commands.java:5)
	at io.michaelcane.Calculator.&lt;init&gt;(Calculator.java:6)
	at io.michaelcane.Commands.&lt;init&gt;(Commands.java:5)
	at io.michaelcane.Calculator.&lt;init&gt;(Calculator.java:6)
	at io.michaelcane.Commands.&lt;init&gt;(Commands.java:5)
	at io.michaelcane.Calculator.&lt;init&gt;(Calculator.java:6)
	at io.michaelcane.Commands.&lt;init&gt;(Commands.java:5)
	at io.michaelcane.Calculator.&lt;init&gt;(Calculator.java:6)
	at io.michaelcane.Commands.&lt;init&gt;(Commands.java:5)
	at io.michaelcane.Calculator.&lt;init&gt;(Calculator.java:6)
	at io.michaelcane.Commands.&lt;init&gt;(Commands.java:5)
	at io.michaelcane.Calculator.&lt;init&gt;(Calculator.java:6)
	at io.michaelcane.Commands.&lt;init&gt;(Commands.java:5)
	at io.michaelcane.Calculator.&lt;init&gt;(Calculator.java:6)
	at io.michaelcane.Commands.&lt;init&gt;(Commands.java:5)
	at io.michaelcane.Calculator.&lt;init&gt;(Calculator.java:6)
	at io.michaelcane.Commands.&lt;init&gt;(Commands.java:5)
	at io.michaelcane.Calculator.&lt;init&gt;(Calculator.java:6)
	at io.michaelcane.Commands.&lt;init&gt;(Commands.java:5)
	at io.michaelcane.Calculator.&lt;init&gt;(Calculator.java:6)
	at io.michaelcane.Commands.&lt;init&gt;(Commands.java:5)
	at io.michaelcane.Calculator.&lt;init&gt;(Calculator.java:6)
	at io.michaelcane.Commands.&lt;init&gt;(Commands.java:5)
	at io.michaelcane.Calculator.&lt;init&gt;(Calculator.java:6)
	at io.michaelcane.Commands.&lt;init&gt;(Commands.java:5)
	at io.michaelcane.Calculator.&lt;init&gt;(Calculator.java:6)
	at io.michaelcane.Commands.&lt;init&gt;(Commands.java:5)
	at io.michaelcane.Calculator.&lt;init&gt;(Calculator.java:6)
	at io.michaelcane.Commands.&lt;init&gt;(Commands.java:5)
	at io.michaelcane.Calculator.&lt;init&gt;(Calculator.java:6)
	at io.michaelcane.Commands.&lt;init&gt;(Commands.java:5)
	at io.michaelcane.Calculator.&lt;init&gt;(Calculator.java:6)
	at io.michaelcane.Commands.&lt;init&gt;(Commands.java:5)
	at io.michaelcane.Calculator.&lt;init&gt;(Calculator.java:6)
	at io.michaelcane.Commands.&lt;init&gt;(Commands.java:5)
	at io.michaelcane.Calculator.&lt;init&gt;(Calculator.java:6)
	at io.michaelcane.Commands.&lt;init&gt;(Commands.java:5)
	at io.michaelcane.Calculator.&lt;init&gt;(Calculator.java:6)
	at io.michaelcane.Commands.&lt;init&gt;(Commands.java:5)
	at io.michaelcane.Calculator.&lt;init&gt;(Calculator.java:6)
	at io.michaelcane.Commands.&lt;init&gt;(Commands.java:5)
	at io.michaelcane.Calculator.&lt;init&gt;(Calculator.java:6)
	at io.michaelcane.Commands.&lt;init&gt;(Commands.java:5)
	at io.michaelcane.Calculator.&lt;init&gt;(Calculator.java:6)
	at io.michaelcane.Commands.&lt;init&gt;(Commands.java:5)
	at io.michaelcane.Calculator.&lt;init&gt;(Calculator.java:6)
	at io.michaelcane.Commands.&lt;init&gt;(Commands.java:5)
	at io.michaelcane.Calculator.&lt;init&gt;(Calculator.java:6)
	at io.michaelcane.Commands.&lt;init&gt;(Commands.java:5)
	at io.michaelcane.Calculator.&lt;init&gt;(Calculator.java:6)
	at io.michaelcane.Commands.&lt;init&gt;(Commands.java:5)
	at io.michaelcane.Calculator.&lt;init&gt;(Calculator.java:6)
	at io.michaelcane.Commands.&lt;init&gt;(Commands.java:5)
	at io.michaelcane.Calculator.&lt;init&gt;(Calculator.java:6)
	at io.michaelcane.Commands.&lt;init&gt;(Commands.java:5)
	at io.michaelcane.Calculator.&lt;init&gt;(Calculator.java:6)
	at io.michaelcane.Commands.&lt;init&gt;(Commands.java:5)
	at io.michaelcane.Calculator.&lt;init&gt;(Calculator.java:6)
	at io.michaelcane.Commands.&lt;init&gt;(Commands.java:5)
	at io.michaelcane.Calculator.&lt;init&gt;(Calculator.java:6)
	at io.michaelcane.Commands.&lt;init&gt;(Commands.java:5)
	at io.michaelcane.Calculator.&lt;init&gt;(Calculator.java:6)
	at io.michaelcane.Commands.&lt;init&gt;(Commands.java:5)
	at io.michaelcane.Calculator.&lt;init&gt;(Calculator.java:6)
	at io.michaelcane.Commands.&lt;init&gt;(Commands.java:5)
	at io.michaelcane.Calculator.&lt;init&gt;(Calculator.java:6)
	at io.michaelcane.Commands.&lt;init&gt;(Commands.java:5)
	at io.michaelcane.Calculator.&lt;init&gt;(Calculator.java:6)
	at io.michaelcane.Commands.&lt;init&gt;(Commands.java:5)
	at io.michaelcane.Calculator.&lt;init&gt;(Calculator.java:6)
	at io.michaelcane.Commands.&lt;init&gt;(Commands.java:5)
	at io.michaelcane.Calculator.&lt;init&gt;(Calculator.java:6)
	at io.michaelcane.Commands.&lt;init&gt;(Commands.java:5)
	at io.michaelcane.Calculator.&lt;init&gt;(Calculator.java:6)
	at io.michaelcane.Commands.&lt;init&gt;(Commands.java:5)
	at io.michaelcane.Calculator.&lt;init&gt;(Calculator.java:6)
	at io.michaelcane.Commands.&lt;init&gt;(Commands.java:5)
	at io.michaelcane.Calculator.&lt;init&gt;(Calculator.java:6)
	at io.michaelcane.Commands.&lt;init&gt;(Commands.java:5)
	at io.michaelcane.Calculator.&lt;init&gt;(Calculator.java:6)
	at io.michaelcane.Commands.&lt;init&gt;(Commands.java:5)
	at io.michaelcane.Calculator.&lt;init&gt;(Calculator.java:6)
	at io.michaelcane.Commands.&lt;init&gt;(Commands.java:5)
	at io.michaelcane.Calculator.&lt;init&gt;(Calculator.java:6)
	at io.michaelcane.Commands.&lt;init&gt;(Commands.java:5)
	at io.michaelcane.Calculator.&lt;init&gt;(Calculator.java:6)
	at io.michaelcane.Commands.&lt;init&gt;(Commands.java:5)
	at io.michaelcane.Calculator.&lt;init&gt;(Calculator.java:6)
	at io.michaelcane.Commands.&lt;init&gt;(Commands.java:5)
	at io.michaelcane.Calculator.&lt;init&gt;(Calculator.java:6)
	at io.michaelcane.Commands.&lt;init&gt;(Commands.java:5)
	at io.michaelcane.Calculator.&lt;init&gt;(Calculator.java:6)
	at io.michaelcane.Commands.&lt;init&gt;(Commands.java:5)
	at io.michaelcane.Calculator.&lt;init&gt;(Calculator.java:6)
	at io.michaelcane.Commands.&lt;init&gt;(Commands.java:5)
	at io.michaelcane.Calculator.&lt;init&gt;(Calculator.java:6)
	at io.michaelcane.Commands.&lt;init&gt;(Commands.java:5)
	at io.michaelcane.Calculator.&lt;init&gt;(Calculator.java:6)
	at io.michaelcane.Commands.&lt;init&gt;(Commands.java:5)
	at io.michaelcane.Calculator.&lt;init&gt;(Calculator.java:6)
	at io.michaelcane.Commands.&lt;init&gt;(Commands.java:5)
	at io.michaelcane.Calculator.&lt;init&gt;(Calculator.java:6)
	at io.michaelcane.Commands.&lt;init&gt;(Commands.java:5)
	at io.michaelcane.Calculator.&lt;init&gt;(Calculator.java:6)
	at io.michaelcane.Commands.&lt;init&gt;(Commands.java:5)
	at io.michaelcane.Calculator.&lt;init&gt;(Calculator.java:6)
	at io.michaelcane.Commands.&lt;init&gt;(Commands.java:5)
	at io.michaelcane.Calculator.&lt;init&gt;(Calculator.java:6)
	at io.michaelcane.Commands.&lt;init&gt;(Commands.java:5)
	at io.michaelcane.Calculator.&lt;init&gt;(Calculator.java:6)
	at io.michaelcane.Commands.&lt;init&gt;(Commands.java:5)
	at io.michaelcane.Calculator.&lt;init&gt;(Calculator.java:6)
	at io.michaelcane.Commands.&lt;init&gt;(Commands.java:5)
	at io.michaelcane.Calculator.&lt;init&gt;(Calculator.java:6)
	at io.michaelcane.Commands.&lt;init&gt;(Commands.java:5)
	at io.michaelcane.Calculator.&lt;init&gt;(Calculator.java:6)
	at io.michaelcane.Commands.&lt;init&gt;(Commands.java:5)
	at io.michaelcane.Calculator.&lt;init&gt;(Calculator.java:6)
	at io.michaelcane.Commands.&lt;init&gt;(Commands.java:5)
	at io.michaelcane.Calculator.&lt;init&gt;(Calculator.java:6)
	at io.michaelcane.Commands.&lt;init&gt;(Commands.java:5)
	at io.michaelcane.Calculator.&lt;init&gt;(Calculator.java:6)
	at io.michaelcane.Commands.&lt;init&gt;(Commands.java:5)
	at io.michaelcane.Calculator.&lt;init&gt;(Calculator.java:6)
	at io.michaelcane.Commands.&lt;init&gt;(Commands.java:5)
	at io.michaelcane.Calculator.&lt;init&gt;(Calculator.java:6)
	at io.michaelcane.Commands.&lt;init&gt;(Commands.java:5)
	at io.michaelcane.Calculator.&lt;init&gt;(Calculator.java:6)
	at io.michaelcane.Commands.&lt;init&gt;(Commands.java:5)
	at io.michaelcane.Calculator.&lt;init&gt;(Calculator.java:6)
	at io.michaelcane.Commands.&lt;init&gt;(Commands.java:5)
	at io.michaelcane.Calculator.&lt;init&gt;(Calculator.java:6)
	at io.michaelcane.Commands.&lt;init&gt;(Commands.java:5)
	at io.michaelcane.Calculator.&lt;init&gt;(Calculator.java:6)
	at io.michaelcane.Commands.&lt;init&gt;(Commands.java:5)
	at io.michaelcane.Calculator.&lt;init&gt;(Calculator.java:6)
	at io.michaelcane.Commands.&lt;init&gt;(Commands.java:5)
	at io.michaelcane.Calculator.&lt;init&gt;(Calculator.java:6)
	at io.michaelcane.Commands.&lt;init&gt;(Commands.java:5)
	at io.michaelcane.Calculator.&lt;init&gt;(Calculator.java:6)
	at io.michaelcane.Commands.&lt;init&gt;(Commands.java:5)
	at io.michaelcane.Calculator.&lt;init&gt;(Calculator.java:6)
	at io.michaelcane.Commands.&lt;init&gt;(Commands.java:5)
	at io.michaelcane.Calculator.&lt;init&gt;(Calculator.java:6)
	at io.michaelcane.Commands.&lt;init&gt;(Commands.java:5)
	at io.michaelcane.Calculator.&lt;init&gt;(Calculator.java:6)
	at io.michaelcane.Commands.&lt;init&gt;(Commands.java:5)
	at io.michaelcane.Calculator.&lt;init&gt;(Calculator.java:6)
	at io.michaelcane.Commands.&lt;init&gt;(Commands.java:5)
	at io.michaelcane.Calculator.&lt;init&gt;(Calculator.java:6)
	at io.michaelcane.Commands.&lt;init&gt;(Commands.java:5)
	at io.michaelcane.Calculator.&lt;init&gt;(Calculator.java:6)
	at io.michaelcane.Commands.&lt;init&gt;(Commands.java:5)
	at io.michaelcane.Calculator.&lt;init&gt;(Calculator.java:6)
	at io.michaelcane.Commands.&lt;init&gt;(Commands.java:5)
	at io.michaelcane.Calculator.&lt;init&gt;(Calculator.java:6)
	at io.michaelcane.Commands.&lt;init&gt;(Commands.java:5)
	at io.michaelcane.Calculator.&lt;init&gt;(Calculator.java:6)
	at io.michaelcane.Commands.&lt;init&gt;(Commands.java:5)
	at io.michaelcane.Calculator.&lt;init&gt;(Calculator.java:6)
	at io.michaelcane.Commands.&lt;init&gt;(Commands.java:5)
	at io.michaelcane.Calculator.&lt;init&gt;(Calculator.java:6)
	at io.michaelcane.Commands.&lt;init&gt;(Commands.java:5)
	at io.michaelcane.Calculator.&lt;init&gt;(Calculator.java:6)
	at io.michaelcane.Commands.&lt;init&gt;(Commands.java:5)
	at io.michaelcane.Calculator.&lt;init&gt;(Calculator.java:6)
	at io.michaelcane.Commands.&lt;init&gt;(Commands.java:5)
	at io.michaelcane.Calculator.&lt;init&gt;(Calculator.java:6)
	at io.michaelcane.Commands.&lt;init&gt;(Commands.java:5)
	at io.michaelcane.Calculator.&lt;init&gt;(Calculator.java:6)
	at io.michaelcane.Commands.&lt;init&gt;(Commands.java:5)
	at io.michaelcane.Calculator.&lt;init&gt;(Calculator.java:6)
	at io.michaelcane.Commands.&lt;init&gt;(Commands.java:5)
	at io.michaelcane.Calculator.&lt;init&gt;(Calculator.java:6)
	at io.michaelcane.Commands.&lt;init&gt;(Commands.java:5)
	at io.michaelcane.Calculator.&lt;init&gt;(Calculator.java:6)
	at io.michaelcane.Commands.&lt;init&gt;(Commands.java:5)
	at io.michaelcane.Calculator.&lt;init&gt;(Calculator.java:6)
	at io.michaelcane.Commands.&lt;init&gt;(Commands.java:5)
	at io.michaelcane.Calculator.&lt;init&gt;(Calculator.java:6)
	at io.michaelcane.Commands.&lt;init&gt;(Commands.java:5)
	at io.michaelcane.Calculator.&lt;init&gt;(Calculator.java:6)
	at io.michaelcane.Commands.&lt;init&gt;(Commands.java:5)
	at io.michaelcane.Calculator.&lt;init&gt;(Calculator.java:6)
	at io.michaelcane.Commands.&lt;init&gt;(Commands.java:5)
	at io.michaelcane.Calculator.&lt;init&gt;(Calculator.java:6)
	at io.michaelcane.Commands.&lt;init&gt;(Commands.java:5)
	at io.michaelcane.Calculator.&lt;init&gt;(Calculator.java:6)
	at io.michaelcane.Commands.&lt;init&gt;(Commands.java:5)
	at io.michaelcane.Calculator.&lt;init&gt;(Calculator.java:6)
	at io.michaelcane.Commands.&lt;init&gt;(Commands.java:5)
	at io.michaelcane.Calculator.&lt;init&gt;(Calculator.java:6)
	at io.michaelcane.Commands.&lt;init&gt;(Commands.java:5)
	at io.michaelcane.Calculator.&lt;init&gt;(Calculator.java:6)
	at io.michaelcane.Commands.&lt;init&gt;(Commands.java:5)
	at io.michaelcane.Calculator.&lt;init&gt;(Calculator.java:6)
	at io.michaelcane.Commands.&lt;init&gt;(Commands.java:5)
	at io.michaelcane.Calculator.&lt;init&gt;(Calculator.java:6)
	at io.michaelcane.Commands.&lt;init&gt;(Commands.java:5)
	at io.michaelcane.Calculator.&lt;init&gt;(Calculator.java:6)
	at io.michaelcane.Commands.&lt;init&gt;(Commands.java:5)
	at io.michaelcane.Calculator.&lt;init&gt;(Calculator.java:6)
	at io.michaelcane.Commands.&lt;init&gt;(Commands.java:5)
	at io.michaelcane.Calculator.&lt;init&gt;(Calculator.java:6)
	at io.michaelcane.Commands.&lt;init&gt;(Commands.java:5)
	at io.michaelcane.Calculator.&lt;init&gt;(Calculator.java:6)
	at io.michaelcane.Commands.&lt;init&gt;(Commands.java:5)
	at io.michaelcane.Calculator.&lt;init&gt;(Calculator.java:6)
	at io.michaelcane.Commands.&lt;init&gt;(Commands.java:5)
	at io.michaelcane.Calculator.&lt;init&gt;(Calculator.java:6)
	at io.michaelcane.Commands.&lt;init&gt;(Commands.java:5)
	at io.michaelcane.Calculator.&lt;init&gt;(Calculator.java:6)
	at io.michaelcane.Commands.&lt;init&gt;(Commands.java:5)
	at io.michaelcane.Calculator.&lt;init&gt;(Calculator.java:6)
	at io.michaelcane.Commands.&lt;init&gt;(Commands.java:5)
	at io.michaelcane.Calculator.&lt;init&gt;(Calculator.java:6)
	at io.michaelcane.Commands.&lt;init&gt;(Commands.java:5)
	at io.michaelcane.Calculator.&lt;init&gt;(Calculator.java:6)
	at io.michaelcane.Commands.&lt;init&gt;(Commands.java:5)
	at io.michaelcane.Calculator.&lt;init&gt;(Calculator.java:6)
	at io.michaelcane.Commands.&lt;init&gt;(Commands.java:5)
	at io.michaelcane.Calculator.&lt;init&gt;(Calculator.java:6)
	at io.michaelcane.Commands.&lt;init&gt;(Commands.java:5)
	at io.michaelcane.Calculator.&lt;init&gt;(Calculator.java:6)
	at io.michaelcane.Commands.&lt;init&gt;(Commands.java:5)
	at io.michaelcane.Calculator.&lt;init&gt;(Calculator.java:6)
	at io.michaelcane.Commands.&lt;init&gt;(Commands.java:5)
	at io.michaelcane.Calculator.&lt;init&gt;(Calculator.java:6)
	at io.michaelcane.Commands.&lt;init&gt;(Commands.java:5)
	at io.michaelcane.Calculator.&lt;init&gt;(Calculator.java:6)
	at io.michaelcane.Commands.&lt;init&gt;(Commands.java:5)
	at io.michaelcane.Calculator.&lt;init&gt;(Calculator.java:6)
	at io.michaelcane.Commands.&lt;init&gt;(Commands.java:5)
	at io.michaelcane.Calculator.&lt;init&gt;(Calculator.java:6)
	at io.michaelcane.Commands.&lt;init&gt;(Commands.java:5)
	at io.michaelcane.Calculator.&lt;init&gt;(Calculator.java:6)
	at io.michaelcane.Commands.&lt;init&gt;(Commands.java:5)
	at io.michaelcane.Calculator.&lt;init&gt;(Calculator.java:6)
	at io.michaelcane.Commands.&lt;init&gt;(Commands.java:5)
	at io.michaelcane.Calculator.&lt;init&gt;(Calculator.java:6)
	at io.michaelcane.Commands.&lt;init&gt;(Commands.java:5)
	at io.michaelcane.Calculator.&lt;init&gt;(Calculator.java:6)
	at io.michaelcane.Commands.&lt;init&gt;(Commands.java:5)
	at io.michaelcane.Calculator.&lt;init&gt;(Calculator.java:6)
	at io.michaelcane.Commands.&lt;init&gt;(Commands.java:5)
	at io.michaelcane.Calculator.&lt;init&gt;(Calculator.java:6)
	at io.michaelcane.Commands.&lt;init&gt;(Commands.java:5)
	at io.michaelcane.Calculator.&lt;init&gt;(Calculator.java:6)
	at io.michaelcane.Commands.&lt;init&gt;(Commands.java:5)
	at io.michaelcane.Calculator.&lt;init&gt;(Calculator.java:6)
	at io.michaelcane.Commands.&lt;init&gt;(Commands.java:5)
	at io.michaelcane.Calculator.&lt;init&gt;(Calculator.java:6)
	at io.michaelcane.Commands.&lt;init&gt;(Commands.java:5)
	at io.michaelcane.Calculator.&lt;init&gt;(Calculator.java:6)
	at io.michaelcane.Commands.&lt;init&gt;(Commands.java:5)
	at io.michaelcane.Calculator.&lt;init&gt;(Calculator.java:6)
	at io.michaelcane.Commands.&lt;init&gt;(Commands.java:5)
	at io.michaelcane.Calculator.&lt;init&gt;(Calculator.java:6)
	at io.michaelcane.Commands.&lt;init&gt;(Commands.java:5)
	at io.michaelcane.Calculator.&lt;init&gt;(Calculator.java:6)
	at io.michaelcane.Commands.&lt;init&gt;(Commands.java:5)
	at io.michaelcane.Calculator.&lt;init&gt;(Calculator.java:6)
	at io.michaelcane.Commands.&lt;init&gt;(Commands.java:5)
	at io.michaelcane.Calculator.&lt;init&gt;(Calculator.java:6)
	at io.michaelcane.Commands.&lt;init&gt;(Commands.java:5)
	at io.michaelcane.Calculator.&lt;init&gt;(Calculator.java:6)
	at io.michaelcane.Commands.&lt;init&gt;(Commands.java:5)
	at io.michaelcane.Calculator.&lt;init&gt;(Calculator.java:6)
	at io.michaelcane.Commands.&lt;init&gt;(Commands.java:5)
	at io.michaelcane.Calculator.&lt;init&gt;(Calculator.java:6)
	at io.michaelcane.Commands.&lt;init&gt;(Commands.java:5)
	at io.michaelcane.Calculator.&lt;init&gt;(Calculator.java:6)
	at io.michaelcane.Commands.&lt;init&gt;(Commands.java:5)
	at io.michaelcane.Calculator.&lt;init&gt;(Calculator.java:6)
	at io.michaelcane.Commands.&lt;init&gt;(Commands.java:5)
	at io.michaelcane.Calculator.&lt;init&gt;(Calculator.java:6)
	at io.michaelcane.Commands.&lt;init&gt;(Commands.java:5)
	at io.michaelcane.Calculator.&lt;init&gt;(Calculator.java:6)
	at io.michaelcane.Commands.&lt;init&gt;(Commands.java:5)
	at io.michaelcane.Calculator.&lt;init&gt;(Calculator.java:6)
	at io.michaelcane.Commands.&lt;init&gt;(Commands.java:5)
	at io.michaelcane.Calculator.&lt;init&gt;(Calculator.java:6)
	at io.michaelcane.Commands.&lt;init&gt;(Commands.java:5)
	at io.michaelcane.Calculator.&lt;init&gt;(Calculator.java:6)
	at io.michaelcane.Commands.&lt;init&gt;(Commands.java:5)
	at io.michaelcane.Calculator.&lt;init&gt;(Calculator.java:6)
	at io.michaelcane.Commands.&lt;init&gt;(Commands.java:5)
	at io.michaelcane.Calculator.&lt;init&gt;(Calculator.java:6)
	at io.michaelcane.Commands.&lt;init&gt;(Commands.java:5)
	at io.michaelcane.Calculator.&lt;init&gt;(Calculator.java:6)
	at io.michaelcane.Commands.&lt;init&gt;(Commands.java:5)
	at io.michaelcane.Calculator.&lt;init&gt;(Calculator.java:6)
	at io.michaelcane.Commands.&lt;init&gt;(Commands.java:5)
	at io.michaelcane.Calculator.&lt;init&gt;(Calculator.java:6)
	at io.michaelcane.Commands.&lt;init&gt;(Commands.java:5)
	at io.michaelcane.Calculator.&lt;init&gt;(Calculator.java:6)
	at io.michaelcane.Commands.&lt;init&gt;(Commands.java:5)
	at io.michaelcane.Calculator.&lt;init&gt;(Calculator.java:6)
	at io.michaelcane.Commands.&lt;init&gt;(Commands.java:5)
	at io.michaelcane.Calculator.&lt;init&gt;(Calculator.java:6)
	at io.michaelcane.Commands.&lt;init&gt;(Commands.java:5)
	at io.michaelcane.Calculator.&lt;init&gt;(Calculator.java:6)
	at io.michaelcane.Commands.&lt;init&gt;(Commands.java:5)
	at io.michaelcane.Calculator.&lt;init&gt;(Calculator.java:6)
	at io.michaelcane.Commands.&lt;init&gt;(Commands.java:5)
	at io.michaelcane.Calculator.&lt;init&gt;(Calculator.java:6)
	at io.michaelcane.Commands.&lt;init&gt;(Commands.java:5)
	at io.michaelcane.Calculator.&lt;init&gt;(Calculator.java:6)
	at io.michaelcane.Commands.&lt;init&gt;(Commands.java:5)
	at io.michaelcane.Calculator.&lt;init&gt;(Calculator.java:6)
	at io.michaelcane.Commands.&lt;init&gt;(Commands.java:5)
	at io.michaelcane.Calculator.&lt;init&gt;(Calculator.java:6)
	at io.michaelcane.Commands.&lt;init&gt;(Commands.java:5)
	at io.michaelcane.Calculator.&lt;init&gt;(Calculator.java:6)
	at io.michaelcane.Commands.&lt;init&gt;(Commands.java:5)
	at io.michaelcane.Calculator.&lt;init&gt;(Calculator.java:6)
	at io.michaelcane.Commands.&lt;init&gt;(Commands.java:5)
	at io.michaelcane.Calculator.&lt;init&gt;(Calculator.java:6)
	at io.michaelcane.Commands.&lt;init&gt;(Commands.java:5)
	at io.michaelcane.Calculator.&lt;init&gt;(Calculator.java:6)
	at io.michaelcane.Commands.&lt;init&gt;(Commands.java:5)
	at io.michaelcane.Calculator.&lt;init&gt;(Calculator.java:6)
	at io.michaelcane.Commands.&lt;init&gt;(Commands.java:5)
	at io.michaelcane.Calculator.&lt;init&gt;(Calculator.java:6)
	at io.michaelcane.Commands.&lt;init&gt;(Commands.java:5)
	at io.michaelcane.Calculator.&lt;init&gt;(Calculator.java:6)
	at io.michaelcane.Commands.&lt;init&gt;(Commands.java:5)
	at io.michaelcane.Calculator.&lt;init&gt;(Calculator.java:6)
	at io.michaelcane.Commands.&lt;init&gt;(Commands.java:5)
	at io.michaelcane.Calculator.&lt;init&gt;(Calculator.java:6)
	at io.michaelcane.Commands.&lt;init&gt;(Commands.java:5)
	at io.michaelcane.Calculator.&lt;init&gt;(Calculator.java:6)
	at io.michaelcane.Commands.&lt;init&gt;(Commands.java:5)
	at io.michaelcane.Calculator.&lt;init&gt;(Calculator.java:6)
	at io.michaelcane.Commands.&lt;init&gt;(Commands.java:5)
	at io.michaelcane.Calculator.&lt;init&gt;(Calculator.java:6)
	at io.michaelcane.Commands.&lt;init&gt;(Commands.java:5)
	at io.michaelcane.Calculator.&lt;init&gt;(Calculator.java:6)
	at io.michaelcane.Commands.&lt;init&gt;(Commands.java:5)
	at io.michaelcane.Calculator.&lt;init&gt;(Calculator.java:6)
	at io.michaelcane.Commands.&lt;init&gt;(Commands.java:5)
	at io.michaelcane.Calculator.&lt;init&gt;(Calculator.java:6)
	at io.michaelcane.Commands.&lt;init&gt;(Commands.java:5)
	at io.michaelcane.Calculator.&lt;init&gt;(Calculator.java:6)
	at io.michaelcane.Commands.&lt;init&gt;(Commands.java:5)
	at io.michaelcane.Calculator.&lt;init&gt;(Calculator.java:6)
	at io.michaelcane.Commands.&lt;init&gt;(Commands.java:5)
	at io.michaelcane.Calculator.&lt;init&gt;(Calculator.java:6)
	at io.michaelcane.Commands.&lt;init&gt;(Commands.java:5)
	at io.michaelcane.Calculator.&lt;init&gt;(Calculator.java:6)
	at io.michaelcane.Commands.&lt;init&gt;(Commands.java:5)
	at io.michaelcane.Calculator.&lt;init&gt;(Calculator.java:6)
	at io.michaelcane.Commands.&lt;init&gt;(Commands.java:5)
	at io.michaelcane.Calculator.&lt;init&gt;(Calculator.java:6)
	at io.michaelcane.Commands.&lt;init&gt;(Commands.java:5)
	at io.michaelcane.Calculator.&lt;init&gt;(Calculator.java:6)
	at io.michaelcane.Commands.&lt;init&gt;(Commands.java:5)
	at io.michaelcane.Calculator.&lt;init&gt;(Calculator.java:6)
	at io.michaelcane.Commands.&lt;init&gt;(Commands.java:5)
	at io.michaelcane.Calculator.&lt;init&gt;(Calculator.java:6)
	at io.michaelcane.Commands.&lt;init&gt;(Commands.java:5)
	at io.michaelcane.Calculator.&lt;init&gt;(Calculator.java:6)
	at io.michaelcane.Commands.&lt;init&gt;(Commands.java:5)
	at io.michaelcane.Calculator.&lt;init&gt;(Calculator.java:6)
	at io.michaelcane.Commands.&lt;init&gt;(Commands.java:5)
	at io.michaelcane.Calculator.&lt;init&gt;(Calculator.java:6)
	at io.michaelcane.Commands.&lt;init&gt;(Commands.java:5)
	at io.michaelcane.Calculator.&lt;init&gt;(Calculator.java:6)
	at io.michaelcane.Commands.&lt;init&gt;(Commands.java:5)
	at io.michaelcane.Calculator.&lt;init&gt;(Calculator.java:6)
	at io.michaelcane.Commands.&lt;init&gt;(Commands.java:5)
	at io.michaelcane.Calculator.&lt;init&gt;(Calculator.java:6)
	at io.michaelcane.Commands.&lt;init&gt;(Commands.java:5)
	at io.michaelcane.Calculator.&lt;init&gt;(Calculator.java:6)
	at io.michaelcane.Commands.&lt;init&gt;(Commands.java:5)
	at io.michaelcane.Calculator.&lt;init&gt;(Calculator.java:6)
	at io.michaelcane.Commands.&lt;init&gt;(Commands.java:5)
	at io.michaelcane.Calculator.&lt;init&gt;(Calculator.java:6)
	at io.michaelcane.Commands.&lt;init&gt;(Commands.java:5)
	at io.michaelcane.Calculator.&lt;init&gt;(Calculator.java:6)
	at io.michaelcane.Commands.&lt;init&gt;(Commands.java:5)
	at io.michaelcane.Calculator.&lt;init&gt;(Calculator.java:6)
	at io.michaelcane.Commands.&lt;init&gt;(Commands.java:5)
	at io.michaelcane.Calculator.&lt;init&gt;(Calculator.java:6)
	at io.michaelcane.Commands.&lt;init&gt;(Commands.java:5)
	at io.michaelcane.Calculator.&lt;init&gt;(Calculator.java:6)
	at io.michaelcane.Commands.&lt;init&gt;(Commands.java:5)
	at io.michaelcane.Calculator.&lt;init&gt;(Calculator.java:6)
	at io.michaelcane.Commands.&lt;init&gt;(Commands.java:5)
	at io.michaelcane.Calculator.&lt;init&gt;(Calculator.java:6)
	at io.michaelcane.Commands.&lt;init&gt;(Commands.java:5)
	at io.michaelcane.Calculator.&lt;init&gt;(Calculator.java:6)
	at io.michaelcane.Commands.&lt;init&gt;(Commands.java:5)
	at io.michaelcane.Calculator.&lt;init&gt;(Calculator.java:6)
	at io.michaelcane.Commands.&lt;init&gt;(Commands.java:5)
	at io.michaelcane.Calculator.&lt;init&gt;(Calculator.java:6)
	at io.michaelcane.Commands.&lt;init&gt;(Commands.java:5)
	at io.michaelcane.Calculator.&lt;init&gt;(Calculator.java:6)
	at io.michaelcane.Commands.&lt;init&gt;(Commands.java:5)
	at io.michaelcane.Calculator.&lt;init&gt;(Calculator.java:6)
	at io.michaelcane.Commands.&lt;init&gt;(Commands.java:5)
	at io.michaelcane.Calculator.&lt;init&gt;(Calculator.java:6)
	at io.michaelcane.Commands.&lt;init&gt;(Commands.java:5)
	at io.michaelcane.Calculator.&lt;init&gt;(Calculator.java:6)
	at io.michaelcane.Commands.&lt;init&gt;(Commands.java:5)
	at io.michaelcane.Calculator.&lt;init&gt;(Calculator.java:6)
	at io.michaelcane.Commands.&lt;init&gt;(Commands.java:5)
	at io.michaelcane.Calculator.&lt;init&gt;(Calculator.java:6)
	at io.michaelcane.Commands.&lt;init&gt;(Commands.java:5)
	at io.michaelcane.Calculator.&lt;init&gt;(Calculator.java:6)
	at io.michaelcane.Commands.&lt;init&gt;(Commands.java:5)
	at io.michaelcane.Calculator.&lt;init&gt;(Calculator.java:6)
	at io.michaelcane.Commands.&lt;init&gt;(Commands.java:5)
	at io.michaelcane.Calculator.&lt;init&gt;(Calculator.java:6)
	at io.michaelcane.Commands.&lt;init&gt;(Commands.java:5)
	at io.michaelcane.Calculator.&lt;init&gt;(Calculator.java:6)
	at io.michaelcane.Commands.&lt;init&gt;(Commands.java:5)
	at io.michaelcane.Calculator.&lt;init&gt;(Calculator.java:6)
	at io.michaelcane.Commands.&lt;init&gt;(Commands.java:5)
	at io.michaelcane.Calculator.&lt;init&gt;(Calculator.java:6)
	at io.michaelcane.Commands.&lt;init&gt;(Commands.java:5)
	at io.michaelcane.Calculator.&lt;init&gt;(Calculator.java:6)
	at io.michaelcane.Commands.&lt;init&gt;(Commands.java:5)
	at io.michaelcane.Calculator.&lt;init&gt;(Calculator.java:6)
	at io.michaelcane.Commands.&lt;init&gt;(Commands.java:5)
	at io.michaelcane.Calculator.&lt;init&gt;(Calculator.java:6)
	at io.michaelcane.Commands.&lt;init&gt;(Commands.java:5)
	at io.michaelcane.Calculator.&lt;init&gt;(Calculator.java:6)
	at io.michaelcane.Commands.&lt;init&gt;(Commands.java:5)
	at io.michaelcane.Calculator.&lt;init&gt;(Calculator.java:6)
	at io.michaelcane.Commands.&lt;init&gt;(Commands.java:5)
	at io.michaelcane.Calculator.&lt;init&gt;(Calculator.java:6)
	at io.michaelcane.Commands.&lt;init&gt;(Commands.java:5)
	at io.michaelcane.Calculator.&lt;init&gt;(Calculator.java:6)
	at io.michaelcane.Commands.&lt;init&gt;(Commands.java:5)
	at io.michaelcane.Calculator.&lt;init&gt;(Calculator.java:6)
	at io.michaelcane.Commands.&lt;init&gt;(Commands.java:5)
	at io.michaelcane.Calculator.&lt;init&gt;(Calculator.java:6)
	at io.michaelcane.Commands.&lt;init&gt;(Commands.java:5)
	at io.michaelcane.Calculator.&lt;init&gt;(Calculator.java:6)
	at io.michaelcane.Commands.&lt;init&gt;(Commands.java:5)
	at io.michaelcane.Calculator.&lt;init&gt;(Calculator.java:6)
	at io.michaelcane.Commands.&lt;init&gt;(Commands.java:5)
	at io.michaelcane.Calculator.&lt;init&gt;(Calculator.java:6)
	at io.michaelcane.Commands.&lt;init&gt;(Commands.java:5)
	at io.michaelcane.Calculator.&lt;init&gt;(Calculator.java:6)
	at io.michaelcane.Commands.&lt;init&gt;(Commands.java:5)
	at io.michaelcane.Calculator.&lt;init&gt;(Calculator.java:6)
	at io.michaelcane.Commands.&lt;init&gt;(Commands.java:5)
	at io.michaelcane.Calculator.&lt;init&gt;(Calculator.java:6)
	at io.michaelcane.Commands.&lt;init&gt;(Commands.java:5)
	at io.michaelcane.Calculator.&lt;init&gt;(Calculator.java:6)
	at io.michaelcane.Commands.&lt;init&gt;(Commands.java:5)
	at io.michaelcane.Calculator.&lt;init&gt;(Calculator.java:6)
	at io.michaelcane.Commands.&lt;init&gt;(Commands.java:5)
	at io.michaelcane.Calculator.&lt;init&gt;(Calculator.java:6)
	at io.michaelcane.Commands.&lt;init&gt;(Commands.java:5)
	at io.michaelcane.Calculator.&lt;init&gt;(Calculator.java:6)
	at io.michaelcane.Commands.&lt;init&gt;(Commands.java:5)
	at io.michaelcane.Calculator.&lt;init&gt;(Calculator.java:6)
	at io.michaelcane.Commands.&lt;init&gt;(Commands.java:5)
	at io.michaelcane.Calculator.&lt;init&gt;(Calculator.java:6)
	at io.michaelcane.Commands.&lt;init&gt;(Commands.java:5)
	at io.michaelcane.Calculator.&lt;init&gt;(Calculator.java:6)
	at io.michaelcane.Commands.&lt;init&gt;(Commands.java:5)
	at io.michaelcane.Calculator.&lt;init&gt;(Calculator.java:6)
	at io.michaelcane.Commands.&lt;init&gt;(Commands.java:5)
	at io.michaelcane.Calculator.&lt;init&gt;(Calculator.java:6)
	at io.michaelcane.Commands.&lt;init&gt;(Commands.java:5)
	at io.michaelcane.Calculator.&lt;init&gt;(Calculator.java:6)
	at io.michaelcane.Commands.&lt;init&gt;(Commands.java:5)
	at io.michaelcane.Calculator.&lt;init&gt;(Calculator.java:6)
	at io.michaelcane.Commands.&lt;init&gt;(Commands.java:5)
	at io.michaelcane.Calculator.&lt;init&gt;(Calculator.java:6)
	at io.michaelcane.Commands.&lt;init&gt;(Commands.java:5)
	at io.michaelcane.Calculator.&lt;init&gt;(Calculator.java:6)
	at io.michaelcane.Commands.&lt;init&gt;(Commands.java:5)
	at io.michaelcane.Calculator.&lt;init&gt;(Calculator.java:6)
	at io.michaelcane.Commands.&lt;init&gt;(Commands.java:5)
	at io.michaelcane.Calculator.&lt;init&gt;(Calculator.java:6)
	at io.michaelcane.Commands.&lt;init&gt;(Commands.java:5)
	at io.michaelcane.Calculator.&lt;init&gt;(Calculator.java:6)
	at io.michaelcane.Commands.&lt;init&gt;(Commands.java:5)
	at io.michaelcane.Calculator.&lt;init&gt;(Calculator.java:6)
	at io.michaelcane.Commands.&lt;init&gt;(Commands.java:5)
	at io.michaelcane.Calculator.&lt;init&gt;(Calculator.java:6)
	at io.michaelcane.Commands.&lt;init&gt;(Commands.java:5)
	at io.michaelcane.Calculator.&lt;init&gt;(Calculator.java:6)
	at io.michaelcane.Commands.&lt;init&gt;(Commands.java:5)
	at io.michaelcane.Calculator.&lt;init&gt;(Calculator.java:6)
	at io.michaelcane.Commands.&lt;init&gt;(Commands.java:5)
	at io.michaelcane.Calculator.&lt;init&gt;(Calculator.java:6)
	at io.michaelcane.Commands.&lt;init&gt;(Commands.java:5)
	at io.michaelcane.Calculator.&lt;init&gt;(Calculator.java:6)
	at io.michaelcane.Commands.&lt;init&gt;(Commands.java:5)
	at io.michaelcane.Calculator.&lt;init&gt;(Calculator.java:6)
	at io.michaelcane.Commands.&lt;init&gt;(Commands.java:5)
	at io.michaelcane.Calculator.&lt;init&gt;(Calculator.java:6)
	at io.michaelcane.Commands.&lt;init&gt;(Commands.java:5)
	at io.michaelcane.Calculator.&lt;init&gt;(Calculator.java:6)
	at io.michaelcane.Commands.&lt;init&gt;(Commands.java:5)
	at io.michaelcane.Calculator.&lt;init&gt;(Calculator.java:6)
	at io.michaelcane.Commands.&lt;init&gt;(Commands.java:5)
	at io.michaelcane.Calculator.&lt;init&gt;(Calculator.java:6)
	at io.michaelcane.Commands.&lt;init&gt;(Commands.java:5)
	at io.michaelcane.Calculator.&lt;init&gt;(Calculator.java:6)
	at io.michaelcane.Commands.&lt;init&gt;(Commands.java:5)
	at io.michaelcane.Calculator.&lt;init&gt;(Calculator.java:6)
	at io.michaelcane.Commands.&lt;init&gt;(Commands.java:5)
	at io.michaelcane.Calculator.&lt;init&gt;(Calculator.java:6)
	at io.michaelcane.Commands.&lt;init&gt;(Commands.java:5)
	at io.michaelcane.Calculator.&lt;init&gt;(Calculator.java:6)
	at io.michaelcane.Commands.&lt;init&gt;(Commands.java:5)
	at io.michaelcane.Calculator.&lt;init&gt;(Calculator.java:6)
	at io.michaelcane.Commands.&lt;init&gt;(Commands.java:5)
	at io.michaelcane.Calculator.&lt;init&gt;(Calculator.java:6)
	at io.michaelcane.Commands.&lt;init&gt;(Commands.java:5)
	at io.michaelcane.Calculator.&lt;init&gt;(Calculator.java:6)
	at io.michaelcane.Commands.&lt;init&gt;(Commands.java:5)
	at io.michaelcane.Calculator.&lt;init&gt;(Calculator.java:6)
	at io.michaelcane.Commands.&lt;init&gt;(Commands.java:5)
	at io.michaelcane.Calculator.&lt;init&gt;(Calculator.java:6)
	at io.michaelcane.Commands.&lt;init&gt;(Commands.java:5)
	at io.michaelcane.Calculator.&lt;init&gt;(Calculator.java:6)
	at io.michaelcane.Commands.&lt;init&gt;(Commands.java:5)
	at io.michaelcane.Calculator.&lt;init&gt;(Calculator.java:6)
	at io.michaelcane.Commands.&lt;init&gt;(Commands.java:5)
	at io.michaelcane.Calculator.&lt;init&gt;(Calculator.java:6)
	at io.michaelcane.Commands.&lt;init&gt;(Commands.java:5)
	at io.michaelcane.Calculator.&lt;init&gt;(Calculator.java:6)
	at io.michaelcane.Commands.&lt;init&gt;(Commands.java:5)
	at io.michaelcane.Calculator.&lt;init&gt;(Calculator.java:6)
	at io.michaelcane.Commands.&lt;init&gt;(Commands.java:5)
	at io.michaelcane.Calculator.&lt;init&gt;(Calculator.java:6)
	at io.michaelcane.Commands.&lt;init&gt;(Commands.java:5)
	at io.michaelcane.Calculator.&lt;init&gt;(Calculator.java:6)
	at io.michaelcane.Commands.&lt;init&gt;(Commands.java:5)
	at io.michaelcane.Calculator.&lt;init&gt;(Calculator.java:6)
	at io.michaelcane.Commands.&lt;init&gt;(Commands.java:5)
	at io.michaelcane.Calculator.&lt;init&gt;(Calculator.java:6)
	at io.michaelcane.Commands.&lt;init&gt;(Commands.java:5)
	at io.michaelcane.Calculator.&lt;init&gt;(Calculator.java:6)
	at io.michaelcane.Commands.&lt;init&gt;(Commands.java:5)
	at io.michaelcane.Calculator.&lt;init&gt;(Calculator.java:6)
	at io.michaelcane.Commands.&lt;init&gt;(Commands.java:5)
	at io.michaelcane.Calculator.&lt;init&gt;(Calculator.java:6)
	at io.michaelcane.Commands.&lt;init&gt;(Commands.java:5)
	at io.michaelcane.Calculator.&lt;init&gt;(Calculator.java:6)
	at io.michaelcane.Commands.&lt;init&gt;(Commands.java:5)
	at io.michaelcane.Calculator.&lt;init&gt;(Calculator.java:6)
	at io.michaelcane.Commands.&lt;init&gt;(Commands.java:5)
	at io.michaelcane.Calculator.&lt;init&gt;(Calculator.java:6)
	at io.michaelcane.Commands.&lt;init&gt;(Commands.java:5)
	at io.michaelcane.Calculator.&lt;init&gt;(Calculator.java:6)
	at io.michaelcane.Commands.&lt;init&gt;(Commands.java:5)
	at io.michaelcane.Calculator.&lt;init&gt;(Calculator.java:6)
	at io.michaelcane.Commands.&lt;init&gt;(Commands.java:5)
	at io.michaelcane.Calculator.&lt;init&gt;(Calculator.java:6)
	at io.michaelcane.Commands.&lt;init&gt;(Commands.java:5)
	at io.michaelcane.Calculator.&lt;init&gt;(Calculator.java:6)
	at io.michaelcane.Commands.&lt;init&gt;(Commands.java:5)
	at io.michaelcane.Calculator.&lt;init&gt;(Calculator.java:6)
	at io.michaelcane.Commands.&lt;init&gt;(Commands.java:5)
	at io.michaelcane.Calculator.&lt;init&gt;(Calculator.java:6)
	at io.michaelcane.Commands.&lt;init&gt;(Commands.java:5)
	at io.michaelcane.Calculator.&lt;init&gt;(Calculator.java:6)
	at io.michaelcane.Commands.&lt;init&gt;(Commands.java:5)
	at io.michaelcane.Calculator.&lt;init&gt;(Calculator.java:6)
	at io.michaelcane.Commands.&lt;init&gt;(Commands.java:5)
	at io.michaelcane.Calculator.&lt;init&gt;(Calculator.java:6)
	at io.michaelcane.Commands.&lt;init&gt;(Commands.java:5)
	at io.michaelcane.Calculator.&lt;init&gt;(Calculator.java:6)
	at io.michaelcane.Commands.&lt;init&gt;(Commands.java:5)
	at io.michaelcane.Calculator.&lt;init&gt;(Calculator.java:6)
	at io.michaelcane.Commands.&lt;init&gt;(Commands.java:5)
	at io.michaelcane.Calculator.&lt;init&gt;(Calculator.java:6)
	at io.michaelcane.Commands.&lt;init&gt;(Commands.java:5)
	at io.michaelcane.Calculator.&lt;init&gt;(Calculator.java:6)
	at io.michaelcane.Commands.&lt;init&gt;(Commands.java:5)
	at io.michaelcane.Calculator.&lt;init&gt;(Calculator.java:6)
	at io.michaelcane.Commands.&lt;init&gt;(Commands.java:5)
	at io.michaelcane.Calculator.&lt;init&gt;(Calculator.java:6)
	at io.michaelcane.Commands.&lt;init&gt;(Commands.java:5)
	at io.michaelcane.Calculator.&lt;init&gt;(Calculator.java:6)
	at io.michaelcane.Commands.&lt;init&gt;(Commands.java:5)
	at io.michaelcane.Calculator.&lt;init&gt;(Calculator.java:6)
	at io.michaelcane.Commands.&lt;init&gt;(Commands.java:5)
	at io.michaelcane.Calculator.&lt;init&gt;(Calculator.java:6)
	at io.michaelcane.Commands.&lt;init&gt;(Commands.java:5)
	at io.michaelcane.Calculator.&lt;init&gt;(Calculator.java:6)
	at io.michaelcane.Commands.&lt;init&gt;(Commands.java:5)
	at io.michaelcane.Calculator.&lt;init&gt;(Calculator.java:6)
	at io.michaelcane.Commands.&lt;init&gt;(Commands.java:5)
	at io.michaelcane.Calculator.&lt;init&gt;(Calculator.java:6)
	at io.michaelcane.Commands.&lt;init&gt;(Commands.java:5)
	at io.michaelcane.Calculator.&lt;init&gt;(Calculator.java:6)
	at io.michaelcane.Commands.&lt;init&gt;(Commands.java:5)
	at io.michaelcane.Calculator.&lt;init&gt;(Calculator.java:6)
	at io.michaelcane.Commands.&lt;init&gt;(Commands.java:5)
	at io.michaelcane.Calculator.&lt;init&gt;(Calculator.java:6)
	at io.michaelcane.Commands.&lt;init&gt;(Commands.java:5)
	at io.michaelcane.Calculator.&lt;init&gt;(Calculator.java:6)
	at io.michaelcane.Commands.&lt;init&gt;(Commands.java:5)
	at io.michaelcane.Calculator.&lt;init&gt;(Calculator.java:6)
	at io.michaelcane.Commands.&lt;init&gt;(Commands.java:5)
	at io.michaelcane.Calculator.&lt;init&gt;(Calculator.java:6)
	at io.michaelcane.Commands.&lt;init&gt;(Commands.java:5)
	at io.michaelcane.Calculator.&lt;init&gt;(Calculator.java:6)
	at io.michaelcane.Commands.&lt;init&gt;(Commands.java:5)
	at io.michaelcane.Calculator.&lt;init&gt;(Calculator.java:6)
	at io.michaelcane.Commands.&lt;init&gt;(Commands.java:5)
	at io.michaelcane.Calculator.&lt;init&gt;(Calculator.java:6)
	at io.michaelcane.Commands.&lt;init&gt;(Commands.java:5)
	at io.michaelcane.Calculator.&lt;init&gt;(Calculator.java:6)
	at io.michaelcane.Commands.&lt;init&gt;(Commands.java:5)
	at io.michaelcane.Calculator.&lt;init&gt;(Calculator.java:6)
	at io.michaelcane.Commands.&lt;init&gt;(Commands.java:5)
	at io.michaelcane.Calculator.&lt;init&gt;(Calculator.java:6)
	at io.michaelcane.Commands.&lt;init&gt;(Commands.java:5)
	at io.michaelcane.Calculator.&lt;init&gt;(Calculator.java:6)
	at io.michaelcane.Commands.&lt;init&gt;(Commands.java:5)
	at io.michaelcane.Calculator.&lt;init&gt;(Calculator.java:6)
	at io.michaelcane.Commands.&lt;init&gt;(Commands.java:5)
	at io.michaelcane.Calculator.&lt;init&gt;(Calculator.java:6)
	at io.michaelcane.Commands.&lt;init&gt;(Commands.java:5)
	at io.michaelcane.Calculator.&lt;init&gt;(Calculator.java:6)
	at io.michaelcane.Commands.&lt;init&gt;(Commands.java:5)
	at io.michaelcane.Calculator.&lt;init&gt;(Calculator.java:6)
	at io.michaelcane.Commands.&lt;init&gt;(Commands.java:5)
	at io.michaelcane.Calculator.&lt;init&gt;(Calculator.java:6)
	at io.michaelcane.Commands.&lt;init&gt;(Commands.java:5)
	at io.michaelcane.Calculator.&lt;init&gt;(Calculator.java:6)
	at io.michaelcane.Commands.&lt;init&gt;(Commands.java:5)
	at io.michaelcane.Calculator.&lt;init&gt;(Calculator.java:6)
	at io.michaelcane.Commands.&lt;init&gt;(Commands.java:5)
	at io.michaelcane.Calculator.&lt;init&gt;(Calculator.java:6)
	at io.michaelcane.Commands.&lt;init&gt;(Commands.java:5)
	at io.michaelcane.Calculator.&lt;init&gt;(Calculator.java:6)
	at io.michaelcane.Commands.&lt;init&gt;(Commands.java:5)
	at io.michaelcane.Calculator.&lt;init&gt;(Calculator.java:6)
	at io.michaelcane.Commands.&lt;init&gt;(Commands.java:5)
	at io.michaelcane.Calculator.&lt;init&gt;(Calculator.java:6)
	at io.michaelcane.Commands.&lt;init&gt;(Commands.java:5)
	at io.michaelcane.Calculator.&lt;init&gt;(Calculator.java:6)
	at io.michaelcane.Commands.&lt;init&gt;(Commands.java:5)
	at io.michaelcane.Calculator.&lt;init&gt;(Calculator.java:6)
	at io.michaelcane.Commands.&lt;init&gt;(Commands.java:5)
	at io.michaelcane.Calculator.&lt;init&gt;(Calculator.java:6)
	at io.michaelcane.Commands.&lt;init&gt;(Commands.java:5)
	at io.michaelcane.Calculator.&lt;init&gt;(Calculator.java:6)
	at io.michaelcane.Commands.&lt;init&gt;(Commands.java:5)
	at io.michaelcane.Calculator.&lt;init&gt;(Calculator.java:6)
	at io.michaelcane.Commands.&lt;init&gt;(Commands.java:5)
	at io.michaelcane.Calculator.&lt;init&gt;(Calculator.java:6)
	at io.michaelcane.Commands.&lt;init&gt;(Commands.java:5)
	at io.michaelcane.Calculator.&lt;init&gt;(Calculator.java:6)
	at io.michaelcane.Commands.&lt;init&gt;(Commands.java:5)
	at io.michaelcane.Calculator.&lt;init&gt;(Calculator.java:6)
	at io.michaelcane.Commands.&lt;init&gt;(Commands.java:5)
	at io.michaelcane.Calculator.&lt;init&gt;(Calculator.java:6)
	at io.michaelcane.Commands.&lt;init&gt;(Commands.java:5)
	at io.michaelcane.Calculator.&lt;init&gt;(Calculator.java:6)
	at io.michaelcane.Commands.&lt;init&gt;(Commands.java:5)
	at io.michaelcane.Calculator.&lt;init&gt;(Calculator.java:6)
	at io.michaelcane.Commands.&lt;init&gt;(Commands.java:5)
	at io.michaelcane.Calculator.&lt;init&gt;(Calculator.java:6)
	at io.michaelcane.Commands.&lt;init&gt;(Commands.java:5)
	at io.michaelcane.Calculator.&lt;init&gt;(Calculator.java:6)
	at io.michaelcane.Commands.&lt;init&gt;(Commands.java:5)
	at io.michaelcane.Calculator.&lt;init&gt;(Calculator.java:6)
	at io.michaelcane.Commands.&lt;init&gt;(Commands.java:5)
	at io.michaelcane.Calculator.&lt;init&gt;(Calculator.java:6)
	at io.michaelcane.Commands.&lt;init&gt;(Commands.java:5)
	at io.michaelcane.Calculator.&lt;init&gt;(Calculator.java:6)
	at io.michaelcane.Commands.&lt;init&gt;(Commands.java:5)
	at io.michaelcane.Calculator.&lt;init&gt;(Calculator.java:6)
	at io.michaelcane.Commands.&lt;init&gt;(Commands.java:5)
	at io.michaelcane.Calculator.&lt;init&gt;(Calculator.java:6)
	at io.michaelcane.Commands.&lt;init&gt;(Commands.java:5)
	at io.michaelcane.Calculator.&lt;init&gt;(Calculator.java:6)
	at io.michaelcane.Commands.&lt;init&gt;(Commands.java:5)
	at io.michaelcane.Calculator.&lt;init&gt;(Calculator.java:6)
	at io.michaelcane.Commands.&lt;init&gt;(Commands.java:5)
	at io.michaelcane.Calculator.&lt;init&gt;(Calculator.java:6)
	at io.michaelcane.Commands.&lt;init&gt;(Commands.java:5)
	at io.michaelcane.Calculator.&lt;init&gt;(Calculator.java:6)
	at io.michaelcane.Commands.&lt;init&gt;(Commands.java:5)
	at io.michaelcane.Calculator.&lt;init&gt;(Calculator.java:6)
	at io.michaelcane.Commands.&lt;init&gt;(Commands.java:5)
	at io.michaelcane.Calculator.&lt;init&gt;(Calculator.java:6)
	at io.michaelcane.Commands.&lt;init&gt;(Commands.java:5)
	at io.michaelcane.Calculator.&lt;init&gt;(Calculator.java:6)
	at io.michaelcane.Commands.&lt;init&gt;(Commands.java:5)
	at io.michaelcane.Calculator.&lt;init&gt;(Calculator.java:6)
	at io.michaelcane.Commands.&lt;init&gt;(Commands.java:5)
	at io.michaelcane.Calculator.&lt;init&gt;(Calculator.java:6)
	at io.michaelcane.Commands.&lt;init&gt;(Commands.java:5)
	at io.michaelcane.Calculator.&lt;init&gt;(Calculator.java:6)
	at io.michaelcane.Commands.&lt;init&gt;(Commands.java:5)
	at io.michaelcane.Calculator.&lt;init&gt;(Calculator.java:6)
	at io.michaelcane.Commands.&lt;init&gt;(Commands.java:5)
	at io.michaelcane.Calculator.&lt;init&gt;(Calculator.java:6)
	at io.michaelcane.Commands.&lt;init&gt;(Commands.java:5)
	at io.michaelcane.Calculator.&lt;init&gt;(Calculator.java:6)
	at io.michaelcane.Commands.&lt;init&gt;(Commands.java:5)
	at io.michaelcane.Calculator.&lt;init&gt;(Calculator.java:6)
	at io.michaelcane.Commands.&lt;init&gt;(Commands.java:5)
	at io.michaelcane.Calculator.&lt;init&gt;(Calculator.java:6)
	at io.michaelcane.Commands.&lt;init&gt;(Commands.java:5)
	at io.michaelcane.Calculator.&lt;init&gt;(Calculator.java:6)
	at io.michaelcane.Commands.&lt;init&gt;(Commands.java:5)
	at io.michaelcane.Calculator.&lt;init&gt;(Calculator.java:6)
	at io.michaelcane.Commands.&lt;init&gt;(Commands.java:5)
	at io.michaelcane.Calculator.&lt;init&gt;(Calculator.java:6)
	at io.michaelcane.Commands.&lt;init&gt;(Commands.java:5)
	at io.michaelcane.Calculator.&lt;init&gt;(Calculator.java:6)
	at io.michaelcane.Commands.&lt;init&gt;(Commands.java:5)
	at io.michaelcane.Calculator.&lt;init&gt;(Calculator.java:6)
	at io.michaelcane.Commands.&lt;init&gt;(Commands.java:5)
	at io.michaelcane.Calculator.&lt;init&gt;(Calculator.java:6)
	at io.michaelcane.Commands.&lt;init&gt;(Commands.java:5)
	at io.michaelcane.Calculator.&lt;init&gt;(Calculator.java:6)
	at io.michaelcane.Commands.&lt;init&gt;(Commands.java:5)
	at io.michaelcane.Calculator.&lt;init&gt;(Calculator.java:6)
	at io.michaelcane.Commands.&lt;init&gt;(Commands.java:5)
	at io.michaelcane.Calculator.&lt;init&gt;(Calculator.java:6)
	at io.michaelcane.Commands.&lt;init&gt;(Commands.java:5)
	at io.michaelcane.Calculator.&lt;init&gt;(Calculator.java:6)
	at io.michaelcane.Commands.&lt;init&gt;(Commands.java:5)
	at io.michaelcane.Calculator.&lt;init&gt;(Calculator.java:6)
	at io.michaelcane.Commands.&lt;init&gt;(Commands.java:5)
	at io.michaelcane.Calculator.&lt;init&gt;(Calculator.java:6)
	at io.michaelcane.Commands.&lt;init&gt;(Commands.java:5)
	at io.michaelcane.Calculator.&lt;init&gt;(Calculator.java:6)
	at io.michaelcane.Commands.&lt;init&gt;(Commands.java:5)
	at io.michaelcane.Calculator.&lt;init&gt;(Calculator.java:6)
	at io.michaelcane.Commands.&lt;init&gt;(Commands.java:5)
	at io.michaelcane.Calculator.&lt;init&gt;(Calculator.java:6)
	at io.michaelcane.Commands.&lt;init&gt;(Commands.java:5)
	at io.michaelcane.Calculator.&lt;init&gt;(Calculator.java:6)
	at io.michaelcane.Commands.&lt;init&gt;(Commands.java:5)
	at io.michaelcane.Calculator.&lt;init&gt;(Calculator.java:6)
	at io.michaelcane.Commands.&lt;init&gt;(Commands.java:5)
	at io.michaelcane.Calculator.&lt;init&gt;(Calculator.java:6)
	at io.michaelcane.Commands.&lt;init&gt;(Commands.java:5)
	at io.michaelcane.Calculator.&lt;init&gt;(Calculator.java:6)
	at io.michaelcane.Commands.&lt;init&gt;(Commands.java:5)
	at io.michaelcane.Calculator.&lt;init&gt;(Calculator.java:6)
	at io.michaelcane.Commands.&lt;init&gt;(Commands.java:5)
	at io.michaelcane.Calculator.&lt;init&gt;(Calculator.java:6)
	at io.michaelcane.Commands.&lt;init&gt;(Commands.java:5)
	at io.michaelcane.Calculator.&lt;init&gt;(Calculator.java:6)
	at io.michaelcane.Commands.&lt;init&gt;(Commands.java:5)
	at io.michaelcane.Calculator.&lt;init&gt;(Calculator.java:6)
	at io.michaelcane.Commands.&lt;init&gt;(Commands.java:5)
	at io.michaelcane.Calculator.&lt;init&gt;(Calculator.java:6)
	at io.michaelcane.Commands.&lt;init&gt;(Commands.java:5)
	at io.michaelcane.Calculator.&lt;init&gt;(Calculator.java:6)
	at io.michaelcane.Commands.&lt;init&gt;(Commands.java:5)
	at io.michaelcane.Calculator.&lt;init&gt;(Calculator.java:6)
	at io.michaelcane.Commands.&lt;init&gt;(Commands.java:5)
	at io.michaelcane.Calculator.&lt;init&gt;(Calculator.java:6)
	at io.michaelcane.Commands.&lt;init&gt;(Commands.java:5)
	at io.michaelcane.Calculator.&lt;init&gt;(Calculator.java:6)
	at io.michaelcane.Commands.&lt;init&gt;(Commands.java:5)
	at io.michaelcane.Calculator.&lt;init&gt;(Calculator.java:6)
	at io.michaelcane.Commands.&lt;init&gt;(Commands.java:5)
	at io.michaelcane.Calculator.&lt;init&gt;(Calculator.java:6)
	at io.michaelcane.Commands.&lt;init&gt;(Commands.java:5)
	at io.michaelcane.Calculator.&lt;init&gt;(Calculator.java:6)
	at io.michaelcane.Commands.&lt;init&gt;(Commands.java:5)
	at io.michaelcane.Calculator.&lt;init&gt;(Calculator.java:6)
	at io.michaelcane.Commands.&lt;init&gt;(Commands.java:5)
	at io.michaelcane.Calculator.&lt;init&gt;(Calculator.java:6)
	at io.michaelcane.Commands.&lt;init&gt;(Commands.java:5)
	at io.michaelcane.Calculator.&lt;init&gt;(Calculator.java:6)
	at io.michaelcane.Commands.&lt;init&gt;(Commands.java:5)
	at io.michaelcane.Calculator.&lt;init&gt;(Calculator.java:6)
	at io.michaelcane.Commands.&lt;init&gt;(Commands.java:5)
	at io.michaelcane.Calculator.&lt;init&gt;(Calculator.java:6)
	at io.michaelcane.Commands.&lt;init&gt;(Commands.java:5)
	at io.michaelcane.Calculator.&lt;init&gt;(Calculator.java:6)
	at io.michaelcane.Commands.&lt;init&gt;(Commands.java:5)
	at io.michaelcane.Calculator.&lt;init&gt;(Calculator.java:6)
	at io.michaelcane.Commands.&lt;init&gt;(Commands.java:5)
	at io.michaelcane.Calculator.&lt;init&gt;(Calculator.java:6)
	at io.michaelcane.Commands.&lt;init&gt;(Commands.java:5)
	at io.michaelcane.Calculator.&lt;init&gt;(Calculator.java:6)
	at io.michaelcane.Commands.&lt;init&gt;(Commands.java:5)
	at io.michaelcane.Calculator.&lt;init&gt;(Calculator.java:6)
	at io.michaelcane.Commands.&lt;init&gt;(Commands.java:5)
	at io.michaelcane.Calculator.&lt;init&gt;(Calculator.java:6)
	at io.michaelcane.Commands.&lt;init&gt;(Commands.java:5)
	at io.michaelcane.Calculator.&lt;init&gt;(Calculator.java:6)
	at io.michaelcane.Commands.&lt;init&gt;(Commands.java:5)
	at io.michaelcane.Calculator.&lt;init&gt;(Calculator.java:6)
	at io.michaelcane.Commands.&lt;init&gt;(Commands.java:5)
	at io.michaelcane.Calculator.&lt;init&gt;(Calculator.java:6)
	at io.michaelcane.Commands.&lt;init&gt;(Commands.java:5)
	at io.michaelcane.Calculator.&lt;init&gt;(Calculator.java:6)
	at io.michaelcane.Commands.&lt;init&gt;(Commands.java:5)
	at io.michaelcane.Calculator.&lt;init&gt;(Calculator.java:6)
	at io.michaelcane.Commands.&lt;init&gt;(Commands.java:5)
	at io.michaelcane.Calculator.&lt;init&gt;(Calculator.java:6)
	at io.michaelcane.Commands.&lt;init&gt;(Commands.java:5)
	at io.michaelcane.Calculator.&lt;init&gt;(Calculator.java:6)
	at io.michaelcane.Commands.&lt;init&gt;(Commands.java:5)
	at io.michaelcane.Calculator.&lt;init&gt;(Calculator.java:6)
	at io.michaelcane.Commands.&lt;init&gt;(Commands.java:5)
	at io.michaelcane.Calculator.&lt;init&gt;(Calculator.java:6)
	at io.michaelcane.Commands.&lt;init&gt;(Commands.java:5)
	at io.michaelcane.Calculator.&lt;init&gt;(Calculator.java:6)
	at io.michaelcane.Commands.&lt;init&gt;(Commands.java:5)
	at io.michaelcane.Calculator.&lt;init&gt;(Calculator.java:6)
	at io.michaelcane.Commands.&lt;init&gt;(Commands.java:5)
	at io.michaelcane.Calculator.&lt;init&gt;(Calculator.java:6)
	at io.michaelcane.Commands.&lt;init&gt;(Commands.java:5)
	at io.michaelcane.Calculator.&lt;init&gt;(Calculator.java:6)
	at io.michaelcane.Commands.&lt;init&gt;(Commands.java:5)
	at io.michaelcane.Calculator.&lt;init&gt;(Calculator.java:6)
	at io.michaelcane.Commands.&lt;init&gt;(Commands.java:5)
	at io.michaelcane.Calculator.&lt;init&gt;(Calculator.java:6)
	at io.michaelcane.Commands.&lt;init&gt;(Commands.java:5)
	at io.michaelcane.Calculator.&lt;init&gt;(Calculator.java:6)
	at io.michaelcane.Commands.&lt;init&gt;(Commands.java:5)
	at io.michaelcane.Calculator.&lt;init&gt;(Calculator.java:6)
	at io.michaelcane.Commands.&lt;init&gt;(Commands.java:5)
	at io.michaelcane.Calculator.&lt;init&gt;(Calculator.java:6)
	at io.michaelcane.Commands.&lt;init&gt;(Commands.java:5)
	at io.michaelcane.Calculator.&lt;init&gt;(Calculator.java:6)
	at io.michaelcane.Commands.&lt;init&gt;(Commands.java:5)
	at io.michaelcane.Calculator.&lt;init&gt;(Calculator.java:6)
	at io.michaelcane.Commands.&lt;init&gt;(Commands.java:5)
	at io.michaelcane.Calculator.&lt;init&gt;(Calculator.java:6)
	at io.michaelcane.Commands.&lt;init&gt;(Commands.java:5)
	at io.michaelcane.Calculator.&lt;init&gt;(Calculator.java:6)
	at io.michaelcane.Commands.&lt;init&gt;(Commands.java:5)
	at io.michaelcane.Calculator.&lt;init&gt;(Calculator.java:6)
	at io.michaelcane.Commands.&lt;init&gt;(Commands.java:5)
	at io.michaelcane.Calculator.&lt;init&gt;(Calculator.java:6)
	at io.michaelcane.Commands.&lt;init&gt;(Commands.java:5)
	at io.michaelcane.Calculator.&lt;init&gt;(Calculator.java:6)
	at io.michaelcane.Commands.&lt;init&gt;(Commands.java:5)
	at io.michaelcane.Calculator.&lt;init&gt;(Calculator.java:6)
	at io.michaelcane.Commands.&lt;init&gt;(Commands.java:5)
	at io.michaelcane.Calculator.&lt;init&gt;(Calculator.java:6)
	at io.michaelcane.Commands.&lt;init&gt;(Commands.java:5)
	at io.michaelcane.Calculator.&lt;init&gt;(Calculator.java:6)
	at io.michaelcane.Commands.&lt;init&gt;(Commands.java:5)
	at io.michaelcane.Calculator.&lt;init&gt;(Calculator.java:6)
	at io.michaelcane.Commands.&lt;init&gt;(Commands.java:5)
	at io.michaelcane.Calculator.&lt;init&gt;(Calculator.java:6)
	at io.michaelcane.Commands.&lt;init&gt;(Commands.java:5)
	at io.michaelcane.Calculator.&lt;init&gt;(Calculator.java:6)
	at io.michaelcane.Commands.&lt;init&gt;(Commands.java:5)
	at io.michaelcane.Calculator.&lt;init&gt;(Calculator.java:6)
	at io.michaelcane.Commands.&lt;init&gt;(Commands.java:5)
	at io.michaelcane.Calculator.&lt;init&gt;(Calculator.java:6)
	at io.michaelcane.Commands.&lt;init&gt;(Commands.java:5)
	at io.michaelcane.Calculator.&lt;init&gt;(Calculator.java:6)
	at io.michaelcane.Commands.&lt;init&gt;(Commands.java:5)
	at io.michaelcane.Calculator.&lt;init&gt;(Calculator.java:6)
	at io.michaelcane.Commands.&lt;init&gt;(Commands.java:5)
	at io.michaelcane.Calculator.&lt;init&gt;(Calculator.java:6)
	at io.michaelcane.Commands.&lt;init&gt;(Commands.java:5)
	at io.michaelcane.Calculator.&lt;init&gt;(Calculator.java:6)
	at io.michaelcane.Commands.&lt;init&gt;(Commands.java:5)
	at io.michaelcane.Calculator.&lt;init&gt;(Calculator.java:6)
	at io.michaelcane.Commands.&lt;init&gt;(Commands.java:5)
	at io.michaelcane.Calculator.&lt;init&gt;(Calculator.java:6)
	at io.michaelcane.Commands.&lt;init&gt;(Commands.java:5)
	at io.michaelcane.Calculator.&lt;init&gt;(Calculator.java:6)
	at io.michaelcane.Commands.&lt;init&gt;(Commands.java:5)
	at io.michaelcane.Calculator.&lt;init&gt;(Calculator.java:6)
	at io.michaelcane.Commands.&lt;init&gt;(Commands.java:5)
	at io.michaelcane.Calculator.&lt;init&gt;(Calculator.java:6)
	at io.michaelcane.Commands.&lt;init&gt;(Commands.java:5)
	at io.michaelcane.Calculator.&lt;init&gt;(Calculator.java:6)
	at io.michaelcane.Commands.&lt;init&gt;(Commands.java:5)
	at io.michaelcane.Calculator.&lt;init&gt;(Calculator.java:6)
	at io.michaelcane.Commands.&lt;init&gt;(Commands.java:5)
	at io.michaelcane.Calculator.&lt;init&gt;(Calculator.java:6)
	at io.michaelcane.Commands.&lt;init&gt;(Commands.java:5)
	at io.michaelcane.Calculator.&lt;init&gt;(Calculator.java:6)
	at io.michaelcane.Commands.&lt;init&gt;(Commands.java:5)
	at io.michaelcane.Calculator.&lt;init&gt;(Calculator.java:6)
	at io.michaelcane.Commands.&lt;init&gt;(Commands.java:5)
	at io.michaelcane.Calculator.&lt;init&gt;(Calculator.java:6)
	at io.michaelcane.Commands.&lt;init&gt;(Commands.java:5)
	at io.michaelcane.Calculator.&lt;init&gt;(Calculator.java:6)
	at io.michaelcane.Commands.&lt;init&gt;(Commands.java:5)
	at io.michaelcane.Calculator.&lt;init&gt;(Calculator.java:6)
	at io.michaelcane.Commands.&lt;init&gt;(Commands.java:5)
	at io.michaelcane.Calculator.&lt;init&gt;(Calculator.java:6)
	at io.michaelcane.Commands.&lt;init&gt;(Commands.java:5)
	at io.michaelcane.Calculator.&lt;init&gt;(Calculator.java:6)
	at io.michaelcane.Commands.&lt;init&gt;(Commands.java:5)
	at io.michaelcane.Calculator.&lt;init&gt;(Calculator.java:6)
	at io.michaelcane.Commands.&lt;init&gt;(Commands.java:5)
	at io.michaelcane.Calculator.&lt;init&gt;(Calculator.java:6)
	at io.michaelcane.Commands.&lt;init&gt;(Commands.java:5)
	at io.michaelcane.Calculator.&lt;init&gt;(Calculator.java:6)
	at io.michaelcane.Commands.&lt;init&gt;(Commands.java:5)
	at io.michaelcane.Calculator.&lt;init&gt;(Calculator.java:6)
	at io.michaelcane.Commands.&lt;init&gt;(Commands.java:5)
	at io.michaelcane.Calculator.&lt;init&gt;(Calculator.java:6)
	at io.michaelcane.Commands.&lt;init&gt;(Commands.java:5)
	at io.michaelcane.Calculator.&lt;init&gt;(Calculator.java:6)
	at io.michaelcane.Commands.&lt;init&gt;(Commands.java:5)
	at io.michaelcane.Calculator.&lt;init&gt;(Calculator.java:6)
	at io.michaelcane.Commands.&lt;init&gt;(Commands.java:5)
	at io.michaelcane.Calculator.&lt;init&gt;(Calculator.java:6)
	at io.michaelcane.Commands.&lt;init&gt;(Commands.java:5)
	at io.michaelcane.Calculator.&lt;init&gt;(Calculator.java:6)
	at io.michaelcane.Commands.&lt;init&gt;(Commands.java:5)
	at io.michaelcane.Calculator.&lt;init&gt;(Calculator.java:6)
	at io.michaelcane.Commands.&lt;init&gt;(Commands.java:5)
	at io.michaelcane.Calculator.&lt;init&gt;(Calculator.java:6)
	at io.michaelcane.Commands.&lt;init&gt;(Commands.java:5)
	at io.michaelcane.Calculator.&lt;init&gt;(Calculator.java:6)
	at io.michaelcane.Commands.&lt;init&gt;(Commands.java:5)
	at io.michaelcane.Calculator.&lt;init&gt;(Calculator.java:6)
	at io.michaelcane.Commands.&lt;init&gt;(Commands.java:5)
	at io.michaelcane.Calculator.&lt;init&gt;(Calculator.java:6)
	at io.michaelcane.Commands.&lt;init&gt;(Commands.java:5)
	at io.michaelcane.Calculator.&lt;init&gt;(Calculator.java:6)
	at io.michaelcane.Commands.&lt;init&gt;(Commands.java:5)
	at io.michaelcane.Calculator.&lt;init&gt;(Calculator.java:6)
	at io.michaelcane.Commands.&lt;init&gt;(Commands.java:5)
	at io.michaelcane.Calculator.&lt;init&gt;(Calculator.java:6)
	at io.michaelcane.Commands.&lt;init&gt;(Commands.java:5)
	at io.michaelcane.Calculator.&lt;init&gt;(Calculator.java:6)
	at io.michaelcane.Commands.&lt;init&gt;(Commands.java:5)
	at io.michaelcane.Calculator.&lt;init&gt;(Calculator.java:6)
	at io.michaelcane.Commands.&lt;init&gt;(Commands.java:5)
	at io.michaelcane.Calculator.&lt;init&gt;(Calculator.java:6)
	at io.michaelcane.Commands.&lt;init&gt;(Commands.java:5)
	at io.michaelcane.Calculator.&lt;init&gt;(Calculator.java:6)
	at io.michaelcane.Commands.&lt;init&gt;(Commands.java:5)
	at io.michaelcane.Calculator.&lt;init&gt;(Calculator.java:6)
	at io.michaelcane.Commands.&lt;init&gt;(Commands.java:5)
	at io.michaelcane.Calculator.&lt;init&gt;(Calculator.java:6)
	at io.michaelcane.Commands.&lt;init&gt;(Commands.java:5)
	at io.michaelcane.Calculator.&lt;init&gt;(Calculator.java:6)
	at io.michaelcane.Commands.&lt;init&gt;(Commands.java:5)
	at io.michaelcane.Calculator.&lt;init&gt;(Calculator.java:6)
	at io.michaelcane.Commands.&lt;init&gt;(Commands.java:5)
	at io.michaelcane.Calculator.&lt;init&gt;(Calculator.java:6)
	at io.michaelcane.Commands.&lt;init&gt;(Commands.java:5)
	at io.michaelcane.Calculator.&lt;init&gt;(Calculator.java:6)
	at io.michaelcane.Commands.&lt;init&gt;(Commands.java:5)
	at io.michaelcane.Calculator.&lt;init&gt;(Calculator.java:6)
	at io.michaelcane.Commands.&lt;init&gt;(Commands.java:5)
	at io.michaelcane.Calculator.&lt;init&gt;(Calculator.java:6)
	at io.michaelcane.Commands.&lt;init&gt;(Commands.java:5)
	at io.michaelcane.Calculator.&lt;init&gt;(Calculator.java:6)
	at io.michaelcane.Commands.&lt;init&gt;(Commands.java:5)
	at io.michaelcane.Calculator.&lt;init&gt;(Calculator.java:6)
	at io.michaelcane.Commands.&lt;init&gt;(Commands.java:5)
	at io.michaelcane.Calculator.&lt;init&gt;(Calculator.java:6)
	at io.michaelcane.Commands.&lt;init&gt;(Commands.java:5)
	at io.michaelcane.Calculator.&lt;init&gt;(Calculator.java:6)
	at io.michaelcane.Commands.&lt;init&gt;(Commands.java:5)
	at io.michaelcane.Calculator.&lt;init&gt;(Calculator.java:6)
	at io.michaelcane.Commands.&lt;init&gt;(Commands.java:5)
	at io.michaelcane.Calculator.&lt;init&gt;(Calculator.java:6)
	at io.michaelcane.Commands.&lt;init&gt;(Commands.java:5)
	at io.michaelcane.Calculator.&lt;init&gt;(Calculator.java:6)
	at io.michaelcane.Commands.&lt;init&gt;(Commands.java:5)
	at io.michaelcane.Calculator.&lt;init&gt;(Calculator.java:6)
	at io.michaelcane.Commands.&lt;init&gt;(Commands.java:5)
	at io.michaelcane.Calculator.&lt;init&gt;(Calculator.java:6)
	at io.michaelcane.Commands.&lt;init&gt;(Commands.java:5)
	at io.michaelcane.Calculator.&lt;init&gt;(Calculator.java:6)
	at io.michaelcane.Commands.&lt;init&gt;(Commands.java:5)
	at io.michaelcane.Calculator.&lt;init&gt;(Calculator.java:6)
	at io.michaelcane.Commands.&lt;init&gt;(Commands.java:5)
	at io.michaelcane.Calculator.&lt;init&gt;(Calculator.java:6)
	at io.michaelcane.Commands.&lt;init&gt;(Commands.java:5)
	at io.michaelcane.Calculator.&lt;init&gt;(Calculator.java:6)
	at io.michaelcane.Commands.&lt;init&gt;(Commands.java:5)
	at io.michaelcane.Calculator.&lt;init&gt;(Calculator.java:6)
	at io.michaelcane.Commands.&lt;init&gt;(Commands.java:5)
	at io.michaelcane.Calculator.&lt;init&gt;(Calculator.java:6)
	at io.michaelcane.Commands.&lt;init&gt;(Commands.java:5)
	at io.michaelcane.Calculator.&lt;init&gt;(Calculator.java:6)
	at io.michaelcane.Commands.&lt;init&gt;(Commands.java:5)
	at io.michaelcane.Calculator.&lt;init&gt;(Calculator.java:6)
	at io.michaelcane.Commands.&lt;init&gt;(Commands.java:5)
	at io.michaelcane.Calculator.&lt;init&gt;(Calculator.java:6)
	at io.michaelcane.Commands.&lt;init&gt;(Commands.java:5)
	at io.michaelcane.Calculator.&lt;init&gt;(Calculator.java:6)
	at io.michaelcane.Commands.&lt;init&gt;(Commands.java:5)
	at io.michaelcane.Calculator.&lt;init&gt;(Calculator.java:6)
	at io.michaelcane.Commands.&lt;init&gt;(Commands.java:5)
	at io.michaelcane.Calculator.&lt;init&gt;(Calculator.java:6)
	at io.michaelcane.Commands.&lt;init&gt;(Commands.java:5)
	at io.michaelcane.Calculator.&lt;init&gt;(Calculator.java:6)
	at io.michaelcane.Commands.&lt;init&gt;(Commands.java:5)
	at io.michaelcane.Calculator.&lt;init&gt;(Calculator.java:6)
	at io.michaelcane.Commands.&lt;init&gt;(Commands.java:5)
	at io.michaelcane.Calculator.&lt;init&gt;(Calculator.java:6)
	at io.michaelcane.Commands.&lt;init&gt;(Commands.java:5)
	at io.michaelcane.Calculator.&lt;init&gt;(Calculator.java:6)
	at io.michaelcane.Commands.&lt;init&gt;(Commands.java:5)
	at io.michaelcane.Calculator.&lt;init&gt;(Calculator.java:6)
	at io.michaelcane.Commands.&lt;init&gt;(Commands.java:5)
	at io.michaelcane.Calculator.&lt;init&gt;(Calculator.java:6)
	at io.michaelcane.Commands.&lt;init&gt;(Commands.java:5)
	at io.michaelcane.Calculator.&lt;init&gt;(Calculator.java:6)
	at io.michaelcane.Commands.&lt;init&gt;(Commands.java:5)
	at io.michaelcane.Calculator.&lt;init&gt;(Calculator.java:6)
	at io.michaelcane.Commands.&lt;init&gt;(Commands.java:5)
	at io.michaelcane.Calculator.&lt;init&gt;(Calculator.java:6)
	at io.michaelcane.Commands.&lt;init&gt;(Commands.java:5)
	at io.michaelcane.Calculator.&lt;init&gt;(Calculator.java:6)
	at io.michaelcane.Commands.&lt;init&gt;(Commands.java:5)
	at io.michaelcane.Calculator.&lt;init&gt;(Calculator.java:6)
	at io.michaelcane.Commands.&lt;init&gt;(Commands.java:5)
	at io.michaelcane.Calculator.&lt;init&gt;(Calculator.java:6)
	at io.michaelcane.Commands.&lt;init&gt;(Commands.java:5)
	at io.michaelcane.Calculator.&lt;init&gt;(Calculator.java:6)
	at io.michaelcane.Commands.&lt;init&gt;(Commands.java:5)
</error>
  </testcase>
  <testcase classname="io.michaelcane.CalculatorSpec" name="test$inverseSine" time="0.009">
    <error type="java.lang.StackOverflowError">java.lang.StackOverflowError
	at io.michaelcane.Calculator.&lt;init&gt;(Calculator.java:6)
	at io.michaelcane.Commands.&lt;init&gt;(Commands.java:5)
	at io.michaelcane.Calculator.&lt;init&gt;(Calculator.java:6)
	at io.michaelcane.Commands.&lt;init&gt;(Commands.java:5)
	at io.michaelcane.Calculator.&lt;init&gt;(Calculator.java:6)
	at io.michaelcane.Commands.&lt;init&gt;(Commands.java:5)
	at io.michaelcane.Calculator.&lt;init&gt;(Calculator.java:6)
	at io.michaelcane.Commands.&lt;init&gt;(Commands.java:5)
	at io.michaelcane.Calculator.&lt;init&gt;(Calculator.java:6)
	at io.michaelcane.Commands.&lt;init&gt;(Commands.java:5)
	at io.michaelcane.Calculator.&lt;init&gt;(Calculator.java:6)
	at io.michaelcane.Commands.&lt;init&gt;(Commands.java:5)
	at io.michaelcane.Calculator.&lt;init&gt;(Calculator.java:6)
	at io.michaelcane.Commands.&lt;init&gt;(Commands.java:5)
	at io.michaelcane.Calculator.&lt;init&gt;(Calculator.java:6)
	at io.michaelcane.Commands.&lt;init&gt;(Commands.java:5)
	at io.michaelcane.Calculator.&lt;init&gt;(Calculator.java:6)
	at io.michaelcane.Commands.&lt;init&gt;(Commands.java:5)
	at io.michaelcane.Calculator.&lt;init&gt;(Calculator.java:6)
	at io.michaelcane.Commands.&lt;init&gt;(Commands.java:5)
	at io.michaelcane.Calculator.&lt;init&gt;(Calculator.java:6)
	at io.michaelcane.Commands.&lt;init&gt;(Commands.java:5)
	at io.michaelcane.Calculator.&lt;init&gt;(Calculator.java:6)
	at io.michaelcane.Commands.&lt;init&gt;(Commands.java:5)
	at io.michaelcane.Calculator.&lt;init&gt;(Calculator.java:6)
	at io.michaelcane.Commands.&lt;init&gt;(Commands.java:5)
	at io.michaelcane.Calculator.&lt;init&gt;(Calculator.java:6)
	at io.michaelcane.Commands.&lt;init&gt;(Commands.java:5)
	at io.michaelcane.Calculator.&lt;init&gt;(Calculator.java:6)
	at io.michaelcane.Commands.&lt;init&gt;(Commands.java:5)
	at io.michaelcane.Calculator.&lt;init&gt;(Calculator.java:6)
	at io.michaelcane.Commands.&lt;init&gt;(Commands.java:5)
	at io.michaelcane.Calculator.&lt;init&gt;(Calculator.java:6)
	at io.michaelcane.Commands.&lt;init&gt;(Commands.java:5)
	at io.michaelcane.Calculator.&lt;init&gt;(Calculator.java:6)
	at io.michaelcane.Commands.&lt;init&gt;(Commands.java:5)
	at io.michaelcane.Calculator.&lt;init&gt;(Calculator.java:6)
	at io.michaelcane.Commands.&lt;init&gt;(Commands.java:5)
	at io.michaelcane.Calculator.&lt;init&gt;(Calculator.java:6)
	at io.michaelcane.Commands.&lt;init&gt;(Commands.java:5)
	at io.michaelcane.Calculator.&lt;init&gt;(Calculator.java:6)
	at io.michaelcane.Commands.&lt;init&gt;(Commands.java:5)
	at io.michaelcane.Calculator.&lt;init&gt;(Calculator.java:6)
	at io.michaelcane.Commands.&lt;init&gt;(Commands.java:5)
	at io.michaelcane.Calculator.&lt;init&gt;(Calculator.java:6)
	at io.michaelcane.Commands.&lt;init&gt;(Commands.java:5)
	at io.michaelcane.Calculator.&lt;init&gt;(Calculator.java:6)
	at io.michaelcane.Commands.&lt;init&gt;(Commands.java:5)
	at io.michaelcane.Calculator.&lt;init&gt;(Calculator.java:6)
	at io.michaelcane.Commands.&lt;init&gt;(Commands.java:5)
	at io.michaelcane.Calculator.&lt;init&gt;(Calculator.java:6)
	at io.michaelcane.Commands.&lt;init&gt;(Commands.java:5)
	at io.michaelcane.Calculator.&lt;init&gt;(Calculator.java:6)
	at io.michaelcane.Commands.&lt;init&gt;(Commands.java:5)
	at io.michaelcane.Calculator.&lt;init&gt;(Calculator.java:6)
	at io.michaelcane.Commands.&lt;init&gt;(Commands.java:5)
	at io.michaelcane.Calculator.&lt;init&gt;(Calculator.java:6)
	at io.michaelcane.Commands.&lt;init&gt;(Commands.java:5)
	at io.michaelcane.Calculator.&lt;init&gt;(Calculator.java:6)
	at io.michaelcane.Commands.&lt;init&gt;(Commands.java:5)
	at io.michaelcane.Calculator.&lt;init&gt;(Calculator.java:6)
	at io.michaelcane.Commands.&lt;init&gt;(Commands.java:5)
	at io.michaelcane.Calculator.&lt;init&gt;(Calculator.java:6)
	at io.michaelcane.Commands.&lt;init&gt;(Commands.java:5)
	at io.michaelcane.Calculator.&lt;init&gt;(Calculator.java:6)
	at io.michaelcane.Commands.&lt;init&gt;(Commands.java:5)
	at io.michaelcane.Calculator.&lt;init&gt;(Calculator.java:6)
	at io.michaelcane.Commands.&lt;init&gt;(Commands.java:5)
	at io.michaelcane.Calculator.&lt;init&gt;(Calculator.java:6)
	at io.michaelcane.Commands.&lt;init&gt;(Commands.java:5)
	at io.michaelcane.Calculator.&lt;init&gt;(Calculator.java:6)
	at io.michaelcane.Commands.&lt;init&gt;(Commands.java:5)
	at io.michaelcane.Calculator.&lt;init&gt;(Calculator.java:6)
	at io.michaelcane.Commands.&lt;init&gt;(Commands.java:5)
	at io.michaelcane.Calculator.&lt;init&gt;(Calculator.java:6)
	at io.michaelcane.Commands.&lt;init&gt;(Commands.java:5)
	at io.michaelcane.Calculator.&lt;init&gt;(Calculator.java:6)
	at io.michaelcane.Commands.&lt;init&gt;(Commands.java:5)
	at io.michaelcane.Calculator.&lt;init&gt;(Calculator.java:6)
	at io.michaelcane.Commands.&lt;init&gt;(Commands.java:5)
	at io.michaelcane.Calculator.&lt;init&gt;(Calculator.java:6)
	at io.michaelcane.Commands.&lt;init&gt;(Commands.java:5)
	at io.michaelcane.Calculator.&lt;init&gt;(Calculator.java:6)
	at io.michaelcane.Commands.&lt;init&gt;(Commands.java:5)
	at io.michaelcane.Calculator.&lt;init&gt;(Calculator.java:6)
	at io.michaelcane.Commands.&lt;init&gt;(Commands.java:5)
	at io.michaelcane.Calculator.&lt;init&gt;(Calculator.java:6)
	at io.michaelcane.Commands.&lt;init&gt;(Commands.java:5)
	at io.michaelcane.Calculator.&lt;init&gt;(Calculator.java:6)
	at io.michaelcane.Commands.&lt;init&gt;(Commands.java:5)
	at io.michaelcane.Calculator.&lt;init&gt;(Calculator.java:6)
	at io.michaelcane.Commands.&lt;init&gt;(Commands.java:5)
	at io.michaelcane.Calculator.&lt;init&gt;(Calculator.java:6)
	at io.michaelcane.Commands.&lt;init&gt;(Commands.java:5)
	at io.michaelcane.Calculator.&lt;init&gt;(Calculator.java:6)
	at io.michaelcane.Commands.&lt;init&gt;(Commands.java:5)
	at io.michaelcane.Calculator.&lt;init&gt;(Calculator.java:6)
	at io.michaelcane.Commands.&lt;init&gt;(Commands.java:5)
	at io.michaelcane.Calculator.&lt;init&gt;(Calculator.java:6)
	at io.michaelcane.Commands.&lt;init&gt;(Commands.java:5)
	at io.michaelcane.Calculator.&lt;init&gt;(Calculator.java:6)
	at io.michaelcane.Commands.&lt;init&gt;(Commands.java:5)
	at io.michaelcane.Calculator.&lt;init&gt;(Calculator.java:6)
	at io.michaelcane.Commands.&lt;init&gt;(Commands.java:5)
	at io.michaelcane.Calculator.&lt;init&gt;(Calculator.java:6)
	at io.michaelcane.Commands.&lt;init&gt;(Commands.java:5)
	at io.michaelcane.Calculator.&lt;init&gt;(Calculator.java:6)
	at io.michaelcane.Commands.&lt;init&gt;(Commands.java:5)
	at io.michaelcane.Calculator.&lt;init&gt;(Calculator.java:6)
	at io.michaelcane.Commands.&lt;init&gt;(Commands.java:5)
	at io.michaelcane.Calculator.&lt;init&gt;(Calculator.java:6)
	at io.michaelcane.Commands.&lt;init&gt;(Commands.java:5)
	at io.michaelcane.Calculator.&lt;init&gt;(Calculator.java:6)
	at io.michaelcane.Commands.&lt;init&gt;(Commands.java:5)
	at io.michaelcane.Calculator.&lt;init&gt;(Calculator.java:6)
	at io.michaelcane.Commands.&lt;init&gt;(Commands.java:5)
	at io.michaelcane.Calculator.&lt;init&gt;(Calculator.java:6)
	at io.michaelcane.Commands.&lt;init&gt;(Commands.java:5)
	at io.michaelcane.Calculator.&lt;init&gt;(Calculator.java:6)
	at io.michaelcane.Commands.&lt;init&gt;(Commands.java:5)
	at io.michaelcane.Calculator.&lt;init&gt;(Calculator.java:6)
	at io.michaelcane.Commands.&lt;init&gt;(Commands.java:5)
	at io.michaelcane.Calculator.&lt;init&gt;(Calculator.java:6)
	at io.michaelcane.Commands.&lt;init&gt;(Commands.java:5)
	at io.michaelcane.Calculator.&lt;init&gt;(Calculator.java:6)
	at io.michaelcane.Commands.&lt;init&gt;(Commands.java:5)
	at io.michaelcane.Calculator.&lt;init&gt;(Calculator.java:6)
	at io.michaelcane.Commands.&lt;init&gt;(Commands.java:5)
	at io.michaelcane.Calculator.&lt;init&gt;(Calculator.java:6)
	at io.michaelcane.Commands.&lt;init&gt;(Commands.java:5)
	at io.michaelcane.Calculator.&lt;init&gt;(Calculator.java:6)
	at io.michaelcane.Commands.&lt;init&gt;(Commands.java:5)
	at io.michaelcane.Calculator.&lt;init&gt;(Calculator.java:6)
	at io.michaelcane.Commands.&lt;init&gt;(Commands.java:5)
	at io.michaelcane.Calculator.&lt;init&gt;(Calculator.java:6)
	at io.michaelcane.Commands.&lt;init&gt;(Commands.java:5)
	at io.michaelcane.Calculator.&lt;init&gt;(Calculator.java:6)
	at io.michaelcane.Commands.&lt;init&gt;(Commands.java:5)
	at io.michaelcane.Calculator.&lt;init&gt;(Calculator.java:6)
	at io.michaelcane.Commands.&lt;init&gt;(Commands.java:5)
	at io.michaelcane.Calculator.&lt;init&gt;(Calculator.java:6)
	at io.michaelcane.Commands.&lt;init&gt;(Commands.java:5)
	at io.michaelcane.Calculator.&lt;init&gt;(Calculator.java:6)
	at io.michaelcane.Commands.&lt;init&gt;(Commands.java:5)
	at io.michaelcane.Calculator.&lt;init&gt;(Calculator.java:6)
	at io.michaelcane.Commands.&lt;init&gt;(Commands.java:5)
	at io.michaelcane.Calculator.&lt;init&gt;(Calculator.java:6)
	at io.michaelcane.Commands.&lt;init&gt;(Commands.java:5)
	at io.michaelcane.Calculator.&lt;init&gt;(Calculator.java:6)
	at io.michaelcane.Commands.&lt;init&gt;(Commands.java:5)
	at io.michaelcane.Calculator.&lt;init&gt;(Calculator.java:6)
	at io.michaelcane.Commands.&lt;init&gt;(Commands.java:5)
	at io.michaelcane.Calculator.&lt;init&gt;(Calculator.java:6)
	at io.michaelcane.Commands.&lt;init&gt;(Commands.java:5)
	at io.michaelcane.Calculator.&lt;init&gt;(Calculator.java:6)
	at io.michaelcane.Commands.&lt;init&gt;(Commands.java:5)
	at io.michaelcane.Calculator.&lt;init&gt;(Calculator.java:6)
	at io.michaelcane.Commands.&lt;init&gt;(Commands.java:5)
	at io.michaelcane.Calculator.&lt;init&gt;(Calculator.java:6)
	at io.michaelcane.Commands.&lt;init&gt;(Commands.java:5)
	at io.michaelcane.Calculator.&lt;init&gt;(Calculator.java:6)
	at io.michaelcane.Commands.&lt;init&gt;(Commands.java:5)
	at io.michaelcane.Calculator.&lt;init&gt;(Calculator.java:6)
	at io.michaelcane.Commands.&lt;init&gt;(Commands.java:5)
	at io.michaelcane.Calculator.&lt;init&gt;(Calculator.java:6)
	at io.michaelcane.Commands.&lt;init&gt;(Commands.java:5)
	at io.michaelcane.Calculator.&lt;init&gt;(Calculator.java:6)
	at io.michaelcane.Commands.&lt;init&gt;(Commands.java:5)
	at io.michaelcane.Calculator.&lt;init&gt;(Calculator.java:6)
	at io.michaelcane.Commands.&lt;init&gt;(Commands.java:5)
	at io.michaelcane.Calculator.&lt;init&gt;(Calculator.java:6)
	at io.michaelcane.Commands.&lt;init&gt;(Commands.java:5)
	at io.michaelcane.Calculator.&lt;init&gt;(Calculator.java:6)
	at io.michaelcane.Commands.&lt;init&gt;(Commands.java:5)
	at io.michaelcane.Calculator.&lt;init&gt;(Calculator.java:6)
	at io.michaelcane.Commands.&lt;init&gt;(Commands.java:5)
	at io.michaelcane.Calculator.&lt;init&gt;(Calculator.java:6)
	at io.michaelcane.Commands.&lt;init&gt;(Commands.java:5)
	at io.michaelcane.Calculator.&lt;init&gt;(Calculator.java:6)
	at io.michaelcane.Commands.&lt;init&gt;(Commands.java:5)
	at io.michaelcane.Calculator.&lt;init&gt;(Calculator.java:6)
	at io.michaelcane.Commands.&lt;init&gt;(Commands.java:5)
	at io.michaelcane.Calculator.&lt;init&gt;(Calculator.java:6)
	at io.michaelcane.Commands.&lt;init&gt;(Commands.java:5)
	at io.michaelcane.Calculator.&lt;init&gt;(Calculator.java:6)
	at io.michaelcane.Commands.&lt;init&gt;(Commands.java:5)
	at io.michaelcane.Calculator.&lt;init&gt;(Calculator.java:6)
	at io.michaelcane.Commands.&lt;init&gt;(Commands.java:5)
	at io.michaelcane.Calculator.&lt;init&gt;(Calculator.java:6)
	at io.michaelcane.Commands.&lt;init&gt;(Commands.java:5)
	at io.michaelcane.Calculator.&lt;init&gt;(Calculator.java:6)
	at io.michaelcane.Commands.&lt;init&gt;(Commands.java:5)
	at io.michaelcane.Calculator.&lt;init&gt;(Calculator.java:6)
	at io.michaelcane.Commands.&lt;init&gt;(Commands.java:5)
	at io.michaelcane.Calculator.&lt;init&gt;(Calculator.java:6)
	at io.michaelcane.Commands.&lt;init&gt;(Commands.java:5)
	at io.michaelcane.Calculator.&lt;init&gt;(Calculator.java:6)
	at io.michaelcane.Commands.&lt;init&gt;(Commands.java:5)
	at io.michaelcane.Calculator.&lt;init&gt;(Calculator.java:6)
	at io.michaelcane.Commands.&lt;init&gt;(Commands.java:5)
	at io.michaelcane.Calculator.&lt;init&gt;(Calculator.java:6)
	at io.michaelcane.Commands.&lt;init&gt;(Commands.java:5)
	at io.michaelcane.Calculator.&lt;init&gt;(Calculator.java:6)
	at io.michaelcane.Commands.&lt;init&gt;(Commands.java:5)
	at io.michaelcane.Calculator.&lt;init&gt;(Calculator.java:6)
	at io.michaelcane.Commands.&lt;init&gt;(Commands.java:5)
	at io.michaelcane.Calculator.&lt;init&gt;(Calculator.java:6)
	at io.michaelcane.Commands.&lt;init&gt;(Commands.java:5)
	at io.michaelcane.Calculator.&lt;init&gt;(Calculator.java:6)
	at io.michaelcane.Commands.&lt;init&gt;(Commands.java:5)
	at io.michaelcane.Calculator.&lt;init&gt;(Calculator.java:6)
	at io.michaelcane.Commands.&lt;init&gt;(Commands.java:5)
	at io.michaelcane.Calculator.&lt;init&gt;(Calculator.java:6)
	at io.michaelcane.Commands.&lt;init&gt;(Commands.java:5)
	at io.michaelcane.Calculator.&lt;init&gt;(Calculator.java:6)
	at io.michaelcane.Commands.&lt;init&gt;(Commands.java:5)
	at io.michaelcane.Calculator.&lt;init&gt;(Calculator.java:6)
	at io.michaelcane.Commands.&lt;init&gt;(Commands.java:5)
	at io.michaelcane.Calculator.&lt;init&gt;(Calculator.java:6)
	at io.michaelcane.Commands.&lt;init&gt;(Commands.java:5)
	at io.michaelcane.Calculator.&lt;init&gt;(Calculator.java:6)
	at io.michaelcane.Commands.&lt;init&gt;(Commands.java:5)
	at io.michaelcane.Calculator.&lt;init&gt;(Calculator.java:6)
	at io.michaelcane.Commands.&lt;init&gt;(Commands.java:5)
	at io.michaelcane.Calculator.&lt;init&gt;(Calculator.java:6)
	at io.michaelcane.Commands.&lt;init&gt;(Commands.java:5)
	at io.michaelcane.Calculator.&lt;init&gt;(Calculator.java:6)
	at io.michaelcane.Commands.&lt;init&gt;(Commands.java:5)
	at io.michaelcane.Calculator.&lt;init&gt;(Calculator.java:6)
	at io.michaelcane.Commands.&lt;init&gt;(Commands.java:5)
	at io.michaelcane.Calculator.&lt;init&gt;(Calculator.java:6)
	at io.michaelcane.Commands.&lt;init&gt;(Commands.java:5)
	at io.michaelcane.Calculator.&lt;init&gt;(Calculator.java:6)
	at io.michaelcane.Commands.&lt;init&gt;(Commands.java:5)
	at io.michaelcane.Calculator.&lt;init&gt;(Calculator.java:6)
	at io.michaelcane.Commands.&lt;init&gt;(Commands.java:5)
	at io.michaelcane.Calculator.&lt;init&gt;(Calculator.java:6)
	at io.michaelcane.Commands.&lt;init&gt;(Commands.java:5)
	at io.michaelcane.Calculator.&lt;init&gt;(Calculator.java:6)
	at io.michaelcane.Commands.&lt;init&gt;(Commands.java:5)
	at io.michaelcane.Calculator.&lt;init&gt;(Calculator.java:6)
	at io.michaelcane.Commands.&lt;init&gt;(Commands.java:5)
	at io.michaelcane.Calculator.&lt;init&gt;(Calculator.java:6)
	at io.michaelcane.Commands.&lt;init&gt;(Commands.java:5)
	at io.michaelcane.Calculator.&lt;init&gt;(Calculator.java:6)
	at io.michaelcane.Commands.&lt;init&gt;(Commands.java:5)
	at io.michaelcane.Calculator.&lt;init&gt;(Calculator.java:6)
	at io.michaelcane.Commands.&lt;init&gt;(Commands.java:5)
	at io.michaelcane.Calculator.&lt;init&gt;(Calculator.java:6)
	at io.michaelcane.Commands.&lt;init&gt;(Commands.java:5)
	at io.michaelcane.Calculator.&lt;init&gt;(Calculator.java:6)
	at io.michaelcane.Commands.&lt;init&gt;(Commands.java:5)
	at io.michaelcane.Calculator.&lt;init&gt;(Calculator.java:6)
	at io.michaelcane.Commands.&lt;init&gt;(Commands.java:5)
	at io.michaelcane.Calculator.&lt;init&gt;(Calculator.java:6)
	at io.michaelcane.Commands.&lt;init&gt;(Commands.java:5)
	at io.michaelcane.Calculator.&lt;init&gt;(Calculator.java:6)
	at io.michaelcane.Commands.&lt;init&gt;(Commands.java:5)
	at io.michaelcane.Calculator.&lt;init&gt;(Calculator.java:6)
	at io.michaelcane.Commands.&lt;init&gt;(Commands.java:5)
	at io.michaelcane.Calculator.&lt;init&gt;(Calculator.java:6)
	at io.michaelcane.Commands.&lt;init&gt;(Commands.java:5)
	at io.michaelcane.Calculator.&lt;init&gt;(Calculator.java:6)
	at io.michaelcane.Commands.&lt;init&gt;(Commands.java:5)
	at io.michaelcane.Calculator.&lt;init&gt;(Calculator.java:6)
	at io.michaelcane.Commands.&lt;init&gt;(Commands.java:5)
	at io.michaelcane.Calculator.&lt;init&gt;(Calculator.java:6)
	at io.michaelcane.Commands.&lt;init&gt;(Commands.java:5)
	at io.michaelcane.Calculator.&lt;init&gt;(Calculator.java:6)
	at io.michaelcane.Commands.&lt;init&gt;(Commands.java:5)
	at io.michaelcane.Calculator.&lt;init&gt;(Calculator.java:6)
	at io.michaelcane.Commands.&lt;init&gt;(Commands.java:5)
	at io.michaelcane.Calculator.&lt;init&gt;(Calculator.java:6)
	at io.michaelcane.Commands.&lt;init&gt;(Commands.java:5)
	at io.michaelcane.Calculator.&lt;init&gt;(Calculator.java:6)
	at io.michaelcane.Commands.&lt;init&gt;(Commands.java:5)
	at io.michaelcane.Calculator.&lt;init&gt;(Calculator.java:6)
	at io.michaelcane.Commands.&lt;init&gt;(Commands.java:5)
	at io.michaelcane.Calculator.&lt;init&gt;(Calculator.java:6)
	at io.michaelcane.Commands.&lt;init&gt;(Commands.java:5)
	at io.michaelcane.Calculator.&lt;init&gt;(Calculator.java:6)
	at io.michaelcane.Commands.&lt;init&gt;(Commands.java:5)
	at io.michaelcane.Calculator.&lt;init&gt;(Calculator.java:6)
	at io.michaelcane.Commands.&lt;init&gt;(Commands.java:5)
	at io.michaelcane.Calculator.&lt;init&gt;(Calculator.java:6)
	at io.michaelcane.Commands.&lt;init&gt;(Commands.java:5)
	at io.michaelcane.Calculator.&lt;init&gt;(Calculator.java:6)
	at io.michaelcane.Commands.&lt;init&gt;(Commands.java:5)
	at io.michaelcane.Calculator.&lt;init&gt;(Calculator.java:6)
	at io.michaelcane.Commands.&lt;init&gt;(Commands.java:5)
	at io.michaelcane.Calculator.&lt;init&gt;(Calculator.java:6)
	at io.michaelcane.Commands.&lt;init&gt;(Commands.java:5)
	at io.michaelcane.Calculator.&lt;init&gt;(Calculator.java:6)
	at io.michaelcane.Commands.&lt;init&gt;(Commands.java:5)
	at io.michaelcane.Calculator.&lt;init&gt;(Calculator.java:6)
	at io.michaelcane.Commands.&lt;init&gt;(Commands.java:5)
	at io.michaelcane.Calculator.&lt;init&gt;(Calculator.java:6)
	at io.michaelcane.Commands.&lt;init&gt;(Commands.java:5)
	at io.michaelcane.Calculator.&lt;init&gt;(Calculator.java:6)
	at io.michaelcane.Commands.&lt;init&gt;(Commands.java:5)
	at io.michaelcane.Calculator.&lt;init&gt;(Calculator.java:6)
	at io.michaelcane.Commands.&lt;init&gt;(Commands.java:5)
	at io.michaelcane.Calculator.&lt;init&gt;(Calculator.java:6)
	at io.michaelcane.Commands.&lt;init&gt;(Commands.java:5)
	at io.michaelcane.Calculator.&lt;init&gt;(Calculator.java:6)
	at io.michaelcane.Commands.&lt;init&gt;(Commands.java:5)
	at io.michaelcane.Calculator.&lt;init&gt;(Calculator.java:6)
	at io.michaelcane.Commands.&lt;init&gt;(Commands.java:5)
	at io.michaelcane.Calculator.&lt;init&gt;(Calculator.java:6)
	at io.michaelcane.Commands.&lt;init&gt;(Commands.java:5)
	at io.michaelcane.Calculator.&lt;init&gt;(Calculator.java:6)
	at io.michaelcane.Commands.&lt;init&gt;(Commands.java:5)
	at io.michaelcane.Calculator.&lt;init&gt;(Calculator.java:6)
	at io.michaelcane.Commands.&lt;init&gt;(Commands.java:5)
	at io.michaelcane.Calculator.&lt;init&gt;(Calculator.java:6)
	at io.michaelcane.Commands.&lt;init&gt;(Commands.java:5)
	at io.michaelcane.Calculator.&lt;init&gt;(Calculator.java:6)
	at io.michaelcane.Commands.&lt;init&gt;(Commands.java:5)
	at io.michaelcane.Calculator.&lt;init&gt;(Calculator.java:6)
	at io.michaelcane.Commands.&lt;init&gt;(Commands.java:5)
	at io.michaelcane.Calculator.&lt;init&gt;(Calculator.java:6)
	at io.michaelcane.Commands.&lt;init&gt;(Commands.java:5)
	at io.michaelcane.Calculator.&lt;init&gt;(Calculator.java:6)
	at io.michaelcane.Commands.&lt;init&gt;(Commands.java:5)
	at io.michaelcane.Calculator.&lt;init&gt;(Calculator.java:6)
	at io.michaelcane.Commands.&lt;init&gt;(Commands.java:5)
	at io.michaelcane.Calculator.&lt;init&gt;(Calculator.java:6)
	at io.michaelcane.Commands.&lt;init&gt;(Commands.java:5)
	at io.michaelcane.Calculator.&lt;init&gt;(Calculator.java:6)
	at io.michaelcane.Commands.&lt;init&gt;(Commands.java:5)
	at io.michaelcane.Calculator.&lt;init&gt;(Calculator.java:6)
	at io.michaelcane.Commands.&lt;init&gt;(Commands.java:5)
	at io.michaelcane.Calculator.&lt;init&gt;(Calculator.java:6)
	at io.michaelcane.Commands.&lt;init&gt;(Commands.java:5)
	at io.michaelcane.Calculator.&lt;init&gt;(Calculator.java:6)
	at io.michaelcane.Commands.&lt;init&gt;(Commands.java:5)
	at io.michaelcane.Calculator.&lt;init&gt;(Calculator.java:6)
	at io.michaelcane.Commands.&lt;init&gt;(Commands.java:5)
	at io.michaelcane.Calculator.&lt;init&gt;(Calculator.java:6)
	at io.michaelcane.Commands.&lt;init&gt;(Commands.java:5)
	at io.michaelcane.Calculator.&lt;init&gt;(Calculator.java:6)
	at io.michaelcane.Commands.&lt;init&gt;(Commands.java:5)
	at io.michaelcane.Calculator.&lt;init&gt;(Calculator.java:6)
	at io.michaelcane.Commands.&lt;init&gt;(Commands.java:5)
	at io.michaelcane.Calculator.&lt;init&gt;(Calculator.java:6)
	at io.michaelcane.Commands.&lt;init&gt;(Commands.java:5)
	at io.michaelcane.Calculator.&lt;init&gt;(Calculator.java:6)
	at io.michaelcane.Commands.&lt;init&gt;(Commands.java:5)
	at io.michaelcane.Calculator.&lt;init&gt;(Calculator.java:6)
	at io.michaelcane.Commands.&lt;init&gt;(Commands.java:5)
	at io.michaelcane.Calculator.&lt;init&gt;(Calculator.java:6)
	at io.michaelcane.Commands.&lt;init&gt;(Commands.java:5)
	at io.michaelcane.Calculator.&lt;init&gt;(Calculator.java:6)
	at io.michaelcane.Commands.&lt;init&gt;(Commands.java:5)
	at io.michaelcane.Calculator.&lt;init&gt;(Calculator.java:6)
	at io.michaelcane.Commands.&lt;init&gt;(Commands.java:5)
	at io.michaelcane.Calculator.&lt;init&gt;(Calculator.java:6)
	at io.michaelcane.Commands.&lt;init&gt;(Commands.java:5)
	at io.michaelcane.Calculator.&lt;init&gt;(Calculator.java:6)
	at io.michaelcane.Commands.&lt;init&gt;(Commands.java:5)
	at io.michaelcane.Calculator.&lt;init&gt;(Calculator.java:6)
	at io.michaelcane.Commands.&lt;init&gt;(Commands.java:5)
	at io.michaelcane.Calculator.&lt;init&gt;(Calculator.java:6)
	at io.michaelcane.Commands.&lt;init&gt;(Commands.java:5)
	at io.michaelcane.Calculator.&lt;init&gt;(Calculator.java:6)
	at io.michaelcane.Commands.&lt;init&gt;(Commands.java:5)
	at io.michaelcane.Calculator.&lt;init&gt;(Calculator.java:6)
	at io.michaelcane.Commands.&lt;init&gt;(Commands.java:5)
	at io.michaelcane.Calculator.&lt;init&gt;(Calculator.java:6)
	at io.michaelcane.Commands.&lt;init&gt;(Commands.java:5)
	at io.michaelcane.Calculator.&lt;init&gt;(Calculator.java:6)
	at io.michaelcane.Commands.&lt;init&gt;(Commands.java:5)
	at io.michaelcane.Calculator.&lt;init&gt;(Calculator.java:6)
	at io.michaelcane.Commands.&lt;init&gt;(Commands.java:5)
	at io.michaelcane.Calculator.&lt;init&gt;(Calculator.java:6)
	at io.michaelcane.Commands.&lt;init&gt;(Commands.java:5)
	at io.michaelcane.Calculator.&lt;init&gt;(Calculator.java:6)
	at io.michaelcane.Commands.&lt;init&gt;(Commands.java:5)
	at io.michaelcane.Calculator.&lt;init&gt;(Calculator.java:6)
	at io.michaelcane.Commands.&lt;init&gt;(Commands.java:5)
	at io.michaelcane.Calculator.&lt;init&gt;(Calculator.java:6)
	at io.michaelcane.Commands.&lt;init&gt;(Commands.java:5)
	at io.michaelcane.Calculator.&lt;init&gt;(Calculator.java:6)
	at io.michaelcane.Commands.&lt;init&gt;(Commands.java:5)
	at io.michaelcane.Calculator.&lt;init&gt;(Calculator.java:6)
	at io.michaelcane.Commands.&lt;init&gt;(Commands.java:5)
	at io.michaelcane.Calculator.&lt;init&gt;(Calculator.java:6)
	at io.michaelcane.Commands.&lt;init&gt;(Commands.java:5)
	at io.michaelcane.Calculator.&lt;init&gt;(Calculator.java:6)
	at io.michaelcane.Commands.&lt;init&gt;(Commands.java:5)
	at io.michaelcane.Calculator.&lt;init&gt;(Calculator.java:6)
	at io.michaelcane.Commands.&lt;init&gt;(Commands.java:5)
	at io.michaelcane.Calculator.&lt;init&gt;(Calculator.java:6)
	at io.michaelcane.Commands.&lt;init&gt;(Commands.java:5)
	at io.michaelcane.Calculator.&lt;init&gt;(Calculator.java:6)
	at io.michaelcane.Commands.&lt;init&gt;(Commands.java:5)
	at io.michaelcane.Calculator.&lt;init&gt;(Calculator.java:6)
	at io.michaelcane.Commands.&lt;init&gt;(Commands.java:5)
	at io.michaelcane.Calculator.&lt;init&gt;(Calculator.java:6)
	at io.michaelcane.Commands.&lt;init&gt;(Commands.java:5)
	at io.michaelcane.Calculator.&lt;init&gt;(Calculator.java:6)
	at io.michaelcane.Commands.&lt;init&gt;(Commands.java:5)
	at io.michaelcane.Calculator.&lt;init&gt;(Calculator.java:6)
	at io.michaelcane.Commands.&lt;init&gt;(Commands.java:5)
	at io.michaelcane.Calculator.&lt;init&gt;(Calculator.java:6)
	at io.michaelcane.Commands.&lt;init&gt;(Commands.java:5)
	at io.michaelcane.Calculator.&lt;init&gt;(Calculator.java:6)
	at io.michaelcane.Commands.&lt;init&gt;(Commands.java:5)
	at io.michaelcane.Calculator.&lt;init&gt;(Calculator.java:6)
	at io.michaelcane.Commands.&lt;init&gt;(Commands.java:5)
	at io.michaelcane.Calculator.&lt;init&gt;(Calculator.java:6)
	at io.michaelcane.Commands.&lt;init&gt;(Commands.java:5)
	at io.michaelcane.Calculator.&lt;init&gt;(Calculator.java:6)
	at io.michaelcane.Commands.&lt;init&gt;(Commands.java:5)
	at io.michaelcane.Calculator.&lt;init&gt;(Calculator.java:6)
	at io.michaelcane.Commands.&lt;init&gt;(Commands.java:5)
	at io.michaelcane.Calculator.&lt;init&gt;(Calculator.java:6)
	at io.michaelcane.Commands.&lt;init&gt;(Commands.java:5)
	at io.michaelcane.Calculator.&lt;init&gt;(Calculator.java:6)
	at io.michaelcane.Commands.&lt;init&gt;(Commands.java:5)
	at io.michaelcane.Calculator.&lt;init&gt;(Calculator.java:6)
	at io.michaelcane.Commands.&lt;init&gt;(Commands.java:5)
	at io.michaelcane.Calculator.&lt;init&gt;(Calculator.java:6)
	at io.michaelcane.Commands.&lt;init&gt;(Commands.java:5)
	at io.michaelcane.Calculator.&lt;init&gt;(Calculator.java:6)
	at io.michaelcane.Commands.&lt;init&gt;(Commands.java:5)
	at io.michaelcane.Calculator.&lt;init&gt;(Calculator.java:6)
	at io.michaelcane.Commands.&lt;init&gt;(Commands.java:5)
	at io.michaelcane.Calculator.&lt;init&gt;(Calculator.java:6)
	at io.michaelcane.Commands.&lt;init&gt;(Commands.java:5)
	at io.michaelcane.Calculator.&lt;init&gt;(Calculator.java:6)
	at io.michaelcane.Commands.&lt;init&gt;(Commands.java:5)
	at io.michaelcane.Calculator.&lt;init&gt;(Calculator.java:6)
	at io.michaelcane.Commands.&lt;init&gt;(Commands.java:5)
	at io.michaelcane.Calculator.&lt;init&gt;(Calculator.java:6)
	at io.michaelcane.Commands.&lt;init&gt;(Commands.java:5)
	at io.michaelcane.Calculator.&lt;init&gt;(Calculator.java:6)
	at io.michaelcane.Commands.&lt;init&gt;(Commands.java:5)
	at io.michaelcane.Calculator.&lt;init&gt;(Calculator.java:6)
	at io.michaelcane.Commands.&lt;init&gt;(Commands.java:5)
	at io.michaelcane.Calculator.&lt;init&gt;(Calculator.java:6)
	at io.michaelcane.Commands.&lt;init&gt;(Commands.java:5)
	at io.michaelcane.Calculator.&lt;init&gt;(Calculator.java:6)
	at io.michaelcane.Commands.&lt;init&gt;(Commands.java:5)
	at io.michaelcane.Calculator.&lt;init&gt;(Calculator.java:6)
	at io.michaelcane.Commands.&lt;init&gt;(Commands.java:5)
	at io.michaelcane.Calculator.&lt;init&gt;(Calculator.java:6)
	at io.michaelcane.Commands.&lt;init&gt;(Commands.java:5)
	at io.michaelcane.Calculator.&lt;init&gt;(Calculator.java:6)
	at io.michaelcane.Commands.&lt;init&gt;(Commands.java:5)
	at io.michaelcane.Calculator.&lt;init&gt;(Calculator.java:6)
	at io.michaelcane.Commands.&lt;init&gt;(Commands.java:5)
	at io.michaelcane.Calculator.&lt;init&gt;(Calculator.java:6)
	at io.michaelcane.Commands.&lt;init&gt;(Commands.java:5)
	at io.michaelcane.Calculator.&lt;init&gt;(Calculator.java:6)
	at io.michaelcane.Commands.&lt;init&gt;(Commands.java:5)
	at io.michaelcane.Calculator.&lt;init&gt;(Calculator.java:6)
	at io.michaelcane.Commands.&lt;init&gt;(Commands.java:5)
	at io.michaelcane.Calculator.&lt;init&gt;(Calculator.java:6)
	at io.michaelcane.Commands.&lt;init&gt;(Commands.java:5)
	at io.michaelcane.Calculator.&lt;init&gt;(Calculator.java:6)
	at io.michaelcane.Commands.&lt;init&gt;(Commands.java:5)
	at io.michaelcane.Calculator.&lt;init&gt;(Calculator.java:6)
	at io.michaelcane.Commands.&lt;init&gt;(Commands.java:5)
	at io.michaelcane.Calculator.&lt;init&gt;(Calculator.java:6)
	at io.michaelcane.Commands.&lt;init&gt;(Commands.java:5)
	at io.michaelcane.Calculator.&lt;init&gt;(Calculator.java:6)
	at io.michaelcane.Commands.&lt;init&gt;(Commands.java:5)
	at io.michaelcane.Calculator.&lt;init&gt;(Calculator.java:6)
	at io.michaelcane.Commands.&lt;init&gt;(Commands.java:5)
	at io.michaelcane.Calculator.&lt;init&gt;(Calculator.java:6)
	at io.michaelcane.Commands.&lt;init&gt;(Commands.java:5)
	at io.michaelcane.Calculator.&lt;init&gt;(Calculator.java:6)
	at io.michaelcane.Commands.&lt;init&gt;(Commands.java:5)
	at io.michaelcane.Calculator.&lt;init&gt;(Calculator.java:6)
	at io.michaelcane.Commands.&lt;init&gt;(Commands.java:5)
	at io.michaelcane.Calculator.&lt;init&gt;(Calculator.java:6)
	at io.michaelcane.Commands.&lt;init&gt;(Commands.java:5)
	at io.michaelcane.Calculator.&lt;init&gt;(Calculator.java:6)
	at io.michaelcane.Commands.&lt;init&gt;(Commands.java:5)
	at io.michaelcane.Calculator.&lt;init&gt;(Calculator.java:6)
	at io.michaelcane.Commands.&lt;init&gt;(Commands.java:5)
	at io.michaelcane.Calculator.&lt;init&gt;(Calculator.java:6)
	at io.michaelcane.Commands.&lt;init&gt;(Commands.java:5)
	at io.michaelcane.Calculator.&lt;init&gt;(Calculator.java:6)
	at io.michaelcane.Commands.&lt;init&gt;(Commands.java:5)
	at io.michaelcane.Calculator.&lt;init&gt;(Calculator.java:6)
	at io.michaelcane.Commands.&lt;init&gt;(Commands.java:5)
	at io.michaelcane.Calculator.&lt;init&gt;(Calculator.java:6)
	at io.michaelcane.Commands.&lt;init&gt;(Commands.java:5)
	at io.michaelcane.Calculator.&lt;init&gt;(Calculator.java:6)
	at io.michaelcane.Commands.&lt;init&gt;(Commands.java:5)
	at io.michaelcane.Calculator.&lt;init&gt;(Calculator.java:6)
	at io.michaelcane.Commands.&lt;init&gt;(Commands.java:5)
	at io.michaelcane.Calculator.&lt;init&gt;(Calculator.java:6)
	at io.michaelcane.Commands.&lt;init&gt;(Commands.java:5)
	at io.michaelcane.Calculator.&lt;init&gt;(Calculator.java:6)
	at io.michaelcane.Commands.&lt;init&gt;(Commands.java:5)
	at io.michaelcane.Calculator.&lt;init&gt;(Calculator.java:6)
	at io.michaelcane.Commands.&lt;init&gt;(Commands.java:5)
	at io.michaelcane.Calculator.&lt;init&gt;(Calculator.java:6)
	at io.michaelcane.Commands.&lt;init&gt;(Commands.java:5)
	at io.michaelcane.Calculator.&lt;init&gt;(Calculator.java:6)
	at io.michaelcane.Commands.&lt;init&gt;(Commands.java:5)
	at io.michaelcane.Calculator.&lt;init&gt;(Calculator.java:6)
	at io.michaelcane.Commands.&lt;init&gt;(Commands.java:5)
	at io.michaelcane.Calculator.&lt;init&gt;(Calculator.java:6)
	at io.michaelcane.Commands.&lt;init&gt;(Commands.java:5)
	at io.michaelcane.Calculator.&lt;init&gt;(Calculator.java:6)
	at io.michaelcane.Commands.&lt;init&gt;(Commands.java:5)
	at io.michaelcane.Calculator.&lt;init&gt;(Calculator.java:6)
	at io.michaelcane.Commands.&lt;init&gt;(Commands.java:5)
	at io.michaelcane.Calculator.&lt;init&gt;(Calculator.java:6)
	at io.michaelcane.Commands.&lt;init&gt;(Commands.java:5)
	at io.michaelcane.Calculator.&lt;init&gt;(Calculator.java:6)
	at io.michaelcane.Commands.&lt;init&gt;(Commands.java:5)
	at io.michaelcane.Calculator.&lt;init&gt;(Calculator.java:6)
	at io.michaelcane.Commands.&lt;init&gt;(Commands.java:5)
	at io.michaelcane.Calculator.&lt;init&gt;(Calculator.java:6)
	at io.michaelcane.Commands.&lt;init&gt;(Commands.java:5)
	at io.michaelcane.Calculator.&lt;init&gt;(Calculator.java:6)
	at io.michaelcane.Commands.&lt;init&gt;(Commands.java:5)
	at io.michaelcane.Calculator.&lt;init&gt;(Calculator.java:6)
	at io.michaelcane.Commands.&lt;init&gt;(Commands.java:5)
	at io.michaelcane.Calculator.&lt;init&gt;(Calculator.java:6)
	at io.michaelcane.Commands.&lt;init&gt;(Commands.java:5)
	at io.michaelcane.Calculator.&lt;init&gt;(Calculator.java:6)
	at io.michaelcane.Commands.&lt;init&gt;(Commands.java:5)
	at io.michaelcane.Calculator.&lt;init&gt;(Calculator.java:6)
	at io.michaelcane.Commands.&lt;init&gt;(Commands.java:5)
	at io.michaelcane.Calculator.&lt;init&gt;(Calculator.java:6)
	at io.michaelcane.Commands.&lt;init&gt;(Commands.java:5)
	at io.michaelcane.Calculator.&lt;init&gt;(Calculator.java:6)
	at io.michaelcane.Commands.&lt;init&gt;(Commands.java:5)
	at io.michaelcane.Calculator.&lt;init&gt;(Calculator.java:6)
	at io.michaelcane.Commands.&lt;init&gt;(Commands.java:5)
	at io.michaelcane.Calculator.&lt;init&gt;(Calculator.java:6)
	at io.michaelcane.Commands.&lt;init&gt;(Commands.java:5)
	at io.michaelcane.Calculator.&lt;init&gt;(Calculator.java:6)
	at io.michaelcane.Commands.&lt;init&gt;(Commands.java:5)
	at io.michaelcane.Calculator.&lt;init&gt;(Calculator.java:6)
	at io.michaelcane.Commands.&lt;init&gt;(Commands.java:5)
	at io.michaelcane.Calculator.&lt;init&gt;(Calculator.java:6)
	at io.michaelcane.Commands.&lt;init&gt;(Commands.java:5)
	at io.michaelcane.Calculator.&lt;init&gt;(Calculator.java:6)
	at io.michaelcane.Commands.&lt;init&gt;(Commands.java:5)
	at io.michaelcane.Calculator.&lt;init&gt;(Calculator.java:6)
	at io.michaelcane.Commands.&lt;init&gt;(Commands.java:5)
	at io.michaelcane.Calculator.&lt;init&gt;(Calculator.java:6)
	at io.michaelcane.Commands.&lt;init&gt;(Commands.java:5)
	at io.michaelcane.Calculator.&lt;init&gt;(Calculator.java:6)
	at io.michaelcane.Commands.&lt;init&gt;(Commands.java:5)
	at io.michaelcane.Calculator.&lt;init&gt;(Calculator.java:6)
	at io.michaelcane.Commands.&lt;init&gt;(Commands.java:5)
	at io.michaelcane.Calculator.&lt;init&gt;(Calculator.java:6)
	at io.michaelcane.Commands.&lt;init&gt;(Commands.java:5)
	at io.michaelcane.Calculator.&lt;init&gt;(Calculator.java:6)
	at io.michaelcane.Commands.&lt;init&gt;(Commands.java:5)
	at io.michaelcane.Calculator.&lt;init&gt;(Calculator.java:6)
	at io.michaelcane.Commands.&lt;init&gt;(Commands.java:5)
	at io.michaelcane.Calculator.&lt;init&gt;(Calculator.java:6)
	at io.michaelcane.Commands.&lt;init&gt;(Commands.java:5)
	at io.michaelcane.Calculator.&lt;init&gt;(Calculator.java:6)
	at io.michaelcane.Commands.&lt;init&gt;(Commands.java:5)
	at io.michaelcane.Calculator.&lt;init&gt;(Calculator.java:6)
	at io.michaelcane.Commands.&lt;init&gt;(Commands.java:5)
	at io.michaelcane.Calculator.&lt;init&gt;(Calculator.java:6)
	at io.michaelcane.Commands.&lt;init&gt;(Commands.java:5)
	at io.michaelcane.Calculator.&lt;init&gt;(Calculator.java:6)
	at io.michaelcane.Commands.&lt;init&gt;(Commands.java:5)
	at io.michaelcane.Calculator.&lt;init&gt;(Calculator.java:6)
	at io.michaelcane.Commands.&lt;init&gt;(Commands.java:5)
	at io.michaelcane.Calculator.&lt;init&gt;(Calculator.java:6)
	at io.michaelcane.Commands.&lt;init&gt;(Commands.java:5)
	at io.michaelcane.Calculator.&lt;init&gt;(Calculator.java:6)
	at io.michaelcane.Commands.&lt;init&gt;(Commands.java:5)
	at io.michaelcane.Calculator.&lt;init&gt;(Calculator.java:6)
	at io.michaelcane.Commands.&lt;init&gt;(Commands.java:5)
	at io.michaelcane.Calculator.&lt;init&gt;(Calculator.java:6)
	at io.michaelcane.Commands.&lt;init&gt;(Commands.java:5)
	at io.michaelcane.Calculator.&lt;init&gt;(Calculator.java:6)
	at io.michaelcane.Commands.&lt;init&gt;(Commands.java:5)
	at io.michaelcane.Calculator.&lt;init&gt;(Calculator.java:6)
	at io.michaelcane.Commands.&lt;init&gt;(Commands.java:5)
	at io.michaelcane.Calculator.&lt;init&gt;(Calculator.java:6)
	at io.michaelcane.Commands.&lt;init&gt;(Commands.java:5)
	at io.michaelcane.Calculator.&lt;init&gt;(Calculator.java:6)
	at io.michaelcane.Commands.&lt;init&gt;(Commands.java:5)
	at io.michaelcane.Calculator.&lt;init&gt;(Calculator.java:6)
	at io.michaelcane.Commands.&lt;init&gt;(Commands.java:5)
	at io.michaelcane.Calculator.&lt;init&gt;(Calculator.java:6)
	at io.michaelcane.Commands.&lt;init&gt;(Commands.java:5)
	at io.michaelcane.Calculator.&lt;init&gt;(Calculator.java:6)
	at io.michaelcane.Commands.&lt;init&gt;(Commands.java:5)
	at io.michaelcane.Calculator.&lt;init&gt;(Calculator.java:6)
	at io.michaelcane.Commands.&lt;init&gt;(Commands.java:5)
	at io.michaelcane.Calculator.&lt;init&gt;(Calculator.java:6)
	at io.michaelcane.Commands.&lt;init&gt;(Commands.java:5)
	at io.michaelcane.Calculator.&lt;init&gt;(Calculator.java:6)
	at io.michaelcane.Commands.&lt;init&gt;(Commands.java:5)
	at io.michaelcane.Calculator.&lt;init&gt;(Calculator.java:6)
	at io.michaelcane.Commands.&lt;init&gt;(Commands.java:5)
	at io.michaelcane.Calculator.&lt;init&gt;(Calculator.java:6)
	at io.michaelcane.Commands.&lt;init&gt;(Commands.java:5)
	at io.michaelcane.Calculator.&lt;init&gt;(Calculator.java:6)
	at io.michaelcane.Commands.&lt;init&gt;(Commands.java:5)
	at io.michaelcane.Calculator.&lt;init&gt;(Calculator.java:6)
	at io.michaelcane.Commands.&lt;init&gt;(Commands.java:5)
	at io.michaelcane.Calculator.&lt;init&gt;(Calculator.java:6)
	at io.michaelcane.Commands.&lt;init&gt;(Commands.java:5)
	at io.michaelcane.Calculator.&lt;init&gt;(Calculator.java:6)
	at io.michaelcane.Commands.&lt;init&gt;(Commands.java:5)
	at io.michaelcane.Calculator.&lt;init&gt;(Calculator.java:6)
	at io.michaelcane.Commands.&lt;init&gt;(Commands.java:5)
	at io.michaelcane.Calculator.&lt;init&gt;(Calculator.java:6)
	at io.michaelcane.Commands.&lt;init&gt;(Commands.java:5)
	at io.michaelcane.Calculator.&lt;init&gt;(Calculator.java:6)
	at io.michaelcane.Commands.&lt;init&gt;(Commands.java:5)
	at io.michaelcane.Calculator.&lt;init&gt;(Calculator.java:6)
	at io.michaelcane.Commands.&lt;init&gt;(Commands.java:5)
	at io.michaelcane.Calculator.&lt;init&gt;(Calculator.java:6)
	at io.michaelcane.Commands.&lt;init&gt;(Commands.java:5)
	at io.michaelcane.Calculator.&lt;init&gt;(Calculator.java:6)
	at io.michaelcane.Commands.&lt;init&gt;(Commands.java:5)
	at io.michaelcane.Calculator.&lt;init&gt;(Calculator.java:6)
	at io.michaelcane.Commands.&lt;init&gt;(Commands.java:5)
	at io.michaelcane.Calculator.&lt;init&gt;(Calculator.java:6)
	at io.michaelcane.Commands.&lt;init&gt;(Commands.java:5)
	at io.michaelcane.Calculator.&lt;init&gt;(Calculator.java:6)
	at io.michaelcane.Commands.&lt;init&gt;(Commands.java:5)
	at io.michaelcane.Calculator.&lt;init&gt;(Calculator.java:6)
	at io.michaelcane.Commands.&lt;init&gt;(Commands.java:5)
	at io.michaelcane.Calculator.&lt;init&gt;(Calculator.java:6)
	at io.michaelcane.Commands.&lt;init&gt;(Commands.java:5)
	at io.michaelcane.Calculator.&lt;init&gt;(Calculator.java:6)
	at io.michaelcane.Commands.&lt;init&gt;(Commands.java:5)
	at io.michaelcane.Calculator.&lt;init&gt;(Calculator.java:6)
	at io.michaelcane.Commands.&lt;init&gt;(Commands.java:5)
	at io.michaelcane.Calculator.&lt;init&gt;(Calculator.java:6)
	at io.michaelcane.Commands.&lt;init&gt;(Commands.java:5)
	at io.michaelcane.Calculator.&lt;init&gt;(Calculator.java:6)
	at io.michaelcane.Commands.&lt;init&gt;(Commands.java:5)
	at io.michaelcane.Calculator.&lt;init&gt;(Calculator.java:6)
	at io.michaelcane.Commands.&lt;init&gt;(Commands.java:5)
	at io.michaelcane.Calculator.&lt;init&gt;(Calculator.java:6)
	at io.michaelcane.Commands.&lt;init&gt;(Commands.java:5)
	at io.michaelcane.Calculator.&lt;init&gt;(Calculator.java:6)
	at io.michaelcane.Commands.&lt;init&gt;(Commands.java:5)
	at io.michaelcane.Calculator.&lt;init&gt;(Calculator.java:6)
	at io.michaelcane.Commands.&lt;init&gt;(Commands.java:5)
	at io.michaelcane.Calculator.&lt;init&gt;(Calculator.java:6)
	at io.michaelcane.Commands.&lt;init&gt;(Commands.java:5)
	at io.michaelcane.Calculator.&lt;init&gt;(Calculator.java:6)
	at io.michaelcane.Commands.&lt;init&gt;(Commands.java:5)
	at io.michaelcane.Calculator.&lt;init&gt;(Calculator.java:6)
	at io.michaelcane.Commands.&lt;init&gt;(Commands.java:5)
	at io.michaelcane.Calculator.&lt;init&gt;(Calculator.java:6)
	at io.michaelcane.Commands.&lt;init&gt;(Commands.java:5)
	at io.michaelcane.Calculator.&lt;init&gt;(Calculator.java:6)
	at io.michaelcane.Commands.&lt;init&gt;(Commands.java:5)
	at io.michaelcane.Calculator.&lt;init&gt;(Calculator.java:6)
	at io.michaelcane.Commands.&lt;init&gt;(Commands.java:5)
	at io.michaelcane.Calculator.&lt;init&gt;(Calculator.java:6)
	at io.michaelcane.Commands.&lt;init&gt;(Commands.java:5)
	at io.michaelcane.Calculator.&lt;init&gt;(Calculator.java:6)
	at io.michaelcane.Commands.&lt;init&gt;(Commands.java:5)
	at io.michaelcane.Calculator.&lt;init&gt;(Calculator.java:6)
	at io.michaelcane.Commands.&lt;init&gt;(Commands.java:5)
	at io.michaelcane.Calculator.&lt;init&gt;(Calculator.java:6)
	at io.michaelcane.Commands.&lt;init&gt;(Commands.java:5)
	at io.michaelcane.Calculator.&lt;init&gt;(Calculator.java:6)
	at io.michaelcane.Commands.&lt;init&gt;(Commands.java:5)
	at io.michaelcane.Calculator.&lt;init&gt;(Calculator.java:6)
	at io.michaelcane.Commands.&lt;init&gt;(Commands.java:5)
	at io.michaelcane.Calculator.&lt;init&gt;(Calculator.java:6)
	at io.michaelcane.Commands.&lt;init&gt;(Commands.java:5)
	at io.michaelcane.Calculator.&lt;init&gt;(Calculator.java:6)
	at io.michaelcane.Commands.&lt;init&gt;(Commands.java:5)
	at io.michaelcane.Calculator.&lt;init&gt;(Calculator.java:6)
	at io.michaelcane.Commands.&lt;init&gt;(Commands.java:5)
	at io.michaelcane.Calculator.&lt;init&gt;(Calculator.java:6)
	at io.michaelcane.Commands.&lt;init&gt;(Commands.java:5)
	at io.michaelcane.Calculator.&lt;init&gt;(Calculator.java:6)
	at io.michaelcane.Commands.&lt;init&gt;(Commands.java:5)
	at io.michaelcane.Calculator.&lt;init&gt;(Calculator.java:6)
	at io.michaelcane.Commands.&lt;init&gt;(Commands.java:5)
	at io.michaelcane.Calculator.&lt;init&gt;(Calculator.java:6)
	at io.michaelcane.Commands.&lt;init&gt;(Commands.java:5)
	at io.michaelcane.Calculator.&lt;init&gt;(Calculator.java:6)
	at io.michaelcane.Commands.&lt;init&gt;(Commands.java:5)
	at io.michaelcane.Calculator.&lt;init&gt;(Calculator.java:6)
	at io.michaelcane.Commands.&lt;init&gt;(Commands.java:5)
	at io.michaelcane.Calculator.&lt;init&gt;(Calculator.java:6)
	at io.michaelcane.Commands.&lt;init&gt;(Commands.java:5)
	at io.michaelcane.Calculator.&lt;init&gt;(Calculator.java:6)
	at io.michaelcane.Commands.&lt;init&gt;(Commands.java:5)
	at io.michaelcane.Calculator.&lt;init&gt;(Calculator.java:6)
	at io.michaelcane.Commands.&lt;init&gt;(Commands.java:5)
	at io.michaelcane.Calculator.&lt;init&gt;(Calculator.java:6)
	at io.michaelcane.Commands.&lt;init&gt;(Commands.java:5)
	at io.michaelcane.Calculator.&lt;init&gt;(Calculator.java:6)
	at io.michaelcane.Commands.&lt;init&gt;(Commands.java:5)
	at io.michaelcane.Calculator.&lt;init&gt;(Calculator.java:6)
	at io.michaelcane.Commands.&lt;init&gt;(Commands.java:5)
	at io.michaelcane.Calculator.&lt;init&gt;(Calculator.java:6)
	at io.michaelcane.Commands.&lt;init&gt;(Commands.java:5)
	at io.michaelcane.Calculator.&lt;init&gt;(Calculator.java:6)
	at io.michaelcane.Commands.&lt;init&gt;(Commands.java:5)
	at io.michaelcane.Calculator.&lt;init&gt;(Calculator.java:6)
	at io.michaelcane.Commands.&lt;init&gt;(Commands.java:5)
	at io.michaelcane.Calculator.&lt;init&gt;(Calculator.java:6)
	at io.michaelcane.Commands.&lt;init&gt;(Commands.java:5)
	at io.michaelcane.Calculator.&lt;init&gt;(Calculator.java:6)
	at io.michaelcane.Commands.&lt;init&gt;(Commands.java:5)
	at io.michaelcane.Calculator.&lt;init&gt;(Calculator.java:6)
	at io.michaelcane.Commands.&lt;init&gt;(Commands.java:5)
	at io.michaelcane.Calculator.&lt;init&gt;(Calculator.java:6)
	at io.michaelcane.Commands.&lt;init&gt;(Commands.java:5)
	at io.michaelcane.Calculator.&lt;init&gt;(Calculator.java:6)
	at io.michaelcane.Commands.&lt;init&gt;(Commands.java:5)
	at io.michaelcane.Calculator.&lt;init&gt;(Calculator.java:6)
	at io.michaelcane.Commands.&lt;init&gt;(Commands.java:5)
	at io.michaelcane.Calculator.&lt;init&gt;(Calculator.java:6)
	at io.michaelcane.Commands.&lt;init&gt;(Commands.java:5)
	at io.michaelcane.Calculator.&lt;init&gt;(Calculator.java:6)
	at io.michaelcane.Commands.&lt;init&gt;(Commands.java:5)
	at io.michaelcane.Calculator.&lt;init&gt;(Calculator.java:6)
	at io.michaelcane.Commands.&lt;init&gt;(Commands.java:5)
	at io.michaelcane.Calculator.&lt;init&gt;(Calculator.java:6)
	at io.michaelcane.Commands.&lt;init&gt;(Commands.java:5)
	at io.michaelcane.Calculator.&lt;init&gt;(Calculator.java:6)
	at io.michaelcane.Commands.&lt;init&gt;(Commands.java:5)
	at io.michaelcane.Calculator.&lt;init&gt;(Calculator.java:6)
	at io.michaelcane.Commands.&lt;init&gt;(Commands.java:5)
	at io.michaelcane.Calculator.&lt;init&gt;(Calculator.java:6)
	at io.michaelcane.Commands.&lt;init&gt;(Commands.java:5)
	at io.michaelcane.Calculator.&lt;init&gt;(Calculator.java:6)
	at io.michaelcane.Commands.&lt;init&gt;(Commands.java:5)
	at io.michaelcane.Calculator.&lt;init&gt;(Calculator.java:6)
	at io.michaelcane.Commands.&lt;init&gt;(Commands.java:5)
	at io.michaelcane.Calculator.&lt;init&gt;(Calculator.java:6)
	at io.michaelcane.Commands.&lt;init&gt;(Commands.java:5)
	at io.michaelcane.Calculator.&lt;init&gt;(Calculator.java:6)
	at io.michaelcane.Commands.&lt;init&gt;(Commands.java:5)
	at io.michaelcane.Calculator.&lt;init&gt;(Calculator.java:6)
	at io.michaelcane.Commands.&lt;init&gt;(Commands.java:5)
	at io.michaelcane.Calculator.&lt;init&gt;(Calculator.java:6)
	at io.michaelcane.Commands.&lt;init&gt;(Commands.java:5)
	at io.michaelcane.Calculator.&lt;init&gt;(Calculator.java:6)
	at io.michaelcane.Commands.&lt;init&gt;(Commands.java:5)
	at io.michaelcane.Calculator.&lt;init&gt;(Calculator.java:6)
	at io.michaelcane.Commands.&lt;init&gt;(Commands.java:5)
	at io.michaelcane.Calculator.&lt;init&gt;(Calculator.java:6)
	at io.michaelcane.Commands.&lt;init&gt;(Commands.java:5)
	at io.michaelcane.Calculator.&lt;init&gt;(Calculator.java:6)
	at io.michaelcane.Commands.&lt;init&gt;(Commands.java:5)
	at io.michaelcane.Calculator.&lt;init&gt;(Calculator.java:6)
	at io.michaelcane.Commands.&lt;init&gt;(Commands.java:5)
	at io.michaelcane.Calculator.&lt;init&gt;(Calculator.java:6)
	at io.michaelcane.Commands.&lt;init&gt;(Commands.java:5)
	at io.michaelcane.Calculator.&lt;init&gt;(Calculator.java:6)
	at io.michaelcane.Commands.&lt;init&gt;(Commands.java:5)
	at io.michaelcane.Calculator.&lt;init&gt;(Calculator.java:6)
	at io.michaelcane.Commands.&lt;init&gt;(Commands.java:5)
	at io.michaelcane.Calculator.&lt;init&gt;(Calculator.java:6)
	at io.michaelcane.Commands.&lt;init&gt;(Commands.java:5)
	at io.michaelcane.Calculator.&lt;init&gt;(Calculator.java:6)
	at io.michaelcane.Commands.&lt;init&gt;(Commands.java:5)
	at io.michaelcane.Calculator.&lt;init&gt;(Calculator.java:6)
	at io.michaelcane.Commands.&lt;init&gt;(Commands.java:5)
	at io.michaelcane.Calculator.&lt;init&gt;(Calculator.java:6)
	at io.michaelcane.Commands.&lt;init&gt;(Commands.java:5)
	at io.michaelcane.Calculator.&lt;init&gt;(Calculator.java:6)
	at io.michaelcane.Commands.&lt;init&gt;(Commands.java:5)
	at io.michaelcane.Calculator.&lt;init&gt;(Calculator.java:6)
	at io.michaelcane.Commands.&lt;init&gt;(Commands.java:5)
	at io.michaelcane.Calculator.&lt;init&gt;(Calculator.java:6)
	at io.michaelcane.Commands.&lt;init&gt;(Commands.java:5)
	at io.michaelcane.Calculator.&lt;init&gt;(Calculator.java:6)
	at io.michaelcane.Commands.&lt;init&gt;(Commands.java:5)
	at io.michaelcane.Calculator.&lt;init&gt;(Calculator.java:6)
	at io.michaelcane.Commands.&lt;init&gt;(Commands.java:5)
	at io.michaelcane.Calculator.&lt;init&gt;(Calculator.java:6)
	at io.michaelcane.Commands.&lt;init&gt;(Commands.java:5)
	at io.michaelcane.Calculator.&lt;init&gt;(Calculator.java:6)
	at io.michaelcane.Commands.&lt;init&gt;(Commands.java:5)
	at io.michaelcane.Calculator.&lt;init&gt;(Calculator.java:6)
	at io.michaelcane.Commands.&lt;init&gt;(Commands.java:5)
	at io.michaelcane.Calculator.&lt;init&gt;(Calculator.java:6)
	at io.michaelcane.Commands.&lt;init&gt;(Commands.java:5)
	at io.michaelcane.Calculator.&lt;init&gt;(Calculator.java:6)
	at io.michaelcane.Commands.&lt;init&gt;(Commands.java:5)
	at io.michaelcane.Calculator.&lt;init&gt;(Calculator.java:6)
	at io.michaelcane.Commands.&lt;init&gt;(Commands.java:5)
	at io.michaelcane.Calculator.&lt;init&gt;(Calculator.java:6)
	at io.michaelcane.Commands.&lt;init&gt;(Commands.java:5)
	at io.michaelcane.Calculator.&lt;init&gt;(Calculator.java:6)
	at io.michaelcane.Commands.&lt;init&gt;(Commands.java:5)
	at io.michaelcane.Calculator.&lt;init&gt;(Calculator.java:6)
	at io.michaelcane.Commands.&lt;init&gt;(Commands.java:5)
	at io.michaelcane.Calculator.&lt;init&gt;(Calculator.java:6)
	at io.michaelcane.Commands.&lt;init&gt;(Commands.java:5)
	at io.michaelcane.Calculator.&lt;init&gt;(Calculator.java:6)
	at io.michaelcane.Commands.&lt;init&gt;(Commands.java:5)
	at io.michaelcane.Calculator.&lt;init&gt;(Calculator.java:6)
	at io.michaelcane.Commands.&lt;init&gt;(Commands.java:5)
	at io.michaelcane.Calculator.&lt;init&gt;(Calculator.java:6)
	at io.michaelcane.Commands.&lt;init&gt;(Commands.java:5)
	at io.michaelcane.Calculator.&lt;init&gt;(Calculator.java:6)
	at io.michaelcane.Commands.&lt;init&gt;(Commands.java:5)
	at io.michaelcane.Calculator.&lt;init&gt;(Calculator.java:6)
	at io.michaelcane.Commands.&lt;init&gt;(Commands.java:5)
	at io.michaelcane.Calculator.&lt;init&gt;(Calculator.java:6)
	at io.michaelcane.Commands.&lt;init&gt;(Commands.java:5)
	at io.michaelcane.Calculator.&lt;init&gt;(Calculator.java:6)
	at io.michaelcane.Commands.&lt;init&gt;(Commands.java:5)
	at io.michaelcane.Calculator.&lt;init&gt;(Calculator.java:6)
	at io.michaelcane.Commands.&lt;init&gt;(Commands.java:5)
	at io.michaelcane.Calculator.&lt;init&gt;(Calculator.java:6)
	at io.michaelcane.Commands.&lt;init&gt;(Commands.java:5)
	at io.michaelcane.Calculator.&lt;init&gt;(Calculator.java:6)
	at io.michaelcane.Commands.&lt;init&gt;(Commands.java:5)
	at io.michaelcane.Calculator.&lt;init&gt;(Calculator.java:6)
	at io.michaelcane.Commands.&lt;init&gt;(Commands.java:5)
	at io.michaelcane.Calculator.&lt;init&gt;(Calculator.java:6)
	at io.michaelcane.Commands.&lt;init&gt;(Commands.java:5)
	at io.michaelcane.Calculator.&lt;init&gt;(Calculator.java:6)
	at io.michaelcane.Commands.&lt;init&gt;(Commands.java:5)
	at io.michaelcane.Calculator.&lt;init&gt;(Calculator.java:6)
	at io.michaelcane.Commands.&lt;init&gt;(Commands.java:5)
	at io.michaelcane.Calculator.&lt;init&gt;(Calculator.java:6)
	at io.michaelcane.Commands.&lt;init&gt;(Commands.java:5)
	at io.michaelcane.Calculator.&lt;init&gt;(Calculator.java:6)
	at io.michaelcane.Commands.&lt;init&gt;(Commands.java:5)
	at io.michaelcane.Calculator.&lt;init&gt;(Calculator.java:6)
	at io.michaelcane.Commands.&lt;init&gt;(Commands.java:5)
	at io.michaelcane.Calculator.&lt;init&gt;(Calculator.java:6)
	at io.michaelcane.Commands.&lt;init&gt;(Commands.java:5)
	at io.michaelcane.Calculator.&lt;init&gt;(Calculator.java:6)
	at io.michaelcane.Commands.&lt;init&gt;(Commands.java:5)
	at io.michaelcane.Calculator.&lt;init&gt;(Calculator.java:6)
	at io.michaelcane.Commands.&lt;init&gt;(Commands.java:5)
	at io.michaelcane.Calculator.&lt;init&gt;(Calculator.java:6)
	at io.michaelcane.Commands.&lt;init&gt;(Commands.java:5)
	at io.michaelcane.Calculator.&lt;init&gt;(Calculator.java:6)
	at io.michaelcane.Commands.&lt;init&gt;(Commands.java:5)
	at io.michaelcane.Calculator.&lt;init&gt;(Calculator.java:6)
	at io.michaelcane.Commands.&lt;init&gt;(Commands.java:5)
	at io.michaelcane.Calculator.&lt;init&gt;(Calculator.java:6)
	at io.michaelcane.Commands.&lt;init&gt;(Commands.java:5)
	at io.michaelcane.Calculator.&lt;init&gt;(Calculator.java:6)
	at io.michaelcane.Commands.&lt;init&gt;(Commands.java:5)
	at io.michaelcane.Calculator.&lt;init&gt;(Calculator.java:6)
	at io.michaelcane.Commands.&lt;init&gt;(Commands.java:5)
	at io.michaelcane.Calculator.&lt;init&gt;(Calculator.java:6)
	at io.michaelcane.Commands.&lt;init&gt;(Commands.java:5)
	at io.michaelcane.Calculator.&lt;init&gt;(Calculator.java:6)
	at io.michaelcane.Commands.&lt;init&gt;(Commands.java:5)
	at io.michaelcane.Calculator.&lt;init&gt;(Calculator.java:6)
	at io.michaelcane.Commands.&lt;init&gt;(Commands.java:5)
	at io.michaelcane.Calculator.&lt;init&gt;(Calculator.java:6)
	at io.michaelcane.Commands.&lt;init&gt;(Commands.java:5)
	at io.michaelcane.Calculator.&lt;init&gt;(Calculator.java:6)
	at io.michaelcane.Commands.&lt;init&gt;(Commands.java:5)
	at io.michaelcane.Calculator.&lt;init&gt;(Calculator.java:6)
	at io.michaelcane.Commands.&lt;init&gt;(Commands.java:5)
	at io.michaelcane.Calculator.&lt;init&gt;(Calculator.java:6)
	at io.michaelcane.Commands.&lt;init&gt;(Commands.java:5)
	at io.michaelcane.Calculator.&lt;init&gt;(Calculator.java:6)
	at io.michaelcane.Commands.&lt;init&gt;(Commands.java:5)
	at io.michaelcane.Calculator.&lt;init&gt;(Calculator.java:6)
	at io.michaelcane.Commands.&lt;init&gt;(Commands.java:5)
	at io.michaelcane.Calculator.&lt;init&gt;(Calculator.java:6)
	at io.michaelcane.Commands.&lt;init&gt;(Commands.java:5)
	at io.michaelcane.Calculator.&lt;init&gt;(Calculator.java:6)
	at io.michaelcane.Commands.&lt;init&gt;(Commands.java:5)
	at io.michaelcane.Calculator.&lt;init&gt;(Calculator.java:6)
	at io.michaelcane.Commands.&lt;init&gt;(Commands.java:5)
	at io.michaelcane.Calculator.&lt;init&gt;(Calculator.java:6)
	at io.michaelcane.Commands.&lt;init&gt;(Commands.java:5)
	at io.michaelcane.Calculator.&lt;init&gt;(Calculator.java:6)
	at io.michaelcane.Commands.&lt;init&gt;(Commands.java:5)
	at io.michaelcane.Calculator.&lt;init&gt;(Calculator.java:6)
	at io.michaelcane.Commands.&lt;init&gt;(Commands.java:5)
	at io.michaelcane.Calculator.&lt;init&gt;(Calculator.java:6)
	at io.michaelcane.Commands.&lt;init&gt;(Commands.java:5)
	at io.michaelcane.Calculator.&lt;init&gt;(Calculator.java:6)
	at io.michaelcane.Commands.&lt;init&gt;(Commands.java:5)
	at io.michaelcane.Calculator.&lt;init&gt;(Calculator.java:6)
	at io.michaelcane.Commands.&lt;init&gt;(Commands.java:5)
	at io.michaelcane.Calculator.&lt;init&gt;(Calculator.java:6)
	at io.michaelcane.Commands.&lt;init&gt;(Commands.java:5)
	at io.michaelcane.Calculator.&lt;init&gt;(Calculator.java:6)
	at io.michaelcane.Commands.&lt;init&gt;(Commands.java:5)
	at io.michaelcane.Calculator.&lt;init&gt;(Calculator.java:6)
	at io.michaelcane.Commands.&lt;init&gt;(Commands.java:5)
	at io.michaelcane.Calculator.&lt;init&gt;(Calculator.java:6)
	at io.michaelcane.Commands.&lt;init&gt;(Commands.java:5)
	at io.michaelcane.Calculator.&lt;init&gt;(Calculator.java:6)
	at io.michaelcane.Commands.&lt;init&gt;(Commands.java:5)
	at io.michaelcane.Calculator.&lt;init&gt;(Calculator.java:6)
	at io.michaelcane.Commands.&lt;init&gt;(Commands.java:5)
	at io.michaelcane.Calculator.&lt;init&gt;(Calculator.java:6)
	at io.michaelcane.Commands.&lt;init&gt;(Commands.java:5)
	at io.michaelcane.Calculator.&lt;init&gt;(Calculator.java:6)
	at io.michaelcane.Commands.&lt;init&gt;(Commands.java:5)
	at io.michaelcane.Calculator.&lt;init&gt;(Calculator.java:6)
	at io.michaelcane.Commands.&lt;init&gt;(Commands.java:5)
	at io.michaelcane.Calculator.&lt;init&gt;(Calculator.java:6)
	at io.michaelcane.Commands.&lt;init&gt;(Commands.java:5)
	at io.michaelcane.Calculator.&lt;init&gt;(Calculator.java:6)
	at io.michaelcane.Commands.&lt;init&gt;(Commands.java:5)
	at io.michaelcane.Calculator.&lt;init&gt;(Calculator.java:6)
	at io.michaelcane.Commands.&lt;init&gt;(Commands.java:5)
	at io.michaelcane.Calculator.&lt;init&gt;(Calculator.java:6)
	at io.michaelcane.Commands.&lt;init&gt;(Commands.java:5)
	at io.michaelcane.Calculator.&lt;init&gt;(Calculator.java:6)
	at io.michaelcane.Commands.&lt;init&gt;(Commands.java:5)
	at io.michaelcane.Calculator.&lt;init&gt;(Calculator.java:6)
	at io.michaelcane.Commands.&lt;init&gt;(Commands.java:5)
	at io.michaelcane.Calculator.&lt;init&gt;(Calculator.java:6)
	at io.michaelcane.Commands.&lt;init&gt;(Commands.java:5)
	at io.michaelcane.Calculator.&lt;init&gt;(Calculator.java:6)
	at io.michaelcane.Commands.&lt;init&gt;(Commands.java:5)
	at io.michaelcane.Calculator.&lt;init&gt;(Calculator.java:6)
	at io.michaelcane.Commands.&lt;init&gt;(Commands.java:5)
	at io.michaelcane.Calculator.&lt;init&gt;(Calculator.java:6)
	at io.michaelcane.Commands.&lt;init&gt;(Commands.java:5)
	at io.michaelcane.Calculator.&lt;init&gt;(Calculator.java:6)
	at io.michaelcane.Commands.&lt;init&gt;(Commands.java:5)
	at io.michaelcane.Calculator.&lt;init&gt;(Calculator.java:6)
	at io.michaelcane.Commands.&lt;init&gt;(Commands.java:5)
	at io.michaelcane.Calculator.&lt;init&gt;(Calculator.java:6)
	at io.michaelcane.Commands.&lt;init&gt;(Commands.java:5)
	at io.michaelcane.Calculator.&lt;init&gt;(Calculator.java:6)
	at io.michaelcane.Commands.&lt;init&gt;(Commands.java:5)
	at io.michaelcane.Calculator.&lt;init&gt;(Calculator.java:6)
	at io.michaelcane.Commands.&lt;init&gt;(Commands.java:5)
	at io.michaelcane.Calculator.&lt;init&gt;(Calculator.java:6)
	at io.michaelcane.Commands.&lt;init&gt;(Commands.java:5)
	at io.michaelcane.Calculator.&lt;init&gt;(Calculator.java:6)
	at io.michaelcane.Commands.&lt;init&gt;(Commands.java:5)
	at io.michaelcane.Calculator.&lt;init&gt;(Calculator.java:6)
	at io.michaelcane.Commands.&lt;init&gt;(Commands.java:5)
	at io.michaelcane.Calculator.&lt;init&gt;(Calculator.java:6)
	at io.michaelcane.Commands.&lt;init&gt;(Commands.java:5)
	at io.michaelcane.Calculator.&lt;init&gt;(Calculator.java:6)
	at io.michaelcane.Commands.&lt;init&gt;(Commands.java:5)
	at io.michaelcane.Calculator.&lt;init&gt;(Calculator.java:6)
	at io.michaelcane.Commands.&lt;init&gt;(Commands.java:5)
	at io.michaelcane.Calculator.&lt;init&gt;(Calculator.java:6)
	at io.michaelcane.Commands.&lt;init&gt;(Commands.java:5)
	at io.michaelcane.Calculator.&lt;init&gt;(Calculator.java:6)
	at io.michaelcane.Commands.&lt;init&gt;(Commands.java:5)
	at io.michaelcane.Calculator.&lt;init&gt;(Calculator.java:6)
	at io.michaelcane.Commands.&lt;init&gt;(Commands.java:5)
	at io.michaelcane.Calculator.&lt;init&gt;(Calculator.java:6)
	at io.michaelcane.Commands.&lt;init&gt;(Commands.java:5)
	at io.michaelcane.Calculator.&lt;init&gt;(Calculator.java:6)
	at io.michaelcane.Commands.&lt;init&gt;(Commands.java:5)
	at io.michaelcane.Calculator.&lt;init&gt;(Calculator.java:6)
	at io.michaelcane.Commands.&lt;init&gt;(Commands.java:5)
	at io.michaelcane.Calculator.&lt;init&gt;(Calculator.java:6)
	at io.michaelcane.Commands.&lt;init&gt;(Commands.java:5)
	at io.michaelcane.Calculator.&lt;init&gt;(Calculator.java:6)
	at io.michaelcane.Commands.&lt;init&gt;(Commands.java:5)
	at io.michaelcane.Calculator.&lt;init&gt;(Calculator.java:6)
	at io.michaelcane.Commands.&lt;init&gt;(Commands.java:5)
	at io.michaelcane.Calculator.&lt;init&gt;(Calculator.java:6)
	at io.michaelcane.Commands.&lt;init&gt;(Commands.java:5)
	at io.michaelcane.Calculator.&lt;init&gt;(Calculator.java:6)
	at io.michaelcane.Commands.&lt;init&gt;(Commands.java:5)
	at io.michaelcane.Calculator.&lt;init&gt;(Calculator.java:6)
	at io.michaelcane.Commands.&lt;init&gt;(Commands.java:5)
	at io.michaelcane.Calculator.&lt;init&gt;(Calculator.java:6)
	at io.michaelcane.Commands.&lt;init&gt;(Commands.java:5)
	at io.michaelcane.Calculator.&lt;init&gt;(Calculator.java:6)
	at io.michaelcane.Commands.&lt;init&gt;(Commands.java:5)
	at io.michaelcane.Calculator.&lt;init&gt;(Calculator.java:6)
	at io.michaelcane.Commands.&lt;init&gt;(Commands.java:5)
	at io.michaelcane.Calculator.&lt;init&gt;(Calculator.java:6)
	at io.michaelcane.Commands.&lt;init&gt;(Commands.java:5)
	at io.michaelcane.Calculator.&lt;init&gt;(Calculator.java:6)
	at io.michaelcane.Commands.&lt;init&gt;(Commands.java:5)
	at io.michaelcane.Calculator.&lt;init&gt;(Calculator.java:6)
	at io.michaelcane.Commands.&lt;init&gt;(Commands.java:5)
	at io.michaelcane.Calculator.&lt;init&gt;(Calculator.java:6)
	at io.michaelcane.Commands.&lt;init&gt;(Commands.java:5)
	at io.michaelcane.Calculator.&lt;init&gt;(Calculator.java:6)
	at io.michaelcane.Commands.&lt;init&gt;(Commands.java:5)
	at io.michaelcane.Calculator.&lt;init&gt;(Calculator.java:6)
	at io.michaelcane.Commands.&lt;init&gt;(Commands.java:5)
	at io.michaelcane.Calculator.&lt;init&gt;(Calculator.java:6)
	at io.michaelcane.Commands.&lt;init&gt;(Commands.java:5)
	at io.michaelcane.Calculator.&lt;init&gt;(Calculator.java:6)
	at io.michaelcane.Commands.&lt;init&gt;(Commands.java:5)
	at io.michaelcane.Calculator.&lt;init&gt;(Calculator.java:6)
	at io.michaelcane.Commands.&lt;init&gt;(Commands.java:5)
	at io.michaelcane.Calculator.&lt;init&gt;(Calculator.java:6)
	at io.michaelcane.Commands.&lt;init&gt;(Commands.java:5)
	at io.michaelcane.Calculator.&lt;init&gt;(Calculator.java:6)
	at io.michaelcane.Commands.&lt;init&gt;(Commands.java:5)
	at io.michaelcane.Calculator.&lt;init&gt;(Calculator.java:6)
	at io.michaelcane.Commands.&lt;init&gt;(Commands.java:5)
	at io.michaelcane.Calculator.&lt;init&gt;(Calculator.java:6)
	at io.michaelcane.Commands.&lt;init&gt;(Commands.java:5)
	at io.michaelcane.Calculator.&lt;init&gt;(Calculator.java:6)
	at io.michaelcane.Commands.&lt;init&gt;(Commands.java:5)
	at io.michaelcane.Calculator.&lt;init&gt;(Calculator.java:6)
	at io.michaelcane.Commands.&lt;init&gt;(Commands.java:5)
	at io.michaelcane.Calculator.&lt;init&gt;(Calculator.java:6)
	at io.michaelcane.Commands.&lt;init&gt;(Commands.java:5)
	at io.michaelcane.Calculator.&lt;init&gt;(Calculator.java:6)
	at io.michaelcane.Commands.&lt;init&gt;(Commands.java:5)
	at io.michaelcane.Calculator.&lt;init&gt;(Calculator.java:6)
	at io.michaelcane.Commands.&lt;init&gt;(Commands.java:5)
	at io.michaelcane.Calculator.&lt;init&gt;(Calculator.java:6)
	at io.michaelcane.Commands.&lt;init&gt;(Commands.java:5)
	at io.michaelcane.Calculator.&lt;init&gt;(Calculator.java:6)
	at io.michaelcane.Commands.&lt;init&gt;(Commands.java:5)
	at io.michaelcane.Calculator.&lt;init&gt;(Calculator.java:6)
	at io.michaelcane.Commands.&lt;init&gt;(Commands.java:5)
	at io.michaelcane.Calculator.&lt;init&gt;(Calculator.java:6)
	at io.michaelcane.Commands.&lt;init&gt;(Commands.java:5)
</error>
  </testcase>
  <testcase classname="io.michaelcane.CalculatorSpec" name="cube" time="0.01">
    <error type="java.lang.StackOverflowError">java.lang.StackOverflowError
	at io.michaelcane.Calculator.&lt;init&gt;(Calculator.java:6)
	at io.michaelcane.Commands.&lt;init&gt;(Commands.java:5)
	at io.michaelcane.Calculator.&lt;init&gt;(Calculator.java:6)
	at io.michaelcane.Commands.&lt;init&gt;(Commands.java:5)
	at io.michaelcane.Calculator.&lt;init&gt;(Calculator.java:6)
	at io.michaelcane.Commands.&lt;init&gt;(Commands.java:5)
	at io.michaelcane.Calculator.&lt;init&gt;(Calculator.java:6)
	at io.michaelcane.Commands.&lt;init&gt;(Commands.java:5)
	at io.michaelcane.Calculator.&lt;init&gt;(Calculator.java:6)
	at io.michaelcane.Commands.&lt;init&gt;(Commands.java:5)
	at io.michaelcane.Calculator.&lt;init&gt;(Calculator.java:6)
	at io.michaelcane.Commands.&lt;init&gt;(Commands.java:5)
	at io.michaelcane.Calculator.&lt;init&gt;(Calculator.java:6)
	at io.michaelcane.Commands.&lt;init&gt;(Commands.java:5)
	at io.michaelcane.Calculator.&lt;init&gt;(Calculator.java:6)
	at io.michaelcane.Commands.&lt;init&gt;(Commands.java:5)
	at io.michaelcane.Calculator.&lt;init&gt;(Calculator.java:6)
	at io.michaelcane.Commands.&lt;init&gt;(Commands.java:5)
	at io.michaelcane.Calculator.&lt;init&gt;(Calculator.java:6)
	at io.michaelcane.Commands.&lt;init&gt;(Commands.java:5)
	at io.michaelcane.Calculator.&lt;init&gt;(Calculator.java:6)
	at io.michaelcane.Commands.&lt;init&gt;(Commands.java:5)
	at io.michaelcane.Calculator.&lt;init&gt;(Calculator.java:6)
	at io.michaelcane.Commands.&lt;init&gt;(Commands.java:5)
	at io.michaelcane.Calculator.&lt;init&gt;(Calculator.java:6)
	at io.michaelcane.Commands.&lt;init&gt;(Commands.java:5)
	at io.michaelcane.Calculator.&lt;init&gt;(Calculator.java:6)
	at io.michaelcane.Commands.&lt;init&gt;(Commands.java:5)
	at io.michaelcane.Calculator.&lt;init&gt;(Calculator.java:6)
	at io.michaelcane.Commands.&lt;init&gt;(Commands.java:5)
	at io.michaelcane.Calculator.&lt;init&gt;(Calculator.java:6)
	at io.michaelcane.Commands.&lt;init&gt;(Commands.java:5)
	at io.michaelcane.Calculator.&lt;init&gt;(Calculator.java:6)
	at io.michaelcane.Commands.&lt;init&gt;(Commands.java:5)
	at io.michaelcane.Calculator.&lt;init&gt;(Calculator.java:6)
	at io.michaelcane.Commands.&lt;init&gt;(Commands.java:5)
	at io.michaelcane.Calculator.&lt;init&gt;(Calculator.java:6)
	at io.michaelcane.Commands.&lt;init&gt;(Commands.java:5)
	at io.michaelcane.Calculator.&lt;init&gt;(Calculator.java:6)
	at io.michaelcane.Commands.&lt;init&gt;(Commands.java:5)
	at io.michaelcane.Calculator.&lt;init&gt;(Calculator.java:6)
	at io.michaelcane.Commands.&lt;init&gt;(Commands.java:5)
	at io.michaelcane.Calculator.&lt;init&gt;(Calculator.java:6)
	at io.michaelcane.Commands.&lt;init&gt;(Commands.java:5)
	at io.michaelcane.Calculator.&lt;init&gt;(Calculator.java:6)
	at io.michaelcane.Commands.&lt;init&gt;(Commands.java:5)
	at io.michaelcane.Calculator.&lt;init&gt;(Calculator.java:6)
	at io.michaelcane.Commands.&lt;init&gt;(Commands.java:5)
	at io.michaelcane.Calculator.&lt;init&gt;(Calculator.java:6)
	at io.michaelcane.Commands.&lt;init&gt;(Commands.java:5)
	at io.michaelcane.Calculator.&lt;init&gt;(Calculator.java:6)
	at io.michaelcane.Commands.&lt;init&gt;(Commands.java:5)
	at io.michaelcane.Calculator.&lt;init&gt;(Calculator.java:6)
	at io.michaelcane.Commands.&lt;init&gt;(Commands.java:5)
	at io.michaelcane.Calculator.&lt;init&gt;(Calculator.java:6)
	at io.michaelcane.Commands.&lt;init&gt;(Commands.java:5)
	at io.michaelcane.Calculator.&lt;init&gt;(Calculator.java:6)
	at io.michaelcane.Commands.&lt;init&gt;(Commands.java:5)
	at io.michaelcane.Calculator.&lt;init&gt;(Calculator.java:6)
	at io.michaelcane.Commands.&lt;init&gt;(Commands.java:5)
	at io.michaelcane.Calculator.&lt;init&gt;(Calculator.java:6)
	at io.michaelcane.Commands.&lt;init&gt;(Commands.java:5)
	at io.michaelcane.Calculator.&lt;init&gt;(Calculator.java:6)
	at io.michaelcane.Commands.&lt;init&gt;(Commands.java:5)
	at io.michaelcane.Calculator.&lt;init&gt;(Calculator.java:6)
	at io.michaelcane.Commands.&lt;init&gt;(Commands.java:5)
	at io.michaelcane.Calculator.&lt;init&gt;(Calculator.java:6)
	at io.michaelcane.Commands.&lt;init&gt;(Commands.java:5)
	at io.michaelcane.Calculator.&lt;init&gt;(Calculator.java:6)
	at io.michaelcane.Commands.&lt;init&gt;(Commands.java:5)
	at io.michaelcane.Calculator.&lt;init&gt;(Calculator.java:6)
	at io.michaelcane.Commands.&lt;init&gt;(Commands.java:5)
	at io.michaelcane.Calculator.&lt;init&gt;(Calculator.java:6)
	at io.michaelcane.Commands.&lt;init&gt;(Commands.java:5)
	at io.michaelcane.Calculator.&lt;init&gt;(Calculator.java:6)
	at io.michaelcane.Commands.&lt;init&gt;(Commands.java:5)
	at io.michaelcane.Calculator.&lt;init&gt;(Calculator.java:6)
	at io.michaelcane.Commands.&lt;init&gt;(Commands.java:5)
	at io.michaelcane.Calculator.&lt;init&gt;(Calculator.java:6)
	at io.michaelcane.Commands.&lt;init&gt;(Commands.java:5)
	at io.michaelcane.Calculator.&lt;init&gt;(Calculator.java:6)
	at io.michaelcane.Commands.&lt;init&gt;(Commands.java:5)
	at io.michaelcane.Calculator.&lt;init&gt;(Calculator.java:6)
	at io.michaelcane.Commands.&lt;init&gt;(Commands.java:5)
	at io.michaelcane.Calculator.&lt;init&gt;(Calculator.java:6)
	at io.michaelcane.Commands.&lt;init&gt;(Commands.java:5)
	at io.michaelcane.Calculator.&lt;init&gt;(Calculator.java:6)
	at io.michaelcane.Commands.&lt;init&gt;(Commands.java:5)
	at io.michaelcane.Calculator.&lt;init&gt;(Calculator.java:6)
	at io.michaelcane.Commands.&lt;init&gt;(Commands.java:5)
	at io.michaelcane.Calculator.&lt;init&gt;(Calculator.java:6)
	at io.michaelcane.Commands.&lt;init&gt;(Commands.java:5)
	at io.michaelcane.Calculator.&lt;init&gt;(Calculator.java:6)
	at io.michaelcane.Commands.&lt;init&gt;(Commands.java:5)
	at io.michaelcane.Calculator.&lt;init&gt;(Calculator.java:6)
	at io.michaelcane.Commands.&lt;init&gt;(Commands.java:5)
	at io.michaelcane.Calculator.&lt;init&gt;(Calculator.java:6)
	at io.michaelcane.Commands.&lt;init&gt;(Commands.java:5)
	at io.michaelcane.Calculator.&lt;init&gt;(Calculator.java:6)
	at io.michaelcane.Commands.&lt;init&gt;(Commands.java:5)
	at io.michaelcane.Calculator.&lt;init&gt;(Calculator.java:6)
	at io.michaelcane.Commands.&lt;init&gt;(Commands.java:5)
	at io.michaelcane.Calculator.&lt;init&gt;(Calculator.java:6)
	at io.michaelcane.Commands.&lt;init&gt;(Commands.java:5)
	at io.michaelcane.Calculator.&lt;init&gt;(Calculator.java:6)
	at io.michaelcane.Commands.&lt;init&gt;(Commands.java:5)
	at io.michaelcane.Calculator.&lt;init&gt;(Calculator.java:6)
	at io.michaelcane.Commands.&lt;init&gt;(Commands.java:5)
	at io.michaelcane.Calculator.&lt;init&gt;(Calculator.java:6)
	at io.michaelcane.Commands.&lt;init&gt;(Commands.java:5)
	at io.michaelcane.Calculator.&lt;init&gt;(Calculator.java:6)
	at io.michaelcane.Commands.&lt;init&gt;(Commands.java:5)
	at io.michaelcane.Calculator.&lt;init&gt;(Calculator.java:6)
	at io.michaelcane.Commands.&lt;init&gt;(Commands.java:5)
	at io.michaelcane.Calculator.&lt;init&gt;(Calculator.java:6)
	at io.michaelcane.Commands.&lt;init&gt;(Commands.java:5)
	at io.michaelcane.Calculator.&lt;init&gt;(Calculator.java:6)
	at io.michaelcane.Commands.&lt;init&gt;(Commands.java:5)
	at io.michaelcane.Calculator.&lt;init&gt;(Calculator.java:6)
	at io.michaelcane.Commands.&lt;init&gt;(Commands.java:5)
	at io.michaelcane.Calculator.&lt;init&gt;(Calculator.java:6)
	at io.michaelcane.Commands.&lt;init&gt;(Commands.java:5)
	at io.michaelcane.Calculator.&lt;init&gt;(Calculator.java:6)
	at io.michaelcane.Commands.&lt;init&gt;(Commands.java:5)
	at io.michaelcane.Calculator.&lt;init&gt;(Calculator.java:6)
	at io.michaelcane.Commands.&lt;init&gt;(Commands.java:5)
	at io.michaelcane.Calculator.&lt;init&gt;(Calculator.java:6)
	at io.michaelcane.Commands.&lt;init&gt;(Commands.java:5)
	at io.michaelcane.Calculator.&lt;init&gt;(Calculator.java:6)
	at io.michaelcane.Commands.&lt;init&gt;(Commands.java:5)
	at io.michaelcane.Calculator.&lt;init&gt;(Calculator.java:6)
	at io.michaelcane.Commands.&lt;init&gt;(Commands.java:5)
	at io.michaelcane.Calculator.&lt;init&gt;(Calculator.java:6)
	at io.michaelcane.Commands.&lt;init&gt;(Commands.java:5)
	at io.michaelcane.Calculator.&lt;init&gt;(Calculator.java:6)
	at io.michaelcane.Commands.&lt;init&gt;(Commands.java:5)
	at io.michaelcane.Calculator.&lt;init&gt;(Calculator.java:6)
	at io.michaelcane.Commands.&lt;init&gt;(Commands.java:5)
	at io.michaelcane.Calculator.&lt;init&gt;(Calculator.java:6)
	at io.michaelcane.Commands.&lt;init&gt;(Commands.java:5)
	at io.michaelcane.Calculator.&lt;init&gt;(Calculator.java:6)
	at io.michaelcane.Commands.&lt;init&gt;(Commands.java:5)
	at io.michaelcane.Calculator.&lt;init&gt;(Calculator.java:6)
	at io.michaelcane.Commands.&lt;init&gt;(Commands.java:5)
	at io.michaelcane.Calculator.&lt;init&gt;(Calculator.java:6)
	at io.michaelcane.Commands.&lt;init&gt;(Commands.java:5)
	at io.michaelcane.Calculator.&lt;init&gt;(Calculator.java:6)
	at io.michaelcane.Commands.&lt;init&gt;(Commands.java:5)
	at io.michaelcane.Calculator.&lt;init&gt;(Calculator.java:6)
	at io.michaelcane.Commands.&lt;init&gt;(Commands.java:5)
	at io.michaelcane.Calculator.&lt;init&gt;(Calculator.java:6)
	at io.michaelcane.Commands.&lt;init&gt;(Commands.java:5)
	at io.michaelcane.Calculator.&lt;init&gt;(Calculator.java:6)
	at io.michaelcane.Commands.&lt;init&gt;(Commands.java:5)
	at io.michaelcane.Calculator.&lt;init&gt;(Calculator.java:6)
	at io.michaelcane.Commands.&lt;init&gt;(Commands.java:5)
	at io.michaelcane.Calculator.&lt;init&gt;(Calculator.java:6)
	at io.michaelcane.Commands.&lt;init&gt;(Commands.java:5)
	at io.michaelcane.Calculator.&lt;init&gt;(Calculator.java:6)
	at io.michaelcane.Commands.&lt;init&gt;(Commands.java:5)
	at io.michaelcane.Calculator.&lt;init&gt;(Calculator.java:6)
	at io.michaelcane.Commands.&lt;init&gt;(Commands.java:5)
	at io.michaelcane.Calculator.&lt;init&gt;(Calculator.java:6)
	at io.michaelcane.Commands.&lt;init&gt;(Commands.java:5)
	at io.michaelcane.Calculator.&lt;init&gt;(Calculator.java:6)
	at io.michaelcane.Commands.&lt;init&gt;(Commands.java:5)
	at io.michaelcane.Calculator.&lt;init&gt;(Calculator.java:6)
	at io.michaelcane.Commands.&lt;init&gt;(Commands.java:5)
	at io.michaelcane.Calculator.&lt;init&gt;(Calculator.java:6)
	at io.michaelcane.Commands.&lt;init&gt;(Commands.java:5)
	at io.michaelcane.Calculator.&lt;init&gt;(Calculator.java:6)
	at io.michaelcane.Commands.&lt;init&gt;(Commands.java:5)
	at io.michaelcane.Calculator.&lt;init&gt;(Calculator.java:6)
	at io.michaelcane.Commands.&lt;init&gt;(Commands.java:5)
	at io.michaelcane.Calculator.&lt;init&gt;(Calculator.java:6)
	at io.michaelcane.Commands.&lt;init&gt;(Commands.java:5)
	at io.michaelcane.Calculator.&lt;init&gt;(Calculator.java:6)
	at io.michaelcane.Commands.&lt;init&gt;(Commands.java:5)
	at io.michaelcane.Calculator.&lt;init&gt;(Calculator.java:6)
	at io.michaelcane.Commands.&lt;init&gt;(Commands.java:5)
	at io.michaelcane.Calculator.&lt;init&gt;(Calculator.java:6)
	at io.michaelcane.Commands.&lt;init&gt;(Commands.java:5)
	at io.michaelcane.Calculator.&lt;init&gt;(Calculator.java:6)
	at io.michaelcane.Commands.&lt;init&gt;(Commands.java:5)
	at io.michaelcane.Calculator.&lt;init&gt;(Calculator.java:6)
	at io.michaelcane.Commands.&lt;init&gt;(Commands.java:5)
	at io.michaelcane.Calculator.&lt;init&gt;(Calculator.java:6)
	at io.michaelcane.Commands.&lt;init&gt;(Commands.java:5)
	at io.michaelcane.Calculator.&lt;init&gt;(Calculator.java:6)
	at io.michaelcane.Commands.&lt;init&gt;(Commands.java:5)
	at io.michaelcane.Calculator.&lt;init&gt;(Calculator.java:6)
	at io.michaelcane.Commands.&lt;init&gt;(Commands.java:5)
	at io.michaelcane.Calculator.&lt;init&gt;(Calculator.java:6)
	at io.michaelcane.Commands.&lt;init&gt;(Commands.java:5)
	at io.michaelcane.Calculator.&lt;init&gt;(Calculator.java:6)
	at io.michaelcane.Commands.&lt;init&gt;(Commands.java:5)
	at io.michaelcane.Calculator.&lt;init&gt;(Calculator.java:6)
	at io.michaelcane.Commands.&lt;init&gt;(Commands.java:5)
	at io.michaelcane.Calculator.&lt;init&gt;(Calculator.java:6)
	at io.michaelcane.Commands.&lt;init&gt;(Commands.java:5)
	at io.michaelcane.Calculator.&lt;init&gt;(Calculator.java:6)
	at io.michaelcane.Commands.&lt;init&gt;(Commands.java:5)
	at io.michaelcane.Calculator.&lt;init&gt;(Calculator.java:6)
	at io.michaelcane.Commands.&lt;init&gt;(Commands.java:5)
	at io.michaelcane.Calculator.&lt;init&gt;(Calculator.java:6)
	at io.michaelcane.Commands.&lt;init&gt;(Commands.java:5)
	at io.michaelcane.Calculator.&lt;init&gt;(Calculator.java:6)
	at io.michaelcane.Commands.&lt;init&gt;(Commands.java:5)
	at io.michaelcane.Calculator.&lt;init&gt;(Calculator.java:6)
	at io.michaelcane.Commands.&lt;init&gt;(Commands.java:5)
	at io.michaelcane.Calculator.&lt;init&gt;(Calculator.java:6)
	at io.michaelcane.Commands.&lt;init&gt;(Commands.java:5)
	at io.michaelcane.Calculator.&lt;init&gt;(Calculator.java:6)
	at io.michaelcane.Commands.&lt;init&gt;(Commands.java:5)
	at io.michaelcane.Calculator.&lt;init&gt;(Calculator.java:6)
	at io.michaelcane.Commands.&lt;init&gt;(Commands.java:5)
	at io.michaelcane.Calculator.&lt;init&gt;(Calculator.java:6)
	at io.michaelcane.Commands.&lt;init&gt;(Commands.java:5)
	at io.michaelcane.Calculator.&lt;init&gt;(Calculator.java:6)
	at io.michaelcane.Commands.&lt;init&gt;(Commands.java:5)
	at io.michaelcane.Calculator.&lt;init&gt;(Calculator.java:6)
	at io.michaelcane.Commands.&lt;init&gt;(Commands.java:5)
	at io.michaelcane.Calculator.&lt;init&gt;(Calculator.java:6)
	at io.michaelcane.Commands.&lt;init&gt;(Commands.java:5)
	at io.michaelcane.Calculator.&lt;init&gt;(Calculator.java:6)
	at io.michaelcane.Commands.&lt;init&gt;(Commands.java:5)
	at io.michaelcane.Calculator.&lt;init&gt;(Calculator.java:6)
	at io.michaelcane.Commands.&lt;init&gt;(Commands.java:5)
	at io.michaelcane.Calculator.&lt;init&gt;(Calculator.java:6)
	at io.michaelcane.Commands.&lt;init&gt;(Commands.java:5)
	at io.michaelcane.Calculator.&lt;init&gt;(Calculator.java:6)
	at io.michaelcane.Commands.&lt;init&gt;(Commands.java:5)
	at io.michaelcane.Calculator.&lt;init&gt;(Calculator.java:6)
	at io.michaelcane.Commands.&lt;init&gt;(Commands.java:5)
	at io.michaelcane.Calculator.&lt;init&gt;(Calculator.java:6)
	at io.michaelcane.Commands.&lt;init&gt;(Commands.java:5)
	at io.michaelcane.Calculator.&lt;init&gt;(Calculator.java:6)
	at io.michaelcane.Commands.&lt;init&gt;(Commands.java:5)
	at io.michaelcane.Calculator.&lt;init&gt;(Calculator.java:6)
	at io.michaelcane.Commands.&lt;init&gt;(Commands.java:5)
	at io.michaelcane.Calculator.&lt;init&gt;(Calculator.java:6)
	at io.michaelcane.Commands.&lt;init&gt;(Commands.java:5)
	at io.michaelcane.Calculator.&lt;init&gt;(Calculator.java:6)
	at io.michaelcane.Commands.&lt;init&gt;(Commands.java:5)
	at io.michaelcane.Calculator.&lt;init&gt;(Calculator.java:6)
	at io.michaelcane.Commands.&lt;init&gt;(Commands.java:5)
	at io.michaelcane.Calculator.&lt;init&gt;(Calculator.java:6)
	at io.michaelcane.Commands.&lt;init&gt;(Commands.java:5)
	at io.michaelcane.Calculator.&lt;init&gt;(Calculator.java:6)
	at io.michaelcane.Commands.&lt;init&gt;(Commands.java:5)
	at io.michaelcane.Calculator.&lt;init&gt;(Calculator.java:6)
	at io.michaelcane.Commands.&lt;init&gt;(Commands.java:5)
	at io.michaelcane.Calculator.&lt;init&gt;(Calculator.java:6)
	at io.michaelcane.Commands.&lt;init&gt;(Commands.java:5)
	at io.michaelcane.Calculator.&lt;init&gt;(Calculator.java:6)
	at io.michaelcane.Commands.&lt;init&gt;(Commands.java:5)
	at io.michaelcane.Calculator.&lt;init&gt;(Calculator.java:6)
	at io.michaelcane.Commands.&lt;init&gt;(Commands.java:5)
	at io.michaelcane.Calculator.&lt;init&gt;(Calculator.java:6)
	at io.michaelcane.Commands.&lt;init&gt;(Commands.java:5)
	at io.michaelcane.Calculator.&lt;init&gt;(Calculator.java:6)
	at io.michaelcane.Commands.&lt;init&gt;(Commands.java:5)
	at io.michaelcane.Calculator.&lt;init&gt;(Calculator.java:6)
	at io.michaelcane.Commands.&lt;init&gt;(Commands.java:5)
	at io.michaelcane.Calculator.&lt;init&gt;(Calculator.java:6)
	at io.michaelcane.Commands.&lt;init&gt;(Commands.java:5)
	at io.michaelcane.Calculator.&lt;init&gt;(Calculator.java:6)
	at io.michaelcane.Commands.&lt;init&gt;(Commands.java:5)
	at io.michaelcane.Calculator.&lt;init&gt;(Calculator.java:6)
	at io.michaelcane.Commands.&lt;init&gt;(Commands.java:5)
	at io.michaelcane.Calculator.&lt;init&gt;(Calculator.java:6)
	at io.michaelcane.Commands.&lt;init&gt;(Commands.java:5)
	at io.michaelcane.Calculator.&lt;init&gt;(Calculator.java:6)
	at io.michaelcane.Commands.&lt;init&gt;(Commands.java:5)
	at io.michaelcane.Calculator.&lt;init&gt;(Calculator.java:6)
	at io.michaelcane.Commands.&lt;init&gt;(Commands.java:5)
	at io.michaelcane.Calculator.&lt;init&gt;(Calculator.java:6)
	at io.michaelcane.Commands.&lt;init&gt;(Commands.java:5)
	at io.michaelcane.Calculator.&lt;init&gt;(Calculator.java:6)
	at io.michaelcane.Commands.&lt;init&gt;(Commands.java:5)
	at io.michaelcane.Calculator.&lt;init&gt;(Calculator.java:6)
	at io.michaelcane.Commands.&lt;init&gt;(Commands.java:5)
	at io.michaelcane.Calculator.&lt;init&gt;(Calculator.java:6)
	at io.michaelcane.Commands.&lt;init&gt;(Commands.java:5)
	at io.michaelcane.Calculator.&lt;init&gt;(Calculator.java:6)
	at io.michaelcane.Commands.&lt;init&gt;(Commands.java:5)
	at io.michaelcane.Calculator.&lt;init&gt;(Calculator.java:6)
	at io.michaelcane.Commands.&lt;init&gt;(Commands.java:5)
	at io.michaelcane.Calculator.&lt;init&gt;(Calculator.java:6)
	at io.michaelcane.Commands.&lt;init&gt;(Commands.java:5)
	at io.michaelcane.Calculator.&lt;init&gt;(Calculator.java:6)
	at io.michaelcane.Commands.&lt;init&gt;(Commands.java:5)
	at io.michaelcane.Calculator.&lt;init&gt;(Calculator.java:6)
	at io.michaelcane.Commands.&lt;init&gt;(Commands.java:5)
	at io.michaelcane.Calculator.&lt;init&gt;(Calculator.java:6)
	at io.michaelcane.Commands.&lt;init&gt;(Commands.java:5)
	at io.michaelcane.Calculator.&lt;init&gt;(Calculator.java:6)
	at io.michaelcane.Commands.&lt;init&gt;(Commands.java:5)
	at io.michaelcane.Calculator.&lt;init&gt;(Calculator.java:6)
	at io.michaelcane.Commands.&lt;init&gt;(Commands.java:5)
	at io.michaelcane.Calculator.&lt;init&gt;(Calculator.java:6)
	at io.michaelcane.Commands.&lt;init&gt;(Commands.java:5)
	at io.michaelcane.Calculator.&lt;init&gt;(Calculator.java:6)
	at io.michaelcane.Commands.&lt;init&gt;(Commands.java:5)
	at io.michaelcane.Calculator.&lt;init&gt;(Calculator.java:6)
	at io.michaelcane.Commands.&lt;init&gt;(Commands.java:5)
	at io.michaelcane.Calculator.&lt;init&gt;(Calculator.java:6)
	at io.michaelcane.Commands.&lt;init&gt;(Commands.java:5)
	at io.michaelcane.Calculator.&lt;init&gt;(Calculator.java:6)
	at io.michaelcane.Commands.&lt;init&gt;(Commands.java:5)
	at io.michaelcane.Calculator.&lt;init&gt;(Calculator.java:6)
	at io.michaelcane.Commands.&lt;init&gt;(Commands.java:5)
	at io.michaelcane.Calculator.&lt;init&gt;(Calculator.java:6)
	at io.michaelcane.Commands.&lt;init&gt;(Commands.java:5)
	at io.michaelcane.Calculator.&lt;init&gt;(Calculator.java:6)
	at io.michaelcane.Commands.&lt;init&gt;(Commands.java:5)
	at io.michaelcane.Calculator.&lt;init&gt;(Calculator.java:6)
	at io.michaelcane.Commands.&lt;init&gt;(Commands.java:5)
	at io.michaelcane.Calculator.&lt;init&gt;(Calculator.java:6)
	at io.michaelcane.Commands.&lt;init&gt;(Commands.java:5)
	at io.michaelcane.Calculator.&lt;init&gt;(Calculator.java:6)
	at io.michaelcane.Commands.&lt;init&gt;(Commands.java:5)
	at io.michaelcane.Calculator.&lt;init&gt;(Calculator.java:6)
	at io.michaelcane.Commands.&lt;init&gt;(Commands.java:5)
	at io.michaelcane.Calculator.&lt;init&gt;(Calculator.java:6)
	at io.michaelcane.Commands.&lt;init&gt;(Commands.java:5)
	at io.michaelcane.Calculator.&lt;init&gt;(Calculator.java:6)
	at io.michaelcane.Commands.&lt;init&gt;(Commands.java:5)
	at io.michaelcane.Calculator.&lt;init&gt;(Calculator.java:6)
	at io.michaelcane.Commands.&lt;init&gt;(Commands.java:5)
	at io.michaelcane.Calculator.&lt;init&gt;(Calculator.java:6)
	at io.michaelcane.Commands.&lt;init&gt;(Commands.java:5)
	at io.michaelcane.Calculator.&lt;init&gt;(Calculator.java:6)
	at io.michaelcane.Commands.&lt;init&gt;(Commands.java:5)
	at io.michaelcane.Calculator.&lt;init&gt;(Calculator.java:6)
	at io.michaelcane.Commands.&lt;init&gt;(Commands.java:5)
	at io.michaelcane.Calculator.&lt;init&gt;(Calculator.java:6)
	at io.michaelcane.Commands.&lt;init&gt;(Commands.java:5)
	at io.michaelcane.Calculator.&lt;init&gt;(Calculator.java:6)
	at io.michaelcane.Commands.&lt;init&gt;(Commands.java:5)
	at io.michaelcane.Calculator.&lt;init&gt;(Calculator.java:6)
	at io.michaelcane.Commands.&lt;init&gt;(Commands.java:5)
	at io.michaelcane.Calculator.&lt;init&gt;(Calculator.java:6)
	at io.michaelcane.Commands.&lt;init&gt;(Commands.java:5)
	at io.michaelcane.Calculator.&lt;init&gt;(Calculator.java:6)
	at io.michaelcane.Commands.&lt;init&gt;(Commands.java:5)
	at io.michaelcane.Calculator.&lt;init&gt;(Calculator.java:6)
	at io.michaelcane.Commands.&lt;init&gt;(Commands.java:5)
	at io.michaelcane.Calculator.&lt;init&gt;(Calculator.java:6)
	at io.michaelcane.Commands.&lt;init&gt;(Commands.java:5)
	at io.michaelcane.Calculator.&lt;init&gt;(Calculator.java:6)
	at io.michaelcane.Commands.&lt;init&gt;(Commands.java:5)
	at io.michaelcane.Calculator.&lt;init&gt;(Calculator.java:6)
	at io.michaelcane.Commands.&lt;init&gt;(Commands.java:5)
	at io.michaelcane.Calculator.&lt;init&gt;(Calculator.java:6)
	at io.michaelcane.Commands.&lt;init&gt;(Commands.java:5)
	at io.michaelcane.Calculator.&lt;init&gt;(Calculator.java:6)
	at io.michaelcane.Commands.&lt;init&gt;(Commands.java:5)
	at io.michaelcane.Calculator.&lt;init&gt;(Calculator.java:6)
	at io.michaelcane.Commands.&lt;init&gt;(Commands.java:5)
	at io.michaelcane.Calculator.&lt;init&gt;(Calculator.java:6)
	at io.michaelcane.Commands.&lt;init&gt;(Commands.java:5)
	at io.michaelcane.Calculator.&lt;init&gt;(Calculator.java:6)
	at io.michaelcane.Commands.&lt;init&gt;(Commands.java:5)
	at io.michaelcane.Calculator.&lt;init&gt;(Calculator.java:6)
	at io.michaelcane.Commands.&lt;init&gt;(Commands.java:5)
	at io.michaelcane.Calculator.&lt;init&gt;(Calculator.java:6)
	at io.michaelcane.Commands.&lt;init&gt;(Commands.java:5)
	at io.michaelcane.Calculator.&lt;init&gt;(Calculator.java:6)
	at io.michaelcane.Commands.&lt;init&gt;(Commands.java:5)
	at io.michaelcane.Calculator.&lt;init&gt;(Calculator.java:6)
	at io.michaelcane.Commands.&lt;init&gt;(Commands.java:5)
	at io.michaelcane.Calculator.&lt;init&gt;(Calculator.java:6)
	at io.michaelcane.Commands.&lt;init&gt;(Commands.java:5)
	at io.michaelcane.Calculator.&lt;init&gt;(Calculator.java:6)
	at io.michaelcane.Commands.&lt;init&gt;(Commands.java:5)
	at io.michaelcane.Calculator.&lt;init&gt;(Calculator.java:6)
	at io.michaelcane.Commands.&lt;init&gt;(Commands.java:5)
	at io.michaelcane.Calculator.&lt;init&gt;(Calculator.java:6)
	at io.michaelcane.Commands.&lt;init&gt;(Commands.java:5)
	at io.michaelcane.Calculator.&lt;init&gt;(Calculator.java:6)
	at io.michaelcane.Commands.&lt;init&gt;(Commands.java:5)
	at io.michaelcane.Calculator.&lt;init&gt;(Calculator.java:6)
	at io.michaelcane.Commands.&lt;init&gt;(Commands.java:5)
	at io.michaelcane.Calculator.&lt;init&gt;(Calculator.java:6)
	at io.michaelcane.Commands.&lt;init&gt;(Commands.java:5)
	at io.michaelcane.Calculator.&lt;init&gt;(Calculator.java:6)
	at io.michaelcane.Commands.&lt;init&gt;(Commands.java:5)
	at io.michaelcane.Calculator.&lt;init&gt;(Calculator.java:6)
	at io.michaelcane.Commands.&lt;init&gt;(Commands.java:5)
	at io.michaelcane.Calculator.&lt;init&gt;(Calculator.java:6)
	at io.michaelcane.Commands.&lt;init&gt;(Commands.java:5)
	at io.michaelcane.Calculator.&lt;init&gt;(Calculator.java:6)
	at io.michaelcane.Commands.&lt;init&gt;(Commands.java:5)
	at io.michaelcane.Calculator.&lt;init&gt;(Calculator.java:6)
	at io.michaelcane.Commands.&lt;init&gt;(Commands.java:5)
	at io.michaelcane.Calculator.&lt;init&gt;(Calculator.java:6)
	at io.michaelcane.Commands.&lt;init&gt;(Commands.java:5)
	at io.michaelcane.Calculator.&lt;init&gt;(Calculator.java:6)
	at io.michaelcane.Commands.&lt;init&gt;(Commands.java:5)
	at io.michaelcane.Calculator.&lt;init&gt;(Calculator.java:6)
	at io.michaelcane.Commands.&lt;init&gt;(Commands.java:5)
	at io.michaelcane.Calculator.&lt;init&gt;(Calculator.java:6)
	at io.michaelcane.Commands.&lt;init&gt;(Commands.java:5)
	at io.michaelcane.Calculator.&lt;init&gt;(Calculator.java:6)
	at io.michaelcane.Commands.&lt;init&gt;(Commands.java:5)
	at io.michaelcane.Calculator.&lt;init&gt;(Calculator.java:6)
	at io.michaelcane.Commands.&lt;init&gt;(Commands.java:5)
	at io.michaelcane.Calculator.&lt;init&gt;(Calculator.java:6)
	at io.michaelcane.Commands.&lt;init&gt;(Commands.java:5)
	at io.michaelcane.Calculator.&lt;init&gt;(Calculator.java:6)
	at io.michaelcane.Commands.&lt;init&gt;(Commands.java:5)
	at io.michaelcane.Calculator.&lt;init&gt;(Calculator.java:6)
	at io.michaelcane.Commands.&lt;init&gt;(Commands.java:5)
	at io.michaelcane.Calculator.&lt;init&gt;(Calculator.java:6)
	at io.michaelcane.Commands.&lt;init&gt;(Commands.java:5)
	at io.michaelcane.Calculator.&lt;init&gt;(Calculator.java:6)
	at io.michaelcane.Commands.&lt;init&gt;(Commands.java:5)
	at io.michaelcane.Calculator.&lt;init&gt;(Calculator.java:6)
	at io.michaelcane.Commands.&lt;init&gt;(Commands.java:5)
	at io.michaelcane.Calculator.&lt;init&gt;(Calculator.java:6)
	at io.michaelcane.Commands.&lt;init&gt;(Commands.java:5)
	at io.michaelcane.Calculator.&lt;init&gt;(Calculator.java:6)
	at io.michaelcane.Commands.&lt;init&gt;(Commands.java:5)
	at io.michaelcane.Calculator.&lt;init&gt;(Calculator.java:6)
	at io.michaelcane.Commands.&lt;init&gt;(Commands.java:5)
	at io.michaelcane.Calculator.&lt;init&gt;(Calculator.java:6)
	at io.michaelcane.Commands.&lt;init&gt;(Commands.java:5)
	at io.michaelcane.Calculator.&lt;init&gt;(Calculator.java:6)
	at io.michaelcane.Commands.&lt;init&gt;(Commands.java:5)
	at io.michaelcane.Calculator.&lt;init&gt;(Calculator.java:6)
	at io.michaelcane.Commands.&lt;init&gt;(Commands.java:5)
	at io.michaelcane.Calculator.&lt;init&gt;(Calculator.java:6)
	at io.michaelcane.Commands.&lt;init&gt;(Commands.java:5)
	at io.michaelcane.Calculator.&lt;init&gt;(Calculator.java:6)
	at io.michaelcane.Commands.&lt;init&gt;(Commands.java:5)
	at io.michaelcane.Calculator.&lt;init&gt;(Calculator.java:6)
	at io.michaelcane.Commands.&lt;init&gt;(Commands.java:5)
	at io.michaelcane.Calculator.&lt;init&gt;(Calculator.java:6)
	at io.michaelcane.Commands.&lt;init&gt;(Commands.java:5)
	at io.michaelcane.Calculator.&lt;init&gt;(Calculator.java:6)
	at io.michaelcane.Commands.&lt;init&gt;(Commands.java:5)
	at io.michaelcane.Calculator.&lt;init&gt;(Calculator.java:6)
	at io.michaelcane.Commands.&lt;init&gt;(Commands.java:5)
	at io.michaelcane.Calculator.&lt;init&gt;(Calculator.java:6)
	at io.michaelcane.Commands.&lt;init&gt;(Commands.java:5)
	at io.michaelcane.Calculator.&lt;init&gt;(Calculator.java:6)
	at io.michaelcane.Commands.&lt;init&gt;(Commands.java:5)
	at io.michaelcane.Calculator.&lt;init&gt;(Calculator.java:6)
	at io.michaelcane.Commands.&lt;init&gt;(Commands.java:5)
	at io.michaelcane.Calculator.&lt;init&gt;(Calculator.java:6)
	at io.michaelcane.Commands.&lt;init&gt;(Commands.java:5)
	at io.michaelcane.Calculator.&lt;init&gt;(Calculator.java:6)
	at io.michaelcane.Commands.&lt;init&gt;(Commands.java:5)
	at io.michaelcane.Calculator.&lt;init&gt;(Calculator.java:6)
	at io.michaelcane.Commands.&lt;init&gt;(Commands.java:5)
	at io.michaelcane.Calculator.&lt;init&gt;(Calculator.java:6)
	at io.michaelcane.Commands.&lt;init&gt;(Commands.java:5)
	at io.michaelcane.Calculator.&lt;init&gt;(Calculator.java:6)
	at io.michaelcane.Commands.&lt;init&gt;(Commands.java:5)
	at io.michaelcane.Calculator.&lt;init&gt;(Calculator.java:6)
	at io.michaelcane.Commands.&lt;init&gt;(Commands.java:5)
	at io.michaelcane.Calculator.&lt;init&gt;(Calculator.java:6)
	at io.michaelcane.Commands.&lt;init&gt;(Commands.java:5)
	at io.michaelcane.Calculator.&lt;init&gt;(Calculator.java:6)
	at io.michaelcane.Commands.&lt;init&gt;(Commands.java:5)
	at io.michaelcane.Calculator.&lt;init&gt;(Calculator.java:6)
	at io.michaelcane.Commands.&lt;init&gt;(Commands.java:5)
	at io.michaelcane.Calculator.&lt;init&gt;(Calculator.java:6)
	at io.michaelcane.Commands.&lt;init&gt;(Commands.java:5)
	at io.michaelcane.Calculator.&lt;init&gt;(Calculator.java:6)
	at io.michaelcane.Commands.&lt;init&gt;(Commands.java:5)
	at io.michaelcane.Calculator.&lt;init&gt;(Calculator.java:6)
	at io.michaelcane.Commands.&lt;init&gt;(Commands.java:5)
	at io.michaelcane.Calculator.&lt;init&gt;(Calculator.java:6)
	at io.michaelcane.Commands.&lt;init&gt;(Commands.java:5)
	at io.michaelcane.Calculator.&lt;init&gt;(Calculator.java:6)
	at io.michaelcane.Commands.&lt;init&gt;(Commands.java:5)
	at io.michaelcane.Calculator.&lt;init&gt;(Calculator.java:6)
	at io.michaelcane.Commands.&lt;init&gt;(Commands.java:5)
	at io.michaelcane.Calculator.&lt;init&gt;(Calculator.java:6)
	at io.michaelcane.Commands.&lt;init&gt;(Commands.java:5)
	at io.michaelcane.Calculator.&lt;init&gt;(Calculator.java:6)
	at io.michaelcane.Commands.&lt;init&gt;(Commands.java:5)
	at io.michaelcane.Calculator.&lt;init&gt;(Calculator.java:6)
	at io.michaelcane.Commands.&lt;init&gt;(Commands.java:5)
	at io.michaelcane.Calculator.&lt;init&gt;(Calculator.java:6)
	at io.michaelcane.Commands.&lt;init&gt;(Commands.java:5)
	at io.michaelcane.Calculator.&lt;init&gt;(Calculator.java:6)
	at io.michaelcane.Commands.&lt;init&gt;(Commands.java:5)
	at io.michaelcane.Calculator.&lt;init&gt;(Calculator.java:6)
	at io.michaelcane.Commands.&lt;init&gt;(Commands.java:5)
	at io.michaelcane.Calculator.&lt;init&gt;(Calculator.java:6)
	at io.michaelcane.Commands.&lt;init&gt;(Commands.java:5)
	at io.michaelcane.Calculator.&lt;init&gt;(Calculator.java:6)
	at io.michaelcane.Commands.&lt;init&gt;(Commands.java:5)
	at io.michaelcane.Calculator.&lt;init&gt;(Calculator.java:6)
	at io.michaelcane.Commands.&lt;init&gt;(Commands.java:5)
	at io.michaelcane.Calculator.&lt;init&gt;(Calculator.java:6)
	at io.michaelcane.Commands.&lt;init&gt;(Commands.java:5)
	at io.michaelcane.Calculator.&lt;init&gt;(Calculator.java:6)
	at io.michaelcane.Commands.&lt;init&gt;(Commands.java:5)
	at io.michaelcane.Calculator.&lt;init&gt;(Calculator.java:6)
	at io.michaelcane.Commands.&lt;init&gt;(Commands.java:5)
	at io.michaelcane.Calculator.&lt;init&gt;(Calculator.java:6)
	at io.michaelcane.Commands.&lt;init&gt;(Commands.java:5)
	at io.michaelcane.Calculator.&lt;init&gt;(Calculator.java:6)
	at io.michaelcane.Commands.&lt;init&gt;(Commands.java:5)
	at io.michaelcane.Calculator.&lt;init&gt;(Calculator.java:6)
	at io.michaelcane.Commands.&lt;init&gt;(Commands.java:5)
	at io.michaelcane.Calculator.&lt;init&gt;(Calculator.java:6)
	at io.michaelcane.Commands.&lt;init&gt;(Commands.java:5)
	at io.michaelcane.Calculator.&lt;init&gt;(Calculator.java:6)
	at io.michaelcane.Commands.&lt;init&gt;(Commands.java:5)
	at io.michaelcane.Calculator.&lt;init&gt;(Calculator.java:6)
	at io.michaelcane.Commands.&lt;init&gt;(Commands.java:5)
	at io.michaelcane.Calculator.&lt;init&gt;(Calculator.java:6)
	at io.michaelcane.Commands.&lt;init&gt;(Commands.java:5)
	at io.michaelcane.Calculator.&lt;init&gt;(Calculator.java:6)
	at io.michaelcane.Commands.&lt;init&gt;(Commands.java:5)
	at io.michaelcane.Calculator.&lt;init&gt;(Calculator.java:6)
	at io.michaelcane.Commands.&lt;init&gt;(Commands.java:5)
	at io.michaelcane.Calculator.&lt;init&gt;(Calculator.java:6)
	at io.michaelcane.Commands.&lt;init&gt;(Commands.java:5)
	at io.michaelcane.Calculator.&lt;init&gt;(Calculator.java:6)
	at io.michaelcane.Commands.&lt;init&gt;(Commands.java:5)
	at io.michaelcane.Calculator.&lt;init&gt;(Calculator.java:6)
	at io.michaelcane.Commands.&lt;init&gt;(Commands.java:5)
	at io.michaelcane.Calculator.&lt;init&gt;(Calculator.java:6)
	at io.michaelcane.Commands.&lt;init&gt;(Commands.java:5)
	at io.michaelcane.Calculator.&lt;init&gt;(Calculator.java:6)
	at io.michaelcane.Commands.&lt;init&gt;(Commands.java:5)
	at io.michaelcane.Calculator.&lt;init&gt;(Calculator.java:6)
	at io.michaelcane.Commands.&lt;init&gt;(Commands.java:5)
	at io.michaelcane.Calculator.&lt;init&gt;(Calculator.java:6)
	at io.michaelcane.Commands.&lt;init&gt;(Commands.java:5)
	at io.michaelcane.Calculator.&lt;init&gt;(Calculator.java:6)
	at io.michaelcane.Commands.&lt;init&gt;(Commands.java:5)
	at io.michaelcane.Calculator.&lt;init&gt;(Calculator.java:6)
	at io.michaelcane.Commands.&lt;init&gt;(Commands.java:5)
	at io.michaelcane.Calculator.&lt;init&gt;(Calculator.java:6)
	at io.michaelcane.Commands.&lt;init&gt;(Commands.java:5)
	at io.michaelcane.Calculator.&lt;init&gt;(Calculator.java:6)
	at io.michaelcane.Commands.&lt;init&gt;(Commands.java:5)
	at io.michaelcane.Calculator.&lt;init&gt;(Calculator.java:6)
	at io.michaelcane.Commands.&lt;init&gt;(Commands.java:5)
	at io.michaelcane.Calculator.&lt;init&gt;(Calculator.java:6)
	at io.michaelcane.Commands.&lt;init&gt;(Commands.java:5)
	at io.michaelcane.Calculator.&lt;init&gt;(Calculator.java:6)
	at io.michaelcane.Commands.&lt;init&gt;(Commands.java:5)
	at io.michaelcane.Calculator.&lt;init&gt;(Calculator.java:6)
	at io.michaelcane.Commands.&lt;init&gt;(Commands.java:5)
	at io.michaelcane.Calculator.&lt;init&gt;(Calculator.java:6)
	at io.michaelcane.Commands.&lt;init&gt;(Commands.java:5)
	at io.michaelcane.Calculator.&lt;init&gt;(Calculator.java:6)
	at io.michaelcane.Commands.&lt;init&gt;(Commands.java:5)
	at io.michaelcane.Calculator.&lt;init&gt;(Calculator.java:6)
	at io.michaelcane.Commands.&lt;init&gt;(Commands.java:5)
	at io.michaelcane.Calculator.&lt;init&gt;(Calculator.java:6)
	at io.michaelcane.Commands.&lt;init&gt;(Commands.java:5)
	at io.michaelcane.Calculator.&lt;init&gt;(Calculator.java:6)
	at io.michaelcane.Commands.&lt;init&gt;(Commands.java:5)
	at io.michaelcane.Calculator.&lt;init&gt;(Calculator.java:6)
	at io.michaelcane.Commands.&lt;init&gt;(Commands.java:5)
	at io.michaelcane.Calculator.&lt;init&gt;(Calculator.java:6)
	at io.michaelcane.Commands.&lt;init&gt;(Commands.java:5)
	at io.michaelcane.Calculator.&lt;init&gt;(Calculator.java:6)
	at io.michaelcane.Commands.&lt;init&gt;(Commands.java:5)
	at io.michaelcane.Calculator.&lt;init&gt;(Calculator.java:6)
	at io.michaelcane.Commands.&lt;init&gt;(Commands.java:5)
	at io.michaelcane.Calculator.&lt;init&gt;(Calculator.java:6)
	at io.michaelcane.Commands.&lt;init&gt;(Commands.java:5)
	at io.michaelcane.Calculator.&lt;init&gt;(Calculator.java:6)
	at io.michaelcane.Commands.&lt;init&gt;(Commands.java:5)
	at io.michaelcane.Calculator.&lt;init&gt;(Calculator.java:6)
	at io.michaelcane.Commands.&lt;init&gt;(Commands.java:5)
	at io.michaelcane.Calculator.&lt;init&gt;(Calculator.java:6)
	at io.michaelcane.Commands.&lt;init&gt;(Commands.java:5)
	at io.michaelcane.Calculator.&lt;init&gt;(Calculator.java:6)
	at io.michaelcane.Commands.&lt;init&gt;(Commands.java:5)
	at io.michaelcane.Calculator.&lt;init&gt;(Calculator.java:6)
	at io.michaelcane.Commands.&lt;init&gt;(Commands.java:5)
	at io.michaelcane.Calculator.&lt;init&gt;(Calculator.java:6)
	at io.michaelcane.Commands.&lt;init&gt;(Commands.java:5)
	at io.michaelcane.Calculator.&lt;init&gt;(Calculator.java:6)
	at io.michaelcane.Commands.&lt;init&gt;(Commands.java:5)
	at io.michaelcane.Calculator.&lt;init&gt;(Calculator.java:6)
	at io.michaelcane.Commands.&lt;init&gt;(Commands.java:5)
	at io.michaelcane.Calculator.&lt;init&gt;(Calculator.java:6)
	at io.michaelcane.Commands.&lt;init&gt;(Commands.java:5)
	at io.michaelcane.Calculator.&lt;init&gt;(Calculator.java:6)
	at io.michaelcane.Commands.&lt;init&gt;(Commands.java:5)
	at io.michaelcane.Calculator.&lt;init&gt;(Calculator.java:6)
	at io.michaelcane.Commands.&lt;init&gt;(Commands.java:5)
	at io.michaelcane.Calculator.&lt;init&gt;(Calculator.java:6)
	at io.michaelcane.Commands.&lt;init&gt;(Commands.java:5)
	at io.michaelcane.Calculator.&lt;init&gt;(Calculator.java:6)
	at io.michaelcane.Commands.&lt;init&gt;(Commands.java:5)
	at io.michaelcane.Calculator.&lt;init&gt;(Calculator.java:6)
	at io.michaelcane.Commands.&lt;init&gt;(Commands.java:5)
	at io.michaelcane.Calculator.&lt;init&gt;(Calculator.java:6)
	at io.michaelcane.Commands.&lt;init&gt;(Commands.java:5)
	at io.michaelcane.Calculator.&lt;init&gt;(Calculator.java:6)
	at io.michaelcane.Commands.&lt;init&gt;(Commands.java:5)
	at io.michaelcane.Calculator.&lt;init&gt;(Calculator.java:6)
	at io.michaelcane.Commands.&lt;init&gt;(Commands.java:5)
	at io.michaelcane.Calculator.&lt;init&gt;(Calculator.java:6)
	at io.michaelcane.Commands.&lt;init&gt;(Commands.java:5)
	at io.michaelcane.Calculator.&lt;init&gt;(Calculator.java:6)
	at io.michaelcane.Commands.&lt;init&gt;(Commands.java:5)
	at io.michaelcane.Calculator.&lt;init&gt;(Calculator.java:6)
	at io.michaelcane.Commands.&lt;init&gt;(Commands.java:5)
	at io.michaelcane.Calculator.&lt;init&gt;(Calculator.java:6)
	at io.michaelcane.Commands.&lt;init&gt;(Commands.java:5)
	at io.michaelcane.Calculator.&lt;init&gt;(Calculator.java:6)
	at io.michaelcane.Commands.&lt;init&gt;(Commands.java:5)
	at io.michaelcane.Calculator.&lt;init&gt;(Calculator.java:6)
	at io.michaelcane.Commands.&lt;init&gt;(Commands.java:5)
	at io.michaelcane.Calculator.&lt;init&gt;(Calculator.java:6)
	at io.michaelcane.Commands.&lt;init&gt;(Commands.java:5)
	at io.michaelcane.Calculator.&lt;init&gt;(Calculator.java:6)
	at io.michaelcane.Commands.&lt;init&gt;(Commands.java:5)
	at io.michaelcane.Calculator.&lt;init&gt;(Calculator.java:6)
	at io.michaelcane.Commands.&lt;init&gt;(Commands.java:5)
	at io.michaelcane.Calculator.&lt;init&gt;(Calculator.java:6)
	at io.michaelcane.Commands.&lt;init&gt;(Commands.java:5)
	at io.michaelcane.Calculator.&lt;init&gt;(Calculator.java:6)
	at io.michaelcane.Commands.&lt;init&gt;(Commands.java:5)
	at io.michaelcane.Calculator.&lt;init&gt;(Calculator.java:6)
	at io.michaelcane.Commands.&lt;init&gt;(Commands.java:5)
	at io.michaelcane.Calculator.&lt;init&gt;(Calculator.java:6)
	at io.michaelcane.Commands.&lt;init&gt;(Commands.java:5)
	at io.michaelcane.Calculator.&lt;init&gt;(Calculator.java:6)
	at io.michaelcane.Commands.&lt;init&gt;(Commands.java:5)
	at io.michaelcane.Calculator.&lt;init&gt;(Calculator.java:6)
	at io.michaelcane.Commands.&lt;init&gt;(Commands.java:5)
	at io.michaelcane.Calculator.&lt;init&gt;(Calculator.java:6)
	at io.michaelcane.Commands.&lt;init&gt;(Commands.java:5)
	at io.michaelcane.Calculator.&lt;init&gt;(Calculator.java:6)
	at io.michaelcane.Commands.&lt;init&gt;(Commands.java:5)
	at io.michaelcane.Calculator.&lt;init&gt;(Calculator.java:6)
	at io.michaelcane.Commands.&lt;init&gt;(Commands.java:5)
	at io.michaelcane.Calculator.&lt;init&gt;(Calculator.java:6)
	at io.michaelcane.Commands.&lt;init&gt;(Commands.java:5)
	at io.michaelcane.Calculator.&lt;init&gt;(Calculator.java:6)
	at io.michaelcane.Commands.&lt;init&gt;(Commands.java:5)
	at io.michaelcane.Calculator.&lt;init&gt;(Calculator.java:6)
	at io.michaelcane.Commands.&lt;init&gt;(Commands.java:5)
	at io.michaelcane.Calculator.&lt;init&gt;(Calculator.java:6)
	at io.michaelcane.Commands.&lt;init&gt;(Commands.java:5)
	at io.michaelcane.Calculator.&lt;init&gt;(Calculator.java:6)
	at io.michaelcane.Commands.&lt;init&gt;(Commands.java:5)
	at io.michaelcane.Calculator.&lt;init&gt;(Calculator.java:6)
	at io.michaelcane.Commands.&lt;init&gt;(Commands.java:5)
	at io.michaelcane.Calculator.&lt;init&gt;(Calculator.java:6)
	at io.michaelcane.Commands.&lt;init&gt;(Commands.java:5)
	at io.michaelcane.Calculator.&lt;init&gt;(Calculator.java:6)
	at io.michaelcane.Commands.&lt;init&gt;(Commands.java:5)
	at io.michaelcane.Calculator.&lt;init&gt;(Calculator.java:6)
	at io.michaelcane.Commands.&lt;init&gt;(Commands.java:5)
	at io.michaelcane.Calculator.&lt;init&gt;(Calculator.java:6)
	at io.michaelcane.Commands.&lt;init&gt;(Commands.java:5)
	at io.michaelcane.Calculator.&lt;init&gt;(Calculator.java:6)
	at io.michaelcane.Commands.&lt;init&gt;(Commands.java:5)
	at io.michaelcane.Calculator.&lt;init&gt;(Calculator.java:6)
	at io.michaelcane.Commands.&lt;init&gt;(Commands.java:5)
	at io.michaelcane.Calculator.&lt;init&gt;(Calculator.java:6)
	at io.michaelcane.Commands.&lt;init&gt;(Commands.java:5)
	at io.michaelcane.Calculator.&lt;init&gt;(Calculator.java:6)
	at io.michaelcane.Commands.&lt;init&gt;(Commands.java:5)
	at io.michaelcane.Calculator.&lt;init&gt;(Calculator.java:6)
	at io.michaelcane.Commands.&lt;init&gt;(Commands.java:5)
	at io.michaelcane.Calculator.&lt;init&gt;(Calculator.java:6)
	at io.michaelcane.Commands.&lt;init&gt;(Commands.java:5)
	at io.michaelcane.Calculator.&lt;init&gt;(Calculator.java:6)
	at io.michaelcane.Commands.&lt;init&gt;(Commands.java:5)
	at io.michaelcane.Calculator.&lt;init&gt;(Calculator.java:6)
	at io.michaelcane.Commands.&lt;init&gt;(Commands.java:5)
	at io.michaelcane.Calculator.&lt;init&gt;(Calculator.java:6)
	at io.michaelcane.Commands.&lt;init&gt;(Commands.java:5)
	at io.michaelcane.Calculator.&lt;init&gt;(Calculator.java:6)
	at io.michaelcane.Commands.&lt;init&gt;(Commands.java:5)
	at io.michaelcane.Calculator.&lt;init&gt;(Calculator.java:6)
	at io.michaelcane.Commands.&lt;init&gt;(Commands.java:5)
	at io.michaelcane.Calculator.&lt;init&gt;(Calculator.java:6)
	at io.michaelcane.Commands.&lt;init&gt;(Commands.java:5)
	at io.michaelcane.Calculator.&lt;init&gt;(Calculator.java:6)
	at io.michaelcane.Commands.&lt;init&gt;(Commands.java:5)
	at io.michaelcane.Calculator.&lt;init&gt;(Calculator.java:6)
	at io.michaelcane.Commands.&lt;init&gt;(Commands.java:5)
	at io.michaelcane.Calculator.&lt;init&gt;(Calculator.java:6)
	at io.michaelcane.Commands.&lt;init&gt;(Commands.java:5)
	at io.michaelcane.Calculator.&lt;init&gt;(Calculator.java:6)
	at io.michaelcane.Commands.&lt;init&gt;(Commands.java:5)
	at io.michaelcane.Calculator.&lt;init&gt;(Calculator.java:6)
	at io.michaelcane.Commands.&lt;init&gt;(Commands.java:5)
	at io.michaelcane.Calculator.&lt;init&gt;(Calculator.java:6)
	at io.michaelcane.Commands.&lt;init&gt;(Commands.java:5)
	at io.michaelcane.Calculator.&lt;init&gt;(Calculator.java:6)
	at io.michaelcane.Commands.&lt;init&gt;(Commands.java:5)
	at io.michaelcane.Calculator.&lt;init&gt;(Calculator.java:6)
	at io.michaelcane.Commands.&lt;init&gt;(Commands.java:5)
	at io.michaelcane.Calculator.&lt;init&gt;(Calculator.java:6)
	at io.michaelcane.Commands.&lt;init&gt;(Commands.java:5)
	at io.michaelcane.Calculator.&lt;init&gt;(Calculator.java:6)
	at io.michaelcane.Commands.&lt;init&gt;(Commands.java:5)
	at io.michaelcane.Calculator.&lt;init&gt;(Calculator.java:6)
	at io.michaelcane.Commands.&lt;init&gt;(Commands.java:5)
	at io.michaelcane.Calculator.&lt;init&gt;(Calculator.java:6)
	at io.michaelcane.Commands.&lt;init&gt;(Commands.java:5)
	at io.michaelcane.Calculator.&lt;init&gt;(Calculator.java:6)
	at io.michaelcane.Commands.&lt;init&gt;(Commands.java:5)
	at io.michaelcane.Calculator.&lt;init&gt;(Calculator.java:6)
	at io.michaelcane.Commands.&lt;init&gt;(Commands.java:5)
	at io.michaelcane.Calculator.&lt;init&gt;(Calculator.java:6)
	at io.michaelcane.Commands.&lt;init&gt;(Commands.java:5)
	at io.michaelcane.Calculator.&lt;init&gt;(Calculator.java:6)
	at io.michaelcane.Commands.&lt;init&gt;(Commands.java:5)
	at io.michaelcane.Calculator.&lt;init&gt;(Calculator.java:6)
	at io.michaelcane.Commands.&lt;init&gt;(Commands.java:5)
	at io.michaelcane.Calculator.&lt;init&gt;(Calculator.java:6)
	at io.michaelcane.Commands.&lt;init&gt;(Commands.java:5)
	at io.michaelcane.Calculator.&lt;init&gt;(Calculator.java:6)
	at io.michaelcane.Commands.&lt;init&gt;(Commands.java:5)
	at io.michaelcane.Calculator.&lt;init&gt;(Calculator.java:6)
	at io.michaelcane.Commands.&lt;init&gt;(Commands.java:5)
	at io.michaelcane.Calculator.&lt;init&gt;(Calculator.java:6)
	at io.michaelcane.Commands.&lt;init&gt;(Commands.java:5)
	at io.michaelcane.Calculator.&lt;init&gt;(Calculator.java:6)
	at io.michaelcane.Commands.&lt;init&gt;(Commands.java:5)
	at io.michaelcane.Calculator.&lt;init&gt;(Calculator.java:6)
	at io.michaelcane.Commands.&lt;init&gt;(Commands.java:5)
	at io.michaelcane.Calculator.&lt;init&gt;(Calculator.java:6)
	at io.michaelcane.Commands.&lt;init&gt;(Commands.java:5)
	at io.michaelcane.Calculator.&lt;init&gt;(Calculator.java:6)
	at io.michaelcane.Commands.&lt;init&gt;(Commands.java:5)
	at io.michaelcane.Calculator.&lt;init&gt;(Calculator.java:6)
	at io.michaelcane.Commands.&lt;init&gt;(Commands.java:5)
	at io.michaelcane.Calculator.&lt;init&gt;(Calculator.java:6)
	at io.michaelcane.Commands.&lt;init&gt;(Commands.java:5)
	at io.michaelcane.Calculator.&lt;init&gt;(Calculator.java:6)
	at io.michaelcane.Commands.&lt;init&gt;(Commands.java:5)
	at io.michaelcane.Calculator.&lt;init&gt;(Calculator.java:6)
	at io.michaelcane.Commands.&lt;init&gt;(Commands.java:5)
	at io.michaelcane.Calculator.&lt;init&gt;(Calculator.java:6)
	at io.michaelcane.Commands.&lt;init&gt;(Commands.java:5)
	at io.michaelcane.Calculator.&lt;init&gt;(Calculator.java:6)
	at io.michaelcane.Commands.&lt;init&gt;(Commands.java:5)
	at io.michaelcane.Calculator.&lt;init&gt;(Calculator.java:6)
	at io.michaelcane.Commands.&lt;init&gt;(Commands.java:5)
	at io.michaelcane.Calculator.&lt;init&gt;(Calculator.java:6)
	at io.michaelcane.Commands.&lt;init&gt;(Commands.java:5)
	at io.michaelcane.Calculator.&lt;init&gt;(Calculator.java:6)
	at io.michaelcane.Commands.&lt;init&gt;(Commands.java:5)
	at io.michaelcane.Calculator.&lt;init&gt;(Calculator.java:6)
	at io.michaelcane.Commands.&lt;init&gt;(Commands.java:5)
	at io.michaelcane.Calculator.&lt;init&gt;(Calculator.java:6)
	at io.michaelcane.Commands.&lt;init&gt;(Commands.java:5)
	at io.michaelcane.Calculator.&lt;init&gt;(Calculator.java:6)
	at io.michaelcane.Commands.&lt;init&gt;(Commands.java:5)
	at io.michaelcane.Calculator.&lt;init&gt;(Calculator.java:6)
	at io.michaelcane.Commands.&lt;init&gt;(Commands.java:5)
	at io.michaelcane.Calculator.&lt;init&gt;(Calculator.java:6)
	at io.michaelcane.Commands.&lt;init&gt;(Commands.java:5)
	at io.michaelcane.Calculator.&lt;init&gt;(Calculator.java:6)
	at io.michaelcane.Commands.&lt;init&gt;(Commands.java:5)
	at io.michaelcane.Calculator.&lt;init&gt;(Calculator.java:6)
	at io.michaelcane.Commands.&lt;init&gt;(Commands.java:5)
	at io.michaelcane.Calculator.&lt;init&gt;(Calculator.java:6)
	at io.michaelcane.Commands.&lt;init&gt;(Commands.java:5)
	at io.michaelcane.Calculator.&lt;init&gt;(Calculator.java:6)
	at io.michaelcane.Commands.&lt;init&gt;(Commands.java:5)
	at io.michaelcane.Calculator.&lt;init&gt;(Calculator.java:6)
	at io.michaelcane.Commands.&lt;init&gt;(Commands.java:5)
	at io.michaelcane.Calculator.&lt;init&gt;(Calculator.java:6)
	at io.michaelcane.Commands.&lt;init&gt;(Commands.java:5)
	at io.michaelcane.Calculator.&lt;init&gt;(Calculator.java:6)
	at io.michaelcane.Commands.&lt;init&gt;(Commands.java:5)
	at io.michaelcane.Calculator.&lt;init&gt;(Calculator.java:6)
	at io.michaelcane.Commands.&lt;init&gt;(Commands.java:5)
	at io.michaelcane.Calculator.&lt;init&gt;(Calculator.java:6)
	at io.michaelcane.Commands.&lt;init&gt;(Commands.java:5)
	at io.michaelcane.Calculator.&lt;init&gt;(Calculator.java:6)
	at io.michaelcane.Commands.&lt;init&gt;(Commands.java:5)
	at io.michaelcane.Calculator.&lt;init&gt;(Calculator.java:6)
	at io.michaelcane.Commands.&lt;init&gt;(Commands.java:5)
	at io.michaelcane.Calculator.&lt;init&gt;(Calculator.java:6)
	at io.michaelcane.Commands.&lt;init&gt;(Commands.java:5)
	at io.michaelcane.Calculator.&lt;init&gt;(Calculator.java:6)
	at io.michaelcane.Commands.&lt;init&gt;(Commands.java:5)
	at io.michaelcane.Calculator.&lt;init&gt;(Calculator.java:6)
	at io.michaelcane.Commands.&lt;init&gt;(Commands.java:5)
	at io.michaelcane.Calculator.&lt;init&gt;(Calculator.java:6)
	at io.michaelcane.Commands.&lt;init&gt;(Commands.java:5)
	at io.michaelcane.Calculator.&lt;init&gt;(Calculator.java:6)
	at io.michaelcane.Commands.&lt;init&gt;(Commands.java:5)
	at io.michaelcane.Calculator.&lt;init&gt;(Calculator.java:6)
	at io.michaelcane.Commands.&lt;init&gt;(Commands.java:5)
	at io.michaelcane.Calculator.&lt;init&gt;(Calculator.java:6)
	at io.michaelcane.Commands.&lt;init&gt;(Commands.java:5)
	at io.michaelcane.Calculator.&lt;init&gt;(Calculator.java:6)
	at io.michaelcane.Commands.&lt;init&gt;(Commands.java:5)
	at io.michaelcane.Calculator.&lt;init&gt;(Calculator.java:6)
	at io.michaelcane.Commands.&lt;init&gt;(Commands.java:5)
	at io.michaelcane.Calculator.&lt;init&gt;(Calculator.java:6)
	at io.michaelcane.Commands.&lt;init&gt;(Commands.java:5)
	at io.michaelcane.Calculator.&lt;init&gt;(Calculator.java:6)
	at io.michaelcane.Commands.&lt;init&gt;(Commands.java:5)
	at io.michaelcane.Calculator.&lt;init&gt;(Calculator.java:6)
	at io.michaelcane.Commands.&lt;init&gt;(Commands.java:5)
	at io.michaelcane.Calculator.&lt;init&gt;(Calculator.java:6)
	at io.michaelcane.Commands.&lt;init&gt;(Commands.java:5)
	at io.michaelcane.Calculator.&lt;init&gt;(Calculator.java:6)
	at io.michaelcane.Commands.&lt;init&gt;(Commands.java:5)
	at io.michaelcane.Calculator.&lt;init&gt;(Calculator.java:6)
	at io.michaelcane.Commands.&lt;init&gt;(Commands.java:5)
	at io.michaelcane.Calculator.&lt;init&gt;(Calculator.java:6)
	at io.michaelcane.Commands.&lt;init&gt;(Commands.java:5)
	at io.michaelcane.Calculator.&lt;init&gt;(Calculator.java:6)
	at io.michaelcane.Commands.&lt;init&gt;(Commands.java:5)
	at io.michaelcane.Calculator.&lt;init&gt;(Calculator.java:6)
	at io.michaelcane.Commands.&lt;init&gt;(Commands.java:5)
	at io.michaelcane.Calculator.&lt;init&gt;(Calculator.java:6)
	at io.michaelcane.Commands.&lt;init&gt;(Commands.java:5)
	at io.michaelcane.Calculator.&lt;init&gt;(Calculator.java:6)
	at io.michaelcane.Commands.&lt;init&gt;(Commands.java:5)
	at io.michaelcane.Calculator.&lt;init&gt;(Calculator.java:6)
	at io.michaelcane.Commands.&lt;init&gt;(Commands.java:5)
	at io.michaelcane.Calculator.&lt;init&gt;(Calculator.java:6)
	at io.michaelcane.Commands.&lt;init&gt;(Commands.java:5)
	at io.michaelcane.Calculator.&lt;init&gt;(Calculator.java:6)
	at io.michaelcane.Commands.&lt;init&gt;(Commands.java:5)
	at io.michaelcane.Calculator.&lt;init&gt;(Calculator.java:6)
	at io.michaelcane.Commands.&lt;init&gt;(Commands.java:5)
	at io.michaelcane.Calculator.&lt;init&gt;(Calculator.java:6)
	at io.michaelcane.Commands.&lt;init&gt;(Commands.java:5)
	at io.michaelcane.Calculator.&lt;init&gt;(Calculator.java:6)
	at io.michaelcane.Commands.&lt;init&gt;(Commands.java:5)
	at io.michaelcane.Calculator.&lt;init&gt;(Calculator.java:6)
	at io.michaelcane.Commands.&lt;init&gt;(Commands.java:5)
	at io.michaelcane.Calculator.&lt;init&gt;(Calculator.java:6)
	at io.michaelcane.Commands.&lt;init&gt;(Commands.java:5)
	at io.michaelcane.Calculator.&lt;init&gt;(Calculator.java:6)
	at io.michaelcane.Commands.&lt;init&gt;(Commands.java:5)
	at io.michaelcane.Calculator.&lt;init&gt;(Calculator.java:6)
	at io.michaelcane.Commands.&lt;init&gt;(Commands.java:5)
	at io.michaelcane.Calculator.&lt;init&gt;(Calculator.java:6)
	at io.michaelcane.Commands.&lt;init&gt;(Commands.java:5)
	at io.michaelcane.Calculator.&lt;init&gt;(Calculator.java:6)
	at io.michaelcane.Commands.&lt;init&gt;(Commands.java:5)
	at io.michaelcane.Calculator.&lt;init&gt;(Calculator.java:6)
	at io.michaelcane.Commands.&lt;init&gt;(Commands.java:5)
	at io.michaelcane.Calculator.&lt;init&gt;(Calculator.java:6)
	at io.michaelcane.Commands.&lt;init&gt;(Commands.java:5)
	at io.michaelcane.Calculator.&lt;init&gt;(Calculator.java:6)
	at io.michaelcane.Commands.&lt;init&gt;(Commands.java:5)
	at io.michaelcane.Calculator.&lt;init&gt;(Calculator.java:6)
	at io.michaelcane.Commands.&lt;init&gt;(Commands.java:5)
	at io.michaelcane.Calculator.&lt;init&gt;(Calculator.java:6)
	at io.michaelcane.Commands.&lt;init&gt;(Commands.java:5)
	at io.michaelcane.Calculator.&lt;init&gt;(Calculator.java:6)
	at io.michaelcane.Commands.&lt;init&gt;(Commands.java:5)
	at io.michaelcane.Calculator.&lt;init&gt;(Calculator.java:6)
	at io.michaelcane.Commands.&lt;init&gt;(Commands.java:5)
	at io.michaelcane.Calculator.&lt;init&gt;(Calculator.java:6)
	at io.michaelcane.Commands.&lt;init&gt;(Commands.java:5)
	at io.michaelcane.Calculator.&lt;init&gt;(Calculator.java:6)
	at io.michaelcane.Commands.&lt;init&gt;(Commands.java:5)
	at io.michaelcane.Calculator.&lt;init&gt;(Calculator.java:6)
	at io.michaelcane.Commands.&lt;init&gt;(Commands.java:5)
	at io.michaelcane.Calculator.&lt;init&gt;(Calculator.java:6)
	at io.michaelcane.Commands.&lt;init&gt;(Commands.java:5)
	at io.michaelcane.Calculator.&lt;init&gt;(Calculator.java:6)
	at io.michaelcane.Commands.&lt;init&gt;(Commands.java:5)
	at io.michaelcane.Calculator.&lt;init&gt;(Calculator.java:6)
	at io.michaelcane.Commands.&lt;init&gt;(Commands.java:5)
	at io.michaelcane.Calculator.&lt;init&gt;(Calculator.java:6)
	at io.michaelcane.Commands.&lt;init&gt;(Commands.java:5)
	at io.michaelcane.Calculator.&lt;init&gt;(Calculator.java:6)
	at io.michaelcane.Commands.&lt;init&gt;(Commands.java:5)
	at io.michaelcane.Calculator.&lt;init&gt;(Calculator.java:6)
	at io.michaelcane.Commands.&lt;init&gt;(Commands.java:5)
	at io.michaelcane.Calculator.&lt;init&gt;(Calculator.java:6)
	at io.michaelcane.Commands.&lt;init&gt;(Commands.java:5)
	at io.michaelcane.Calculator.&lt;init&gt;(Calculator.java:6)
	at io.michaelcane.Commands.&lt;init&gt;(Commands.java:5)
	at io.michaelcane.Calculator.&lt;init&gt;(Calculator.java:6)
	at io.michaelcane.Commands.&lt;init&gt;(Commands.java:5)
	at io.michaelcane.Calculator.&lt;init&gt;(Calculator.java:6)
	at io.michaelcane.Commands.&lt;init&gt;(Commands.java:5)
	at io.michaelcane.Calculator.&lt;init&gt;(Calculator.java:6)
	at io.michaelcane.Commands.&lt;init&gt;(Commands.java:5)
	at io.michaelcane.Calculator.&lt;init&gt;(Calculator.java:6)
	at io.michaelcane.Commands.&lt;init&gt;(Commands.java:5)
	at io.michaelcane.Calculator.&lt;init&gt;(Calculator.java:6)
	at io.michaelcane.Commands.&lt;init&gt;(Commands.java:5)
	at io.michaelcane.Calculator.&lt;init&gt;(Calculator.java:6)
	at io.michaelcane.Commands.&lt;init&gt;(Commands.java:5)
	at io.michaelcane.Calculator.&lt;init&gt;(Calculator.java:6)
	at io.michaelcane.Commands.&lt;init&gt;(Commands.java:5)
	at io.michaelcane.Calculator.&lt;init&gt;(Calculator.java:6)
	at io.michaelcane.Commands.&lt;init&gt;(Commands.java:5)
	at io.michaelcane.Calculator.&lt;init&gt;(Calculator.java:6)
	at io.michaelcane.Commands.&lt;init&gt;(Commands.java:5)
	at io.michaelcane.Calculator.&lt;init&gt;(Calculator.java:6)
	at io.michaelcane.Commands.&lt;init&gt;(Commands.java:5)
	at io.michaelcane.Calculator.&lt;init&gt;(Calculator.java:6)
	at io.michaelcane.Commands.&lt;init&gt;(Commands.java:5)
	at io.michaelcane.Calculator.&lt;init&gt;(Calculator.java:6)
	at io.michaelcane.Commands.&lt;init&gt;(Commands.java:5)
	at io.michaelcane.Calculator.&lt;init&gt;(Calculator.java:6)
	at io.michaelcane.Commands.&lt;init&gt;(Commands.java:5)
	at io.michaelcane.Calculator.&lt;init&gt;(Calculator.java:6)
	at io.michaelcane.Commands.&lt;init&gt;(Commands.java:5)
	at io.michaelcane.Calculator.&lt;init&gt;(Calculator.java:6)
	at io.michaelcane.Commands.&lt;init&gt;(Commands.java:5)
	at io.michaelcane.Calculator.&lt;init&gt;(Calculator.java:6)
	at io.michaelcane.Commands.&lt;init&gt;(Commands.java:5)
	at io.michaelcane.Calculator.&lt;init&gt;(Calculator.java:6)
	at io.michaelcane.Commands.&lt;init&gt;(Commands.java:5)
	at io.michaelcane.Calculator.&lt;init&gt;(Calculator.java:6)
	at io.michaelcane.Commands.&lt;init&gt;(Commands.java:5)
	at io.michaelcane.Calculator.&lt;init&gt;(Calculator.java:6)
	at io.michaelcane.Commands.&lt;init&gt;(Commands.java:5)
	at io.michaelcane.Calculator.&lt;init&gt;(Calculator.java:6)
	at io.michaelcane.Commands.&lt;init&gt;(Commands.java:5)
	at io.michaelcane.Calculator.&lt;init&gt;(Calculator.java:6)
	at io.michaelcane.Commands.&lt;init&gt;(Commands.java:5)
	at io.michaelcane.Calculator.&lt;init&gt;(Calculator.java:6)
	at io.michaelcane.Commands.&lt;init&gt;(Commands.java:5)
	at io.michaelcane.Calculator.&lt;init&gt;(Calculator.java:6)
	at io.michaelcane.Commands.&lt;init&gt;(Commands.java:5)
	at io.michaelcane.Calculator.&lt;init&gt;(Calculator.java:6)
	at io.michaelcane.Commands.&lt;init&gt;(Commands.java:5)
	at io.michaelcane.Calculator.&lt;init&gt;(Calculator.java:6)
	at io.michaelcane.Commands.&lt;init&gt;(Commands.java:5)
	at io.michaelcane.Calculator.&lt;init&gt;(Calculator.java:6)
	at io.michaelcane.Commands.&lt;init&gt;(Commands.java:5)
	at io.michaelcane.Calculator.&lt;init&gt;(Calculator.java:6)
	at io.michaelcane.Commands.&lt;init&gt;(Commands.java:5)
	at io.michaelcane.Calculator.&lt;init&gt;(Calculator.java:6)
	at io.michaelcane.Commands.&lt;init&gt;(Commands.java:5)
	at io.michaelcane.Calculator.&lt;init&gt;(Calculator.java:6)
	at io.michaelcane.Commands.&lt;init&gt;(Commands.java:5)
	at io.michaelcane.Calculator.&lt;init&gt;(Calculator.java:6)
	at io.michaelcane.Commands.&lt;init&gt;(Commands.java:5)
	at io.michaelcane.Calculator.&lt;init&gt;(Calculator.java:6)
	at io.michaelcane.Commands.&lt;init&gt;(Commands.java:5)
	at io.michaelcane.Calculator.&lt;init&gt;(Calculator.java:6)
	at io.michaelcane.Commands.&lt;init&gt;(Commands.java:5)
	at io.michaelcane.Calculator.&lt;init&gt;(Calculator.java:6)
	at io.michaelcane.Commands.&lt;init&gt;(Commands.java:5)
	at io.michaelcane.Calculator.&lt;init&gt;(Calculator.java:6)
	at io.michaelcane.Commands.&lt;init&gt;(Commands.java:5)
	at io.michaelcane.Calculator.&lt;init&gt;(Calculator.java:6)
	at io.michaelcane.Commands.&lt;init&gt;(Commands.java:5)
	at io.michaelcane.Calculator.&lt;init&gt;(Calculator.java:6)
	at io.michaelcane.Commands.&lt;init&gt;(Commands.java:5)
	at io.michaelcane.Calculator.&lt;init&gt;(Calculator.java:6)
	at io.michaelcane.Commands.&lt;init&gt;(Commands.java:5)
	at io.michaelcane.Calculator.&lt;init&gt;(Calculator.java:6)
	at io.michaelcane.Commands.&lt;init&gt;(Commands.java:5)
	at io.michaelcane.Calculator.&lt;init&gt;(Calculator.java:6)
	at io.michaelcane.Commands.&lt;init&gt;(Commands.java:5)
	at io.michaelcane.Calculator.&lt;init&gt;(Calculator.java:6)
	at io.michaelcane.Commands.&lt;init&gt;(Commands.java:5)
	at io.michaelcane.Calculator.&lt;init&gt;(Calculator.java:6)
	at io.michaelcane.Commands.&lt;init&gt;(Commands.java:5)
	at io.michaelcane.Calculator.&lt;init&gt;(Calculator.java:6)
	at io.michaelcane.Commands.&lt;init&gt;(Commands.java:5)
	at io.michaelcane.Calculator.&lt;init&gt;(Calculator.java:6)
	at io.michaelcane.Commands.&lt;init&gt;(Commands.java:5)
	at io.michaelcane.Calculator.&lt;init&gt;(Calculator.java:6)
	at io.michaelcane.Commands.&lt;init&gt;(Commands.java:5)
	at io.michaelcane.Calculator.&lt;init&gt;(Calculator.java:6)
	at io.michaelcane.Commands.&lt;init&gt;(Commands.java:5)
	at io.michaelcane.Calculator.&lt;init&gt;(Calculator.java:6)
	at io.michaelcane.Commands.&lt;init&gt;(Commands.java:5)
	at io.michaelcane.Calculator.&lt;init&gt;(Calculator.java:6)
	at io.michaelcane.Commands.&lt;init&gt;(Commands.java:5)
	at io.michaelcane.Calculator.&lt;init&gt;(Calculator.java:6)
	at io.michaelcane.Commands.&lt;init&gt;(Commands.java:5)
	at io.michaelcane.Calculator.&lt;init&gt;(Calculator.java:6)
	at io.michaelcane.Commands.&lt;init&gt;(Commands.java:5)
	at io.michaelcane.Calculator.&lt;init&gt;(Calculator.java:6)
	at io.michaelcane.Commands.&lt;init&gt;(Commands.java:5)
	at io.michaelcane.Calculator.&lt;init&gt;(Calculator.java:6)
	at io.michaelcane.Commands.&lt;init&gt;(Commands.java:5)
	at io.michaelcane.Calculator.&lt;init&gt;(Calculator.java:6)
	at io.michaelcane.Commands.&lt;init&gt;(Commands.java:5)
	at io.michaelcane.Calculator.&lt;init&gt;(Calculator.java:6)
	at io.michaelcane.Commands.&lt;init&gt;(Commands.java:5)
	at io.michaelcane.Calculator.&lt;init&gt;(Calculator.java:6)
	at io.michaelcane.Commands.&lt;init&gt;(Commands.java:5)
	at io.michaelcane.Calculator.&lt;init&gt;(Calculator.java:6)
	at io.michaelcane.Commands.&lt;init&gt;(Commands.java:5)
	at io.michaelcane.Calculator.&lt;init&gt;(Calculator.java:6)
	at io.michaelcane.Commands.&lt;init&gt;(Commands.java:5)
	at io.michaelcane.Calculator.&lt;init&gt;(Calculator.java:6)
	at io.michaelcane.Commands.&lt;init&gt;(Commands.java:5)
	at io.michaelcane.Calculator.&lt;init&gt;(Calculator.java:6)
	at io.michaelcane.Commands.&lt;init&gt;(Commands.java:5)
	at io.michaelcane.Calculator.&lt;init&gt;(Calculator.java:6)
	at io.michaelcane.Commands.&lt;init&gt;(Commands.java:5)
	at io.michaelcane.Calculator.&lt;init&gt;(Calculator.java:6)
	at io.michaelcane.Commands.&lt;init&gt;(Commands.java:5)
	at io.michaelcane.Calculator.&lt;init&gt;(Calculator.java:6)
	at io.michaelcane.Commands.&lt;init&gt;(Commands.java:5)
	at io.michaelcane.Calculator.&lt;init&gt;(Calculator.java:6)
	at io.michaelcane.Commands.&lt;init&gt;(Commands.java:5)
	at io.michaelcane.Calculator.&lt;init&gt;(Calculator.java:6)
	at io.michaelcane.Commands.&lt;init&gt;(Commands.java:5)
	at io.michaelcane.Calculator.&lt;init&gt;(Calculator.java:6)
	at io.michaelcane.Commands.&lt;init&gt;(Commands.java:5)
	at io.michaelcane.Calculator.&lt;init&gt;(Calculator.java:6)
	at io.michaelcane.Commands.&lt;init&gt;(Commands.java:5)
	at io.michaelcane.Calculator.&lt;init&gt;(Calculator.java:6)
	at io.michaelcane.Commands.&lt;init&gt;(Commands.java:5)
	at io.michaelcane.Calculator.&lt;init&gt;(Calculator.java:6)
	at io.michaelcane.Commands.&lt;init&gt;(Commands.java:5)
	at io.michaelcane.Calculator.&lt;init&gt;(Calculator.java:6)
	at io.michaelcane.Commands.&lt;init&gt;(Commands.java:5)
	at io.michaelcane.Calculator.&lt;init&gt;(Calculator.java:6)
	at io.michaelcane.Commands.&lt;init&gt;(Commands.java:5)
</error>
  </testcase>
  <testcase classname="io.michaelcane.CalculatorSpec" name="test$cosin" time="0.01">
    <error type="java.lang.StackOverflowError">java.lang.StackOverflowError
	at io.michaelcane.Calculator.&lt;init&gt;(Calculator.java:6)
	at io.michaelcane.Commands.&lt;init&gt;(Commands.java:5)
	at io.michaelcane.Calculator.&lt;init&gt;(Calculator.java:6)
	at io.michaelcane.Commands.&lt;init&gt;(Commands.java:5)
	at io.michaelcane.Calculator.&lt;init&gt;(Calculator.java:6)
	at io.michaelcane.Commands.&lt;init&gt;(Commands.java:5)
	at io.michaelcane.Calculator.&lt;init&gt;(Calculator.java:6)
	at io.michaelcane.Commands.&lt;init&gt;(Commands.java:5)
	at io.michaelcane.Calculator.&lt;init&gt;(Calculator.java:6)
	at io.michaelcane.Commands.&lt;init&gt;(Commands.java:5)
	at io.michaelcane.Calculator.&lt;init&gt;(Calculator.java:6)
	at io.michaelcane.Commands.&lt;init&gt;(Commands.java:5)
	at io.michaelcane.Calculator.&lt;init&gt;(Calculator.java:6)
	at io.michaelcane.Commands.&lt;init&gt;(Commands.java:5)
	at io.michaelcane.Calculator.&lt;init&gt;(Calculator.java:6)
	at io.michaelcane.Commands.&lt;init&gt;(Commands.java:5)
	at io.michaelcane.Calculator.&lt;init&gt;(Calculator.java:6)
	at io.michaelcane.Commands.&lt;init&gt;(Commands.java:5)
	at io.michaelcane.Calculator.&lt;init&gt;(Calculator.java:6)
	at io.michaelcane.Commands.&lt;init&gt;(Commands.java:5)
	at io.michaelcane.Calculator.&lt;init&gt;(Calculator.java:6)
	at io.michaelcane.Commands.&lt;init&gt;(Commands.java:5)
	at io.michaelcane.Calculator.&lt;init&gt;(Calculator.java:6)
	at io.michaelcane.Commands.&lt;init&gt;(Commands.java:5)
	at io.michaelcane.Calculator.&lt;init&gt;(Calculator.java:6)
	at io.michaelcane.Commands.&lt;init&gt;(Commands.java:5)
	at io.michaelcane.Calculator.&lt;init&gt;(Calculator.java:6)
	at io.michaelcane.Commands.&lt;init&gt;(Commands.java:5)
	at io.michaelcane.Calculator.&lt;init&gt;(Calculator.java:6)
	at io.michaelcane.Commands.&lt;init&gt;(Commands.java:5)
	at io.michaelcane.Calculator.&lt;init&gt;(Calculator.java:6)
	at io.michaelcane.Commands.&lt;init&gt;(Commands.java:5)
	at io.michaelcane.Calculator.&lt;init&gt;(Calculator.java:6)
	at io.michaelcane.Commands.&lt;init&gt;(Commands.java:5)
	at io.michaelcane.Calculator.&lt;init&gt;(Calculator.java:6)
	at io.michaelcane.Commands.&lt;init&gt;(Commands.java:5)
	at io.michaelcane.Calculator.&lt;init&gt;(Calculator.java:6)
	at io.michaelcane.Commands.&lt;init&gt;(Commands.java:5)
	at io.michaelcane.Calculator.&lt;init&gt;(Calculator.java:6)
	at io.michaelcane.Commands.&lt;init&gt;(Commands.java:5)
	at io.michaelcane.Calculator.&lt;init&gt;(Calculator.java:6)
	at io.michaelcane.Commands.&lt;init&gt;(Commands.java:5)
	at io.michaelcane.Calculator.&lt;init&gt;(Calculator.java:6)
	at io.michaelcane.Commands.&lt;init&gt;(Commands.java:5)
	at io.michaelcane.Calculator.&lt;init&gt;(Calculator.java:6)
	at io.michaelcane.Commands.&lt;init&gt;(Commands.java:5)
	at io.michaelcane.Calculator.&lt;init&gt;(Calculator.java:6)
	at io.michaelcane.Commands.&lt;init&gt;(Commands.java:5)
	at io.michaelcane.Calculator.&lt;init&gt;(Calculator.java:6)
	at io.michaelcane.Commands.&lt;init&gt;(Commands.java:5)
	at io.michaelcane.Calculator.&lt;init&gt;(Calculator.java:6)
	at io.michaelcane.Commands.&lt;init&gt;(Commands.java:5)
	at io.michaelcane.Calculator.&lt;init&gt;(Calculator.java:6)
	at io.michaelcane.Commands.&lt;init&gt;(Commands.java:5)
	at io.michaelcane.Calculator.&lt;init&gt;(Calculator.java:6)
	at io.michaelcane.Commands.&lt;init&gt;(Commands.java:5)
	at io.michaelcane.Calculator.&lt;init&gt;(Calculator.java:6)
	at io.michaelcane.Commands.&lt;init&gt;(Commands.java:5)
	at io.michaelcane.Calculator.&lt;init&gt;(Calculator.java:6)
	at io.michaelcane.Commands.&lt;init&gt;(Commands.java:5)
	at io.michaelcane.Calculator.&lt;init&gt;(Calculator.java:6)
	at io.michaelcane.Commands.&lt;init&gt;(Commands.java:5)
	at io.michaelcane.Calculator.&lt;init&gt;(Calculator.java:6)
	at io.michaelcane.Commands.&lt;init&gt;(Commands.java:5)
	at io.michaelcane.Calculator.&lt;init&gt;(Calculator.java:6)
	at io.michaelcane.Commands.&lt;init&gt;(Commands.java:5)
	at io.michaelcane.Calculator.&lt;init&gt;(Calculator.java:6)
	at io.michaelcane.Commands.&lt;init&gt;(Commands.java:5)
	at io.michaelcane.Calculator.&lt;init&gt;(Calculator.java:6)
	at io.michaelcane.Commands.&lt;init&gt;(Commands.java:5)
	at io.michaelcane.Calculator.&lt;init&gt;(Calculator.java:6)
	at io.michaelcane.Commands.&lt;init&gt;(Commands.java:5)
	at io.michaelcane.Calculator.&lt;init&gt;(Calculator.java:6)
	at io.michaelcane.Commands.&lt;init&gt;(Commands.java:5)
	at io.michaelcane.Calculator.&lt;init&gt;(Calculator.java:6)
	at io.michaelcane.Commands.&lt;init&gt;(Commands.java:5)
	at io.michaelcane.Calculator.&lt;init&gt;(Calculator.java:6)
	at io.michaelcane.Commands.&lt;init&gt;(Commands.java:5)
	at io.michaelcane.Calculator.&lt;init&gt;(Calculator.java:6)
	at io.michaelcane.Commands.&lt;init&gt;(Commands.java:5)
	at io.michaelcane.Calculator.&lt;init&gt;(Calculator.java:6)
	at io.michaelcane.Commands.&lt;init&gt;(Commands.java:5)
	at io.michaelcane.Calculator.&lt;init&gt;(Calculator.java:6)
	at io.michaelcane.Commands.&lt;init&gt;(Commands.java:5)
	at io.michaelcane.Calculator.&lt;init&gt;(Calculator.java:6)
	at io.michaelcane.Commands.&lt;init&gt;(Commands.java:5)
	at io.michaelcane.Calculator.&lt;init&gt;(Calculator.java:6)
	at io.michaelcane.Commands.&lt;init&gt;(Commands.java:5)
	at io.michaelcane.Calculator.&lt;init&gt;(Calculator.java:6)
	at io.michaelcane.Commands.&lt;init&gt;(Commands.java:5)
	at io.michaelcane.Calculator.&lt;init&gt;(Calculator.java:6)
	at io.michaelcane.Commands.&lt;init&gt;(Commands.java:5)
	at io.michaelcane.Calculator.&lt;init&gt;(Calculator.java:6)
	at io.michaelcane.Commands.&lt;init&gt;(Commands.java:5)
	at io.michaelcane.Calculator.&lt;init&gt;(Calculator.java:6)
	at io.michaelcane.Commands.&lt;init&gt;(Commands.java:5)
	at io.michaelcane.Calculator.&lt;init&gt;(Calculator.java:6)
	at io.michaelcane.Commands.&lt;init&gt;(Commands.java:5)
	at io.michaelcane.Calculator.&lt;init&gt;(Calculator.java:6)
	at io.michaelcane.Commands.&lt;init&gt;(Commands.java:5)
	at io.michaelcane.Calculator.&lt;init&gt;(Calculator.java:6)
	at io.michaelcane.Commands.&lt;init&gt;(Commands.java:5)
	at io.michaelcane.Calculator.&lt;init&gt;(Calculator.java:6)
	at io.michaelcane.Commands.&lt;init&gt;(Commands.java:5)
	at io.michaelcane.Calculator.&lt;init&gt;(Calculator.java:6)
	at io.michaelcane.Commands.&lt;init&gt;(Commands.java:5)
	at io.michaelcane.Calculator.&lt;init&gt;(Calculator.java:6)
	at io.michaelcane.Commands.&lt;init&gt;(Commands.java:5)
	at io.michaelcane.Calculator.&lt;init&gt;(Calculator.java:6)
	at io.michaelcane.Commands.&lt;init&gt;(Commands.java:5)
	at io.michaelcane.Calculator.&lt;init&gt;(Calculator.java:6)
	at io.michaelcane.Commands.&lt;init&gt;(Commands.java:5)
	at io.michaelcane.Calculator.&lt;init&gt;(Calculator.java:6)
	at io.michaelcane.Commands.&lt;init&gt;(Commands.java:5)
	at io.michaelcane.Calculator.&lt;init&gt;(Calculator.java:6)
	at io.michaelcane.Commands.&lt;init&gt;(Commands.java:5)
	at io.michaelcane.Calculator.&lt;init&gt;(Calculator.java:6)
	at io.michaelcane.Commands.&lt;init&gt;(Commands.java:5)
	at io.michaelcane.Calculator.&lt;init&gt;(Calculator.java:6)
	at io.michaelcane.Commands.&lt;init&gt;(Commands.java:5)
	at io.michaelcane.Calculator.&lt;init&gt;(Calculator.java:6)
	at io.michaelcane.Commands.&lt;init&gt;(Commands.java:5)
	at io.michaelcane.Calculator.&lt;init&gt;(Calculator.java:6)
	at io.michaelcane.Commands.&lt;init&gt;(Commands.java:5)
	at io.michaelcane.Calculator.&lt;init&gt;(Calculator.java:6)
	at io.michaelcane.Commands.&lt;init&gt;(Commands.java:5)
	at io.michaelcane.Calculator.&lt;init&gt;(Calculator.java:6)
	at io.michaelcane.Commands.&lt;init&gt;(Commands.java:5)
	at io.michaelcane.Calculator.&lt;init&gt;(Calculator.java:6)
	at io.michaelcane.Commands.&lt;init&gt;(Commands.java:5)
	at io.michaelcane.Calculator.&lt;init&gt;(Calculator.java:6)
	at io.michaelcane.Commands.&lt;init&gt;(Commands.java:5)
	at io.michaelcane.Calculator.&lt;init&gt;(Calculator.java:6)
	at io.michaelcane.Commands.&lt;init&gt;(Commands.java:5)
	at io.michaelcane.Calculator.&lt;init&gt;(Calculator.java:6)
	at io.michaelcane.Commands.&lt;init&gt;(Commands.java:5)
	at io.michaelcane.Calculator.&lt;init&gt;(Calculator.java:6)
	at io.michaelcane.Commands.&lt;init&gt;(Commands.java:5)
	at io.michaelcane.Calculator.&lt;init&gt;(Calculator.java:6)
	at io.michaelcane.Commands.&lt;init&gt;(Commands.java:5)
	at io.michaelcane.Calculator.&lt;init&gt;(Calculator.java:6)
	at io.michaelcane.Commands.&lt;init&gt;(Commands.java:5)
	at io.michaelcane.Calculator.&lt;init&gt;(Calculator.java:6)
	at io.michaelcane.Commands.&lt;init&gt;(Commands.java:5)
	at io.michaelcane.Calculator.&lt;init&gt;(Calculator.java:6)
	at io.michaelcane.Commands.&lt;init&gt;(Commands.java:5)
	at io.michaelcane.Calculator.&lt;init&gt;(Calculator.java:6)
	at io.michaelcane.Commands.&lt;init&gt;(Commands.java:5)
	at io.michaelcane.Calculator.&lt;init&gt;(Calculator.java:6)
	at io.michaelcane.Commands.&lt;init&gt;(Commands.java:5)
	at io.michaelcane.Calculator.&lt;init&gt;(Calculator.java:6)
	at io.michaelcane.Commands.&lt;init&gt;(Commands.java:5)
	at io.michaelcane.Calculator.&lt;init&gt;(Calculator.java:6)
	at io.michaelcane.Commands.&lt;init&gt;(Commands.java:5)
	at io.michaelcane.Calculator.&lt;init&gt;(Calculator.java:6)
	at io.michaelcane.Commands.&lt;init&gt;(Commands.java:5)
	at io.michaelcane.Calculator.&lt;init&gt;(Calculator.java:6)
	at io.michaelcane.Commands.&lt;init&gt;(Commands.java:5)
	at io.michaelcane.Calculator.&lt;init&gt;(Calculator.java:6)
	at io.michaelcane.Commands.&lt;init&gt;(Commands.java:5)
	at io.michaelcane.Calculator.&lt;init&gt;(Calculator.java:6)
	at io.michaelcane.Commands.&lt;init&gt;(Commands.java:5)
	at io.michaelcane.Calculator.&lt;init&gt;(Calculator.java:6)
	at io.michaelcane.Commands.&lt;init&gt;(Commands.java:5)
	at io.michaelcane.Calculator.&lt;init&gt;(Calculator.java:6)
	at io.michaelcane.Commands.&lt;init&gt;(Commands.java:5)
	at io.michaelcane.Calculator.&lt;init&gt;(Calculator.java:6)
	at io.michaelcane.Commands.&lt;init&gt;(Commands.java:5)
	at io.michaelcane.Calculator.&lt;init&gt;(Calculator.java:6)
	at io.michaelcane.Commands.&lt;init&gt;(Commands.java:5)
	at io.michaelcane.Calculator.&lt;init&gt;(Calculator.java:6)
	at io.michaelcane.Commands.&lt;init&gt;(Commands.java:5)
	at io.michaelcane.Calculator.&lt;init&gt;(Calculator.java:6)
	at io.michaelcane.Commands.&lt;init&gt;(Commands.java:5)
	at io.michaelcane.Calculator.&lt;init&gt;(Calculator.java:6)
	at io.michaelcane.Commands.&lt;init&gt;(Commands.java:5)
	at io.michaelcane.Calculator.&lt;init&gt;(Calculator.java:6)
	at io.michaelcane.Commands.&lt;init&gt;(Commands.java:5)
	at io.michaelcane.Calculator.&lt;init&gt;(Calculator.java:6)
	at io.michaelcane.Commands.&lt;init&gt;(Commands.java:5)
	at io.michaelcane.Calculator.&lt;init&gt;(Calculator.java:6)
	at io.michaelcane.Commands.&lt;init&gt;(Commands.java:5)
	at io.michaelcane.Calculator.&lt;init&gt;(Calculator.java:6)
	at io.michaelcane.Commands.&lt;init&gt;(Commands.java:5)
	at io.michaelcane.Calculator.&lt;init&gt;(Calculator.java:6)
	at io.michaelcane.Commands.&lt;init&gt;(Commands.java:5)
	at io.michaelcane.Calculator.&lt;init&gt;(Calculator.java:6)
	at io.michaelcane.Commands.&lt;init&gt;(Commands.java:5)
	at io.michaelcane.Calculator.&lt;init&gt;(Calculator.java:6)
	at io.michaelcane.Commands.&lt;init&gt;(Commands.java:5)
	at io.michaelcane.Calculator.&lt;init&gt;(Calculator.java:6)
	at io.michaelcane.Commands.&lt;init&gt;(Commands.java:5)
	at io.michaelcane.Calculator.&lt;init&gt;(Calculator.java:6)
	at io.michaelcane.Commands.&lt;init&gt;(Commands.java:5)
	at io.michaelcane.Calculator.&lt;init&gt;(Calculator.java:6)
	at io.michaelcane.Commands.&lt;init&gt;(Commands.java:5)
	at io.michaelcane.Calculator.&lt;init&gt;(Calculator.java:6)
	at io.michaelcane.Commands.&lt;init&gt;(Commands.java:5)
	at io.michaelcane.Calculator.&lt;init&gt;(Calculator.java:6)
	at io.michaelcane.Commands.&lt;init&gt;(Commands.java:5)
	at io.michaelcane.Calculator.&lt;init&gt;(Calculator.java:6)
	at io.michaelcane.Commands.&lt;init&gt;(Commands.java:5)
	at io.michaelcane.Calculator.&lt;init&gt;(Calculator.java:6)
	at io.michaelcane.Commands.&lt;init&gt;(Commands.java:5)
	at io.michaelcane.Calculator.&lt;init&gt;(Calculator.java:6)
	at io.michaelcane.Commands.&lt;init&gt;(Commands.java:5)
	at io.michaelcane.Calculator.&lt;init&gt;(Calculator.java:6)
	at io.michaelcane.Commands.&lt;init&gt;(Commands.java:5)
	at io.michaelcane.Calculator.&lt;init&gt;(Calculator.java:6)
	at io.michaelcane.Commands.&lt;init&gt;(Commands.java:5)
	at io.michaelcane.Calculator.&lt;init&gt;(Calculator.java:6)
	at io.michaelcane.Commands.&lt;init&gt;(Commands.java:5)
	at io.michaelcane.Calculator.&lt;init&gt;(Calculator.java:6)
	at io.michaelcane.Commands.&lt;init&gt;(Commands.java:5)
	at io.michaelcane.Calculator.&lt;init&gt;(Calculator.java:6)
	at io.michaelcane.Commands.&lt;init&gt;(Commands.java:5)
	at io.michaelcane.Calculator.&lt;init&gt;(Calculator.java:6)
	at io.michaelcane.Commands.&lt;init&gt;(Commands.java:5)
	at io.michaelcane.Calculator.&lt;init&gt;(Calculator.java:6)
	at io.michaelcane.Commands.&lt;init&gt;(Commands.java:5)
	at io.michaelcane.Calculator.&lt;init&gt;(Calculator.java:6)
	at io.michaelcane.Commands.&lt;init&gt;(Commands.java:5)
	at io.michaelcane.Calculator.&lt;init&gt;(Calculator.java:6)
	at io.michaelcane.Commands.&lt;init&gt;(Commands.java:5)
	at io.michaelcane.Calculator.&lt;init&gt;(Calculator.java:6)
	at io.michaelcane.Commands.&lt;init&gt;(Commands.java:5)
	at io.michaelcane.Calculator.&lt;init&gt;(Calculator.java:6)
	at io.michaelcane.Commands.&lt;init&gt;(Commands.java:5)
	at io.michaelcane.Calculator.&lt;init&gt;(Calculator.java:6)
	at io.michaelcane.Commands.&lt;init&gt;(Commands.java:5)
	at io.michaelcane.Calculator.&lt;init&gt;(Calculator.java:6)
	at io.michaelcane.Commands.&lt;init&gt;(Commands.java:5)
	at io.michaelcane.Calculator.&lt;init&gt;(Calculator.java:6)
	at io.michaelcane.Commands.&lt;init&gt;(Commands.java:5)
	at io.michaelcane.Calculator.&lt;init&gt;(Calculator.java:6)
	at io.michaelcane.Commands.&lt;init&gt;(Commands.java:5)
	at io.michaelcane.Calculator.&lt;init&gt;(Calculator.java:6)
	at io.michaelcane.Commands.&lt;init&gt;(Commands.java:5)
	at io.michaelcane.Calculator.&lt;init&gt;(Calculator.java:6)
	at io.michaelcane.Commands.&lt;init&gt;(Commands.java:5)
	at io.michaelcane.Calculator.&lt;init&gt;(Calculator.java:6)
	at io.michaelcane.Commands.&lt;init&gt;(Commands.java:5)
	at io.michaelcane.Calculator.&lt;init&gt;(Calculator.java:6)
	at io.michaelcane.Commands.&lt;init&gt;(Commands.java:5)
	at io.michaelcane.Calculator.&lt;init&gt;(Calculator.java:6)
	at io.michaelcane.Commands.&lt;init&gt;(Commands.java:5)
	at io.michaelcane.Calculator.&lt;init&gt;(Calculator.java:6)
	at io.michaelcane.Commands.&lt;init&gt;(Commands.java:5)
	at io.michaelcane.Calculator.&lt;init&gt;(Calculator.java:6)
	at io.michaelcane.Commands.&lt;init&gt;(Commands.java:5)
	at io.michaelcane.Calculator.&lt;init&gt;(Calculator.java:6)
	at io.michaelcane.Commands.&lt;init&gt;(Commands.java:5)
	at io.michaelcane.Calculator.&lt;init&gt;(Calculator.java:6)
	at io.michaelcane.Commands.&lt;init&gt;(Commands.java:5)
	at io.michaelcane.Calculator.&lt;init&gt;(Calculator.java:6)
	at io.michaelcane.Commands.&lt;init&gt;(Commands.java:5)
	at io.michaelcane.Calculator.&lt;init&gt;(Calculator.java:6)
	at io.michaelcane.Commands.&lt;init&gt;(Commands.java:5)
	at io.michaelcane.Calculator.&lt;init&gt;(Calculator.java:6)
	at io.michaelcane.Commands.&lt;init&gt;(Commands.java:5)
	at io.michaelcane.Calculator.&lt;init&gt;(Calculator.java:6)
	at io.michaelcane.Commands.&lt;init&gt;(Commands.java:5)
	at io.michaelcane.Calculator.&lt;init&gt;(Calculator.java:6)
	at io.michaelcane.Commands.&lt;init&gt;(Commands.java:5)
	at io.michaelcane.Calculator.&lt;init&gt;(Calculator.java:6)
	at io.michaelcane.Commands.&lt;init&gt;(Commands.java:5)
	at io.michaelcane.Calculator.&lt;init&gt;(Calculator.java:6)
	at io.michaelcane.Commands.&lt;init&gt;(Commands.java:5)
	at io.michaelcane.Calculator.&lt;init&gt;(Calculator.java:6)
	at io.michaelcane.Commands.&lt;init&gt;(Commands.java:5)
	at io.michaelcane.Calculator.&lt;init&gt;(Calculator.java:6)
	at io.michaelcane.Commands.&lt;init&gt;(Commands.java:5)
	at io.michaelcane.Calculator.&lt;init&gt;(Calculator.java:6)
	at io.michaelcane.Commands.&lt;init&gt;(Commands.java:5)
	at io.michaelcane.Calculator.&lt;init&gt;(Calculator.java:6)
	at io.michaelcane.Commands.&lt;init&gt;(Commands.java:5)
	at io.michaelcane.Calculator.&lt;init&gt;(Calculator.java:6)
	at io.michaelcane.Commands.&lt;init&gt;(Commands.java:5)
	at io.michaelcane.Calculator.&lt;init&gt;(Calculator.java:6)
	at io.michaelcane.Commands.&lt;init&gt;(Commands.java:5)
	at io.michaelcane.Calculator.&lt;init&gt;(Calculator.java:6)
	at io.michaelcane.Commands.&lt;init&gt;(Commands.java:5)
	at io.michaelcane.Calculator.&lt;init&gt;(Calculator.java:6)
	at io.michaelcane.Commands.&lt;init&gt;(Commands.java:5)
	at io.michaelcane.Calculator.&lt;init&gt;(Calculator.java:6)
	at io.michaelcane.Commands.&lt;init&gt;(Commands.java:5)
	at io.michaelcane.Calculator.&lt;init&gt;(Calculator.java:6)
	at io.michaelcane.Commands.&lt;init&gt;(Commands.java:5)
	at io.michaelcane.Calculator.&lt;init&gt;(Calculator.java:6)
	at io.michaelcane.Commands.&lt;init&gt;(Commands.java:5)
	at io.michaelcane.Calculator.&lt;init&gt;(Calculator.java:6)
	at io.michaelcane.Commands.&lt;init&gt;(Commands.java:5)
	at io.michaelcane.Calculator.&lt;init&gt;(Calculator.java:6)
	at io.michaelcane.Commands.&lt;init&gt;(Commands.java:5)
	at io.michaelcane.Calculator.&lt;init&gt;(Calculator.java:6)
	at io.michaelcane.Commands.&lt;init&gt;(Commands.java:5)
	at io.michaelcane.Calculator.&lt;init&gt;(Calculator.java:6)
	at io.michaelcane.Commands.&lt;init&gt;(Commands.java:5)
	at io.michaelcane.Calculator.&lt;init&gt;(Calculator.java:6)
	at io.michaelcane.Commands.&lt;init&gt;(Commands.java:5)
	at io.michaelcane.Calculator.&lt;init&gt;(Calculator.java:6)
	at io.michaelcane.Commands.&lt;init&gt;(Commands.java:5)
	at io.michaelcane.Calculator.&lt;init&gt;(Calculator.java:6)
	at io.michaelcane.Commands.&lt;init&gt;(Commands.java:5)
	at io.michaelcane.Calculator.&lt;init&gt;(Calculator.java:6)
	at io.michaelcane.Commands.&lt;init&gt;(Commands.java:5)
	at io.michaelcane.Calculator.&lt;init&gt;(Calculator.java:6)
	at io.michaelcane.Commands.&lt;init&gt;(Commands.java:5)
	at io.michaelcane.Calculator.&lt;init&gt;(Calculator.java:6)
	at io.michaelcane.Commands.&lt;init&gt;(Commands.java:5)
	at io.michaelcane.Calculator.&lt;init&gt;(Calculator.java:6)
	at io.michaelcane.Commands.&lt;init&gt;(Commands.java:5)
	at io.michaelcane.Calculator.&lt;init&gt;(Calculator.java:6)
	at io.michaelcane.Commands.&lt;init&gt;(Commands.java:5)
	at io.michaelcane.Calculator.&lt;init&gt;(Calculator.java:6)
	at io.michaelcane.Commands.&lt;init&gt;(Commands.java:5)
	at io.michaelcane.Calculator.&lt;init&gt;(Calculator.java:6)
	at io.michaelcane.Commands.&lt;init&gt;(Commands.java:5)
	at io.michaelcane.Calculator.&lt;init&gt;(Calculator.java:6)
	at io.michaelcane.Commands.&lt;init&gt;(Commands.java:5)
	at io.michaelcane.Calculator.&lt;init&gt;(Calculator.java:6)
	at io.michaelcane.Commands.&lt;init&gt;(Commands.java:5)
	at io.michaelcane.Calculator.&lt;init&gt;(Calculator.java:6)
	at io.michaelcane.Commands.&lt;init&gt;(Commands.java:5)
	at io.michaelcane.Calculator.&lt;init&gt;(Calculator.java:6)
	at io.michaelcane.Commands.&lt;init&gt;(Commands.java:5)
	at io.michaelcane.Calculator.&lt;init&gt;(Calculator.java:6)
	at io.michaelcane.Commands.&lt;init&gt;(Commands.java:5)
	at io.michaelcane.Calculator.&lt;init&gt;(Calculator.java:6)
	at io.michaelcane.Commands.&lt;init&gt;(Commands.java:5)
	at io.michaelcane.Calculator.&lt;init&gt;(Calculator.java:6)
	at io.michaelcane.Commands.&lt;init&gt;(Commands.java:5)
	at io.michaelcane.Calculator.&lt;init&gt;(Calculator.java:6)
	at io.michaelcane.Commands.&lt;init&gt;(Commands.java:5)
	at io.michaelcane.Calculator.&lt;init&gt;(Calculator.java:6)
	at io.michaelcane.Commands.&lt;init&gt;(Commands.java:5)
	at io.michaelcane.Calculator.&lt;init&gt;(Calculator.java:6)
	at io.michaelcane.Commands.&lt;init&gt;(Commands.java:5)
	at io.michaelcane.Calculator.&lt;init&gt;(Calculator.java:6)
	at io.michaelcane.Commands.&lt;init&gt;(Commands.java:5)
	at io.michaelcane.Calculator.&lt;init&gt;(Calculator.java:6)
	at io.michaelcane.Commands.&lt;init&gt;(Commands.java:5)
	at io.michaelcane.Calculator.&lt;init&gt;(Calculator.java:6)
	at io.michaelcane.Commands.&lt;init&gt;(Commands.java:5)
	at io.michaelcane.Calculator.&lt;init&gt;(Calculator.java:6)
	at io.michaelcane.Commands.&lt;init&gt;(Commands.java:5)
	at io.michaelcane.Calculator.&lt;init&gt;(Calculator.java:6)
	at io.michaelcane.Commands.&lt;init&gt;(Commands.java:5)
	at io.michaelcane.Calculator.&lt;init&gt;(Calculator.java:6)
	at io.michaelcane.Commands.&lt;init&gt;(Commands.java:5)
	at io.michaelcane.Calculator.&lt;init&gt;(Calculator.java:6)
	at io.michaelcane.Commands.&lt;init&gt;(Commands.java:5)
	at io.michaelcane.Calculator.&lt;init&gt;(Calculator.java:6)
	at io.michaelcane.Commands.&lt;init&gt;(Commands.java:5)
	at io.michaelcane.Calculator.&lt;init&gt;(Calculator.java:6)
	at io.michaelcane.Commands.&lt;init&gt;(Commands.java:5)
	at io.michaelcane.Calculator.&lt;init&gt;(Calculator.java:6)
	at io.michaelcane.Commands.&lt;init&gt;(Commands.java:5)
	at io.michaelcane.Calculator.&lt;init&gt;(Calculator.java:6)
	at io.michaelcane.Commands.&lt;init&gt;(Commands.java:5)
	at io.michaelcane.Calculator.&lt;init&gt;(Calculator.java:6)
	at io.michaelcane.Commands.&lt;init&gt;(Commands.java:5)
	at io.michaelcane.Calculator.&lt;init&gt;(Calculator.java:6)
	at io.michaelcane.Commands.&lt;init&gt;(Commands.java:5)
	at io.michaelcane.Calculator.&lt;init&gt;(Calculator.java:6)
	at io.michaelcane.Commands.&lt;init&gt;(Commands.java:5)
	at io.michaelcane.Calculator.&lt;init&gt;(Calculator.java:6)
	at io.michaelcane.Commands.&lt;init&gt;(Commands.java:5)
	at io.michaelcane.Calculator.&lt;init&gt;(Calculator.java:6)
	at io.michaelcane.Commands.&lt;init&gt;(Commands.java:5)
	at io.michaelcane.Calculator.&lt;init&gt;(Calculator.java:6)
	at io.michaelcane.Commands.&lt;init&gt;(Commands.java:5)
	at io.michaelcane.Calculator.&lt;init&gt;(Calculator.java:6)
	at io.michaelcane.Commands.&lt;init&gt;(Commands.java:5)
	at io.michaelcane.Calculator.&lt;init&gt;(Calculator.java:6)
	at io.michaelcane.Commands.&lt;init&gt;(Commands.java:5)
	at io.michaelcane.Calculator.&lt;init&gt;(Calculator.java:6)
	at io.michaelcane.Commands.&lt;init&gt;(Commands.java:5)
	at io.michaelcane.Calculator.&lt;init&gt;(Calculator.java:6)
	at io.michaelcane.Commands.&lt;init&gt;(Commands.java:5)
	at io.michaelcane.Calculator.&lt;init&gt;(Calculator.java:6)
	at io.michaelcane.Commands.&lt;init&gt;(Commands.java:5)
	at io.michaelcane.Calculator.&lt;init&gt;(Calculator.java:6)
	at io.michaelcane.Commands.&lt;init&gt;(Commands.java:5)
	at io.michaelcane.Calculator.&lt;init&gt;(Calculator.java:6)
	at io.michaelcane.Commands.&lt;init&gt;(Commands.java:5)
	at io.michaelcane.Calculator.&lt;init&gt;(Calculator.java:6)
	at io.michaelcane.Commands.&lt;init&gt;(Commands.java:5)
	at io.michaelcane.Calculator.&lt;init&gt;(Calculator.java:6)
	at io.michaelcane.Commands.&lt;init&gt;(Commands.java:5)
	at io.michaelcane.Calculator.&lt;init&gt;(Calculator.java:6)
	at io.michaelcane.Commands.&lt;init&gt;(Commands.java:5)
	at io.michaelcane.Calculator.&lt;init&gt;(Calculator.java:6)
	at io.michaelcane.Commands.&lt;init&gt;(Commands.java:5)
	at io.michaelcane.Calculator.&lt;init&gt;(Calculator.java:6)
	at io.michaelcane.Commands.&lt;init&gt;(Commands.java:5)
	at io.michaelcane.Calculator.&lt;init&gt;(Calculator.java:6)
	at io.michaelcane.Commands.&lt;init&gt;(Commands.java:5)
	at io.michaelcane.Calculator.&lt;init&gt;(Calculator.java:6)
	at io.michaelcane.Commands.&lt;init&gt;(Commands.java:5)
	at io.michaelcane.Calculator.&lt;init&gt;(Calculator.java:6)
	at io.michaelcane.Commands.&lt;init&gt;(Commands.java:5)
	at io.michaelcane.Calculator.&lt;init&gt;(Calculator.java:6)
	at io.michaelcane.Commands.&lt;init&gt;(Commands.java:5)
	at io.michaelcane.Calculator.&lt;init&gt;(Calculator.java:6)
	at io.michaelcane.Commands.&lt;init&gt;(Commands.java:5)
	at io.michaelcane.Calculator.&lt;init&gt;(Calculator.java:6)
	at io.michaelcane.Commands.&lt;init&gt;(Commands.java:5)
	at io.michaelcane.Calculator.&lt;init&gt;(Calculator.java:6)
	at io.michaelcane.Commands.&lt;init&gt;(Commands.java:5)
	at io.michaelcane.Calculator.&lt;init&gt;(Calculator.java:6)
	at io.michaelcane.Commands.&lt;init&gt;(Commands.java:5)
	at io.michaelcane.Calculator.&lt;init&gt;(Calculator.java:6)
	at io.michaelcane.Commands.&lt;init&gt;(Commands.java:5)
	at io.michaelcane.Calculator.&lt;init&gt;(Calculator.java:6)
	at io.michaelcane.Commands.&lt;init&gt;(Commands.java:5)
	at io.michaelcane.Calculator.&lt;init&gt;(Calculator.java:6)
	at io.michaelcane.Commands.&lt;init&gt;(Commands.java:5)
	at io.michaelcane.Calculator.&lt;init&gt;(Calculator.java:6)
	at io.michaelcane.Commands.&lt;init&gt;(Commands.java:5)
	at io.michaelcane.Calculator.&lt;init&gt;(Calculator.java:6)
	at io.michaelcane.Commands.&lt;init&gt;(Commands.java:5)
	at io.michaelcane.Calculator.&lt;init&gt;(Calculator.java:6)
	at io.michaelcane.Commands.&lt;init&gt;(Commands.java:5)
	at io.michaelcane.Calculator.&lt;init&gt;(Calculator.java:6)
	at io.michaelcane.Commands.&lt;init&gt;(Commands.java:5)
	at io.michaelcane.Calculator.&lt;init&gt;(Calculator.java:6)
	at io.michaelcane.Commands.&lt;init&gt;(Commands.java:5)
	at io.michaelcane.Calculator.&lt;init&gt;(Calculator.java:6)
	at io.michaelcane.Commands.&lt;init&gt;(Commands.java:5)
	at io.michaelcane.Calculator.&lt;init&gt;(Calculator.java:6)
	at io.michaelcane.Commands.&lt;init&gt;(Commands.java:5)
	at io.michaelcane.Calculator.&lt;init&gt;(Calculator.java:6)
	at io.michaelcane.Commands.&lt;init&gt;(Commands.java:5)
	at io.michaelcane.Calculator.&lt;init&gt;(Calculator.java:6)
	at io.michaelcane.Commands.&lt;init&gt;(Commands.java:5)
	at io.michaelcane.Calculator.&lt;init&gt;(Calculator.java:6)
	at io.michaelcane.Commands.&lt;init&gt;(Commands.java:5)
	at io.michaelcane.Calculator.&lt;init&gt;(Calculator.java:6)
	at io.michaelcane.Commands.&lt;init&gt;(Commands.java:5)
	at io.michaelcane.Calculator.&lt;init&gt;(Calculator.java:6)
	at io.michaelcane.Commands.&lt;init&gt;(Commands.java:5)
	at io.michaelcane.Calculator.&lt;init&gt;(Calculator.java:6)
	at io.michaelcane.Commands.&lt;init&gt;(Commands.java:5)
	at io.michaelcane.Calculator.&lt;init&gt;(Calculator.java:6)
	at io.michaelcane.Commands.&lt;init&gt;(Commands.java:5)
	at io.michaelcane.Calculator.&lt;init&gt;(Calculator.java:6)
	at io.michaelcane.Commands.&lt;init&gt;(Commands.java:5)
	at io.michaelcane.Calculator.&lt;init&gt;(Calculator.java:6)
	at io.michaelcane.Commands.&lt;init&gt;(Commands.java:5)
	at io.michaelcane.Calculator.&lt;init&gt;(Calculator.java:6)
	at io.michaelcane.Commands.&lt;init&gt;(Commands.java:5)
	at io.michaelcane.Calculator.&lt;init&gt;(Calculator.java:6)
	at io.michaelcane.Commands.&lt;init&gt;(Commands.java:5)
	at io.michaelcane.Calculator.&lt;init&gt;(Calculator.java:6)
	at io.michaelcane.Commands.&lt;init&gt;(Commands.java:5)
	at io.michaelcane.Calculator.&lt;init&gt;(Calculator.java:6)
	at io.michaelcane.Commands.&lt;init&gt;(Commands.java:5)
	at io.michaelcane.Calculator.&lt;init&gt;(Calculator.java:6)
	at io.michaelcane.Commands.&lt;init&gt;(Commands.java:5)
	at io.michaelcane.Calculator.&lt;init&gt;(Calculator.java:6)
	at io.michaelcane.Commands.&lt;init&gt;(Commands.java:5)
	at io.michaelcane.Calculator.&lt;init&gt;(Calculator.java:6)
	at io.michaelcane.Commands.&lt;init&gt;(Commands.java:5)
	at io.michaelcane.Calculator.&lt;init&gt;(Calculator.java:6)
	at io.michaelcane.Commands.&lt;init&gt;(Commands.java:5)
	at io.michaelcane.Calculator.&lt;init&gt;(Calculator.java:6)
	at io.michaelcane.Commands.&lt;init&gt;(Commands.java:5)
	at io.michaelcane.Calculator.&lt;init&gt;(Calculator.java:6)
	at io.michaelcane.Commands.&lt;init&gt;(Commands.java:5)
	at io.michaelcane.Calculator.&lt;init&gt;(Calculator.java:6)
	at io.michaelcane.Commands.&lt;init&gt;(Commands.java:5)
	at io.michaelcane.Calculator.&lt;init&gt;(Calculator.java:6)
	at io.michaelcane.Commands.&lt;init&gt;(Commands.java:5)
	at io.michaelcane.Calculator.&lt;init&gt;(Calculator.java:6)
	at io.michaelcane.Commands.&lt;init&gt;(Commands.java:5)
	at io.michaelcane.Calculator.&lt;init&gt;(Calculator.java:6)
	at io.michaelcane.Commands.&lt;init&gt;(Commands.java:5)
	at io.michaelcane.Calculator.&lt;init&gt;(Calculator.java:6)
	at io.michaelcane.Commands.&lt;init&gt;(Commands.java:5)
	at io.michaelcane.Calculator.&lt;init&gt;(Calculator.java:6)
	at io.michaelcane.Commands.&lt;init&gt;(Commands.java:5)
	at io.michaelcane.Calculator.&lt;init&gt;(Calculator.java:6)
	at io.michaelcane.Commands.&lt;init&gt;(Commands.java:5)
	at io.michaelcane.Calculator.&lt;init&gt;(Calculator.java:6)
	at io.michaelcane.Commands.&lt;init&gt;(Commands.java:5)
	at io.michaelcane.Calculator.&lt;init&gt;(Calculator.java:6)
	at io.michaelcane.Commands.&lt;init&gt;(Commands.java:5)
	at io.michaelcane.Calculator.&lt;init&gt;(Calculator.java:6)
	at io.michaelcane.Commands.&lt;init&gt;(Commands.java:5)
	at io.michaelcane.Calculator.&lt;init&gt;(Calculator.java:6)
	at io.michaelcane.Commands.&lt;init&gt;(Commands.java:5)
	at io.michaelcane.Calculator.&lt;init&gt;(Calculator.java:6)
	at io.michaelcane.Commands.&lt;init&gt;(Commands.java:5)
	at io.michaelcane.Calculator.&lt;init&gt;(Calculator.java:6)
	at io.michaelcane.Commands.&lt;init&gt;(Commands.java:5)
	at io.michaelcane.Calculator.&lt;init&gt;(Calculator.java:6)
	at io.michaelcane.Commands.&lt;init&gt;(Commands.java:5)
	at io.michaelcane.Calculator.&lt;init&gt;(Calculator.java:6)
	at io.michaelcane.Commands.&lt;init&gt;(Commands.java:5)
	at io.michaelcane.Calculator.&lt;init&gt;(Calculator.java:6)
	at io.michaelcane.Commands.&lt;init&gt;(Commands.java:5)
	at io.michaelcane.Calculator.&lt;init&gt;(Calculator.java:6)
	at io.michaelcane.Commands.&lt;init&gt;(Commands.java:5)
	at io.michaelcane.Calculator.&lt;init&gt;(Calculator.java:6)
	at io.michaelcane.Commands.&lt;init&gt;(Commands.java:5)
	at io.michaelcane.Calculator.&lt;init&gt;(Calculator.java:6)
	at io.michaelcane.Commands.&lt;init&gt;(Commands.java:5)
	at io.michaelcane.Calculator.&lt;init&gt;(Calculator.java:6)
	at io.michaelcane.Commands.&lt;init&gt;(Commands.java:5)
	at io.michaelcane.Calculator.&lt;init&gt;(Calculator.java:6)
	at io.michaelcane.Commands.&lt;init&gt;(Commands.java:5)
	at io.michaelcane.Calculator.&lt;init&gt;(Calculator.java:6)
	at io.michaelcane.Commands.&lt;init&gt;(Commands.java:5)
	at io.michaelcane.Calculator.&lt;init&gt;(Calculator.java:6)
	at io.michaelcane.Commands.&lt;init&gt;(Commands.java:5)
	at io.michaelcane.Calculator.&lt;init&gt;(Calculator.java:6)
	at io.michaelcane.Commands.&lt;init&gt;(Commands.java:5)
	at io.michaelcane.Calculator.&lt;init&gt;(Calculator.java:6)
	at io.michaelcane.Commands.&lt;init&gt;(Commands.java:5)
	at io.michaelcane.Calculator.&lt;init&gt;(Calculator.java:6)
	at io.michaelcane.Commands.&lt;init&gt;(Commands.java:5)
	at io.michaelcane.Calculator.&lt;init&gt;(Calculator.java:6)
	at io.michaelcane.Commands.&lt;init&gt;(Commands.java:5)
	at io.michaelcane.Calculator.&lt;init&gt;(Calculator.java:6)
	at io.michaelcane.Commands.&lt;init&gt;(Commands.java:5)
	at io.michaelcane.Calculator.&lt;init&gt;(Calculator.java:6)
	at io.michaelcane.Commands.&lt;init&gt;(Commands.java:5)
	at io.michaelcane.Calculator.&lt;init&gt;(Calculator.java:6)
	at io.michaelcane.Commands.&lt;init&gt;(Commands.java:5)
	at io.michaelcane.Calculator.&lt;init&gt;(Calculator.java:6)
	at io.michaelcane.Commands.&lt;init&gt;(Commands.java:5)
	at io.michaelcane.Calculator.&lt;init&gt;(Calculator.java:6)
	at io.michaelcane.Commands.&lt;init&gt;(Commands.java:5)
	at io.michaelcane.Calculator.&lt;init&gt;(Calculator.java:6)
	at io.michaelcane.Commands.&lt;init&gt;(Commands.java:5)
	at io.michaelcane.Calculator.&lt;init&gt;(Calculator.java:6)
	at io.michaelcane.Commands.&lt;init&gt;(Commands.java:5)
	at io.michaelcane.Calculator.&lt;init&gt;(Calculator.java:6)
	at io.michaelcane.Commands.&lt;init&gt;(Commands.java:5)
	at io.michaelcane.Calculator.&lt;init&gt;(Calculator.java:6)
	at io.michaelcane.Commands.&lt;init&gt;(Commands.java:5)
	at io.michaelcane.Calculator.&lt;init&gt;(Calculator.java:6)
	at io.michaelcane.Commands.&lt;init&gt;(Commands.java:5)
	at io.michaelcane.Calculator.&lt;init&gt;(Calculator.java:6)
	at io.michaelcane.Commands.&lt;init&gt;(Commands.java:5)
	at io.michaelcane.Calculator.&lt;init&gt;(Calculator.java:6)
	at io.michaelcane.Commands.&lt;init&gt;(Commands.java:5)
	at io.michaelcane.Calculator.&lt;init&gt;(Calculator.java:6)
	at io.michaelcane.Commands.&lt;init&gt;(Commands.java:5)
	at io.michaelcane.Calculator.&lt;init&gt;(Calculator.java:6)
	at io.michaelcane.Commands.&lt;init&gt;(Commands.java:5)
	at io.michaelcane.Calculator.&lt;init&gt;(Calculator.java:6)
	at io.michaelcane.Commands.&lt;init&gt;(Commands.java:5)
	at io.michaelcane.Calculator.&lt;init&gt;(Calculator.java:6)
	at io.michaelcane.Commands.&lt;init&gt;(Commands.java:5)
	at io.michaelcane.Calculator.&lt;init&gt;(Calculator.java:6)
	at io.michaelcane.Commands.&lt;init&gt;(Commands.java:5)
	at io.michaelcane.Calculator.&lt;init&gt;(Calculator.java:6)
	at io.michaelcane.Commands.&lt;init&gt;(Commands.java:5)
	at io.michaelcane.Calculator.&lt;init&gt;(Calculator.java:6)
	at io.michaelcane.Commands.&lt;init&gt;(Commands.java:5)
	at io.michaelcane.Calculator.&lt;init&gt;(Calculator.java:6)
	at io.michaelcane.Commands.&lt;init&gt;(Commands.java:5)
	at io.michaelcane.Calculator.&lt;init&gt;(Calculator.java:6)
	at io.michaelcane.Commands.&lt;init&gt;(Commands.java:5)
	at io.michaelcane.Calculator.&lt;init&gt;(Calculator.java:6)
	at io.michaelcane.Commands.&lt;init&gt;(Commands.java:5)
	at io.michaelcane.Calculator.&lt;init&gt;(Calculator.java:6)
	at io.michaelcane.Commands.&lt;init&gt;(Commands.java:5)
	at io.michaelcane.Calculator.&lt;init&gt;(Calculator.java:6)
	at io.michaelcane.Commands.&lt;init&gt;(Commands.java:5)
	at io.michaelcane.Calculator.&lt;init&gt;(Calculator.java:6)
	at io.michaelcane.Commands.&lt;init&gt;(Commands.java:5)
	at io.michaelcane.Calculator.&lt;init&gt;(Calculator.java:6)
	at io.michaelcane.Commands.&lt;init&gt;(Commands.java:5)
	at io.michaelcane.Calculator.&lt;init&gt;(Calculator.java:6)
	at io.michaelcane.Commands.&lt;init&gt;(Commands.java:5)
	at io.michaelcane.Calculator.&lt;init&gt;(Calculator.java:6)
	at io.michaelcane.Commands.&lt;init&gt;(Commands.java:5)
	at io.michaelcane.Calculator.&lt;init&gt;(Calculator.java:6)
	at io.michaelcane.Commands.&lt;init&gt;(Commands.java:5)
	at io.michaelcane.Calculator.&lt;init&gt;(Calculator.java:6)
	at io.michaelcane.Commands.&lt;init&gt;(Commands.java:5)
	at io.michaelcane.Calculator.&lt;init&gt;(Calculator.java:6)
	at io.michaelcane.Commands.&lt;init&gt;(Commands.java:5)
	at io.michaelcane.Calculator.&lt;init&gt;(Calculator.java:6)
	at io.michaelcane.Commands.&lt;init&gt;(Commands.java:5)
	at io.michaelcane.Calculator.&lt;init&gt;(Calculator.java:6)
	at io.michaelcane.Commands.&lt;init&gt;(Commands.java:5)
	at io.michaelcane.Calculator.&lt;init&gt;(Calculator.java:6)
	at io.michaelcane.Commands.&lt;init&gt;(Commands.java:5)
	at io.michaelcane.Calculator.&lt;init&gt;(Calculator.java:6)
	at io.michaelcane.Commands.&lt;init&gt;(Commands.java:5)
	at io.michaelcane.Calculator.&lt;init&gt;(Calculator.java:6)
	at io.michaelcane.Commands.&lt;init&gt;(Commands.java:5)
	at io.michaelcane.Calculator.&lt;init&gt;(Calculator.java:6)
	at io.michaelcane.Commands.&lt;init&gt;(Commands.java:5)
	at io.michaelcane.Calculator.&lt;init&gt;(Calculator.java:6)
	at io.michaelcane.Commands.&lt;init&gt;(Commands.java:5)
	at io.michaelcane.Calculator.&lt;init&gt;(Calculator.java:6)
	at io.michaelcane.Commands.&lt;init&gt;(Commands.java:5)
	at io.michaelcane.Calculator.&lt;init&gt;(Calculator.java:6)
	at io.michaelcane.Commands.&lt;init&gt;(Commands.java:5)
	at io.michaelcane.Calculator.&lt;init&gt;(Calculator.java:6)
	at io.michaelcane.Commands.&lt;init&gt;(Commands.java:5)
	at io.michaelcane.Calculator.&lt;init&gt;(Calculator.java:6)
	at io.michaelcane.Commands.&lt;init&gt;(Commands.java:5)
	at io.michaelcane.Calculator.&lt;init&gt;(Calculator.java:6)
	at io.michaelcane.Commands.&lt;init&gt;(Commands.java:5)
	at io.michaelcane.Calculator.&lt;init&gt;(Calculator.java:6)
	at io.michaelcane.Commands.&lt;init&gt;(Commands.java:5)
	at io.michaelcane.Calculator.&lt;init&gt;(Calculator.java:6)
	at io.michaelcane.Commands.&lt;init&gt;(Commands.java:5)
	at io.michaelcane.Calculator.&lt;init&gt;(Calculator.java:6)
	at io.michaelcane.Commands.&lt;init&gt;(Commands.java:5)
	at io.michaelcane.Calculator.&lt;init&gt;(Calculator.java:6)
	at io.michaelcane.Commands.&lt;init&gt;(Commands.java:5)
	at io.michaelcane.Calculator.&lt;init&gt;(Calculator.java:6)
	at io.michaelcane.Commands.&lt;init&gt;(Commands.java:5)
	at io.michaelcane.Calculator.&lt;init&gt;(Calculator.java:6)
	at io.michaelcane.Commands.&lt;init&gt;(Commands.java:5)
	at io.michaelcane.Calculator.&lt;init&gt;(Calculator.java:6)
	at io.michaelcane.Commands.&lt;init&gt;(Commands.java:5)
	at io.michaelcane.Calculator.&lt;init&gt;(Calculator.java:6)
	at io.michaelcane.Commands.&lt;init&gt;(Commands.java:5)
	at io.michaelcane.Calculator.&lt;init&gt;(Calculator.java:6)
	at io.michaelcane.Commands.&lt;init&gt;(Commands.java:5)
	at io.michaelcane.Calculator.&lt;init&gt;(Calculator.java:6)
	at io.michaelcane.Commands.&lt;init&gt;(Commands.java:5)
	at io.michaelcane.Calculator.&lt;init&gt;(Calculator.java:6)
	at io.michaelcane.Commands.&lt;init&gt;(Commands.java:5)
	at io.michaelcane.Calculator.&lt;init&gt;(Calculator.java:6)
	at io.michaelcane.Commands.&lt;init&gt;(Commands.java:5)
	at io.michaelcane.Calculator.&lt;init&gt;(Calculator.java:6)
	at io.michaelcane.Commands.&lt;init&gt;(Commands.java:5)
	at io.michaelcane.Calculator.&lt;init&gt;(Calculator.java:6)
	at io.michaelcane.Commands.&lt;init&gt;(Commands.java:5)
	at io.michaelcane.Calculator.&lt;init&gt;(Calculator.java:6)
	at io.michaelcane.Commands.&lt;init&gt;(Commands.java:5)
	at io.michaelcane.Calculator.&lt;init&gt;(Calculator.java:6)
	at io.michaelcane.Commands.&lt;init&gt;(Commands.java:5)
	at io.michaelcane.Calculator.&lt;init&gt;(Calculator.java:6)
	at io.michaelcane.Commands.&lt;init&gt;(Commands.java:5)
	at io.michaelcane.Calculator.&lt;init&gt;(Calculator.java:6)
	at io.michaelcane.Commands.&lt;init&gt;(Commands.java:5)
	at io.michaelcane.Calculator.&lt;init&gt;(Calculator.java:6)
	at io.michaelcane.Commands.&lt;init&gt;(Commands.java:5)
	at io.michaelcane.Calculator.&lt;init&gt;(Calculator.java:6)
	at io.michaelcane.Commands.&lt;init&gt;(Commands.java:5)
	at io.michaelcane.Calculator.&lt;init&gt;(Calculator.java:6)
	at io.michaelcane.Commands.&lt;init&gt;(Commands.java:5)
	at io.michaelcane.Calculator.&lt;init&gt;(Calculator.java:6)
	at io.michaelcane.Commands.&lt;init&gt;(Commands.java:5)
	at io.michaelcane.Calculator.&lt;init&gt;(Calculator.java:6)
	at io.michaelcane.Commands.&lt;init&gt;(Commands.java:5)
	at io.michaelcane.Calculator.&lt;init&gt;(Calculator.java:6)
	at io.michaelcane.Commands.&lt;init&gt;(Commands.java:5)
	at io.michaelcane.Calculator.&lt;init&gt;(Calculator.java:6)
	at io.michaelcane.Commands.&lt;init&gt;(Commands.java:5)
	at io.michaelcane.Calculator.&lt;init&gt;(Calculator.java:6)
	at io.michaelcane.Commands.&lt;init&gt;(Commands.java:5)
	at io.michaelcane.Calculator.&lt;init&gt;(Calculator.java:6)
	at io.michaelcane.Commands.&lt;init&gt;(Commands.java:5)
	at io.michaelcane.Calculator.&lt;init&gt;(Calculator.java:6)
	at io.michaelcane.Commands.&lt;init&gt;(Commands.java:5)
	at io.michaelcane.Calculator.&lt;init&gt;(Calculator.java:6)
	at io.michaelcane.Commands.&lt;init&gt;(Commands.java:5)
	at io.michaelcane.Calculator.&lt;init&gt;(Calculator.java:6)
	at io.michaelcane.Commands.&lt;init&gt;(Commands.java:5)
	at io.michaelcane.Calculator.&lt;init&gt;(Calculator.java:6)
	at io.michaelcane.Commands.&lt;init&gt;(Commands.java:5)
	at io.michaelcane.Calculator.&lt;init&gt;(Calculator.java:6)
	at io.michaelcane.Commands.&lt;init&gt;(Commands.java:5)
	at io.michaelcane.Calculator.&lt;init&gt;(Calculator.java:6)
	at io.michaelcane.Commands.&lt;init&gt;(Commands.java:5)
	at io.michaelcane.Calculator.&lt;init&gt;(Calculator.java:6)
	at io.michaelcane.Commands.&lt;init&gt;(Commands.java:5)
	at io.michaelcane.Calculator.&lt;init&gt;(Calculator.java:6)
	at io.michaelcane.Commands.&lt;init&gt;(Commands.java:5)
	at io.michaelcane.Calculator.&lt;init&gt;(Calculator.java:6)
	at io.michaelcane.Commands.&lt;init&gt;(Commands.java:5)
	at io.michaelcane.Calculator.&lt;init&gt;(Calculator.java:6)
	at io.michaelcane.Commands.&lt;init&gt;(Commands.java:5)
	at io.michaelcane.Calculator.&lt;init&gt;(Calculator.java:6)
	at io.michaelcane.Commands.&lt;init&gt;(Commands.java:5)
	at io.michaelcane.Calculator.&lt;init&gt;(Calculator.java:6)
	at io.michaelcane.Commands.&lt;init&gt;(Commands.java:5)
	at io.michaelcane.Calculator.&lt;init&gt;(Calculator.java:6)
	at io.michaelcane.Commands.&lt;init&gt;(Commands.java:5)
	at io.michaelcane.Calculator.&lt;init&gt;(Calculator.java:6)
	at io.michaelcane.Commands.&lt;init&gt;(Commands.java:5)
	at io.michaelcane.Calculator.&lt;init&gt;(Calculator.java:6)
	at io.michaelcane.Commands.&lt;init&gt;(Commands.java:5)
	at io.michaelcane.Calculator.&lt;init&gt;(Calculator.java:6)
	at io.michaelcane.Commands.&lt;init&gt;(Commands.java:5)
	at io.michaelcane.Calculator.&lt;init&gt;(Calculator.java:6)
	at io.michaelcane.Commands.&lt;init&gt;(Commands.java:5)
	at io.michaelcane.Calculator.&lt;init&gt;(Calculator.java:6)
	at io.michaelcane.Commands.&lt;init&gt;(Commands.java:5)
	at io.michaelcane.Calculator.&lt;init&gt;(Calculator.java:6)
	at io.michaelcane.Commands.&lt;init&gt;(Commands.java:5)
	at io.michaelcane.Calculator.&lt;init&gt;(Calculator.java:6)
	at io.michaelcane.Commands.&lt;init&gt;(Commands.java:5)
	at io.michaelcane.Calculator.&lt;init&gt;(Calculator.java:6)
	at io.michaelcane.Commands.&lt;init&gt;(Commands.java:5)
	at io.michaelcane.Calculator.&lt;init&gt;(Calculator.java:6)
	at io.michaelcane.Commands.&lt;init&gt;(Commands.java:5)
	at io.michaelcane.Calculator.&lt;init&gt;(Calculator.java:6)
	at io.michaelcane.Commands.&lt;init&gt;(Commands.java:5)
	at io.michaelcane.Calculator.&lt;init&gt;(Calculator.java:6)
	at io.michaelcane.Commands.&lt;init&gt;(Commands.java:5)
	at io.michaelcane.Calculator.&lt;init&gt;(Calculator.java:6)
	at io.michaelcane.Commands.&lt;init&gt;(Commands.java:5)
	at io.michaelcane.Calculator.&lt;init&gt;(Calculator.java:6)
	at io.michaelcane.Commands.&lt;init&gt;(Commands.java:5)
	at io.michaelcane.Calculator.&lt;init&gt;(Calculator.java:6)
	at io.michaelcane.Commands.&lt;init&gt;(Commands.java:5)
	at io.michaelcane.Calculator.&lt;init&gt;(Calculator.java:6)
	at io.michaelcane.Commands.&lt;init&gt;(Commands.java:5)
	at io.michaelcane.Calculator.&lt;init&gt;(Calculator.java:6)
	at io.michaelcane.Commands.&lt;init&gt;(Commands.java:5)
	at io.michaelcane.Calculator.&lt;init&gt;(Calculator.java:6)
	at io.michaelcane.Commands.&lt;init&gt;(Commands.java:5)
	at io.michaelcane.Calculator.&lt;init&gt;(Calculator.java:6)
	at io.michaelcane.Commands.&lt;init&gt;(Commands.java:5)
	at io.michaelcane.Calculator.&lt;init&gt;(Calculator.java:6)
	at io.michaelcane.Commands.&lt;init&gt;(Commands.java:5)
	at io.michaelcane.Calculator.&lt;init&gt;(Calculator.java:6)
	at io.michaelcane.Commands.&lt;init&gt;(Commands.java:5)
	at io.michaelcane.Calculator.&lt;init&gt;(Calculator.java:6)
	at io.michaelcane.Commands.&lt;init&gt;(Commands.java:5)
	at io.michaelcane.Calculator.&lt;init&gt;(Calculator.java:6)
	at io.michaelcane.Commands.&lt;init&gt;(Commands.java:5)
	at io.michaelcane.Calculator.&lt;init&gt;(Calculator.java:6)
	at io.michaelcane.Commands.&lt;init&gt;(Commands.java:5)
	at io.michaelcane.Calculator.&lt;init&gt;(Calculator.java:6)
	at io.michaelcane.Commands.&lt;init&gt;(Commands.java:5)
	at io.michaelcane.Calculator.&lt;init&gt;(Calculator.java:6)
	at io.michaelcane.Commands.&lt;init&gt;(Commands.java:5)
	at io.michaelcane.Calculator.&lt;init&gt;(Calculator.java:6)
	at io.michaelcane.Commands.&lt;init&gt;(Commands.java:5)
	at io.michaelcane.Calculator.&lt;init&gt;(Calculator.java:6)
	at io.michaelcane.Commands.&lt;init&gt;(Commands.java:5)
	at io.michaelcane.Calculator.&lt;init&gt;(Calculator.java:6)
	at io.michaelcane.Commands.&lt;init&gt;(Commands.java:5)
	at io.michaelcane.Calculator.&lt;init&gt;(Calculator.java:6)
	at io.michaelcane.Commands.&lt;init&gt;(Commands.java:5)
	at io.michaelcane.Calculator.&lt;init&gt;(Calculator.java:6)
	at io.michaelcane.Commands.&lt;init&gt;(Commands.java:5)
	at io.michaelcane.Calculator.&lt;init&gt;(Calculator.java:6)
	at io.michaelcane.Commands.&lt;init&gt;(Commands.java:5)
	at io.michaelcane.Calculator.&lt;init&gt;(Calculator.java:6)
	at io.michaelcane.Commands.&lt;init&gt;(Commands.java:5)
	at io.michaelcane.Calculator.&lt;init&gt;(Calculator.java:6)
	at io.michaelcane.Commands.&lt;init&gt;(Commands.java:5)
	at io.michaelcane.Calculator.&lt;init&gt;(Calculator.java:6)
	at io.michaelcane.Commands.&lt;init&gt;(Commands.java:5)
	at io.michaelcane.Calculator.&lt;init&gt;(Calculator.java:6)
	at io.michaelcane.Commands.&lt;init&gt;(Commands.java:5)
	at io.michaelcane.Calculator.&lt;init&gt;(Calculator.java:6)
	at io.michaelcane.Commands.&lt;init&gt;(Commands.java:5)
	at io.michaelcane.Calculator.&lt;init&gt;(Calculator.java:6)
	at io.michaelcane.Commands.&lt;init&gt;(Commands.java:5)
	at io.michaelcane.Calculator.&lt;init&gt;(Calculator.java:6)
	at io.michaelcane.Commands.&lt;init&gt;(Commands.java:5)
	at io.michaelcane.Calculator.&lt;init&gt;(Calculator.java:6)
	at io.michaelcane.Commands.&lt;init&gt;(Commands.java:5)
	at io.michaelcane.Calculator.&lt;init&gt;(Calculator.java:6)
	at io.michaelcane.Commands.&lt;init&gt;(Commands.java:5)
	at io.michaelcane.Calculator.&lt;init&gt;(Calculator.java:6)
	at io.michaelcane.Commands.&lt;init&gt;(Commands.java:5)
	at io.michaelcane.Calculator.&lt;init&gt;(Calculator.java:6)
	at io.michaelcane.Commands.&lt;init&gt;(Commands.java:5)
	at io.michaelcane.Calculator.&lt;init&gt;(Calculator.java:6)
	at io.michaelcane.Commands.&lt;init&gt;(Commands.java:5)
	at io.michaelcane.Calculator.&lt;init&gt;(Calculator.java:6)
	at io.michaelcane.Commands.&lt;init&gt;(Commands.java:5)
	at io.michaelcane.Calculator.&lt;init&gt;(Calculator.java:6)
	at io.michaelcane.Commands.&lt;init&gt;(Commands.java:5)
	at io.michaelcane.Calculator.&lt;init&gt;(Calculator.java:6)
	at io.michaelcane.Commands.&lt;init&gt;(Commands.java:5)
	at io.michaelcane.Calculator.&lt;init&gt;(Calculator.java:6)
	at io.michaelcane.Commands.&lt;init&gt;(Commands.java:5)
	at io.michaelcane.Calculator.&lt;init&gt;(Calculator.java:6)
	at io.michaelcane.Commands.&lt;init&gt;(Commands.java:5)
	at io.michaelcane.Calculator.&lt;init&gt;(Calculator.java:6)
	at io.michaelcane.Commands.&lt;init&gt;(Commands.java:5)
	at io.michaelcane.Calculator.&lt;init&gt;(Calculator.java:6)
	at io.michaelcane.Commands.&lt;init&gt;(Commands.java:5)
	at io.michaelcane.Calculator.&lt;init&gt;(Calculator.java:6)
	at io.michaelcane.Commands.&lt;init&gt;(Commands.java:5)
	at io.michaelcane.Calculator.&lt;init&gt;(Calculator.java:6)
	at io.michaelcane.Commands.&lt;init&gt;(Commands.java:5)
	at io.michaelcane.Calculator.&lt;init&gt;(Calculator.java:6)
	at io.michaelcane.Commands.&lt;init&gt;(Commands.java:5)
	at io.michaelcane.Calculator.&lt;init&gt;(Calculator.java:6)
	at io.michaelcane.Commands.&lt;init&gt;(Commands.java:5)
	at io.michaelcane.Calculator.&lt;init&gt;(Calculator.java:6)
	at io.michaelcane.Commands.&lt;init&gt;(Commands.java:5)
	at io.michaelcane.Calculator.&lt;init&gt;(Calculator.java:6)
	at io.michaelcane.Commands.&lt;init&gt;(Commands.java:5)
	at io.michaelcane.Calculator.&lt;init&gt;(Calculator.java:6)
	at io.michaelcane.Commands.&lt;init&gt;(Commands.java:5)
	at io.michaelcane.Calculator.&lt;init&gt;(Calculator.java:6)
	at io.michaelcane.Commands.&lt;init&gt;(Commands.java:5)
	at io.michaelcane.Calculator.&lt;init&gt;(Calculator.java:6)
	at io.michaelcane.Commands.&lt;init&gt;(Commands.java:5)
	at io.michaelcane.Calculator.&lt;init&gt;(Calculator.java:6)
	at io.michaelcane.Commands.&lt;init&gt;(Commands.java:5)
	at io.michaelcane.Calculator.&lt;init&gt;(Calculator.java:6)
	at io.michaelcane.Commands.&lt;init&gt;(Commands.java:5)
	at io.michaelcane.Calculator.&lt;init&gt;(Calculator.java:6)
	at io.michaelcane.Commands.&lt;init&gt;(Commands.java:5)
	at io.michaelcane.Calculator.&lt;init&gt;(Calculator.java:6)
	at io.michaelcane.Commands.&lt;init&gt;(Commands.java:5)
	at io.michaelcane.Calculator.&lt;init&gt;(Calculator.java:6)
	at io.michaelcane.Commands.&lt;init&gt;(Commands.java:5)
	at io.michaelcane.Calculator.&lt;init&gt;(Calculator.java:6)
	at io.michaelcane.Commands.&lt;init&gt;(Commands.java:5)
	at io.michaelcane.Calculator.&lt;init&gt;(Calculator.java:6)
	at io.michaelcane.Commands.&lt;init&gt;(Commands.java:5)
	at io.michaelcane.Calculator.&lt;init&gt;(Calculator.java:6)
	at io.michaelcane.Commands.&lt;init&gt;(Commands.java:5)
	at io.michaelcane.Calculator.&lt;init&gt;(Calculator.java:6)
	at io.michaelcane.Commands.&lt;init&gt;(Commands.java:5)
	at io.michaelcane.Calculator.&lt;init&gt;(Calculator.java:6)
	at io.michaelcane.Commands.&lt;init&gt;(Commands.java:5)
	at io.michaelcane.Calculator.&lt;init&gt;(Calculator.java:6)
	at io.michaelcane.Commands.&lt;init&gt;(Commands.java:5)
	at io.michaelcane.Calculator.&lt;init&gt;(Calculator.java:6)
	at io.michaelcane.Commands.&lt;init&gt;(Commands.java:5)
	at io.michaelcane.Calculator.&lt;init&gt;(Calculator.java:6)
	at io.michaelcane.Commands.&lt;init&gt;(Commands.java:5)
	at io.michaelcane.Calculator.&lt;init&gt;(Calculator.java:6)
	at io.michaelcane.Commands.&lt;init&gt;(Commands.java:5)
	at io.michaelcane.Calculator.&lt;init&gt;(Calculator.java:6)
	at io.michaelcane.Commands.&lt;init&gt;(Commands.java:5)
	at io.michaelcane.Calculator.&lt;init&gt;(Calculator.java:6)
	at io.michaelcane.Commands.&lt;init&gt;(Commands.java:5)
	at io.michaelcane.Calculator.&lt;init&gt;(Calculator.java:6)
	at io.michaelcane.Commands.&lt;init&gt;(Commands.java:5)
	at io.michaelcane.Calculator.&lt;init&gt;(Calculator.java:6)
	at io.michaelcane.Commands.&lt;init&gt;(Commands.java:5)
	at io.michaelcane.Calculator.&lt;init&gt;(Calculator.java:6)
	at io.michaelcane.Commands.&lt;init&gt;(Commands.java:5)
	at io.michaelcane.Calculator.&lt;init&gt;(Calculator.java:6)
	at io.michaelcane.Commands.&lt;init&gt;(Commands.java:5)
	at io.michaelcane.Calculator.&lt;init&gt;(Calculator.java:6)
	at io.michaelcane.Commands.&lt;init&gt;(Commands.java:5)
	at io.michaelcane.Calculator.&lt;init&gt;(Calculator.java:6)
	at io.michaelcane.Commands.&lt;init&gt;(Commands.java:5)
	at io.michaelcane.Calculator.&lt;init&gt;(Calculator.java:6)
	at io.michaelcane.Commands.&lt;init&gt;(Commands.java:5)
	at io.michaelcane.Calculator.&lt;init&gt;(Calculator.java:6)
	at io.michaelcane.Commands.&lt;init&gt;(Commands.java:5)
	at io.michaelcane.Calculator.&lt;init&gt;(Calculator.java:6)
	at io.michaelcane.Commands.&lt;init&gt;(Commands.java:5)
	at io.michaelcane.Calculator.&lt;init&gt;(Calculator.java:6)
	at io.michaelcane.Commands.&lt;init&gt;(Commands.java:5)
	at io.michaelcane.Calculator.&lt;init&gt;(Calculator.java:6)
	at io.michaelcane.Commands.&lt;init&gt;(Commands.java:5)
	at io.michaelcane.Calculator.&lt;init&gt;(Calculator.java:6)
	at io.michaelcane.Commands.&lt;init&gt;(Commands.java:5)
	at io.michaelcane.Calculator.&lt;init&gt;(Calculator.java:6)
	at io.michaelcane.Commands.&lt;init&gt;(Commands.java:5)
	at io.michaelcane.Calculator.&lt;init&gt;(Calculator.java:6)
	at io.michaelcane.Commands.&lt;init&gt;(Commands.java:5)
	at io.michaelcane.Calculator.&lt;init&gt;(Calculator.java:6)
	at io.michaelcane.Commands.&lt;init&gt;(Commands.java:5)
	at io.michaelcane.Calculator.&lt;init&gt;(Calculator.java:6)
	at io.michaelcane.Commands.&lt;init&gt;(Commands.java:5)
	at io.michaelcane.Calculator.&lt;init&gt;(Calculator.java:6)
	at io.michaelcane.Commands.&lt;init&gt;(Commands.java:5)
	at io.michaelcane.Calculator.&lt;init&gt;(Calculator.java:6)
	at io.michaelcane.Commands.&lt;init&gt;(Commands.java:5)
	at io.michaelcane.Calculator.&lt;init&gt;(Calculator.java:6)
	at io.michaelcane.Commands.&lt;init&gt;(Commands.java:5)
	at io.michaelcane.Calculator.&lt;init&gt;(Calculator.java:6)
	at io.michaelcane.Commands.&lt;init&gt;(Commands.java:5)
	at io.michaelcane.Calculator.&lt;init&gt;(Calculator.java:6)
	at io.michaelcane.Commands.&lt;init&gt;(Commands.java:5)
	at io.michaelcane.Calculator.&lt;init&gt;(Calculator.java:6)
	at io.michaelcane.Commands.&lt;init&gt;(Commands.java:5)
	at io.michaelcane.Calculator.&lt;init&gt;(Calculator.java:6)
	at io.michaelcane.Commands.&lt;init&gt;(Commands.java:5)
	at io.michaelcane.Calculator.&lt;init&gt;(Calculator.java:6)
	at io.michaelcane.Commands.&lt;init&gt;(Commands.java:5)
	at io.michaelcane.Calculator.&lt;init&gt;(Calculator.java:6)
	at io.michaelcane.Commands.&lt;init&gt;(Commands.java:5)
	at io.michaelcane.Calculator.&lt;init&gt;(Calculator.java:6)
	at io.michaelcane.Commands.&lt;init&gt;(Commands.java:5)
	at io.michaelcane.Calculator.&lt;init&gt;(Calculator.java:6)
	at io.michaelcane.Commands.&lt;init&gt;(Commands.java:5)
	at io.michaelcane.Calculator.&lt;init&gt;(Calculator.java:6)
	at io.michaelcane.Commands.&lt;init&gt;(Commands.java:5)
	at io.michaelcane.Calculator.&lt;init&gt;(Calculator.java:6)
	at io.michaelcane.Commands.&lt;init&gt;(Commands.java:5)
	at io.michaelcane.Calculator.&lt;init&gt;(Calculator.java:6)
	at io.michaelcane.Commands.&lt;init&gt;(Commands.java:5)
	at io.michaelcane.Calculator.&lt;init&gt;(Calculator.java:6)
	at io.michaelcane.Commands.&lt;init&gt;(Commands.java:5)
	at io.michaelcane.Calculator.&lt;init&gt;(Calculator.java:6)
	at io.michaelcane.Commands.&lt;init&gt;(Commands.java:5)
	at io.michaelcane.Calculator.&lt;init&gt;(Calculator.java:6)
	at io.michaelcane.Commands.&lt;init&gt;(Commands.java:5)
	at io.michaelcane.Calculator.&lt;init&gt;(Calculator.java:6)
	at io.michaelcane.Commands.&lt;init&gt;(Commands.java:5)
	at io.michaelcane.Calculator.&lt;init&gt;(Calculator.java:6)
	at io.michaelcane.Commands.&lt;init&gt;(Commands.java:5)
	at io.michaelcane.Calculator.&lt;init&gt;(Calculator.java:6)
	at io.michaelcane.Commands.&lt;init&gt;(Commands.java:5)
	at io.michaelcane.Calculator.&lt;init&gt;(Calculator.java:6)
	at io.michaelcane.Commands.&lt;init&gt;(Commands.java:5)
	at io.michaelcane.Calculator.&lt;init&gt;(Calculator.java:6)
	at io.michaelcane.Commands.&lt;init&gt;(Commands.java:5)
	at io.michaelcane.Calculator.&lt;init&gt;(Calculator.java:6)
	at io.michaelcane.Commands.&lt;init&gt;(Commands.java:5)
	at io.michaelcane.Calculator.&lt;init&gt;(Calculator.java:6)
	at io.michaelcane.Commands.&lt;init&gt;(Commands.java:5)
	at io.michaelcane.Calculator.&lt;init&gt;(Calculator.java:6)
	at io.michaelcane.Commands.&lt;init&gt;(Commands.java:5)
	at io.michaelcane.Calculator.&lt;init&gt;(Calculator.java:6)
	at io.michaelcane.Commands.&lt;init&gt;(Commands.java:5)
	at io.michaelcane.Calculator.&lt;init&gt;(Calculator.java:6)
	at io.michaelcane.Commands.&lt;init&gt;(Commands.java:5)
	at io.michaelcane.Calculator.&lt;init&gt;(Calculator.java:6)
	at io.michaelcane.Commands.&lt;init&gt;(Commands.java:5)
	at io.michaelcane.Calculator.&lt;init&gt;(Calculator.java:6)
	at io.michaelcane.Commands.&lt;init&gt;(Commands.java:5)
	at io.michaelcane.Calculator.&lt;init&gt;(Calculator.java:6)
	at io.michaelcane.Commands.&lt;init&gt;(Commands.java:5)
	at io.michaelcane.Calculator.&lt;init&gt;(Calculator.java:6)
	at io.michaelcane.Commands.&lt;init&gt;(Commands.java:5)
	at io.michaelcane.Calculator.&lt;init&gt;(Calculator.java:6)
	at io.michaelcane.Commands.&lt;init&gt;(Commands.java:5)
	at io.michaelcane.Calculator.&lt;init&gt;(Calculator.java:6)
	at io.michaelcane.Commands.&lt;init&gt;(Commands.java:5)
	at io.michaelcane.Calculator.&lt;init&gt;(Calculator.java:6)
	at io.michaelcane.Commands.&lt;init&gt;(Commands.java:5)
	at io.michaelcane.Calculator.&lt;init&gt;(Calculator.java:6)
	at io.michaelcane.Commands.&lt;init&gt;(Commands.java:5)
	at io.michaelcane.Calculator.&lt;init&gt;(Calculator.java:6)
	at io.michaelcane.Commands.&lt;init&gt;(Commands.java:5)
	at io.michaelcane.Calculator.&lt;init&gt;(Calculator.java:6)
	at io.michaelcane.Commands.&lt;init&gt;(Commands.java:5)
	at io.michaelcane.Calculator.&lt;init&gt;(Calculator.java:6)
	at io.michaelcane.Commands.&lt;init&gt;(Commands.java:5)
	at io.michaelcane.Calculator.&lt;init&gt;(Calculator.java:6)
	at io.michaelcane.Commands.&lt;init&gt;(Commands.java:5)
	at io.michaelcane.Calculator.&lt;init&gt;(Calculator.java:6)
	at io.michaelcane.Commands.&lt;init&gt;(Commands.java:5)
	at io.michaelcane.Calculator.&lt;init&gt;(Calculator.java:6)
	at io.michaelcane.Commands.&lt;init&gt;(Commands.java:5)
	at io.michaelcane.Calculator.&lt;init&gt;(Calculator.java:6)
	at io.michaelcane.Commands.&lt;init&gt;(Commands.java:5)
	at io.michaelcane.Calculator.&lt;init&gt;(Calculator.java:6)
	at io.michaelcane.Commands.&lt;init&gt;(Commands.java:5)
	at io.michaelcane.Calculator.&lt;init&gt;(Calculator.java:6)
	at io.michaelcane.Commands.&lt;init&gt;(Commands.java:5)
	at io.michaelcane.Calculator.&lt;init&gt;(Calculator.java:6)
	at io.michaelcane.Commands.&lt;init&gt;(Commands.java:5)
	at io.michaelcane.Calculator.&lt;init&gt;(Calculator.java:6)
	at io.michaelcane.Commands.&lt;init&gt;(Commands.java:5)
	at io.michaelcane.Calculator.&lt;init&gt;(Calculator.java:6)
	at io.michaelcane.Commands.&lt;init&gt;(Commands.java:5)
	at io.michaelcane.Calculator.&lt;init&gt;(Calculator.java:6)
	at io.michaelcane.Commands.&lt;init&gt;(Commands.java:5)
	at io.michaelcane.Calculator.&lt;init&gt;(Calculator.java:6)
	at io.michaelcane.Commands.&lt;init&gt;(Commands.java:5)
	at io.michaelcane.Calculator.&lt;init&gt;(Calculator.java:6)
	at io.michaelcane.Commands.&lt;init&gt;(Commands.java:5)
	at io.michaelcane.Calculator.&lt;init&gt;(Calculator.java:6)
	at io.michaelcane.Commands.&lt;init&gt;(Commands.java:5)
	at io.michaelcane.Calculator.&lt;init&gt;(Calculator.java:6)
	at io.michaelcane.Commands.&lt;init&gt;(Commands.java:5)
	at io.michaelcane.Calculator.&lt;init&gt;(Calculator.java:6)
	at io.michaelcane.Commands.&lt;init&gt;(Commands.java:5)
	at io.michaelcane.Calculator.&lt;init&gt;(Calculator.java:6)
	at io.michaelcane.Commands.&lt;init&gt;(Commands.java:5)
	at io.michaelcane.Calculator.&lt;init&gt;(Calculator.java:6)
	at io.michaelcane.Commands.&lt;init&gt;(Commands.java:5)
	at io.michaelcane.Calculator.&lt;init&gt;(Calculator.java:6)
	at io.michaelcane.Commands.&lt;init&gt;(Commands.java:5)
	at io.michaelcane.Calculator.&lt;init&gt;(Calculator.java:6)
	at io.michaelcane.Commands.&lt;init&gt;(Commands.java:5)
	at io.michaelcane.Calculator.&lt;init&gt;(Calculator.java:6)
	at io.michaelcane.Commands.&lt;init&gt;(Commands.java:5)
	at io.michaelcane.Calculator.&lt;init&gt;(Calculator.java:6)
	at io.michaelcane.Commands.&lt;init&gt;(Commands.java:5)
	at io.michaelcane.Calculator.&lt;init&gt;(Calculator.java:6)
	at io.michaelcane.Commands.&lt;init&gt;(Commands.java:5)
	at io.michaelcane.Calculator.&lt;init&gt;(Calculator.java:6)
	at io.michaelcane.Commands.&lt;init&gt;(Commands.java:5)
	at io.michaelcane.Calculator.&lt;init&gt;(Calculator.java:6)
	at io.michaelcane.Commands.&lt;init&gt;(Commands.java:5)
	at io.michaelcane.Calculator.&lt;init&gt;(Calculator.java:6)
	at io.michaelcane.Commands.&lt;init&gt;(Commands.java:5)
	at io.michaelcane.Calculator.&lt;init&gt;(Calculator.java:6)
	at io.michaelcane.Commands.&lt;init&gt;(Commands.java:5)
	at io.michaelcane.Calculator.&lt;init&gt;(Calculator.java:6)
	at io.michaelcane.Commands.&lt;init&gt;(Commands.java:5)
	at io.michaelcane.Calculator.&lt;init&gt;(Calculator.java:6)
	at io.michaelcane.Commands.&lt;init&gt;(Commands.java:5)
	at io.michaelcane.Calculator.&lt;init&gt;(Calculator.java:6)
	at io.michaelcane.Commands.&lt;init&gt;(Commands.java:5)
	at io.michaelcane.Calculator.&lt;init&gt;(Calculator.java:6)
	at io.michaelcane.Commands.&lt;init&gt;(Commands.java:5)
	at io.michaelcane.Calculator.&lt;init&gt;(Calculator.java:6)
	at io.michaelcane.Commands.&lt;init&gt;(Commands.java:5)
	at io.michaelcane.Calculator.&lt;init&gt;(Calculator.java:6)
	at io.michaelcane.Commands.&lt;init&gt;(Commands.java:5)
	at io.michaelcane.Calculator.&lt;init&gt;(Calculator.java:6)
	at io.michaelcane.Commands.&lt;init&gt;(Commands.java:5)
	at io.michaelcane.Calculator.&lt;init&gt;(Calculator.java:6)
	at io.michaelcane.Commands.&lt;init&gt;(Commands.java:5)
	at io.michaelcane.Calculator.&lt;init&gt;(Calculator.java:6)
	at io.michaelcane.Commands.&lt;init&gt;(Commands.java:5)
	at io.michaelcane.Calculator.&lt;init&gt;(Calculator.java:6)
	at io.michaelcane.Commands.&lt;init&gt;(Commands.java:5)
	at io.michaelcane.Calculator.&lt;init&gt;(Calculator.java:6)
	at io.michaelcane.Commands.&lt;init&gt;(Commands.java:5)
	at io.michaelcane.Calculator.&lt;init&gt;(Calculator.java:6)
	at io.michaelcane.Commands.&lt;init&gt;(Commands.java:5)
</error>
  </testcase>
  <testcase classname="io.michaelcane.CalculatorSpec" name="test$naturalLogarithm" time="0.009">
    <error type="java.lang.StackOverflowError">java.lang.StackOverflowError
	at io.michaelcane.Calculator.&lt;init&gt;(Calculator.java:6)
	at io.michaelcane.Commands.&lt;init&gt;(Commands.java:5)
	at io.michaelcane.Calculator.&lt;init&gt;(Calculator.java:6)
	at io.michaelcane.Commands.&lt;init&gt;(Commands.java:5)
	at io.michaelcane.Calculator.&lt;init&gt;(Calculator.java:6)
	at io.michaelcane.Commands.&lt;init&gt;(Commands.java:5)
	at io.michaelcane.Calculator.&lt;init&gt;(Calculator.java:6)
	at io.michaelcane.Commands.&lt;init&gt;(Commands.java:5)
	at io.michaelcane.Calculator.&lt;init&gt;(Calculator.java:6)
	at io.michaelcane.Commands.&lt;init&gt;(Commands.java:5)
	at io.michaelcane.Calculator.&lt;init&gt;(Calculator.java:6)
	at io.michaelcane.Commands.&lt;init&gt;(Commands.java:5)
	at io.michaelcane.Calculator.&lt;init&gt;(Calculator.java:6)
	at io.michaelcane.Commands.&lt;init&gt;(Commands.java:5)
	at io.michaelcane.Calculator.&lt;init&gt;(Calculator.java:6)
	at io.michaelcane.Commands.&lt;init&gt;(Commands.java:5)
	at io.michaelcane.Calculator.&lt;init&gt;(Calculator.java:6)
	at io.michaelcane.Commands.&lt;init&gt;(Commands.java:5)
	at io.michaelcane.Calculator.&lt;init&gt;(Calculator.java:6)
	at io.michaelcane.Commands.&lt;init&gt;(Commands.java:5)
	at io.michaelcane.Calculator.&lt;init&gt;(Calculator.java:6)
	at io.michaelcane.Commands.&lt;init&gt;(Commands.java:5)
	at io.michaelcane.Calculator.&lt;init&gt;(Calculator.java:6)
	at io.michaelcane.Commands.&lt;init&gt;(Commands.java:5)
	at io.michaelcane.Calculator.&lt;init&gt;(Calculator.java:6)
	at io.michaelcane.Commands.&lt;init&gt;(Commands.java:5)
	at io.michaelcane.Calculator.&lt;init&gt;(Calculator.java:6)
	at io.michaelcane.Commands.&lt;init&gt;(Commands.java:5)
	at io.michaelcane.Calculator.&lt;init&gt;(Calculator.java:6)
	at io.michaelcane.Commands.&lt;init&gt;(Commands.java:5)
	at io.michaelcane.Calculator.&lt;init&gt;(Calculator.java:6)
	at io.michaelcane.Commands.&lt;init&gt;(Commands.java:5)
	at io.michaelcane.Calculator.&lt;init&gt;(Calculator.java:6)
	at io.michaelcane.Commands.&lt;init&gt;(Commands.java:5)
	at io.michaelcane.Calculator.&lt;init&gt;(Calculator.java:6)
	at io.michaelcane.Commands.&lt;init&gt;(Commands.java:5)
	at io.michaelcane.Calculator.&lt;init&gt;(Calculator.java:6)
	at io.michaelcane.Commands.&lt;init&gt;(Commands.java:5)
	at io.michaelcane.Calculator.&lt;init&gt;(Calculator.java:6)
	at io.michaelcane.Commands.&lt;init&gt;(Commands.java:5)
	at io.michaelcane.Calculator.&lt;init&gt;(Calculator.java:6)
	at io.michaelcane.Commands.&lt;init&gt;(Commands.java:5)
	at io.michaelcane.Calculator.&lt;init&gt;(Calculator.java:6)
	at io.michaelcane.Commands.&lt;init&gt;(Commands.java:5)
	at io.michaelcane.Calculator.&lt;init&gt;(Calculator.java:6)
	at io.michaelcane.Commands.&lt;init&gt;(Commands.java:5)
	at io.michaelcane.Calculator.&lt;init&gt;(Calculator.java:6)
	at io.michaelcane.Commands.&lt;init&gt;(Commands.java:5)
	at io.michaelcane.Calculator.&lt;init&gt;(Calculator.java:6)
	at io.michaelcane.Commands.&lt;init&gt;(Commands.java:5)
	at io.michaelcane.Calculator.&lt;init&gt;(Calculator.java:6)
	at io.michaelcane.Commands.&lt;init&gt;(Commands.java:5)
	at io.michaelcane.Calculator.&lt;init&gt;(Calculator.java:6)
	at io.michaelcane.Commands.&lt;init&gt;(Commands.java:5)
	at io.michaelcane.Calculator.&lt;init&gt;(Calculator.java:6)
	at io.michaelcane.Commands.&lt;init&gt;(Commands.java:5)
	at io.michaelcane.Calculator.&lt;init&gt;(Calculator.java:6)
	at io.michaelcane.Commands.&lt;init&gt;(Commands.java:5)
	at io.michaelcane.Calculator.&lt;init&gt;(Calculator.java:6)
	at io.michaelcane.Commands.&lt;init&gt;(Commands.java:5)
	at io.michaelcane.Calculator.&lt;init&gt;(Calculator.java:6)
	at io.michaelcane.Commands.&lt;init&gt;(Commands.java:5)
	at io.michaelcane.Calculator.&lt;init&gt;(Calculator.java:6)
	at io.michaelcane.Commands.&lt;init&gt;(Commands.java:5)
	at io.michaelcane.Calculator.&lt;init&gt;(Calculator.java:6)
	at io.michaelcane.Commands.&lt;init&gt;(Commands.java:5)
	at io.michaelcane.Calculator.&lt;init&gt;(Calculator.java:6)
	at io.michaelcane.Commands.&lt;init&gt;(Commands.java:5)
	at io.michaelcane.Calculator.&lt;init&gt;(Calculator.java:6)
	at io.michaelcane.Commands.&lt;init&gt;(Commands.java:5)
	at io.michaelcane.Calculator.&lt;init&gt;(Calculator.java:6)
	at io.michaelcane.Commands.&lt;init&gt;(Commands.java:5)
	at io.michaelcane.Calculator.&lt;init&gt;(Calculator.java:6)
	at io.michaelcane.Commands.&lt;init&gt;(Commands.java:5)
	at io.michaelcane.Calculator.&lt;init&gt;(Calculator.java:6)
	at io.michaelcane.Commands.&lt;init&gt;(Commands.java:5)
	at io.michaelcane.Calculator.&lt;init&gt;(Calculator.java:6)
	at io.michaelcane.Commands.&lt;init&gt;(Commands.java:5)
	at io.michaelcane.Calculator.&lt;init&gt;(Calculator.java:6)
	at io.michaelcane.Commands.&lt;init&gt;(Commands.java:5)
	at io.michaelcane.Calculator.&lt;init&gt;(Calculator.java:6)
	at io.michaelcane.Commands.&lt;init&gt;(Commands.java:5)
	at io.michaelcane.Calculator.&lt;init&gt;(Calculator.java:6)
	at io.michaelcane.Commands.&lt;init&gt;(Commands.java:5)
	at io.michaelcane.Calculator.&lt;init&gt;(Calculator.java:6)
	at io.michaelcane.Commands.&lt;init&gt;(Commands.java:5)
	at io.michaelcane.Calculator.&lt;init&gt;(Calculator.java:6)
	at io.michaelcane.Commands.&lt;init&gt;(Commands.java:5)
	at io.michaelcane.Calculator.&lt;init&gt;(Calculator.java:6)
	at io.michaelcane.Commands.&lt;init&gt;(Commands.java:5)
	at io.michaelcane.Calculator.&lt;init&gt;(Calculator.java:6)
	at io.michaelcane.Commands.&lt;init&gt;(Commands.java:5)
	at io.michaelcane.Calculator.&lt;init&gt;(Calculator.java:6)
	at io.michaelcane.Commands.&lt;init&gt;(Commands.java:5)
	at io.michaelcane.Calculator.&lt;init&gt;(Calculator.java:6)
	at io.michaelcane.Commands.&lt;init&gt;(Commands.java:5)
	at io.michaelcane.Calculator.&lt;init&gt;(Calculator.java:6)
	at io.michaelcane.Commands.&lt;init&gt;(Commands.java:5)
	at io.michaelcane.Calculator.&lt;init&gt;(Calculator.java:6)
	at io.michaelcane.Commands.&lt;init&gt;(Commands.java:5)
	at io.michaelcane.Calculator.&lt;init&gt;(Calculator.java:6)
	at io.michaelcane.Commands.&lt;init&gt;(Commands.java:5)
	at io.michaelcane.Calculator.&lt;init&gt;(Calculator.java:6)
	at io.michaelcane.Commands.&lt;init&gt;(Commands.java:5)
	at io.michaelcane.Calculator.&lt;init&gt;(Calculator.java:6)
	at io.michaelcane.Commands.&lt;init&gt;(Commands.java:5)
	at io.michaelcane.Calculator.&lt;init&gt;(Calculator.java:6)
	at io.michaelcane.Commands.&lt;init&gt;(Commands.java:5)
	at io.michaelcane.Calculator.&lt;init&gt;(Calculator.java:6)
	at io.michaelcane.Commands.&lt;init&gt;(Commands.java:5)
	at io.michaelcane.Calculator.&lt;init&gt;(Calculator.java:6)
	at io.michaelcane.Commands.&lt;init&gt;(Commands.java:5)
	at io.michaelcane.Calculator.&lt;init&gt;(Calculator.java:6)
	at io.michaelcane.Commands.&lt;init&gt;(Commands.java:5)
	at io.michaelcane.Calculator.&lt;init&gt;(Calculator.java:6)
	at io.michaelcane.Commands.&lt;init&gt;(Commands.java:5)
	at io.michaelcane.Calculator.&lt;init&gt;(Calculator.java:6)
	at io.michaelcane.Commands.&lt;init&gt;(Commands.java:5)
	at io.michaelcane.Calculator.&lt;init&gt;(Calculator.java:6)
	at io.michaelcane.Commands.&lt;init&gt;(Commands.java:5)
	at io.michaelcane.Calculator.&lt;init&gt;(Calculator.java:6)
	at io.michaelcane.Commands.&lt;init&gt;(Commands.java:5)
	at io.michaelcane.Calculator.&lt;init&gt;(Calculator.java:6)
	at io.michaelcane.Commands.&lt;init&gt;(Commands.java:5)
	at io.michaelcane.Calculator.&lt;init&gt;(Calculator.java:6)
	at io.michaelcane.Commands.&lt;init&gt;(Commands.java:5)
	at io.michaelcane.Calculator.&lt;init&gt;(Calculator.java:6)
	at io.michaelcane.Commands.&lt;init&gt;(Commands.java:5)
	at io.michaelcane.Calculator.&lt;init&gt;(Calculator.java:6)
	at io.michaelcane.Commands.&lt;init&gt;(Commands.java:5)
	at io.michaelcane.Calculator.&lt;init&gt;(Calculator.java:6)
	at io.michaelcane.Commands.&lt;init&gt;(Commands.java:5)
	at io.michaelcane.Calculator.&lt;init&gt;(Calculator.java:6)
	at io.michaelcane.Commands.&lt;init&gt;(Commands.java:5)
	at io.michaelcane.Calculator.&lt;init&gt;(Calculator.java:6)
	at io.michaelcane.Commands.&lt;init&gt;(Commands.java:5)
	at io.michaelcane.Calculator.&lt;init&gt;(Calculator.java:6)
	at io.michaelcane.Commands.&lt;init&gt;(Commands.java:5)
	at io.michaelcane.Calculator.&lt;init&gt;(Calculator.java:6)
	at io.michaelcane.Commands.&lt;init&gt;(Commands.java:5)
	at io.michaelcane.Calculator.&lt;init&gt;(Calculator.java:6)
	at io.michaelcane.Commands.&lt;init&gt;(Commands.java:5)
	at io.michaelcane.Calculator.&lt;init&gt;(Calculator.java:6)
	at io.michaelcane.Commands.&lt;init&gt;(Commands.java:5)
	at io.michaelcane.Calculator.&lt;init&gt;(Calculator.java:6)
	at io.michaelcane.Commands.&lt;init&gt;(Commands.java:5)
	at io.michaelcane.Calculator.&lt;init&gt;(Calculator.java:6)
	at io.michaelcane.Commands.&lt;init&gt;(Commands.java:5)
	at io.michaelcane.Calculator.&lt;init&gt;(Calculator.java:6)
	at io.michaelcane.Commands.&lt;init&gt;(Commands.java:5)
	at io.michaelcane.Calculator.&lt;init&gt;(Calculator.java:6)
	at io.michaelcane.Commands.&lt;init&gt;(Commands.java:5)
	at io.michaelcane.Calculator.&lt;init&gt;(Calculator.java:6)
	at io.michaelcane.Commands.&lt;init&gt;(Commands.java:5)
	at io.michaelcane.Calculator.&lt;init&gt;(Calculator.java:6)
	at io.michaelcane.Commands.&lt;init&gt;(Commands.java:5)
	at io.michaelcane.Calculator.&lt;init&gt;(Calculator.java:6)
	at io.michaelcane.Commands.&lt;init&gt;(Commands.java:5)
	at io.michaelcane.Calculator.&lt;init&gt;(Calculator.java:6)
	at io.michaelcane.Commands.&lt;init&gt;(Commands.java:5)
	at io.michaelcane.Calculator.&lt;init&gt;(Calculator.java:6)
	at io.michaelcane.Commands.&lt;init&gt;(Commands.java:5)
	at io.michaelcane.Calculator.&lt;init&gt;(Calculator.java:6)
	at io.michaelcane.Commands.&lt;init&gt;(Commands.java:5)
	at io.michaelcane.Calculator.&lt;init&gt;(Calculator.java:6)
	at io.michaelcane.Commands.&lt;init&gt;(Commands.java:5)
	at io.michaelcane.Calculator.&lt;init&gt;(Calculator.java:6)
	at io.michaelcane.Commands.&lt;init&gt;(Commands.java:5)
	at io.michaelcane.Calculator.&lt;init&gt;(Calculator.java:6)
	at io.michaelcane.Commands.&lt;init&gt;(Commands.java:5)
	at io.michaelcane.Calculator.&lt;init&gt;(Calculator.java:6)
	at io.michaelcane.Commands.&lt;init&gt;(Commands.java:5)
	at io.michaelcane.Calculator.&lt;init&gt;(Calculator.java:6)
	at io.michaelcane.Commands.&lt;init&gt;(Commands.java:5)
	at io.michaelcane.Calculator.&lt;init&gt;(Calculator.java:6)
	at io.michaelcane.Commands.&lt;init&gt;(Commands.java:5)
	at io.michaelcane.Calculator.&lt;init&gt;(Calculator.java:6)
	at io.michaelcane.Commands.&lt;init&gt;(Commands.java:5)
	at io.michaelcane.Calculator.&lt;init&gt;(Calculator.java:6)
	at io.michaelcane.Commands.&lt;init&gt;(Commands.java:5)
	at io.michaelcane.Calculator.&lt;init&gt;(Calculator.java:6)
	at io.michaelcane.Commands.&lt;init&gt;(Commands.java:5)
	at io.michaelcane.Calculator.&lt;init&gt;(Calculator.java:6)
	at io.michaelcane.Commands.&lt;init&gt;(Commands.java:5)
	at io.michaelcane.Calculator.&lt;init&gt;(Calculator.java:6)
	at io.michaelcane.Commands.&lt;init&gt;(Commands.java:5)
	at io.michaelcane.Calculator.&lt;init&gt;(Calculator.java:6)
	at io.michaelcane.Commands.&lt;init&gt;(Commands.java:5)
	at io.michaelcane.Calculator.&lt;init&gt;(Calculator.java:6)
	at io.michaelcane.Commands.&lt;init&gt;(Commands.java:5)
	at io.michaelcane.Calculator.&lt;init&gt;(Calculator.java:6)
	at io.michaelcane.Commands.&lt;init&gt;(Commands.java:5)
	at io.michaelcane.Calculator.&lt;init&gt;(Calculator.java:6)
	at io.michaelcane.Commands.&lt;init&gt;(Commands.java:5)
	at io.michaelcane.Calculator.&lt;init&gt;(Calculator.java:6)
	at io.michaelcane.Commands.&lt;init&gt;(Commands.java:5)
	at io.michaelcane.Calculator.&lt;init&gt;(Calculator.java:6)
	at io.michaelcane.Commands.&lt;init&gt;(Commands.java:5)
	at io.michaelcane.Calculator.&lt;init&gt;(Calculator.java:6)
	at io.michaelcane.Commands.&lt;init&gt;(Commands.java:5)
	at io.michaelcane.Calculator.&lt;init&gt;(Calculator.java:6)
	at io.michaelcane.Commands.&lt;init&gt;(Commands.java:5)
	at io.michaelcane.Calculator.&lt;init&gt;(Calculator.java:6)
	at io.michaelcane.Commands.&lt;init&gt;(Commands.java:5)
	at io.michaelcane.Calculator.&lt;init&gt;(Calculator.java:6)
	at io.michaelcane.Commands.&lt;init&gt;(Commands.java:5)
	at io.michaelcane.Calculator.&lt;init&gt;(Calculator.java:6)
	at io.michaelcane.Commands.&lt;init&gt;(Commands.java:5)
	at io.michaelcane.Calculator.&lt;init&gt;(Calculator.java:6)
	at io.michaelcane.Commands.&lt;init&gt;(Commands.java:5)
	at io.michaelcane.Calculator.&lt;init&gt;(Calculator.java:6)
	at io.michaelcane.Commands.&lt;init&gt;(Commands.java:5)
	at io.michaelcane.Calculator.&lt;init&gt;(Calculator.java:6)
	at io.michaelcane.Commands.&lt;init&gt;(Commands.java:5)
	at io.michaelcane.Calculator.&lt;init&gt;(Calculator.java:6)
	at io.michaelcane.Commands.&lt;init&gt;(Commands.java:5)
	at io.michaelcane.Calculator.&lt;init&gt;(Calculator.java:6)
	at io.michaelcane.Commands.&lt;init&gt;(Commands.java:5)
	at io.michaelcane.Calculator.&lt;init&gt;(Calculator.java:6)
	at io.michaelcane.Commands.&lt;init&gt;(Commands.java:5)
	at io.michaelcane.Calculator.&lt;init&gt;(Calculator.java:6)
	at io.michaelcane.Commands.&lt;init&gt;(Commands.java:5)
	at io.michaelcane.Calculator.&lt;init&gt;(Calculator.java:6)
	at io.michaelcane.Commands.&lt;init&gt;(Commands.java:5)
	at io.michaelcane.Calculator.&lt;init&gt;(Calculator.java:6)
	at io.michaelcane.Commands.&lt;init&gt;(Commands.java:5)
	at io.michaelcane.Calculator.&lt;init&gt;(Calculator.java:6)
	at io.michaelcane.Commands.&lt;init&gt;(Commands.java:5)
	at io.michaelcane.Calculator.&lt;init&gt;(Calculator.java:6)
	at io.michaelcane.Commands.&lt;init&gt;(Commands.java:5)
	at io.michaelcane.Calculator.&lt;init&gt;(Calculator.java:6)
	at io.michaelcane.Commands.&lt;init&gt;(Commands.java:5)
	at io.michaelcane.Calculator.&lt;init&gt;(Calculator.java:6)
	at io.michaelcane.Commands.&lt;init&gt;(Commands.java:5)
	at io.michaelcane.Calculator.&lt;init&gt;(Calculator.java:6)
	at io.michaelcane.Commands.&lt;init&gt;(Commands.java:5)
	at io.michaelcane.Calculator.&lt;init&gt;(Calculator.java:6)
	at io.michaelcane.Commands.&lt;init&gt;(Commands.java:5)
	at io.michaelcane.Calculator.&lt;init&gt;(Calculator.java:6)
	at io.michaelcane.Commands.&lt;init&gt;(Commands.java:5)
	at io.michaelcane.Calculator.&lt;init&gt;(Calculator.java:6)
	at io.michaelcane.Commands.&lt;init&gt;(Commands.java:5)
	at io.michaelcane.Calculator.&lt;init&gt;(Calculator.java:6)
	at io.michaelcane.Commands.&lt;init&gt;(Commands.java:5)
	at io.michaelcane.Calculator.&lt;init&gt;(Calculator.java:6)
	at io.michaelcane.Commands.&lt;init&gt;(Commands.java:5)
	at io.michaelcane.Calculator.&lt;init&gt;(Calculator.java:6)
	at io.michaelcane.Commands.&lt;init&gt;(Commands.java:5)
	at io.michaelcane.Calculator.&lt;init&gt;(Calculator.java:6)
	at io.michaelcane.Commands.&lt;init&gt;(Commands.java:5)
	at io.michaelcane.Calculator.&lt;init&gt;(Calculator.java:6)
	at io.michaelcane.Commands.&lt;init&gt;(Commands.java:5)
	at io.michaelcane.Calculator.&lt;init&gt;(Calculator.java:6)
	at io.michaelcane.Commands.&lt;init&gt;(Commands.java:5)
	at io.michaelcane.Calculator.&lt;init&gt;(Calculator.java:6)
	at io.michaelcane.Commands.&lt;init&gt;(Commands.java:5)
	at io.michaelcane.Calculator.&lt;init&gt;(Calculator.java:6)
	at io.michaelcane.Commands.&lt;init&gt;(Commands.java:5)
	at io.michaelcane.Calculator.&lt;init&gt;(Calculator.java:6)
	at io.michaelcane.Commands.&lt;init&gt;(Commands.java:5)
	at io.michaelcane.Calculator.&lt;init&gt;(Calculator.java:6)
	at io.michaelcane.Commands.&lt;init&gt;(Commands.java:5)
	at io.michaelcane.Calculator.&lt;init&gt;(Calculator.java:6)
	at io.michaelcane.Commands.&lt;init&gt;(Commands.java:5)
	at io.michaelcane.Calculator.&lt;init&gt;(Calculator.java:6)
	at io.michaelcane.Commands.&lt;init&gt;(Commands.java:5)
	at io.michaelcane.Calculator.&lt;init&gt;(Calculator.java:6)
	at io.michaelcane.Commands.&lt;init&gt;(Commands.java:5)
	at io.michaelcane.Calculator.&lt;init&gt;(Calculator.java:6)
	at io.michaelcane.Commands.&lt;init&gt;(Commands.java:5)
	at io.michaelcane.Calculator.&lt;init&gt;(Calculator.java:6)
	at io.michaelcane.Commands.&lt;init&gt;(Commands.java:5)
	at io.michaelcane.Calculator.&lt;init&gt;(Calculator.java:6)
	at io.michaelcane.Commands.&lt;init&gt;(Commands.java:5)
	at io.michaelcane.Calculator.&lt;init&gt;(Calculator.java:6)
	at io.michaelcane.Commands.&lt;init&gt;(Commands.java:5)
	at io.michaelcane.Calculator.&lt;init&gt;(Calculator.java:6)
	at io.michaelcane.Commands.&lt;init&gt;(Commands.java:5)
	at io.michaelcane.Calculator.&lt;init&gt;(Calculator.java:6)
	at io.michaelcane.Commands.&lt;init&gt;(Commands.java:5)
	at io.michaelcane.Calculator.&lt;init&gt;(Calculator.java:6)
	at io.michaelcane.Commands.&lt;init&gt;(Commands.java:5)
	at io.michaelcane.Calculator.&lt;init&gt;(Calculator.java:6)
	at io.michaelcane.Commands.&lt;init&gt;(Commands.java:5)
	at io.michaelcane.Calculator.&lt;init&gt;(Calculator.java:6)
	at io.michaelcane.Commands.&lt;init&gt;(Commands.java:5)
	at io.michaelcane.Calculator.&lt;init&gt;(Calculator.java:6)
	at io.michaelcane.Commands.&lt;init&gt;(Commands.java:5)
	at io.michaelcane.Calculator.&lt;init&gt;(Calculator.java:6)
	at io.michaelcane.Commands.&lt;init&gt;(Commands.java:5)
	at io.michaelcane.Calculator.&lt;init&gt;(Calculator.java:6)
	at io.michaelcane.Commands.&lt;init&gt;(Commands.java:5)
	at io.michaelcane.Calculator.&lt;init&gt;(Calculator.java:6)
	at io.michaelcane.Commands.&lt;init&gt;(Commands.java:5)
	at io.michaelcane.Calculator.&lt;init&gt;(Calculator.java:6)
	at io.michaelcane.Commands.&lt;init&gt;(Commands.java:5)
	at io.michaelcane.Calculator.&lt;init&gt;(Calculator.java:6)
	at io.michaelcane.Commands.&lt;init&gt;(Commands.java:5)
	at io.michaelcane.Calculator.&lt;init&gt;(Calculator.java:6)
	at io.michaelcane.Commands.&lt;init&gt;(Commands.java:5)
	at io.michaelcane.Calculator.&lt;init&gt;(Calculator.java:6)
	at io.michaelcane.Commands.&lt;init&gt;(Commands.java:5)
	at io.michaelcane.Calculator.&lt;init&gt;(Calculator.java:6)
	at io.michaelcane.Commands.&lt;init&gt;(Commands.java:5)
	at io.michaelcane.Calculator.&lt;init&gt;(Calculator.java:6)
	at io.michaelcane.Commands.&lt;init&gt;(Commands.java:5)
	at io.michaelcane.Calculator.&lt;init&gt;(Calculator.java:6)
	at io.michaelcane.Commands.&lt;init&gt;(Commands.java:5)
	at io.michaelcane.Calculator.&lt;init&gt;(Calculator.java:6)
	at io.michaelcane.Commands.&lt;init&gt;(Commands.java:5)
	at io.michaelcane.Calculator.&lt;init&gt;(Calculator.java:6)
	at io.michaelcane.Commands.&lt;init&gt;(Commands.java:5)
	at io.michaelcane.Calculator.&lt;init&gt;(Calculator.java:6)
	at io.michaelcane.Commands.&lt;init&gt;(Commands.java:5)
	at io.michaelcane.Calculator.&lt;init&gt;(Calculator.java:6)
	at io.michaelcane.Commands.&lt;init&gt;(Commands.java:5)
	at io.michaelcane.Calculator.&lt;init&gt;(Calculator.java:6)
	at io.michaelcane.Commands.&lt;init&gt;(Commands.java:5)
	at io.michaelcane.Calculator.&lt;init&gt;(Calculator.java:6)
	at io.michaelcane.Commands.&lt;init&gt;(Commands.java:5)
	at io.michaelcane.Calculator.&lt;init&gt;(Calculator.java:6)
	at io.michaelcane.Commands.&lt;init&gt;(Commands.java:5)
	at io.michaelcane.Calculator.&lt;init&gt;(Calculator.java:6)
	at io.michaelcane.Commands.&lt;init&gt;(Commands.java:5)
	at io.michaelcane.Calculator.&lt;init&gt;(Calculator.java:6)
	at io.michaelcane.Commands.&lt;init&gt;(Commands.java:5)
	at io.michaelcane.Calculator.&lt;init&gt;(Calculator.java:6)
	at io.michaelcane.Commands.&lt;init&gt;(Commands.java:5)
	at io.michaelcane.Calculator.&lt;init&gt;(Calculator.java:6)
	at io.michaelcane.Commands.&lt;init&gt;(Commands.java:5)
	at io.michaelcane.Calculator.&lt;init&gt;(Calculator.java:6)
	at io.michaelcane.Commands.&lt;init&gt;(Commands.java:5)
	at io.michaelcane.Calculator.&lt;init&gt;(Calculator.java:6)
	at io.michaelcane.Commands.&lt;init&gt;(Commands.java:5)
	at io.michaelcane.Calculator.&lt;init&gt;(Calculator.java:6)
	at io.michaelcane.Commands.&lt;init&gt;(Commands.java:5)
	at io.michaelcane.Calculator.&lt;init&gt;(Calculator.java:6)
	at io.michaelcane.Commands.&lt;init&gt;(Commands.java:5)
	at io.michaelcane.Calculator.&lt;init&gt;(Calculator.java:6)
	at io.michaelcane.Commands.&lt;init&gt;(Commands.java:5)
	at io.michaelcane.Calculator.&lt;init&gt;(Calculator.java:6)
	at io.michaelcane.Commands.&lt;init&gt;(Commands.java:5)
	at io.michaelcane.Calculator.&lt;init&gt;(Calculator.java:6)
	at io.michaelcane.Commands.&lt;init&gt;(Commands.java:5)
	at io.michaelcane.Calculator.&lt;init&gt;(Calculator.java:6)
	at io.michaelcane.Commands.&lt;init&gt;(Commands.java:5)
	at io.michaelcane.Calculator.&lt;init&gt;(Calculator.java:6)
	at io.michaelcane.Commands.&lt;init&gt;(Commands.java:5)
	at io.michaelcane.Calculator.&lt;init&gt;(Calculator.java:6)
	at io.michaelcane.Commands.&lt;init&gt;(Commands.java:5)
	at io.michaelcane.Calculator.&lt;init&gt;(Calculator.java:6)
	at io.michaelcane.Commands.&lt;init&gt;(Commands.java:5)
	at io.michaelcane.Calculator.&lt;init&gt;(Calculator.java:6)
	at io.michaelcane.Commands.&lt;init&gt;(Commands.java:5)
	at io.michaelcane.Calculator.&lt;init&gt;(Calculator.java:6)
	at io.michaelcane.Commands.&lt;init&gt;(Commands.java:5)
	at io.michaelcane.Calculator.&lt;init&gt;(Calculator.java:6)
	at io.michaelcane.Commands.&lt;init&gt;(Commands.java:5)
	at io.michaelcane.Calculator.&lt;init&gt;(Calculator.java:6)
	at io.michaelcane.Commands.&lt;init&gt;(Commands.java:5)
	at io.michaelcane.Calculator.&lt;init&gt;(Calculator.java:6)
	at io.michaelcane.Commands.&lt;init&gt;(Commands.java:5)
	at io.michaelcane.Calculator.&lt;init&gt;(Calculator.java:6)
	at io.michaelcane.Commands.&lt;init&gt;(Commands.java:5)
	at io.michaelcane.Calculator.&lt;init&gt;(Calculator.java:6)
	at io.michaelcane.Commands.&lt;init&gt;(Commands.java:5)
	at io.michaelcane.Calculator.&lt;init&gt;(Calculator.java:6)
	at io.michaelcane.Commands.&lt;init&gt;(Commands.java:5)
	at io.michaelcane.Calculator.&lt;init&gt;(Calculator.java:6)
	at io.michaelcane.Commands.&lt;init&gt;(Commands.java:5)
	at io.michaelcane.Calculator.&lt;init&gt;(Calculator.java:6)
	at io.michaelcane.Commands.&lt;init&gt;(Commands.java:5)
	at io.michaelcane.Calculator.&lt;init&gt;(Calculator.java:6)
	at io.michaelcane.Commands.&lt;init&gt;(Commands.java:5)
	at io.michaelcane.Calculator.&lt;init&gt;(Calculator.java:6)
	at io.michaelcane.Commands.&lt;init&gt;(Commands.java:5)
	at io.michaelcane.Calculator.&lt;init&gt;(Calculator.java:6)
	at io.michaelcane.Commands.&lt;init&gt;(Commands.java:5)
	at io.michaelcane.Calculator.&lt;init&gt;(Calculator.java:6)
	at io.michaelcane.Commands.&lt;init&gt;(Commands.java:5)
	at io.michaelcane.Calculator.&lt;init&gt;(Calculator.java:6)
	at io.michaelcane.Commands.&lt;init&gt;(Commands.java:5)
	at io.michaelcane.Calculator.&lt;init&gt;(Calculator.java:6)
	at io.michaelcane.Commands.&lt;init&gt;(Commands.java:5)
	at io.michaelcane.Calculator.&lt;init&gt;(Calculator.java:6)
	at io.michaelcane.Commands.&lt;init&gt;(Commands.java:5)
	at io.michaelcane.Calculator.&lt;init&gt;(Calculator.java:6)
	at io.michaelcane.Commands.&lt;init&gt;(Commands.java:5)
	at io.michaelcane.Calculator.&lt;init&gt;(Calculator.java:6)
	at io.michaelcane.Commands.&lt;init&gt;(Commands.java:5)
	at io.michaelcane.Calculator.&lt;init&gt;(Calculator.java:6)
	at io.michaelcane.Commands.&lt;init&gt;(Commands.java:5)
	at io.michaelcane.Calculator.&lt;init&gt;(Calculator.java:6)
	at io.michaelcane.Commands.&lt;init&gt;(Commands.java:5)
	at io.michaelcane.Calculator.&lt;init&gt;(Calculator.java:6)
	at io.michaelcane.Commands.&lt;init&gt;(Commands.java:5)
	at io.michaelcane.Calculator.&lt;init&gt;(Calculator.java:6)
	at io.michaelcane.Commands.&lt;init&gt;(Commands.java:5)
	at io.michaelcane.Calculator.&lt;init&gt;(Calculator.java:6)
	at io.michaelcane.Commands.&lt;init&gt;(Commands.java:5)
	at io.michaelcane.Calculator.&lt;init&gt;(Calculator.java:6)
	at io.michaelcane.Commands.&lt;init&gt;(Commands.java:5)
	at io.michaelcane.Calculator.&lt;init&gt;(Calculator.java:6)
	at io.michaelcane.Commands.&lt;init&gt;(Commands.java:5)
	at io.michaelcane.Calculator.&lt;init&gt;(Calculator.java:6)
	at io.michaelcane.Commands.&lt;init&gt;(Commands.java:5)
	at io.michaelcane.Calculator.&lt;init&gt;(Calculator.java:6)
	at io.michaelcane.Commands.&lt;init&gt;(Commands.java:5)
	at io.michaelcane.Calculator.&lt;init&gt;(Calculator.java:6)
	at io.michaelcane.Commands.&lt;init&gt;(Commands.java:5)
	at io.michaelcane.Calculator.&lt;init&gt;(Calculator.java:6)
	at io.michaelcane.Commands.&lt;init&gt;(Commands.java:5)
	at io.michaelcane.Calculator.&lt;init&gt;(Calculator.java:6)
	at io.michaelcane.Commands.&lt;init&gt;(Commands.java:5)
	at io.michaelcane.Calculator.&lt;init&gt;(Calculator.java:6)
	at io.michaelcane.Commands.&lt;init&gt;(Commands.java:5)
	at io.michaelcane.Calculator.&lt;init&gt;(Calculator.java:6)
	at io.michaelcane.Commands.&lt;init&gt;(Commands.java:5)
	at io.michaelcane.Calculator.&lt;init&gt;(Calculator.java:6)
	at io.michaelcane.Commands.&lt;init&gt;(Commands.java:5)
	at io.michaelcane.Calculator.&lt;init&gt;(Calculator.java:6)
	at io.michaelcane.Commands.&lt;init&gt;(Commands.java:5)
	at io.michaelcane.Calculator.&lt;init&gt;(Calculator.java:6)
	at io.michaelcane.Commands.&lt;init&gt;(Commands.java:5)
	at io.michaelcane.Calculator.&lt;init&gt;(Calculator.java:6)
	at io.michaelcane.Commands.&lt;init&gt;(Commands.java:5)
	at io.michaelcane.Calculator.&lt;init&gt;(Calculator.java:6)
	at io.michaelcane.Commands.&lt;init&gt;(Commands.java:5)
	at io.michaelcane.Calculator.&lt;init&gt;(Calculator.java:6)
	at io.michaelcane.Commands.&lt;init&gt;(Commands.java:5)
	at io.michaelcane.Calculator.&lt;init&gt;(Calculator.java:6)
	at io.michaelcane.Commands.&lt;init&gt;(Commands.java:5)
	at io.michaelcane.Calculator.&lt;init&gt;(Calculator.java:6)
	at io.michaelcane.Commands.&lt;init&gt;(Commands.java:5)
	at io.michaelcane.Calculator.&lt;init&gt;(Calculator.java:6)
	at io.michaelcane.Commands.&lt;init&gt;(Commands.java:5)
	at io.michaelcane.Calculator.&lt;init&gt;(Calculator.java:6)
	at io.michaelcane.Commands.&lt;init&gt;(Commands.java:5)
	at io.michaelcane.Calculator.&lt;init&gt;(Calculator.java:6)
	at io.michaelcane.Commands.&lt;init&gt;(Commands.java:5)
	at io.michaelcane.Calculator.&lt;init&gt;(Calculator.java:6)
	at io.michaelcane.Commands.&lt;init&gt;(Commands.java:5)
	at io.michaelcane.Calculator.&lt;init&gt;(Calculator.java:6)
	at io.michaelcane.Commands.&lt;init&gt;(Commands.java:5)
	at io.michaelcane.Calculator.&lt;init&gt;(Calculator.java:6)
	at io.michaelcane.Commands.&lt;init&gt;(Commands.java:5)
	at io.michaelcane.Calculator.&lt;init&gt;(Calculator.java:6)
	at io.michaelcane.Commands.&lt;init&gt;(Commands.java:5)
	at io.michaelcane.Calculator.&lt;init&gt;(Calculator.java:6)
	at io.michaelcane.Commands.&lt;init&gt;(Commands.java:5)
	at io.michaelcane.Calculator.&lt;init&gt;(Calculator.java:6)
	at io.michaelcane.Commands.&lt;init&gt;(Commands.java:5)
	at io.michaelcane.Calculator.&lt;init&gt;(Calculator.java:6)
	at io.michaelcane.Commands.&lt;init&gt;(Commands.java:5)
	at io.michaelcane.Calculator.&lt;init&gt;(Calculator.java:6)
	at io.michaelcane.Commands.&lt;init&gt;(Commands.java:5)
	at io.michaelcane.Calculator.&lt;init&gt;(Calculator.java:6)
	at io.michaelcane.Commands.&lt;init&gt;(Commands.java:5)
	at io.michaelcane.Calculator.&lt;init&gt;(Calculator.java:6)
	at io.michaelcane.Commands.&lt;init&gt;(Commands.java:5)
	at io.michaelcane.Calculator.&lt;init&gt;(Calculator.java:6)
	at io.michaelcane.Commands.&lt;init&gt;(Commands.java:5)
	at io.michaelcane.Calculator.&lt;init&gt;(Calculator.java:6)
	at io.michaelcane.Commands.&lt;init&gt;(Commands.java:5)
	at io.michaelcane.Calculator.&lt;init&gt;(Calculator.java:6)
	at io.michaelcane.Commands.&lt;init&gt;(Commands.java:5)
	at io.michaelcane.Calculator.&lt;init&gt;(Calculator.java:6)
	at io.michaelcane.Commands.&lt;init&gt;(Commands.java:5)
	at io.michaelcane.Calculator.&lt;init&gt;(Calculator.java:6)
	at io.michaelcane.Commands.&lt;init&gt;(Commands.java:5)
	at io.michaelcane.Calculator.&lt;init&gt;(Calculator.java:6)
	at io.michaelcane.Commands.&lt;init&gt;(Commands.java:5)
	at io.michaelcane.Calculator.&lt;init&gt;(Calculator.java:6)
	at io.michaelcane.Commands.&lt;init&gt;(Commands.java:5)
	at io.michaelcane.Calculator.&lt;init&gt;(Calculator.java:6)
	at io.michaelcane.Commands.&lt;init&gt;(Commands.java:5)
	at io.michaelcane.Calculator.&lt;init&gt;(Calculator.java:6)
	at io.michaelcane.Commands.&lt;init&gt;(Commands.java:5)
	at io.michaelcane.Calculator.&lt;init&gt;(Calculator.java:6)
	at io.michaelcane.Commands.&lt;init&gt;(Commands.java:5)
	at io.michaelcane.Calculator.&lt;init&gt;(Calculator.java:6)
	at io.michaelcane.Commands.&lt;init&gt;(Commands.java:5)
	at io.michaelcane.Calculator.&lt;init&gt;(Calculator.java:6)
	at io.michaelcane.Commands.&lt;init&gt;(Commands.java:5)
	at io.michaelcane.Calculator.&lt;init&gt;(Calculator.java:6)
	at io.michaelcane.Commands.&lt;init&gt;(Commands.java:5)
	at io.michaelcane.Calculator.&lt;init&gt;(Calculator.java:6)
	at io.michaelcane.Commands.&lt;init&gt;(Commands.java:5)
	at io.michaelcane.Calculator.&lt;init&gt;(Calculator.java:6)
	at io.michaelcane.Commands.&lt;init&gt;(Commands.java:5)
	at io.michaelcane.Calculator.&lt;init&gt;(Calculator.java:6)
	at io.michaelcane.Commands.&lt;init&gt;(Commands.java:5)
	at io.michaelcane.Calculator.&lt;init&gt;(Calculator.java:6)
	at io.michaelcane.Commands.&lt;init&gt;(Commands.java:5)
	at io.michaelcane.Calculator.&lt;init&gt;(Calculator.java:6)
	at io.michaelcane.Commands.&lt;init&gt;(Commands.java:5)
	at io.michaelcane.Calculator.&lt;init&gt;(Calculator.java:6)
	at io.michaelcane.Commands.&lt;init&gt;(Commands.java:5)
	at io.michaelcane.Calculator.&lt;init&gt;(Calculator.java:6)
	at io.michaelcane.Commands.&lt;init&gt;(Commands.java:5)
	at io.michaelcane.Calculator.&lt;init&gt;(Calculator.java:6)
	at io.michaelcane.Commands.&lt;init&gt;(Commands.java:5)
	at io.michaelcane.Calculator.&lt;init&gt;(Calculator.java:6)
	at io.michaelcane.Commands.&lt;init&gt;(Commands.java:5)
	at io.michaelcane.Calculator.&lt;init&gt;(Calculator.java:6)
	at io.michaelcane.Commands.&lt;init&gt;(Commands.java:5)
	at io.michaelcane.Calculator.&lt;init&gt;(Calculator.java:6)
	at io.michaelcane.Commands.&lt;init&gt;(Commands.java:5)
	at io.michaelcane.Calculator.&lt;init&gt;(Calculator.java:6)
	at io.michaelcane.Commands.&lt;init&gt;(Commands.java:5)
	at io.michaelcane.Calculator.&lt;init&gt;(Calculator.java:6)
	at io.michaelcane.Commands.&lt;init&gt;(Commands.java:5)
	at io.michaelcane.Calculator.&lt;init&gt;(Calculator.java:6)
	at io.michaelcane.Commands.&lt;init&gt;(Commands.java:5)
	at io.michaelcane.Calculator.&lt;init&gt;(Calculator.java:6)
	at io.michaelcane.Commands.&lt;init&gt;(Commands.java:5)
	at io.michaelcane.Calculator.&lt;init&gt;(Calculator.java:6)
	at io.michaelcane.Commands.&lt;init&gt;(Commands.java:5)
	at io.michaelcane.Calculator.&lt;init&gt;(Calculator.java:6)
	at io.michaelcane.Commands.&lt;init&gt;(Commands.java:5)
	at io.michaelcane.Calculator.&lt;init&gt;(Calculator.java:6)
	at io.michaelcane.Commands.&lt;init&gt;(Commands.java:5)
	at io.michaelcane.Calculator.&lt;init&gt;(Calculator.java:6)
	at io.michaelcane.Commands.&lt;init&gt;(Commands.java:5)
	at io.michaelcane.Calculator.&lt;init&gt;(Calculator.java:6)
	at io.michaelcane.Commands.&lt;init&gt;(Commands.java:5)
	at io.michaelcane.Calculator.&lt;init&gt;(Calculator.java:6)
	at io.michaelcane.Commands.&lt;init&gt;(Commands.java:5)
	at io.michaelcane.Calculator.&lt;init&gt;(Calculator.java:6)
	at io.michaelcane.Commands.&lt;init&gt;(Commands.java:5)
	at io.michaelcane.Calculator.&lt;init&gt;(Calculator.java:6)
	at io.michaelcane.Commands.&lt;init&gt;(Commands.java:5)
	at io.michaelcane.Calculator.&lt;init&gt;(Calculator.java:6)
	at io.michaelcane.Commands.&lt;init&gt;(Commands.java:5)
	at io.michaelcane.Calculator.&lt;init&gt;(Calculator.java:6)
	at io.michaelcane.Commands.&lt;init&gt;(Commands.java:5)
	at io.michaelcane.Calculator.&lt;init&gt;(Calculator.java:6)
	at io.michaelcane.Commands.&lt;init&gt;(Commands.java:5)
	at io.michaelcane.Calculator.&lt;init&gt;(Calculator.java:6)
	at io.michaelcane.Commands.&lt;init&gt;(Commands.java:5)
	at io.michaelcane.Calculator.&lt;init&gt;(Calculator.java:6)
	at io.michaelcane.Commands.&lt;init&gt;(Commands.java:5)
	at io.michaelcane.Calculator.&lt;init&gt;(Calculator.java:6)
	at io.michaelcane.Commands.&lt;init&gt;(Commands.java:5)
	at io.michaelcane.Calculator.&lt;init&gt;(Calculator.java:6)
	at io.michaelcane.Commands.&lt;init&gt;(Commands.java:5)
	at io.michaelcane.Calculator.&lt;init&gt;(Calculator.java:6)
	at io.michaelcane.Commands.&lt;init&gt;(Commands.java:5)
	at io.michaelcane.Calculator.&lt;init&gt;(Calculator.java:6)
	at io.michaelcane.Commands.&lt;init&gt;(Commands.java:5)
	at io.michaelcane.Calculator.&lt;init&gt;(Calculator.java:6)
	at io.michaelcane.Commands.&lt;init&gt;(Commands.java:5)
	at io.michaelcane.Calculator.&lt;init&gt;(Calculator.java:6)
	at io.michaelcane.Commands.&lt;init&gt;(Commands.java:5)
	at io.michaelcane.Calculator.&lt;init&gt;(Calculator.java:6)
	at io.michaelcane.Commands.&lt;init&gt;(Commands.java:5)
	at io.michaelcane.Calculator.&lt;init&gt;(Calculator.java:6)
	at io.michaelcane.Commands.&lt;init&gt;(Commands.java:5)
	at io.michaelcane.Calculator.&lt;init&gt;(Calculator.java:6)
	at io.michaelcane.Commands.&lt;init&gt;(Commands.java:5)
	at io.michaelcane.Calculator.&lt;init&gt;(Calculator.java:6)
	at io.michaelcane.Commands.&lt;init&gt;(Commands.java:5)
	at io.michaelcane.Calculator.&lt;init&gt;(Calculator.java:6)
	at io.michaelcane.Commands.&lt;init&gt;(Commands.java:5)
	at io.michaelcane.Calculator.&lt;init&gt;(Calculator.java:6)
	at io.michaelcane.Commands.&lt;init&gt;(Commands.java:5)
	at io.michaelcane.Calculator.&lt;init&gt;(Calculator.java:6)
	at io.michaelcane.Commands.&lt;init&gt;(Commands.java:5)
	at io.michaelcane.Calculator.&lt;init&gt;(Calculator.java:6)
	at io.michaelcane.Commands.&lt;init&gt;(Commands.java:5)
	at io.michaelcane.Calculator.&lt;init&gt;(Calculator.java:6)
	at io.michaelcane.Commands.&lt;init&gt;(Commands.java:5)
	at io.michaelcane.Calculator.&lt;init&gt;(Calculator.java:6)
	at io.michaelcane.Commands.&lt;init&gt;(Commands.java:5)
	at io.michaelcane.Calculator.&lt;init&gt;(Calculator.java:6)
	at io.michaelcane.Commands.&lt;init&gt;(Commands.java:5)
	at io.michaelcane.Calculator.&lt;init&gt;(Calculator.java:6)
	at io.michaelcane.Commands.&lt;init&gt;(Commands.java:5)
	at io.michaelcane.Calculator.&lt;init&gt;(Calculator.java:6)
	at io.michaelcane.Commands.&lt;init&gt;(Commands.java:5)
	at io.michaelcane.Calculator.&lt;init&gt;(Calculator.java:6)
	at io.michaelcane.Commands.&lt;init&gt;(Commands.java:5)
	at io.michaelcane.Calculator.&lt;init&gt;(Calculator.java:6)
	at io.michaelcane.Commands.&lt;init&gt;(Commands.java:5)
	at io.michaelcane.Calculator.&lt;init&gt;(Calculator.java:6)
	at io.michaelcane.Commands.&lt;init&gt;(Commands.java:5)
	at io.michaelcane.Calculator.&lt;init&gt;(Calculator.java:6)
	at io.michaelcane.Commands.&lt;init&gt;(Commands.java:5)
	at io.michaelcane.Calculator.&lt;init&gt;(Calculator.java:6)
	at io.michaelcane.Commands.&lt;init&gt;(Commands.java:5)
	at io.michaelcane.Calculator.&lt;init&gt;(Calculator.java:6)
	at io.michaelcane.Commands.&lt;init&gt;(Commands.java:5)
	at io.michaelcane.Calculator.&lt;init&gt;(Calculator.java:6)
	at io.michaelcane.Commands.&lt;init&gt;(Commands.java:5)
	at io.michaelcane.Calculator.&lt;init&gt;(Calculator.java:6)
	at io.michaelcane.Commands.&lt;init&gt;(Commands.java:5)
	at io.michaelcane.Calculator.&lt;init&gt;(Calculator.java:6)
	at io.michaelcane.Commands.&lt;init&gt;(Commands.java:5)
	at io.michaelcane.Calculator.&lt;init&gt;(Calculator.java:6)
	at io.michaelcane.Commands.&lt;init&gt;(Commands.java:5)
	at io.michaelcane.Calculator.&lt;init&gt;(Calculator.java:6)
	at io.michaelcane.Commands.&lt;init&gt;(Commands.java:5)
	at io.michaelcane.Calculator.&lt;init&gt;(Calculator.java:6)
	at io.michaelcane.Commands.&lt;init&gt;(Commands.java:5)
	at io.michaelcane.Calculator.&lt;init&gt;(Calculator.java:6)
	at io.michaelcane.Commands.&lt;init&gt;(Commands.java:5)
	at io.michaelcane.Calculator.&lt;init&gt;(Calculator.java:6)
	at io.michaelcane.Commands.&lt;init&gt;(Commands.java:5)
	at io.michaelcane.Calculator.&lt;init&gt;(Calculator.java:6)
	at io.michaelcane.Commands.&lt;init&gt;(Commands.java:5)
	at io.michaelcane.Calculator.&lt;init&gt;(Calculator.java:6)
	at io.michaelcane.Commands.&lt;init&gt;(Commands.java:5)
	at io.michaelcane.Calculator.&lt;init&gt;(Calculator.java:6)
	at io.michaelcane.Commands.&lt;init&gt;(Commands.java:5)
	at io.michaelcane.Calculator.&lt;init&gt;(Calculator.java:6)
	at io.michaelcane.Commands.&lt;init&gt;(Commands.java:5)
	at io.michaelcane.Calculator.&lt;init&gt;(Calculator.java:6)
	at io.michaelcane.Commands.&lt;init&gt;(Commands.java:5)
	at io.michaelcane.Calculator.&lt;init&gt;(Calculator.java:6)
	at io.michaelcane.Commands.&lt;init&gt;(Commands.java:5)
	at io.michaelcane.Calculator.&lt;init&gt;(Calculator.java:6)
	at io.michaelcane.Commands.&lt;init&gt;(Commands.java:5)
	at io.michaelcane.Calculator.&lt;init&gt;(Calculator.java:6)
	at io.michaelcane.Commands.&lt;init&gt;(Commands.java:5)
	at io.michaelcane.Calculator.&lt;init&gt;(Calculator.java:6)
	at io.michaelcane.Commands.&lt;init&gt;(Commands.java:5)
	at io.michaelcane.Calculator.&lt;init&gt;(Calculator.java:6)
	at io.michaelcane.Commands.&lt;init&gt;(Commands.java:5)
	at io.michaelcane.Calculator.&lt;init&gt;(Calculator.java:6)
	at io.michaelcane.Commands.&lt;init&gt;(Commands.java:5)
	at io.michaelcane.Calculator.&lt;init&gt;(Calculator.java:6)
	at io.michaelcane.Commands.&lt;init&gt;(Commands.java:5)
	at io.michaelcane.Calculator.&lt;init&gt;(Calculator.java:6)
	at io.michaelcane.Commands.&lt;init&gt;(Commands.java:5)
	at io.michaelcane.Calculator.&lt;init&gt;(Calculator.java:6)
	at io.michaelcane.Commands.&lt;init&gt;(Commands.java:5)
	at io.michaelcane.Calculator.&lt;init&gt;(Calculator.java:6)
	at io.michaelcane.Commands.&lt;init&gt;(Commands.java:5)
	at io.michaelcane.Calculator.&lt;init&gt;(Calculator.java:6)
	at io.michaelcane.Commands.&lt;init&gt;(Commands.java:5)
	at io.michaelcane.Calculator.&lt;init&gt;(Calculator.java:6)
	at io.michaelcane.Commands.&lt;init&gt;(Commands.java:5)
	at io.michaelcane.Calculator.&lt;init&gt;(Calculator.java:6)
	at io.michaelcane.Commands.&lt;init&gt;(Commands.java:5)
	at io.michaelcane.Calculator.&lt;init&gt;(Calculator.java:6)
	at io.michaelcane.Commands.&lt;init&gt;(Commands.java:5)
	at io.michaelcane.Calculator.&lt;init&gt;(Calculator.java:6)
	at io.michaelcane.Commands.&lt;init&gt;(Commands.java:5)
	at io.michaelcane.Calculator.&lt;init&gt;(Calculator.java:6)
	at io.michaelcane.Commands.&lt;init&gt;(Commands.java:5)
	at io.michaelcane.Calculator.&lt;init&gt;(Calculator.java:6)
	at io.michaelcane.Commands.&lt;init&gt;(Commands.java:5)
	at io.michaelcane.Calculator.&lt;init&gt;(Calculator.java:6)
	at io.michaelcane.Commands.&lt;init&gt;(Commands.java:5)
	at io.michaelcane.Calculator.&lt;init&gt;(Calculator.java:6)
	at io.michaelcane.Commands.&lt;init&gt;(Commands.java:5)
	at io.michaelcane.Calculator.&lt;init&gt;(Calculator.java:6)
	at io.michaelcane.Commands.&lt;init&gt;(Commands.java:5)
	at io.michaelcane.Calculator.&lt;init&gt;(Calculator.java:6)
	at io.michaelcane.Commands.&lt;init&gt;(Commands.java:5)
	at io.michaelcane.Calculator.&lt;init&gt;(Calculator.java:6)
	at io.michaelcane.Commands.&lt;init&gt;(Commands.java:5)
	at io.michaelcane.Calculator.&lt;init&gt;(Calculator.java:6)
	at io.michaelcane.Commands.&lt;init&gt;(Commands.java:5)
	at io.michaelcane.Calculator.&lt;init&gt;(Calculator.java:6)
	at io.michaelcane.Commands.&lt;init&gt;(Commands.java:5)
	at io.michaelcane.Calculator.&lt;init&gt;(Calculator.java:6)
	at io.michaelcane.Commands.&lt;init&gt;(Commands.java:5)
	at io.michaelcane.Calculator.&lt;init&gt;(Calculator.java:6)
	at io.michaelcane.Commands.&lt;init&gt;(Commands.java:5)
	at io.michaelcane.Calculator.&lt;init&gt;(Calculator.java:6)
	at io.michaelcane.Commands.&lt;init&gt;(Commands.java:5)
	at io.michaelcane.Calculator.&lt;init&gt;(Calculator.java:6)
	at io.michaelcane.Commands.&lt;init&gt;(Commands.java:5)
	at io.michaelcane.Calculator.&lt;init&gt;(Calculator.java:6)
	at io.michaelcane.Commands.&lt;init&gt;(Commands.java:5)
	at io.michaelcane.Calculator.&lt;init&gt;(Calculator.java:6)
	at io.michaelcane.Commands.&lt;init&gt;(Commands.java:5)
	at io.michaelcane.Calculator.&lt;init&gt;(Calculator.java:6)
	at io.michaelcane.Commands.&lt;init&gt;(Commands.java:5)
	at io.michaelcane.Calculator.&lt;init&gt;(Calculator.java:6)
	at io.michaelcane.Commands.&lt;init&gt;(Commands.java:5)
	at io.michaelcane.Calculator.&lt;init&gt;(Calculator.java:6)
	at io.michaelcane.Commands.&lt;init&gt;(Commands.java:5)
	at io.michaelcane.Calculator.&lt;init&gt;(Calculator.java:6)
	at io.michaelcane.Commands.&lt;init&gt;(Commands.java:5)
	at io.michaelcane.Calculator.&lt;init&gt;(Calculator.java:6)
	at io.michaelcane.Commands.&lt;init&gt;(Commands.java:5)
	at io.michaelcane.Calculator.&lt;init&gt;(Calculator.java:6)
	at io.michaelcane.Commands.&lt;init&gt;(Commands.java:5)
	at io.michaelcane.Calculator.&lt;init&gt;(Calculator.java:6)
	at io.michaelcane.Commands.&lt;init&gt;(Commands.java:5)
	at io.michaelcane.Calculator.&lt;init&gt;(Calculator.java:6)
	at io.michaelcane.Commands.&lt;init&gt;(Commands.java:5)
	at io.michaelcane.Calculator.&lt;init&gt;(Calculator.java:6)
	at io.michaelcane.Commands.&lt;init&gt;(Commands.java:5)
	at io.michaelcane.Calculator.&lt;init&gt;(Calculator.java:6)
	at io.michaelcane.Commands.&lt;init&gt;(Commands.java:5)
	at io.michaelcane.Calculator.&lt;init&gt;(Calculator.java:6)
	at io.michaelcane.Commands.&lt;init&gt;(Commands.java:5)
	at io.michaelcane.Calculator.&lt;init&gt;(Calculator.java:6)
	at io.michaelcane.Commands.&lt;init&gt;(Commands.java:5)
	at io.michaelcane.Calculator.&lt;init&gt;(Calculator.java:6)
	at io.michaelcane.Commands.&lt;init&gt;(Commands.java:5)
	at io.michaelcane.Calculator.&lt;init&gt;(Calculator.java:6)
	at io.michaelcane.Commands.&lt;init&gt;(Commands.java:5)
	at io.michaelcane.Calculator.&lt;init&gt;(Calculator.java:6)
	at io.michaelcane.Commands.&lt;init&gt;(Commands.java:5)
	at io.michaelcane.Calculator.&lt;init&gt;(Calculator.java:6)
	at io.michaelcane.Commands.&lt;init&gt;(Commands.java:5)
	at io.michaelcane.Calculator.&lt;init&gt;(Calculator.java:6)
	at io.michaelcane.Commands.&lt;init&gt;(Commands.java:5)
	at io.michaelcane.Calculator.&lt;init&gt;(Calculator.java:6)
	at io.michaelcane.Commands.&lt;init&gt;(Commands.java:5)
	at io.michaelcane.Calculator.&lt;init&gt;(Calculator.java:6)
	at io.michaelcane.Commands.&lt;init&gt;(Commands.java:5)
	at io.michaelcane.Calculator.&lt;init&gt;(Calculator.java:6)
	at io.michaelcane.Commands.&lt;init&gt;(Commands.java:5)
	at io.michaelcane.Calculator.&lt;init&gt;(Calculator.java:6)
	at io.michaelcane.Commands.&lt;init&gt;(Commands.java:5)
	at io.michaelcane.Calculator.&lt;init&gt;(Calculator.java:6)
	at io.michaelcane.Commands.&lt;init&gt;(Commands.java:5)
	at io.michaelcane.Calculator.&lt;init&gt;(Calculator.java:6)
	at io.michaelcane.Commands.&lt;init&gt;(Commands.java:5)
	at io.michaelcane.Calculator.&lt;init&gt;(Calculator.java:6)
	at io.michaelcane.Commands.&lt;init&gt;(Commands.java:5)
	at io.michaelcane.Calculator.&lt;init&gt;(Calculator.java:6)
	at io.michaelcane.Commands.&lt;init&gt;(Commands.java:5)
	at io.michaelcane.Calculator.&lt;init&gt;(Calculator.java:6)
	at io.michaelcane.Commands.&lt;init&gt;(Commands.java:5)
	at io.michaelcane.Calculator.&lt;init&gt;(Calculator.java:6)
	at io.michaelcane.Commands.&lt;init&gt;(Commands.java:5)
	at io.michaelcane.Calculator.&lt;init&gt;(Calculator.java:6)
	at io.michaelcane.Commands.&lt;init&gt;(Commands.java:5)
	at io.michaelcane.Calculator.&lt;init&gt;(Calculator.java:6)
	at io.michaelcane.Commands.&lt;init&gt;(Commands.java:5)
	at io.michaelcane.Calculator.&lt;init&gt;(Calculator.java:6)
	at io.michaelcane.Commands.&lt;init&gt;(Commands.java:5)
	at io.michaelcane.Calculator.&lt;init&gt;(Calculator.java:6)
	at io.michaelcane.Commands.&lt;init&gt;(Commands.java:5)
	at io.michaelcane.Calculator.&lt;init&gt;(Calculator.java:6)
	at io.michaelcane.Commands.&lt;init&gt;(Commands.java:5)
	at io.michaelcane.Calculator.&lt;init&gt;(Calculator.java:6)
	at io.michaelcane.Commands.&lt;init&gt;(Commands.java:5)
	at io.michaelcane.Calculator.&lt;init&gt;(Calculator.java:6)
	at io.michaelcane.Commands.&lt;init&gt;(Commands.java:5)
	at io.michaelcane.Calculator.&lt;init&gt;(Calculator.java:6)
	at io.michaelcane.Commands.&lt;init&gt;(Commands.java:5)
	at io.michaelcane.Calculator.&lt;init&gt;(Calculator.java:6)
	at io.michaelcane.Commands.&lt;init&gt;(Commands.java:5)
	at io.michaelcane.Calculator.&lt;init&gt;(Calculator.java:6)
	at io.michaelcane.Commands.&lt;init&gt;(Commands.java:5)
	at io.michaelcane.Calculator.&lt;init&gt;(Calculator.java:6)
	at io.michaelcane.Commands.&lt;init&gt;(Commands.java:5)
	at io.michaelcane.Calculator.&lt;init&gt;(Calculator.java:6)
	at io.michaelcane.Commands.&lt;init&gt;(Commands.java:5)
	at io.michaelcane.Calculator.&lt;init&gt;(Calculator.java:6)
	at io.michaelcane.Commands.&lt;init&gt;(Commands.java:5)
	at io.michaelcane.Calculator.&lt;init&gt;(Calculator.java:6)
	at io.michaelcane.Commands.&lt;init&gt;(Commands.java:5)
	at io.michaelcane.Calculator.&lt;init&gt;(Calculator.java:6)
	at io.michaelcane.Commands.&lt;init&gt;(Commands.java:5)
	at io.michaelcane.Calculator.&lt;init&gt;(Calculator.java:6)
	at io.michaelcane.Commands.&lt;init&gt;(Commands.java:5)
	at io.michaelcane.Calculator.&lt;init&gt;(Calculator.java:6)
	at io.michaelcane.Commands.&lt;init&gt;(Commands.java:5)
	at io.michaelcane.Calculator.&lt;init&gt;(Calculator.java:6)
	at io.michaelcane.Commands.&lt;init&gt;(Commands.java:5)
	at io.michaelcane.Calculator.&lt;init&gt;(Calculator.java:6)
	at io.michaelcane.Commands.&lt;init&gt;(Commands.java:5)
	at io.michaelcane.Calculator.&lt;init&gt;(Calculator.java:6)
	at io.michaelcane.Commands.&lt;init&gt;(Commands.java:5)
	at io.michaelcane.Calculator.&lt;init&gt;(Calculator.java:6)
	at io.michaelcane.Commands.&lt;init&gt;(Commands.java:5)
	at io.michaelcane.Calculator.&lt;init&gt;(Calculator.java:6)
	at io.michaelcane.Commands.&lt;init&gt;(Commands.java:5)
	at io.michaelcane.Calculator.&lt;init&gt;(Calculator.java:6)
	at io.michaelcane.Commands.&lt;init&gt;(Commands.java:5)
	at io.michaelcane.Calculator.&lt;init&gt;(Calculator.java:6)
	at io.michaelcane.Commands.&lt;init&gt;(Commands.java:5)
	at io.michaelcane.Calculator.&lt;init&gt;(Calculator.java:6)
	at io.michaelcane.Commands.&lt;init&gt;(Commands.java:5)
	at io.michaelcane.Calculator.&lt;init&gt;(Calculator.java:6)
	at io.michaelcane.Commands.&lt;init&gt;(Commands.java:5)
	at io.michaelcane.Calculator.&lt;init&gt;(Calculator.java:6)
	at io.michaelcane.Commands.&lt;init&gt;(Commands.java:5)
	at io.michaelcane.Calculator.&lt;init&gt;(Calculator.java:6)
	at io.michaelcane.Commands.&lt;init&gt;(Commands.java:5)
	at io.michaelcane.Calculator.&lt;init&gt;(Calculator.java:6)
	at io.michaelcane.Commands.&lt;init&gt;(Commands.java:5)
	at io.michaelcane.Calculator.&lt;init&gt;(Calculator.java:6)
	at io.michaelcane.Commands.&lt;init&gt;(Commands.java:5)
	at io.michaelcane.Calculator.&lt;init&gt;(Calculator.java:6)
	at io.michaelcane.Commands.&lt;init&gt;(Commands.java:5)
	at io.michaelcane.Calculator.&lt;init&gt;(Calculator.java:6)
	at io.michaelcane.Commands.&lt;init&gt;(Commands.java:5)
	at io.michaelcane.Calculator.&lt;init&gt;(Calculator.java:6)
	at io.michaelcane.Commands.&lt;init&gt;(Commands.java:5)
	at io.michaelcane.Calculator.&lt;init&gt;(Calculator.java:6)
	at io.michaelcane.Commands.&lt;init&gt;(Commands.java:5)
	at io.michaelcane.Calculator.&lt;init&gt;(Calculator.java:6)
	at io.michaelcane.Commands.&lt;init&gt;(Commands.java:5)
	at io.michaelcane.Calculator.&lt;init&gt;(Calculator.java:6)
	at io.michaelcane.Commands.&lt;init&gt;(Commands.java:5)
	at io.michaelcane.Calculator.&lt;init&gt;(Calculator.java:6)
	at io.michaelcane.Commands.&lt;init&gt;(Commands.java:5)
	at io.michaelcane.Calculator.&lt;init&gt;(Calculator.java:6)
	at io.michaelcane.Commands.&lt;init&gt;(Commands.java:5)
	at io.michaelcane.Calculator.&lt;init&gt;(Calculator.java:6)
	at io.michaelcane.Commands.&lt;init&gt;(Commands.java:5)
	at io.michaelcane.Calculator.&lt;init&gt;(Calculator.java:6)
	at io.michaelcane.Commands.&lt;init&gt;(Commands.java:5)
	at io.michaelcane.Calculator.&lt;init&gt;(Calculator.java:6)
	at io.michaelcane.Commands.&lt;init&gt;(Commands.java:5)
	at io.michaelcane.Calculator.&lt;init&gt;(Calculator.java:6)
	at io.michaelcane.Commands.&lt;init&gt;(Commands.java:5)
	at io.michaelcane.Calculator.&lt;init&gt;(Calculator.java:6)
	at io.michaelcane.Commands.&lt;init&gt;(Commands.java:5)
	at io.michaelcane.Calculator.&lt;init&gt;(Calculator.java:6)
	at io.michaelcane.Commands.&lt;init&gt;(Commands.java:5)
	at io.michaelcane.Calculator.&lt;init&gt;(Calculator.java:6)
	at io.michaelcane.Commands.&lt;init&gt;(Commands.java:5)
	at io.michaelcane.Calculator.&lt;init&gt;(Calculator.java:6)
	at io.michaelcane.Commands.&lt;init&gt;(Commands.java:5)
	at io.michaelcane.Calculator.&lt;init&gt;(Calculator.java:6)
	at io.michaelcane.Commands.&lt;init&gt;(Commands.java:5)
	at io.michaelcane.Calculator.&lt;init&gt;(Calculator.java:6)
	at io.michaelcane.Commands.&lt;init&gt;(Commands.java:5)
	at io.michaelcane.Calculator.&lt;init&gt;(Calculator.java:6)
	at io.michaelcane.Commands.&lt;init&gt;(Commands.java:5)
	at io.michaelcane.Calculator.&lt;init&gt;(Calculator.java:6)
	at io.michaelcane.Commands.&lt;init&gt;(Commands.java:5)
	at io.michaelcane.Calculator.&lt;init&gt;(Calculator.java:6)
	at io.michaelcane.Commands.&lt;init&gt;(Commands.java:5)
	at io.michaelcane.Calculator.&lt;init&gt;(Calculator.java:6)
	at io.michaelcane.Commands.&lt;init&gt;(Commands.java:5)
	at io.michaelcane.Calculator.&lt;init&gt;(Calculator.java:6)
	at io.michaelcane.Commands.&lt;init&gt;(Commands.java:5)
	at io.michaelcane.Calculator.&lt;init&gt;(Calculator.java:6)
	at io.michaelcane.Commands.&lt;init&gt;(Commands.java:5)
	at io.michaelcane.Calculator.&lt;init&gt;(Calculator.java:6)
	at io.michaelcane.Commands.&lt;init&gt;(Commands.java:5)
	at io.michaelcane.Calculator.&lt;init&gt;(Calculator.java:6)
	at io.michaelcane.Commands.&lt;init&gt;(Commands.java:5)
	at io.michaelcane.Calculator.&lt;init&gt;(Calculator.java:6)
	at io.michaelcane.Commands.&lt;init&gt;(Commands.java:5)
	at io.michaelcane.Calculator.&lt;init&gt;(Calculator.java:6)
	at io.michaelcane.Commands.&lt;init&gt;(Commands.java:5)
	at io.michaelcane.Calculator.&lt;init&gt;(Calculator.java:6)
	at io.michaelcane.Commands.&lt;init&gt;(Commands.java:5)
	at io.michaelcane.Calculator.&lt;init&gt;(Calculator.java:6)
	at io.michaelcane.Commands.&lt;init&gt;(Commands.java:5)
	at io.michaelcane.Calculator.&lt;init&gt;(Calculator.java:6)
	at io.michaelcane.Commands.&lt;init&gt;(Commands.java:5)
	at io.michaelcane.Calculator.&lt;init&gt;(Calculator.java:6)
	at io.michaelcane.Commands.&lt;init&gt;(Commands.java:5)
	at io.michaelcane.Calculator.&lt;init&gt;(Calculator.java:6)
	at io.michaelcane.Commands.&lt;init&gt;(Commands.java:5)
	at io.michaelcane.Calculator.&lt;init&gt;(Calculator.java:6)
	at io.michaelcane.Commands.&lt;init&gt;(Commands.java:5)
	at io.michaelcane.Calculator.&lt;init&gt;(Calculator.java:6)
	at io.michaelcane.Commands.&lt;init&gt;(Commands.java:5)
	at io.michaelcane.Calculator.&lt;init&gt;(Calculator.java:6)
	at io.michaelcane.Commands.&lt;init&gt;(Commands.java:5)
	at io.michaelcane.Calculator.&lt;init&gt;(Calculator.java:6)
	at io.michaelcane.Commands.&lt;init&gt;(Commands.java:5)
	at io.michaelcane.Calculator.&lt;init&gt;(Calculator.java:6)
	at io.michaelcane.Commands.&lt;init&gt;(Commands.java:5)
	at io.michaelcane.Calculator.&lt;init&gt;(Calculator.java:6)
	at io.michaelcane.Commands.&lt;init&gt;(Commands.java:5)
	at io.michaelcane.Calculator.&lt;init&gt;(Calculator.java:6)
	at io.michaelcane.Commands.&lt;init&gt;(Commands.java:5)
	at io.michaelcane.Calculator.&lt;init&gt;(Calculator.java:6)
	at io.michaelcane.Commands.&lt;init&gt;(Commands.java:5)
	at io.michaelcane.Calculator.&lt;init&gt;(Calculator.java:6)
	at io.michaelcane.Commands.&lt;init&gt;(Commands.java:5)
	at io.michaelcane.Calculator.&lt;init&gt;(Calculator.java:6)
	at io.michaelcane.Commands.&lt;init&gt;(Commands.java:5)
	at io.michaelcane.Calculator.&lt;init&gt;(Calculator.java:6)
	at io.michaelcane.Commands.&lt;init&gt;(Commands.java:5)
	at io.michaelcane.Calculator.&lt;init&gt;(Calculator.java:6)
	at io.michaelcane.Commands.&lt;init&gt;(Commands.java:5)
	at io.michaelcane.Calculator.&lt;init&gt;(Calculator.java:6)
	at io.michaelcane.Commands.&lt;init&gt;(Commands.java:5)
	at io.michaelcane.Calculator.&lt;init&gt;(Calculator.java:6)
	at io.michaelcane.Commands.&lt;init&gt;(Commands.java:5)
	at io.michaelcane.Calculator.&lt;init&gt;(Calculator.java:6)
	at io.michaelcane.Commands.&lt;init&gt;(Commands.java:5)
	at io.michaelcane.Calculator.&lt;init&gt;(Calculator.java:6)
	at io.michaelcane.Commands.&lt;init&gt;(Commands.java:5)
	at io.michaelcane.Calculator.&lt;init&gt;(Calculator.java:6)
	at io.michaelcane.Commands.&lt;init&gt;(Commands.java:5)
	at io.michaelcane.Calculator.&lt;init&gt;(Calculator.java:6)
	at io.michaelcane.Commands.&lt;init&gt;(Commands.java:5)
	at io.michaelcane.Calculator.&lt;init&gt;(Calculator.java:6)
	at io.michaelcane.Commands.&lt;init&gt;(Commands.java:5)
	at io.michaelcane.Calculator.&lt;init&gt;(Calculator.java:6)
	at io.michaelcane.Commands.&lt;init&gt;(Commands.java:5)
	at io.michaelcane.Calculator.&lt;init&gt;(Calculator.java:6)
	at io.michaelcane.Commands.&lt;init&gt;(Commands.java:5)
	at io.michaelcane.Calculator.&lt;init&gt;(Calculator.java:6)
	at io.michaelcane.Commands.&lt;init&gt;(Commands.java:5)
	at io.michaelcane.Calculator.&lt;init&gt;(Calculator.java:6)
	at io.michaelcane.Commands.&lt;init&gt;(Commands.java:5)
	at io.michaelcane.Calculator.&lt;init&gt;(Calculator.java:6)
	at io.michaelcane.Commands.&lt;init&gt;(Commands.java:5)
	at io.michaelcane.Calculator.&lt;init&gt;(Calculator.java:6)
	at io.michaelcane.Commands.&lt;init&gt;(Commands.java:5)
	at io.michaelcane.Calculator.&lt;init&gt;(Calculator.java:6)
	at io.michaelcane.Commands.&lt;init&gt;(Commands.java:5)
	at io.michaelcane.Calculator.&lt;init&gt;(Calculator.java:6)
	at io.michaelcane.Commands.&lt;init&gt;(Commands.java:5)
	at io.michaelcane.Calculator.&lt;init&gt;(Calculator.java:6)
	at io.michaelcane.Commands.&lt;init&gt;(Commands.java:5)
	at io.michaelcane.Calculator.&lt;init&gt;(Calculator.java:6)
	at io.michaelcane.Commands.&lt;init&gt;(Commands.java:5)
	at io.michaelcane.Calculator.&lt;init&gt;(Calculator.java:6)
	at io.michaelcane.Commands.&lt;init&gt;(Commands.java:5)
	at io.michaelcane.Calculator.&lt;init&gt;(Calculator.java:6)
	at io.michaelcane.Commands.&lt;init&gt;(Commands.java:5)
	at io.michaelcane.Calculator.&lt;init&gt;(Calculator.java:6)
	at io.michaelcane.Commands.&lt;init&gt;(Commands.java:5)
	at io.michaelcane.Calculator.&lt;init&gt;(Calculator.java:6)
	at io.michaelcane.Commands.&lt;init&gt;(Commands.java:5)
	at io.michaelcane.Calculator.&lt;init&gt;(Calculator.java:6)
	at io.michaelcane.Commands.&lt;init&gt;(Commands.java:5)
	at io.michaelcane.Calculator.&lt;init&gt;(Calculator.java:6)
	at io.michaelcane.Commands.&lt;init&gt;(Commands.java:5)
	at io.michaelcane.Calculator.&lt;init&gt;(Calculator.java:6)
	at io.michaelcane.Commands.&lt;init&gt;(Commands.java:5)
	at io.michaelcane.Calculator.&lt;init&gt;(Calculator.java:6)
	at io.michaelcane.Commands.&lt;init&gt;(Commands.java:5)
	at io.michaelcane.Calculator.&lt;init&gt;(Calculator.java:6)
	at io.michaelcane.Commands.&lt;init&gt;(Commands.java:5)
	at io.michaelcane.Calculator.&lt;init&gt;(Calculator.java:6)
	at io.michaelcane.Commands.&lt;init&gt;(Commands.java:5)
	at io.michaelcane.Calculator.&lt;init&gt;(Calculator.java:6)
	at io.michaelcane.Commands.&lt;init&gt;(Commands.java:5)
	at io.michaelcane.Calculator.&lt;init&gt;(Calculator.java:6)
	at io.michaelcane.Commands.&lt;init&gt;(Commands.java:5)
	at io.michaelcane.Calculator.&lt;init&gt;(Calculator.java:6)
	at io.michaelcane.Commands.&lt;init&gt;(Commands.java:5)
	at io.michaelcane.Calculator.&lt;init&gt;(Calculator.java:6)
	at io.michaelcane.Commands.&lt;init&gt;(Commands.java:5)
	at io.michaelcane.Calculator.&lt;init&gt;(Calculator.java:6)
	at io.michaelcane.Commands.&lt;init&gt;(Commands.java:5)
	at io.michaelcane.Calculator.&lt;init&gt;(Calculator.java:6)
	at io.michaelcane.Commands.&lt;init&gt;(Commands.java:5)
	at io.michaelcane.Calculator.&lt;init&gt;(Calculator.java:6)
	at io.michaelcane.Commands.&lt;init&gt;(Commands.java:5)
	at io.michaelcane.Calculator.&lt;init&gt;(Calculator.java:6)
	at io.michaelcane.Commands.&lt;init&gt;(Commands.java:5)
	at io.michaelcane.Calculator.&lt;init&gt;(Calculator.java:6)
	at io.michaelcane.Commands.&lt;init&gt;(Commands.java:5)
	at io.michaelcane.Calculator.&lt;init&gt;(Calculator.java:6)
	at io.michaelcane.Commands.&lt;init&gt;(Commands.java:5)
	at io.michaelcane.Calculator.&lt;init&gt;(Calculator.java:6)
	at io.michaelcane.Commands.&lt;init&gt;(Commands.java:5)
	at io.michaelcane.Calculator.&lt;init&gt;(Calculator.java:6)
	at io.michaelcane.Commands.&lt;init&gt;(Commands.java:5)
	at io.michaelcane.Calculator.&lt;init&gt;(Calculator.java:6)
	at io.michaelcane.Commands.&lt;init&gt;(Commands.java:5)
	at io.michaelcane.Calculator.&lt;init&gt;(Calculator.java:6)
	at io.michaelcane.Commands.&lt;init&gt;(Commands.java:5)
	at io.michaelcane.Calculator.&lt;init&gt;(Calculator.java:6)
	at io.michaelcane.Commands.&lt;init&gt;(Commands.java:5)
	at io.michaelcane.Calculator.&lt;init&gt;(Calculator.java:6)
	at io.michaelcane.Commands.&lt;init&gt;(Commands.java:5)
	at io.michaelcane.Calculator.&lt;init&gt;(Calculator.java:6)
	at io.michaelcane.Commands.&lt;init&gt;(Commands.java:5)
	at io.michaelcane.Calculator.&lt;init&gt;(Calculator.java:6)
	at io.michaelcane.Commands.&lt;init&gt;(Commands.java:5)
	at io.michaelcane.Calculator.&lt;init&gt;(Calculator.java:6)
	at io.michaelcane.Commands.&lt;init&gt;(Commands.java:5)
	at io.michaelcane.Calculator.&lt;init&gt;(Calculator.java:6)
	at io.michaelcane.Commands.&lt;init&gt;(Commands.java:5)
	at io.michaelcane.Calculator.&lt;init&gt;(Calculator.java:6)
	at io.michaelcane.Commands.&lt;init&gt;(Commands.java:5)
	at io.michaelcane.Calculator.&lt;init&gt;(Calculator.java:6)
	at io.michaelcane.Commands.&lt;init&gt;(Commands.java:5)
	at io.michaelcane.Calculator.&lt;init&gt;(Calculator.java:6)
	at io.michaelcane.Commands.&lt;init&gt;(Commands.java:5)
	at io.michaelcane.Calculator.&lt;init&gt;(Calculator.java:6)
	at io.michaelcane.Commands.&lt;init&gt;(Commands.java:5)
	at io.michaelcane.Calculator.&lt;init&gt;(Calculator.java:6)
	at io.michaelcane.Commands.&lt;init&gt;(Commands.java:5)
	at io.michaelcane.Calculator.&lt;init&gt;(Calculator.java:6)
	at io.michaelcane.Commands.&lt;init&gt;(Commands.java:5)
	at io.michaelcane.Calculator.&lt;init&gt;(Calculator.java:6)
	at io.michaelcane.Commands.&lt;init&gt;(Commands.java:5)
	at io.michaelcane.Calculator.&lt;init&gt;(Calculator.java:6)
	at io.michaelcane.Commands.&lt;init&gt;(Commands.java:5)
	at io.michaelcane.Calculator.&lt;init&gt;(Calculator.java:6)
	at io.michaelcane.Commands.&lt;init&gt;(Commands.java:5)
	at io.michaelcane.Calculator.&lt;init&gt;(Calculator.java:6)
	at io.michaelcane.Commands.&lt;init&gt;(Commands.java:5)
	at io.michaelcane.Calculator.&lt;init&gt;(Calculator.java:6)
	at io.michaelcane.Commands.&lt;init&gt;(Commands.java:5)
	at io.michaelcane.Calculator.&lt;init&gt;(Calculator.java:6)
	at io.michaelcane.Commands.&lt;init&gt;(Commands.java:5)
	at io.michaelcane.Calculator.&lt;init&gt;(Calculator.java:6)
	at io.michaelcane.Commands.&lt;init&gt;(Commands.java:5)
	at io.michaelcane.Calculator.&lt;init&gt;(Calculator.java:6)
	at io.michaelcane.Commands.&lt;init&gt;(Commands.java:5)
	at io.michaelcane.Calculator.&lt;init&gt;(Calculator.java:6)
	at io.michaelcane.Commands.&lt;init&gt;(Commands.java:5)
	at io.michaelcane.Calculator.&lt;init&gt;(Calculator.java:6)
	at io.michaelcane.Commands.&lt;init&gt;(Commands.java:5)
	at io.michaelcane.Calculator.&lt;init&gt;(Calculator.java:6)
	at io.michaelcane.Commands.&lt;init&gt;(Commands.java:5)
	at io.michaelcane.Calculator.&lt;init&gt;(Calculator.java:6)
	at io.michaelcane.Commands.&lt;init&gt;(Commands.java:5)
	at io.michaelcane.Calculator.&lt;init&gt;(Calculator.java:6)
	at io.michaelcane.Commands.&lt;init&gt;(Commands.java:5)
	at io.michaelcane.Calculator.&lt;init&gt;(Calculator.java:6)
	at io.michaelcane.Commands.&lt;init&gt;(Commands.java:5)
	at io.michaelcane.Calculator.&lt;init&gt;(Calculator.java:6)
	at io.michaelcane.Commands.&lt;init&gt;(Commands.java:5)
	at io.michaelcane.Calculator.&lt;init&gt;(Calculator.java:6)
	at io.michaelcane.Commands.&lt;init&gt;(Commands.java:5)
	at io.michaelcane.Calculator.&lt;init&gt;(Calculator.java:6)
	at io.michaelcane.Commands.&lt;init&gt;(Commands.java:5)
	at io.michaelcane.Calculator.&lt;init&gt;(Calculator.java:6)
	at io.michaelcane.Commands.&lt;init&gt;(Commands.java:5)
</error>
  </testcase>
  <testcase classname="io.michaelcane.CalculatorSpec" name="test$logarithm" time="0.01">
    <error type="java.lang.StackOverflowError">java.lang.StackOverflowError
	at io.michaelcane.Calculator.&lt;init&gt;(Calculator.java:6)
	at io.michaelcane.Commands.&lt;init&gt;(Commands.java:5)
	at io.michaelcane.Calculator.&lt;init&gt;(Calculator.java:6)
	at io.michaelcane.Commands.&lt;init&gt;(Commands.java:5)
	at io.michaelcane.Calculator.&lt;init&gt;(Calculator.java:6)
	at io.michaelcane.Commands.&lt;init&gt;(Commands.java:5)
	at io.michaelcane.Calculator.&lt;init&gt;(Calculator.java:6)
	at io.michaelcane.Commands.&lt;init&gt;(Commands.java:5)
	at io.michaelcane.Calculator.&lt;init&gt;(Calculator.java:6)
	at io.michaelcane.Commands.&lt;init&gt;(Commands.java:5)
	at io.michaelcane.Calculator.&lt;init&gt;(Calculator.java:6)
	at io.michaelcane.Commands.&lt;init&gt;(Commands.java:5)
	at io.michaelcane.Calculator.&lt;init&gt;(Calculator.java:6)
	at io.michaelcane.Commands.&lt;init&gt;(Commands.java:5)
	at io.michaelcane.Calculator.&lt;init&gt;(Calculator.java:6)
	at io.michaelcane.Commands.&lt;init&gt;(Commands.java:5)
	at io.michaelcane.Calculator.&lt;init&gt;(Calculator.java:6)
	at io.michaelcane.Commands.&lt;init&gt;(Commands.java:5)
	at io.michaelcane.Calculator.&lt;init&gt;(Calculator.java:6)
	at io.michaelcane.Commands.&lt;init&gt;(Commands.java:5)
	at io.michaelcane.Calculator.&lt;init&gt;(Calculator.java:6)
	at io.michaelcane.Commands.&lt;init&gt;(Commands.java:5)
	at io.michaelcane.Calculator.&lt;init&gt;(Calculator.java:6)
	at io.michaelcane.Commands.&lt;init&gt;(Commands.java:5)
	at io.michaelcane.Calculator.&lt;init&gt;(Calculator.java:6)
	at io.michaelcane.Commands.&lt;init&gt;(Commands.java:5)
	at io.michaelcane.Calculator.&lt;init&gt;(Calculator.java:6)
	at io.michaelcane.Commands.&lt;init&gt;(Commands.java:5)
	at io.michaelcane.Calculator.&lt;init&gt;(Calculator.java:6)
	at io.michaelcane.Commands.&lt;init&gt;(Commands.java:5)
	at io.michaelcane.Calculator.&lt;init&gt;(Calculator.java:6)
	at io.michaelcane.Commands.&lt;init&gt;(Commands.java:5)
	at io.michaelcane.Calculator.&lt;init&gt;(Calculator.java:6)
	at io.michaelcane.Commands.&lt;init&gt;(Commands.java:5)
	at io.michaelcane.Calculator.&lt;init&gt;(Calculator.java:6)
	at io.michaelcane.Commands.&lt;init&gt;(Commands.java:5)
	at io.michaelcane.Calculator.&lt;init&gt;(Calculator.java:6)
	at io.michaelcane.Commands.&lt;init&gt;(Commands.java:5)
	at io.michaelcane.Calculator.&lt;init&gt;(Calculator.java:6)
	at io.michaelcane.Commands.&lt;init&gt;(Commands.java:5)
	at io.michaelcane.Calculator.&lt;init&gt;(Calculator.java:6)
	at io.michaelcane.Commands.&lt;init&gt;(Commands.java:5)
	at io.michaelcane.Calculator.&lt;init&gt;(Calculator.java:6)
	at io.michaelcane.Commands.&lt;init&gt;(Commands.java:5)
	at io.michaelcane.Calculator.&lt;init&gt;(Calculator.java:6)
	at io.michaelcane.Commands.&lt;init&gt;(Commands.java:5)
	at io.michaelcane.Calculator.&lt;init&gt;(Calculator.java:6)
	at io.michaelcane.Commands.&lt;init&gt;(Commands.java:5)
	at io.michaelcane.Calculator.&lt;init&gt;(Calculator.java:6)
	at io.michaelcane.Commands.&lt;init&gt;(Commands.java:5)
	at io.michaelcane.Calculator.&lt;init&gt;(Calculator.java:6)
	at io.michaelcane.Commands.&lt;init&gt;(Commands.java:5)
	at io.michaelcane.Calculator.&lt;init&gt;(Calculator.java:6)
	at io.michaelcane.Commands.&lt;init&gt;(Commands.java:5)
	at io.michaelcane.Calculator.&lt;init&gt;(Calculator.java:6)
	at io.michaelcane.Commands.&lt;init&gt;(Commands.java:5)
	at io.michaelcane.Calculator.&lt;init&gt;(Calculator.java:6)
	at io.michaelcane.Commands.&lt;init&gt;(Commands.java:5)
	at io.michaelcane.Calculator.&lt;init&gt;(Calculator.java:6)
	at io.michaelcane.Commands.&lt;init&gt;(Commands.java:5)
	at io.michaelcane.Calculator.&lt;init&gt;(Calculator.java:6)
	at io.michaelcane.Commands.&lt;init&gt;(Commands.java:5)
	at io.michaelcane.Calculator.&lt;init&gt;(Calculator.java:6)
	at io.michaelcane.Commands.&lt;init&gt;(Commands.java:5)
	at io.michaelcane.Calculator.&lt;init&gt;(Calculator.java:6)
	at io.michaelcane.Commands.&lt;init&gt;(Commands.java:5)
	at io.michaelcane.Calculator.&lt;init&gt;(Calculator.java:6)
	at io.michaelcane.Commands.&lt;init&gt;(Commands.java:5)
	at io.michaelcane.Calculator.&lt;init&gt;(Calculator.java:6)
	at io.michaelcane.Commands.&lt;init&gt;(Commands.java:5)
	at io.michaelcane.Calculator.&lt;init&gt;(Calculator.java:6)
	at io.michaelcane.Commands.&lt;init&gt;(Commands.java:5)
	at io.michaelcane.Calculator.&lt;init&gt;(Calculator.java:6)
	at io.michaelcane.Commands.&lt;init&gt;(Commands.java:5)
	at io.michaelcane.Calculator.&lt;init&gt;(Calculator.java:6)
	at io.michaelcane.Commands.&lt;init&gt;(Commands.java:5)
	at io.michaelcane.Calculator.&lt;init&gt;(Calculator.java:6)
	at io.michaelcane.Commands.&lt;init&gt;(Commands.java:5)
	at io.michaelcane.Calculator.&lt;init&gt;(Calculator.java:6)
	at io.michaelcane.Commands.&lt;init&gt;(Commands.java:5)
	at io.michaelcane.Calculator.&lt;init&gt;(Calculator.java:6)
	at io.michaelcane.Commands.&lt;init&gt;(Commands.java:5)
	at io.michaelcane.Calculator.&lt;init&gt;(Calculator.java:6)
	at io.michaelcane.Commands.&lt;init&gt;(Commands.java:5)
	at io.michaelcane.Calculator.&lt;init&gt;(Calculator.java:6)
	at io.michaelcane.Commands.&lt;init&gt;(Commands.java:5)
	at io.michaelcane.Calculator.&lt;init&gt;(Calculator.java:6)
	at io.michaelcane.Commands.&lt;init&gt;(Commands.java:5)
	at io.michaelcane.Calculator.&lt;init&gt;(Calculator.java:6)
	at io.michaelcane.Commands.&lt;init&gt;(Commands.java:5)
	at io.michaelcane.Calculator.&lt;init&gt;(Calculator.java:6)
	at io.michaelcane.Commands.&lt;init&gt;(Commands.java:5)
	at io.michaelcane.Calculator.&lt;init&gt;(Calculator.java:6)
	at io.michaelcane.Commands.&lt;init&gt;(Commands.java:5)
	at io.michaelcane.Calculator.&lt;init&gt;(Calculator.java:6)
	at io.michaelcane.Commands.&lt;init&gt;(Commands.java:5)
	at io.michaelcane.Calculator.&lt;init&gt;(Calculator.java:6)
	at io.michaelcane.Commands.&lt;init&gt;(Commands.java:5)
	at io.michaelcane.Calculator.&lt;init&gt;(Calculator.java:6)
	at io.michaelcane.Commands.&lt;init&gt;(Commands.java:5)
	at io.michaelcane.Calculator.&lt;init&gt;(Calculator.java:6)
	at io.michaelcane.Commands.&lt;init&gt;(Commands.java:5)
	at io.michaelcane.Calculator.&lt;init&gt;(Calculator.java:6)
	at io.michaelcane.Commands.&lt;init&gt;(Commands.java:5)
	at io.michaelcane.Calculator.&lt;init&gt;(Calculator.java:6)
	at io.michaelcane.Commands.&lt;init&gt;(Commands.java:5)
	at io.michaelcane.Calculator.&lt;init&gt;(Calculator.java:6)
	at io.michaelcane.Commands.&lt;init&gt;(Commands.java:5)
	at io.michaelcane.Calculator.&lt;init&gt;(Calculator.java:6)
	at io.michaelcane.Commands.&lt;init&gt;(Commands.java:5)
	at io.michaelcane.Calculator.&lt;init&gt;(Calculator.java:6)
	at io.michaelcane.Commands.&lt;init&gt;(Commands.java:5)
	at io.michaelcane.Calculator.&lt;init&gt;(Calculator.java:6)
	at io.michaelcane.Commands.&lt;init&gt;(Commands.java:5)
	at io.michaelcane.Calculator.&lt;init&gt;(Calculator.java:6)
	at io.michaelcane.Commands.&lt;init&gt;(Commands.java:5)
	at io.michaelcane.Calculator.&lt;init&gt;(Calculator.java:6)
	at io.michaelcane.Commands.&lt;init&gt;(Commands.java:5)
	at io.michaelcane.Calculator.&lt;init&gt;(Calculator.java:6)
	at io.michaelcane.Commands.&lt;init&gt;(Commands.java:5)
	at io.michaelcane.Calculator.&lt;init&gt;(Calculator.java:6)
	at io.michaelcane.Commands.&lt;init&gt;(Commands.java:5)
	at io.michaelcane.Calculator.&lt;init&gt;(Calculator.java:6)
	at io.michaelcane.Commands.&lt;init&gt;(Commands.java:5)
	at io.michaelcane.Calculator.&lt;init&gt;(Calculator.java:6)
	at io.michaelcane.Commands.&lt;init&gt;(Commands.java:5)
	at io.michaelcane.Calculator.&lt;init&gt;(Calculator.java:6)
	at io.michaelcane.Commands.&lt;init&gt;(Commands.java:5)
	at io.michaelcane.Calculator.&lt;init&gt;(Calculator.java:6)
	at io.michaelcane.Commands.&lt;init&gt;(Commands.java:5)
	at io.michaelcane.Calculator.&lt;init&gt;(Calculator.java:6)
	at io.michaelcane.Commands.&lt;init&gt;(Commands.java:5)
	at io.michaelcane.Calculator.&lt;init&gt;(Calculator.java:6)
	at io.michaelcane.Commands.&lt;init&gt;(Commands.java:5)
	at io.michaelcane.Calculator.&lt;init&gt;(Calculator.java:6)
	at io.michaelcane.Commands.&lt;init&gt;(Commands.java:5)
	at io.michaelcane.Calculator.&lt;init&gt;(Calculator.java:6)
	at io.michaelcane.Commands.&lt;init&gt;(Commands.java:5)
	at io.michaelcane.Calculator.&lt;init&gt;(Calculator.java:6)
	at io.michaelcane.Commands.&lt;init&gt;(Commands.java:5)
	at io.michaelcane.Calculator.&lt;init&gt;(Calculator.java:6)
	at io.michaelcane.Commands.&lt;init&gt;(Commands.java:5)
	at io.michaelcane.Calculator.&lt;init&gt;(Calculator.java:6)
	at io.michaelcane.Commands.&lt;init&gt;(Commands.java:5)
	at io.michaelcane.Calculator.&lt;init&gt;(Calculator.java:6)
	at io.michaelcane.Commands.&lt;init&gt;(Commands.java:5)
	at io.michaelcane.Calculator.&lt;init&gt;(Calculator.java:6)
	at io.michaelcane.Commands.&lt;init&gt;(Commands.java:5)
	at io.michaelcane.Calculator.&lt;init&gt;(Calculator.java:6)
	at io.michaelcane.Commands.&lt;init&gt;(Commands.java:5)
	at io.michaelcane.Calculator.&lt;init&gt;(Calculator.java:6)
	at io.michaelcane.Commands.&lt;init&gt;(Commands.java:5)
	at io.michaelcane.Calculator.&lt;init&gt;(Calculator.java:6)
	at io.michaelcane.Commands.&lt;init&gt;(Commands.java:5)
	at io.michaelcane.Calculator.&lt;init&gt;(Calculator.java:6)
	at io.michaelcane.Commands.&lt;init&gt;(Commands.java:5)
	at io.michaelcane.Calculator.&lt;init&gt;(Calculator.java:6)
	at io.michaelcane.Commands.&lt;init&gt;(Commands.java:5)
	at io.michaelcane.Calculator.&lt;init&gt;(Calculator.java:6)
	at io.michaelcane.Commands.&lt;init&gt;(Commands.java:5)
	at io.michaelcane.Calculator.&lt;init&gt;(Calculator.java:6)
	at io.michaelcane.Commands.&lt;init&gt;(Commands.java:5)
	at io.michaelcane.Calculator.&lt;init&gt;(Calculator.java:6)
	at io.michaelcane.Commands.&lt;init&gt;(Commands.java:5)
	at io.michaelcane.Calculator.&lt;init&gt;(Calculator.java:6)
	at io.michaelcane.Commands.&lt;init&gt;(Commands.java:5)
	at io.michaelcane.Calculator.&lt;init&gt;(Calculator.java:6)
	at io.michaelcane.Commands.&lt;init&gt;(Commands.java:5)
	at io.michaelcane.Calculator.&lt;init&gt;(Calculator.java:6)
	at io.michaelcane.Commands.&lt;init&gt;(Commands.java:5)
	at io.michaelcane.Calculator.&lt;init&gt;(Calculator.java:6)
	at io.michaelcane.Commands.&lt;init&gt;(Commands.java:5)
	at io.michaelcane.Calculator.&lt;init&gt;(Calculator.java:6)
	at io.michaelcane.Commands.&lt;init&gt;(Commands.java:5)
	at io.michaelcane.Calculator.&lt;init&gt;(Calculator.java:6)
	at io.michaelcane.Commands.&lt;init&gt;(Commands.java:5)
	at io.michaelcane.Calculator.&lt;init&gt;(Calculator.java:6)
	at io.michaelcane.Commands.&lt;init&gt;(Commands.java:5)
	at io.michaelcane.Calculator.&lt;init&gt;(Calculator.java:6)
	at io.michaelcane.Commands.&lt;init&gt;(Commands.java:5)
	at io.michaelcane.Calculator.&lt;init&gt;(Calculator.java:6)
	at io.michaelcane.Commands.&lt;init&gt;(Commands.java:5)
	at io.michaelcane.Calculator.&lt;init&gt;(Calculator.java:6)
	at io.michaelcane.Commands.&lt;init&gt;(Commands.java:5)
	at io.michaelcane.Calculator.&lt;init&gt;(Calculator.java:6)
	at io.michaelcane.Commands.&lt;init&gt;(Commands.java:5)
	at io.michaelcane.Calculator.&lt;init&gt;(Calculator.java:6)
	at io.michaelcane.Commands.&lt;init&gt;(Commands.java:5)
	at io.michaelcane.Calculator.&lt;init&gt;(Calculator.java:6)
	at io.michaelcane.Commands.&lt;init&gt;(Commands.java:5)
	at io.michaelcane.Calculator.&lt;init&gt;(Calculator.java:6)
	at io.michaelcane.Commands.&lt;init&gt;(Commands.java:5)
	at io.michaelcane.Calculator.&lt;init&gt;(Calculator.java:6)
	at io.michaelcane.Commands.&lt;init&gt;(Commands.java:5)
	at io.michaelcane.Calculator.&lt;init&gt;(Calculator.java:6)
	at io.michaelcane.Commands.&lt;init&gt;(Commands.java:5)
	at io.michaelcane.Calculator.&lt;init&gt;(Calculator.java:6)
	at io.michaelcane.Commands.&lt;init&gt;(Commands.java:5)
	at io.michaelcane.Calculator.&lt;init&gt;(Calculator.java:6)
	at io.michaelcane.Commands.&lt;init&gt;(Commands.java:5)
	at io.michaelcane.Calculator.&lt;init&gt;(Calculator.java:6)
	at io.michaelcane.Commands.&lt;init&gt;(Commands.java:5)
	at io.michaelcane.Calculator.&lt;init&gt;(Calculator.java:6)
	at io.michaelcane.Commands.&lt;init&gt;(Commands.java:5)
	at io.michaelcane.Calculator.&lt;init&gt;(Calculator.java:6)
	at io.michaelcane.Commands.&lt;init&gt;(Commands.java:5)
	at io.michaelcane.Calculator.&lt;init&gt;(Calculator.java:6)
	at io.michaelcane.Commands.&lt;init&gt;(Commands.java:5)
	at io.michaelcane.Calculator.&lt;init&gt;(Calculator.java:6)
	at io.michaelcane.Commands.&lt;init&gt;(Commands.java:5)
	at io.michaelcane.Calculator.&lt;init&gt;(Calculator.java:6)
	at io.michaelcane.Commands.&lt;init&gt;(Commands.java:5)
	at io.michaelcane.Calculator.&lt;init&gt;(Calculator.java:6)
	at io.michaelcane.Commands.&lt;init&gt;(Commands.java:5)
	at io.michaelcane.Calculator.&lt;init&gt;(Calculator.java:6)
	at io.michaelcane.Commands.&lt;init&gt;(Commands.java:5)
	at io.michaelcane.Calculator.&lt;init&gt;(Calculator.java:6)
	at io.michaelcane.Commands.&lt;init&gt;(Commands.java:5)
	at io.michaelcane.Calculator.&lt;init&gt;(Calculator.java:6)
	at io.michaelcane.Commands.&lt;init&gt;(Commands.java:5)
	at io.michaelcane.Calculator.&lt;init&gt;(Calculator.java:6)
	at io.michaelcane.Commands.&lt;init&gt;(Commands.java:5)
	at io.michaelcane.Calculator.&lt;init&gt;(Calculator.java:6)
	at io.michaelcane.Commands.&lt;init&gt;(Commands.java:5)
	at io.michaelcane.Calculator.&lt;init&gt;(Calculator.java:6)
	at io.michaelcane.Commands.&lt;init&gt;(Commands.java:5)
	at io.michaelcane.Calculator.&lt;init&gt;(Calculator.java:6)
	at io.michaelcane.Commands.&lt;init&gt;(Commands.java:5)
	at io.michaelcane.Calculator.&lt;init&gt;(Calculator.java:6)
	at io.michaelcane.Commands.&lt;init&gt;(Commands.java:5)
	at io.michaelcane.Calculator.&lt;init&gt;(Calculator.java:6)
	at io.michaelcane.Commands.&lt;init&gt;(Commands.java:5)
	at io.michaelcane.Calculator.&lt;init&gt;(Calculator.java:6)
	at io.michaelcane.Commands.&lt;init&gt;(Commands.java:5)
	at io.michaelcane.Calculator.&lt;init&gt;(Calculator.java:6)
	at io.michaelcane.Commands.&lt;init&gt;(Commands.java:5)
	at io.michaelcane.Calculator.&lt;init&gt;(Calculator.java:6)
	at io.michaelcane.Commands.&lt;init&gt;(Commands.java:5)
	at io.michaelcane.Calculator.&lt;init&gt;(Calculator.java:6)
	at io.michaelcane.Commands.&lt;init&gt;(Commands.java:5)
	at io.michaelcane.Calculator.&lt;init&gt;(Calculator.java:6)
	at io.michaelcane.Commands.&lt;init&gt;(Commands.java:5)
	at io.michaelcane.Calculator.&lt;init&gt;(Calculator.java:6)
	at io.michaelcane.Commands.&lt;init&gt;(Commands.java:5)
	at io.michaelcane.Calculator.&lt;init&gt;(Calculator.java:6)
	at io.michaelcane.Commands.&lt;init&gt;(Commands.java:5)
	at io.michaelcane.Calculator.&lt;init&gt;(Calculator.java:6)
	at io.michaelcane.Commands.&lt;init&gt;(Commands.java:5)
	at io.michaelcane.Calculator.&lt;init&gt;(Calculator.java:6)
	at io.michaelcane.Commands.&lt;init&gt;(Commands.java:5)
	at io.michaelcane.Calculator.&lt;init&gt;(Calculator.java:6)
	at io.michaelcane.Commands.&lt;init&gt;(Commands.java:5)
	at io.michaelcane.Calculator.&lt;init&gt;(Calculator.java:6)
	at io.michaelcane.Commands.&lt;init&gt;(Commands.java:5)
	at io.michaelcane.Calculator.&lt;init&gt;(Calculator.java:6)
	at io.michaelcane.Commands.&lt;init&gt;(Commands.java:5)
	at io.michaelcane.Calculator.&lt;init&gt;(Calculator.java:6)
	at io.michaelcane.Commands.&lt;init&gt;(Commands.java:5)
	at io.michaelcane.Calculator.&lt;init&gt;(Calculator.java:6)
	at io.michaelcane.Commands.&lt;init&gt;(Commands.java:5)
	at io.michaelcane.Calculator.&lt;init&gt;(Calculator.java:6)
	at io.michaelcane.Commands.&lt;init&gt;(Commands.java:5)
	at io.michaelcane.Calculator.&lt;init&gt;(Calculator.java:6)
	at io.michaelcane.Commands.&lt;init&gt;(Commands.java:5)
	at io.michaelcane.Calculator.&lt;init&gt;(Calculator.java:6)
	at io.michaelcane.Commands.&lt;init&gt;(Commands.java:5)
	at io.michaelcane.Calculator.&lt;init&gt;(Calculator.java:6)
	at io.michaelcane.Commands.&lt;init&gt;(Commands.java:5)
	at io.michaelcane.Calculator.&lt;init&gt;(Calculator.java:6)
	at io.michaelcane.Commands.&lt;init&gt;(Commands.java:5)
	at io.michaelcane.Calculator.&lt;init&gt;(Calculator.java:6)
	at io.michaelcane.Commands.&lt;init&gt;(Commands.java:5)
	at io.michaelcane.Calculator.&lt;init&gt;(Calculator.java:6)
	at io.michaelcane.Commands.&lt;init&gt;(Commands.java:5)
	at io.michaelcane.Calculator.&lt;init&gt;(Calculator.java:6)
	at io.michaelcane.Commands.&lt;init&gt;(Commands.java:5)
	at io.michaelcane.Calculator.&lt;init&gt;(Calculator.java:6)
	at io.michaelcane.Commands.&lt;init&gt;(Commands.java:5)
	at io.michaelcane.Calculator.&lt;init&gt;(Calculator.java:6)
	at io.michaelcane.Commands.&lt;init&gt;(Commands.java:5)
	at io.michaelcane.Calculator.&lt;init&gt;(Calculator.java:6)
	at io.michaelcane.Commands.&lt;init&gt;(Commands.java:5)
	at io.michaelcane.Calculator.&lt;init&gt;(Calculator.java:6)
	at io.michaelcane.Commands.&lt;init&gt;(Commands.java:5)
	at io.michaelcane.Calculator.&lt;init&gt;(Calculator.java:6)
	at io.michaelcane.Commands.&lt;init&gt;(Commands.java:5)
	at io.michaelcane.Calculator.&lt;init&gt;(Calculator.java:6)
	at io.michaelcane.Commands.&lt;init&gt;(Commands.java:5)
	at io.michaelcane.Calculator.&lt;init&gt;(Calculator.java:6)
	at io.michaelcane.Commands.&lt;init&gt;(Commands.java:5)
	at io.michaelcane.Calculator.&lt;init&gt;(Calculator.java:6)
	at io.michaelcane.Commands.&lt;init&gt;(Commands.java:5)
	at io.michaelcane.Calculator.&lt;init&gt;(Calculator.java:6)
	at io.michaelcane.Commands.&lt;init&gt;(Commands.java:5)
	at io.michaelcane.Calculator.&lt;init&gt;(Calculator.java:6)
	at io.michaelcane.Commands.&lt;init&gt;(Commands.java:5)
	at io.michaelcane.Calculator.&lt;init&gt;(Calculator.java:6)
	at io.michaelcane.Commands.&lt;init&gt;(Commands.java:5)
	at io.michaelcane.Calculator.&lt;init&gt;(Calculator.java:6)
	at io.michaelcane.Commands.&lt;init&gt;(Commands.java:5)
	at io.michaelcane.Calculator.&lt;init&gt;(Calculator.java:6)
	at io.michaelcane.Commands.&lt;init&gt;(Commands.java:5)
	at io.michaelcane.Calculator.&lt;init&gt;(Calculator.java:6)
	at io.michaelcane.Commands.&lt;init&gt;(Commands.java:5)
	at io.michaelcane.Calculator.&lt;init&gt;(Calculator.java:6)
	at io.michaelcane.Commands.&lt;init&gt;(Commands.java:5)
	at io.michaelcane.Calculator.&lt;init&gt;(Calculator.java:6)
	at io.michaelcane.Commands.&lt;init&gt;(Commands.java:5)
	at io.michaelcane.Calculator.&lt;init&gt;(Calculator.java:6)
	at io.michaelcane.Commands.&lt;init&gt;(Commands.java:5)
	at io.michaelcane.Calculator.&lt;init&gt;(Calculator.java:6)
	at io.michaelcane.Commands.&lt;init&gt;(Commands.java:5)
	at io.michaelcane.Calculator.&lt;init&gt;(Calculator.java:6)
	at io.michaelcane.Commands.&lt;init&gt;(Commands.java:5)
	at io.michaelcane.Calculator.&lt;init&gt;(Calculator.java:6)
	at io.michaelcane.Commands.&lt;init&gt;(Commands.java:5)
	at io.michaelcane.Calculator.&lt;init&gt;(Calculator.java:6)
	at io.michaelcane.Commands.&lt;init&gt;(Commands.java:5)
	at io.michaelcane.Calculator.&lt;init&gt;(Calculator.java:6)
	at io.michaelcane.Commands.&lt;init&gt;(Commands.java:5)
	at io.michaelcane.Calculator.&lt;init&gt;(Calculator.java:6)
	at io.michaelcane.Commands.&lt;init&gt;(Commands.java:5)
	at io.michaelcane.Calculator.&lt;init&gt;(Calculator.java:6)
	at io.michaelcane.Commands.&lt;init&gt;(Commands.java:5)
	at io.michaelcane.Calculator.&lt;init&gt;(Calculator.java:6)
	at io.michaelcane.Commands.&lt;init&gt;(Commands.java:5)
	at io.michaelcane.Calculator.&lt;init&gt;(Calculator.java:6)
	at io.michaelcane.Commands.&lt;init&gt;(Commands.java:5)
	at io.michaelcane.Calculator.&lt;init&gt;(Calculator.java:6)
	at io.michaelcane.Commands.&lt;init&gt;(Commands.java:5)
	at io.michaelcane.Calculator.&lt;init&gt;(Calculator.java:6)
	at io.michaelcane.Commands.&lt;init&gt;(Commands.java:5)
	at io.michaelcane.Calculator.&lt;init&gt;(Calculator.java:6)
	at io.michaelcane.Commands.&lt;init&gt;(Commands.java:5)
	at io.michaelcane.Calculator.&lt;init&gt;(Calculator.java:6)
	at io.michaelcane.Commands.&lt;init&gt;(Commands.java:5)
	at io.michaelcane.Calculator.&lt;init&gt;(Calculator.java:6)
	at io.michaelcane.Commands.&lt;init&gt;(Commands.java:5)
	at io.michaelcane.Calculator.&lt;init&gt;(Calculator.java:6)
	at io.michaelcane.Commands.&lt;init&gt;(Commands.java:5)
	at io.michaelcane.Calculator.&lt;init&gt;(Calculator.java:6)
	at io.michaelcane.Commands.&lt;init&gt;(Commands.java:5)
	at io.michaelcane.Calculator.&lt;init&gt;(Calculator.java:6)
	at io.michaelcane.Commands.&lt;init&gt;(Commands.java:5)
	at io.michaelcane.Calculator.&lt;init&gt;(Calculator.java:6)
	at io.michaelcane.Commands.&lt;init&gt;(Commands.java:5)
	at io.michaelcane.Calculator.&lt;init&gt;(Calculator.java:6)
	at io.michaelcane.Commands.&lt;init&gt;(Commands.java:5)
	at io.michaelcane.Calculator.&lt;init&gt;(Calculator.java:6)
	at io.michaelcane.Commands.&lt;init&gt;(Commands.java:5)
	at io.michaelcane.Calculator.&lt;init&gt;(Calculator.java:6)
	at io.michaelcane.Commands.&lt;init&gt;(Commands.java:5)
	at io.michaelcane.Calculator.&lt;init&gt;(Calculator.java:6)
	at io.michaelcane.Commands.&lt;init&gt;(Commands.java:5)
	at io.michaelcane.Calculator.&lt;init&gt;(Calculator.java:6)
	at io.michaelcane.Commands.&lt;init&gt;(Commands.java:5)
	at io.michaelcane.Calculator.&lt;init&gt;(Calculator.java:6)
	at io.michaelcane.Commands.&lt;init&gt;(Commands.java:5)
	at io.michaelcane.Calculator.&lt;init&gt;(Calculator.java:6)
	at io.michaelcane.Commands.&lt;init&gt;(Commands.java:5)
	at io.michaelcane.Calculator.&lt;init&gt;(Calculator.java:6)
	at io.michaelcane.Commands.&lt;init&gt;(Commands.java:5)
	at io.michaelcane.Calculator.&lt;init&gt;(Calculator.java:6)
	at io.michaelcane.Commands.&lt;init&gt;(Commands.java:5)
	at io.michaelcane.Calculator.&lt;init&gt;(Calculator.java:6)
	at io.michaelcane.Commands.&lt;init&gt;(Commands.java:5)
	at io.michaelcane.Calculator.&lt;init&gt;(Calculator.java:6)
	at io.michaelcane.Commands.&lt;init&gt;(Commands.java:5)
	at io.michaelcane.Calculator.&lt;init&gt;(Calculator.java:6)
	at io.michaelcane.Commands.&lt;init&gt;(Commands.java:5)
	at io.michaelcane.Calculator.&lt;init&gt;(Calculator.java:6)
	at io.michaelcane.Commands.&lt;init&gt;(Commands.java:5)
	at io.michaelcane.Calculator.&lt;init&gt;(Calculator.java:6)
	at io.michaelcane.Commands.&lt;init&gt;(Commands.java:5)
	at io.michaelcane.Calculator.&lt;init&gt;(Calculator.java:6)
	at io.michaelcane.Commands.&lt;init&gt;(Commands.java:5)
	at io.michaelcane.Calculator.&lt;init&gt;(Calculator.java:6)
	at io.michaelcane.Commands.&lt;init&gt;(Commands.java:5)
	at io.michaelcane.Calculator.&lt;init&gt;(Calculator.java:6)
	at io.michaelcane.Commands.&lt;init&gt;(Commands.java:5)
	at io.michaelcane.Calculator.&lt;init&gt;(Calculator.java:6)
	at io.michaelcane.Commands.&lt;init&gt;(Commands.java:5)
	at io.michaelcane.Calculator.&lt;init&gt;(Calculator.java:6)
	at io.michaelcane.Commands.&lt;init&gt;(Commands.java:5)
	at io.michaelcane.Calculator.&lt;init&gt;(Calculator.java:6)
	at io.michaelcane.Commands.&lt;init&gt;(Commands.java:5)
	at io.michaelcane.Calculator.&lt;init&gt;(Calculator.java:6)
	at io.michaelcane.Commands.&lt;init&gt;(Commands.java:5)
	at io.michaelcane.Calculator.&lt;init&gt;(Calculator.java:6)
	at io.michaelcane.Commands.&lt;init&gt;(Commands.java:5)
	at io.michaelcane.Calculator.&lt;init&gt;(Calculator.java:6)
	at io.michaelcane.Commands.&lt;init&gt;(Commands.java:5)
	at io.michaelcane.Calculator.&lt;init&gt;(Calculator.java:6)
	at io.michaelcane.Commands.&lt;init&gt;(Commands.java:5)
	at io.michaelcane.Calculator.&lt;init&gt;(Calculator.java:6)
	at io.michaelcane.Commands.&lt;init&gt;(Commands.java:5)
	at io.michaelcane.Calculator.&lt;init&gt;(Calculator.java:6)
	at io.michaelcane.Commands.&lt;init&gt;(Commands.java:5)
	at io.michaelcane.Calculator.&lt;init&gt;(Calculator.java:6)
	at io.michaelcane.Commands.&lt;init&gt;(Commands.java:5)
	at io.michaelcane.Calculator.&lt;init&gt;(Calculator.java:6)
	at io.michaelcane.Commands.&lt;init&gt;(Commands.java:5)
	at io.michaelcane.Calculator.&lt;init&gt;(Calculator.java:6)
	at io.michaelcane.Commands.&lt;init&gt;(Commands.java:5)
	at io.michaelcane.Calculator.&lt;init&gt;(Calculator.java:6)
	at io.michaelcane.Commands.&lt;init&gt;(Commands.java:5)
	at io.michaelcane.Calculator.&lt;init&gt;(Calculator.java:6)
	at io.michaelcane.Commands.&lt;init&gt;(Commands.java:5)
	at io.michaelcane.Calculator.&lt;init&gt;(Calculator.java:6)
	at io.michaelcane.Commands.&lt;init&gt;(Commands.java:5)
	at io.michaelcane.Calculator.&lt;init&gt;(Calculator.java:6)
	at io.michaelcane.Commands.&lt;init&gt;(Commands.java:5)
	at io.michaelcane.Calculator.&lt;init&gt;(Calculator.java:6)
	at io.michaelcane.Commands.&lt;init&gt;(Commands.java:5)
	at io.michaelcane.Calculator.&lt;init&gt;(Calculator.java:6)
	at io.michaelcane.Commands.&lt;init&gt;(Commands.java:5)
	at io.michaelcane.Calculator.&lt;init&gt;(Calculator.java:6)
	at io.michaelcane.Commands.&lt;init&gt;(Commands.java:5)
	at io.michaelcane.Calculator.&lt;init&gt;(Calculator.java:6)
	at io.michaelcane.Commands.&lt;init&gt;(Commands.java:5)
	at io.michaelcane.Calculator.&lt;init&gt;(Calculator.java:6)
	at io.michaelcane.Commands.&lt;init&gt;(Commands.java:5)
	at io.michaelcane.Calculator.&lt;init&gt;(Calculator.java:6)
	at io.michaelcane.Commands.&lt;init&gt;(Commands.java:5)
	at io.michaelcane.Calculator.&lt;init&gt;(Calculator.java:6)
	at io.michaelcane.Commands.&lt;init&gt;(Commands.java:5)
	at io.michaelcane.Calculator.&lt;init&gt;(Calculator.java:6)
	at io.michaelcane.Commands.&lt;init&gt;(Commands.java:5)
	at io.michaelcane.Calculator.&lt;init&gt;(Calculator.java:6)
	at io.michaelcane.Commands.&lt;init&gt;(Commands.java:5)
	at io.michaelcane.Calculator.&lt;init&gt;(Calculator.java:6)
	at io.michaelcane.Commands.&lt;init&gt;(Commands.java:5)
	at io.michaelcane.Calculator.&lt;init&gt;(Calculator.java:6)
	at io.michaelcane.Commands.&lt;init&gt;(Commands.java:5)
	at io.michaelcane.Calculator.&lt;init&gt;(Calculator.java:6)
	at io.michaelcane.Commands.&lt;init&gt;(Commands.java:5)
	at io.michaelcane.Calculator.&lt;init&gt;(Calculator.java:6)
	at io.michaelcane.Commands.&lt;init&gt;(Commands.java:5)
	at io.michaelcane.Calculator.&lt;init&gt;(Calculator.java:6)
	at io.michaelcane.Commands.&lt;init&gt;(Commands.java:5)
	at io.michaelcane.Calculator.&lt;init&gt;(Calculator.java:6)
	at io.michaelcane.Commands.&lt;init&gt;(Commands.java:5)
	at io.michaelcane.Calculator.&lt;init&gt;(Calculator.java:6)
	at io.michaelcane.Commands.&lt;init&gt;(Commands.java:5)
	at io.michaelcane.Calculator.&lt;init&gt;(Calculator.java:6)
	at io.michaelcane.Commands.&lt;init&gt;(Commands.java:5)
	at io.michaelcane.Calculator.&lt;init&gt;(Calculator.java:6)
	at io.michaelcane.Commands.&lt;init&gt;(Commands.java:5)
	at io.michaelcane.Calculator.&lt;init&gt;(Calculator.java:6)
	at io.michaelcane.Commands.&lt;init&gt;(Commands.java:5)
	at io.michaelcane.Calculator.&lt;init&gt;(Calculator.java:6)
	at io.michaelcane.Commands.&lt;init&gt;(Commands.java:5)
	at io.michaelcane.Calculator.&lt;init&gt;(Calculator.java:6)
	at io.michaelcane.Commands.&lt;init&gt;(Commands.java:5)
	at io.michaelcane.Calculator.&lt;init&gt;(Calculator.java:6)
	at io.michaelcane.Commands.&lt;init&gt;(Commands.java:5)
	at io.michaelcane.Calculator.&lt;init&gt;(Calculator.java:6)
	at io.michaelcane.Commands.&lt;init&gt;(Commands.java:5)
	at io.michaelcane.Calculator.&lt;init&gt;(Calculator.java:6)
	at io.michaelcane.Commands.&lt;init&gt;(Commands.java:5)
	at io.michaelcane.Calculator.&lt;init&gt;(Calculator.java:6)
	at io.michaelcane.Commands.&lt;init&gt;(Commands.java:5)
	at io.michaelcane.Calculator.&lt;init&gt;(Calculator.java:6)
	at io.michaelcane.Commands.&lt;init&gt;(Commands.java:5)
	at io.michaelcane.Calculator.&lt;init&gt;(Calculator.java:6)
	at io.michaelcane.Commands.&lt;init&gt;(Commands.java:5)
	at io.michaelcane.Calculator.&lt;init&gt;(Calculator.java:6)
	at io.michaelcane.Commands.&lt;init&gt;(Commands.java:5)
	at io.michaelcane.Calculator.&lt;init&gt;(Calculator.java:6)
	at io.michaelcane.Commands.&lt;init&gt;(Commands.java:5)
	at io.michaelcane.Calculator.&lt;init&gt;(Calculator.java:6)
	at io.michaelcane.Commands.&lt;init&gt;(Commands.java:5)
	at io.michaelcane.Calculator.&lt;init&gt;(Calculator.java:6)
	at io.michaelcane.Commands.&lt;init&gt;(Commands.java:5)
	at io.michaelcane.Calculator.&lt;init&gt;(Calculator.java:6)
	at io.michaelcane.Commands.&lt;init&gt;(Commands.java:5)
	at io.michaelcane.Calculator.&lt;init&gt;(Calculator.java:6)
	at io.michaelcane.Commands.&lt;init&gt;(Commands.java:5)
	at io.michaelcane.Calculator.&lt;init&gt;(Calculator.java:6)
	at io.michaelcane.Commands.&lt;init&gt;(Commands.java:5)
	at io.michaelcane.Calculator.&lt;init&gt;(Calculator.java:6)
	at io.michaelcane.Commands.&lt;init&gt;(Commands.java:5)
	at io.michaelcane.Calculator.&lt;init&gt;(Calculator.java:6)
	at io.michaelcane.Commands.&lt;init&gt;(Commands.java:5)
	at io.michaelcane.Calculator.&lt;init&gt;(Calculator.java:6)
	at io.michaelcane.Commands.&lt;init&gt;(Commands.java:5)
	at io.michaelcane.Calculator.&lt;init&gt;(Calculator.java:6)
	at io.michaelcane.Commands.&lt;init&gt;(Commands.java:5)
	at io.michaelcane.Calculator.&lt;init&gt;(Calculator.java:6)
	at io.michaelcane.Commands.&lt;init&gt;(Commands.java:5)
	at io.michaelcane.Calculator.&lt;init&gt;(Calculator.java:6)
	at io.michaelcane.Commands.&lt;init&gt;(Commands.java:5)
	at io.michaelcane.Calculator.&lt;init&gt;(Calculator.java:6)
	at io.michaelcane.Commands.&lt;init&gt;(Commands.java:5)
	at io.michaelcane.Calculator.&lt;init&gt;(Calculator.java:6)
	at io.michaelcane.Commands.&lt;init&gt;(Commands.java:5)
	at io.michaelcane.Calculator.&lt;init&gt;(Calculator.java:6)
	at io.michaelcane.Commands.&lt;init&gt;(Commands.java:5)
	at io.michaelcane.Calculator.&lt;init&gt;(Calculator.java:6)
	at io.michaelcane.Commands.&lt;init&gt;(Commands.java:5)
	at io.michaelcane.Calculator.&lt;init&gt;(Calculator.java:6)
	at io.michaelcane.Commands.&lt;init&gt;(Commands.java:5)
	at io.michaelcane.Calculator.&lt;init&gt;(Calculator.java:6)
	at io.michaelcane.Commands.&lt;init&gt;(Commands.java:5)
	at io.michaelcane.Calculator.&lt;init&gt;(Calculator.java:6)
	at io.michaelcane.Commands.&lt;init&gt;(Commands.java:5)
	at io.michaelcane.Calculator.&lt;init&gt;(Calculator.java:6)
	at io.michaelcane.Commands.&lt;init&gt;(Commands.java:5)
	at io.michaelcane.Calculator.&lt;init&gt;(Calculator.java:6)
	at io.michaelcane.Commands.&lt;init&gt;(Commands.java:5)
	at io.michaelcane.Calculator.&lt;init&gt;(Calculator.java:6)
	at io.michaelcane.Commands.&lt;init&gt;(Commands.java:5)
	at io.michaelcane.Calculator.&lt;init&gt;(Calculator.java:6)
	at io.michaelcane.Commands.&lt;init&gt;(Commands.java:5)
	at io.michaelcane.Calculator.&lt;init&gt;(Calculator.java:6)
	at io.michaelcane.Commands.&lt;init&gt;(Commands.java:5)
	at io.michaelcane.Calculator.&lt;init&gt;(Calculator.java:6)
	at io.michaelcane.Commands.&lt;init&gt;(Commands.java:5)
	at io.michaelcane.Calculator.&lt;init&gt;(Calculator.java:6)
	at io.michaelcane.Commands.&lt;init&gt;(Commands.java:5)
	at io.michaelcane.Calculator.&lt;init&gt;(Calculator.java:6)
	at io.michaelcane.Commands.&lt;init&gt;(Commands.java:5)
	at io.michaelcane.Calculator.&lt;init&gt;(Calculator.java:6)
	at io.michaelcane.Commands.&lt;init&gt;(Commands.java:5)
	at io.michaelcane.Calculator.&lt;init&gt;(Calculator.java:6)
	at io.michaelcane.Commands.&lt;init&gt;(Commands.java:5)
	at io.michaelcane.Calculator.&lt;init&gt;(Calculator.java:6)
	at io.michaelcane.Commands.&lt;init&gt;(Commands.java:5)
	at io.michaelcane.Calculator.&lt;init&gt;(Calculator.java:6)
	at io.michaelcane.Commands.&lt;init&gt;(Commands.java:5)
	at io.michaelcane.Calculator.&lt;init&gt;(Calculator.java:6)
	at io.michaelcane.Commands.&lt;init&gt;(Commands.java:5)
	at io.michaelcane.Calculator.&lt;init&gt;(Calculator.java:6)
	at io.michaelcane.Commands.&lt;init&gt;(Commands.java:5)
	at io.michaelcane.Calculator.&lt;init&gt;(Calculator.java:6)
	at io.michaelcane.Commands.&lt;init&gt;(Commands.java:5)
	at io.michaelcane.Calculator.&lt;init&gt;(Calculator.java:6)
	at io.michaelcane.Commands.&lt;init&gt;(Commands.java:5)
	at io.michaelcane.Calculator.&lt;init&gt;(Calculator.java:6)
	at io.michaelcane.Commands.&lt;init&gt;(Commands.java:5)
	at io.michaelcane.Calculator.&lt;init&gt;(Calculator.java:6)
	at io.michaelcane.Commands.&lt;init&gt;(Commands.java:5)
	at io.michaelcane.Calculator.&lt;init&gt;(Calculator.java:6)
	at io.michaelcane.Commands.&lt;init&gt;(Commands.java:5)
	at io.michaelcane.Calculator.&lt;init&gt;(Calculator.java:6)
	at io.michaelcane.Commands.&lt;init&gt;(Commands.java:5)
	at io.michaelcane.Calculator.&lt;init&gt;(Calculator.java:6)
	at io.michaelcane.Commands.&lt;init&gt;(Commands.java:5)
	at io.michaelcane.Calculator.&lt;init&gt;(Calculator.java:6)
	at io.michaelcane.Commands.&lt;init&gt;(Commands.java:5)
	at io.michaelcane.Calculator.&lt;init&gt;(Calculator.java:6)
	at io.michaelcane.Commands.&lt;init&gt;(Commands.java:5)
	at io.michaelcane.Calculator.&lt;init&gt;(Calculator.java:6)
	at io.michaelcane.Commands.&lt;init&gt;(Commands.java:5)
	at io.michaelcane.Calculator.&lt;init&gt;(Calculator.java:6)
	at io.michaelcane.Commands.&lt;init&gt;(Commands.java:5)
	at io.michaelcane.Calculator.&lt;init&gt;(Calculator.java:6)
	at io.michaelcane.Commands.&lt;init&gt;(Commands.java:5)
	at io.michaelcane.Calculator.&lt;init&gt;(Calculator.java:6)
	at io.michaelcane.Commands.&lt;init&gt;(Commands.java:5)
	at io.michaelcane.Calculator.&lt;init&gt;(Calculator.java:6)
	at io.michaelcane.Commands.&lt;init&gt;(Commands.java:5)
	at io.michaelcane.Calculator.&lt;init&gt;(Calculator.java:6)
	at io.michaelcane.Commands.&lt;init&gt;(Commands.java:5)
	at io.michaelcane.Calculator.&lt;init&gt;(Calculator.java:6)
	at io.michaelcane.Commands.&lt;init&gt;(Commands.java:5)
	at io.michaelcane.Calculator.&lt;init&gt;(Calculator.java:6)
	at io.michaelcane.Commands.&lt;init&gt;(Commands.java:5)
	at io.michaelcane.Calculator.&lt;init&gt;(Calculator.java:6)
	at io.michaelcane.Commands.&lt;init&gt;(Commands.java:5)
	at io.michaelcane.Calculator.&lt;init&gt;(Calculator.java:6)
	at io.michaelcane.Commands.&lt;init&gt;(Commands.java:5)
	at io.michaelcane.Calculator.&lt;init&gt;(Calculator.java:6)
	at io.michaelcane.Commands.&lt;init&gt;(Commands.java:5)
	at io.michaelcane.Calculator.&lt;init&gt;(Calculator.java:6)
	at io.michaelcane.Commands.&lt;init&gt;(Commands.java:5)
	at io.michaelcane.Calculator.&lt;init&gt;(Calculator.java:6)
	at io.michaelcane.Commands.&lt;init&gt;(Commands.java:5)
	at io.michaelcane.Calculator.&lt;init&gt;(Calculator.java:6)
	at io.michaelcane.Commands.&lt;init&gt;(Commands.java:5)
	at io.michaelcane.Calculator.&lt;init&gt;(Calculator.java:6)
	at io.michaelcane.Commands.&lt;init&gt;(Commands.java:5)
	at io.michaelcane.Calculator.&lt;init&gt;(Calculator.java:6)
	at io.michaelcane.Commands.&lt;init&gt;(Commands.java:5)
	at io.michaelcane.Calculator.&lt;init&gt;(Calculator.java:6)
	at io.michaelcane.Commands.&lt;init&gt;(Commands.java:5)
	at io.michaelcane.Calculator.&lt;init&gt;(Calculator.java:6)
	at io.michaelcane.Commands.&lt;init&gt;(Commands.java:5)
	at io.michaelcane.Calculator.&lt;init&gt;(Calculator.java:6)
	at io.michaelcane.Commands.&lt;init&gt;(Commands.java:5)
	at io.michaelcane.Calculator.&lt;init&gt;(Calculator.java:6)
	at io.michaelcane.Commands.&lt;init&gt;(Commands.java:5)
	at io.michaelcane.Calculator.&lt;init&gt;(Calculator.java:6)
	at io.michaelcane.Commands.&lt;init&gt;(Commands.java:5)
	at io.michaelcane.Calculator.&lt;init&gt;(Calculator.java:6)
	at io.michaelcane.Commands.&lt;init&gt;(Commands.java:5)
	at io.michaelcane.Calculator.&lt;init&gt;(Calculator.java:6)
	at io.michaelcane.Commands.&lt;init&gt;(Commands.java:5)
	at io.michaelcane.Calculator.&lt;init&gt;(Calculator.java:6)
	at io.michaelcane.Commands.&lt;init&gt;(Commands.java:5)
	at io.michaelcane.Calculator.&lt;init&gt;(Calculator.java:6)
	at io.michaelcane.Commands.&lt;init&gt;(Commands.java:5)
	at io.michaelcane.Calculator.&lt;init&gt;(Calculator.java:6)
	at io.michaelcane.Commands.&lt;init&gt;(Commands.java:5)
	at io.michaelcane.Calculator.&lt;init&gt;(Calculator.java:6)
	at io.michaelcane.Commands.&lt;init&gt;(Commands.java:5)
	at io.michaelcane.Calculator.&lt;init&gt;(Calculator.java:6)
	at io.michaelcane.Commands.&lt;init&gt;(Commands.java:5)
	at io.michaelcane.Calculator.&lt;init&gt;(Calculator.java:6)
	at io.michaelcane.Commands.&lt;init&gt;(Commands.java:5)
	at io.michaelcane.Calculator.&lt;init&gt;(Calculator.java:6)
	at io.michaelcane.Commands.&lt;init&gt;(Commands.java:5)
	at io.michaelcane.Calculator.&lt;init&gt;(Calculator.java:6)
	at io.michaelcane.Commands.&lt;init&gt;(Commands.java:5)
	at io.michaelcane.Calculator.&lt;init&gt;(Calculator.java:6)
	at io.michaelcane.Commands.&lt;init&gt;(Commands.java:5)
	at io.michaelcane.Calculator.&lt;init&gt;(Calculator.java:6)
	at io.michaelcane.Commands.&lt;init&gt;(Commands.java:5)
	at io.michaelcane.Calculator.&lt;init&gt;(Calculator.java:6)
	at io.michaelcane.Commands.&lt;init&gt;(Commands.java:5)
	at io.michaelcane.Calculator.&lt;init&gt;(Calculator.java:6)
	at io.michaelcane.Commands.&lt;init&gt;(Commands.java:5)
	at io.michaelcane.Calculator.&lt;init&gt;(Calculator.java:6)
	at io.michaelcane.Commands.&lt;init&gt;(Commands.java:5)
	at io.michaelcane.Calculator.&lt;init&gt;(Calculator.java:6)
	at io.michaelcane.Commands.&lt;init&gt;(Commands.java:5)
	at io.michaelcane.Calculator.&lt;init&gt;(Calculator.java:6)
	at io.michaelcane.Commands.&lt;init&gt;(Commands.java:5)
	at io.michaelcane.Calculator.&lt;init&gt;(Calculator.java:6)
	at io.michaelcane.Commands.&lt;init&gt;(Commands.java:5)
	at io.michaelcane.Calculator.&lt;init&gt;(Calculator.java:6)
	at io.michaelcane.Commands.&lt;init&gt;(Commands.java:5)
	at io.michaelcane.Calculator.&lt;init&gt;(Calculator.java:6)
	at io.michaelcane.Commands.&lt;init&gt;(Commands.java:5)
	at io.michaelcane.Calculator.&lt;init&gt;(Calculator.java:6)
	at io.michaelcane.Commands.&lt;init&gt;(Commands.java:5)
	at io.michaelcane.Calculator.&lt;init&gt;(Calculator.java:6)
	at io.michaelcane.Commands.&lt;init&gt;(Commands.java:5)
	at io.michaelcane.Calculator.&lt;init&gt;(Calculator.java:6)
	at io.michaelcane.Commands.&lt;init&gt;(Commands.java:5)
	at io.michaelcane.Calculator.&lt;init&gt;(Calculator.java:6)
	at io.michaelcane.Commands.&lt;init&gt;(Commands.java:5)
	at io.michaelcane.Calculator.&lt;init&gt;(Calculator.java:6)
	at io.michaelcane.Commands.&lt;init&gt;(Commands.java:5)
	at io.michaelcane.Calculator.&lt;init&gt;(Calculator.java:6)
	at io.michaelcane.Commands.&lt;init&gt;(Commands.java:5)
	at io.michaelcane.Calculator.&lt;init&gt;(Calculator.java:6)
	at io.michaelcane.Commands.&lt;init&gt;(Commands.java:5)
	at io.michaelcane.Calculator.&lt;init&gt;(Calculator.java:6)
	at io.michaelcane.Commands.&lt;init&gt;(Commands.java:5)
	at io.michaelcane.Calculator.&lt;init&gt;(Calculator.java:6)
	at io.michaelcane.Commands.&lt;init&gt;(Commands.java:5)
	at io.michaelcane.Calculator.&lt;init&gt;(Calculator.java:6)
	at io.michaelcane.Commands.&lt;init&gt;(Commands.java:5)
	at io.michaelcane.Calculator.&lt;init&gt;(Calculator.java:6)
	at io.michaelcane.Commands.&lt;init&gt;(Commands.java:5)
	at io.michaelcane.Calculator.&lt;init&gt;(Calculator.java:6)
	at io.michaelcane.Commands.&lt;init&gt;(Commands.java:5)
	at io.michaelcane.Calculator.&lt;init&gt;(Calculator.java:6)
	at io.michaelcane.Commands.&lt;init&gt;(Commands.java:5)
	at io.michaelcane.Calculator.&lt;init&gt;(Calculator.java:6)
	at io.michaelcane.Commands.&lt;init&gt;(Commands.java:5)
	at io.michaelcane.Calculator.&lt;init&gt;(Calculator.java:6)
	at io.michaelcane.Commands.&lt;init&gt;(Commands.java:5)
	at io.michaelcane.Calculator.&lt;init&gt;(Calculator.java:6)
	at io.michaelcane.Commands.&lt;init&gt;(Commands.java:5)
	at io.michaelcane.Calculator.&lt;init&gt;(Calculator.java:6)
	at io.michaelcane.Commands.&lt;init&gt;(Commands.java:5)
	at io.michaelcane.Calculator.&lt;init&gt;(Calculator.java:6)
	at io.michaelcane.Commands.&lt;init&gt;(Commands.java:5)
	at io.michaelcane.Calculator.&lt;init&gt;(Calculator.java:6)
	at io.michaelcane.Commands.&lt;init&gt;(Commands.java:5)
	at io.michaelcane.Calculator.&lt;init&gt;(Calculator.java:6)
	at io.michaelcane.Commands.&lt;init&gt;(Commands.java:5)
	at io.michaelcane.Calculator.&lt;init&gt;(Calculator.java:6)
	at io.michaelcane.Commands.&lt;init&gt;(Commands.java:5)
	at io.michaelcane.Calculator.&lt;init&gt;(Calculator.java:6)
	at io.michaelcane.Commands.&lt;init&gt;(Commands.java:5)
	at io.michaelcane.Calculator.&lt;init&gt;(Calculator.java:6)
	at io.michaelcane.Commands.&lt;init&gt;(Commands.java:5)
	at io.michaelcane.Calculator.&lt;init&gt;(Calculator.java:6)
	at io.michaelcane.Commands.&lt;init&gt;(Commands.java:5)
	at io.michaelcane.Calculator.&lt;init&gt;(Calculator.java:6)
	at io.michaelcane.Commands.&lt;init&gt;(Commands.java:5)
	at io.michaelcane.Calculator.&lt;init&gt;(Calculator.java:6)
	at io.michaelcane.Commands.&lt;init&gt;(Commands.java:5)
	at io.michaelcane.Calculator.&lt;init&gt;(Calculator.java:6)
	at io.michaelcane.Commands.&lt;init&gt;(Commands.java:5)
	at io.michaelcane.Calculator.&lt;init&gt;(Calculator.java:6)
	at io.michaelcane.Commands.&lt;init&gt;(Commands.java:5)
	at io.michaelcane.Calculator.&lt;init&gt;(Calculator.java:6)
	at io.michaelcane.Commands.&lt;init&gt;(Commands.java:5)
	at io.michaelcane.Calculator.&lt;init&gt;(Calculator.java:6)
	at io.michaelcane.Commands.&lt;init&gt;(Commands.java:5)
	at io.michaelcane.Calculator.&lt;init&gt;(Calculator.java:6)
	at io.michaelcane.Commands.&lt;init&gt;(Commands.java:5)
	at io.michaelcane.Calculator.&lt;init&gt;(Calculator.java:6)
	at io.michaelcane.Commands.&lt;init&gt;(Commands.java:5)
	at io.michaelcane.Calculator.&lt;init&gt;(Calculator.java:6)
	at io.michaelcane.Commands.&lt;init&gt;(Commands.java:5)
	at io.michaelcane.Calculator.&lt;init&gt;(Calculator.java:6)
	at io.michaelcane.Commands.&lt;init&gt;(Commands.java:5)
	at io.michaelcane.Calculator.&lt;init&gt;(Calculator.java:6)
	at io.michaelcane.Commands.&lt;init&gt;(Commands.java:5)
	at io.michaelcane.Calculator.&lt;init&gt;(Calculator.java:6)
	at io.michaelcane.Commands.&lt;init&gt;(Commands.java:5)
	at io.michaelcane.Calculator.&lt;init&gt;(Calculator.java:6)
	at io.michaelcane.Commands.&lt;init&gt;(Commands.java:5)
	at io.michaelcane.Calculator.&lt;init&gt;(Calculator.java:6)
	at io.michaelcane.Commands.&lt;init&gt;(Commands.java:5)
	at io.michaelcane.Calculator.&lt;init&gt;(Calculator.java:6)
	at io.michaelcane.Commands.&lt;init&gt;(Commands.java:5)
	at io.michaelcane.Calculator.&lt;init&gt;(Calculator.java:6)
	at io.michaelcane.Commands.&lt;init&gt;(Commands.java:5)
	at io.michaelcane.Calculator.&lt;init&gt;(Calculator.java:6)
	at io.michaelcane.Commands.&lt;init&gt;(Commands.java:5)
	at io.michaelcane.Calculator.&lt;init&gt;(Calculator.java:6)
	at io.michaelcane.Commands.&lt;init&gt;(Commands.java:5)
	at io.michaelcane.Calculator.&lt;init&gt;(Calculator.java:6)
	at io.michaelcane.Commands.&lt;init&gt;(Commands.java:5)
	at io.michaelcane.Calculator.&lt;init&gt;(Calculator.java:6)
	at io.michaelcane.Commands.&lt;init&gt;(Commands.java:5)
	at io.michaelcane.Calculator.&lt;init&gt;(Calculator.java:6)
	at io.michaelcane.Commands.&lt;init&gt;(Commands.java:5)
	at io.michaelcane.Calculator.&lt;init&gt;(Calculator.java:6)
	at io.michaelcane.Commands.&lt;init&gt;(Commands.java:5)
	at io.michaelcane.Calculator.&lt;init&gt;(Calculator.java:6)
	at io.michaelcane.Commands.&lt;init&gt;(Commands.java:5)
	at io.michaelcane.Calculator.&lt;init&gt;(Calculator.java:6)
	at io.michaelcane.Commands.&lt;init&gt;(Commands.java:5)
	at io.michaelcane.Calculator.&lt;init&gt;(Calculator.java:6)
	at io.michaelcane.Commands.&lt;init&gt;(Commands.java:5)
	at io.michaelcane.Calculator.&lt;init&gt;(Calculator.java:6)
	at io.michaelcane.Commands.&lt;init&gt;(Commands.java:5)
	at io.michaelcane.Calculator.&lt;init&gt;(Calculator.java:6)
	at io.michaelcane.Commands.&lt;init&gt;(Commands.java:5)
	at io.michaelcane.Calculator.&lt;init&gt;(Calculator.java:6)
	at io.michaelcane.Commands.&lt;init&gt;(Commands.java:5)
	at io.michaelcane.Calculator.&lt;init&gt;(Calculator.java:6)
	at io.michaelcane.Commands.&lt;init&gt;(Commands.java:5)
	at io.michaelcane.Calculator.&lt;init&gt;(Calculator.java:6)
	at io.michaelcane.Commands.&lt;init&gt;(Commands.java:5)
	at io.michaelcane.Calculator.&lt;init&gt;(Calculator.java:6)
	at io.michaelcane.Commands.&lt;init&gt;(Commands.java:5)
	at io.michaelcane.Calculator.&lt;init&gt;(Calculator.java:6)
	at io.michaelcane.Commands.&lt;init&gt;(Commands.java:5)
	at io.michaelcane.Calculator.&lt;init&gt;(Calculator.java:6)
	at io.michaelcane.Commands.&lt;init&gt;(Commands.java:5)
	at io.michaelcane.Calculator.&lt;init&gt;(Calculator.java:6)
	at io.michaelcane.Commands.&lt;init&gt;(Commands.java:5)
	at io.michaelcane.Calculator.&lt;init&gt;(Calculator.java:6)
	at io.michaelcane.Commands.&lt;init&gt;(Commands.java:5)
	at io.michaelcane.Calculator.&lt;init&gt;(Calculator.java:6)
	at io.michaelcane.Commands.&lt;init&gt;(Commands.java:5)
	at io.michaelcane.Calculator.&lt;init&gt;(Calculator.java:6)
	at io.michaelcane.Commands.&lt;init&gt;(Commands.java:5)
	at io.michaelcane.Calculator.&lt;init&gt;(Calculator.java:6)
	at io.michaelcane.Commands.&lt;init&gt;(Commands.java:5)
	at io.michaelcane.Calculator.&lt;init&gt;(Calculator.java:6)
	at io.michaelcane.Commands.&lt;init&gt;(Commands.java:5)
	at io.michaelcane.Calculator.&lt;init&gt;(Calculator.java:6)
	at io.michaelcane.Commands.&lt;init&gt;(Commands.java:5)
	at io.michaelcane.Calculator.&lt;init&gt;(Calculator.java:6)
	at io.michaelcane.Commands.&lt;init&gt;(Commands.java:5)
	at io.michaelcane.Calculator.&lt;init&gt;(Calculator.java:6)
	at io.michaelcane.Commands.&lt;init&gt;(Commands.java:5)
	at io.michaelcane.Calculator.&lt;init&gt;(Calculator.java:6)
	at io.michaelcane.Commands.&lt;init&gt;(Commands.java:5)
	at io.michaelcane.Calculator.&lt;init&gt;(Calculator.java:6)
	at io.michaelcane.Commands.&lt;init&gt;(Commands.java:5)
	at io.michaelcane.Calculator.&lt;init&gt;(Calculator.java:6)
	at io.michaelcane.Commands.&lt;init&gt;(Commands.java:5)
	at io.michaelcane.Calculator.&lt;init&gt;(Calculator.java:6)
	at io.michaelcane.Commands.&lt;init&gt;(Commands.java:5)
	at io.michaelcane.Calculator.&lt;init&gt;(Calculator.java:6)
	at io.michaelcane.Commands.&lt;init&gt;(Commands.java:5)
	at io.michaelcane.Calculator.&lt;init&gt;(Calculator.java:6)
	at io.michaelcane.Commands.&lt;init&gt;(Commands.java:5)
	at io.michaelcane.Calculator.&lt;init&gt;(Calculator.java:6)
	at io.michaelcane.Commands.&lt;init&gt;(Commands.java:5)
	at io.michaelcane.Calculator.&lt;init&gt;(Calculator.java:6)
	at io.michaelcane.Commands.&lt;init&gt;(Commands.java:5)
	at io.michaelcane.Calculator.&lt;init&gt;(Calculator.java:6)
	at io.michaelcane.Commands.&lt;init&gt;(Commands.java:5)
	at io.michaelcane.Calculator.&lt;init&gt;(Calculator.java:6)
	at io.michaelcane.Commands.&lt;init&gt;(Commands.java:5)
	at io.michaelcane.Calculator.&lt;init&gt;(Calculator.java:6)
	at io.michaelcane.Commands.&lt;init&gt;(Commands.java:5)
	at io.michaelcane.Calculator.&lt;init&gt;(Calculator.java:6)
	at io.michaelcane.Commands.&lt;init&gt;(Commands.java:5)
	at io.michaelcane.Calculator.&lt;init&gt;(Calculator.java:6)
	at io.michaelcane.Commands.&lt;init&gt;(Commands.java:5)
	at io.michaelcane.Calculator.&lt;init&gt;(Calculator.java:6)
	at io.michaelcane.Commands.&lt;init&gt;(Commands.java:5)
	at io.michaelcane.Calculator.&lt;init&gt;(Calculator.java:6)
	at io.michaelcane.Commands.&lt;init&gt;(Commands.java:5)
	at io.michaelcane.Calculator.&lt;init&gt;(Calculator.java:6)
	at io.michaelcane.Commands.&lt;init&gt;(Commands.java:5)
	at io.michaelcane.Calculator.&lt;init&gt;(Calculator.java:6)
	at io.michaelcane.Commands.&lt;init&gt;(Commands.java:5)
	at io.michaelcane.Calculator.&lt;init&gt;(Calculator.java:6)
	at io.michaelcane.Commands.&lt;init&gt;(Commands.java:5)
	at io.michaelcane.Calculator.&lt;init&gt;(Calculator.java:6)
	at io.michaelcane.Commands.&lt;init&gt;(Commands.java:5)
	at io.michaelcane.Calculator.&lt;init&gt;(Calculator.java:6)
	at io.michaelcane.Commands.&lt;init&gt;(Commands.java:5)
	at io.michaelcane.Calculator.&lt;init&gt;(Calculator.java:6)
	at io.michaelcane.Commands.&lt;init&gt;(Commands.java:5)
	at io.michaelcane.Calculator.&lt;init&gt;(Calculator.java:6)
	at io.michaelcane.Commands.&lt;init&gt;(Commands.java:5)
	at io.michaelcane.Calculator.&lt;init&gt;(Calculator.java:6)
	at io.michaelcane.Commands.&lt;init&gt;(Commands.java:5)
	at io.michaelcane.Calculator.&lt;init&gt;(Calculator.java:6)
	at io.michaelcane.Commands.&lt;init&gt;(Commands.java:5)
	at io.michaelcane.Calculator.&lt;init&gt;(Calculator.java:6)
	at io.michaelcane.Commands.&lt;init&gt;(Commands.java:5)
	at io.michaelcane.Calculator.&lt;init&gt;(Calculator.java:6)
	at io.michaelcane.Commands.&lt;init&gt;(Commands.java:5)
	at io.michaelcane.Calculator.&lt;init&gt;(Calculator.java:6)
	at io.michaelcane.Commands.&lt;init&gt;(Commands.java:5)
	at io.michaelcane.Calculator.&lt;init&gt;(Calculator.java:6)
	at io.michaelcane.Commands.&lt;init&gt;(Commands.java:5)
	at io.michaelcane.Calculator.&lt;init&gt;(Calculator.java:6)
	at io.michaelcane.Commands.&lt;init&gt;(Commands.java:5)
	at io.michaelcane.Calculator.&lt;init&gt;(Calculator.java:6)
	at io.michaelcane.Commands.&lt;init&gt;(Commands.java:5)
	at io.michaelcane.Calculator.&lt;init&gt;(Calculator.java:6)
	at io.michaelcane.Commands.&lt;init&gt;(Commands.java:5)
	at io.michaelcane.Calculator.&lt;init&gt;(Calculator.java:6)
	at io.michaelcane.Commands.&lt;init&gt;(Commands.java:5)
	at io.michaelcane.Calculator.&lt;init&gt;(Calculator.java:6)
	at io.michaelcane.Commands.&lt;init&gt;(Commands.java:5)
	at io.michaelcane.Calculator.&lt;init&gt;(Calculator.java:6)
	at io.michaelcane.Commands.&lt;init&gt;(Commands.java:5)
	at io.michaelcane.Calculator.&lt;init&gt;(Calculator.java:6)
	at io.michaelcane.Commands.&lt;init&gt;(Commands.java:5)
	at io.michaelcane.Calculator.&lt;init&gt;(Calculator.java:6)
	at io.michaelcane.Commands.&lt;init&gt;(Commands.java:5)
	at io.michaelcane.Calculator.&lt;init&gt;(Calculator.java:6)
	at io.michaelcane.Commands.&lt;init&gt;(Commands.java:5)
	at io.michaelcane.Calculator.&lt;init&gt;(Calculator.java:6)
	at io.michaelcane.Commands.&lt;init&gt;(Commands.java:5)
	at io.michaelcane.Calculator.&lt;init&gt;(Calculator.java:6)
	at io.michaelcane.Commands.&lt;init&gt;(Commands.java:5)
	at io.michaelcane.Calculator.&lt;init&gt;(Calculator.java:6)
	at io.michaelcane.Commands.&lt;init&gt;(Commands.java:5)
	at io.michaelcane.Calculator.&lt;init&gt;(Calculator.java:6)
	at io.michaelcane.Commands.&lt;init&gt;(Commands.java:5)
	at io.michaelcane.Calculator.&lt;init&gt;(Calculator.java:6)
	at io.michaelcane.Commands.&lt;init&gt;(Commands.java:5)
	at io.michaelcane.Calculator.&lt;init&gt;(Calculator.java:6)
	at io.michaelcane.Commands.&lt;init&gt;(Commands.java:5)
	at io.michaelcane.Calculator.&lt;init&gt;(Calculator.java:6)
	at io.michaelcane.Commands.&lt;init&gt;(Commands.java:5)
	at io.michaelcane.Calculator.&lt;init&gt;(Calculator.java:6)
	at io.michaelcane.Commands.&lt;init&gt;(Commands.java:5)
	at io.michaelcane.Calculator.&lt;init&gt;(Calculator.java:6)
	at io.michaelcane.Commands.&lt;init&gt;(Commands.java:5)
	at io.michaelcane.Calculator.&lt;init&gt;(Calculator.java:6)
	at io.michaelcane.Commands.&lt;init&gt;(Commands.java:5)
	at io.michaelcane.Calculator.&lt;init&gt;(Calculator.java:6)
	at io.michaelcane.Commands.&lt;init&gt;(Commands.java:5)
	at io.michaelcane.Calculator.&lt;init&gt;(Calculator.java:6)
	at io.michaelcane.Commands.&lt;init&gt;(Commands.java:5)
	at io.michaelcane.Calculator.&lt;init&gt;(Calculator.java:6)
	at io.michaelcane.Commands.&lt;init&gt;(Commands.java:5)
	at io.michaelcane.Calculator.&lt;init&gt;(Calculator.java:6)
	at io.michaelcane.Commands.&lt;init&gt;(Commands.java:5)
	at io.michaelcane.Calculator.&lt;init&gt;(Calculator.java:6)
	at io.michaelcane.Commands.&lt;init&gt;(Commands.java:5)
	at io.michaelcane.Calculator.&lt;init&gt;(Calculator.java:6)
	at io.michaelcane.Commands.&lt;init&gt;(Commands.java:5)
	at io.michaelcane.Calculator.&lt;init&gt;(Calculator.java:6)
	at io.michaelcane.Commands.&lt;init&gt;(Commands.java:5)
	at io.michaelcane.Calculator.&lt;init&gt;(Calculator.java:6)
	at io.michaelcane.Commands.&lt;init&gt;(Commands.java:5)
	at io.michaelcane.Calculator.&lt;init&gt;(Calculator.java:6)
	at io.michaelcane.Commands.&lt;init&gt;(Commands.java:5)
	at io.michaelcane.Calculator.&lt;init&gt;(Calculator.java:6)
	at io.michaelcane.Commands.&lt;init&gt;(Commands.java:5)
	at io.michaelcane.Calculator.&lt;init&gt;(Calculator.java:6)
	at io.michaelcane.Commands.&lt;init&gt;(Commands.java:5)
	at io.michaelcane.Calculator.&lt;init&gt;(Calculator.java:6)
	at io.michaelcane.Commands.&lt;init&gt;(Commands.java:5)
	at io.michaelcane.Calculator.&lt;init&gt;(Calculator.java:6)
	at io.michaelcane.Commands.&lt;init&gt;(Commands.java:5)
	at io.michaelcane.Calculator.&lt;init&gt;(Calculator.java:6)
	at io.michaelcane.Commands.&lt;init&gt;(Commands.java:5)
	at io.michaelcane.Calculator.&lt;init&gt;(Calculator.java:6)
	at io.michaelcane.Commands.&lt;init&gt;(Commands.java:5)
	at io.michaelcane.Calculator.&lt;init&gt;(Calculator.java:6)
	at io.michaelcane.Commands.&lt;init&gt;(Commands.java:5)
	at io.michaelcane.Calculator.&lt;init&gt;(Calculator.java:6)
	at io.michaelcane.Commands.&lt;init&gt;(Commands.java:5)
	at io.michaelcane.Calculator.&lt;init&gt;(Calculator.java:6)
	at io.michaelcane.Commands.&lt;init&gt;(Commands.java:5)
	at io.michaelcane.Calculator.&lt;init&gt;(Calculator.java:6)
	at io.michaelcane.Commands.&lt;init&gt;(Commands.java:5)
	at io.michaelcane.Calculator.&lt;init&gt;(Calculator.java:6)
	at io.michaelcane.Commands.&lt;init&gt;(Commands.java:5)
	at io.michaelcane.Calculator.&lt;init&gt;(Calculator.java:6)
	at io.michaelcane.Commands.&lt;init&gt;(Commands.java:5)
	at io.michaelcane.Calculator.&lt;init&gt;(Calculator.java:6)
	at io.michaelcane.Commands.&lt;init&gt;(Commands.java:5)
	at io.michaelcane.Calculator.&lt;init&gt;(Calculator.java:6)
	at io.michaelcane.Commands.&lt;init&gt;(Commands.java:5)
	at io.michaelcane.Calculator.&lt;init&gt;(Calculator.java:6)
	at io.michaelcane.Commands.&lt;init&gt;(Commands.java:5)
	at io.michaelcane.Calculator.&lt;init&gt;(Calculator.java:6)
	at io.michaelcane.Commands.&lt;init&gt;(Commands.java:5)
	at io.michaelcane.Calculator.&lt;init&gt;(Calculator.java:6)
	at io.michaelcane.Commands.&lt;init&gt;(Commands.java:5)
	at io.michaelcane.Calculator.&lt;init&gt;(Calculator.java:6)
	at io.michaelcane.Commands.&lt;init&gt;(Commands.java:5)
	at io.michaelcane.Calculator.&lt;init&gt;(Calculator.java:6)
	at io.michaelcane.Commands.&lt;init&gt;(Commands.java:5)
	at io.michaelcane.Calculator.&lt;init&gt;(Calculator.java:6)
	at io.michaelcane.Commands.&lt;init&gt;(Commands.java:5)
	at io.michaelcane.Calculator.&lt;init&gt;(Calculator.java:6)
	at io.michaelcane.Commands.&lt;init&gt;(Commands.java:5)
	at io.michaelcane.Calculator.&lt;init&gt;(Calculator.java:6)
	at io.michaelcane.Commands.&lt;init&gt;(Commands.java:5)
	at io.michaelcane.Calculator.&lt;init&gt;(Calculator.java:6)
	at io.michaelcane.Commands.&lt;init&gt;(Commands.java:5)
	at io.michaelcane.Calculator.&lt;init&gt;(Calculator.java:6)
	at io.michaelcane.Commands.&lt;init&gt;(Commands.java:5)
	at io.michaelcane.Calculator.&lt;init&gt;(Calculator.java:6)
	at io.michaelcane.Commands.&lt;init&gt;(Commands.java:5)
	at io.michaelcane.Calculator.&lt;init&gt;(Calculator.java:6)
	at io.michaelcane.Commands.&lt;init&gt;(Commands.java:5)
	at io.michaelcane.Calculator.&lt;init&gt;(Calculator.java:6)
	at io.michaelcane.Commands.&lt;init&gt;(Commands.java:5)
	at io.michaelcane.Calculator.&lt;init&gt;(Calculator.java:6)
	at io.michaelcane.Commands.&lt;init&gt;(Commands.java:5)
	at io.michaelcane.Calculator.&lt;init&gt;(Calculator.java:6)
	at io.michaelcane.Commands.&lt;init&gt;(Commands.java:5)
	at io.michaelcane.Calculator.&lt;init&gt;(Calculator.java:6)
	at io.michaelcane.Commands.&lt;init&gt;(Commands.java:5)
	at io.michaelcane.Calculator.&lt;init&gt;(Calculator.java:6)
	at io.michaelcane.Commands.&lt;init&gt;(Commands.java:5)
	at io.michaelcane.Calculator.&lt;init&gt;(Calculator.java:6)
	at io.michaelcane.Commands.&lt;init&gt;(Commands.java:5)
	at io.michaelcane.Calculator.&lt;init&gt;(Calculator.java:6)
	at io.michaelcane.Commands.&lt;init&gt;(Commands.java:5)
	at io.michaelcane.Calculator.&lt;init&gt;(Calculator.java:6)
	at io.michaelcane.Commands.&lt;init&gt;(Commands.java:5)
	at io.michaelcane.Calculator.&lt;init&gt;(Calculator.java:6)
	at io.michaelcane.Commands.&lt;init&gt;(Commands.java:5)
	at io.michaelcane.Calculator.&lt;init&gt;(Calculator.java:6)
	at io.michaelcane.Commands.&lt;init&gt;(Commands.java:5)
	at io.michaelcane.Calculator.&lt;init&gt;(Calculator.java:6)
	at io.michaelcane.Commands.&lt;init&gt;(Commands.java:5)
	at io.michaelcane.Calculator.&lt;init&gt;(Calculator.java:6)
	at io.michaelcane.Commands.&lt;init&gt;(Commands.java:5)
	at io.michaelcane.Calculator.&lt;init&gt;(Calculator.java:6)
	at io.michaelcane.Commands.&lt;init&gt;(Commands.java:5)
	at io.michaelcane.Calculator.&lt;init&gt;(Calculator.java:6)
	at io.michaelcane.Commands.&lt;init&gt;(Commands.java:5)
	at io.michaelcane.Calculator.&lt;init&gt;(Calculator.java:6)
	at io.michaelcane.Commands.&lt;init&gt;(Commands.java:5)
	at io.michaelcane.Calculator.&lt;init&gt;(Calculator.java:6)
	at io.michaelcane.Commands.&lt;init&gt;(Commands.java:5)
	at io.michaelcane.Calculator.&lt;init&gt;(Calculator.java:6)
	at io.michaelcane.Commands.&lt;init&gt;(Commands.java:5)
	at io.michaelcane.Calculator.&lt;init&gt;(Calculator.java:6)
	at io.michaelcane.Commands.&lt;init&gt;(Commands.java:5)
	at io.michaelcane.Calculator.&lt;init&gt;(Calculator.java:6)
	at io.michaelcane.Commands.&lt;init&gt;(Commands.java:5)
	at io.michaelcane.Calculator.&lt;init&gt;(Calculator.java:6)
	at io.michaelcane.Commands.&lt;init&gt;(Commands.java:5)
	at io.michaelcane.Calculator.&lt;init&gt;(Calculator.java:6)
	at io.michaelcane.Commands.&lt;init&gt;(Commands.java:5)
	at io.michaelcane.Calculator.&lt;init&gt;(Calculator.java:6)
	at io.michaelcane.Commands.&lt;init&gt;(Commands.java:5)
	at io.michaelcane.Calculator.&lt;init&gt;(Calculator.java:6)
	at io.michaelcane.Commands.&lt;init&gt;(Commands.java:5)
	at io.michaelcane.Calculator.&lt;init&gt;(Calculator.java:6)
	at io.michaelcane.Commands.&lt;init&gt;(Commands.java:5)
	at io.michaelcane.Calculator.&lt;init&gt;(Calculator.java:6)
	at io.michaelcane.Commands.&lt;init&gt;(Commands.java:5)
	at io.michaelcane.Calculator.&lt;init&gt;(Calculator.java:6)
	at io.michaelcane.Commands.&lt;init&gt;(Commands.java:5)
	at io.michaelcane.Calculator.&lt;init&gt;(Calculator.java:6)
	at io.michaelcane.Commands.&lt;init&gt;(Commands.java:5)
	at io.michaelcane.Calculator.&lt;init&gt;(Calculator.java:6)
	at io.michaelcane.Commands.&lt;init&gt;(Commands.java:5)
	at io.michaelcane.Calculator.&lt;init&gt;(Calculator.java:6)
	at io.michaelcane.Commands.&lt;init&gt;(Commands.java:5)
	at io.michaelcane.Calculator.&lt;init&gt;(Calculator.java:6)
	at io.michaelcane.Commands.&lt;init&gt;(Commands.java:5)
	at io.michaelcane.Calculator.&lt;init&gt;(Calculator.java:6)
	at io.michaelcane.Commands.&lt;init&gt;(Commands.java:5)
	at io.michaelcane.Calculator.&lt;init&gt;(Calculator.java:6)
	at io.michaelcane.Commands.&lt;init&gt;(Commands.java:5)
	at io.michaelcane.Calculator.&lt;init&gt;(Calculator.java:6)
	at io.michaelcane.Commands.&lt;init&gt;(Commands.java:5)
	at io.michaelcane.Calculator.&lt;init&gt;(Calculator.java:6)
	at io.michaelcane.Commands.&lt;init&gt;(Commands.java:5)
	at io.michaelcane.Calculator.&lt;init&gt;(Calculator.java:6)
	at io.michaelcane.Commands.&lt;init&gt;(Commands.java:5)
	at io.michaelcane.Calculator.&lt;init&gt;(Calculator.java:6)
	at io.michaelcane.Commands.&lt;init&gt;(Commands.java:5)
	at io.michaelcane.Calculator.&lt;init&gt;(Calculator.java:6)
	at io.michaelcane.Commands.&lt;init&gt;(Commands.java:5)
	at io.michaelcane.Calculator.&lt;init&gt;(Calculator.java:6)
	at io.michaelcane.Commands.&lt;init&gt;(Commands.java:5)
	at io.michaelcane.Calculator.&lt;init&gt;(Calculator.java:6)
	at io.michaelcane.Commands.&lt;init&gt;(Commands.java:5)
	at io.michaelcane.Calculator.&lt;init&gt;(Calculator.java:6)
	at io.michaelcane.Commands.&lt;init&gt;(Commands.java:5)
	at io.michaelcane.Calculator.&lt;init&gt;(Calculator.java:6)
	at io.michaelcane.Commands.&lt;init&gt;(Commands.java:5)
	at io.michaelcane.Calculator.&lt;init&gt;(Calculator.java:6)
	at io.michaelcane.Commands.&lt;init&gt;(Commands.java:5)
	at io.michaelcane.Calculator.&lt;init&gt;(Calculator.java:6)
	at io.michaelcane.Commands.&lt;init&gt;(Commands.java:5)
	at io.michaelcane.Calculator.&lt;init&gt;(Calculator.java:6)
	at io.michaelcane.Commands.&lt;init&gt;(Commands.java:5)
	at io.michaelcane.Calculator.&lt;init&gt;(Calculator.java:6)
	at io.michaelcane.Commands.&lt;init&gt;(Commands.java:5)
	at io.michaelcane.Calculator.&lt;init&gt;(Calculator.java:6)
	at io.michaelcane.Commands.&lt;init&gt;(Commands.java:5)
	at io.michaelcane.Calculator.&lt;init&gt;(Calculator.java:6)
	at io.michaelcane.Commands.&lt;init&gt;(Commands.java:5)
</error>
  </testcase>
  <testcase classname="io.michaelcane.CalculatorSpec" name="test$subract" time="0.009">
    <error type="java.lang.StackOverflowError">java.lang.StackOverflowError
	at io.michaelcane.Calculator.&lt;init&gt;(Calculator.java:6)
	at io.michaelcane.Commands.&lt;init&gt;(Commands.java:5)
	at io.michaelcane.Calculator.&lt;init&gt;(Calculator.java:6)
	at io.michaelcane.Commands.&lt;init&gt;(Commands.java:5)
	at io.michaelcane.Calculator.&lt;init&gt;(Calculator.java:6)
	at io.michaelcane.Commands.&lt;init&gt;(Commands.java:5)
	at io.michaelcane.Calculator.&lt;init&gt;(Calculator.java:6)
	at io.michaelcane.Commands.&lt;init&gt;(Commands.java:5)
	at io.michaelcane.Calculator.&lt;init&gt;(Calculator.java:6)
	at io.michaelcane.Commands.&lt;init&gt;(Commands.java:5)
	at io.michaelcane.Calculator.&lt;init&gt;(Calculator.java:6)
	at io.michaelcane.Commands.&lt;init&gt;(Commands.java:5)
	at io.michaelcane.Calculator.&lt;init&gt;(Calculator.java:6)
	at io.michaelcane.Commands.&lt;init&gt;(Commands.java:5)
	at io.michaelcane.Calculator.&lt;init&gt;(Calculator.java:6)
	at io.michaelcane.Commands.&lt;init&gt;(Commands.java:5)
	at io.michaelcane.Calculator.&lt;init&gt;(Calculator.java:6)
	at io.michaelcane.Commands.&lt;init&gt;(Commands.java:5)
	at io.michaelcane.Calculator.&lt;init&gt;(Calculator.java:6)
	at io.michaelcane.Commands.&lt;init&gt;(Commands.java:5)
	at io.michaelcane.Calculator.&lt;init&gt;(Calculator.java:6)
	at io.michaelcane.Commands.&lt;init&gt;(Commands.java:5)
	at io.michaelcane.Calculator.&lt;init&gt;(Calculator.java:6)
	at io.michaelcane.Commands.&lt;init&gt;(Commands.java:5)
	at io.michaelcane.Calculator.&lt;init&gt;(Calculator.java:6)
	at io.michaelcane.Commands.&lt;init&gt;(Commands.java:5)
	at io.michaelcane.Calculator.&lt;init&gt;(Calculator.java:6)
	at io.michaelcane.Commands.&lt;init&gt;(Commands.java:5)
	at io.michaelcane.Calculator.&lt;init&gt;(Calculator.java:6)
	at io.michaelcane.Commands.&lt;init&gt;(Commands.java:5)
	at io.michaelcane.Calculator.&lt;init&gt;(Calculator.java:6)
	at io.michaelcane.Commands.&lt;init&gt;(Commands.java:5)
	at io.michaelcane.Calculator.&lt;init&gt;(Calculator.java:6)
	at io.michaelcane.Commands.&lt;init&gt;(Commands.java:5)
	at io.michaelcane.Calculator.&lt;init&gt;(Calculator.java:6)
	at io.michaelcane.Commands.&lt;init&gt;(Commands.java:5)
	at io.michaelcane.Calculator.&lt;init&gt;(Calculator.java:6)
	at io.michaelcane.Commands.&lt;init&gt;(Commands.java:5)
	at io.michaelcane.Calculator.&lt;init&gt;(Calculator.java:6)
	at io.michaelcane.Commands.&lt;init&gt;(Commands.java:5)
	at io.michaelcane.Calculator.&lt;init&gt;(Calculator.java:6)
	at io.michaelcane.Commands.&lt;init&gt;(Commands.java:5)
	at io.michaelcane.Calculator.&lt;init&gt;(Calculator.java:6)
	at io.michaelcane.Commands.&lt;init&gt;(Commands.java:5)
	at io.michaelcane.Calculator.&lt;init&gt;(Calculator.java:6)
	at io.michaelcane.Commands.&lt;init&gt;(Commands.java:5)
	at io.michaelcane.Calculator.&lt;init&gt;(Calculator.java:6)
	at io.michaelcane.Commands.&lt;init&gt;(Commands.java:5)
	at io.michaelcane.Calculator.&lt;init&gt;(Calculator.java:6)
	at io.michaelcane.Commands.&lt;init&gt;(Commands.java:5)
	at io.michaelcane.Calculator.&lt;init&gt;(Calculator.java:6)
	at io.michaelcane.Commands.&lt;init&gt;(Commands.java:5)
	at io.michaelcane.Calculator.&lt;init&gt;(Calculator.java:6)
	at io.michaelcane.Commands.&lt;init&gt;(Commands.java:5)
	at io.michaelcane.Calculator.&lt;init&gt;(Calculator.java:6)
	at io.michaelcane.Commands.&lt;init&gt;(Commands.java:5)
	at io.michaelcane.Calculator.&lt;init&gt;(Calculator.java:6)
	at io.michaelcane.Commands.&lt;init&gt;(Commands.java:5)
	at io.michaelcane.Calculator.&lt;init&gt;(Calculator.java:6)
	at io.michaelcane.Commands.&lt;init&gt;(Commands.java:5)
	at io.michaelcane.Calculator.&lt;init&gt;(Calculator.java:6)
	at io.michaelcane.Commands.&lt;init&gt;(Commands.java:5)
	at io.michaelcane.Calculator.&lt;init&gt;(Calculator.java:6)
	at io.michaelcane.Commands.&lt;init&gt;(Commands.java:5)
	at io.michaelcane.Calculator.&lt;init&gt;(Calculator.java:6)
	at io.michaelcane.Commands.&lt;init&gt;(Commands.java:5)
	at io.michaelcane.Calculator.&lt;init&gt;(Calculator.java:6)
	at io.michaelcane.Commands.&lt;init&gt;(Commands.java:5)
	at io.michaelcane.Calculator.&lt;init&gt;(Calculator.java:6)
	at io.michaelcane.Commands.&lt;init&gt;(Commands.java:5)
	at io.michaelcane.Calculator.&lt;init&gt;(Calculator.java:6)
	at io.michaelcane.Commands.&lt;init&gt;(Commands.java:5)
	at io.michaelcane.Calculator.&lt;init&gt;(Calculator.java:6)
	at io.michaelcane.Commands.&lt;init&gt;(Commands.java:5)
	at io.michaelcane.Calculator.&lt;init&gt;(Calculator.java:6)
	at io.michaelcane.Commands.&lt;init&gt;(Commands.java:5)
	at io.michaelcane.Calculator.&lt;init&gt;(Calculator.java:6)
	at io.michaelcane.Commands.&lt;init&gt;(Commands.java:5)
	at io.michaelcane.Calculator.&lt;init&gt;(Calculator.java:6)
	at io.michaelcane.Commands.&lt;init&gt;(Commands.java:5)
	at io.michaelcane.Calculator.&lt;init&gt;(Calculator.java:6)
	at io.michaelcane.Commands.&lt;init&gt;(Commands.java:5)
	at io.michaelcane.Calculator.&lt;init&gt;(Calculator.java:6)
	at io.michaelcane.Commands.&lt;init&gt;(Commands.java:5)
	at io.michaelcane.Calculator.&lt;init&gt;(Calculator.java:6)
	at io.michaelcane.Commands.&lt;init&gt;(Commands.java:5)
	at io.michaelcane.Calculator.&lt;init&gt;(Calculator.java:6)
	at io.michaelcane.Commands.&lt;init&gt;(Commands.java:5)
	at io.michaelcane.Calculator.&lt;init&gt;(Calculator.java:6)
	at io.michaelcane.Commands.&lt;init&gt;(Commands.java:5)
	at io.michaelcane.Calculator.&lt;init&gt;(Calculator.java:6)
	at io.michaelcane.Commands.&lt;init&gt;(Commands.java:5)
	at io.michaelcane.Calculator.&lt;init&gt;(Calculator.java:6)
	at io.michaelcane.Commands.&lt;init&gt;(Commands.java:5)
	at io.michaelcane.Calculator.&lt;init&gt;(Calculator.java:6)
	at io.michaelcane.Commands.&lt;init&gt;(Commands.java:5)
	at io.michaelcane.Calculator.&lt;init&gt;(Calculator.java:6)
	at io.michaelcane.Commands.&lt;init&gt;(Commands.java:5)
	at io.michaelcane.Calculator.&lt;init&gt;(Calculator.java:6)
	at io.michaelcane.Commands.&lt;init&gt;(Commands.java:5)
	at io.michaelcane.Calculator.&lt;init&gt;(Calculator.java:6)
	at io.michaelcane.Commands.&lt;init&gt;(Commands.java:5)
	at io.michaelcane.Calculator.&lt;init&gt;(Calculator.java:6)
	at io.michaelcane.Commands.&lt;init&gt;(Commands.java:5)
	at io.michaelcane.Calculator.&lt;init&gt;(Calculator.java:6)
	at io.michaelcane.Commands.&lt;init&gt;(Commands.java:5)
	at io.michaelcane.Calculator.&lt;init&gt;(Calculator.java:6)
	at io.michaelcane.Commands.&lt;init&gt;(Commands.java:5)
	at io.michaelcane.Calculator.&lt;init&gt;(Calculator.java:6)
	at io.michaelcane.Commands.&lt;init&gt;(Commands.java:5)
	at io.michaelcane.Calculator.&lt;init&gt;(Calculator.java:6)
	at io.michaelcane.Commands.&lt;init&gt;(Commands.java:5)
	at io.michaelcane.Calculator.&lt;init&gt;(Calculator.java:6)
	at io.michaelcane.Commands.&lt;init&gt;(Commands.java:5)
	at io.michaelcane.Calculator.&lt;init&gt;(Calculator.java:6)
	at io.michaelcane.Commands.&lt;init&gt;(Commands.java:5)
	at io.michaelcane.Calculator.&lt;init&gt;(Calculator.java:6)
	at io.michaelcane.Commands.&lt;init&gt;(Commands.java:5)
	at io.michaelcane.Calculator.&lt;init&gt;(Calculator.java:6)
	at io.michaelcane.Commands.&lt;init&gt;(Commands.java:5)
	at io.michaelcane.Calculator.&lt;init&gt;(Calculator.java:6)
	at io.michaelcane.Commands.&lt;init&gt;(Commands.java:5)
	at io.michaelcane.Calculator.&lt;init&gt;(Calculator.java:6)
	at io.michaelcane.Commands.&lt;init&gt;(Commands.java:5)
	at io.michaelcane.Calculator.&lt;init&gt;(Calculator.java:6)
	at io.michaelcane.Commands.&lt;init&gt;(Commands.java:5)
	at io.michaelcane.Calculator.&lt;init&gt;(Calculator.java:6)
	at io.michaelcane.Commands.&lt;init&gt;(Commands.java:5)
	at io.michaelcane.Calculator.&lt;init&gt;(Calculator.java:6)
	at io.michaelcane.Commands.&lt;init&gt;(Commands.java:5)
	at io.michaelcane.Calculator.&lt;init&gt;(Calculator.java:6)
	at io.michaelcane.Commands.&lt;init&gt;(Commands.java:5)
	at io.michaelcane.Calculator.&lt;init&gt;(Calculator.java:6)
	at io.michaelcane.Commands.&lt;init&gt;(Commands.java:5)
	at io.michaelcane.Calculator.&lt;init&gt;(Calculator.java:6)
	at io.michaelcane.Commands.&lt;init&gt;(Commands.java:5)
	at io.michaelcane.Calculator.&lt;init&gt;(Calculator.java:6)
	at io.michaelcane.Commands.&lt;init&gt;(Commands.java:5)
	at io.michaelcane.Calculator.&lt;init&gt;(Calculator.java:6)
	at io.michaelcane.Commands.&lt;init&gt;(Commands.java:5)
	at io.michaelcane.Calculator.&lt;init&gt;(Calculator.java:6)
	at io.michaelcane.Commands.&lt;init&gt;(Commands.java:5)
	at io.michaelcane.Calculator.&lt;init&gt;(Calculator.java:6)
	at io.michaelcane.Commands.&lt;init&gt;(Commands.java:5)
	at io.michaelcane.Calculator.&lt;init&gt;(Calculator.java:6)
	at io.michaelcane.Commands.&lt;init&gt;(Commands.java:5)
	at io.michaelcane.Calculator.&lt;init&gt;(Calculator.java:6)
	at io.michaelcane.Commands.&lt;init&gt;(Commands.java:5)
	at io.michaelcane.Calculator.&lt;init&gt;(Calculator.java:6)
	at io.michaelcane.Commands.&lt;init&gt;(Commands.java:5)
	at io.michaelcane.Calculator.&lt;init&gt;(Calculator.java:6)
	at io.michaelcane.Commands.&lt;init&gt;(Commands.java:5)
	at io.michaelcane.Calculator.&lt;init&gt;(Calculator.java:6)
	at io.michaelcane.Commands.&lt;init&gt;(Commands.java:5)
	at io.michaelcane.Calculator.&lt;init&gt;(Calculator.java:6)
	at io.michaelcane.Commands.&lt;init&gt;(Commands.java:5)
	at io.michaelcane.Calculator.&lt;init&gt;(Calculator.java:6)
	at io.michaelcane.Commands.&lt;init&gt;(Commands.java:5)
	at io.michaelcane.Calculator.&lt;init&gt;(Calculator.java:6)
	at io.michaelcane.Commands.&lt;init&gt;(Commands.java:5)
	at io.michaelcane.Calculator.&lt;init&gt;(Calculator.java:6)
	at io.michaelcane.Commands.&lt;init&gt;(Commands.java:5)
	at io.michaelcane.Calculator.&lt;init&gt;(Calculator.java:6)
	at io.michaelcane.Commands.&lt;init&gt;(Commands.java:5)
	at io.michaelcane.Calculator.&lt;init&gt;(Calculator.java:6)
	at io.michaelcane.Commands.&lt;init&gt;(Commands.java:5)
	at io.michaelcane.Calculator.&lt;init&gt;(Calculator.java:6)
	at io.michaelcane.Commands.&lt;init&gt;(Commands.java:5)
	at io.michaelcane.Calculator.&lt;init&gt;(Calculator.java:6)
	at io.michaelcane.Commands.&lt;init&gt;(Commands.java:5)
	at io.michaelcane.Calculator.&lt;init&gt;(Calculator.java:6)
	at io.michaelcane.Commands.&lt;init&gt;(Commands.java:5)
	at io.michaelcane.Calculator.&lt;init&gt;(Calculator.java:6)
	at io.michaelcane.Commands.&lt;init&gt;(Commands.java:5)
	at io.michaelcane.Calculator.&lt;init&gt;(Calculator.java:6)
	at io.michaelcane.Commands.&lt;init&gt;(Commands.java:5)
	at io.michaelcane.Calculator.&lt;init&gt;(Calculator.java:6)
	at io.michaelcane.Commands.&lt;init&gt;(Commands.java:5)
	at io.michaelcane.Calculator.&lt;init&gt;(Calculator.java:6)
	at io.michaelcane.Commands.&lt;init&gt;(Commands.java:5)
	at io.michaelcane.Calculator.&lt;init&gt;(Calculator.java:6)
	at io.michaelcane.Commands.&lt;init&gt;(Commands.java:5)
	at io.michaelcane.Calculator.&lt;init&gt;(Calculator.java:6)
	at io.michaelcane.Commands.&lt;init&gt;(Commands.java:5)
	at io.michaelcane.Calculator.&lt;init&gt;(Calculator.java:6)
	at io.michaelcane.Commands.&lt;init&gt;(Commands.java:5)
	at io.michaelcane.Calculator.&lt;init&gt;(Calculator.java:6)
	at io.michaelcane.Commands.&lt;init&gt;(Commands.java:5)
	at io.michaelcane.Calculator.&lt;init&gt;(Calculator.java:6)
	at io.michaelcane.Commands.&lt;init&gt;(Commands.java:5)
	at io.michaelcane.Calculator.&lt;init&gt;(Calculator.java:6)
	at io.michaelcane.Commands.&lt;init&gt;(Commands.java:5)
	at io.michaelcane.Calculator.&lt;init&gt;(Calculator.java:6)
	at io.michaelcane.Commands.&lt;init&gt;(Commands.java:5)
	at io.michaelcane.Calculator.&lt;init&gt;(Calculator.java:6)
	at io.michaelcane.Commands.&lt;init&gt;(Commands.java:5)
	at io.michaelcane.Calculator.&lt;init&gt;(Calculator.java:6)
	at io.michaelcane.Commands.&lt;init&gt;(Commands.java:5)
	at io.michaelcane.Calculator.&lt;init&gt;(Calculator.java:6)
	at io.michaelcane.Commands.&lt;init&gt;(Commands.java:5)
	at io.michaelcane.Calculator.&lt;init&gt;(Calculator.java:6)
	at io.michaelcane.Commands.&lt;init&gt;(Commands.java:5)
	at io.michaelcane.Calculator.&lt;init&gt;(Calculator.java:6)
	at io.michaelcane.Commands.&lt;init&gt;(Commands.java:5)
	at io.michaelcane.Calculator.&lt;init&gt;(Calculator.java:6)
	at io.michaelcane.Commands.&lt;init&gt;(Commands.java:5)
	at io.michaelcane.Calculator.&lt;init&gt;(Calculator.java:6)
	at io.michaelcane.Commands.&lt;init&gt;(Commands.java:5)
	at io.michaelcane.Calculator.&lt;init&gt;(Calculator.java:6)
	at io.michaelcane.Commands.&lt;init&gt;(Commands.java:5)
	at io.michaelcane.Calculator.&lt;init&gt;(Calculator.java:6)
	at io.michaelcane.Commands.&lt;init&gt;(Commands.java:5)
	at io.michaelcane.Calculator.&lt;init&gt;(Calculator.java:6)
	at io.michaelcane.Commands.&lt;init&gt;(Commands.java:5)
	at io.michaelcane.Calculator.&lt;init&gt;(Calculator.java:6)
	at io.michaelcane.Commands.&lt;init&gt;(Commands.java:5)
	at io.michaelcane.Calculator.&lt;init&gt;(Calculator.java:6)
	at io.michaelcane.Commands.&lt;init&gt;(Commands.java:5)
	at io.michaelcane.Calculator.&lt;init&gt;(Calculator.java:6)
	at io.michaelcane.Commands.&lt;init&gt;(Commands.java:5)
	at io.michaelcane.Calculator.&lt;init&gt;(Calculator.java:6)
	at io.michaelcane.Commands.&lt;init&gt;(Commands.java:5)
	at io.michaelcane.Calculator.&lt;init&gt;(Calculator.java:6)
	at io.michaelcane.Commands.&lt;init&gt;(Commands.java:5)
	at io.michaelcane.Calculator.&lt;init&gt;(Calculator.java:6)
	at io.michaelcane.Commands.&lt;init&gt;(Commands.java:5)
	at io.michaelcane.Calculator.&lt;init&gt;(Calculator.java:6)
	at io.michaelcane.Commands.&lt;init&gt;(Commands.java:5)
	at io.michaelcane.Calculator.&lt;init&gt;(Calculator.java:6)
	at io.michaelcane.Commands.&lt;init&gt;(Commands.java:5)
	at io.michaelcane.Calculator.&lt;init&gt;(Calculator.java:6)
	at io.michaelcane.Commands.&lt;init&gt;(Commands.java:5)
	at io.michaelcane.Calculator.&lt;init&gt;(Calculator.java:6)
	at io.michaelcane.Commands.&lt;init&gt;(Commands.java:5)
	at io.michaelcane.Calculator.&lt;init&gt;(Calculator.java:6)
	at io.michaelcane.Commands.&lt;init&gt;(Commands.java:5)
	at io.michaelcane.Calculator.&lt;init&gt;(Calculator.java:6)
	at io.michaelcane.Commands.&lt;init&gt;(Commands.java:5)
	at io.michaelcane.Calculator.&lt;init&gt;(Calculator.java:6)
	at io.michaelcane.Commands.&lt;init&gt;(Commands.java:5)
	at io.michaelcane.Calculator.&lt;init&gt;(Calculator.java:6)
	at io.michaelcane.Commands.&lt;init&gt;(Commands.java:5)
	at io.michaelcane.Calculator.&lt;init&gt;(Calculator.java:6)
	at io.michaelcane.Commands.&lt;init&gt;(Commands.java:5)
	at io.michaelcane.Calculator.&lt;init&gt;(Calculator.java:6)
	at io.michaelcane.Commands.&lt;init&gt;(Commands.java:5)
	at io.michaelcane.Calculator.&lt;init&gt;(Calculator.java:6)
	at io.michaelcane.Commands.&lt;init&gt;(Commands.java:5)
	at io.michaelcane.Calculator.&lt;init&gt;(Calculator.java:6)
	at io.michaelcane.Commands.&lt;init&gt;(Commands.java:5)
	at io.michaelcane.Calculator.&lt;init&gt;(Calculator.java:6)
	at io.michaelcane.Commands.&lt;init&gt;(Commands.java:5)
	at io.michaelcane.Calculator.&lt;init&gt;(Calculator.java:6)
	at io.michaelcane.Commands.&lt;init&gt;(Commands.java:5)
	at io.michaelcane.Calculator.&lt;init&gt;(Calculator.java:6)
	at io.michaelcane.Commands.&lt;init&gt;(Commands.java:5)
	at io.michaelcane.Calculator.&lt;init&gt;(Calculator.java:6)
	at io.michaelcane.Commands.&lt;init&gt;(Commands.java:5)
	at io.michaelcane.Calculator.&lt;init&gt;(Calculator.java:6)
	at io.michaelcane.Commands.&lt;init&gt;(Commands.java:5)
	at io.michaelcane.Calculator.&lt;init&gt;(Calculator.java:6)
	at io.michaelcane.Commands.&lt;init&gt;(Commands.java:5)
	at io.michaelcane.Calculator.&lt;init&gt;(Calculator.java:6)
	at io.michaelcane.Commands.&lt;init&gt;(Commands.java:5)
	at io.michaelcane.Calculator.&lt;init&gt;(Calculator.java:6)
	at io.michaelcane.Commands.&lt;init&gt;(Commands.java:5)
	at io.michaelcane.Calculator.&lt;init&gt;(Calculator.java:6)
	at io.michaelcane.Commands.&lt;init&gt;(Commands.java:5)
	at io.michaelcane.Calculator.&lt;init&gt;(Calculator.java:6)
	at io.michaelcane.Commands.&lt;init&gt;(Commands.java:5)
	at io.michaelcane.Calculator.&lt;init&gt;(Calculator.java:6)
	at io.michaelcane.Commands.&lt;init&gt;(Commands.java:5)
	at io.michaelcane.Calculator.&lt;init&gt;(Calculator.java:6)
	at io.michaelcane.Commands.&lt;init&gt;(Commands.java:5)
	at io.michaelcane.Calculator.&lt;init&gt;(Calculator.java:6)
	at io.michaelcane.Commands.&lt;init&gt;(Commands.java:5)
	at io.michaelcane.Calculator.&lt;init&gt;(Calculator.java:6)
	at io.michaelcane.Commands.&lt;init&gt;(Commands.java:5)
	at io.michaelcane.Calculator.&lt;init&gt;(Calculator.java:6)
	at io.michaelcane.Commands.&lt;init&gt;(Commands.java:5)
	at io.michaelcane.Calculator.&lt;init&gt;(Calculator.java:6)
	at io.michaelcane.Commands.&lt;init&gt;(Commands.java:5)
	at io.michaelcane.Calculator.&lt;init&gt;(Calculator.java:6)
	at io.michaelcane.Commands.&lt;init&gt;(Commands.java:5)
	at io.michaelcane.Calculator.&lt;init&gt;(Calculator.java:6)
	at io.michaelcane.Commands.&lt;init&gt;(Commands.java:5)
	at io.michaelcane.Calculator.&lt;init&gt;(Calculator.java:6)
	at io.michaelcane.Commands.&lt;init&gt;(Commands.java:5)
	at io.michaelcane.Calculator.&lt;init&gt;(Calculator.java:6)
	at io.michaelcane.Commands.&lt;init&gt;(Commands.java:5)
	at io.michaelcane.Calculator.&lt;init&gt;(Calculator.java:6)
	at io.michaelcane.Commands.&lt;init&gt;(Commands.java:5)
	at io.michaelcane.Calculator.&lt;init&gt;(Calculator.java:6)
	at io.michaelcane.Commands.&lt;init&gt;(Commands.java:5)
	at io.michaelcane.Calculator.&lt;init&gt;(Calculator.java:6)
	at io.michaelcane.Commands.&lt;init&gt;(Commands.java:5)
	at io.michaelcane.Calculator.&lt;init&gt;(Calculator.java:6)
	at io.michaelcane.Commands.&lt;init&gt;(Commands.java:5)
	at io.michaelcane.Calculator.&lt;init&gt;(Calculator.java:6)
	at io.michaelcane.Commands.&lt;init&gt;(Commands.java:5)
	at io.michaelcane.Calculator.&lt;init&gt;(Calculator.java:6)
	at io.michaelcane.Commands.&lt;init&gt;(Commands.java:5)
	at io.michaelcane.Calculator.&lt;init&gt;(Calculator.java:6)
	at io.michaelcane.Commands.&lt;init&gt;(Commands.java:5)
	at io.michaelcane.Calculator.&lt;init&gt;(Calculator.java:6)
	at io.michaelcane.Commands.&lt;init&gt;(Commands.java:5)
	at io.michaelcane.Calculator.&lt;init&gt;(Calculator.java:6)
	at io.michaelcane.Commands.&lt;init&gt;(Commands.java:5)
	at io.michaelcane.Calculator.&lt;init&gt;(Calculator.java:6)
	at io.michaelcane.Commands.&lt;init&gt;(Commands.java:5)
	at io.michaelcane.Calculator.&lt;init&gt;(Calculator.java:6)
	at io.michaelcane.Commands.&lt;init&gt;(Commands.java:5)
	at io.michaelcane.Calculator.&lt;init&gt;(Calculator.java:6)
	at io.michaelcane.Commands.&lt;init&gt;(Commands.java:5)
	at io.michaelcane.Calculator.&lt;init&gt;(Calculator.java:6)
	at io.michaelcane.Commands.&lt;init&gt;(Commands.java:5)
	at io.michaelcane.Calculator.&lt;init&gt;(Calculator.java:6)
	at io.michaelcane.Commands.&lt;init&gt;(Commands.java:5)
	at io.michaelcane.Calculator.&lt;init&gt;(Calculator.java:6)
	at io.michaelcane.Commands.&lt;init&gt;(Commands.java:5)
	at io.michaelcane.Calculator.&lt;init&gt;(Calculator.java:6)
	at io.michaelcane.Commands.&lt;init&gt;(Commands.java:5)
	at io.michaelcane.Calculator.&lt;init&gt;(Calculator.java:6)
	at io.michaelcane.Commands.&lt;init&gt;(Commands.java:5)
	at io.michaelcane.Calculator.&lt;init&gt;(Calculator.java:6)
	at io.michaelcane.Commands.&lt;init&gt;(Commands.java:5)
	at io.michaelcane.Calculator.&lt;init&gt;(Calculator.java:6)
	at io.michaelcane.Commands.&lt;init&gt;(Commands.java:5)
	at io.michaelcane.Calculator.&lt;init&gt;(Calculator.java:6)
	at io.michaelcane.Commands.&lt;init&gt;(Commands.java:5)
	at io.michaelcane.Calculator.&lt;init&gt;(Calculator.java:6)
	at io.michaelcane.Commands.&lt;init&gt;(Commands.java:5)
	at io.michaelcane.Calculator.&lt;init&gt;(Calculator.java:6)
	at io.michaelcane.Commands.&lt;init&gt;(Commands.java:5)
	at io.michaelcane.Calculator.&lt;init&gt;(Calculator.java:6)
	at io.michaelcane.Commands.&lt;init&gt;(Commands.java:5)
	at io.michaelcane.Calculator.&lt;init&gt;(Calculator.java:6)
	at io.michaelcane.Commands.&lt;init&gt;(Commands.java:5)
	at io.michaelcane.Calculator.&lt;init&gt;(Calculator.java:6)
	at io.michaelcane.Commands.&lt;init&gt;(Commands.java:5)
	at io.michaelcane.Calculator.&lt;init&gt;(Calculator.java:6)
	at io.michaelcane.Commands.&lt;init&gt;(Commands.java:5)
	at io.michaelcane.Calculator.&lt;init&gt;(Calculator.java:6)
	at io.michaelcane.Commands.&lt;init&gt;(Commands.java:5)
	at io.michaelcane.Calculator.&lt;init&gt;(Calculator.java:6)
	at io.michaelcane.Commands.&lt;init&gt;(Commands.java:5)
	at io.michaelcane.Calculator.&lt;init&gt;(Calculator.java:6)
	at io.michaelcane.Commands.&lt;init&gt;(Commands.java:5)
	at io.michaelcane.Calculator.&lt;init&gt;(Calculator.java:6)
	at io.michaelcane.Commands.&lt;init&gt;(Commands.java:5)
	at io.michaelcane.Calculator.&lt;init&gt;(Calculator.java:6)
	at io.michaelcane.Commands.&lt;init&gt;(Commands.java:5)
	at io.michaelcane.Calculator.&lt;init&gt;(Calculator.java:6)
	at io.michaelcane.Commands.&lt;init&gt;(Commands.java:5)
	at io.michaelcane.Calculator.&lt;init&gt;(Calculator.java:6)
	at io.michaelcane.Commands.&lt;init&gt;(Commands.java:5)
	at io.michaelcane.Calculator.&lt;init&gt;(Calculator.java:6)
	at io.michaelcane.Commands.&lt;init&gt;(Commands.java:5)
	at io.michaelcane.Calculator.&lt;init&gt;(Calculator.java:6)
	at io.michaelcane.Commands.&lt;init&gt;(Commands.java:5)
	at io.michaelcane.Calculator.&lt;init&gt;(Calculator.java:6)
	at io.michaelcane.Commands.&lt;init&gt;(Commands.java:5)
	at io.michaelcane.Calculator.&lt;init&gt;(Calculator.java:6)
	at io.michaelcane.Commands.&lt;init&gt;(Commands.java:5)
	at io.michaelcane.Calculator.&lt;init&gt;(Calculator.java:6)
	at io.michaelcane.Commands.&lt;init&gt;(Commands.java:5)
	at io.michaelcane.Calculator.&lt;init&gt;(Calculator.java:6)
	at io.michaelcane.Commands.&lt;init&gt;(Commands.java:5)
	at io.michaelcane.Calculator.&lt;init&gt;(Calculator.java:6)
	at io.michaelcane.Commands.&lt;init&gt;(Commands.java:5)
	at io.michaelcane.Calculator.&lt;init&gt;(Calculator.java:6)
	at io.michaelcane.Commands.&lt;init&gt;(Commands.java:5)
	at io.michaelcane.Calculator.&lt;init&gt;(Calculator.java:6)
	at io.michaelcane.Commands.&lt;init&gt;(Commands.java:5)
	at io.michaelcane.Calculator.&lt;init&gt;(Calculator.java:6)
	at io.michaelcane.Commands.&lt;init&gt;(Commands.java:5)
	at io.michaelcane.Calculator.&lt;init&gt;(Calculator.java:6)
	at io.michaelcane.Commands.&lt;init&gt;(Commands.java:5)
	at io.michaelcane.Calculator.&lt;init&gt;(Calculator.java:6)
	at io.michaelcane.Commands.&lt;init&gt;(Commands.java:5)
	at io.michaelcane.Calculator.&lt;init&gt;(Calculator.java:6)
	at io.michaelcane.Commands.&lt;init&gt;(Commands.java:5)
	at io.michaelcane.Calculator.&lt;init&gt;(Calculator.java:6)
	at io.michaelcane.Commands.&lt;init&gt;(Commands.java:5)
	at io.michaelcane.Calculator.&lt;init&gt;(Calculator.java:6)
	at io.michaelcane.Commands.&lt;init&gt;(Commands.java:5)
	at io.michaelcane.Calculator.&lt;init&gt;(Calculator.java:6)
	at io.michaelcane.Commands.&lt;init&gt;(Commands.java:5)
	at io.michaelcane.Calculator.&lt;init&gt;(Calculator.java:6)
	at io.michaelcane.Commands.&lt;init&gt;(Commands.java:5)
	at io.michaelcane.Calculator.&lt;init&gt;(Calculator.java:6)
	at io.michaelcane.Commands.&lt;init&gt;(Commands.java:5)
	at io.michaelcane.Calculator.&lt;init&gt;(Calculator.java:6)
	at io.michaelcane.Commands.&lt;init&gt;(Commands.java:5)
	at io.michaelcane.Calculator.&lt;init&gt;(Calculator.java:6)
	at io.michaelcane.Commands.&lt;init&gt;(Commands.java:5)
	at io.michaelcane.Calculator.&lt;init&gt;(Calculator.java:6)
	at io.michaelcane.Commands.&lt;init&gt;(Commands.java:5)
	at io.michaelcane.Calculator.&lt;init&gt;(Calculator.java:6)
	at io.michaelcane.Commands.&lt;init&gt;(Commands.java:5)
	at io.michaelcane.Calculator.&lt;init&gt;(Calculator.java:6)
	at io.michaelcane.Commands.&lt;init&gt;(Commands.java:5)
	at io.michaelcane.Calculator.&lt;init&gt;(Calculator.java:6)
	at io.michaelcane.Commands.&lt;init&gt;(Commands.java:5)
	at io.michaelcane.Calculator.&lt;init&gt;(Calculator.java:6)
	at io.michaelcane.Commands.&lt;init&gt;(Commands.java:5)
	at io.michaelcane.Calculator.&lt;init&gt;(Calculator.java:6)
	at io.michaelcane.Commands.&lt;init&gt;(Commands.java:5)
	at io.michaelcane.Calculator.&lt;init&gt;(Calculator.java:6)
	at io.michaelcane.Commands.&lt;init&gt;(Commands.java:5)
	at io.michaelcane.Calculator.&lt;init&gt;(Calculator.java:6)
	at io.michaelcane.Commands.&lt;init&gt;(Commands.java:5)
	at io.michaelcane.Calculator.&lt;init&gt;(Calculator.java:6)
	at io.michaelcane.Commands.&lt;init&gt;(Commands.java:5)
	at io.michaelcane.Calculator.&lt;init&gt;(Calculator.java:6)
	at io.michaelcane.Commands.&lt;init&gt;(Commands.java:5)
	at io.michaelcane.Calculator.&lt;init&gt;(Calculator.java:6)
	at io.michaelcane.Commands.&lt;init&gt;(Commands.java:5)
	at io.michaelcane.Calculator.&lt;init&gt;(Calculator.java:6)
	at io.michaelcane.Commands.&lt;init&gt;(Commands.java:5)
	at io.michaelcane.Calculator.&lt;init&gt;(Calculator.java:6)
	at io.michaelcane.Commands.&lt;init&gt;(Commands.java:5)
	at io.michaelcane.Calculator.&lt;init&gt;(Calculator.java:6)
	at io.michaelcane.Commands.&lt;init&gt;(Commands.java:5)
	at io.michaelcane.Calculator.&lt;init&gt;(Calculator.java:6)
	at io.michaelcane.Commands.&lt;init&gt;(Commands.java:5)
	at io.michaelcane.Calculator.&lt;init&gt;(Calculator.java:6)
	at io.michaelcane.Commands.&lt;init&gt;(Commands.java:5)
	at io.michaelcane.Calculator.&lt;init&gt;(Calculator.java:6)
	at io.michaelcane.Commands.&lt;init&gt;(Commands.java:5)
	at io.michaelcane.Calculator.&lt;init&gt;(Calculator.java:6)
	at io.michaelcane.Commands.&lt;init&gt;(Commands.java:5)
	at io.michaelcane.Calculator.&lt;init&gt;(Calculator.java:6)
	at io.michaelcane.Commands.&lt;init&gt;(Commands.java:5)
	at io.michaelcane.Calculator.&lt;init&gt;(Calculator.java:6)
	at io.michaelcane.Commands.&lt;init&gt;(Commands.java:5)
	at io.michaelcane.Calculator.&lt;init&gt;(Calculator.java:6)
	at io.michaelcane.Commands.&lt;init&gt;(Commands.java:5)
	at io.michaelcane.Calculator.&lt;init&gt;(Calculator.java:6)
	at io.michaelcane.Commands.&lt;init&gt;(Commands.java:5)
	at io.michaelcane.Calculator.&lt;init&gt;(Calculator.java:6)
	at io.michaelcane.Commands.&lt;init&gt;(Commands.java:5)
	at io.michaelcane.Calculator.&lt;init&gt;(Calculator.java:6)
	at io.michaelcane.Commands.&lt;init&gt;(Commands.java:5)
	at io.michaelcane.Calculator.&lt;init&gt;(Calculator.java:6)
	at io.michaelcane.Commands.&lt;init&gt;(Commands.java:5)
	at io.michaelcane.Calculator.&lt;init&gt;(Calculator.java:6)
	at io.michaelcane.Commands.&lt;init&gt;(Commands.java:5)
	at io.michaelcane.Calculator.&lt;init&gt;(Calculator.java:6)
	at io.michaelcane.Commands.&lt;init&gt;(Commands.java:5)
	at io.michaelcane.Calculator.&lt;init&gt;(Calculator.java:6)
	at io.michaelcane.Commands.&lt;init&gt;(Commands.java:5)
	at io.michaelcane.Calculator.&lt;init&gt;(Calculator.java:6)
	at io.michaelcane.Commands.&lt;init&gt;(Commands.java:5)
	at io.michaelcane.Calculator.&lt;init&gt;(Calculator.java:6)
	at io.michaelcane.Commands.&lt;init&gt;(Commands.java:5)
	at io.michaelcane.Calculator.&lt;init&gt;(Calculator.java:6)
	at io.michaelcane.Commands.&lt;init&gt;(Commands.java:5)
	at io.michaelcane.Calculator.&lt;init&gt;(Calculator.java:6)
	at io.michaelcane.Commands.&lt;init&gt;(Commands.java:5)
	at io.michaelcane.Calculator.&lt;init&gt;(Calculator.java:6)
	at io.michaelcane.Commands.&lt;init&gt;(Commands.java:5)
	at io.michaelcane.Calculator.&lt;init&gt;(Calculator.java:6)
	at io.michaelcane.Commands.&lt;init&gt;(Commands.java:5)
	at io.michaelcane.Calculator.&lt;init&gt;(Calculator.java:6)
	at io.michaelcane.Commands.&lt;init&gt;(Commands.java:5)
	at io.michaelcane.Calculator.&lt;init&gt;(Calculator.java:6)
	at io.michaelcane.Commands.&lt;init&gt;(Commands.java:5)
	at io.michaelcane.Calculator.&lt;init&gt;(Calculator.java:6)
	at io.michaelcane.Commands.&lt;init&gt;(Commands.java:5)
	at io.michaelcane.Calculator.&lt;init&gt;(Calculator.java:6)
	at io.michaelcane.Commands.&lt;init&gt;(Commands.java:5)
	at io.michaelcane.Calculator.&lt;init&gt;(Calculator.java:6)
	at io.michaelcane.Commands.&lt;init&gt;(Commands.java:5)
	at io.michaelcane.Calculator.&lt;init&gt;(Calculator.java:6)
	at io.michaelcane.Commands.&lt;init&gt;(Commands.java:5)
	at io.michaelcane.Calculator.&lt;init&gt;(Calculator.java:6)
	at io.michaelcane.Commands.&lt;init&gt;(Commands.java:5)
	at io.michaelcane.Calculator.&lt;init&gt;(Calculator.java:6)
	at io.michaelcane.Commands.&lt;init&gt;(Commands.java:5)
	at io.michaelcane.Calculator.&lt;init&gt;(Calculator.java:6)
	at io.michaelcane.Commands.&lt;init&gt;(Commands.java:5)
	at io.michaelcane.Calculator.&lt;init&gt;(Calculator.java:6)
	at io.michaelcane.Commands.&lt;init&gt;(Commands.java:5)
	at io.michaelcane.Calculator.&lt;init&gt;(Calculator.java:6)
	at io.michaelcane.Commands.&lt;init&gt;(Commands.java:5)
	at io.michaelcane.Calculator.&lt;init&gt;(Calculator.java:6)
	at io.michaelcane.Commands.&lt;init&gt;(Commands.java:5)
	at io.michaelcane.Calculator.&lt;init&gt;(Calculator.java:6)
	at io.michaelcane.Commands.&lt;init&gt;(Commands.java:5)
	at io.michaelcane.Calculator.&lt;init&gt;(Calculator.java:6)
	at io.michaelcane.Commands.&lt;init&gt;(Commands.java:5)
	at io.michaelcane.Calculator.&lt;init&gt;(Calculator.java:6)
	at io.michaelcane.Commands.&lt;init&gt;(Commands.java:5)
	at io.michaelcane.Calculator.&lt;init&gt;(Calculator.java:6)
	at io.michaelcane.Commands.&lt;init&gt;(Commands.java:5)
	at io.michaelcane.Calculator.&lt;init&gt;(Calculator.java:6)
	at io.michaelcane.Commands.&lt;init&gt;(Commands.java:5)
	at io.michaelcane.Calculator.&lt;init&gt;(Calculator.java:6)
	at io.michaelcane.Commands.&lt;init&gt;(Commands.java:5)
	at io.michaelcane.Calculator.&lt;init&gt;(Calculator.java:6)
	at io.michaelcane.Commands.&lt;init&gt;(Commands.java:5)
	at io.michaelcane.Calculator.&lt;init&gt;(Calculator.java:6)
	at io.michaelcane.Commands.&lt;init&gt;(Commands.java:5)
	at io.michaelcane.Calculator.&lt;init&gt;(Calculator.java:6)
	at io.michaelcane.Commands.&lt;init&gt;(Commands.java:5)
	at io.michaelcane.Calculator.&lt;init&gt;(Calculator.java:6)
	at io.michaelcane.Commands.&lt;init&gt;(Commands.java:5)
	at io.michaelcane.Calculator.&lt;init&gt;(Calculator.java:6)
	at io.michaelcane.Commands.&lt;init&gt;(Commands.java:5)
	at io.michaelcane.Calculator.&lt;init&gt;(Calculator.java:6)
	at io.michaelcane.Commands.&lt;init&gt;(Commands.java:5)
	at io.michaelcane.Calculator.&lt;init&gt;(Calculator.java:6)
	at io.michaelcane.Commands.&lt;init&gt;(Commands.java:5)
	at io.michaelcane.Calculator.&lt;init&gt;(Calculator.java:6)
	at io.michaelcane.Commands.&lt;init&gt;(Commands.java:5)
	at io.michaelcane.Calculator.&lt;init&gt;(Calculator.java:6)
	at io.michaelcane.Commands.&lt;init&gt;(Commands.java:5)
	at io.michaelcane.Calculator.&lt;init&gt;(Calculator.java:6)
	at io.michaelcane.Commands.&lt;init&gt;(Commands.java:5)
	at io.michaelcane.Calculator.&lt;init&gt;(Calculator.java:6)
	at io.michaelcane.Commands.&lt;init&gt;(Commands.java:5)
	at io.michaelcane.Calculator.&lt;init&gt;(Calculator.java:6)
	at io.michaelcane.Commands.&lt;init&gt;(Commands.java:5)
	at io.michaelcane.Calculator.&lt;init&gt;(Calculator.java:6)
	at io.michaelcane.Commands.&lt;init&gt;(Commands.java:5)
	at io.michaelcane.Calculator.&lt;init&gt;(Calculator.java:6)
	at io.michaelcane.Commands.&lt;init&gt;(Commands.java:5)
	at io.michaelcane.Calculator.&lt;init&gt;(Calculator.java:6)
	at io.michaelcane.Commands.&lt;init&gt;(Commands.java:5)
	at io.michaelcane.Calculator.&lt;init&gt;(Calculator.java:6)
	at io.michaelcane.Commands.&lt;init&gt;(Commands.java:5)
	at io.michaelcane.Calculator.&lt;init&gt;(Calculator.java:6)
	at io.michaelcane.Commands.&lt;init&gt;(Commands.java:5)
	at io.michaelcane.Calculator.&lt;init&gt;(Calculator.java:6)
	at io.michaelcane.Commands.&lt;init&gt;(Commands.java:5)
	at io.michaelcane.Calculator.&lt;init&gt;(Calculator.java:6)
	at io.michaelcane.Commands.&lt;init&gt;(Commands.java:5)
	at io.michaelcane.Calculator.&lt;init&gt;(Calculator.java:6)
	at io.michaelcane.Commands.&lt;init&gt;(Commands.java:5)
	at io.michaelcane.Calculator.&lt;init&gt;(Calculator.java:6)
	at io.michaelcane.Commands.&lt;init&gt;(Commands.java:5)
	at io.michaelcane.Calculator.&lt;init&gt;(Calculator.java:6)
	at io.michaelcane.Commands.&lt;init&gt;(Commands.java:5)
	at io.michaelcane.Calculator.&lt;init&gt;(Calculator.java:6)
	at io.michaelcane.Commands.&lt;init&gt;(Commands.java:5)
	at io.michaelcane.Calculator.&lt;init&gt;(Calculator.java:6)
	at io.michaelcane.Commands.&lt;init&gt;(Commands.java:5)
	at io.michaelcane.Calculator.&lt;init&gt;(Calculator.java:6)
	at io.michaelcane.Commands.&lt;init&gt;(Commands.java:5)
	at io.michaelcane.Calculator.&lt;init&gt;(Calculator.java:6)
	at io.michaelcane.Commands.&lt;init&gt;(Commands.java:5)
	at io.michaelcane.Calculator.&lt;init&gt;(Calculator.java:6)
	at io.michaelcane.Commands.&lt;init&gt;(Commands.java:5)
	at io.michaelcane.Calculator.&lt;init&gt;(Calculator.java:6)
	at io.michaelcane.Commands.&lt;init&gt;(Commands.java:5)
	at io.michaelcane.Calculator.&lt;init&gt;(Calculator.java:6)
	at io.michaelcane.Commands.&lt;init&gt;(Commands.java:5)
	at io.michaelcane.Calculator.&lt;init&gt;(Calculator.java:6)
	at io.michaelcane.Commands.&lt;init&gt;(Commands.java:5)
	at io.michaelcane.Calculator.&lt;init&gt;(Calculator.java:6)
	at io.michaelcane.Commands.&lt;init&gt;(Commands.java:5)
	at io.michaelcane.Calculator.&lt;init&gt;(Calculator.java:6)
	at io.michaelcane.Commands.&lt;init&gt;(Commands.java:5)
	at io.michaelcane.Calculator.&lt;init&gt;(Calculator.java:6)
	at io.michaelcane.Commands.&lt;init&gt;(Commands.java:5)
	at io.michaelcane.Calculator.&lt;init&gt;(Calculator.java:6)
	at io.michaelcane.Commands.&lt;init&gt;(Commands.java:5)
	at io.michaelcane.Calculator.&lt;init&gt;(Calculator.java:6)
	at io.michaelcane.Commands.&lt;init&gt;(Commands.java:5)
	at io.michaelcane.Calculator.&lt;init&gt;(Calculator.java:6)
	at io.michaelcane.Commands.&lt;init&gt;(Commands.java:5)
	at io.michaelcane.Calculator.&lt;init&gt;(Calculator.java:6)
	at io.michaelcane.Commands.&lt;init&gt;(Commands.java:5)
	at io.michaelcane.Calculator.&lt;init&gt;(Calculator.java:6)
	at io.michaelcane.Commands.&lt;init&gt;(Commands.java:5)
	at io.michaelcane.Calculator.&lt;init&gt;(Calculator.java:6)
	at io.michaelcane.Commands.&lt;init&gt;(Commands.java:5)
	at io.michaelcane.Calculator.&lt;init&gt;(Calculator.java:6)
	at io.michaelcane.Commands.&lt;init&gt;(Commands.java:5)
	at io.michaelcane.Calculator.&lt;init&gt;(Calculator.java:6)
	at io.michaelcane.Commands.&lt;init&gt;(Commands.java:5)
	at io.michaelcane.Calculator.&lt;init&gt;(Calculator.java:6)
	at io.michaelcane.Commands.&lt;init&gt;(Commands.java:5)
	at io.michaelcane.Calculator.&lt;init&gt;(Calculator.java:6)
	at io.michaelcane.Commands.&lt;init&gt;(Commands.java:5)
	at io.michaelcane.Calculator.&lt;init&gt;(Calculator.java:6)
	at io.michaelcane.Commands.&lt;init&gt;(Commands.java:5)
	at io.michaelcane.Calculator.&lt;init&gt;(Calculator.java:6)
	at io.michaelcane.Commands.&lt;init&gt;(Commands.java:5)
	at io.michaelcane.Calculator.&lt;init&gt;(Calculator.java:6)
	at io.michaelcane.Commands.&lt;init&gt;(Commands.java:5)
	at io.michaelcane.Calculator.&lt;init&gt;(Calculator.java:6)
	at io.michaelcane.Commands.&lt;init&gt;(Commands.java:5)
	at io.michaelcane.Calculator.&lt;init&gt;(Calculator.java:6)
	at io.michaelcane.Commands.&lt;init&gt;(Commands.java:5)
	at io.michaelcane.Calculator.&lt;init&gt;(Calculator.java:6)
	at io.michaelcane.Commands.&lt;init&gt;(Commands.java:5)
	at io.michaelcane.Calculator.&lt;init&gt;(Calculator.java:6)
	at io.michaelcane.Commands.&lt;init&gt;(Commands.java:5)
	at io.michaelcane.Calculator.&lt;init&gt;(Calculator.java:6)
	at io.michaelcane.Commands.&lt;init&gt;(Commands.java:5)
	at io.michaelcane.Calculator.&lt;init&gt;(Calculator.java:6)
	at io.michaelcane.Commands.&lt;init&gt;(Commands.java:5)
	at io.michaelcane.Calculator.&lt;init&gt;(Calculator.java:6)
	at io.michaelcane.Commands.&lt;init&gt;(Commands.java:5)
	at io.michaelcane.Calculator.&lt;init&gt;(Calculator.java:6)
	at io.michaelcane.Commands.&lt;init&gt;(Commands.java:5)
	at io.michaelcane.Calculator.&lt;init&gt;(Calculator.java:6)
	at io.michaelcane.Commands.&lt;init&gt;(Commands.java:5)
	at io.michaelcane.Calculator.&lt;init&gt;(Calculator.java:6)
	at io.michaelcane.Commands.&lt;init&gt;(Commands.java:5)
	at io.michaelcane.Calculator.&lt;init&gt;(Calculator.java:6)
	at io.michaelcane.Commands.&lt;init&gt;(Commands.java:5)
	at io.michaelcane.Calculator.&lt;init&gt;(Calculator.java:6)
	at io.michaelcane.Commands.&lt;init&gt;(Commands.java:5)
	at io.michaelcane.Calculator.&lt;init&gt;(Calculator.java:6)
	at io.michaelcane.Commands.&lt;init&gt;(Commands.java:5)
	at io.michaelcane.Calculator.&lt;init&gt;(Calculator.java:6)
	at io.michaelcane.Commands.&lt;init&gt;(Commands.java:5)
	at io.michaelcane.Calculator.&lt;init&gt;(Calculator.java:6)
	at io.michaelcane.Commands.&lt;init&gt;(Commands.java:5)
	at io.michaelcane.Calculator.&lt;init&gt;(Calculator.java:6)
	at io.michaelcane.Commands.&lt;init&gt;(Commands.java:5)
	at io.michaelcane.Calculator.&lt;init&gt;(Calculator.java:6)
	at io.michaelcane.Commands.&lt;init&gt;(Commands.java:5)
	at io.michaelcane.Calculator.&lt;init&gt;(Calculator.java:6)
	at io.michaelcane.Commands.&lt;init&gt;(Commands.java:5)
	at io.michaelcane.Calculator.&lt;init&gt;(Calculator.java:6)
	at io.michaelcane.Commands.&lt;init&gt;(Commands.java:5)
	at io.michaelcane.Calculator.&lt;init&gt;(Calculator.java:6)
	at io.michaelcane.Commands.&lt;init&gt;(Commands.java:5)
	at io.michaelcane.Calculator.&lt;init&gt;(Calculator.java:6)
	at io.michaelcane.Commands.&lt;init&gt;(Commands.java:5)
	at io.michaelcane.Calculator.&lt;init&gt;(Calculator.java:6)
	at io.michaelcane.Commands.&lt;init&gt;(Commands.java:5)
	at io.michaelcane.Calculator.&lt;init&gt;(Calculator.java:6)
	at io.michaelcane.Commands.&lt;init&gt;(Commands.java:5)
	at io.michaelcane.Calculator.&lt;init&gt;(Calculator.java:6)
	at io.michaelcane.Commands.&lt;init&gt;(Commands.java:5)
	at io.michaelcane.Calculator.&lt;init&gt;(Calculator.java:6)
	at io.michaelcane.Commands.&lt;init&gt;(Commands.java:5)
	at io.michaelcane.Calculator.&lt;init&gt;(Calculator.java:6)
	at io.michaelcane.Commands.&lt;init&gt;(Commands.java:5)
	at io.michaelcane.Calculator.&lt;init&gt;(Calculator.java:6)
	at io.michaelcane.Commands.&lt;init&gt;(Commands.java:5)
	at io.michaelcane.Calculator.&lt;init&gt;(Calculator.java:6)
	at io.michaelcane.Commands.&lt;init&gt;(Commands.java:5)
	at io.michaelcane.Calculator.&lt;init&gt;(Calculator.java:6)
	at io.michaelcane.Commands.&lt;init&gt;(Commands.java:5)
	at io.michaelcane.Calculator.&lt;init&gt;(Calculator.java:6)
	at io.michaelcane.Commands.&lt;init&gt;(Commands.java:5)
	at io.michaelcane.Calculator.&lt;init&gt;(Calculator.java:6)
	at io.michaelcane.Commands.&lt;init&gt;(Commands.java:5)
	at io.michaelcane.Calculator.&lt;init&gt;(Calculator.java:6)
	at io.michaelcane.Commands.&lt;init&gt;(Commands.java:5)
	at io.michaelcane.Calculator.&lt;init&gt;(Calculator.java:6)
	at io.michaelcane.Commands.&lt;init&gt;(Commands.java:5)
	at io.michaelcane.Calculator.&lt;init&gt;(Calculator.java:6)
	at io.michaelcane.Commands.&lt;init&gt;(Commands.java:5)
	at io.michaelcane.Calculator.&lt;init&gt;(Calculator.java:6)
	at io.michaelcane.Commands.&lt;init&gt;(Commands.java:5)
	at io.michaelcane.Calculator.&lt;init&gt;(Calculator.java:6)
	at io.michaelcane.Commands.&lt;init&gt;(Commands.java:5)
	at io.michaelcane.Calculator.&lt;init&gt;(Calculator.java:6)
	at io.michaelcane.Commands.&lt;init&gt;(Commands.java:5)
	at io.michaelcane.Calculator.&lt;init&gt;(Calculator.java:6)
	at io.michaelcane.Commands.&lt;init&gt;(Commands.java:5)
	at io.michaelcane.Calculator.&lt;init&gt;(Calculator.java:6)
	at io.michaelcane.Commands.&lt;init&gt;(Commands.java:5)
	at io.michaelcane.Calculator.&lt;init&gt;(Calculator.java:6)
	at io.michaelcane.Commands.&lt;init&gt;(Commands.java:5)
	at io.michaelcane.Calculator.&lt;init&gt;(Calculator.java:6)
	at io.michaelcane.Commands.&lt;init&gt;(Commands.java:5)
	at io.michaelcane.Calculator.&lt;init&gt;(Calculator.java:6)
	at io.michaelcane.Commands.&lt;init&gt;(Commands.java:5)
	at io.michaelcane.Calculator.&lt;init&gt;(Calculator.java:6)
	at io.michaelcane.Commands.&lt;init&gt;(Commands.java:5)
	at io.michaelcane.Calculator.&lt;init&gt;(Calculator.java:6)
	at io.michaelcane.Commands.&lt;init&gt;(Commands.java:5)
	at io.michaelcane.Calculator.&lt;init&gt;(Calculator.java:6)
	at io.michaelcane.Commands.&lt;init&gt;(Commands.java:5)
	at io.michaelcane.Calculator.&lt;init&gt;(Calculator.java:6)
	at io.michaelcane.Commands.&lt;init&gt;(Commands.java:5)
	at io.michaelcane.Calculator.&lt;init&gt;(Calculator.java:6)
	at io.michaelcane.Commands.&lt;init&gt;(Commands.java:5)
	at io.michaelcane.Calculator.&lt;init&gt;(Calculator.java:6)
	at io.michaelcane.Commands.&lt;init&gt;(Commands.java:5)
	at io.michaelcane.Calculator.&lt;init&gt;(Calculator.java:6)
	at io.michaelcane.Commands.&lt;init&gt;(Commands.java:5)
	at io.michaelcane.Calculator.&lt;init&gt;(Calculator.java:6)
	at io.michaelcane.Commands.&lt;init&gt;(Commands.java:5)
	at io.michaelcane.Calculator.&lt;init&gt;(Calculator.java:6)
	at io.michaelcane.Commands.&lt;init&gt;(Commands.java:5)
	at io.michaelcane.Calculator.&lt;init&gt;(Calculator.java:6)
	at io.michaelcane.Commands.&lt;init&gt;(Commands.java:5)
	at io.michaelcane.Calculator.&lt;init&gt;(Calculator.java:6)
	at io.michaelcane.Commands.&lt;init&gt;(Commands.java:5)
	at io.michaelcane.Calculator.&lt;init&gt;(Calculator.java:6)
	at io.michaelcane.Commands.&lt;init&gt;(Commands.java:5)
	at io.michaelcane.Calculator.&lt;init&gt;(Calculator.java:6)
	at io.michaelcane.Commands.&lt;init&gt;(Commands.java:5)
	at io.michaelcane.Calculator.&lt;init&gt;(Calculator.java:6)
	at io.michaelcane.Commands.&lt;init&gt;(Commands.java:5)
	at io.michaelcane.Calculator.&lt;init&gt;(Calculator.java:6)
	at io.michaelcane.Commands.&lt;init&gt;(Commands.java:5)
	at io.michaelcane.Calculator.&lt;init&gt;(Calculator.java:6)
	at io.michaelcane.Commands.&lt;init&gt;(Commands.java:5)
	at io.michaelcane.Calculator.&lt;init&gt;(Calculator.java:6)
	at io.michaelcane.Commands.&lt;init&gt;(Commands.java:5)
	at io.michaelcane.Calculator.&lt;init&gt;(Calculator.java:6)
	at io.michaelcane.Commands.&lt;init&gt;(Commands.java:5)
	at io.michaelcane.Calculator.&lt;init&gt;(Calculator.java:6)
	at io.michaelcane.Commands.&lt;init&gt;(Commands.java:5)
	at io.michaelcane.Calculator.&lt;init&gt;(Calculator.java:6)
	at io.michaelcane.Commands.&lt;init&gt;(Commands.java:5)
	at io.michaelcane.Calculator.&lt;init&gt;(Calculator.java:6)
	at io.michaelcane.Commands.&lt;init&gt;(Commands.java:5)
	at io.michaelcane.Calculator.&lt;init&gt;(Calculator.java:6)
	at io.michaelcane.Commands.&lt;init&gt;(Commands.java:5)
	at io.michaelcane.Calculator.&lt;init&gt;(Calculator.java:6)
	at io.michaelcane.Commands.&lt;init&gt;(Commands.java:5)
	at io.michaelcane.Calculator.&lt;init&gt;(Calculator.java:6)
	at io.michaelcane.Commands.&lt;init&gt;(Commands.java:5)
	at io.michaelcane.Calculator.&lt;init&gt;(Calculator.java:6)
	at io.michaelcane.Commands.&lt;init&gt;(Commands.java:5)
	at io.michaelcane.Calculator.&lt;init&gt;(Calculator.java:6)
	at io.michaelcane.Commands.&lt;init&gt;(Commands.java:5)
	at io.michaelcane.Calculator.&lt;init&gt;(Calculator.java:6)
	at io.michaelcane.Commands.&lt;init&gt;(Commands.java:5)
	at io.michaelcane.Calculator.&lt;init&gt;(Calculator.java:6)
	at io.michaelcane.Commands.&lt;init&gt;(Commands.java:5)
	at io.michaelcane.Calculator.&lt;init&gt;(Calculator.java:6)
	at io.michaelcane.Commands.&lt;init&gt;(Commands.java:5)
	at io.michaelcane.Calculator.&lt;init&gt;(Calculator.java:6)
	at io.michaelcane.Commands.&lt;init&gt;(Commands.java:5)
	at io.michaelcane.Calculator.&lt;init&gt;(Calculator.java:6)
	at io.michaelcane.Commands.&lt;init&gt;(Commands.java:5)
	at io.michaelcane.Calculator.&lt;init&gt;(Calculator.java:6)
	at io.michaelcane.Commands.&lt;init&gt;(Commands.java:5)
	at io.michaelcane.Calculator.&lt;init&gt;(Calculator.java:6)
	at io.michaelcane.Commands.&lt;init&gt;(Commands.java:5)
	at io.michaelcane.Calculator.&lt;init&gt;(Calculator.java:6)
	at io.michaelcane.Commands.&lt;init&gt;(Commands.java:5)
	at io.michaelcane.Calculator.&lt;init&gt;(Calculator.java:6)
	at io.michaelcane.Commands.&lt;init&gt;(Commands.java:5)
	at io.michaelcane.Calculator.&lt;init&gt;(Calculator.java:6)
	at io.michaelcane.Commands.&lt;init&gt;(Commands.java:5)
	at io.michaelcane.Calculator.&lt;init&gt;(Calculator.java:6)
	at io.michaelcane.Commands.&lt;init&gt;(Commands.java:5)
	at io.michaelcane.Calculator.&lt;init&gt;(Calculator.java:6)
	at io.michaelcane.Commands.&lt;init&gt;(Commands.java:5)
	at io.michaelcane.Calculator.&lt;init&gt;(Calculator.java:6)
	at io.michaelcane.Commands.&lt;init&gt;(Commands.java:5)
	at io.michaelcane.Calculator.&lt;init&gt;(Calculator.java:6)
	at io.michaelcane.Commands.&lt;init&gt;(Commands.java:5)
	at io.michaelcane.Calculator.&lt;init&gt;(Calculator.java:6)
	at io.michaelcane.Commands.&lt;init&gt;(Commands.java:5)
	at io.michaelcane.Calculator.&lt;init&gt;(Calculator.java:6)
	at io.michaelcane.Commands.&lt;init&gt;(Commands.java:5)
	at io.michaelcane.Calculator.&lt;init&gt;(Calculator.java:6)
	at io.michaelcane.Commands.&lt;init&gt;(Commands.java:5)
	at io.michaelcane.Calculator.&lt;init&gt;(Calculator.java:6)
	at io.michaelcane.Commands.&lt;init&gt;(Commands.java:5)
	at io.michaelcane.Calculator.&lt;init&gt;(Calculator.java:6)
	at io.michaelcane.Commands.&lt;init&gt;(Commands.java:5)
	at io.michaelcane.Calculator.&lt;init&gt;(Calculator.java:6)
	at io.michaelcane.Commands.&lt;init&gt;(Commands.java:5)
	at io.michaelcane.Calculator.&lt;init&gt;(Calculator.java:6)
	at io.michaelcane.Commands.&lt;init&gt;(Commands.java:5)
	at io.michaelcane.Calculator.&lt;init&gt;(Calculator.java:6)
	at io.michaelcane.Commands.&lt;init&gt;(Commands.java:5)
	at io.michaelcane.Calculator.&lt;init&gt;(Calculator.java:6)
	at io.michaelcane.Commands.&lt;init&gt;(Commands.java:5)
	at io.michaelcane.Calculator.&lt;init&gt;(Calculator.java:6)
	at io.michaelcane.Commands.&lt;init&gt;(Commands.java:5)
	at io.michaelcane.Calculator.&lt;init&gt;(Calculator.java:6)
	at io.michaelcane.Commands.&lt;init&gt;(Commands.java:5)
	at io.michaelcane.Calculator.&lt;init&gt;(Calculator.java:6)
	at io.michaelcane.Commands.&lt;init&gt;(Commands.java:5)
	at io.michaelcane.Calculator.&lt;init&gt;(Calculator.java:6)
	at io.michaelcane.Commands.&lt;init&gt;(Commands.java:5)
	at io.michaelcane.Calculator.&lt;init&gt;(Calculator.java:6)
	at io.michaelcane.Commands.&lt;init&gt;(Commands.java:5)
	at io.michaelcane.Calculator.&lt;init&gt;(Calculator.java:6)
	at io.michaelcane.Commands.&lt;init&gt;(Commands.java:5)
	at io.michaelcane.Calculator.&lt;init&gt;(Calculator.java:6)
	at io.michaelcane.Commands.&lt;init&gt;(Commands.java:5)
	at io.michaelcane.Calculator.&lt;init&gt;(Calculator.java:6)
	at io.michaelcane.Commands.&lt;init&gt;(Commands.java:5)
	at io.michaelcane.Calculator.&lt;init&gt;(Calculator.java:6)
	at io.michaelcane.Commands.&lt;init&gt;(Commands.java:5)
	at io.michaelcane.Calculator.&lt;init&gt;(Calculator.java:6)
	at io.michaelcane.Commands.&lt;init&gt;(Commands.java:5)
	at io.michaelcane.Calculator.&lt;init&gt;(Calculator.java:6)
	at io.michaelcane.Commands.&lt;init&gt;(Commands.java:5)
	at io.michaelcane.Calculator.&lt;init&gt;(Calculator.java:6)
	at io.michaelcane.Commands.&lt;init&gt;(Commands.java:5)
	at io.michaelcane.Calculator.&lt;init&gt;(Calculator.java:6)
	at io.michaelcane.Commands.&lt;init&gt;(Commands.java:5)
	at io.michaelcane.Calculator.&lt;init&gt;(Calculator.java:6)
	at io.michaelcane.Commands.&lt;init&gt;(Commands.java:5)
	at io.michaelcane.Calculator.&lt;init&gt;(Calculator.java:6)
	at io.michaelcane.Commands.&lt;init&gt;(Commands.java:5)
	at io.michaelcane.Calculator.&lt;init&gt;(Calculator.java:6)
	at io.michaelcane.Commands.&lt;init&gt;(Commands.java:5)
	at io.michaelcane.Calculator.&lt;init&gt;(Calculator.java:6)
	at io.michaelcane.Commands.&lt;init&gt;(Commands.java:5)
	at io.michaelcane.Calculator.&lt;init&gt;(Calculator.java:6)
	at io.michaelcane.Commands.&lt;init&gt;(Commands.java:5)
	at io.michaelcane.Calculator.&lt;init&gt;(Calculator.java:6)
	at io.michaelcane.Commands.&lt;init&gt;(Commands.java:5)
	at io.michaelcane.Calculator.&lt;init&gt;(Calculator.java:6)
	at io.michaelcane.Commands.&lt;init&gt;(Commands.java:5)
	at io.michaelcane.Calculator.&lt;init&gt;(Calculator.java:6)
	at io.michaelcane.Commands.&lt;init&gt;(Commands.java:5)
	at io.michaelcane.Calculator.&lt;init&gt;(Calculator.java:6)
	at io.michaelcane.Commands.&lt;init&gt;(Commands.java:5)
	at io.michaelcane.Calculator.&lt;init&gt;(Calculator.java:6)
	at io.michaelcane.Commands.&lt;init&gt;(Commands.java:5)
	at io.michaelcane.Calculator.&lt;init&gt;(Calculator.java:6)
	at io.michaelcane.Commands.&lt;init&gt;(Commands.java:5)
	at io.michaelcane.Calculator.&lt;init&gt;(Calculator.java:6)
	at io.michaelcane.Commands.&lt;init&gt;(Commands.java:5)
	at io.michaelcane.Calculator.&lt;init&gt;(Calculator.java:6)
	at io.michaelcane.Commands.&lt;init&gt;(Commands.java:5)
	at io.michaelcane.Calculator.&lt;init&gt;(Calculator.java:6)
	at io.michaelcane.Commands.&lt;init&gt;(Commands.java:5)
	at io.michaelcane.Calculator.&lt;init&gt;(Calculator.java:6)
	at io.michaelcane.Commands.&lt;init&gt;(Commands.java:5)
	at io.michaelcane.Calculator.&lt;init&gt;(Calculator.java:6)
	at io.michaelcane.Commands.&lt;init&gt;(Commands.java:5)
	at io.michaelcane.Calculator.&lt;init&gt;(Calculator.java:6)
	at io.michaelcane.Commands.&lt;init&gt;(Commands.java:5)
	at io.michaelcane.Calculator.&lt;init&gt;(Calculator.java:6)
	at io.michaelcane.Commands.&lt;init&gt;(Commands.java:5)
	at io.michaelcane.Calculator.&lt;init&gt;(Calculator.java:6)
	at io.michaelcane.Commands.&lt;init&gt;(Commands.java:5)
	at io.michaelcane.Calculator.&lt;init&gt;(Calculator.java:6)
	at io.michaelcane.Commands.&lt;init&gt;(Commands.java:5)
	at io.michaelcane.Calculator.&lt;init&gt;(Calculator.java:6)
	at io.michaelcane.Commands.&lt;init&gt;(Commands.java:5)
	at io.michaelcane.Calculator.&lt;init&gt;(Calculator.java:6)
	at io.michaelcane.Commands.&lt;init&gt;(Commands.java:5)
	at io.michaelcane.Calculator.&lt;init&gt;(Calculator.java:6)
	at io.michaelcane.Commands.&lt;init&gt;(Commands.java:5)
	at io.michaelcane.Calculator.&lt;init&gt;(Calculator.java:6)
	at io.michaelcane.Commands.&lt;init&gt;(Commands.java:5)
	at io.michaelcane.Calculator.&lt;init&gt;(Calculator.java:6)
	at io.michaelcane.Commands.&lt;init&gt;(Commands.java:5)
	at io.michaelcane.Calculator.&lt;init&gt;(Calculator.java:6)
	at io.michaelcane.Commands.&lt;init&gt;(Commands.java:5)
	at io.michaelcane.Calculator.&lt;init&gt;(Calculator.java:6)
	at io.michaelcane.Commands.&lt;init&gt;(Commands.java:5)
	at io.michaelcane.Calculator.&lt;init&gt;(Calculator.java:6)
	at io.michaelcane.Commands.&lt;init&gt;(Commands.java:5)
	at io.michaelcane.Calculator.&lt;init&gt;(Calculator.java:6)
	at io.michaelcane.Commands.&lt;init&gt;(Commands.java:5)
	at io.michaelcane.Calculator.&lt;init&gt;(Calculator.java:6)
	at io.michaelcane.Commands.&lt;init&gt;(Commands.java:5)
	at io.michaelcane.Calculator.&lt;init&gt;(Calculator.java:6)
	at io.michaelcane.Commands.&lt;init&gt;(Commands.java:5)
	at io.michaelcane.Calculator.&lt;init&gt;(Calculator.java:6)
	at io.michaelcane.Commands.&lt;init&gt;(Commands.java:5)
	at io.michaelcane.Calculator.&lt;init&gt;(Calculator.java:6)
	at io.michaelcane.Commands.&lt;init&gt;(Commands.java:5)
	at io.michaelcane.Calculator.&lt;init&gt;(Calculator.java:6)
	at io.michaelcane.Commands.&lt;init&gt;(Commands.java:5)
	at io.michaelcane.Calculator.&lt;init&gt;(Calculator.java:6)
	at io.michaelcane.Commands.&lt;init&gt;(Commands.java:5)
	at io.michaelcane.Calculator.&lt;init&gt;(Calculator.java:6)
	at io.michaelcane.Commands.&lt;init&gt;(Commands.java:5)
	at io.michaelcane.Calculator.&lt;init&gt;(Calculator.java:6)
	at io.michaelcane.Commands.&lt;init&gt;(Commands.java:5)
	at io.michaelcane.Calculator.&lt;init&gt;(Calculator.java:6)
	at io.michaelcane.Commands.&lt;init&gt;(Commands.java:5)
	at io.michaelcane.Calculator.&lt;init&gt;(Calculator.java:6)
	at io.michaelcane.Commands.&lt;init&gt;(Commands.java:5)
	at io.michaelcane.Calculator.&lt;init&gt;(Calculator.java:6)
	at io.michaelcane.Commands.&lt;init&gt;(Commands.java:5)
	at io.michaelcane.Calculator.&lt;init&gt;(Calculator.java:6)
	at io.michaelcane.Commands.&lt;init&gt;(Commands.java:5)
	at io.michaelcane.Calculator.&lt;init&gt;(Calculator.java:6)
	at io.michaelcane.Commands.&lt;init&gt;(Commands.java:5)
	at io.michaelcane.Calculator.&lt;init&gt;(Calculator.java:6)
	at io.michaelcane.Commands.&lt;init&gt;(Commands.java:5)
	at io.michaelcane.Calculator.&lt;init&gt;(Calculator.java:6)
	at io.michaelcane.Commands.&lt;init&gt;(Commands.java:5)
	at io.michaelcane.Calculator.&lt;init&gt;(Calculator.java:6)
	at io.michaelcane.Commands.&lt;init&gt;(Commands.java:5)
	at io.michaelcane.Calculator.&lt;init&gt;(Calculator.java:6)
	at io.michaelcane.Commands.&lt;init&gt;(Commands.java:5)
	at io.michaelcane.Calculator.&lt;init&gt;(Calculator.java:6)
	at io.michaelcane.Commands.&lt;init&gt;(Commands.java:5)
	at io.michaelcane.Calculator.&lt;init&gt;(Calculator.java:6)
	at io.michaelcane.Commands.&lt;init&gt;(Commands.java:5)
	at io.michaelcane.Calculator.&lt;init&gt;(Calculator.java:6)
	at io.michaelcane.Commands.&lt;init&gt;(Commands.java:5)
	at io.michaelcane.Calculator.&lt;init&gt;(Calculator.java:6)
	at io.michaelcane.Commands.&lt;init&gt;(Commands.java:5)
	at io.michaelcane.Calculator.&lt;init&gt;(Calculator.java:6)
	at io.michaelcane.Commands.&lt;init&gt;(Commands.java:5)
	at io.michaelcane.Calculator.&lt;init&gt;(Calculator.java:6)
	at io.michaelcane.Commands.&lt;init&gt;(Commands.java:5)
	at io.michaelcane.Calculator.&lt;init&gt;(Calculator.java:6)
	at io.michaelcane.Commands.&lt;init&gt;(Commands.java:5)
	at io.michaelcane.Calculator.&lt;init&gt;(Calculator.java:6)
	at io.michaelcane.Commands.&lt;init&gt;(Commands.java:5)
	at io.michaelcane.Calculator.&lt;init&gt;(Calculator.java:6)
	at io.michaelcane.Commands.&lt;init&gt;(Commands.java:5)
	at io.michaelcane.Calculator.&lt;init&gt;(Calculator.java:6)
	at io.michaelcane.Commands.&lt;init&gt;(Commands.java:5)
	at io.michaelcane.Calculator.&lt;init&gt;(Calculator.java:6)
	at io.michaelcane.Commands.&lt;init&gt;(Commands.java:5)
	at io.michaelcane.Calculator.&lt;init&gt;(Calculator.java:6)
	at io.michaelcane.Commands.&lt;init&gt;(Commands.java:5)
	at io.michaelcane.Calculator.&lt;init&gt;(Calculator.java:6)
	at io.michaelcane.Commands.&lt;init&gt;(Commands.java:5)
	at io.michaelcane.Calculator.&lt;init&gt;(Calculator.java:6)
	at io.michaelcane.Commands.&lt;init&gt;(Commands.java:5)
	at io.michaelcane.Calculator.&lt;init&gt;(Calculator.java:6)
	at io.michaelcane.Commands.&lt;init&gt;(Commands.java:5)
	at io.michaelcane.Calculator.&lt;init&gt;(Calculator.java:6)
	at io.michaelcane.Commands.&lt;init&gt;(Commands.java:5)
	at io.michaelcane.Calculator.&lt;init&gt;(Calculator.java:6)
	at io.michaelcane.Commands.&lt;init&gt;(Commands.java:5)
	at io.michaelcane.Calculator.&lt;init&gt;(Calculator.java:6)
	at io.michaelcane.Commands.&lt;init&gt;(Commands.java:5)
	at io.michaelcane.Calculator.&lt;init&gt;(Calculator.java:6)
	at io.michaelcane.Commands.&lt;init&gt;(Commands.java:5)
	at io.michaelcane.Calculator.&lt;init&gt;(Calculator.java:6)
	at io.michaelcane.Commands.&lt;init&gt;(Commands.java:5)
	at io.michaelcane.Calculator.&lt;init&gt;(Calculator.java:6)
	at io.michaelcane.Commands.&lt;init&gt;(Commands.java:5)
	at io.michaelcane.Calculator.&lt;init&gt;(Calculator.java:6)
	at io.michaelcane.Commands.&lt;init&gt;(Commands.java:5)
	at io.michaelcane.Calculator.&lt;init&gt;(Calculator.java:6)
	at io.michaelcane.Commands.&lt;init&gt;(Commands.java:5)
	at io.michaelcane.Calculator.&lt;init&gt;(Calculator.java:6)
	at io.michaelcane.Commands.&lt;init&gt;(Commands.java:5)
	at io.michaelcane.Calculator.&lt;init&gt;(Calculator.java:6)
	at io.michaelcane.Commands.&lt;init&gt;(Commands.java:5)
	at io.michaelcane.Calculator.&lt;init&gt;(Calculator.java:6)
	at io.michaelcane.Commands.&lt;init&gt;(Commands.java:5)
	at io.michaelcane.Calculator.&lt;init&gt;(Calculator.java:6)
	at io.michaelcane.Commands.&lt;init&gt;(Commands.java:5)
	at io.michaelcane.Calculator.&lt;init&gt;(Calculator.java:6)
	at io.michaelcane.Commands.&lt;init&gt;(Commands.java:5)
	at io.michaelcane.Calculator.&lt;init&gt;(Calculator.java:6)
	at io.michaelcane.Commands.&lt;init&gt;(Commands.java:5)
	at io.michaelcane.Calculator.&lt;init&gt;(Calculator.java:6)
	at io.michaelcane.Commands.&lt;init&gt;(Commands.java:5)
	at io.michaelcane.Calculator.&lt;init&gt;(Calculator.java:6)
	at io.michaelcane.Commands.&lt;init&gt;(Commands.java:5)
	at io.michaelcane.Calculator.&lt;init&gt;(Calculator.java:6)
	at io.michaelcane.Commands.&lt;init&gt;(Commands.java:5)
	at io.michaelcane.Calculator.&lt;init&gt;(Calculator.java:6)
	at io.michaelcane.Commands.&lt;init&gt;(Commands.java:5)
	at io.michaelcane.Calculator.&lt;init&gt;(Calculator.java:6)
	at io.michaelcane.Commands.&lt;init&gt;(Commands.java:5)
	at io.michaelcane.Calculator.&lt;init&gt;(Calculator.java:6)
	at io.michaelcane.Commands.&lt;init&gt;(Commands.java:5)
	at io.michaelcane.Calculator.&lt;init&gt;(Calculator.java:6)
	at io.michaelcane.Commands.&lt;init&gt;(Commands.java:5)
	at io.michaelcane.Calculator.&lt;init&gt;(Calculator.java:6)
	at io.michaelcane.Commands.&lt;init&gt;(Commands.java:5)
	at io.michaelcane.Calculator.&lt;init&gt;(Calculator.java:6)
	at io.michaelcane.Commands.&lt;init&gt;(Commands.java:5)
	at io.michaelcane.Calculator.&lt;init&gt;(Calculator.java:6)
	at io.michaelcane.Commands.&lt;init&gt;(Commands.java:5)
	at io.michaelcane.Calculator.&lt;init&gt;(Calculator.java:6)
	at io.michaelcane.Commands.&lt;init&gt;(Commands.java:5)
	at io.michaelcane.Calculator.&lt;init&gt;(Calculator.java:6)
	at io.michaelcane.Commands.&lt;init&gt;(Commands.java:5)
	at io.michaelcane.Calculator.&lt;init&gt;(Calculator.java:6)
	at io.michaelcane.Commands.&lt;init&gt;(Commands.java:5)
	at io.michaelcane.Calculator.&lt;init&gt;(Calculator.java:6)
	at io.michaelcane.Commands.&lt;init&gt;(Commands.java:5)
	at io.michaelcane.Calculator.&lt;init&gt;(Calculator.java:6)
	at io.michaelcane.Commands.&lt;init&gt;(Commands.java:5)
	at io.michaelcane.Calculator.&lt;init&gt;(Calculator.java:6)
	at io.michaelcane.Commands.&lt;init&gt;(Commands.java:5)
	at io.michaelcane.Calculator.&lt;init&gt;(Calculator.java:6)
	at io.michaelcane.Commands.&lt;init&gt;(Commands.java:5)
	at io.michaelcane.Calculator.&lt;init&gt;(Calculator.java:6)
	at io.michaelcane.Commands.&lt;init&gt;(Commands.java:5)
	at io.michaelcane.Calculator.&lt;init&gt;(Calculator.java:6)
	at io.michaelcane.Commands.&lt;init&gt;(Commands.java:5)
	at io.michaelcane.Calculator.&lt;init&gt;(Calculator.java:6)
	at io.michaelcane.Commands.&lt;init&gt;(Commands.java:5)
	at io.michaelcane.Calculator.&lt;init&gt;(Calculator.java:6)
	at io.michaelcane.Commands.&lt;init&gt;(Commands.java:5)
	at io.michaelcane.Calculator.&lt;init&gt;(Calculator.java:6)
	at io.michaelcane.Commands.&lt;init&gt;(Commands.java:5)
	at io.michaelcane.Calculator.&lt;init&gt;(Calculator.java:6)
	at io.michaelcane.Commands.&lt;init&gt;(Commands.java:5)
	at io.michaelcane.Calculator.&lt;init&gt;(Calculator.java:6)
	at io.michaelcane.Commands.&lt;init&gt;(Commands.java:5)
	at io.michaelcane.Calculator.&lt;init&gt;(Calculator.java:6)
	at io.michaelcane.Commands.&lt;init&gt;(Commands.java:5)
	at io.michaelcane.Calculator.&lt;init&gt;(Calculator.java:6)
	at io.michaelcane.Commands.&lt;init&gt;(Commands.java:5)
	at io.michaelcane.Calculator.&lt;init&gt;(Calculator.java:6)
	at io.michaelcane.Commands.&lt;init&gt;(Commands.java:5)
	at io.michaelcane.Calculator.&lt;init&gt;(Calculator.java:6)
	at io.michaelcane.Commands.&lt;init&gt;(Commands.java:5)
	at io.michaelcane.Calculator.&lt;init&gt;(Calculator.java:6)
	at io.michaelcane.Commands.&lt;init&gt;(Commands.java:5)
	at io.michaelcane.Calculator.&lt;init&gt;(Calculator.java:6)
	at io.michaelcane.Commands.&lt;init&gt;(Commands.java:5)
	at io.michaelcane.Calculator.&lt;init&gt;(Calculator.java:6)
	at io.michaelcane.Commands.&lt;init&gt;(Commands.java:5)
	at io.michaelcane.Calculator.&lt;init&gt;(Calculator.java:6)
	at io.michaelcane.Commands.&lt;init&gt;(Commands.java:5)
	at io.michaelcane.Calculator.&lt;init&gt;(Calculator.java:6)
	at io.michaelcane.Commands.&lt;init&gt;(Commands.java:5)
	at io.michaelcane.Calculator.&lt;init&gt;(Calculator.java:6)
	at io.michaelcane.Commands.&lt;init&gt;(Commands.java:5)
	at io.michaelcane.Calculator.&lt;init&gt;(Calculator.java:6)
	at io.michaelcane.Commands.&lt;init&gt;(Commands.java:5)
	at io.michaelcane.Calculator.&lt;init&gt;(Calculator.java:6)
	at io.michaelcane.Commands.&lt;init&gt;(Commands.java:5)
	at io.michaelcane.Calculator.&lt;init&gt;(Calculator.java:6)
	at io.michaelcane.Commands.&lt;init&gt;(Commands.java:5)
</error>
  </testcase>
  <testcase classname="io.michaelcane.CalculatorSpec" name="test$variableExponentiation" time="0.009">
    <error type="java.lang.StackOverflowError">java.lang.StackOverflowError
	at io.michaelcane.Calculator.&lt;init&gt;(Calculator.java:6)
	at io.michaelcane.Commands.&lt;init&gt;(Commands.java:5)
	at io.michaelcane.Calculator.&lt;init&gt;(Calculator.java:6)
	at io.michaelcane.Commands.&lt;init&gt;(Commands.java:5)
	at io.michaelcane.Calculator.&lt;init&gt;(Calculator.java:6)
	at io.michaelcane.Commands.&lt;init&gt;(Commands.java:5)
	at io.michaelcane.Calculator.&lt;init&gt;(Calculator.java:6)
	at io.michaelcane.Commands.&lt;init&gt;(Commands.java:5)
	at io.michaelcane.Calculator.&lt;init&gt;(Calculator.java:6)
	at io.michaelcane.Commands.&lt;init&gt;(Commands.java:5)
	at io.michaelcane.Calculator.&lt;init&gt;(Calculator.java:6)
	at io.michaelcane.Commands.&lt;init&gt;(Commands.java:5)
	at io.michaelcane.Calculator.&lt;init&gt;(Calculator.java:6)
	at io.michaelcane.Commands.&lt;init&gt;(Commands.java:5)
	at io.michaelcane.Calculator.&lt;init&gt;(Calculator.java:6)
	at io.michaelcane.Commands.&lt;init&gt;(Commands.java:5)
	at io.michaelcane.Calculator.&lt;init&gt;(Calculator.java:6)
	at io.michaelcane.Commands.&lt;init&gt;(Commands.java:5)
	at io.michaelcane.Calculator.&lt;init&gt;(Calculator.java:6)
	at io.michaelcane.Commands.&lt;init&gt;(Commands.java:5)
	at io.michaelcane.Calculator.&lt;init&gt;(Calculator.java:6)
	at io.michaelcane.Commands.&lt;init&gt;(Commands.java:5)
	at io.michaelcane.Calculator.&lt;init&gt;(Calculator.java:6)
	at io.michaelcane.Commands.&lt;init&gt;(Commands.java:5)
	at io.michaelcane.Calculator.&lt;init&gt;(Calculator.java:6)
	at io.michaelcane.Commands.&lt;init&gt;(Commands.java:5)
	at io.michaelcane.Calculator.&lt;init&gt;(Calculator.java:6)
	at io.michaelcane.Commands.&lt;init&gt;(Commands.java:5)
	at io.michaelcane.Calculator.&lt;init&gt;(Calculator.java:6)
	at io.michaelcane.Commands.&lt;init&gt;(Commands.java:5)
	at io.michaelcane.Calculator.&lt;init&gt;(Calculator.java:6)
	at io.michaelcane.Commands.&lt;init&gt;(Commands.java:5)
	at io.michaelcane.Calculator.&lt;init&gt;(Calculator.java:6)
	at io.michaelcane.Commands.&lt;init&gt;(Commands.java:5)
	at io.michaelcane.Calculator.&lt;init&gt;(Calculator.java:6)
	at io.michaelcane.Commands.&lt;init&gt;(Commands.java:5)
	at io.michaelcane.Calculator.&lt;init&gt;(Calculator.java:6)
	at io.michaelcane.Commands.&lt;init&gt;(Commands.java:5)
	at io.michaelcane.Calculator.&lt;init&gt;(Calculator.java:6)
	at io.michaelcane.Commands.&lt;init&gt;(Commands.java:5)
	at io.michaelcane.Calculator.&lt;init&gt;(Calculator.java:6)
	at io.michaelcane.Commands.&lt;init&gt;(Commands.java:5)
	at io.michaelcane.Calculator.&lt;init&gt;(Calculator.java:6)
	at io.michaelcane.Commands.&lt;init&gt;(Commands.java:5)
	at io.michaelcane.Calculator.&lt;init&gt;(Calculator.java:6)
	at io.michaelcane.Commands.&lt;init&gt;(Commands.java:5)
	at io.michaelcane.Calculator.&lt;init&gt;(Calculator.java:6)
	at io.michaelcane.Commands.&lt;init&gt;(Commands.java:5)
	at io.michaelcane.Calculator.&lt;init&gt;(Calculator.java:6)
	at io.michaelcane.Commands.&lt;init&gt;(Commands.java:5)
	at io.michaelcane.Calculator.&lt;init&gt;(Calculator.java:6)
	at io.michaelcane.Commands.&lt;init&gt;(Commands.java:5)
	at io.michaelcane.Calculator.&lt;init&gt;(Calculator.java:6)
	at io.michaelcane.Commands.&lt;init&gt;(Commands.java:5)
	at io.michaelcane.Calculator.&lt;init&gt;(Calculator.java:6)
	at io.michaelcane.Commands.&lt;init&gt;(Commands.java:5)
	at io.michaelcane.Calculator.&lt;init&gt;(Calculator.java:6)
	at io.michaelcane.Commands.&lt;init&gt;(Commands.java:5)
	at io.michaelcane.Calculator.&lt;init&gt;(Calculator.java:6)
	at io.michaelcane.Commands.&lt;init&gt;(Commands.java:5)
	at io.michaelcane.Calculator.&lt;init&gt;(Calculator.java:6)
	at io.michaelcane.Commands.&lt;init&gt;(Commands.java:5)
	at io.michaelcane.Calculator.&lt;init&gt;(Calculator.java:6)
	at io.michaelcane.Commands.&lt;init&gt;(Commands.java:5)
	at io.michaelcane.Calculator.&lt;init&gt;(Calculator.java:6)
	at io.michaelcane.Commands.&lt;init&gt;(Commands.java:5)
	at io.michaelcane.Calculator.&lt;init&gt;(Calculator.java:6)
	at io.michaelcane.Commands.&lt;init&gt;(Commands.java:5)
	at io.michaelcane.Calculator.&lt;init&gt;(Calculator.java:6)
	at io.michaelcane.Commands.&lt;init&gt;(Commands.java:5)
	at io.michaelcane.Calculator.&lt;init&gt;(Calculator.java:6)
	at io.michaelcane.Commands.&lt;init&gt;(Commands.java:5)
	at io.michaelcane.Calculator.&lt;init&gt;(Calculator.java:6)
	at io.michaelcane.Commands.&lt;init&gt;(Commands.java:5)
	at io.michaelcane.Calculator.&lt;init&gt;(Calculator.java:6)
	at io.michaelcane.Commands.&lt;init&gt;(Commands.java:5)
	at io.michaelcane.Calculator.&lt;init&gt;(Calculator.java:6)
	at io.michaelcane.Commands.&lt;init&gt;(Commands.java:5)
	at io.michaelcane.Calculator.&lt;init&gt;(Calculator.java:6)
	at io.michaelcane.Commands.&lt;init&gt;(Commands.java:5)
	at io.michaelcane.Calculator.&lt;init&gt;(Calculator.java:6)
	at io.michaelcane.Commands.&lt;init&gt;(Commands.java:5)
	at io.michaelcane.Calculator.&lt;init&gt;(Calculator.java:6)
	at io.michaelcane.Commands.&lt;init&gt;(Commands.java:5)
	at io.michaelcane.Calculator.&lt;init&gt;(Calculator.java:6)
	at io.michaelcane.Commands.&lt;init&gt;(Commands.java:5)
	at io.michaelcane.Calculator.&lt;init&gt;(Calculator.java:6)
	at io.michaelcane.Commands.&lt;init&gt;(Commands.java:5)
	at io.michaelcane.Calculator.&lt;init&gt;(Calculator.java:6)
	at io.michaelcane.Commands.&lt;init&gt;(Commands.java:5)
	at io.michaelcane.Calculator.&lt;init&gt;(Calculator.java:6)
	at io.michaelcane.Commands.&lt;init&gt;(Commands.java:5)
	at io.michaelcane.Calculator.&lt;init&gt;(Calculator.java:6)
	at io.michaelcane.Commands.&lt;init&gt;(Commands.java:5)
	at io.michaelcane.Calculator.&lt;init&gt;(Calculator.java:6)
	at io.michaelcane.Commands.&lt;init&gt;(Commands.java:5)
	at io.michaelcane.Calculator.&lt;init&gt;(Calculator.java:6)
	at io.michaelcane.Commands.&lt;init&gt;(Commands.java:5)
	at io.michaelcane.Calculator.&lt;init&gt;(Calculator.java:6)
	at io.michaelcane.Commands.&lt;init&gt;(Commands.java:5)
	at io.michaelcane.Calculator.&lt;init&gt;(Calculator.java:6)
	at io.michaelcane.Commands.&lt;init&gt;(Commands.java:5)
	at io.michaelcane.Calculator.&lt;init&gt;(Calculator.java:6)
	at io.michaelcane.Commands.&lt;init&gt;(Commands.java:5)
	at io.michaelcane.Calculator.&lt;init&gt;(Calculator.java:6)
	at io.michaelcane.Commands.&lt;init&gt;(Commands.java:5)
	at io.michaelcane.Calculator.&lt;init&gt;(Calculator.java:6)
	at io.michaelcane.Commands.&lt;init&gt;(Commands.java:5)
	at io.michaelcane.Calculator.&lt;init&gt;(Calculator.java:6)
	at io.michaelcane.Commands.&lt;init&gt;(Commands.java:5)
	at io.michaelcane.Calculator.&lt;init&gt;(Calculator.java:6)
	at io.michaelcane.Commands.&lt;init&gt;(Commands.java:5)
	at io.michaelcane.Calculator.&lt;init&gt;(Calculator.java:6)
	at io.michaelcane.Commands.&lt;init&gt;(Commands.java:5)
	at io.michaelcane.Calculator.&lt;init&gt;(Calculator.java:6)
	at io.michaelcane.Commands.&lt;init&gt;(Commands.java:5)
	at io.michaelcane.Calculator.&lt;init&gt;(Calculator.java:6)
	at io.michaelcane.Commands.&lt;init&gt;(Commands.java:5)
	at io.michaelcane.Calculator.&lt;init&gt;(Calculator.java:6)
	at io.michaelcane.Commands.&lt;init&gt;(Commands.java:5)
	at io.michaelcane.Calculator.&lt;init&gt;(Calculator.java:6)
	at io.michaelcane.Commands.&lt;init&gt;(Commands.java:5)
	at io.michaelcane.Calculator.&lt;init&gt;(Calculator.java:6)
	at io.michaelcane.Commands.&lt;init&gt;(Commands.java:5)
	at io.michaelcane.Calculator.&lt;init&gt;(Calculator.java:6)
	at io.michaelcane.Commands.&lt;init&gt;(Commands.java:5)
	at io.michaelcane.Calculator.&lt;init&gt;(Calculator.java:6)
	at io.michaelcane.Commands.&lt;init&gt;(Commands.java:5)
	at io.michaelcane.Calculator.&lt;init&gt;(Calculator.java:6)
	at io.michaelcane.Commands.&lt;init&gt;(Commands.java:5)
	at io.michaelcane.Calculator.&lt;init&gt;(Calculator.java:6)
	at io.michaelcane.Commands.&lt;init&gt;(Commands.java:5)
	at io.michaelcane.Calculator.&lt;init&gt;(Calculator.java:6)
	at io.michaelcane.Commands.&lt;init&gt;(Commands.java:5)
	at io.michaelcane.Calculator.&lt;init&gt;(Calculator.java:6)
	at io.michaelcane.Commands.&lt;init&gt;(Commands.java:5)
	at io.michaelcane.Calculator.&lt;init&gt;(Calculator.java:6)
	at io.michaelcane.Commands.&lt;init&gt;(Commands.java:5)
	at io.michaelcane.Calculator.&lt;init&gt;(Calculator.java:6)
	at io.michaelcane.Commands.&lt;init&gt;(Commands.java:5)
	at io.michaelcane.Calculator.&lt;init&gt;(Calculator.java:6)
	at io.michaelcane.Commands.&lt;init&gt;(Commands.java:5)
	at io.michaelcane.Calculator.&lt;init&gt;(Calculator.java:6)
	at io.michaelcane.Commands.&lt;init&gt;(Commands.java:5)
	at io.michaelcane.Calculator.&lt;init&gt;(Calculator.java:6)
	at io.michaelcane.Commands.&lt;init&gt;(Commands.java:5)
	at io.michaelcane.Calculator.&lt;init&gt;(Calculator.java:6)
	at io.michaelcane.Commands.&lt;init&gt;(Commands.java:5)
	at io.michaelcane.Calculator.&lt;init&gt;(Calculator.java:6)
	at io.michaelcane.Commands.&lt;init&gt;(Commands.java:5)
	at io.michaelcane.Calculator.&lt;init&gt;(Calculator.java:6)
	at io.michaelcane.Commands.&lt;init&gt;(Commands.java:5)
	at io.michaelcane.Calculator.&lt;init&gt;(Calculator.java:6)
	at io.michaelcane.Commands.&lt;init&gt;(Commands.java:5)
	at io.michaelcane.Calculator.&lt;init&gt;(Calculator.java:6)
	at io.michaelcane.Commands.&lt;init&gt;(Commands.java:5)
	at io.michaelcane.Calculator.&lt;init&gt;(Calculator.java:6)
	at io.michaelcane.Commands.&lt;init&gt;(Commands.java:5)
	at io.michaelcane.Calculator.&lt;init&gt;(Calculator.java:6)
	at io.michaelcane.Commands.&lt;init&gt;(Commands.java:5)
	at io.michaelcane.Calculator.&lt;init&gt;(Calculator.java:6)
	at io.michaelcane.Commands.&lt;init&gt;(Commands.java:5)
	at io.michaelcane.Calculator.&lt;init&gt;(Calculator.java:6)
	at io.michaelcane.Commands.&lt;init&gt;(Commands.java:5)
	at io.michaelcane.Calculator.&lt;init&gt;(Calculator.java:6)
	at io.michaelcane.Commands.&lt;init&gt;(Commands.java:5)
	at io.michaelcane.Calculator.&lt;init&gt;(Calculator.java:6)
	at io.michaelcane.Commands.&lt;init&gt;(Commands.java:5)
	at io.michaelcane.Calculator.&lt;init&gt;(Calculator.java:6)
	at io.michaelcane.Commands.&lt;init&gt;(Commands.java:5)
	at io.michaelcane.Calculator.&lt;init&gt;(Calculator.java:6)
	at io.michaelcane.Commands.&lt;init&gt;(Commands.java:5)
	at io.michaelcane.Calculator.&lt;init&gt;(Calculator.java:6)
	at io.michaelcane.Commands.&lt;init&gt;(Commands.java:5)
	at io.michaelcane.Calculator.&lt;init&gt;(Calculator.java:6)
	at io.michaelcane.Commands.&lt;init&gt;(Commands.java:5)
	at io.michaelcane.Calculator.&lt;init&gt;(Calculator.java:6)
	at io.michaelcane.Commands.&lt;init&gt;(Commands.java:5)
	at io.michaelcane.Calculator.&lt;init&gt;(Calculator.java:6)
	at io.michaelcane.Commands.&lt;init&gt;(Commands.java:5)
	at io.michaelcane.Calculator.&lt;init&gt;(Calculator.java:6)
	at io.michaelcane.Commands.&lt;init&gt;(Commands.java:5)
	at io.michaelcane.Calculator.&lt;init&gt;(Calculator.java:6)
	at io.michaelcane.Commands.&lt;init&gt;(Commands.java:5)
	at io.michaelcane.Calculator.&lt;init&gt;(Calculator.java:6)
	at io.michaelcane.Commands.&lt;init&gt;(Commands.java:5)
	at io.michaelcane.Calculator.&lt;init&gt;(Calculator.java:6)
	at io.michaelcane.Commands.&lt;init&gt;(Commands.java:5)
	at io.michaelcane.Calculator.&lt;init&gt;(Calculator.java:6)
	at io.michaelcane.Commands.&lt;init&gt;(Commands.java:5)
	at io.michaelcane.Calculator.&lt;init&gt;(Calculator.java:6)
	at io.michaelcane.Commands.&lt;init&gt;(Commands.java:5)
	at io.michaelcane.Calculator.&lt;init&gt;(Calculator.java:6)
	at io.michaelcane.Commands.&lt;init&gt;(Commands.java:5)
	at io.michaelcane.Calculator.&lt;init&gt;(Calculator.java:6)
	at io.michaelcane.Commands.&lt;init&gt;(Commands.java:5)
	at io.michaelcane.Calculator.&lt;init&gt;(Calculator.java:6)
	at io.michaelcane.Commands.&lt;init&gt;(Commands.java:5)
	at io.michaelcane.Calculator.&lt;init&gt;(Calculator.java:6)
	at io.michaelcane.Commands.&lt;init&gt;(Commands.java:5)
	at io.michaelcane.Calculator.&lt;init&gt;(Calculator.java:6)
	at io.michaelcane.Commands.&lt;init&gt;(Commands.java:5)
	at io.michaelcane.Calculator.&lt;init&gt;(Calculator.java:6)
	at io.michaelcane.Commands.&lt;init&gt;(Commands.java:5)
	at io.michaelcane.Calculator.&lt;init&gt;(Calculator.java:6)
	at io.michaelcane.Commands.&lt;init&gt;(Commands.java:5)
	at io.michaelcane.Calculator.&lt;init&gt;(Calculator.java:6)
	at io.michaelcane.Commands.&lt;init&gt;(Commands.java:5)
	at io.michaelcane.Calculator.&lt;init&gt;(Calculator.java:6)
	at io.michaelcane.Commands.&lt;init&gt;(Commands.java:5)
	at io.michaelcane.Calculator.&lt;init&gt;(Calculator.java:6)
	at io.michaelcane.Commands.&lt;init&gt;(Commands.java:5)
	at io.michaelcane.Calculator.&lt;init&gt;(Calculator.java:6)
	at io.michaelcane.Commands.&lt;init&gt;(Commands.java:5)
	at io.michaelcane.Calculator.&lt;init&gt;(Calculator.java:6)
	at io.michaelcane.Commands.&lt;init&gt;(Commands.java:5)
	at io.michaelcane.Calculator.&lt;init&gt;(Calculator.java:6)
	at io.michaelcane.Commands.&lt;init&gt;(Commands.java:5)
	at io.michaelcane.Calculator.&lt;init&gt;(Calculator.java:6)
	at io.michaelcane.Commands.&lt;init&gt;(Commands.java:5)
	at io.michaelcane.Calculator.&lt;init&gt;(Calculator.java:6)
	at io.michaelcane.Commands.&lt;init&gt;(Commands.java:5)
	at io.michaelcane.Calculator.&lt;init&gt;(Calculator.java:6)
	at io.michaelcane.Commands.&lt;init&gt;(Commands.java:5)
	at io.michaelcane.Calculator.&lt;init&gt;(Calculator.java:6)
	at io.michaelcane.Commands.&lt;init&gt;(Commands.java:5)
	at io.michaelcane.Calculator.&lt;init&gt;(Calculator.java:6)
	at io.michaelcane.Commands.&lt;init&gt;(Commands.java:5)
	at io.michaelcane.Calculator.&lt;init&gt;(Calculator.java:6)
	at io.michaelcane.Commands.&lt;init&gt;(Commands.java:5)
	at io.michaelcane.Calculator.&lt;init&gt;(Calculator.java:6)
	at io.michaelcane.Commands.&lt;init&gt;(Commands.java:5)
	at io.michaelcane.Calculator.&lt;init&gt;(Calculator.java:6)
	at io.michaelcane.Commands.&lt;init&gt;(Commands.java:5)
	at io.michaelcane.Calculator.&lt;init&gt;(Calculator.java:6)
	at io.michaelcane.Commands.&lt;init&gt;(Commands.java:5)
	at io.michaelcane.Calculator.&lt;init&gt;(Calculator.java:6)
	at io.michaelcane.Commands.&lt;init&gt;(Commands.java:5)
	at io.michaelcane.Calculator.&lt;init&gt;(Calculator.java:6)
	at io.michaelcane.Commands.&lt;init&gt;(Commands.java:5)
	at io.michaelcane.Calculator.&lt;init&gt;(Calculator.java:6)
	at io.michaelcane.Commands.&lt;init&gt;(Commands.java:5)
	at io.michaelcane.Calculator.&lt;init&gt;(Calculator.java:6)
	at io.michaelcane.Commands.&lt;init&gt;(Commands.java:5)
	at io.michaelcane.Calculator.&lt;init&gt;(Calculator.java:6)
	at io.michaelcane.Commands.&lt;init&gt;(Commands.java:5)
	at io.michaelcane.Calculator.&lt;init&gt;(Calculator.java:6)
	at io.michaelcane.Commands.&lt;init&gt;(Commands.java:5)
	at io.michaelcane.Calculator.&lt;init&gt;(Calculator.java:6)
	at io.michaelcane.Commands.&lt;init&gt;(Commands.java:5)
	at io.michaelcane.Calculator.&lt;init&gt;(Calculator.java:6)
	at io.michaelcane.Commands.&lt;init&gt;(Commands.java:5)
	at io.michaelcane.Calculator.&lt;init&gt;(Calculator.java:6)
	at io.michaelcane.Commands.&lt;init&gt;(Commands.java:5)
	at io.michaelcane.Calculator.&lt;init&gt;(Calculator.java:6)
	at io.michaelcane.Commands.&lt;init&gt;(Commands.java:5)
	at io.michaelcane.Calculator.&lt;init&gt;(Calculator.java:6)
	at io.michaelcane.Commands.&lt;init&gt;(Commands.java:5)
	at io.michaelcane.Calculator.&lt;init&gt;(Calculator.java:6)
	at io.michaelcane.Commands.&lt;init&gt;(Commands.java:5)
	at io.michaelcane.Calculator.&lt;init&gt;(Calculator.java:6)
	at io.michaelcane.Commands.&lt;init&gt;(Commands.java:5)
	at io.michaelcane.Calculator.&lt;init&gt;(Calculator.java:6)
	at io.michaelcane.Commands.&lt;init&gt;(Commands.java:5)
	at io.michaelcane.Calculator.&lt;init&gt;(Calculator.java:6)
	at io.michaelcane.Commands.&lt;init&gt;(Commands.java:5)
	at io.michaelcane.Calculator.&lt;init&gt;(Calculator.java:6)
	at io.michaelcane.Commands.&lt;init&gt;(Commands.java:5)
	at io.michaelcane.Calculator.&lt;init&gt;(Calculator.java:6)
	at io.michaelcane.Commands.&lt;init&gt;(Commands.java:5)
	at io.michaelcane.Calculator.&lt;init&gt;(Calculator.java:6)
	at io.michaelcane.Commands.&lt;init&gt;(Commands.java:5)
	at io.michaelcane.Calculator.&lt;init&gt;(Calculator.java:6)
	at io.michaelcane.Commands.&lt;init&gt;(Commands.java:5)
	at io.michaelcane.Calculator.&lt;init&gt;(Calculator.java:6)
	at io.michaelcane.Commands.&lt;init&gt;(Commands.java:5)
	at io.michaelcane.Calculator.&lt;init&gt;(Calculator.java:6)
	at io.michaelcane.Commands.&lt;init&gt;(Commands.java:5)
	at io.michaelcane.Calculator.&lt;init&gt;(Calculator.java:6)
	at io.michaelcane.Commands.&lt;init&gt;(Commands.java:5)
	at io.michaelcane.Calculator.&lt;init&gt;(Calculator.java:6)
	at io.michaelcane.Commands.&lt;init&gt;(Commands.java:5)
	at io.michaelcane.Calculator.&lt;init&gt;(Calculator.java:6)
	at io.michaelcane.Commands.&lt;init&gt;(Commands.java:5)
	at io.michaelcane.Calculator.&lt;init&gt;(Calculator.java:6)
	at io.michaelcane.Commands.&lt;init&gt;(Commands.java:5)
	at io.michaelcane.Calculator.&lt;init&gt;(Calculator.java:6)
	at io.michaelcane.Commands.&lt;init&gt;(Commands.java:5)
	at io.michaelcane.Calculator.&lt;init&gt;(Calculator.java:6)
	at io.michaelcane.Commands.&lt;init&gt;(Commands.java:5)
	at io.michaelcane.Calculator.&lt;init&gt;(Calculator.java:6)
	at io.michaelcane.Commands.&lt;init&gt;(Commands.java:5)
	at io.michaelcane.Calculator.&lt;init&gt;(Calculator.java:6)
	at io.michaelcane.Commands.&lt;init&gt;(Commands.java:5)
	at io.michaelcane.Calculator.&lt;init&gt;(Calculator.java:6)
	at io.michaelcane.Commands.&lt;init&gt;(Commands.java:5)
	at io.michaelcane.Calculator.&lt;init&gt;(Calculator.java:6)
	at io.michaelcane.Commands.&lt;init&gt;(Commands.java:5)
	at io.michaelcane.Calculator.&lt;init&gt;(Calculator.java:6)
	at io.michaelcane.Commands.&lt;init&gt;(Commands.java:5)
	at io.michaelcane.Calculator.&lt;init&gt;(Calculator.java:6)
	at io.michaelcane.Commands.&lt;init&gt;(Commands.java:5)
	at io.michaelcane.Calculator.&lt;init&gt;(Calculator.java:6)
	at io.michaelcane.Commands.&lt;init&gt;(Commands.java:5)
	at io.michaelcane.Calculator.&lt;init&gt;(Calculator.java:6)
	at io.michaelcane.Commands.&lt;init&gt;(Commands.java:5)
	at io.michaelcane.Calculator.&lt;init&gt;(Calculator.java:6)
	at io.michaelcane.Commands.&lt;init&gt;(Commands.java:5)
	at io.michaelcane.Calculator.&lt;init&gt;(Calculator.java:6)
	at io.michaelcane.Commands.&lt;init&gt;(Commands.java:5)
	at io.michaelcane.Calculator.&lt;init&gt;(Calculator.java:6)
	at io.michaelcane.Commands.&lt;init&gt;(Commands.java:5)
	at io.michaelcane.Calculator.&lt;init&gt;(Calculator.java:6)
	at io.michaelcane.Commands.&lt;init&gt;(Commands.java:5)
	at io.michaelcane.Calculator.&lt;init&gt;(Calculator.java:6)
	at io.michaelcane.Commands.&lt;init&gt;(Commands.java:5)
	at io.michaelcane.Calculator.&lt;init&gt;(Calculator.java:6)
	at io.michaelcane.Commands.&lt;init&gt;(Commands.java:5)
	at io.michaelcane.Calculator.&lt;init&gt;(Calculator.java:6)
	at io.michaelcane.Commands.&lt;init&gt;(Commands.java:5)
	at io.michaelcane.Calculator.&lt;init&gt;(Calculator.java:6)
	at io.michaelcane.Commands.&lt;init&gt;(Commands.java:5)
	at io.michaelcane.Calculator.&lt;init&gt;(Calculator.java:6)
	at io.michaelcane.Commands.&lt;init&gt;(Commands.java:5)
	at io.michaelcane.Calculator.&lt;init&gt;(Calculator.java:6)
	at io.michaelcane.Commands.&lt;init&gt;(Commands.java:5)
	at io.michaelcane.Calculator.&lt;init&gt;(Calculator.java:6)
	at io.michaelcane.Commands.&lt;init&gt;(Commands.java:5)
	at io.michaelcane.Calculator.&lt;init&gt;(Calculator.java:6)
	at io.michaelcane.Commands.&lt;init&gt;(Commands.java:5)
	at io.michaelcane.Calculator.&lt;init&gt;(Calculator.java:6)
	at io.michaelcane.Commands.&lt;init&gt;(Commands.java:5)
	at io.michaelcane.Calculator.&lt;init&gt;(Calculator.java:6)
	at io.michaelcane.Commands.&lt;init&gt;(Commands.java:5)
	at io.michaelcane.Calculator.&lt;init&gt;(Calculator.java:6)
	at io.michaelcane.Commands.&lt;init&gt;(Commands.java:5)
	at io.michaelcane.Calculator.&lt;init&gt;(Calculator.java:6)
	at io.michaelcane.Commands.&lt;init&gt;(Commands.java:5)
	at io.michaelcane.Calculator.&lt;init&gt;(Calculator.java:6)
	at io.michaelcane.Commands.&lt;init&gt;(Commands.java:5)
	at io.michaelcane.Calculator.&lt;init&gt;(Calculator.java:6)
	at io.michaelcane.Commands.&lt;init&gt;(Commands.java:5)
	at io.michaelcane.Calculator.&lt;init&gt;(Calculator.java:6)
	at io.michaelcane.Commands.&lt;init&gt;(Commands.java:5)
	at io.michaelcane.Calculator.&lt;init&gt;(Calculator.java:6)
	at io.michaelcane.Commands.&lt;init&gt;(Commands.java:5)
	at io.michaelcane.Calculator.&lt;init&gt;(Calculator.java:6)
	at io.michaelcane.Commands.&lt;init&gt;(Commands.java:5)
	at io.michaelcane.Calculator.&lt;init&gt;(Calculator.java:6)
	at io.michaelcane.Commands.&lt;init&gt;(Commands.java:5)
	at io.michaelcane.Calculator.&lt;init&gt;(Calculator.java:6)
	at io.michaelcane.Commands.&lt;init&gt;(Commands.java:5)
	at io.michaelcane.Calculator.&lt;init&gt;(Calculator.java:6)
	at io.michaelcane.Commands.&lt;init&gt;(Commands.java:5)
	at io.michaelcane.Calculator.&lt;init&gt;(Calculator.java:6)
	at io.michaelcane.Commands.&lt;init&gt;(Commands.java:5)
	at io.michaelcane.Calculator.&lt;init&gt;(Calculator.java:6)
	at io.michaelcane.Commands.&lt;init&gt;(Commands.java:5)
	at io.michaelcane.Calculator.&lt;init&gt;(Calculator.java:6)
	at io.michaelcane.Commands.&lt;init&gt;(Commands.java:5)
	at io.michaelcane.Calculator.&lt;init&gt;(Calculator.java:6)
	at io.michaelcane.Commands.&lt;init&gt;(Commands.java:5)
	at io.michaelcane.Calculator.&lt;init&gt;(Calculator.java:6)
	at io.michaelcane.Commands.&lt;init&gt;(Commands.java:5)
	at io.michaelcane.Calculator.&lt;init&gt;(Calculator.java:6)
	at io.michaelcane.Commands.&lt;init&gt;(Commands.java:5)
	at io.michaelcane.Calculator.&lt;init&gt;(Calculator.java:6)
	at io.michaelcane.Commands.&lt;init&gt;(Commands.java:5)
	at io.michaelcane.Calculator.&lt;init&gt;(Calculator.java:6)
	at io.michaelcane.Commands.&lt;init&gt;(Commands.java:5)
	at io.michaelcane.Calculator.&lt;init&gt;(Calculator.java:6)
	at io.michaelcane.Commands.&lt;init&gt;(Commands.java:5)
	at io.michaelcane.Calculator.&lt;init&gt;(Calculator.java:6)
	at io.michaelcane.Commands.&lt;init&gt;(Commands.java:5)
	at io.michaelcane.Calculator.&lt;init&gt;(Calculator.java:6)
	at io.michaelcane.Commands.&lt;init&gt;(Commands.java:5)
	at io.michaelcane.Calculator.&lt;init&gt;(Calculator.java:6)
	at io.michaelcane.Commands.&lt;init&gt;(Commands.java:5)
	at io.michaelcane.Calculator.&lt;init&gt;(Calculator.java:6)
	at io.michaelcane.Commands.&lt;init&gt;(Commands.java:5)
	at io.michaelcane.Calculator.&lt;init&gt;(Calculator.java:6)
	at io.michaelcane.Commands.&lt;init&gt;(Commands.java:5)
	at io.michaelcane.Calculator.&lt;init&gt;(Calculator.java:6)
	at io.michaelcane.Commands.&lt;init&gt;(Commands.java:5)
	at io.michaelcane.Calculator.&lt;init&gt;(Calculator.java:6)
	at io.michaelcane.Commands.&lt;init&gt;(Commands.java:5)
	at io.michaelcane.Calculator.&lt;init&gt;(Calculator.java:6)
	at io.michaelcane.Commands.&lt;init&gt;(Commands.java:5)
	at io.michaelcane.Calculator.&lt;init&gt;(Calculator.java:6)
	at io.michaelcane.Commands.&lt;init&gt;(Commands.java:5)
	at io.michaelcane.Calculator.&lt;init&gt;(Calculator.java:6)
	at io.michaelcane.Commands.&lt;init&gt;(Commands.java:5)
	at io.michaelcane.Calculator.&lt;init&gt;(Calculator.java:6)
	at io.michaelcane.Commands.&lt;init&gt;(Commands.java:5)
	at io.michaelcane.Calculator.&lt;init&gt;(Calculator.java:6)
	at io.michaelcane.Commands.&lt;init&gt;(Commands.java:5)
	at io.michaelcane.Calculator.&lt;init&gt;(Calculator.java:6)
	at io.michaelcane.Commands.&lt;init&gt;(Commands.java:5)
	at io.michaelcane.Calculator.&lt;init&gt;(Calculator.java:6)
	at io.michaelcane.Commands.&lt;init&gt;(Commands.java:5)
	at io.michaelcane.Calculator.&lt;init&gt;(Calculator.java:6)
	at io.michaelcane.Commands.&lt;init&gt;(Commands.java:5)
	at io.michaelcane.Calculator.&lt;init&gt;(Calculator.java:6)
	at io.michaelcane.Commands.&lt;init&gt;(Commands.java:5)
	at io.michaelcane.Calculator.&lt;init&gt;(Calculator.java:6)
	at io.michaelcane.Commands.&lt;init&gt;(Commands.java:5)
	at io.michaelcane.Calculator.&lt;init&gt;(Calculator.java:6)
	at io.michaelcane.Commands.&lt;init&gt;(Commands.java:5)
	at io.michaelcane.Calculator.&lt;init&gt;(Calculator.java:6)
	at io.michaelcane.Commands.&lt;init&gt;(Commands.java:5)
	at io.michaelcane.Calculator.&lt;init&gt;(Calculator.java:6)
	at io.michaelcane.Commands.&lt;init&gt;(Commands.java:5)
	at io.michaelcane.Calculator.&lt;init&gt;(Calculator.java:6)
	at io.michaelcane.Commands.&lt;init&gt;(Commands.java:5)
	at io.michaelcane.Calculator.&lt;init&gt;(Calculator.java:6)
	at io.michaelcane.Commands.&lt;init&gt;(Commands.java:5)
	at io.michaelcane.Calculator.&lt;init&gt;(Calculator.java:6)
	at io.michaelcane.Commands.&lt;init&gt;(Commands.java:5)
	at io.michaelcane.Calculator.&lt;init&gt;(Calculator.java:6)
	at io.michaelcane.Commands.&lt;init&gt;(Commands.java:5)
	at io.michaelcane.Calculator.&lt;init&gt;(Calculator.java:6)
	at io.michaelcane.Commands.&lt;init&gt;(Commands.java:5)
	at io.michaelcane.Calculator.&lt;init&gt;(Calculator.java:6)
	at io.michaelcane.Commands.&lt;init&gt;(Commands.java:5)
	at io.michaelcane.Calculator.&lt;init&gt;(Calculator.java:6)
	at io.michaelcane.Commands.&lt;init&gt;(Commands.java:5)
	at io.michaelcane.Calculator.&lt;init&gt;(Calculator.java:6)
	at io.michaelcane.Commands.&lt;init&gt;(Commands.java:5)
	at io.michaelcane.Calculator.&lt;init&gt;(Calculator.java:6)
	at io.michaelcane.Commands.&lt;init&gt;(Commands.java:5)
	at io.michaelcane.Calculator.&lt;init&gt;(Calculator.java:6)
	at io.michaelcane.Commands.&lt;init&gt;(Commands.java:5)
	at io.michaelcane.Calculator.&lt;init&gt;(Calculator.java:6)
	at io.michaelcane.Commands.&lt;init&gt;(Commands.java:5)
	at io.michaelcane.Calculator.&lt;init&gt;(Calculator.java:6)
	at io.michaelcane.Commands.&lt;init&gt;(Commands.java:5)
	at io.michaelcane.Calculator.&lt;init&gt;(Calculator.java:6)
	at io.michaelcane.Commands.&lt;init&gt;(Commands.java:5)
	at io.michaelcane.Calculator.&lt;init&gt;(Calculator.java:6)
	at io.michaelcane.Commands.&lt;init&gt;(Commands.java:5)
	at io.michaelcane.Calculator.&lt;init&gt;(Calculator.java:6)
	at io.michaelcane.Commands.&lt;init&gt;(Commands.java:5)
	at io.michaelcane.Calculator.&lt;init&gt;(Calculator.java:6)
	at io.michaelcane.Commands.&lt;init&gt;(Commands.java:5)
	at io.michaelcane.Calculator.&lt;init&gt;(Calculator.java:6)
	at io.michaelcane.Commands.&lt;init&gt;(Commands.java:5)
	at io.michaelcane.Calculator.&lt;init&gt;(Calculator.java:6)
	at io.michaelcane.Commands.&lt;init&gt;(Commands.java:5)
	at io.michaelcane.Calculator.&lt;init&gt;(Calculator.java:6)
	at io.michaelcane.Commands.&lt;init&gt;(Commands.java:5)
	at io.michaelcane.Calculator.&lt;init&gt;(Calculator.java:6)
	at io.michaelcane.Commands.&lt;init&gt;(Commands.java:5)
	at io.michaelcane.Calculator.&lt;init&gt;(Calculator.java:6)
	at io.michaelcane.Commands.&lt;init&gt;(Commands.java:5)
	at io.michaelcane.Calculator.&lt;init&gt;(Calculator.java:6)
	at io.michaelcane.Commands.&lt;init&gt;(Commands.java:5)
	at io.michaelcane.Calculator.&lt;init&gt;(Calculator.java:6)
	at io.michaelcane.Commands.&lt;init&gt;(Commands.java:5)
	at io.michaelcane.Calculator.&lt;init&gt;(Calculator.java:6)
	at io.michaelcane.Commands.&lt;init&gt;(Commands.java:5)
	at io.michaelcane.Calculator.&lt;init&gt;(Calculator.java:6)
	at io.michaelcane.Commands.&lt;init&gt;(Commands.java:5)
	at io.michaelcane.Calculator.&lt;init&gt;(Calculator.java:6)
	at io.michaelcane.Commands.&lt;init&gt;(Commands.java:5)
	at io.michaelcane.Calculator.&lt;init&gt;(Calculator.java:6)
	at io.michaelcane.Commands.&lt;init&gt;(Commands.java:5)
	at io.michaelcane.Calculator.&lt;init&gt;(Calculator.java:6)
	at io.michaelcane.Commands.&lt;init&gt;(Commands.java:5)
	at io.michaelcane.Calculator.&lt;init&gt;(Calculator.java:6)
	at io.michaelcane.Commands.&lt;init&gt;(Commands.java:5)
	at io.michaelcane.Calculator.&lt;init&gt;(Calculator.java:6)
	at io.michaelcane.Commands.&lt;init&gt;(Commands.java:5)
	at io.michaelcane.Calculator.&lt;init&gt;(Calculator.java:6)
	at io.michaelcane.Commands.&lt;init&gt;(Commands.java:5)
	at io.michaelcane.Calculator.&lt;init&gt;(Calculator.java:6)
	at io.michaelcane.Commands.&lt;init&gt;(Commands.java:5)
	at io.michaelcane.Calculator.&lt;init&gt;(Calculator.java:6)
	at io.michaelcane.Commands.&lt;init&gt;(Commands.java:5)
	at io.michaelcane.Calculator.&lt;init&gt;(Calculator.java:6)
	at io.michaelcane.Commands.&lt;init&gt;(Commands.java:5)
	at io.michaelcane.Calculator.&lt;init&gt;(Calculator.java:6)
	at io.michaelcane.Commands.&lt;init&gt;(Commands.java:5)
	at io.michaelcane.Calculator.&lt;init&gt;(Calculator.java:6)
	at io.michaelcane.Commands.&lt;init&gt;(Commands.java:5)
	at io.michaelcane.Calculator.&lt;init&gt;(Calculator.java:6)
	at io.michaelcane.Commands.&lt;init&gt;(Commands.java:5)
	at io.michaelcane.Calculator.&lt;init&gt;(Calculator.java:6)
	at io.michaelcane.Commands.&lt;init&gt;(Commands.java:5)
	at io.michaelcane.Calculator.&lt;init&gt;(Calculator.java:6)
	at io.michaelcane.Commands.&lt;init&gt;(Commands.java:5)
	at io.michaelcane.Calculator.&lt;init&gt;(Calculator.java:6)
	at io.michaelcane.Commands.&lt;init&gt;(Commands.java:5)
	at io.michaelcane.Calculator.&lt;init&gt;(Calculator.java:6)
	at io.michaelcane.Commands.&lt;init&gt;(Commands.java:5)
	at io.michaelcane.Calculator.&lt;init&gt;(Calculator.java:6)
	at io.michaelcane.Commands.&lt;init&gt;(Commands.java:5)
	at io.michaelcane.Calculator.&lt;init&gt;(Calculator.java:6)
	at io.michaelcane.Commands.&lt;init&gt;(Commands.java:5)
	at io.michaelcane.Calculator.&lt;init&gt;(Calculator.java:6)
	at io.michaelcane.Commands.&lt;init&gt;(Commands.java:5)
	at io.michaelcane.Calculator.&lt;init&gt;(Calculator.java:6)
	at io.michaelcane.Commands.&lt;init&gt;(Commands.java:5)
	at io.michaelcane.Calculator.&lt;init&gt;(Calculator.java:6)
	at io.michaelcane.Commands.&lt;init&gt;(Commands.java:5)
	at io.michaelcane.Calculator.&lt;init&gt;(Calculator.java:6)
	at io.michaelcane.Commands.&lt;init&gt;(Commands.java:5)
	at io.michaelcane.Calculator.&lt;init&gt;(Calculator.java:6)
	at io.michaelcane.Commands.&lt;init&gt;(Commands.java:5)
	at io.michaelcane.Calculator.&lt;init&gt;(Calculator.java:6)
	at io.michaelcane.Commands.&lt;init&gt;(Commands.java:5)
	at io.michaelcane.Calculator.&lt;init&gt;(Calculator.java:6)
	at io.michaelcane.Commands.&lt;init&gt;(Commands.java:5)
	at io.michaelcane.Calculator.&lt;init&gt;(Calculator.java:6)
	at io.michaelcane.Commands.&lt;init&gt;(Commands.java:5)
	at io.michaelcane.Calculator.&lt;init&gt;(Calculator.java:6)
	at io.michaelcane.Commands.&lt;init&gt;(Commands.java:5)
	at io.michaelcane.Calculator.&lt;init&gt;(Calculator.java:6)
	at io.michaelcane.Commands.&lt;init&gt;(Commands.java:5)
	at io.michaelcane.Calculator.&lt;init&gt;(Calculator.java:6)
	at io.michaelcane.Commands.&lt;init&gt;(Commands.java:5)
	at io.michaelcane.Calculator.&lt;init&gt;(Calculator.java:6)
	at io.michaelcane.Commands.&lt;init&gt;(Commands.java:5)
	at io.michaelcane.Calculator.&lt;init&gt;(Calculator.java:6)
	at io.michaelcane.Commands.&lt;init&gt;(Commands.java:5)
	at io.michaelcane.Calculator.&lt;init&gt;(Calculator.java:6)
	at io.michaelcane.Commands.&lt;init&gt;(Commands.java:5)
	at io.michaelcane.Calculator.&lt;init&gt;(Calculator.java:6)
	at io.michaelcane.Commands.&lt;init&gt;(Commands.java:5)
	at io.michaelcane.Calculator.&lt;init&gt;(Calculator.java:6)
	at io.michaelcane.Commands.&lt;init&gt;(Commands.java:5)
	at io.michaelcane.Calculator.&lt;init&gt;(Calculator.java:6)
	at io.michaelcane.Commands.&lt;init&gt;(Commands.java:5)
	at io.michaelcane.Calculator.&lt;init&gt;(Calculator.java:6)
	at io.michaelcane.Commands.&lt;init&gt;(Commands.java:5)
	at io.michaelcane.Calculator.&lt;init&gt;(Calculator.java:6)
	at io.michaelcane.Commands.&lt;init&gt;(Commands.java:5)
	at io.michaelcane.Calculator.&lt;init&gt;(Calculator.java:6)
	at io.michaelcane.Commands.&lt;init&gt;(Commands.java:5)
	at io.michaelcane.Calculator.&lt;init&gt;(Calculator.java:6)
	at io.michaelcane.Commands.&lt;init&gt;(Commands.java:5)
	at io.michaelcane.Calculator.&lt;init&gt;(Calculator.java:6)
	at io.michaelcane.Commands.&lt;init&gt;(Commands.java:5)
	at io.michaelcane.Calculator.&lt;init&gt;(Calculator.java:6)
	at io.michaelcane.Commands.&lt;init&gt;(Commands.java:5)
	at io.michaelcane.Calculator.&lt;init&gt;(Calculator.java:6)
	at io.michaelcane.Commands.&lt;init&gt;(Commands.java:5)
	at io.michaelcane.Calculator.&lt;init&gt;(Calculator.java:6)
	at io.michaelcane.Commands.&lt;init&gt;(Commands.java:5)
	at io.michaelcane.Calculator.&lt;init&gt;(Calculator.java:6)
	at io.michaelcane.Commands.&lt;init&gt;(Commands.java:5)
	at io.michaelcane.Calculator.&lt;init&gt;(Calculator.java:6)
	at io.michaelcane.Commands.&lt;init&gt;(Commands.java:5)
	at io.michaelcane.Calculator.&lt;init&gt;(Calculator.java:6)
	at io.michaelcane.Commands.&lt;init&gt;(Commands.java:5)
	at io.michaelcane.Calculator.&lt;init&gt;(Calculator.java:6)
	at io.michaelcane.Commands.&lt;init&gt;(Commands.java:5)
	at io.michaelcane.Calculator.&lt;init&gt;(Calculator.java:6)
	at io.michaelcane.Commands.&lt;init&gt;(Commands.java:5)
	at io.michaelcane.Calculator.&lt;init&gt;(Calculator.java:6)
	at io.michaelcane.Commands.&lt;init&gt;(Commands.java:5)
	at io.michaelcane.Calculator.&lt;init&gt;(Calculator.java:6)
	at io.michaelcane.Commands.&lt;init&gt;(Commands.java:5)
	at io.michaelcane.Calculator.&lt;init&gt;(Calculator.java:6)
	at io.michaelcane.Commands.&lt;init&gt;(Commands.java:5)
	at io.michaelcane.Calculator.&lt;init&gt;(Calculator.java:6)
	at io.michaelcane.Commands.&lt;init&gt;(Commands.java:5)
	at io.michaelcane.Calculator.&lt;init&gt;(Calculator.java:6)
	at io.michaelcane.Commands.&lt;init&gt;(Commands.java:5)
	at io.michaelcane.Calculator.&lt;init&gt;(Calculator.java:6)
	at io.michaelcane.Commands.&lt;init&gt;(Commands.java:5)
	at io.michaelcane.Calculator.&lt;init&gt;(Calculator.java:6)
	at io.michaelcane.Commands.&lt;init&gt;(Commands.java:5)
	at io.michaelcane.Calculator.&lt;init&gt;(Calculator.java:6)
	at io.michaelcane.Commands.&lt;init&gt;(Commands.java:5)
	at io.michaelcane.Calculator.&lt;init&gt;(Calculator.java:6)
	at io.michaelcane.Commands.&lt;init&gt;(Commands.java:5)
	at io.michaelcane.Calculator.&lt;init&gt;(Calculator.java:6)
	at io.michaelcane.Commands.&lt;init&gt;(Commands.java:5)
	at io.michaelcane.Calculator.&lt;init&gt;(Calculator.java:6)
	at io.michaelcane.Commands.&lt;init&gt;(Commands.java:5)
	at io.michaelcane.Calculator.&lt;init&gt;(Calculator.java:6)
	at io.michaelcane.Commands.&lt;init&gt;(Commands.java:5)
	at io.michaelcane.Calculator.&lt;init&gt;(Calculator.java:6)
	at io.michaelcane.Commands.&lt;init&gt;(Commands.java:5)
	at io.michaelcane.Calculator.&lt;init&gt;(Calculator.java:6)
	at io.michaelcane.Commands.&lt;init&gt;(Commands.java:5)
	at io.michaelcane.Calculator.&lt;init&gt;(Calculator.java:6)
	at io.michaelcane.Commands.&lt;init&gt;(Commands.java:5)
	at io.michaelcane.Calculator.&lt;init&gt;(Calculator.java:6)
	at io.michaelcane.Commands.&lt;init&gt;(Commands.java:5)
	at io.michaelcane.Calculator.&lt;init&gt;(Calculator.java:6)
	at io.michaelcane.Commands.&lt;init&gt;(Commands.java:5)
	at io.michaelcane.Calculator.&lt;init&gt;(Calculator.java:6)
	at io.michaelcane.Commands.&lt;init&gt;(Commands.java:5)
	at io.michaelcane.Calculator.&lt;init&gt;(Calculator.java:6)
	at io.michaelcane.Commands.&lt;init&gt;(Commands.java:5)
	at io.michaelcane.Calculator.&lt;init&gt;(Calculator.java:6)
	at io.michaelcane.Commands.&lt;init&gt;(Commands.java:5)
	at io.michaelcane.Calculator.&lt;init&gt;(Calculator.java:6)
	at io.michaelcane.Commands.&lt;init&gt;(Commands.java:5)
	at io.michaelcane.Calculator.&lt;init&gt;(Calculator.java:6)
	at io.michaelcane.Commands.&lt;init&gt;(Commands.java:5)
	at io.michaelcane.Calculator.&lt;init&gt;(Calculator.java:6)
	at io.michaelcane.Commands.&lt;init&gt;(Commands.java:5)
	at io.michaelcane.Calculator.&lt;init&gt;(Calculator.java:6)
	at io.michaelcane.Commands.&lt;init&gt;(Commands.java:5)
	at io.michaelcane.Calculator.&lt;init&gt;(Calculator.java:6)
	at io.michaelcane.Commands.&lt;init&gt;(Commands.java:5)
	at io.michaelcane.Calculator.&lt;init&gt;(Calculator.java:6)
	at io.michaelcane.Commands.&lt;init&gt;(Commands.java:5)
	at io.michaelcane.Calculator.&lt;init&gt;(Calculator.java:6)
	at io.michaelcane.Commands.&lt;init&gt;(Commands.java:5)
	at io.michaelcane.Calculator.&lt;init&gt;(Calculator.java:6)
	at io.michaelcane.Commands.&lt;init&gt;(Commands.java:5)
	at io.michaelcane.Calculator.&lt;init&gt;(Calculator.java:6)
	at io.michaelcane.Commands.&lt;init&gt;(Commands.java:5)
	at io.michaelcane.Calculator.&lt;init&gt;(Calculator.java:6)
	at io.michaelcane.Commands.&lt;init&gt;(Commands.java:5)
	at io.michaelcane.Calculator.&lt;init&gt;(Calculator.java:6)
	at io.michaelcane.Commands.&lt;init&gt;(Commands.java:5)
	at io.michaelcane.Calculator.&lt;init&gt;(Calculator.java:6)
	at io.michaelcane.Commands.&lt;init&gt;(Commands.java:5)
	at io.michaelcane.Calculator.&lt;init&gt;(Calculator.java:6)
	at io.michaelcane.Commands.&lt;init&gt;(Commands.java:5)
	at io.michaelcane.Calculator.&lt;init&gt;(Calculator.java:6)
	at io.michaelcane.Commands.&lt;init&gt;(Commands.java:5)
	at io.michaelcane.Calculator.&lt;init&gt;(Calculator.java:6)
	at io.michaelcane.Commands.&lt;init&gt;(Commands.java:5)
	at io.michaelcane.Calculator.&lt;init&gt;(Calculator.java:6)
	at io.michaelcane.Commands.&lt;init&gt;(Commands.java:5)
	at io.michaelcane.Calculator.&lt;init&gt;(Calculator.java:6)
	at io.michaelcane.Commands.&lt;init&gt;(Commands.java:5)
	at io.michaelcane.Calculator.&lt;init&gt;(Calculator.java:6)
	at io.michaelcane.Commands.&lt;init&gt;(Commands.java:5)
	at io.michaelcane.Calculator.&lt;init&gt;(Calculator.java:6)
	at io.michaelcane.Commands.&lt;init&gt;(Commands.java:5)
	at io.michaelcane.Calculator.&lt;init&gt;(Calculator.java:6)
	at io.michaelcane.Commands.&lt;init&gt;(Commands.java:5)
	at io.michaelcane.Calculator.&lt;init&gt;(Calculator.java:6)
	at io.michaelcane.Commands.&lt;init&gt;(Commands.java:5)
	at io.michaelcane.Calculator.&lt;init&gt;(Calculator.java:6)
	at io.michaelcane.Commands.&lt;init&gt;(Commands.java:5)
	at io.michaelcane.Calculator.&lt;init&gt;(Calculator.java:6)
	at io.michaelcane.Commands.&lt;init&gt;(Commands.java:5)
	at io.michaelcane.Calculator.&lt;init&gt;(Calculator.java:6)
	at io.michaelcane.Commands.&lt;init&gt;(Commands.java:5)
	at io.michaelcane.Calculator.&lt;init&gt;(Calculator.java:6)
	at io.michaelcane.Commands.&lt;init&gt;(Commands.java:5)
	at io.michaelcane.Calculator.&lt;init&gt;(Calculator.java:6)
	at io.michaelcane.Commands.&lt;init&gt;(Commands.java:5)
	at io.michaelcane.Calculator.&lt;init&gt;(Calculator.java:6)
	at io.michaelcane.Commands.&lt;init&gt;(Commands.java:5)
	at io.michaelcane.Calculator.&lt;init&gt;(Calculator.java:6)
	at io.michaelcane.Commands.&lt;init&gt;(Commands.java:5)
	at io.michaelcane.Calculator.&lt;init&gt;(Calculator.java:6)
	at io.michaelcane.Commands.&lt;init&gt;(Commands.java:5)
	at io.michaelcane.Calculator.&lt;init&gt;(Calculator.java:6)
	at io.michaelcane.Commands.&lt;init&gt;(Commands.java:5)
	at io.michaelcane.Calculator.&lt;init&gt;(Calculator.java:6)
	at io.michaelcane.Commands.&lt;init&gt;(Commands.java:5)
	at io.michaelcane.Calculator.&lt;init&gt;(Calculator.java:6)
	at io.michaelcane.Commands.&lt;init&gt;(Commands.java:5)
	at io.michaelcane.Calculator.&lt;init&gt;(Calculator.java:6)
	at io.michaelcane.Commands.&lt;init&gt;(Commands.java:5)
	at io.michaelcane.Calculator.&lt;init&gt;(Calculator.java:6)
	at io.michaelcane.Commands.&lt;init&gt;(Commands.java:5)
	at io.michaelcane.Calculator.&lt;init&gt;(Calculator.java:6)
	at io.michaelcane.Commands.&lt;init&gt;(Commands.java:5)
	at io.michaelcane.Calculator.&lt;init&gt;(Calculator.java:6)
	at io.michaelcane.Commands.&lt;init&gt;(Commands.java:5)
	at io.michaelcane.Calculator.&lt;init&gt;(Calculator.java:6)
	at io.michaelcane.Commands.&lt;init&gt;(Commands.java:5)
	at io.michaelcane.Calculator.&lt;init&gt;(Calculator.java:6)
	at io.michaelcane.Commands.&lt;init&gt;(Commands.java:5)
	at io.michaelcane.Calculator.&lt;init&gt;(Calculator.java:6)
	at io.michaelcane.Commands.&lt;init&gt;(Commands.java:5)
	at io.michaelcane.Calculator.&lt;init&gt;(Calculator.java:6)
	at io.michaelcane.Commands.&lt;init&gt;(Commands.java:5)
	at io.michaelcane.Calculator.&lt;init&gt;(Calculator.java:6)
	at io.michaelcane.Commands.&lt;init&gt;(Commands.java:5)
	at io.michaelcane.Calculator.&lt;init&gt;(Calculator.java:6)
	at io.michaelcane.Commands.&lt;init&gt;(Commands.java:5)
	at io.michaelcane.Calculator.&lt;init&gt;(Calculator.java:6)
	at io.michaelcane.Commands.&lt;init&gt;(Commands.java:5)
	at io.michaelcane.Calculator.&lt;init&gt;(Calculator.java:6)
	at io.michaelcane.Commands.&lt;init&gt;(Commands.java:5)
	at io.michaelcane.Calculator.&lt;init&gt;(Calculator.java:6)
	at io.michaelcane.Commands.&lt;init&gt;(Commands.java:5)
	at io.michaelcane.Calculator.&lt;init&gt;(Calculator.java:6)
	at io.michaelcane.Commands.&lt;init&gt;(Commands.java:5)
	at io.michaelcane.Calculator.&lt;init&gt;(Calculator.java:6)
	at io.michaelcane.Commands.&lt;init&gt;(Commands.java:5)
	at io.michaelcane.Calculator.&lt;init&gt;(Calculator.java:6)
	at io.michaelcane.Commands.&lt;init&gt;(Commands.java:5)
	at io.michaelcane.Calculator.&lt;init&gt;(Calculator.java:6)
	at io.michaelcane.Commands.&lt;init&gt;(Commands.java:5)
	at io.michaelcane.Calculator.&lt;init&gt;(Calculator.java:6)
	at io.michaelcane.Commands.&lt;init&gt;(Commands.java:5)
	at io.michaelcane.Calculator.&lt;init&gt;(Calculator.java:6)
	at io.michaelcane.Commands.&lt;init&gt;(Commands.java:5)
	at io.michaelcane.Calculator.&lt;init&gt;(Calculator.java:6)
	at io.michaelcane.Commands.&lt;init&gt;(Commands.java:5)
	at io.michaelcane.Calculator.&lt;init&gt;(Calculator.java:6)
	at io.michaelcane.Commands.&lt;init&gt;(Commands.java:5)
	at io.michaelcane.Calculator.&lt;init&gt;(Calculator.java:6)
	at io.michaelcane.Commands.&lt;init&gt;(Commands.java:5)
	at io.michaelcane.Calculator.&lt;init&gt;(Calculator.java:6)
	at io.michaelcane.Commands.&lt;init&gt;(Commands.java:5)
	at io.michaelcane.Calculator.&lt;init&gt;(Calculator.java:6)
	at io.michaelcane.Commands.&lt;init&gt;(Commands.java:5)
	at io.michaelcane.Calculator.&lt;init&gt;(Calculator.java:6)
	at io.michaelcane.Commands.&lt;init&gt;(Commands.java:5)
	at io.michaelcane.Calculator.&lt;init&gt;(Calculator.java:6)
	at io.michaelcane.Commands.&lt;init&gt;(Commands.java:5)
	at io.michaelcane.Calculator.&lt;init&gt;(Calculator.java:6)
	at io.michaelcane.Commands.&lt;init&gt;(Commands.java:5)
	at io.michaelcane.Calculator.&lt;init&gt;(Calculator.java:6)
	at io.michaelcane.Commands.&lt;init&gt;(Commands.java:5)
	at io.michaelcane.Calculator.&lt;init&gt;(Calculator.java:6)
	at io.michaelcane.Commands.&lt;init&gt;(Commands.java:5)
	at io.michaelcane.Calculator.&lt;init&gt;(Calculator.java:6)
	at io.michaelcane.Commands.&lt;init&gt;(Commands.java:5)
	at io.michaelcane.Calculator.&lt;init&gt;(Calculator.java:6)
	at io.michaelcane.Commands.&lt;init&gt;(Commands.java:5)
	at io.michaelcane.Calculator.&lt;init&gt;(Calculator.java:6)
	at io.michaelcane.Commands.&lt;init&gt;(Commands.java:5)
	at io.michaelcane.Calculator.&lt;init&gt;(Calculator.java:6)
	at io.michaelcane.Commands.&lt;init&gt;(Commands.java:5)
	at io.michaelcane.Calculator.&lt;init&gt;(Calculator.java:6)
	at io.michaelcane.Commands.&lt;init&gt;(Commands.java:5)
	at io.michaelcane.Calculator.&lt;init&gt;(Calculator.java:6)
	at io.michaelcane.Commands.&lt;init&gt;(Commands.java:5)
	at io.michaelcane.Calculator.&lt;init&gt;(Calculator.java:6)
	at io.michaelcane.Commands.&lt;init&gt;(Commands.java:5)
	at io.michaelcane.Calculator.&lt;init&gt;(Calculator.java:6)
	at io.michaelcane.Commands.&lt;init&gt;(Commands.java:5)
	at io.michaelcane.Calculator.&lt;init&gt;(Calculator.java:6)
	at io.michaelcane.Commands.&lt;init&gt;(Commands.java:5)
	at io.michaelcane.Calculator.&lt;init&gt;(Calculator.java:6)
	at io.michaelcane.Commands.&lt;init&gt;(Commands.java:5)
	at io.michaelcane.Calculator.&lt;init&gt;(Calculator.java:6)
	at io.michaelcane.Commands.&lt;init&gt;(Commands.java:5)
	at io.michaelcane.Calculator.&lt;init&gt;(Calculator.java:6)
	at io.michaelcane.Commands.&lt;init&gt;(Commands.java:5)
	at io.michaelcane.Calculator.&lt;init&gt;(Calculator.java:6)
	at io.michaelcane.Commands.&lt;init&gt;(Commands.java:5)
	at io.michaelcane.Calculator.&lt;init&gt;(Calculator.java:6)
	at io.michaelcane.Commands.&lt;init&gt;(Commands.java:5)
	at io.michaelcane.Calculator.&lt;init&gt;(Calculator.java:6)
	at io.michaelcane.Commands.&lt;init&gt;(Commands.java:5)
	at io.michaelcane.Calculator.&lt;init&gt;(Calculator.java:6)
	at io.michaelcane.Commands.&lt;init&gt;(Commands.java:5)
	at io.michaelcane.Calculator.&lt;init&gt;(Calculator.java:6)
	at io.michaelcane.Commands.&lt;init&gt;(Commands.java:5)
	at io.michaelcane.Calculator.&lt;init&gt;(Calculator.java:6)
	at io.michaelcane.Commands.&lt;init&gt;(Commands.java:5)
	at io.michaelcane.Calculator.&lt;init&gt;(Calculator.java:6)
	at io.michaelcane.Commands.&lt;init&gt;(Commands.java:5)
	at io.michaelcane.Calculator.&lt;init&gt;(Calculator.java:6)
	at io.michaelcane.Commands.&lt;init&gt;(Commands.java:5)
	at io.michaelcane.Calculator.&lt;init&gt;(Calculator.java:6)
	at io.michaelcane.Commands.&lt;init&gt;(Commands.java:5)
	at io.michaelcane.Calculator.&lt;init&gt;(Calculator.java:6)
	at io.michaelcane.Commands.&lt;init&gt;(Commands.java:5)
	at io.michaelcane.Calculator.&lt;init&gt;(Calculator.java:6)
	at io.michaelcane.Commands.&lt;init&gt;(Commands.java:5)
	at io.michaelcane.Calculator.&lt;init&gt;(Calculator.java:6)
	at io.michaelcane.Commands.&lt;init&gt;(Commands.java:5)
	at io.michaelcane.Calculator.&lt;init&gt;(Calculator.java:6)
	at io.michaelcane.Commands.&lt;init&gt;(Commands.java:5)
	at io.michaelcane.Calculator.&lt;init&gt;(Calculator.java:6)
	at io.michaelcane.Commands.&lt;init&gt;(Commands.java:5)
	at io.michaelcane.Calculator.&lt;init&gt;(Calculator.java:6)
	at io.michaelcane.Commands.&lt;init&gt;(Commands.java:5)
	at io.michaelcane.Calculator.&lt;init&gt;(Calculator.java:6)
	at io.michaelcane.Commands.&lt;init&gt;(Commands.java:5)
	at io.michaelcane.Calculator.&lt;init&gt;(Calculator.java:6)
	at io.michaelcane.Commands.&lt;init&gt;(Commands.java:5)
	at io.michaelcane.Calculator.&lt;init&gt;(Calculator.java:6)
	at io.michaelcane.Commands.&lt;init&gt;(Commands.java:5)
	at io.michaelcane.Calculator.&lt;init&gt;(Calculator.java:6)
	at io.michaelcane.Commands.&lt;init&gt;(Commands.java:5)
	at io.michaelcane.Calculator.&lt;init&gt;(Calculator.java:6)
	at io.michaelcane.Commands.&lt;init&gt;(Commands.java:5)
	at io.michaelcane.Calculator.&lt;init&gt;(Calculator.java:6)
	at io.michaelcane.Commands.&lt;init&gt;(Commands.java:5)
	at io.michaelcane.Calculator.&lt;init&gt;(Calculator.java:6)
	at io.michaelcane.Commands.&lt;init&gt;(Commands.java:5)
	at io.michaelcane.Calculator.&lt;init&gt;(Calculator.java:6)
	at io.michaelcane.Commands.&lt;init&gt;(Commands.java:5)
	at io.michaelcane.Calculator.&lt;init&gt;(Calculator.java:6)
	at io.michaelcane.Commands.&lt;init&gt;(Commands.java:5)
	at io.michaelcane.Calculator.&lt;init&gt;(Calculator.java:6)
	at io.michaelcane.Commands.&lt;init&gt;(Commands.java:5)
	at io.michaelcane.Calculator.&lt;init&gt;(Calculator.java:6)
	at io.michaelcane.Commands.&lt;init&gt;(Commands.java:5)
	at io.michaelcane.Calculator.&lt;init&gt;(Calculator.java:6)
	at io.michaelcane.Commands.&lt;init&gt;(Commands.java:5)
	at io.michaelcane.Calculator.&lt;init&gt;(Calculator.java:6)
	at io.michaelcane.Commands.&lt;init&gt;(Commands.java:5)
	at io.michaelcane.Calculator.&lt;init&gt;(Calculator.java:6)
	at io.michaelcane.Commands.&lt;init&gt;(Commands.java:5)
	at io.michaelcane.Calculator.&lt;init&gt;(Calculator.java:6)
	at io.michaelcane.Commands.&lt;init&gt;(Commands.java:5)
	at io.michaelcane.Calculator.&lt;init&gt;(Calculator.java:6)
	at io.michaelcane.Commands.&lt;init&gt;(Commands.java:5)
	at io.michaelcane.Calculator.&lt;init&gt;(Calculator.java:6)
	at io.michaelcane.Commands.&lt;init&gt;(Commands.java:5)
	at io.michaelcane.Calculator.&lt;init&gt;(Calculator.java:6)
	at io.michaelcane.Commands.&lt;init&gt;(Commands.java:5)
	at io.michaelcane.Calculator.&lt;init&gt;(Calculator.java:6)
	at io.michaelcane.Commands.&lt;init&gt;(Commands.java:5)
	at io.michaelcane.Calculator.&lt;init&gt;(Calculator.java:6)
	at io.michaelcane.Commands.&lt;init&gt;(Commands.java:5)
	at io.michaelcane.Calculator.&lt;init&gt;(Calculator.java:6)
	at io.michaelcane.Commands.&lt;init&gt;(Commands.java:5)
	at io.michaelcane.Calculator.&lt;init&gt;(Calculator.java:6)
	at io.michaelcane.Commands.&lt;init&gt;(Commands.java:5)
	at io.michaelcane.Calculator.&lt;init&gt;(Calculator.java:6)
	at io.michaelcane.Commands.&lt;init&gt;(Commands.java:5)
	at io.michaelcane.Calculator.&lt;init&gt;(Calculator.java:6)
	at io.michaelcane.Commands.&lt;init&gt;(Commands.java:5)
	at io.michaelcane.Calculator.&lt;init&gt;(Calculator.java:6)
	at io.michaelcane.Commands.&lt;init&gt;(Commands.java:5)
	at io.michaelcane.Calculator.&lt;init&gt;(Calculator.java:6)
	at io.michaelcane.Commands.&lt;init&gt;(Commands.java:5)
	at io.michaelcane.Calculator.&lt;init&gt;(Calculator.java:6)
	at io.michaelcane.Commands.&lt;init&gt;(Commands.java:5)
	at io.michaelcane.Calculator.&lt;init&gt;(Calculator.java:6)
	at io.michaelcane.Commands.&lt;init&gt;(Commands.java:5)
	at io.michaelcane.Calculator.&lt;init&gt;(Calculator.java:6)
	at io.michaelcane.Commands.&lt;init&gt;(Commands.java:5)
	at io.michaelcane.Calculator.&lt;init&gt;(Calculator.java:6)
	at io.michaelcane.Commands.&lt;init&gt;(Commands.java:5)
	at io.michaelcane.Calculator.&lt;init&gt;(Calculator.java:6)
	at io.michaelcane.Commands.&lt;init&gt;(Commands.java:5)
	at io.michaelcane.Calculator.&lt;init&gt;(Calculator.java:6)
	at io.michaelcane.Commands.&lt;init&gt;(Commands.java:5)
	at io.michaelcane.Calculator.&lt;init&gt;(Calculator.java:6)
	at io.michaelcane.Commands.&lt;init&gt;(Commands.java:5)
	at io.michaelcane.Calculator.&lt;init&gt;(Calculator.java:6)
	at io.michaelcane.Commands.&lt;init&gt;(Commands.java:5)
	at io.michaelcane.Calculator.&lt;init&gt;(Calculator.java:6)
	at io.michaelcane.Commands.&lt;init&gt;(Commands.java:5)
	at io.michaelcane.Calculator.&lt;init&gt;(Calculator.java:6)
	at io.michaelcane.Commands.&lt;init&gt;(Commands.java:5)
	at io.michaelcane.Calculator.&lt;init&gt;(Calculator.java:6)
	at io.michaelcane.Commands.&lt;init&gt;(Commands.java:5)
	at io.michaelcane.Calculator.&lt;init&gt;(Calculator.java:6)
	at io.michaelcane.Commands.&lt;init&gt;(Commands.java:5)
	at io.michaelcane.Calculator.&lt;init&gt;(Calculator.java:6)
	at io.michaelcane.Commands.&lt;init&gt;(Commands.java:5)
	at io.michaelcane.Calculator.&lt;init&gt;(Calculator.java:6)
	at io.michaelcane.Commands.&lt;init&gt;(Commands.java:5)
	at io.michaelcane.Calculator.&lt;init&gt;(Calculator.java:6)
	at io.michaelcane.Commands.&lt;init&gt;(Commands.java:5)
	at io.michaelcane.Calculator.&lt;init&gt;(Calculator.java:6)
	at io.michaelcane.Commands.&lt;init&gt;(Commands.java:5)
	at io.michaelcane.Calculator.&lt;init&gt;(Calculator.java:6)
	at io.michaelcane.Commands.&lt;init&gt;(Commands.java:5)
	at io.michaelcane.Calculator.&lt;init&gt;(Calculator.java:6)
	at io.michaelcane.Commands.&lt;init&gt;(Commands.java:5)
	at io.michaelcane.Calculator.&lt;init&gt;(Calculator.java:6)
	at io.michaelcane.Commands.&lt;init&gt;(Commands.java:5)
	at io.michaelcane.Calculator.&lt;init&gt;(Calculator.java:6)
	at io.michaelcane.Commands.&lt;init&gt;(Commands.java:5)
	at io.michaelcane.Calculator.&lt;init&gt;(Calculator.java:6)
	at io.michaelcane.Commands.&lt;init&gt;(Commands.java:5)
	at io.michaelcane.Calculator.&lt;init&gt;(Calculator.java:6)
	at io.michaelcane.Commands.&lt;init&gt;(Commands.java:5)
	at io.michaelcane.Calculator.&lt;init&gt;(Calculator.java:6)
	at io.michaelcane.Commands.&lt;init&gt;(Commands.java:5)
	at io.michaelcane.Calculator.&lt;init&gt;(Calculator.java:6)
	at io.michaelcane.Commands.&lt;init&gt;(Commands.java:5)
	at io.michaelcane.Calculator.&lt;init&gt;(Calculator.java:6)
	at io.michaelcane.Commands.&lt;init&gt;(Commands.java:5)
	at io.michaelcane.Calculator.&lt;init&gt;(Calculator.java:6)
	at io.michaelcane.Commands.&lt;init&gt;(Commands.java:5)
	at io.michaelcane.Calculator.&lt;init&gt;(Calculator.java:6)
	at io.michaelcane.Commands.&lt;init&gt;(Commands.java:5)
	at io.michaelcane.Calculator.&lt;init&gt;(Calculator.java:6)
	at io.michaelcane.Commands.&lt;init&gt;(Commands.java:5)
	at io.michaelcane.Calculator.&lt;init&gt;(Calculator.java:6)
	at io.michaelcane.Commands.&lt;init&gt;(Commands.java:5)
	at io.michaelcane.Calculator.&lt;init&gt;(Calculator.java:6)
	at io.michaelcane.Commands.&lt;init&gt;(Commands.java:5)
	at io.michaelcane.Calculator.&lt;init&gt;(Calculator.java:6)
	at io.michaelcane.Commands.&lt;init&gt;(Commands.java:5)
	at io.michaelcane.Calculator.&lt;init&gt;(Calculator.java:6)
	at io.michaelcane.Commands.&lt;init&gt;(Commands.java:5)
	at io.michaelcane.Calculator.&lt;init&gt;(Calculator.java:6)
	at io.michaelcane.Commands.&lt;init&gt;(Commands.java:5)
	at io.michaelcane.Calculator.&lt;init&gt;(Calculator.java:6)
	at io.michaelcane.Commands.&lt;init&gt;(Commands.java:5)
	at io.michaelcane.Calculator.&lt;init&gt;(Calculator.java:6)
	at io.michaelcane.Commands.&lt;init&gt;(Commands.java:5)
	at io.michaelcane.Calculator.&lt;init&gt;(Calculator.java:6)
	at io.michaelcane.Commands.&lt;init&gt;(Commands.java:5)
	at io.michaelcane.Calculator.&lt;init&gt;(Calculator.java:6)
	at io.michaelcane.Commands.&lt;init&gt;(Commands.java:5)
	at io.michaelcane.Calculator.&lt;init&gt;(Calculator.java:6)
	at io.michaelcane.Commands.&lt;init&gt;(Commands.java:5)
	at io.michaelcane.Calculator.&lt;init&gt;(Calculator.java:6)
	at io.michaelcane.Commands.&lt;init&gt;(Commands.java:5)
	at io.michaelcane.Calculator.&lt;init&gt;(Calculator.java:6)
	at io.michaelcane.Commands.&lt;init&gt;(Commands.java:5)
	at io.michaelcane.Calculator.&lt;init&gt;(Calculator.java:6)
	at io.michaelcane.Commands.&lt;init&gt;(Commands.java:5)
	at io.michaelcane.Calculator.&lt;init&gt;(Calculator.java:6)
	at io.michaelcane.Commands.&lt;init&gt;(Commands.java:5)
	at io.michaelcane.Calculator.&lt;init&gt;(Calculator.java:6)
	at io.michaelcane.Commands.&lt;init&gt;(Commands.java:5)
	at io.michaelcane.Calculator.&lt;init&gt;(Calculator.java:6)
	at io.michaelcane.Commands.&lt;init&gt;(Commands.java:5)
	at io.michaelcane.Calculator.&lt;init&gt;(Calculator.java:6)
	at io.michaelcane.Commands.&lt;init&gt;(Commands.java:5)
	at io.michaelcane.Calculator.&lt;init&gt;(Calculator.java:6)
	at io.michaelcane.Commands.&lt;init&gt;(Commands.java:5)
	at io.michaelcane.Calculator.&lt;init&gt;(Calculator.java:6)
	at io.michaelcane.Commands.&lt;init&gt;(Commands.java:5)
	at io.michaelcane.Calculator.&lt;init&gt;(Calculator.java:6)
	at io.michaelcane.Commands.&lt;init&gt;(Commands.java:5)
	at io.michaelcane.Calculator.&lt;init&gt;(Calculator.java:6)
	at io.michaelcane.Commands.&lt;init&gt;(Commands.java:5)
	at io.michaelcane.Calculator.&lt;init&gt;(Calculator.java:6)
	at io.michaelcane.Commands.&lt;init&gt;(Commands.java:5)
	at io.michaelcane.Calculator.&lt;init&gt;(Calculator.java:6)
	at io.michaelcane.Commands.&lt;init&gt;(Commands.java:5)
	at io.michaelcane.Calculator.&lt;init&gt;(Calculator.java:6)
	at io.michaelcane.Commands.&lt;init&gt;(Commands.java:5)
	at io.michaelcane.Calculator.&lt;init&gt;(Calculator.java:6)
	at io.michaelcane.Commands.&lt;init&gt;(Commands.java:5)
	at io.michaelcane.Calculator.&lt;init&gt;(Calculator.java:6)
	at io.michaelcane.Commands.&lt;init&gt;(Commands.java:5)
	at io.michaelcane.Calculator.&lt;init&gt;(Calculator.java:6)
	at io.michaelcane.Commands.&lt;init&gt;(Commands.java:5)
	at io.michaelcane.Calculator.&lt;init&gt;(Calculator.java:6)
	at io.michaelcane.Commands.&lt;init&gt;(Commands.java:5)
	at io.michaelcane.Calculator.&lt;init&gt;(Calculator.java:6)
	at io.michaelcane.Commands.&lt;init&gt;(Commands.java:5)
	at io.michaelcane.Calculator.&lt;init&gt;(Calculator.java:6)
	at io.michaelcane.Commands.&lt;init&gt;(Commands.java:5)
	at io.michaelcane.Calculator.&lt;init&gt;(Calculator.java:6)
	at io.michaelcane.Commands.&lt;init&gt;(Commands.java:5)
	at io.michaelcane.Calculator.&lt;init&gt;(Calculator.java:6)
	at io.michaelcane.Commands.&lt;init&gt;(Commands.java:5)
	at io.michaelcane.Calculator.&lt;init&gt;(Calculator.java:6)
	at io.michaelcane.Commands.&lt;init&gt;(Commands.java:5)
	at io.michaelcane.Calculator.&lt;init&gt;(Calculator.java:6)
	at io.michaelcane.Commands.&lt;init&gt;(Commands.java:5)
	at io.michaelcane.Calculator.&lt;init&gt;(Calculator.java:6)
	at io.michaelcane.Commands.&lt;init&gt;(Commands.java:5)
	at io.michaelcane.Calculator.&lt;init&gt;(Calculator.java:6)
	at io.michaelcane.Commands.&lt;init&gt;(Commands.java:5)
	at io.michaelcane.Calculator.&lt;init&gt;(Calculator.java:6)
	at io.michaelcane.Commands.&lt;init&gt;(Commands.java:5)
	at io.michaelcane.Calculator.&lt;init&gt;(Calculator.java:6)
	at io.michaelcane.Commands.&lt;init&gt;(Commands.java:5)
	at io.michaelcane.Calculator.&lt;init&gt;(Calculator.java:6)
	at io.michaelcane.Commands.&lt;init&gt;(Commands.java:5)
	at io.michaelcane.Calculator.&lt;init&gt;(Calculator.java:6)
	at io.michaelcane.Commands.&lt;init&gt;(Commands.java:5)
	at io.michaelcane.Calculator.&lt;init&gt;(Calculator.java:6)
	at io.michaelcane.Commands.&lt;init&gt;(Commands.java:5)
	at io.michaelcane.Calculator.&lt;init&gt;(Calculator.java:6)
	at io.michaelcane.Commands.&lt;init&gt;(Commands.java:5)
	at io.michaelcane.Calculator.&lt;init&gt;(Calculator.java:6)
	at io.michaelcane.Commands.&lt;init&gt;(Commands.java:5)
	at io.michaelcane.Calculator.&lt;init&gt;(Calculator.java:6)
	at io.michaelcane.Commands.&lt;init&gt;(Commands.java:5)
	at io.michaelcane.Calculator.&lt;init&gt;(Calculator.java:6)
	at io.michaelcane.Commands.&lt;init&gt;(Commands.java:5)
	at io.michaelcane.Calculator.&lt;init&gt;(Calculator.java:6)
	at io.michaelcane.Commands.&lt;init&gt;(Commands.java:5)
	at io.michaelcane.Calculator.&lt;init&gt;(Calculator.java:6)
	at io.michaelcane.Commands.&lt;init&gt;(Commands.java:5)
	at io.michaelcane.Calculator.&lt;init&gt;(Calculator.java:6)
	at io.michaelcane.Commands.&lt;init&gt;(Commands.java:5)
	at io.michaelcane.Calculator.&lt;init&gt;(Calculator.java:6)
	at io.michaelcane.Commands.&lt;init&gt;(Commands.java:5)
	at io.michaelcane.Calculator.&lt;init&gt;(Calculator.java:6)
	at io.michaelcane.Commands.&lt;init&gt;(Commands.java:5)
	at io.michaelcane.Calculator.&lt;init&gt;(Calculator.java:6)
	at io.michaelcane.Commands.&lt;init&gt;(Commands.java:5)
	at io.michaelcane.Calculator.&lt;init&gt;(Calculator.java:6)
	at io.michaelcane.Commands.&lt;init&gt;(Commands.java:5)
	at io.michaelcane.Calculator.&lt;init&gt;(Calculator.java:6)
	at io.michaelcane.Commands.&lt;init&gt;(Commands.java:5)
	at io.michaelcane.Calculator.&lt;init&gt;(Calculator.java:6)
	at io.michaelcane.Commands.&lt;init&gt;(Commands.java:5)
	at io.michaelcane.Calculator.&lt;init&gt;(Calculator.java:6)
	at io.michaelcane.Commands.&lt;init&gt;(Commands.java:5)
	at io.michaelcane.Calculator.&lt;init&gt;(Calculator.java:6)
	at io.michaelcane.Commands.&lt;init&gt;(Commands.java:5)
	at io.michaelcane.Calculator.&lt;init&gt;(Calculator.java:6)
	at io.michaelcane.Commands.&lt;init&gt;(Commands.java:5)
	at io.michaelcane.Calculator.&lt;init&gt;(Calculator.java:6)
	at io.michaelcane.Commands.&lt;init&gt;(Commands.java:5)
	at io.michaelcane.Calculator.&lt;init&gt;(Calculator.java:6)
	at io.michaelcane.Commands.&lt;init&gt;(Commands.java:5)
	at io.michaelcane.Calculator.&lt;init&gt;(Calculator.java:6)
	at io.michaelcane.Commands.&lt;init&gt;(Commands.java:5)
	at io.michaelcane.Calculator.&lt;init&gt;(Calculator.java:6)
	at io.michaelcane.Commands.&lt;init&gt;(Commands.java:5)
	at io.michaelcane.Calculator.&lt;init&gt;(Calculator.java:6)
	at io.michaelcane.Commands.&lt;init&gt;(Commands.java:5)
	at io.michaelcane.Calculator.&lt;init&gt;(Calculator.java:6)
	at io.michaelcane.Commands.&lt;init&gt;(Commands.java:5)
	at io.michaelcane.Calculator.&lt;init&gt;(Calculator.java:6)
	at io.michaelcane.Commands.&lt;init&gt;(Commands.java:5)
	at io.michaelcane.Calculator.&lt;init&gt;(Calculator.java:6)
	at io.michaelcane.Commands.&lt;init&gt;(Commands.java:5)
	at io.michaelcane.Calculator.&lt;init&gt;(Calculator.java:6)
	at io.michaelcane.Commands.&lt;init&gt;(Commands.java:5)
	at io.michaelcane.Calculator.&lt;init&gt;(Calculator.java:6)
	at io.michaelcane.Commands.&lt;init&gt;(Commands.java:5)
	at io.michaelcane.Calculator.&lt;init&gt;(Calculator.java:6)
	at io.michaelcane.Commands.&lt;init&gt;(Commands.java:5)
	at io.michaelcane.Calculator.&lt;init&gt;(Calculator.java:6)
	at io.michaelcane.Commands.&lt;init&gt;(Commands.java:5)
	at io.michaelcane.Calculator.&lt;init&gt;(Calculator.java:6)
	at io.michaelcane.Commands.&lt;init&gt;(Commands.java:5)
	at io.michaelcane.Calculator.&lt;init&gt;(Calculator.java:6)
	at io.michaelcane.Commands.&lt;init&gt;(Commands.java:5)
</error>
  </testcase>
  <testcase classname="io.michaelcane.CalculatorSpec" name="test$tangent" time="0.009">
    <error type="java.lang.StackOverflowError">java.lang.StackOverflowError
	at io.michaelcane.Calculator.&lt;init&gt;(Calculator.java:6)
	at io.michaelcane.Commands.&lt;init&gt;(Commands.java:5)
	at io.michaelcane.Calculator.&lt;init&gt;(Calculator.java:6)
	at io.michaelcane.Commands.&lt;init&gt;(Commands.java:5)
	at io.michaelcane.Calculator.&lt;init&gt;(Calculator.java:6)
	at io.michaelcane.Commands.&lt;init&gt;(Commands.java:5)
	at io.michaelcane.Calculator.&lt;init&gt;(Calculator.java:6)
	at io.michaelcane.Commands.&lt;init&gt;(Commands.java:5)
	at io.michaelcane.Calculator.&lt;init&gt;(Calculator.java:6)
	at io.michaelcane.Commands.&lt;init&gt;(Commands.java:5)
	at io.michaelcane.Calculator.&lt;init&gt;(Calculator.java:6)
	at io.michaelcane.Commands.&lt;init&gt;(Commands.java:5)
	at io.michaelcane.Calculator.&lt;init&gt;(Calculator.java:6)
	at io.michaelcane.Commands.&lt;init&gt;(Commands.java:5)
	at io.michaelcane.Calculator.&lt;init&gt;(Calculator.java:6)
	at io.michaelcane.Commands.&lt;init&gt;(Commands.java:5)
	at io.michaelcane.Calculator.&lt;init&gt;(Calculator.java:6)
	at io.michaelcane.Commands.&lt;init&gt;(Commands.java:5)
	at io.michaelcane.Calculator.&lt;init&gt;(Calculator.java:6)
	at io.michaelcane.Commands.&lt;init&gt;(Commands.java:5)
	at io.michaelcane.Calculator.&lt;init&gt;(Calculator.java:6)
	at io.michaelcane.Commands.&lt;init&gt;(Commands.java:5)
	at io.michaelcane.Calculator.&lt;init&gt;(Calculator.java:6)
	at io.michaelcane.Commands.&lt;init&gt;(Commands.java:5)
	at io.michaelcane.Calculator.&lt;init&gt;(Calculator.java:6)
	at io.michaelcane.Commands.&lt;init&gt;(Commands.java:5)
	at io.michaelcane.Calculator.&lt;init&gt;(Calculator.java:6)
	at io.michaelcane.Commands.&lt;init&gt;(Commands.java:5)
	at io.michaelcane.Calculator.&lt;init&gt;(Calculator.java:6)
	at io.michaelcane.Commands.&lt;init&gt;(Commands.java:5)
	at io.michaelcane.Calculator.&lt;init&gt;(Calculator.java:6)
	at io.michaelcane.Commands.&lt;init&gt;(Commands.java:5)
	at io.michaelcane.Calculator.&lt;init&gt;(Calculator.java:6)
	at io.michaelcane.Commands.&lt;init&gt;(Commands.java:5)
	at io.michaelcane.Calculator.&lt;init&gt;(Calculator.java:6)
	at io.michaelcane.Commands.&lt;init&gt;(Commands.java:5)
	at io.michaelcane.Calculator.&lt;init&gt;(Calculator.java:6)
	at io.michaelcane.Commands.&lt;init&gt;(Commands.java:5)
	at io.michaelcane.Calculator.&lt;init&gt;(Calculator.java:6)
	at io.michaelcane.Commands.&lt;init&gt;(Commands.java:5)
	at io.michaelcane.Calculator.&lt;init&gt;(Calculator.java:6)
	at io.michaelcane.Commands.&lt;init&gt;(Commands.java:5)
	at io.michaelcane.Calculator.&lt;init&gt;(Calculator.java:6)
	at io.michaelcane.Commands.&lt;init&gt;(Commands.java:5)
	at io.michaelcane.Calculator.&lt;init&gt;(Calculator.java:6)
	at io.michaelcane.Commands.&lt;init&gt;(Commands.java:5)
	at io.michaelcane.Calculator.&lt;init&gt;(Calculator.java:6)
	at io.michaelcane.Commands.&lt;init&gt;(Commands.java:5)
	at io.michaelcane.Calculator.&lt;init&gt;(Calculator.java:6)
	at io.michaelcane.Commands.&lt;init&gt;(Commands.java:5)
	at io.michaelcane.Calculator.&lt;init&gt;(Calculator.java:6)
	at io.michaelcane.Commands.&lt;init&gt;(Commands.java:5)
	at io.michaelcane.Calculator.&lt;init&gt;(Calculator.java:6)
	at io.michaelcane.Commands.&lt;init&gt;(Commands.java:5)
	at io.michaelcane.Calculator.&lt;init&gt;(Calculator.java:6)
	at io.michaelcane.Commands.&lt;init&gt;(Commands.java:5)
	at io.michaelcane.Calculator.&lt;init&gt;(Calculator.java:6)
	at io.michaelcane.Commands.&lt;init&gt;(Commands.java:5)
	at io.michaelcane.Calculator.&lt;init&gt;(Calculator.java:6)
	at io.michaelcane.Commands.&lt;init&gt;(Commands.java:5)
	at io.michaelcane.Calculator.&lt;init&gt;(Calculator.java:6)
	at io.michaelcane.Commands.&lt;init&gt;(Commands.java:5)
	at io.michaelcane.Calculator.&lt;init&gt;(Calculator.java:6)
	at io.michaelcane.Commands.&lt;init&gt;(Commands.java:5)
	at io.michaelcane.Calculator.&lt;init&gt;(Calculator.java:6)
	at io.michaelcane.Commands.&lt;init&gt;(Commands.java:5)
	at io.michaelcane.Calculator.&lt;init&gt;(Calculator.java:6)
	at io.michaelcane.Commands.&lt;init&gt;(Commands.java:5)
	at io.michaelcane.Calculator.&lt;init&gt;(Calculator.java:6)
	at io.michaelcane.Commands.&lt;init&gt;(Commands.java:5)
	at io.michaelcane.Calculator.&lt;init&gt;(Calculator.java:6)
	at io.michaelcane.Commands.&lt;init&gt;(Commands.java:5)
	at io.michaelcane.Calculator.&lt;init&gt;(Calculator.java:6)
	at io.michaelcane.Commands.&lt;init&gt;(Commands.java:5)
	at io.michaelcane.Calculator.&lt;init&gt;(Calculator.java:6)
	at io.michaelcane.Commands.&lt;init&gt;(Commands.java:5)
	at io.michaelcane.Calculator.&lt;init&gt;(Calculator.java:6)
	at io.michaelcane.Commands.&lt;init&gt;(Commands.java:5)
	at io.michaelcane.Calculator.&lt;init&gt;(Calculator.java:6)
	at io.michaelcane.Commands.&lt;init&gt;(Commands.java:5)
	at io.michaelcane.Calculator.&lt;init&gt;(Calculator.java:6)
	at io.michaelcane.Commands.&lt;init&gt;(Commands.java:5)
	at io.michaelcane.Calculator.&lt;init&gt;(Calculator.java:6)
	at io.michaelcane.Commands.&lt;init&gt;(Commands.java:5)
	at io.michaelcane.Calculator.&lt;init&gt;(Calculator.java:6)
	at io.michaelcane.Commands.&lt;init&gt;(Commands.java:5)
	at io.michaelcane.Calculator.&lt;init&gt;(Calculator.java:6)
	at io.michaelcane.Commands.&lt;init&gt;(Commands.java:5)
	at io.michaelcane.Calculator.&lt;init&gt;(Calculator.java:6)
	at io.michaelcane.Commands.&lt;init&gt;(Commands.java:5)
	at io.michaelcane.Calculator.&lt;init&gt;(Calculator.java:6)
	at io.michaelcane.Commands.&lt;init&gt;(Commands.java:5)
	at io.michaelcane.Calculator.&lt;init&gt;(Calculator.java:6)
	at io.michaelcane.Commands.&lt;init&gt;(Commands.java:5)
	at io.michaelcane.Calculator.&lt;init&gt;(Calculator.java:6)
	at io.michaelcane.Commands.&lt;init&gt;(Commands.java:5)
	at io.michaelcane.Calculator.&lt;init&gt;(Calculator.java:6)
	at io.michaelcane.Commands.&lt;init&gt;(Commands.java:5)
	at io.michaelcane.Calculator.&lt;init&gt;(Calculator.java:6)
	at io.michaelcane.Commands.&lt;init&gt;(Commands.java:5)
	at io.michaelcane.Calculator.&lt;init&gt;(Calculator.java:6)
	at io.michaelcane.Commands.&lt;init&gt;(Commands.java:5)
	at io.michaelcane.Calculator.&lt;init&gt;(Calculator.java:6)
	at io.michaelcane.Commands.&lt;init&gt;(Commands.java:5)
	at io.michaelcane.Calculator.&lt;init&gt;(Calculator.java:6)
	at io.michaelcane.Commands.&lt;init&gt;(Commands.java:5)
	at io.michaelcane.Calculator.&lt;init&gt;(Calculator.java:6)
	at io.michaelcane.Commands.&lt;init&gt;(Commands.java:5)
	at io.michaelcane.Calculator.&lt;init&gt;(Calculator.java:6)
	at io.michaelcane.Commands.&lt;init&gt;(Commands.java:5)
	at io.michaelcane.Calculator.&lt;init&gt;(Calculator.java:6)
	at io.michaelcane.Commands.&lt;init&gt;(Commands.java:5)
	at io.michaelcane.Calculator.&lt;init&gt;(Calculator.java:6)
	at io.michaelcane.Commands.&lt;init&gt;(Commands.java:5)
	at io.michaelcane.Calculator.&lt;init&gt;(Calculator.java:6)
	at io.michaelcane.Commands.&lt;init&gt;(Commands.java:5)
	at io.michaelcane.Calculator.&lt;init&gt;(Calculator.java:6)
	at io.michaelcane.Commands.&lt;init&gt;(Commands.java:5)
	at io.michaelcane.Calculator.&lt;init&gt;(Calculator.java:6)
	at io.michaelcane.Commands.&lt;init&gt;(Commands.java:5)
	at io.michaelcane.Calculator.&lt;init&gt;(Calculator.java:6)
	at io.michaelcane.Commands.&lt;init&gt;(Commands.java:5)
	at io.michaelcane.Calculator.&lt;init&gt;(Calculator.java:6)
	at io.michaelcane.Commands.&lt;init&gt;(Commands.java:5)
	at io.michaelcane.Calculator.&lt;init&gt;(Calculator.java:6)
	at io.michaelcane.Commands.&lt;init&gt;(Commands.java:5)
	at io.michaelcane.Calculator.&lt;init&gt;(Calculator.java:6)
	at io.michaelcane.Commands.&lt;init&gt;(Commands.java:5)
	at io.michaelcane.Calculator.&lt;init&gt;(Calculator.java:6)
	at io.michaelcane.Commands.&lt;init&gt;(Commands.java:5)
	at io.michaelcane.Calculator.&lt;init&gt;(Calculator.java:6)
	at io.michaelcane.Commands.&lt;init&gt;(Commands.java:5)
	at io.michaelcane.Calculator.&lt;init&gt;(Calculator.java:6)
	at io.michaelcane.Commands.&lt;init&gt;(Commands.java:5)
	at io.michaelcane.Calculator.&lt;init&gt;(Calculator.java:6)
	at io.michaelcane.Commands.&lt;init&gt;(Commands.java:5)
	at io.michaelcane.Calculator.&lt;init&gt;(Calculator.java:6)
	at io.michaelcane.Commands.&lt;init&gt;(Commands.java:5)
	at io.michaelcane.Calculator.&lt;init&gt;(Calculator.java:6)
	at io.michaelcane.Commands.&lt;init&gt;(Commands.java:5)
	at io.michaelcane.Calculator.&lt;init&gt;(Calculator.java:6)
	at io.michaelcane.Commands.&lt;init&gt;(Commands.java:5)
	at io.michaelcane.Calculator.&lt;init&gt;(Calculator.java:6)
	at io.michaelcane.Commands.&lt;init&gt;(Commands.java:5)
	at io.michaelcane.Calculator.&lt;init&gt;(Calculator.java:6)
	at io.michaelcane.Commands.&lt;init&gt;(Commands.java:5)
	at io.michaelcane.Calculator.&lt;init&gt;(Calculator.java:6)
	at io.michaelcane.Commands.&lt;init&gt;(Commands.java:5)
	at io.michaelcane.Calculator.&lt;init&gt;(Calculator.java:6)
	at io.michaelcane.Commands.&lt;init&gt;(Commands.java:5)
	at io.michaelcane.Calculator.&lt;init&gt;(Calculator.java:6)
	at io.michaelcane.Commands.&lt;init&gt;(Commands.java:5)
	at io.michaelcane.Calculator.&lt;init&gt;(Calculator.java:6)
	at io.michaelcane.Commands.&lt;init&gt;(Commands.java:5)
	at io.michaelcane.Calculator.&lt;init&gt;(Calculator.java:6)
	at io.michaelcane.Commands.&lt;init&gt;(Commands.java:5)
	at io.michaelcane.Calculator.&lt;init&gt;(Calculator.java:6)
	at io.michaelcane.Commands.&lt;init&gt;(Commands.java:5)
	at io.michaelcane.Calculator.&lt;init&gt;(Calculator.java:6)
	at io.michaelcane.Commands.&lt;init&gt;(Commands.java:5)
	at io.michaelcane.Calculator.&lt;init&gt;(Calculator.java:6)
	at io.michaelcane.Commands.&lt;init&gt;(Commands.java:5)
	at io.michaelcane.Calculator.&lt;init&gt;(Calculator.java:6)
	at io.michaelcane.Commands.&lt;init&gt;(Commands.java:5)
	at io.michaelcane.Calculator.&lt;init&gt;(Calculator.java:6)
	at io.michaelcane.Commands.&lt;init&gt;(Commands.java:5)
	at io.michaelcane.Calculator.&lt;init&gt;(Calculator.java:6)
	at io.michaelcane.Commands.&lt;init&gt;(Commands.java:5)
	at io.michaelcane.Calculator.&lt;init&gt;(Calculator.java:6)
	at io.michaelcane.Commands.&lt;init&gt;(Commands.java:5)
	at io.michaelcane.Calculator.&lt;init&gt;(Calculator.java:6)
	at io.michaelcane.Commands.&lt;init&gt;(Commands.java:5)
	at io.michaelcane.Calculator.&lt;init&gt;(Calculator.java:6)
	at io.michaelcane.Commands.&lt;init&gt;(Commands.java:5)
	at io.michaelcane.Calculator.&lt;init&gt;(Calculator.java:6)
	at io.michaelcane.Commands.&lt;init&gt;(Commands.java:5)
	at io.michaelcane.Calculator.&lt;init&gt;(Calculator.java:6)
	at io.michaelcane.Commands.&lt;init&gt;(Commands.java:5)
	at io.michaelcane.Calculator.&lt;init&gt;(Calculator.java:6)
	at io.michaelcane.Commands.&lt;init&gt;(Commands.java:5)
	at io.michaelcane.Calculator.&lt;init&gt;(Calculator.java:6)
	at io.michaelcane.Commands.&lt;init&gt;(Commands.java:5)
	at io.michaelcane.Calculator.&lt;init&gt;(Calculator.java:6)
	at io.michaelcane.Commands.&lt;init&gt;(Commands.java:5)
	at io.michaelcane.Calculator.&lt;init&gt;(Calculator.java:6)
	at io.michaelcane.Commands.&lt;init&gt;(Commands.java:5)
	at io.michaelcane.Calculator.&lt;init&gt;(Calculator.java:6)
	at io.michaelcane.Commands.&lt;init&gt;(Commands.java:5)
	at io.michaelcane.Calculator.&lt;init&gt;(Calculator.java:6)
	at io.michaelcane.Commands.&lt;init&gt;(Commands.java:5)
	at io.michaelcane.Calculator.&lt;init&gt;(Calculator.java:6)
	at io.michaelcane.Commands.&lt;init&gt;(Commands.java:5)
	at io.michaelcane.Calculator.&lt;init&gt;(Calculator.java:6)
	at io.michaelcane.Commands.&lt;init&gt;(Commands.java:5)
	at io.michaelcane.Calculator.&lt;init&gt;(Calculator.java:6)
	at io.michaelcane.Commands.&lt;init&gt;(Commands.java:5)
	at io.michaelcane.Calculator.&lt;init&gt;(Calculator.java:6)
	at io.michaelcane.Commands.&lt;init&gt;(Commands.java:5)
	at io.michaelcane.Calculator.&lt;init&gt;(Calculator.java:6)
	at io.michaelcane.Commands.&lt;init&gt;(Commands.java:5)
	at io.michaelcane.Calculator.&lt;init&gt;(Calculator.java:6)
	at io.michaelcane.Commands.&lt;init&gt;(Commands.java:5)
	at io.michaelcane.Calculator.&lt;init&gt;(Calculator.java:6)
	at io.michaelcane.Commands.&lt;init&gt;(Commands.java:5)
	at io.michaelcane.Calculator.&lt;init&gt;(Calculator.java:6)
	at io.michaelcane.Commands.&lt;init&gt;(Commands.java:5)
	at io.michaelcane.Calculator.&lt;init&gt;(Calculator.java:6)
	at io.michaelcane.Commands.&lt;init&gt;(Commands.java:5)
	at io.michaelcane.Calculator.&lt;init&gt;(Calculator.java:6)
	at io.michaelcane.Commands.&lt;init&gt;(Commands.java:5)
	at io.michaelcane.Calculator.&lt;init&gt;(Calculator.java:6)
	at io.michaelcane.Commands.&lt;init&gt;(Commands.java:5)
	at io.michaelcane.Calculator.&lt;init&gt;(Calculator.java:6)
	at io.michaelcane.Commands.&lt;init&gt;(Commands.java:5)
	at io.michaelcane.Calculator.&lt;init&gt;(Calculator.java:6)
	at io.michaelcane.Commands.&lt;init&gt;(Commands.java:5)
	at io.michaelcane.Calculator.&lt;init&gt;(Calculator.java:6)
	at io.michaelcane.Commands.&lt;init&gt;(Commands.java:5)
	at io.michaelcane.Calculator.&lt;init&gt;(Calculator.java:6)
	at io.michaelcane.Commands.&lt;init&gt;(Commands.java:5)
	at io.michaelcane.Calculator.&lt;init&gt;(Calculator.java:6)
	at io.michaelcane.Commands.&lt;init&gt;(Commands.java:5)
	at io.michaelcane.Calculator.&lt;init&gt;(Calculator.java:6)
	at io.michaelcane.Commands.&lt;init&gt;(Commands.java:5)
	at io.michaelcane.Calculator.&lt;init&gt;(Calculator.java:6)
	at io.michaelcane.Commands.&lt;init&gt;(Commands.java:5)
	at io.michaelcane.Calculator.&lt;init&gt;(Calculator.java:6)
	at io.michaelcane.Commands.&lt;init&gt;(Commands.java:5)
	at io.michaelcane.Calculator.&lt;init&gt;(Calculator.java:6)
	at io.michaelcane.Commands.&lt;init&gt;(Commands.java:5)
	at io.michaelcane.Calculator.&lt;init&gt;(Calculator.java:6)
	at io.michaelcane.Commands.&lt;init&gt;(Commands.java:5)
	at io.michaelcane.Calculator.&lt;init&gt;(Calculator.java:6)
	at io.michaelcane.Commands.&lt;init&gt;(Commands.java:5)
	at io.michaelcane.Calculator.&lt;init&gt;(Calculator.java:6)
	at io.michaelcane.Commands.&lt;init&gt;(Commands.java:5)
	at io.michaelcane.Calculator.&lt;init&gt;(Calculator.java:6)
	at io.michaelcane.Commands.&lt;init&gt;(Commands.java:5)
	at io.michaelcane.Calculator.&lt;init&gt;(Calculator.java:6)
	at io.michaelcane.Commands.&lt;init&gt;(Commands.java:5)
	at io.michaelcane.Calculator.&lt;init&gt;(Calculator.java:6)
	at io.michaelcane.Commands.&lt;init&gt;(Commands.java:5)
	at io.michaelcane.Calculator.&lt;init&gt;(Calculator.java:6)
	at io.michaelcane.Commands.&lt;init&gt;(Commands.java:5)
	at io.michaelcane.Calculator.&lt;init&gt;(Calculator.java:6)
	at io.michaelcane.Commands.&lt;init&gt;(Commands.java:5)
	at io.michaelcane.Calculator.&lt;init&gt;(Calculator.java:6)
	at io.michaelcane.Commands.&lt;init&gt;(Commands.java:5)
	at io.michaelcane.Calculator.&lt;init&gt;(Calculator.java:6)
	at io.michaelcane.Commands.&lt;init&gt;(Commands.java:5)
	at io.michaelcane.Calculator.&lt;init&gt;(Calculator.java:6)
	at io.michaelcane.Commands.&lt;init&gt;(Commands.java:5)
	at io.michaelcane.Calculator.&lt;init&gt;(Calculator.java:6)
	at io.michaelcane.Commands.&lt;init&gt;(Commands.java:5)
	at io.michaelcane.Calculator.&lt;init&gt;(Calculator.java:6)
	at io.michaelcane.Commands.&lt;init&gt;(Commands.java:5)
	at io.michaelcane.Calculator.&lt;init&gt;(Calculator.java:6)
	at io.michaelcane.Commands.&lt;init&gt;(Commands.java:5)
	at io.michaelcane.Calculator.&lt;init&gt;(Calculator.java:6)
	at io.michaelcane.Commands.&lt;init&gt;(Commands.java:5)
	at io.michaelcane.Calculator.&lt;init&gt;(Calculator.java:6)
	at io.michaelcane.Commands.&lt;init&gt;(Commands.java:5)
	at io.michaelcane.Calculator.&lt;init&gt;(Calculator.java:6)
	at io.michaelcane.Commands.&lt;init&gt;(Commands.java:5)
	at io.michaelcane.Calculator.&lt;init&gt;(Calculator.java:6)
	at io.michaelcane.Commands.&lt;init&gt;(Commands.java:5)
	at io.michaelcane.Calculator.&lt;init&gt;(Calculator.java:6)
	at io.michaelcane.Commands.&lt;init&gt;(Commands.java:5)
	at io.michaelcane.Calculator.&lt;init&gt;(Calculator.java:6)
	at io.michaelcane.Commands.&lt;init&gt;(Commands.java:5)
	at io.michaelcane.Calculator.&lt;init&gt;(Calculator.java:6)
	at io.michaelcane.Commands.&lt;init&gt;(Commands.java:5)
	at io.michaelcane.Calculator.&lt;init&gt;(Calculator.java:6)
	at io.michaelcane.Commands.&lt;init&gt;(Commands.java:5)
	at io.michaelcane.Calculator.&lt;init&gt;(Calculator.java:6)
	at io.michaelcane.Commands.&lt;init&gt;(Commands.java:5)
	at io.michaelcane.Calculator.&lt;init&gt;(Calculator.java:6)
	at io.michaelcane.Commands.&lt;init&gt;(Commands.java:5)
	at io.michaelcane.Calculator.&lt;init&gt;(Calculator.java:6)
	at io.michaelcane.Commands.&lt;init&gt;(Commands.java:5)
	at io.michaelcane.Calculator.&lt;init&gt;(Calculator.java:6)
	at io.michaelcane.Commands.&lt;init&gt;(Commands.java:5)
	at io.michaelcane.Calculator.&lt;init&gt;(Calculator.java:6)
	at io.michaelcane.Commands.&lt;init&gt;(Commands.java:5)
	at io.michaelcane.Calculator.&lt;init&gt;(Calculator.java:6)
	at io.michaelcane.Commands.&lt;init&gt;(Commands.java:5)
	at io.michaelcane.Calculator.&lt;init&gt;(Calculator.java:6)
	at io.michaelcane.Commands.&lt;init&gt;(Commands.java:5)
	at io.michaelcane.Calculator.&lt;init&gt;(Calculator.java:6)
	at io.michaelcane.Commands.&lt;init&gt;(Commands.java:5)
	at io.michaelcane.Calculator.&lt;init&gt;(Calculator.java:6)
	at io.michaelcane.Commands.&lt;init&gt;(Commands.java:5)
	at io.michaelcane.Calculator.&lt;init&gt;(Calculator.java:6)
	at io.michaelcane.Commands.&lt;init&gt;(Commands.java:5)
	at io.michaelcane.Calculator.&lt;init&gt;(Calculator.java:6)
	at io.michaelcane.Commands.&lt;init&gt;(Commands.java:5)
	at io.michaelcane.Calculator.&lt;init&gt;(Calculator.java:6)
	at io.michaelcane.Commands.&lt;init&gt;(Commands.java:5)
	at io.michaelcane.Calculator.&lt;init&gt;(Calculator.java:6)
	at io.michaelcane.Commands.&lt;init&gt;(Commands.java:5)
	at io.michaelcane.Calculator.&lt;init&gt;(Calculator.java:6)
	at io.michaelcane.Commands.&lt;init&gt;(Commands.java:5)
	at io.michaelcane.Calculator.&lt;init&gt;(Calculator.java:6)
	at io.michaelcane.Commands.&lt;init&gt;(Commands.java:5)
	at io.michaelcane.Calculator.&lt;init&gt;(Calculator.java:6)
	at io.michaelcane.Commands.&lt;init&gt;(Commands.java:5)
	at io.michaelcane.Calculator.&lt;init&gt;(Calculator.java:6)
	at io.michaelcane.Commands.&lt;init&gt;(Commands.java:5)
	at io.michaelcane.Calculator.&lt;init&gt;(Calculator.java:6)
	at io.michaelcane.Commands.&lt;init&gt;(Commands.java:5)
	at io.michaelcane.Calculator.&lt;init&gt;(Calculator.java:6)
	at io.michaelcane.Commands.&lt;init&gt;(Commands.java:5)
	at io.michaelcane.Calculator.&lt;init&gt;(Calculator.java:6)
	at io.michaelcane.Commands.&lt;init&gt;(Commands.java:5)
	at io.michaelcane.Calculator.&lt;init&gt;(Calculator.java:6)
	at io.michaelcane.Commands.&lt;init&gt;(Commands.java:5)
	at io.michaelcane.Calculator.&lt;init&gt;(Calculator.java:6)
	at io.michaelcane.Commands.&lt;init&gt;(Commands.java:5)
	at io.michaelcane.Calculator.&lt;init&gt;(Calculator.java:6)
	at io.michaelcane.Commands.&lt;init&gt;(Commands.java:5)
	at io.michaelcane.Calculator.&lt;init&gt;(Calculator.java:6)
	at io.michaelcane.Commands.&lt;init&gt;(Commands.java:5)
	at io.michaelcane.Calculator.&lt;init&gt;(Calculator.java:6)
	at io.michaelcane.Commands.&lt;init&gt;(Commands.java:5)
	at io.michaelcane.Calculator.&lt;init&gt;(Calculator.java:6)
	at io.michaelcane.Commands.&lt;init&gt;(Commands.java:5)
	at io.michaelcane.Calculator.&lt;init&gt;(Calculator.java:6)
	at io.michaelcane.Commands.&lt;init&gt;(Commands.java:5)
	at io.michaelcane.Calculator.&lt;init&gt;(Calculator.java:6)
	at io.michaelcane.Commands.&lt;init&gt;(Commands.java:5)
	at io.michaelcane.Calculator.&lt;init&gt;(Calculator.java:6)
	at io.michaelcane.Commands.&lt;init&gt;(Commands.java:5)
	at io.michaelcane.Calculator.&lt;init&gt;(Calculator.java:6)
	at io.michaelcane.Commands.&lt;init&gt;(Commands.java:5)
	at io.michaelcane.Calculator.&lt;init&gt;(Calculator.java:6)
	at io.michaelcane.Commands.&lt;init&gt;(Commands.java:5)
	at io.michaelcane.Calculator.&lt;init&gt;(Calculator.java:6)
	at io.michaelcane.Commands.&lt;init&gt;(Commands.java:5)
	at io.michaelcane.Calculator.&lt;init&gt;(Calculator.java:6)
	at io.michaelcane.Commands.&lt;init&gt;(Commands.java:5)
	at io.michaelcane.Calculator.&lt;init&gt;(Calculator.java:6)
	at io.michaelcane.Commands.&lt;init&gt;(Commands.java:5)
	at io.michaelcane.Calculator.&lt;init&gt;(Calculator.java:6)
	at io.michaelcane.Commands.&lt;init&gt;(Commands.java:5)
	at io.michaelcane.Calculator.&lt;init&gt;(Calculator.java:6)
	at io.michaelcane.Commands.&lt;init&gt;(Commands.java:5)
	at io.michaelcane.Calculator.&lt;init&gt;(Calculator.java:6)
	at io.michaelcane.Commands.&lt;init&gt;(Commands.java:5)
	at io.michaelcane.Calculator.&lt;init&gt;(Calculator.java:6)
	at io.michaelcane.Commands.&lt;init&gt;(Commands.java:5)
	at io.michaelcane.Calculator.&lt;init&gt;(Calculator.java:6)
	at io.michaelcane.Commands.&lt;init&gt;(Commands.java:5)
	at io.michaelcane.Calculator.&lt;init&gt;(Calculator.java:6)
	at io.michaelcane.Commands.&lt;init&gt;(Commands.java:5)
	at io.michaelcane.Calculator.&lt;init&gt;(Calculator.java:6)
	at io.michaelcane.Commands.&lt;init&gt;(Commands.java:5)
	at io.michaelcane.Calculator.&lt;init&gt;(Calculator.java:6)
	at io.michaelcane.Commands.&lt;init&gt;(Commands.java:5)
	at io.michaelcane.Calculator.&lt;init&gt;(Calculator.java:6)
	at io.michaelcane.Commands.&lt;init&gt;(Commands.java:5)
	at io.michaelcane.Calculator.&lt;init&gt;(Calculator.java:6)
	at io.michaelcane.Commands.&lt;init&gt;(Commands.java:5)
	at io.michaelcane.Calculator.&lt;init&gt;(Calculator.java:6)
	at io.michaelcane.Commands.&lt;init&gt;(Commands.java:5)
	at io.michaelcane.Calculator.&lt;init&gt;(Calculator.java:6)
	at io.michaelcane.Commands.&lt;init&gt;(Commands.java:5)
	at io.michaelcane.Calculator.&lt;init&gt;(Calculator.java:6)
	at io.michaelcane.Commands.&lt;init&gt;(Commands.java:5)
	at io.michaelcane.Calculator.&lt;init&gt;(Calculator.java:6)
	at io.michaelcane.Commands.&lt;init&gt;(Commands.java:5)
	at io.michaelcane.Calculator.&lt;init&gt;(Calculator.java:6)
	at io.michaelcane.Commands.&lt;init&gt;(Commands.java:5)
	at io.michaelcane.Calculator.&lt;init&gt;(Calculator.java:6)
	at io.michaelcane.Commands.&lt;init&gt;(Commands.java:5)
	at io.michaelcane.Calculator.&lt;init&gt;(Calculator.java:6)
	at io.michaelcane.Commands.&lt;init&gt;(Commands.java:5)
	at io.michaelcane.Calculator.&lt;init&gt;(Calculator.java:6)
	at io.michaelcane.Commands.&lt;init&gt;(Commands.java:5)
	at io.michaelcane.Calculator.&lt;init&gt;(Calculator.java:6)
	at io.michaelcane.Commands.&lt;init&gt;(Commands.java:5)
	at io.michaelcane.Calculator.&lt;init&gt;(Calculator.java:6)
	at io.michaelcane.Commands.&lt;init&gt;(Commands.java:5)
	at io.michaelcane.Calculator.&lt;init&gt;(Calculator.java:6)
	at io.michaelcane.Commands.&lt;init&gt;(Commands.java:5)
	at io.michaelcane.Calculator.&lt;init&gt;(Calculator.java:6)
	at io.michaelcane.Commands.&lt;init&gt;(Commands.java:5)
	at io.michaelcane.Calculator.&lt;init&gt;(Calculator.java:6)
	at io.michaelcane.Commands.&lt;init&gt;(Commands.java:5)
	at io.michaelcane.Calculator.&lt;init&gt;(Calculator.java:6)
	at io.michaelcane.Commands.&lt;init&gt;(Commands.java:5)
	at io.michaelcane.Calculator.&lt;init&gt;(Calculator.java:6)
	at io.michaelcane.Commands.&lt;init&gt;(Commands.java:5)
	at io.michaelcane.Calculator.&lt;init&gt;(Calculator.java:6)
	at io.michaelcane.Commands.&lt;init&gt;(Commands.java:5)
	at io.michaelcane.Calculator.&lt;init&gt;(Calculator.java:6)
	at io.michaelcane.Commands.&lt;init&gt;(Commands.java:5)
	at io.michaelcane.Calculator.&lt;init&gt;(Calculator.java:6)
	at io.michaelcane.Commands.&lt;init&gt;(Commands.java:5)
	at io.michaelcane.Calculator.&lt;init&gt;(Calculator.java:6)
	at io.michaelcane.Commands.&lt;init&gt;(Commands.java:5)
	at io.michaelcane.Calculator.&lt;init&gt;(Calculator.java:6)
	at io.michaelcane.Commands.&lt;init&gt;(Commands.java:5)
	at io.michaelcane.Calculator.&lt;init&gt;(Calculator.java:6)
	at io.michaelcane.Commands.&lt;init&gt;(Commands.java:5)
	at io.michaelcane.Calculator.&lt;init&gt;(Calculator.java:6)
	at io.michaelcane.Commands.&lt;init&gt;(Commands.java:5)
	at io.michaelcane.Calculator.&lt;init&gt;(Calculator.java:6)
	at io.michaelcane.Commands.&lt;init&gt;(Commands.java:5)
	at io.michaelcane.Calculator.&lt;init&gt;(Calculator.java:6)
	at io.michaelcane.Commands.&lt;init&gt;(Commands.java:5)
	at io.michaelcane.Calculator.&lt;init&gt;(Calculator.java:6)
	at io.michaelcane.Commands.&lt;init&gt;(Commands.java:5)
	at io.michaelcane.Calculator.&lt;init&gt;(Calculator.java:6)
	at io.michaelcane.Commands.&lt;init&gt;(Commands.java:5)
	at io.michaelcane.Calculator.&lt;init&gt;(Calculator.java:6)
	at io.michaelcane.Commands.&lt;init&gt;(Commands.java:5)
	at io.michaelcane.Calculator.&lt;init&gt;(Calculator.java:6)
	at io.michaelcane.Commands.&lt;init&gt;(Commands.java:5)
	at io.michaelcane.Calculator.&lt;init&gt;(Calculator.java:6)
	at io.michaelcane.Commands.&lt;init&gt;(Commands.java:5)
	at io.michaelcane.Calculator.&lt;init&gt;(Calculator.java:6)
	at io.michaelcane.Commands.&lt;init&gt;(Commands.java:5)
	at io.michaelcane.Calculator.&lt;init&gt;(Calculator.java:6)
	at io.michaelcane.Commands.&lt;init&gt;(Commands.java:5)
	at io.michaelcane.Calculator.&lt;init&gt;(Calculator.java:6)
	at io.michaelcane.Commands.&lt;init&gt;(Commands.java:5)
	at io.michaelcane.Calculator.&lt;init&gt;(Calculator.java:6)
	at io.michaelcane.Commands.&lt;init&gt;(Commands.java:5)
	at io.michaelcane.Calculator.&lt;init&gt;(Calculator.java:6)
	at io.michaelcane.Commands.&lt;init&gt;(Commands.java:5)
	at io.michaelcane.Calculator.&lt;init&gt;(Calculator.java:6)
	at io.michaelcane.Commands.&lt;init&gt;(Commands.java:5)
	at io.michaelcane.Calculator.&lt;init&gt;(Calculator.java:6)
	at io.michaelcane.Commands.&lt;init&gt;(Commands.java:5)
	at io.michaelcane.Calculator.&lt;init&gt;(Calculator.java:6)
	at io.michaelcane.Commands.&lt;init&gt;(Commands.java:5)
	at io.michaelcane.Calculator.&lt;init&gt;(Calculator.java:6)
	at io.michaelcane.Commands.&lt;init&gt;(Commands.java:5)
	at io.michaelcane.Calculator.&lt;init&gt;(Calculator.java:6)
	at io.michaelcane.Commands.&lt;init&gt;(Commands.java:5)
	at io.michaelcane.Calculator.&lt;init&gt;(Calculator.java:6)
	at io.michaelcane.Commands.&lt;init&gt;(Commands.java:5)
	at io.michaelcane.Calculator.&lt;init&gt;(Calculator.java:6)
	at io.michaelcane.Commands.&lt;init&gt;(Commands.java:5)
	at io.michaelcane.Calculator.&lt;init&gt;(Calculator.java:6)
	at io.michaelcane.Commands.&lt;init&gt;(Commands.java:5)
	at io.michaelcane.Calculator.&lt;init&gt;(Calculator.java:6)
	at io.michaelcane.Commands.&lt;init&gt;(Commands.java:5)
	at io.michaelcane.Calculator.&lt;init&gt;(Calculator.java:6)
	at io.michaelcane.Commands.&lt;init&gt;(Commands.java:5)
	at io.michaelcane.Calculator.&lt;init&gt;(Calculator.java:6)
	at io.michaelcane.Commands.&lt;init&gt;(Commands.java:5)
	at io.michaelcane.Calculator.&lt;init&gt;(Calculator.java:6)
	at io.michaelcane.Commands.&lt;init&gt;(Commands.java:5)
	at io.michaelcane.Calculator.&lt;init&gt;(Calculator.java:6)
	at io.michaelcane.Commands.&lt;init&gt;(Commands.java:5)
	at io.michaelcane.Calculator.&lt;init&gt;(Calculator.java:6)
	at io.michaelcane.Commands.&lt;init&gt;(Commands.java:5)
	at io.michaelcane.Calculator.&lt;init&gt;(Calculator.java:6)
	at io.michaelcane.Commands.&lt;init&gt;(Commands.java:5)
	at io.michaelcane.Calculator.&lt;init&gt;(Calculator.java:6)
	at io.michaelcane.Commands.&lt;init&gt;(Commands.java:5)
	at io.michaelcane.Calculator.&lt;init&gt;(Calculator.java:6)
	at io.michaelcane.Commands.&lt;init&gt;(Commands.java:5)
	at io.michaelcane.Calculator.&lt;init&gt;(Calculator.java:6)
	at io.michaelcane.Commands.&lt;init&gt;(Commands.java:5)
	at io.michaelcane.Calculator.&lt;init&gt;(Calculator.java:6)
	at io.michaelcane.Commands.&lt;init&gt;(Commands.java:5)
	at io.michaelcane.Calculator.&lt;init&gt;(Calculator.java:6)
	at io.michaelcane.Commands.&lt;init&gt;(Commands.java:5)
	at io.michaelcane.Calculator.&lt;init&gt;(Calculator.java:6)
	at io.michaelcane.Commands.&lt;init&gt;(Commands.java:5)
	at io.michaelcane.Calculator.&lt;init&gt;(Calculator.java:6)
	at io.michaelcane.Commands.&lt;init&gt;(Commands.java:5)
	at io.michaelcane.Calculator.&lt;init&gt;(Calculator.java:6)
	at io.michaelcane.Commands.&lt;init&gt;(Commands.java:5)
	at io.michaelcane.Calculator.&lt;init&gt;(Calculator.java:6)
	at io.michaelcane.Commands.&lt;init&gt;(Commands.java:5)
	at io.michaelcane.Calculator.&lt;init&gt;(Calculator.java:6)
	at io.michaelcane.Commands.&lt;init&gt;(Commands.java:5)
	at io.michaelcane.Calculator.&lt;init&gt;(Calculator.java:6)
	at io.michaelcane.Commands.&lt;init&gt;(Commands.java:5)
	at io.michaelcane.Calculator.&lt;init&gt;(Calculator.java:6)
	at io.michaelcane.Commands.&lt;init&gt;(Commands.java:5)
	at io.michaelcane.Calculator.&lt;init&gt;(Calculator.java:6)
	at io.michaelcane.Commands.&lt;init&gt;(Commands.java:5)
	at io.michaelcane.Calculator.&lt;init&gt;(Calculator.java:6)
	at io.michaelcane.Commands.&lt;init&gt;(Commands.java:5)
	at io.michaelcane.Calculator.&lt;init&gt;(Calculator.java:6)
	at io.michaelcane.Commands.&lt;init&gt;(Commands.java:5)
	at io.michaelcane.Calculator.&lt;init&gt;(Calculator.java:6)
	at io.michaelcane.Commands.&lt;init&gt;(Commands.java:5)
	at io.michaelcane.Calculator.&lt;init&gt;(Calculator.java:6)
	at io.michaelcane.Commands.&lt;init&gt;(Commands.java:5)
	at io.michaelcane.Calculator.&lt;init&gt;(Calculator.java:6)
	at io.michaelcane.Commands.&lt;init&gt;(Commands.java:5)
	at io.michaelcane.Calculator.&lt;init&gt;(Calculator.java:6)
	at io.michaelcane.Commands.&lt;init&gt;(Commands.java:5)
	at io.michaelcane.Calculator.&lt;init&gt;(Calculator.java:6)
	at io.michaelcane.Commands.&lt;init&gt;(Commands.java:5)
	at io.michaelcane.Calculator.&lt;init&gt;(Calculator.java:6)
	at io.michaelcane.Commands.&lt;init&gt;(Commands.java:5)
	at io.michaelcane.Calculator.&lt;init&gt;(Calculator.java:6)
	at io.michaelcane.Commands.&lt;init&gt;(Commands.java:5)
	at io.michaelcane.Calculator.&lt;init&gt;(Calculator.java:6)
	at io.michaelcane.Commands.&lt;init&gt;(Commands.java:5)
	at io.michaelcane.Calculator.&lt;init&gt;(Calculator.java:6)
	at io.michaelcane.Commands.&lt;init&gt;(Commands.java:5)
	at io.michaelcane.Calculator.&lt;init&gt;(Calculator.java:6)
	at io.michaelcane.Commands.&lt;init&gt;(Commands.java:5)
	at io.michaelcane.Calculator.&lt;init&gt;(Calculator.java:6)
	at io.michaelcane.Commands.&lt;init&gt;(Commands.java:5)
	at io.michaelcane.Calculator.&lt;init&gt;(Calculator.java:6)
	at io.michaelcane.Commands.&lt;init&gt;(Commands.java:5)
	at io.michaelcane.Calculator.&lt;init&gt;(Calculator.java:6)
	at io.michaelcane.Commands.&lt;init&gt;(Commands.java:5)
	at io.michaelcane.Calculator.&lt;init&gt;(Calculator.java:6)
	at io.michaelcane.Commands.&lt;init&gt;(Commands.java:5)
	at io.michaelcane.Calculator.&lt;init&gt;(Calculator.java:6)
	at io.michaelcane.Commands.&lt;init&gt;(Commands.java:5)
	at io.michaelcane.Calculator.&lt;init&gt;(Calculator.java:6)
	at io.michaelcane.Commands.&lt;init&gt;(Commands.java:5)
	at io.michaelcane.Calculator.&lt;init&gt;(Calculator.java:6)
	at io.michaelcane.Commands.&lt;init&gt;(Commands.java:5)
	at io.michaelcane.Calculator.&lt;init&gt;(Calculator.java:6)
	at io.michaelcane.Commands.&lt;init&gt;(Commands.java:5)
	at io.michaelcane.Calculator.&lt;init&gt;(Calculator.java:6)
	at io.michaelcane.Commands.&lt;init&gt;(Commands.java:5)
	at io.michaelcane.Calculator.&lt;init&gt;(Calculator.java:6)
	at io.michaelcane.Commands.&lt;init&gt;(Commands.java:5)
	at io.michaelcane.Calculator.&lt;init&gt;(Calculator.java:6)
	at io.michaelcane.Commands.&lt;init&gt;(Commands.java:5)
	at io.michaelcane.Calculator.&lt;init&gt;(Calculator.java:6)
	at io.michaelcane.Commands.&lt;init&gt;(Commands.java:5)
	at io.michaelcane.Calculator.&lt;init&gt;(Calculator.java:6)
	at io.michaelcane.Commands.&lt;init&gt;(Commands.java:5)
	at io.michaelcane.Calculator.&lt;init&gt;(Calculator.java:6)
	at io.michaelcane.Commands.&lt;init&gt;(Commands.java:5)
	at io.michaelcane.Calculator.&lt;init&gt;(Calculator.java:6)
	at io.michaelcane.Commands.&lt;init&gt;(Commands.java:5)
	at io.michaelcane.Calculator.&lt;init&gt;(Calculator.java:6)
	at io.michaelcane.Commands.&lt;init&gt;(Commands.java:5)
	at io.michaelcane.Calculator.&lt;init&gt;(Calculator.java:6)
	at io.michaelcane.Commands.&lt;init&gt;(Commands.java:5)
	at io.michaelcane.Calculator.&lt;init&gt;(Calculator.java:6)
	at io.michaelcane.Commands.&lt;init&gt;(Commands.java:5)
	at io.michaelcane.Calculator.&lt;init&gt;(Calculator.java:6)
	at io.michaelcane.Commands.&lt;init&gt;(Commands.java:5)
	at io.michaelcane.Calculator.&lt;init&gt;(Calculator.java:6)
	at io.michaelcane.Commands.&lt;init&gt;(Commands.java:5)
	at io.michaelcane.Calculator.&lt;init&gt;(Calculator.java:6)
	at io.michaelcane.Commands.&lt;init&gt;(Commands.java:5)
	at io.michaelcane.Calculator.&lt;init&gt;(Calculator.java:6)
	at io.michaelcane.Commands.&lt;init&gt;(Commands.java:5)
	at io.michaelcane.Calculator.&lt;init&gt;(Calculator.java:6)
	at io.michaelcane.Commands.&lt;init&gt;(Commands.java:5)
	at io.michaelcane.Calculator.&lt;init&gt;(Calculator.java:6)
	at io.michaelcane.Commands.&lt;init&gt;(Commands.java:5)
	at io.michaelcane.Calculator.&lt;init&gt;(Calculator.java:6)
	at io.michaelcane.Commands.&lt;init&gt;(Commands.java:5)
	at io.michaelcane.Calculator.&lt;init&gt;(Calculator.java:6)
	at io.michaelcane.Commands.&lt;init&gt;(Commands.java:5)
	at io.michaelcane.Calculator.&lt;init&gt;(Calculator.java:6)
	at io.michaelcane.Commands.&lt;init&gt;(Commands.java:5)
	at io.michaelcane.Calculator.&lt;init&gt;(Calculator.java:6)
	at io.michaelcane.Commands.&lt;init&gt;(Commands.java:5)
	at io.michaelcane.Calculator.&lt;init&gt;(Calculator.java:6)
	at io.michaelcane.Commands.&lt;init&gt;(Commands.java:5)
	at io.michaelcane.Calculator.&lt;init&gt;(Calculator.java:6)
	at io.michaelcane.Commands.&lt;init&gt;(Commands.java:5)
	at io.michaelcane.Calculator.&lt;init&gt;(Calculator.java:6)
	at io.michaelcane.Commands.&lt;init&gt;(Commands.java:5)
	at io.michaelcane.Calculator.&lt;init&gt;(Calculator.java:6)
	at io.michaelcane.Commands.&lt;init&gt;(Commands.java:5)
	at io.michaelcane.Calculator.&lt;init&gt;(Calculator.java:6)
	at io.michaelcane.Commands.&lt;init&gt;(Commands.java:5)
	at io.michaelcane.Calculator.&lt;init&gt;(Calculator.java:6)
	at io.michaelcane.Commands.&lt;init&gt;(Commands.java:5)
	at io.michaelcane.Calculator.&lt;init&gt;(Calculator.java:6)
	at io.michaelcane.Commands.&lt;init&gt;(Commands.java:5)
	at io.michaelcane.Calculator.&lt;init&gt;(Calculator.java:6)
	at io.michaelcane.Commands.&lt;init&gt;(Commands.java:5)
	at io.michaelcane.Calculator.&lt;init&gt;(Calculator.java:6)
	at io.michaelcane.Commands.&lt;init&gt;(Commands.java:5)
	at io.michaelcane.Calculator.&lt;init&gt;(Calculator.java:6)
	at io.michaelcane.Commands.&lt;init&gt;(Commands.java:5)
	at io.michaelcane.Calculator.&lt;init&gt;(Calculator.java:6)
	at io.michaelcane.Commands.&lt;init&gt;(Commands.java:5)
	at io.michaelcane.Calculator.&lt;init&gt;(Calculator.java:6)
	at io.michaelcane.Commands.&lt;init&gt;(Commands.java:5)
	at io.michaelcane.Calculator.&lt;init&gt;(Calculator.java:6)
	at io.michaelcane.Commands.&lt;init&gt;(Commands.java:5)
	at io.michaelcane.Calculator.&lt;init&gt;(Calculator.java:6)
	at io.michaelcane.Commands.&lt;init&gt;(Commands.java:5)
	at io.michaelcane.Calculator.&lt;init&gt;(Calculator.java:6)
	at io.michaelcane.Commands.&lt;init&gt;(Commands.java:5)
	at io.michaelcane.Calculator.&lt;init&gt;(Calculator.java:6)
	at io.michaelcane.Commands.&lt;init&gt;(Commands.java:5)
	at io.michaelcane.Calculator.&lt;init&gt;(Calculator.java:6)
	at io.michaelcane.Commands.&lt;init&gt;(Commands.java:5)
	at io.michaelcane.Calculator.&lt;init&gt;(Calculator.java:6)
	at io.michaelcane.Commands.&lt;init&gt;(Commands.java:5)
	at io.michaelcane.Calculator.&lt;init&gt;(Calculator.java:6)
	at io.michaelcane.Commands.&lt;init&gt;(Commands.java:5)
	at io.michaelcane.Calculator.&lt;init&gt;(Calculator.java:6)
	at io.michaelcane.Commands.&lt;init&gt;(Commands.java:5)
	at io.michaelcane.Calculator.&lt;init&gt;(Calculator.java:6)
	at io.michaelcane.Commands.&lt;init&gt;(Commands.java:5)
	at io.michaelcane.Calculator.&lt;init&gt;(Calculator.java:6)
	at io.michaelcane.Commands.&lt;init&gt;(Commands.java:5)
	at io.michaelcane.Calculator.&lt;init&gt;(Calculator.java:6)
	at io.michaelcane.Commands.&lt;init&gt;(Commands.java:5)
	at io.michaelcane.Calculator.&lt;init&gt;(Calculator.java:6)
	at io.michaelcane.Commands.&lt;init&gt;(Commands.java:5)
	at io.michaelcane.Calculator.&lt;init&gt;(Calculator.java:6)
	at io.michaelcane.Commands.&lt;init&gt;(Commands.java:5)
	at io.michaelcane.Calculator.&lt;init&gt;(Calculator.java:6)
	at io.michaelcane.Commands.&lt;init&gt;(Commands.java:5)
	at io.michaelcane.Calculator.&lt;init&gt;(Calculator.java:6)
	at io.michaelcane.Commands.&lt;init&gt;(Commands.java:5)
	at io.michaelcane.Calculator.&lt;init&gt;(Calculator.java:6)
	at io.michaelcane.Commands.&lt;init&gt;(Commands.java:5)
	at io.michaelcane.Calculator.&lt;init&gt;(Calculator.java:6)
	at io.michaelcane.Commands.&lt;init&gt;(Commands.java:5)
	at io.michaelcane.Calculator.&lt;init&gt;(Calculator.java:6)
	at io.michaelcane.Commands.&lt;init&gt;(Commands.java:5)
	at io.michaelcane.Calculator.&lt;init&gt;(Calculator.java:6)
	at io.michaelcane.Commands.&lt;init&gt;(Commands.java:5)
	at io.michaelcane.Calculator.&lt;init&gt;(Calculator.java:6)
	at io.michaelcane.Commands.&lt;init&gt;(Commands.java:5)
	at io.michaelcane.Calculator.&lt;init&gt;(Calculator.java:6)
	at io.michaelcane.Commands.&lt;init&gt;(Commands.java:5)
	at io.michaelcane.Calculator.&lt;init&gt;(Calculator.java:6)
	at io.michaelcane.Commands.&lt;init&gt;(Commands.java:5)
	at io.michaelcane.Calculator.&lt;init&gt;(Calculator.java:6)
	at io.michaelcane.Commands.&lt;init&gt;(Commands.java:5)
	at io.michaelcane.Calculator.&lt;init&gt;(Calculator.java:6)
	at io.michaelcane.Commands.&lt;init&gt;(Commands.java:5)
	at io.michaelcane.Calculator.&lt;init&gt;(Calculator.java:6)
	at io.michaelcane.Commands.&lt;init&gt;(Commands.java:5)
	at io.michaelcane.Calculator.&lt;init&gt;(Calculator.java:6)
	at io.michaelcane.Commands.&lt;init&gt;(Commands.java:5)
	at io.michaelcane.Calculator.&lt;init&gt;(Calculator.java:6)
	at io.michaelcane.Commands.&lt;init&gt;(Commands.java:5)
	at io.michaelcane.Calculator.&lt;init&gt;(Calculator.java:6)
	at io.michaelcane.Commands.&lt;init&gt;(Commands.java:5)
	at io.michaelcane.Calculator.&lt;init&gt;(Calculator.java:6)
	at io.michaelcane.Commands.&lt;init&gt;(Commands.java:5)
	at io.michaelcane.Calculator.&lt;init&gt;(Calculator.java:6)
	at io.michaelcane.Commands.&lt;init&gt;(Commands.java:5)
	at io.michaelcane.Calculator.&lt;init&gt;(Calculator.java:6)
	at io.michaelcane.Commands.&lt;init&gt;(Commands.java:5)
	at io.michaelcane.Calculator.&lt;init&gt;(Calculator.java:6)
	at io.michaelcane.Commands.&lt;init&gt;(Commands.java:5)
	at io.michaelcane.Calculator.&lt;init&gt;(Calculator.java:6)
	at io.michaelcane.Commands.&lt;init&gt;(Commands.java:5)
	at io.michaelcane.Calculator.&lt;init&gt;(Calculator.java:6)
	at io.michaelcane.Commands.&lt;init&gt;(Commands.java:5)
	at io.michaelcane.Calculator.&lt;init&gt;(Calculator.java:6)
	at io.michaelcane.Commands.&lt;init&gt;(Commands.java:5)
	at io.michaelcane.Calculator.&lt;init&gt;(Calculator.java:6)
	at io.michaelcane.Commands.&lt;init&gt;(Commands.java:5)
	at io.michaelcane.Calculator.&lt;init&gt;(Calculator.java:6)
	at io.michaelcane.Commands.&lt;init&gt;(Commands.java:5)
	at io.michaelcane.Calculator.&lt;init&gt;(Calculator.java:6)
	at io.michaelcane.Commands.&lt;init&gt;(Commands.java:5)
	at io.michaelcane.Calculator.&lt;init&gt;(Calculator.java:6)
	at io.michaelcane.Commands.&lt;init&gt;(Commands.java:5)
	at io.michaelcane.Calculator.&lt;init&gt;(Calculator.java:6)
	at io.michaelcane.Commands.&lt;init&gt;(Commands.java:5)
	at io.michaelcane.Calculator.&lt;init&gt;(Calculator.java:6)
	at io.michaelcane.Commands.&lt;init&gt;(Commands.java:5)
	at io.michaelcane.Calculator.&lt;init&gt;(Calculator.java:6)
	at io.michaelcane.Commands.&lt;init&gt;(Commands.java:5)
	at io.michaelcane.Calculator.&lt;init&gt;(Calculator.java:6)
	at io.michaelcane.Commands.&lt;init&gt;(Commands.java:5)
	at io.michaelcane.Calculator.&lt;init&gt;(Calculator.java:6)
	at io.michaelcane.Commands.&lt;init&gt;(Commands.java:5)
	at io.michaelcane.Calculator.&lt;init&gt;(Calculator.java:6)
	at io.michaelcane.Commands.&lt;init&gt;(Commands.java:5)
	at io.michaelcane.Calculator.&lt;init&gt;(Calculator.java:6)
	at io.michaelcane.Commands.&lt;init&gt;(Commands.java:5)
	at io.michaelcane.Calculator.&lt;init&gt;(Calculator.java:6)
	at io.michaelcane.Commands.&lt;init&gt;(Commands.java:5)
	at io.michaelcane.Calculator.&lt;init&gt;(Calculator.java:6)
	at io.michaelcane.Commands.&lt;init&gt;(Commands.java:5)
	at io.michaelcane.Calculator.&lt;init&gt;(Calculator.java:6)
	at io.michaelcane.Commands.&lt;init&gt;(Commands.java:5)
	at io.michaelcane.Calculator.&lt;init&gt;(Calculator.java:6)
	at io.michaelcane.Commands.&lt;init&gt;(Commands.java:5)
	at io.michaelcane.Calculator.&lt;init&gt;(Calculator.java:6)
	at io.michaelcane.Commands.&lt;init&gt;(Commands.java:5)
	at io.michaelcane.Calculator.&lt;init&gt;(Calculator.java:6)
	at io.michaelcane.Commands.&lt;init&gt;(Commands.java:5)
	at io.michaelcane.Calculator.&lt;init&gt;(Calculator.java:6)
	at io.michaelcane.Commands.&lt;init&gt;(Commands.java:5)
	at io.michaelcane.Calculator.&lt;init&gt;(Calculator.java:6)
	at io.michaelcane.Commands.&lt;init&gt;(Commands.java:5)
	at io.michaelcane.Calculator.&lt;init&gt;(Calculator.java:6)
	at io.michaelcane.Commands.&lt;init&gt;(Commands.java:5)
	at io.michaelcane.Calculator.&lt;init&gt;(Calculator.java:6)
	at io.michaelcane.Commands.&lt;init&gt;(Commands.java:5)
	at io.michaelcane.Calculator.&lt;init&gt;(Calculator.java:6)
	at io.michaelcane.Commands.&lt;init&gt;(Commands.java:5)
	at io.michaelcane.Calculator.&lt;init&gt;(Calculator.java:6)
	at io.michaelcane.Commands.&lt;init&gt;(Commands.java:5)
	at io.michaelcane.Calculator.&lt;init&gt;(Calculator.java:6)
	at io.michaelcane.Commands.&lt;init&gt;(Commands.java:5)
	at io.michaelcane.Calculator.&lt;init&gt;(Calculator.java:6)
	at io.michaelcane.Commands.&lt;init&gt;(Commands.java:5)
	at io.michaelcane.Calculator.&lt;init&gt;(Calculator.java:6)
	at io.michaelcane.Commands.&lt;init&gt;(Commands.java:5)
	at io.michaelcane.Calculator.&lt;init&gt;(Calculator.java:6)
	at io.michaelcane.Commands.&lt;init&gt;(Commands.java:5)
	at io.michaelcane.Calculator.&lt;init&gt;(Calculator.java:6)
	at io.michaelcane.Commands.&lt;init&gt;(Commands.java:5)
	at io.michaelcane.Calculator.&lt;init&gt;(Calculator.java:6)
	at io.michaelcane.Commands.&lt;init&gt;(Commands.java:5)
	at io.michaelcane.Calculator.&lt;init&gt;(Calculator.java:6)
	at io.michaelcane.Commands.&lt;init&gt;(Commands.java:5)
	at io.michaelcane.Calculator.&lt;init&gt;(Calculator.java:6)
	at io.michaelcane.Commands.&lt;init&gt;(Commands.java:5)
	at io.michaelcane.Calculator.&lt;init&gt;(Calculator.java:6)
	at io.michaelcane.Commands.&lt;init&gt;(Commands.java:5)
	at io.michaelcane.Calculator.&lt;init&gt;(Calculator.java:6)
	at io.michaelcane.Commands.&lt;init&gt;(Commands.java:5)
	at io.michaelcane.Calculator.&lt;init&gt;(Calculator.java:6)
	at io.michaelcane.Commands.&lt;init&gt;(Commands.java:5)
	at io.michaelcane.Calculator.&lt;init&gt;(Calculator.java:6)
	at io.michaelcane.Commands.&lt;init&gt;(Commands.java:5)
	at io.michaelcane.Calculator.&lt;init&gt;(Calculator.java:6)
	at io.michaelcane.Commands.&lt;init&gt;(Commands.java:5)
	at io.michaelcane.Calculator.&lt;init&gt;(Calculator.java:6)
	at io.michaelcane.Commands.&lt;init&gt;(Commands.java:5)
	at io.michaelcane.Calculator.&lt;init&gt;(Calculator.java:6)
	at io.michaelcane.Commands.&lt;init&gt;(Commands.java:5)
	at io.michaelcane.Calculator.&lt;init&gt;(Calculator.java:6)
	at io.michaelcane.Commands.&lt;init&gt;(Commands.java:5)
	at io.michaelcane.Calculator.&lt;init&gt;(Calculator.java:6)
	at io.michaelcane.Commands.&lt;init&gt;(Commands.java:5)
	at io.michaelcane.Calculator.&lt;init&gt;(Calculator.java:6)
	at io.michaelcane.Commands.&lt;init&gt;(Commands.java:5)
	at io.michaelcane.Calculator.&lt;init&gt;(Calculator.java:6)
	at io.michaelcane.Commands.&lt;init&gt;(Commands.java:5)
	at io.michaelcane.Calculator.&lt;init&gt;(Calculator.java:6)
	at io.michaelcane.Commands.&lt;init&gt;(Commands.java:5)
	at io.michaelcane.Calculator.&lt;init&gt;(Calculator.java:6)
	at io.michaelcane.Commands.&lt;init&gt;(Commands.java:5)
	at io.michaelcane.Calculator.&lt;init&gt;(Calculator.java:6)
	at io.michaelcane.Commands.&lt;init&gt;(Commands.java:5)
	at io.michaelcane.Calculator.&lt;init&gt;(Calculator.java:6)
	at io.michaelcane.Commands.&lt;init&gt;(Commands.java:5)
	at io.michaelcane.Calculator.&lt;init&gt;(Calculator.java:6)
	at io.michaelcane.Commands.&lt;init&gt;(Commands.java:5)
	at io.michaelcane.Calculator.&lt;init&gt;(Calculator.java:6)
	at io.michaelcane.Commands.&lt;init&gt;(Commands.java:5)
	at io.michaelcane.Calculator.&lt;init&gt;(Calculator.java:6)
	at io.michaelcane.Commands.&lt;init&gt;(Commands.java:5)
	at io.michaelcane.Calculator.&lt;init&gt;(Calculator.java:6)
	at io.michaelcane.Commands.&lt;init&gt;(Commands.java:5)
	at io.michaelcane.Calculator.&lt;init&gt;(Calculator.java:6)
	at io.michaelcane.Commands.&lt;init&gt;(Commands.java:5)
	at io.michaelcane.Calculator.&lt;init&gt;(Calculator.java:6)
	at io.michaelcane.Commands.&lt;init&gt;(Commands.java:5)
	at io.michaelcane.Calculator.&lt;init&gt;(Calculator.java:6)
	at io.michaelcane.Commands.&lt;init&gt;(Commands.java:5)
	at io.michaelcane.Calculator.&lt;init&gt;(Calculator.java:6)
	at io.michaelcane.Commands.&lt;init&gt;(Commands.java:5)
	at io.michaelcane.Calculator.&lt;init&gt;(Calculator.java:6)
	at io.michaelcane.Commands.&lt;init&gt;(Commands.java:5)
	at io.michaelcane.Calculator.&lt;init&gt;(Calculator.java:6)
	at io.michaelcane.Commands.&lt;init&gt;(Commands.java:5)
	at io.michaelcane.Calculator.&lt;init&gt;(Calculator.java:6)
	at io.michaelcane.Commands.&lt;init&gt;(Commands.java:5)
	at io.michaelcane.Calculator.&lt;init&gt;(Calculator.java:6)
	at io.michaelcane.Commands.&lt;init&gt;(Commands.java:5)
	at io.michaelcane.Calculator.&lt;init&gt;(Calculator.java:6)
	at io.michaelcane.Commands.&lt;init&gt;(Commands.java:5)
	at io.michaelcane.Calculator.&lt;init&gt;(Calculator.java:6)
	at io.michaelcane.Commands.&lt;init&gt;(Commands.java:5)
	at io.michaelcane.Calculator.&lt;init&gt;(Calculator.java:6)
	at io.michaelcane.Commands.&lt;init&gt;(Commands.java:5)
	at io.michaelcane.Calculator.&lt;init&gt;(Calculator.java:6)
	at io.michaelcane.Commands.&lt;init&gt;(Commands.java:5)
	at io.michaelcane.Calculator.&lt;init&gt;(Calculator.java:6)
	at io.michaelcane.Commands.&lt;init&gt;(Commands.java:5)
	at io.michaelcane.Calculator.&lt;init&gt;(Calculator.java:6)
	at io.michaelcane.Commands.&lt;init&gt;(Commands.java:5)
	at io.michaelcane.Calculator.&lt;init&gt;(Calculator.java:6)
	at io.michaelcane.Commands.&lt;init&gt;(Commands.java:5)
	at io.michaelcane.Calculator.&lt;init&gt;(Calculator.java:6)
	at io.michaelcane.Commands.&lt;init&gt;(Commands.java:5)
	at io.michaelcane.Calculator.&lt;init&gt;(Calculator.java:6)
	at io.michaelcane.Commands.&lt;init&gt;(Commands.java:5)
	at io.michaelcane.Calculator.&lt;init&gt;(Calculator.java:6)
	at io.michaelcane.Commands.&lt;init&gt;(Commands.java:5)
	at io.michaelcane.Calculator.&lt;init&gt;(Calculator.java:6)
	at io.michaelcane.Commands.&lt;init&gt;(Commands.java:5)
	at io.michaelcane.Calculator.&lt;init&gt;(Calculator.java:6)
	at io.michaelcane.Commands.&lt;init&gt;(Commands.java:5)
	at io.michaelcane.Calculator.&lt;init&gt;(Calculator.java:6)
	at io.michaelcane.Commands.&lt;init&gt;(Commands.java:5)
	at io.michaelcane.Calculator.&lt;init&gt;(Calculator.java:6)
	at io.michaelcane.Commands.&lt;init&gt;(Commands.java:5)
	at io.michaelcane.Calculator.&lt;init&gt;(Calculator.java:6)
	at io.michaelcane.Commands.&lt;init&gt;(Commands.java:5)
	at io.michaelcane.Calculator.&lt;init&gt;(Calculator.java:6)
	at io.michaelcane.Commands.&lt;init&gt;(Commands.java:5)
	at io.michaelcane.Calculator.&lt;init&gt;(Calculator.java:6)
	at io.michaelcane.Commands.&lt;init&gt;(Commands.java:5)
	at io.michaelcane.Calculator.&lt;init&gt;(Calculator.java:6)
	at io.michaelcane.Commands.&lt;init&gt;(Commands.java:5)
	at io.michaelcane.Calculator.&lt;init&gt;(Calculator.java:6)
	at io.michaelcane.Commands.&lt;init&gt;(Commands.java:5)
	at io.michaelcane.Calculator.&lt;init&gt;(Calculator.java:6)
	at io.michaelcane.Commands.&lt;init&gt;(Commands.java:5)
	at io.michaelcane.Calculator.&lt;init&gt;(Calculator.java:6)
	at io.michaelcane.Commands.&lt;init&gt;(Commands.java:5)
	at io.michaelcane.Calculator.&lt;init&gt;(Calculator.java:6)
	at io.michaelcane.Commands.&lt;init&gt;(Commands.java:5)
	at io.michaelcane.Calculator.&lt;init&gt;(Calculator.java:6)
	at io.michaelcane.Commands.&lt;init&gt;(Commands.java:5)
	at io.michaelcane.Calculator.&lt;init&gt;(Calculator.java:6)
	at io.michaelcane.Commands.&lt;init&gt;(Commands.java:5)
	at io.michaelcane.Calculator.&lt;init&gt;(Calculator.java:6)
	at io.michaelcane.Commands.&lt;init&gt;(Commands.java:5)
	at io.michaelcane.Calculator.&lt;init&gt;(Calculator.java:6)
	at io.michaelcane.Commands.&lt;init&gt;(Commands.java:5)
	at io.michaelcane.Calculator.&lt;init&gt;(Calculator.java:6)
	at io.michaelcane.Commands.&lt;init&gt;(Commands.java:5)
	at io.michaelcane.Calculator.&lt;init&gt;(Calculator.java:6)
	at io.michaelcane.Commands.&lt;init&gt;(Commands.java:5)
	at io.michaelcane.Calculator.&lt;init&gt;(Calculator.java:6)
	at io.michaelcane.Commands.&lt;init&gt;(Commands.java:5)
	at io.michaelcane.Calculator.&lt;init&gt;(Calculator.java:6)
	at io.michaelcane.Commands.&lt;init&gt;(Commands.java:5)
	at io.michaelcane.Calculator.&lt;init&gt;(Calculator.java:6)
	at io.michaelcane.Commands.&lt;init&gt;(Commands.java:5)
	at io.michaelcane.Calculator.&lt;init&gt;(Calculator.java:6)
	at io.michaelcane.Commands.&lt;init&gt;(Commands.java:5)
	at io.michaelcane.Calculator.&lt;init&gt;(Calculator.java:6)
	at io.michaelcane.Commands.&lt;init&gt;(Commands.java:5)
	at io.michaelcane.Calculator.&lt;init&gt;(Calculator.java:6)
	at io.michaelcane.Commands.&lt;init&gt;(Commands.java:5)
	at io.michaelcane.Calculator.&lt;init&gt;(Calculator.java:6)
	at io.michaelcane.Commands.&lt;init&gt;(Commands.java:5)
	at io.michaelcane.Calculator.&lt;init&gt;(Calculator.java:6)
	at io.michaelcane.Commands.&lt;init&gt;(Commands.java:5)
	at io.michaelcane.Calculator.&lt;init&gt;(Calculator.java:6)
	at io.michaelcane.Commands.&lt;init&gt;(Commands.java:5)
	at io.michaelcane.Calculator.&lt;init&gt;(Calculator.java:6)
	at io.michaelcane.Commands.&lt;init&gt;(Commands.java:5)
	at io.michaelcane.Calculator.&lt;init&gt;(Calculator.java:6)
	at io.michaelcane.Commands.&lt;init&gt;(Commands.java:5)
	at io.michaelcane.Calculator.&lt;init&gt;(Calculator.java:6)
	at io.michaelcane.Commands.&lt;init&gt;(Commands.java:5)
	at io.michaelcane.Calculator.&lt;init&gt;(Calculator.java:6)
	at io.michaelcane.Commands.&lt;init&gt;(Commands.java:5)
	at io.michaelcane.Calculator.&lt;init&gt;(Calculator.java:6)
	at io.michaelcane.Commands.&lt;init&gt;(Commands.java:5)
	at io.michaelcane.Calculator.&lt;init&gt;(Calculator.java:6)
	at io.michaelcane.Commands.&lt;init&gt;(Commands.java:5)
	at io.michaelcane.Calculator.&lt;init&gt;(Calculator.java:6)
	at io.michaelcane.Commands.&lt;init&gt;(Commands.java:5)
	at io.michaelcane.Calculator.&lt;init&gt;(Calculator.java:6)
	at io.michaelcane.Commands.&lt;init&gt;(Commands.java:5)
	at io.michaelcane.Calculator.&lt;init&gt;(Calculator.java:6)
	at io.michaelcane.Commands.&lt;init&gt;(Commands.java:5)
	at io.michaelcane.Calculator.&lt;init&gt;(Calculator.java:6)
	at io.michaelcane.Commands.&lt;init&gt;(Commands.java:5)
	at io.michaelcane.Calculator.&lt;init&gt;(Calculator.java:6)
	at io.michaelcane.Commands.&lt;init&gt;(Commands.java:5)
	at io.michaelcane.Calculator.&lt;init&gt;(Calculator.java:6)
	at io.michaelcane.Commands.&lt;init&gt;(Commands.java:5)
	at io.michaelcane.Calculator.&lt;init&gt;(Calculator.java:6)
	at io.michaelcane.Commands.&lt;init&gt;(Commands.java:5)
	at io.michaelcane.Calculator.&lt;init&gt;(Calculator.java:6)
	at io.michaelcane.Commands.&lt;init&gt;(Commands.java:5)
	at io.michaelcane.Calculator.&lt;init&gt;(Calculator.java:6)
	at io.michaelcane.Commands.&lt;init&gt;(Commands.java:5)
	at io.michaelcane.Calculator.&lt;init&gt;(Calculator.java:6)
	at io.michaelcane.Commands.&lt;init&gt;(Commands.java:5)
	at io.michaelcane.Calculator.&lt;init&gt;(Calculator.java:6)
	at io.michaelcane.Commands.&lt;init&gt;(Commands.java:5)
	at io.michaelcane.Calculator.&lt;init&gt;(Calculator.java:6)
	at io.michaelcane.Commands.&lt;init&gt;(Commands.java:5)
	at io.michaelcane.Calculator.&lt;init&gt;(Calculator.java:6)
	at io.michaelcane.Commands.&lt;init&gt;(Commands.java:5)
	at io.michaelcane.Calculator.&lt;init&gt;(Calculator.java:6)
	at io.michaelcane.Commands.&lt;init&gt;(Commands.java:5)
	at io.michaelcane.Calculator.&lt;init&gt;(Calculator.java:6)
	at io.michaelcane.Commands.&lt;init&gt;(Commands.java:5)
	at io.michaelcane.Calculator.&lt;init&gt;(Calculator.java:6)
	at io.michaelcane.Commands.&lt;init&gt;(Commands.java:5)
	at io.michaelcane.Calculator.&lt;init&gt;(Calculator.java:6)
	at io.michaelcane.Commands.&lt;init&gt;(Commands.java:5)
	at io.michaelcane.Calculator.&lt;init&gt;(Calculator.java:6)
	at io.michaelcane.Commands.&lt;init&gt;(Commands.java:5)
	at io.michaelcane.Calculator.&lt;init&gt;(Calculator.java:6)
	at io.michaelcane.Commands.&lt;init&gt;(Commands.java:5)
	at io.michaelcane.Calculator.&lt;init&gt;(Calculator.java:6)
	at io.michaelcane.Commands.&lt;init&gt;(Commands.java:5)
	at io.michaelcane.Calculator.&lt;init&gt;(Calculator.java:6)
	at io.michaelcane.Commands.&lt;init&gt;(Commands.java:5)
	at io.michaelcane.Calculator.&lt;init&gt;(Calculator.java:6)
	at io.michaelcane.Commands.&lt;init&gt;(Commands.java:5)
	at io.michaelcane.Calculator.&lt;init&gt;(Calculator.java:6)
	at io.michaelcane.Commands.&lt;init&gt;(Commands.java:5)
	at io.michaelcane.Calculator.&lt;init&gt;(Calculator.java:6)
	at io.michaelcane.Commands.&lt;init&gt;(Commands.java:5)
	at io.michaelcane.Calculator.&lt;init&gt;(Calculator.java:6)
	at io.michaelcane.Commands.&lt;init&gt;(Commands.java:5)
	at io.michaelcane.Calculator.&lt;init&gt;(Calculator.java:6)
	at io.michaelcane.Commands.&lt;init&gt;(Commands.java:5)
	at io.michaelcane.Calculator.&lt;init&gt;(Calculator.java:6)
	at io.michaelcane.Commands.&lt;init&gt;(Commands.java:5)
	at io.michaelcane.Calculator.&lt;init&gt;(Calculator.java:6)
	at io.michaelcane.Commands.&lt;init&gt;(Commands.java:5)
	at io.michaelcane.Calculator.&lt;init&gt;(Calculator.java:6)
	at io.michaelcane.Commands.&lt;init&gt;(Commands.java:5)
	at io.michaelcane.Calculator.&lt;init&gt;(Calculator.java:6)
	at io.michaelcane.Commands.&lt;init&gt;(Commands.java:5)
	at io.michaelcane.Calculator.&lt;init&gt;(Calculator.java:6)
	at io.michaelcane.Commands.&lt;init&gt;(Commands.java:5)
	at io.michaelcane.Calculator.&lt;init&gt;(Calculator.java:6)
	at io.michaelcane.Commands.&lt;init&gt;(Commands.java:5)
	at io.michaelcane.Calculator.&lt;init&gt;(Calculator.java:6)
	at io.michaelcane.Commands.&lt;init&gt;(Commands.java:5)
	at io.michaelcane.Calculator.&lt;init&gt;(Calculator.java:6)
	at io.michaelcane.Commands.&lt;init&gt;(Commands.java:5)
	at io.michaelcane.Calculator.&lt;init&gt;(Calculator.java:6)
	at io.michaelcane.Commands.&lt;init&gt;(Commands.java:5)
	at io.michaelcane.Calculator.&lt;init&gt;(Calculator.java:6)
	at io.michaelcane.Commands.&lt;init&gt;(Commands.java:5)
	at io.michaelcane.Calculator.&lt;init&gt;(Calculator.java:6)
	at io.michaelcane.Commands.&lt;init&gt;(Commands.java:5)
	at io.michaelcane.Calculator.&lt;init&gt;(Calculator.java:6)
	at io.michaelcane.Commands.&lt;init&gt;(Commands.java:5)
	at io.michaelcane.Calculator.&lt;init&gt;(Calculator.java:6)
	at io.michaelcane.Commands.&lt;init&gt;(Commands.java:5)
	at io.michaelcane.Calculator.&lt;init&gt;(Calculator.java:6)
	at io.michaelcane.Commands.&lt;init&gt;(Commands.java:5)
	at io.michaelcane.Calculator.&lt;init&gt;(Calculator.java:6)
	at io.michaelcane.Commands.&lt;init&gt;(Commands.java:5)
	at io.michaelcane.Calculator.&lt;init&gt;(Calculator.java:6)
	at io.michaelcane.Commands.&lt;init&gt;(Commands.java:5)
	at io.michaelcane.Calculator.&lt;init&gt;(Calculator.java:6)
	at io.michaelcane.Commands.&lt;init&gt;(Commands.java:5)
	at io.michaelcane.Calculator.&lt;init&gt;(Calculator.java:6)
	at io.michaelcane.Commands.&lt;init&gt;(Commands.java:5)
	at io.michaelcane.Calculator.&lt;init&gt;(Calculator.java:6)
	at io.michaelcane.Commands.&lt;init&gt;(Commands.java:5)
	at io.michaelcane.Calculator.&lt;init&gt;(Calculator.java:6)
	at io.michaelcane.Commands.&lt;init&gt;(Commands.java:5)
	at io.michaelcane.Calculator.&lt;init&gt;(Calculator.java:6)
	at io.michaelcane.Commands.&lt;init&gt;(Commands.java:5)
	at io.michaelcane.Calculator.&lt;init&gt;(Calculator.java:6)
	at io.michaelcane.Commands.&lt;init&gt;(Commands.java:5)
	at io.michaelcane.Calculator.&lt;init&gt;(Calculator.java:6)
	at io.michaelcane.Commands.&lt;init&gt;(Commands.java:5)
	at io.michaelcane.Calculator.&lt;init&gt;(Calculator.java:6)
	at io.michaelcane.Commands.&lt;init&gt;(Commands.java:5)
	at io.michaelcane.Calculator.&lt;init&gt;(Calculator.java:6)
	at io.michaelcane.Commands.&lt;init&gt;(Commands.java:5)
	at io.michaelcane.Calculator.&lt;init&gt;(Calculator.java:6)
	at io.michaelcane.Commands.&lt;init&gt;(Commands.java:5)
	at io.michaelcane.Calculator.&lt;init&gt;(Calculator.java:6)
	at io.michaelcane.Commands.&lt;init&gt;(Commands.java:5)
	at io.michaelcane.Calculator.&lt;init&gt;(Calculator.java:6)
	at io.michaelcane.Commands.&lt;init&gt;(Commands.java:5)
	at io.michaelcane.Calculator.&lt;init&gt;(Calculator.java:6)
	at io.michaelcane.Commands.&lt;init&gt;(Commands.java:5)
	at io.michaelcane.Calculator.&lt;init&gt;(Calculator.java:6)
	at io.michaelcane.Commands.&lt;init&gt;(Commands.java:5)
	at io.michaelcane.Calculator.&lt;init&gt;(Calculator.java:6)
	at io.michaelcane.Commands.&lt;init&gt;(Commands.java:5)
	at io.michaelcane.Calculator.&lt;init&gt;(Calculator.java:6)
	at io.michaelcane.Commands.&lt;init&gt;(Commands.java:5)
	at io.michaelcane.Calculator.&lt;init&gt;(Calculator.java:6)
	at io.michaelcane.Commands.&lt;init&gt;(Commands.java:5)
	at io.michaelcane.Calculator.&lt;init&gt;(Calculator.java:6)
	at io.michaelcane.Commands.&lt;init&gt;(Commands.java:5)
	at io.michaelcane.Calculator.&lt;init&gt;(Calculator.java:6)
	at io.michaelcane.Commands.&lt;init&gt;(Commands.java:5)
	at io.michaelcane.Calculator.&lt;init&gt;(Calculator.java:6)
	at io.michaelcane.Commands.&lt;init&gt;(Commands.java:5)
	at io.michaelcane.Calculator.&lt;init&gt;(Calculator.java:6)
	at io.michaelcane.Commands.&lt;init&gt;(Commands.java:5)
	at io.michaelcane.Calculator.&lt;init&gt;(Calculator.java:6)
	at io.michaelcane.Commands.&lt;init&gt;(Commands.java:5)
	at io.michaelcane.Calculator.&lt;init&gt;(Calculator.java:6)
	at io.michaelcane.Commands.&lt;init&gt;(Commands.java:5)
	at io.michaelcane.Calculator.&lt;init&gt;(Calculator.java:6)
	at io.michaelcane.Commands.&lt;init&gt;(Commands.java:5)
	at io.michaelcane.Calculator.&lt;init&gt;(Calculator.java:6)
	at io.michaelcane.Commands.&lt;init&gt;(Commands.java:5)
	at io.michaelcane.Calculator.&lt;init&gt;(Calculator.java:6)
	at io.michaelcane.Commands.&lt;init&gt;(Commands.java:5)
	at io.michaelcane.Calculator.&lt;init&gt;(Calculator.java:6)
	at io.michaelcane.Commands.&lt;init&gt;(Commands.java:5)
	at io.michaelcane.Calculator.&lt;init&gt;(Calculator.java:6)
	at io.michaelcane.Commands.&lt;init&gt;(Commands.java:5)
	at io.michaelcane.Calculator.&lt;init&gt;(Calculator.java:6)
	at io.michaelcane.Commands.&lt;init&gt;(Commands.java:5)
	at io.michaelcane.Calculator.&lt;init&gt;(Calculator.java:6)
	at io.michaelcane.Commands.&lt;init&gt;(Commands.java:5)
	at io.michaelcane.Calculator.&lt;init&gt;(Calculator.java:6)
	at io.michaelcane.Commands.&lt;init&gt;(Commands.java:5)
	at io.michaelcane.Calculator.&lt;init&gt;(Calculator.java:6)
	at io.michaelcane.Commands.&lt;init&gt;(Commands.java:5)
	at io.michaelcane.Calculator.&lt;init&gt;(Calculator.java:6)
	at io.michaelcane.Commands.&lt;init&gt;(Commands.java:5)
	at io.michaelcane.Calculator.&lt;init&gt;(Calculator.java:6)
	at io.michaelcane.Commands.&lt;init&gt;(Commands.java:5)
	at io.michaelcane.Calculator.&lt;init&gt;(Calculator.java:6)
	at io.michaelcane.Commands.&lt;init&gt;(Commands.java:5)
	at io.michaelcane.Calculator.&lt;init&gt;(Calculator.java:6)
	at io.michaelcane.Commands.&lt;init&gt;(Commands.java:5)
	at io.michaelcane.Calculator.&lt;init&gt;(Calculator.java:6)
	at io.michaelcane.Commands.&lt;init&gt;(Commands.java:5)
	at io.michaelcane.Calculator.&lt;init&gt;(Calculator.java:6)
	at io.michaelcane.Commands.&lt;init&gt;(Commands.java:5)
	at io.michaelcane.Calculator.&lt;init&gt;(Calculator.java:6)
	at io.michaelcane.Commands.&lt;init&gt;(Commands.java:5)
</error>
  </testcase>
  <testcase classname="io.michaelcane.CalculatorSpec" name="test$inverseNaturalLog" time="0.01">
    <error type="java.lang.StackOverflowError">java.lang.StackOverflowError
	at io.michaelcane.Calculator.&lt;init&gt;(Calculator.java:6)
	at io.michaelcane.Commands.&lt;init&gt;(Commands.java:5)
	at io.michaelcane.Calculator.&lt;init&gt;(Calculator.java:6)
	at io.michaelcane.Commands.&lt;init&gt;(Commands.java:5)
	at io.michaelcane.Calculator.&lt;init&gt;(Calculator.java:6)
	at io.michaelcane.Commands.&lt;init&gt;(Commands.java:5)
	at io.michaelcane.Calculator.&lt;init&gt;(Calculator.java:6)
	at io.michaelcane.Commands.&lt;init&gt;(Commands.java:5)
	at io.michaelcane.Calculator.&lt;init&gt;(Calculator.java:6)
	at io.michaelcane.Commands.&lt;init&gt;(Commands.java:5)
	at io.michaelcane.Calculator.&lt;init&gt;(Calculator.java:6)
	at io.michaelcane.Commands.&lt;init&gt;(Commands.java:5)
	at io.michaelcane.Calculator.&lt;init&gt;(Calculator.java:6)
	at io.michaelcane.Commands.&lt;init&gt;(Commands.java:5)
	at io.michaelcane.Calculator.&lt;init&gt;(Calculator.java:6)
	at io.michaelcane.Commands.&lt;init&gt;(Commands.java:5)
	at io.michaelcane.Calculator.&lt;init&gt;(Calculator.java:6)
	at io.michaelcane.Commands.&lt;init&gt;(Commands.java:5)
	at io.michaelcane.Calculator.&lt;init&gt;(Calculator.java:6)
	at io.michaelcane.Commands.&lt;init&gt;(Commands.java:5)
	at io.michaelcane.Calculator.&lt;init&gt;(Calculator.java:6)
	at io.michaelcane.Commands.&lt;init&gt;(Commands.java:5)
	at io.michaelcane.Calculator.&lt;init&gt;(Calculator.java:6)
	at io.michaelcane.Commands.&lt;init&gt;(Commands.java:5)
	at io.michaelcane.Calculator.&lt;init&gt;(Calculator.java:6)
	at io.michaelcane.Commands.&lt;init&gt;(Commands.java:5)
	at io.michaelcane.Calculator.&lt;init&gt;(Calculator.java:6)
	at io.michaelcane.Commands.&lt;init&gt;(Commands.java:5)
	at io.michaelcane.Calculator.&lt;init&gt;(Calculator.java:6)
	at io.michaelcane.Commands.&lt;init&gt;(Commands.java:5)
	at io.michaelcane.Calculator.&lt;init&gt;(Calculator.java:6)
	at io.michaelcane.Commands.&lt;init&gt;(Commands.java:5)
	at io.michaelcane.Calculator.&lt;init&gt;(Calculator.java:6)
	at io.michaelcane.Commands.&lt;init&gt;(Commands.java:5)
	at io.michaelcane.Calculator.&lt;init&gt;(Calculator.java:6)
	at io.michaelcane.Commands.&lt;init&gt;(Commands.java:5)
	at io.michaelcane.Calculator.&lt;init&gt;(Calculator.java:6)
	at io.michaelcane.Commands.&lt;init&gt;(Commands.java:5)
	at io.michaelcane.Calculator.&lt;init&gt;(Calculator.java:6)
	at io.michaelcane.Commands.&lt;init&gt;(Commands.java:5)
	at io.michaelcane.Calculator.&lt;init&gt;(Calculator.java:6)
	at io.michaelcane.Commands.&lt;init&gt;(Commands.java:5)
	at io.michaelcane.Calculator.&lt;init&gt;(Calculator.java:6)
	at io.michaelcane.Commands.&lt;init&gt;(Commands.java:5)
	at io.michaelcane.Calculator.&lt;init&gt;(Calculator.java:6)
	at io.michaelcane.Commands.&lt;init&gt;(Commands.java:5)
	at io.michaelcane.Calculator.&lt;init&gt;(Calculator.java:6)
	at io.michaelcane.Commands.&lt;init&gt;(Commands.java:5)
	at io.michaelcane.Calculator.&lt;init&gt;(Calculator.java:6)
	at io.michaelcane.Commands.&lt;init&gt;(Commands.java:5)
	at io.michaelcane.Calculator.&lt;init&gt;(Calculator.java:6)
	at io.michaelcane.Commands.&lt;init&gt;(Commands.java:5)
	at io.michaelcane.Calculator.&lt;init&gt;(Calculator.java:6)
	at io.michaelcane.Commands.&lt;init&gt;(Commands.java:5)
	at io.michaelcane.Calculator.&lt;init&gt;(Calculator.java:6)
	at io.michaelcane.Commands.&lt;init&gt;(Commands.java:5)
	at io.michaelcane.Calculator.&lt;init&gt;(Calculator.java:6)
	at io.michaelcane.Commands.&lt;init&gt;(Commands.java:5)
	at io.michaelcane.Calculator.&lt;init&gt;(Calculator.java:6)
	at io.michaelcane.Commands.&lt;init&gt;(Commands.java:5)
	at io.michaelcane.Calculator.&lt;init&gt;(Calculator.java:6)
	at io.michaelcane.Commands.&lt;init&gt;(Commands.java:5)
	at io.michaelcane.Calculator.&lt;init&gt;(Calculator.java:6)
	at io.michaelcane.Commands.&lt;init&gt;(Commands.java:5)
	at io.michaelcane.Calculator.&lt;init&gt;(Calculator.java:6)
	at io.michaelcane.Commands.&lt;init&gt;(Commands.java:5)
	at io.michaelcane.Calculator.&lt;init&gt;(Calculator.java:6)
	at io.michaelcane.Commands.&lt;init&gt;(Commands.java:5)
	at io.michaelcane.Calculator.&lt;init&gt;(Calculator.java:6)
	at io.michaelcane.Commands.&lt;init&gt;(Commands.java:5)
	at io.michaelcane.Calculator.&lt;init&gt;(Calculator.java:6)
	at io.michaelcane.Commands.&lt;init&gt;(Commands.java:5)
	at io.michaelcane.Calculator.&lt;init&gt;(Calculator.java:6)
	at io.michaelcane.Commands.&lt;init&gt;(Commands.java:5)
	at io.michaelcane.Calculator.&lt;init&gt;(Calculator.java:6)
	at io.michaelcane.Commands.&lt;init&gt;(Commands.java:5)
	at io.michaelcane.Calculator.&lt;init&gt;(Calculator.java:6)
	at io.michaelcane.Commands.&lt;init&gt;(Commands.java:5)
	at io.michaelcane.Calculator.&lt;init&gt;(Calculator.java:6)
	at io.michaelcane.Commands.&lt;init&gt;(Commands.java:5)
	at io.michaelcane.Calculator.&lt;init&gt;(Calculator.java:6)
	at io.michaelcane.Commands.&lt;init&gt;(Commands.java:5)
	at io.michaelcane.Calculator.&lt;init&gt;(Calculator.java:6)
	at io.michaelcane.Commands.&lt;init&gt;(Commands.java:5)
	at io.michaelcane.Calculator.&lt;init&gt;(Calculator.java:6)
	at io.michaelcane.Commands.&lt;init&gt;(Commands.java:5)
	at io.michaelcane.Calculator.&lt;init&gt;(Calculator.java:6)
	at io.michaelcane.Commands.&lt;init&gt;(Commands.java:5)
	at io.michaelcane.Calculator.&lt;init&gt;(Calculator.java:6)
	at io.michaelcane.Commands.&lt;init&gt;(Commands.java:5)
	at io.michaelcane.Calculator.&lt;init&gt;(Calculator.java:6)
	at io.michaelcane.Commands.&lt;init&gt;(Commands.java:5)
	at io.michaelcane.Calculator.&lt;init&gt;(Calculator.java:6)
	at io.michaelcane.Commands.&lt;init&gt;(Commands.java:5)
	at io.michaelcane.Calculator.&lt;init&gt;(Calculator.java:6)
	at io.michaelcane.Commands.&lt;init&gt;(Commands.java:5)
	at io.michaelcane.Calculator.&lt;init&gt;(Calculator.java:6)
	at io.michaelcane.Commands.&lt;init&gt;(Commands.java:5)
	at io.michaelcane.Calculator.&lt;init&gt;(Calculator.java:6)
	at io.michaelcane.Commands.&lt;init&gt;(Commands.java:5)
	at io.michaelcane.Calculator.&lt;init&gt;(Calculator.java:6)
	at io.michaelcane.Commands.&lt;init&gt;(Commands.java:5)
	at io.michaelcane.Calculator.&lt;init&gt;(Calculator.java:6)
	at io.michaelcane.Commands.&lt;init&gt;(Commands.java:5)
	at io.michaelcane.Calculator.&lt;init&gt;(Calculator.java:6)
	at io.michaelcane.Commands.&lt;init&gt;(Commands.java:5)
	at io.michaelcane.Calculator.&lt;init&gt;(Calculator.java:6)
	at io.michaelcane.Commands.&lt;init&gt;(Commands.java:5)
	at io.michaelcane.Calculator.&lt;init&gt;(Calculator.java:6)
	at io.michaelcane.Commands.&lt;init&gt;(Commands.java:5)
	at io.michaelcane.Calculator.&lt;init&gt;(Calculator.java:6)
	at io.michaelcane.Commands.&lt;init&gt;(Commands.java:5)
	at io.michaelcane.Calculator.&lt;init&gt;(Calculator.java:6)
	at io.michaelcane.Commands.&lt;init&gt;(Commands.java:5)
	at io.michaelcane.Calculator.&lt;init&gt;(Calculator.java:6)
	at io.michaelcane.Commands.&lt;init&gt;(Commands.java:5)
	at io.michaelcane.Calculator.&lt;init&gt;(Calculator.java:6)
	at io.michaelcane.Commands.&lt;init&gt;(Commands.java:5)
	at io.michaelcane.Calculator.&lt;init&gt;(Calculator.java:6)
	at io.michaelcane.Commands.&lt;init&gt;(Commands.java:5)
	at io.michaelcane.Calculator.&lt;init&gt;(Calculator.java:6)
	at io.michaelcane.Commands.&lt;init&gt;(Commands.java:5)
	at io.michaelcane.Calculator.&lt;init&gt;(Calculator.java:6)
	at io.michaelcane.Commands.&lt;init&gt;(Commands.java:5)
	at io.michaelcane.Calculator.&lt;init&gt;(Calculator.java:6)
	at io.michaelcane.Commands.&lt;init&gt;(Commands.java:5)
	at io.michaelcane.Calculator.&lt;init&gt;(Calculator.java:6)
	at io.michaelcane.Commands.&lt;init&gt;(Commands.java:5)
	at io.michaelcane.Calculator.&lt;init&gt;(Calculator.java:6)
	at io.michaelcane.Commands.&lt;init&gt;(Commands.java:5)
	at io.michaelcane.Calculator.&lt;init&gt;(Calculator.java:6)
	at io.michaelcane.Commands.&lt;init&gt;(Commands.java:5)
	at io.michaelcane.Calculator.&lt;init&gt;(Calculator.java:6)
	at io.michaelcane.Commands.&lt;init&gt;(Commands.java:5)
	at io.michaelcane.Calculator.&lt;init&gt;(Calculator.java:6)
	at io.michaelcane.Commands.&lt;init&gt;(Commands.java:5)
	at io.michaelcane.Calculator.&lt;init&gt;(Calculator.java:6)
	at io.michaelcane.Commands.&lt;init&gt;(Commands.java:5)
	at io.michaelcane.Calculator.&lt;init&gt;(Calculator.java:6)
	at io.michaelcane.Commands.&lt;init&gt;(Commands.java:5)
	at io.michaelcane.Calculator.&lt;init&gt;(Calculator.java:6)
	at io.michaelcane.Commands.&lt;init&gt;(Commands.java:5)
	at io.michaelcane.Calculator.&lt;init&gt;(Calculator.java:6)
	at io.michaelcane.Commands.&lt;init&gt;(Commands.java:5)
	at io.michaelcane.Calculator.&lt;init&gt;(Calculator.java:6)
	at io.michaelcane.Commands.&lt;init&gt;(Commands.java:5)
	at io.michaelcane.Calculator.&lt;init&gt;(Calculator.java:6)
	at io.michaelcane.Commands.&lt;init&gt;(Commands.java:5)
	at io.michaelcane.Calculator.&lt;init&gt;(Calculator.java:6)
	at io.michaelcane.Commands.&lt;init&gt;(Commands.java:5)
	at io.michaelcane.Calculator.&lt;init&gt;(Calculator.java:6)
	at io.michaelcane.Commands.&lt;init&gt;(Commands.java:5)
	at io.michaelcane.Calculator.&lt;init&gt;(Calculator.java:6)
	at io.michaelcane.Commands.&lt;init&gt;(Commands.java:5)
	at io.michaelcane.Calculator.&lt;init&gt;(Calculator.java:6)
	at io.michaelcane.Commands.&lt;init&gt;(Commands.java:5)
	at io.michaelcane.Calculator.&lt;init&gt;(Calculator.java:6)
	at io.michaelcane.Commands.&lt;init&gt;(Commands.java:5)
	at io.michaelcane.Calculator.&lt;init&gt;(Calculator.java:6)
	at io.michaelcane.Commands.&lt;init&gt;(Commands.java:5)
	at io.michaelcane.Calculator.&lt;init&gt;(Calculator.java:6)
	at io.michaelcane.Commands.&lt;init&gt;(Commands.java:5)
	at io.michaelcane.Calculator.&lt;init&gt;(Calculator.java:6)
	at io.michaelcane.Commands.&lt;init&gt;(Commands.java:5)
	at io.michaelcane.Calculator.&lt;init&gt;(Calculator.java:6)
	at io.michaelcane.Commands.&lt;init&gt;(Commands.java:5)
	at io.michaelcane.Calculator.&lt;init&gt;(Calculator.java:6)
	at io.michaelcane.Commands.&lt;init&gt;(Commands.java:5)
	at io.michaelcane.Calculator.&lt;init&gt;(Calculator.java:6)
	at io.michaelcane.Commands.&lt;init&gt;(Commands.java:5)
	at io.michaelcane.Calculator.&lt;init&gt;(Calculator.java:6)
	at io.michaelcane.Commands.&lt;init&gt;(Commands.java:5)
	at io.michaelcane.Calculator.&lt;init&gt;(Calculator.java:6)
	at io.michaelcane.Commands.&lt;init&gt;(Commands.java:5)
	at io.michaelcane.Calculator.&lt;init&gt;(Calculator.java:6)
	at io.michaelcane.Commands.&lt;init&gt;(Commands.java:5)
	at io.michaelcane.Calculator.&lt;init&gt;(Calculator.java:6)
	at io.michaelcane.Commands.&lt;init&gt;(Commands.java:5)
	at io.michaelcane.Calculator.&lt;init&gt;(Calculator.java:6)
	at io.michaelcane.Commands.&lt;init&gt;(Commands.java:5)
	at io.michaelcane.Calculator.&lt;init&gt;(Calculator.java:6)
	at io.michaelcane.Commands.&lt;init&gt;(Commands.java:5)
	at io.michaelcane.Calculator.&lt;init&gt;(Calculator.java:6)
	at io.michaelcane.Commands.&lt;init&gt;(Commands.java:5)
	at io.michaelcane.Calculator.&lt;init&gt;(Calculator.java:6)
	at io.michaelcane.Commands.&lt;init&gt;(Commands.java:5)
	at io.michaelcane.Calculator.&lt;init&gt;(Calculator.java:6)
	at io.michaelcane.Commands.&lt;init&gt;(Commands.java:5)
	at io.michaelcane.Calculator.&lt;init&gt;(Calculator.java:6)
	at io.michaelcane.Commands.&lt;init&gt;(Commands.java:5)
	at io.michaelcane.Calculator.&lt;init&gt;(Calculator.java:6)
	at io.michaelcane.Commands.&lt;init&gt;(Commands.java:5)
	at io.michaelcane.Calculator.&lt;init&gt;(Calculator.java:6)
	at io.michaelcane.Commands.&lt;init&gt;(Commands.java:5)
	at io.michaelcane.Calculator.&lt;init&gt;(Calculator.java:6)
	at io.michaelcane.Commands.&lt;init&gt;(Commands.java:5)
	at io.michaelcane.Calculator.&lt;init&gt;(Calculator.java:6)
	at io.michaelcane.Commands.&lt;init&gt;(Commands.java:5)
	at io.michaelcane.Calculator.&lt;init&gt;(Calculator.java:6)
	at io.michaelcane.Commands.&lt;init&gt;(Commands.java:5)
	at io.michaelcane.Calculator.&lt;init&gt;(Calculator.java:6)
	at io.michaelcane.Commands.&lt;init&gt;(Commands.java:5)
	at io.michaelcane.Calculator.&lt;init&gt;(Calculator.java:6)
	at io.michaelcane.Commands.&lt;init&gt;(Commands.java:5)
	at io.michaelcane.Calculator.&lt;init&gt;(Calculator.java:6)
	at io.michaelcane.Commands.&lt;init&gt;(Commands.java:5)
	at io.michaelcane.Calculator.&lt;init&gt;(Calculator.java:6)
	at io.michaelcane.Commands.&lt;init&gt;(Commands.java:5)
	at io.michaelcane.Calculator.&lt;init&gt;(Calculator.java:6)
	at io.michaelcane.Commands.&lt;init&gt;(Commands.java:5)
	at io.michaelcane.Calculator.&lt;init&gt;(Calculator.java:6)
	at io.michaelcane.Commands.&lt;init&gt;(Commands.java:5)
	at io.michaelcane.Calculator.&lt;init&gt;(Calculator.java:6)
	at io.michaelcane.Commands.&lt;init&gt;(Commands.java:5)
	at io.michaelcane.Calculator.&lt;init&gt;(Calculator.java:6)
	at io.michaelcane.Commands.&lt;init&gt;(Commands.java:5)
	at io.michaelcane.Calculator.&lt;init&gt;(Calculator.java:6)
	at io.michaelcane.Commands.&lt;init&gt;(Commands.java:5)
	at io.michaelcane.Calculator.&lt;init&gt;(Calculator.java:6)
	at io.michaelcane.Commands.&lt;init&gt;(Commands.java:5)
	at io.michaelcane.Calculator.&lt;init&gt;(Calculator.java:6)
	at io.michaelcane.Commands.&lt;init&gt;(Commands.java:5)
	at io.michaelcane.Calculator.&lt;init&gt;(Calculator.java:6)
	at io.michaelcane.Commands.&lt;init&gt;(Commands.java:5)
	at io.michaelcane.Calculator.&lt;init&gt;(Calculator.java:6)
	at io.michaelcane.Commands.&lt;init&gt;(Commands.java:5)
	at io.michaelcane.Calculator.&lt;init&gt;(Calculator.java:6)
	at io.michaelcane.Commands.&lt;init&gt;(Commands.java:5)
	at io.michaelcane.Calculator.&lt;init&gt;(Calculator.java:6)
	at io.michaelcane.Commands.&lt;init&gt;(Commands.java:5)
	at io.michaelcane.Calculator.&lt;init&gt;(Calculator.java:6)
	at io.michaelcane.Commands.&lt;init&gt;(Commands.java:5)
	at io.michaelcane.Calculator.&lt;init&gt;(Calculator.java:6)
	at io.michaelcane.Commands.&lt;init&gt;(Commands.java:5)
	at io.michaelcane.Calculator.&lt;init&gt;(Calculator.java:6)
	at io.michaelcane.Commands.&lt;init&gt;(Commands.java:5)
	at io.michaelcane.Calculator.&lt;init&gt;(Calculator.java:6)
	at io.michaelcane.Commands.&lt;init&gt;(Commands.java:5)
	at io.michaelcane.Calculator.&lt;init&gt;(Calculator.java:6)
	at io.michaelcane.Commands.&lt;init&gt;(Commands.java:5)
	at io.michaelcane.Calculator.&lt;init&gt;(Calculator.java:6)
	at io.michaelcane.Commands.&lt;init&gt;(Commands.java:5)
	at io.michaelcane.Calculator.&lt;init&gt;(Calculator.java:6)
	at io.michaelcane.Commands.&lt;init&gt;(Commands.java:5)
	at io.michaelcane.Calculator.&lt;init&gt;(Calculator.java:6)
	at io.michaelcane.Commands.&lt;init&gt;(Commands.java:5)
	at io.michaelcane.Calculator.&lt;init&gt;(Calculator.java:6)
	at io.michaelcane.Commands.&lt;init&gt;(Commands.java:5)
	at io.michaelcane.Calculator.&lt;init&gt;(Calculator.java:6)
	at io.michaelcane.Commands.&lt;init&gt;(Commands.java:5)
	at io.michaelcane.Calculator.&lt;init&gt;(Calculator.java:6)
	at io.michaelcane.Commands.&lt;init&gt;(Commands.java:5)
	at io.michaelcane.Calculator.&lt;init&gt;(Calculator.java:6)
	at io.michaelcane.Commands.&lt;init&gt;(Commands.java:5)
	at io.michaelcane.Calculator.&lt;init&gt;(Calculator.java:6)
	at io.michaelcane.Commands.&lt;init&gt;(Commands.java:5)
	at io.michaelcane.Calculator.&lt;init&gt;(Calculator.java:6)
	at io.michaelcane.Commands.&lt;init&gt;(Commands.java:5)
	at io.michaelcane.Calculator.&lt;init&gt;(Calculator.java:6)
	at io.michaelcane.Commands.&lt;init&gt;(Commands.java:5)
	at io.michaelcane.Calculator.&lt;init&gt;(Calculator.java:6)
	at io.michaelcane.Commands.&lt;init&gt;(Commands.java:5)
	at io.michaelcane.Calculator.&lt;init&gt;(Calculator.java:6)
	at io.michaelcane.Commands.&lt;init&gt;(Commands.java:5)
	at io.michaelcane.Calculator.&lt;init&gt;(Calculator.java:6)
	at io.michaelcane.Commands.&lt;init&gt;(Commands.java:5)
	at io.michaelcane.Calculator.&lt;init&gt;(Calculator.java:6)
	at io.michaelcane.Commands.&lt;init&gt;(Commands.java:5)
	at io.michaelcane.Calculator.&lt;init&gt;(Calculator.java:6)
	at io.michaelcane.Commands.&lt;init&gt;(Commands.java:5)
	at io.michaelcane.Calculator.&lt;init&gt;(Calculator.java:6)
	at io.michaelcane.Commands.&lt;init&gt;(Commands.java:5)
	at io.michaelcane.Calculator.&lt;init&gt;(Calculator.java:6)
	at io.michaelcane.Commands.&lt;init&gt;(Commands.java:5)
	at io.michaelcane.Calculator.&lt;init&gt;(Calculator.java:6)
	at io.michaelcane.Commands.&lt;init&gt;(Commands.java:5)
	at io.michaelcane.Calculator.&lt;init&gt;(Calculator.java:6)
	at io.michaelcane.Commands.&lt;init&gt;(Commands.java:5)
	at io.michaelcane.Calculator.&lt;init&gt;(Calculator.java:6)
	at io.michaelcane.Commands.&lt;init&gt;(Commands.java:5)
	at io.michaelcane.Calculator.&lt;init&gt;(Calculator.java:6)
	at io.michaelcane.Commands.&lt;init&gt;(Commands.java:5)
	at io.michaelcane.Calculator.&lt;init&gt;(Calculator.java:6)
	at io.michaelcane.Commands.&lt;init&gt;(Commands.java:5)
	at io.michaelcane.Calculator.&lt;init&gt;(Calculator.java:6)
	at io.michaelcane.Commands.&lt;init&gt;(Commands.java:5)
	at io.michaelcane.Calculator.&lt;init&gt;(Calculator.java:6)
	at io.michaelcane.Commands.&lt;init&gt;(Commands.java:5)
	at io.michaelcane.Calculator.&lt;init&gt;(Calculator.java:6)
	at io.michaelcane.Commands.&lt;init&gt;(Commands.java:5)
	at io.michaelcane.Calculator.&lt;init&gt;(Calculator.java:6)
	at io.michaelcane.Commands.&lt;init&gt;(Commands.java:5)
	at io.michaelcane.Calculator.&lt;init&gt;(Calculator.java:6)
	at io.michaelcane.Commands.&lt;init&gt;(Commands.java:5)
	at io.michaelcane.Calculator.&lt;init&gt;(Calculator.java:6)
	at io.michaelcane.Commands.&lt;init&gt;(Commands.java:5)
	at io.michaelcane.Calculator.&lt;init&gt;(Calculator.java:6)
	at io.michaelcane.Commands.&lt;init&gt;(Commands.java:5)
	at io.michaelcane.Calculator.&lt;init&gt;(Calculator.java:6)
	at io.michaelcane.Commands.&lt;init&gt;(Commands.java:5)
	at io.michaelcane.Calculator.&lt;init&gt;(Calculator.java:6)
	at io.michaelcane.Commands.&lt;init&gt;(Commands.java:5)
	at io.michaelcane.Calculator.&lt;init&gt;(Calculator.java:6)
	at io.michaelcane.Commands.&lt;init&gt;(Commands.java:5)
	at io.michaelcane.Calculator.&lt;init&gt;(Calculator.java:6)
	at io.michaelcane.Commands.&lt;init&gt;(Commands.java:5)
	at io.michaelcane.Calculator.&lt;init&gt;(Calculator.java:6)
	at io.michaelcane.Commands.&lt;init&gt;(Commands.java:5)
	at io.michaelcane.Calculator.&lt;init&gt;(Calculator.java:6)
	at io.michaelcane.Commands.&lt;init&gt;(Commands.java:5)
	at io.michaelcane.Calculator.&lt;init&gt;(Calculator.java:6)
	at io.michaelcane.Commands.&lt;init&gt;(Commands.java:5)
	at io.michaelcane.Calculator.&lt;init&gt;(Calculator.java:6)
	at io.michaelcane.Commands.&lt;init&gt;(Commands.java:5)
	at io.michaelcane.Calculator.&lt;init&gt;(Calculator.java:6)
	at io.michaelcane.Commands.&lt;init&gt;(Commands.java:5)
	at io.michaelcane.Calculator.&lt;init&gt;(Calculator.java:6)
	at io.michaelcane.Commands.&lt;init&gt;(Commands.java:5)
	at io.michaelcane.Calculator.&lt;init&gt;(Calculator.java:6)
	at io.michaelcane.Commands.&lt;init&gt;(Commands.java:5)
	at io.michaelcane.Calculator.&lt;init&gt;(Calculator.java:6)
	at io.michaelcane.Commands.&lt;init&gt;(Commands.java:5)
	at io.michaelcane.Calculator.&lt;init&gt;(Calculator.java:6)
	at io.michaelcane.Commands.&lt;init&gt;(Commands.java:5)
	at io.michaelcane.Calculator.&lt;init&gt;(Calculator.java:6)
	at io.michaelcane.Commands.&lt;init&gt;(Commands.java:5)
	at io.michaelcane.Calculator.&lt;init&gt;(Calculator.java:6)
	at io.michaelcane.Commands.&lt;init&gt;(Commands.java:5)
	at io.michaelcane.Calculator.&lt;init&gt;(Calculator.java:6)
	at io.michaelcane.Commands.&lt;init&gt;(Commands.java:5)
	at io.michaelcane.Calculator.&lt;init&gt;(Calculator.java:6)
	at io.michaelcane.Commands.&lt;init&gt;(Commands.java:5)
	at io.michaelcane.Calculator.&lt;init&gt;(Calculator.java:6)
	at io.michaelcane.Commands.&lt;init&gt;(Commands.java:5)
	at io.michaelcane.Calculator.&lt;init&gt;(Calculator.java:6)
	at io.michaelcane.Commands.&lt;init&gt;(Commands.java:5)
	at io.michaelcane.Calculator.&lt;init&gt;(Calculator.java:6)
	at io.michaelcane.Commands.&lt;init&gt;(Commands.java:5)
	at io.michaelcane.Calculator.&lt;init&gt;(Calculator.java:6)
	at io.michaelcane.Commands.&lt;init&gt;(Commands.java:5)
	at io.michaelcane.Calculator.&lt;init&gt;(Calculator.java:6)
	at io.michaelcane.Commands.&lt;init&gt;(Commands.java:5)
	at io.michaelcane.Calculator.&lt;init&gt;(Calculator.java:6)
	at io.michaelcane.Commands.&lt;init&gt;(Commands.java:5)
	at io.michaelcane.Calculator.&lt;init&gt;(Calculator.java:6)
	at io.michaelcane.Commands.&lt;init&gt;(Commands.java:5)
	at io.michaelcane.Calculator.&lt;init&gt;(Calculator.java:6)
	at io.michaelcane.Commands.&lt;init&gt;(Commands.java:5)
	at io.michaelcane.Calculator.&lt;init&gt;(Calculator.java:6)
	at io.michaelcane.Commands.&lt;init&gt;(Commands.java:5)
	at io.michaelcane.Calculator.&lt;init&gt;(Calculator.java:6)
	at io.michaelcane.Commands.&lt;init&gt;(Commands.java:5)
	at io.michaelcane.Calculator.&lt;init&gt;(Calculator.java:6)
	at io.michaelcane.Commands.&lt;init&gt;(Commands.java:5)
	at io.michaelcane.Calculator.&lt;init&gt;(Calculator.java:6)
	at io.michaelcane.Commands.&lt;init&gt;(Commands.java:5)
	at io.michaelcane.Calculator.&lt;init&gt;(Calculator.java:6)
	at io.michaelcane.Commands.&lt;init&gt;(Commands.java:5)
	at io.michaelcane.Calculator.&lt;init&gt;(Calculator.java:6)
	at io.michaelcane.Commands.&lt;init&gt;(Commands.java:5)
	at io.michaelcane.Calculator.&lt;init&gt;(Calculator.java:6)
	at io.michaelcane.Commands.&lt;init&gt;(Commands.java:5)
	at io.michaelcane.Calculator.&lt;init&gt;(Calculator.java:6)
	at io.michaelcane.Commands.&lt;init&gt;(Commands.java:5)
	at io.michaelcane.Calculator.&lt;init&gt;(Calculator.java:6)
	at io.michaelcane.Commands.&lt;init&gt;(Commands.java:5)
	at io.michaelcane.Calculator.&lt;init&gt;(Calculator.java:6)
	at io.michaelcane.Commands.&lt;init&gt;(Commands.java:5)
	at io.michaelcane.Calculator.&lt;init&gt;(Calculator.java:6)
	at io.michaelcane.Commands.&lt;init&gt;(Commands.java:5)
	at io.michaelcane.Calculator.&lt;init&gt;(Calculator.java:6)
	at io.michaelcane.Commands.&lt;init&gt;(Commands.java:5)
	at io.michaelcane.Calculator.&lt;init&gt;(Calculator.java:6)
	at io.michaelcane.Commands.&lt;init&gt;(Commands.java:5)
	at io.michaelcane.Calculator.&lt;init&gt;(Calculator.java:6)
	at io.michaelcane.Commands.&lt;init&gt;(Commands.java:5)
	at io.michaelcane.Calculator.&lt;init&gt;(Calculator.java:6)
	at io.michaelcane.Commands.&lt;init&gt;(Commands.java:5)
	at io.michaelcane.Calculator.&lt;init&gt;(Calculator.java:6)
	at io.michaelcane.Commands.&lt;init&gt;(Commands.java:5)
	at io.michaelcane.Calculator.&lt;init&gt;(Calculator.java:6)
	at io.michaelcane.Commands.&lt;init&gt;(Commands.java:5)
	at io.michaelcane.Calculator.&lt;init&gt;(Calculator.java:6)
	at io.michaelcane.Commands.&lt;init&gt;(Commands.java:5)
	at io.michaelcane.Calculator.&lt;init&gt;(Calculator.java:6)
	at io.michaelcane.Commands.&lt;init&gt;(Commands.java:5)
	at io.michaelcane.Calculator.&lt;init&gt;(Calculator.java:6)
	at io.michaelcane.Commands.&lt;init&gt;(Commands.java:5)
	at io.michaelcane.Calculator.&lt;init&gt;(Calculator.java:6)
	at io.michaelcane.Commands.&lt;init&gt;(Commands.java:5)
	at io.michaelcane.Calculator.&lt;init&gt;(Calculator.java:6)
	at io.michaelcane.Commands.&lt;init&gt;(Commands.java:5)
	at io.michaelcane.Calculator.&lt;init&gt;(Calculator.java:6)
	at io.michaelcane.Commands.&lt;init&gt;(Commands.java:5)
	at io.michaelcane.Calculator.&lt;init&gt;(Calculator.java:6)
	at io.michaelcane.Commands.&lt;init&gt;(Commands.java:5)
	at io.michaelcane.Calculator.&lt;init&gt;(Calculator.java:6)
	at io.michaelcane.Commands.&lt;init&gt;(Commands.java:5)
	at io.michaelcane.Calculator.&lt;init&gt;(Calculator.java:6)
	at io.michaelcane.Commands.&lt;init&gt;(Commands.java:5)
	at io.michaelcane.Calculator.&lt;init&gt;(Calculator.java:6)
	at io.michaelcane.Commands.&lt;init&gt;(Commands.java:5)
	at io.michaelcane.Calculator.&lt;init&gt;(Calculator.java:6)
	at io.michaelcane.Commands.&lt;init&gt;(Commands.java:5)
	at io.michaelcane.Calculator.&lt;init&gt;(Calculator.java:6)
	at io.michaelcane.Commands.&lt;init&gt;(Commands.java:5)
	at io.michaelcane.Calculator.&lt;init&gt;(Calculator.java:6)
	at io.michaelcane.Commands.&lt;init&gt;(Commands.java:5)
	at io.michaelcane.Calculator.&lt;init&gt;(Calculator.java:6)
	at io.michaelcane.Commands.&lt;init&gt;(Commands.java:5)
	at io.michaelcane.Calculator.&lt;init&gt;(Calculator.java:6)
	at io.michaelcane.Commands.&lt;init&gt;(Commands.java:5)
	at io.michaelcane.Calculator.&lt;init&gt;(Calculator.java:6)
	at io.michaelcane.Commands.&lt;init&gt;(Commands.java:5)
	at io.michaelcane.Calculator.&lt;init&gt;(Calculator.java:6)
	at io.michaelcane.Commands.&lt;init&gt;(Commands.java:5)
	at io.michaelcane.Calculator.&lt;init&gt;(Calculator.java:6)
	at io.michaelcane.Commands.&lt;init&gt;(Commands.java:5)
	at io.michaelcane.Calculator.&lt;init&gt;(Calculator.java:6)
	at io.michaelcane.Commands.&lt;init&gt;(Commands.java:5)
	at io.michaelcane.Calculator.&lt;init&gt;(Calculator.java:6)
	at io.michaelcane.Commands.&lt;init&gt;(Commands.java:5)
	at io.michaelcane.Calculator.&lt;init&gt;(Calculator.java:6)
	at io.michaelcane.Commands.&lt;init&gt;(Commands.java:5)
	at io.michaelcane.Calculator.&lt;init&gt;(Calculator.java:6)
	at io.michaelcane.Commands.&lt;init&gt;(Commands.java:5)
	at io.michaelcane.Calculator.&lt;init&gt;(Calculator.java:6)
	at io.michaelcane.Commands.&lt;init&gt;(Commands.java:5)
	at io.michaelcane.Calculator.&lt;init&gt;(Calculator.java:6)
	at io.michaelcane.Commands.&lt;init&gt;(Commands.java:5)
	at io.michaelcane.Calculator.&lt;init&gt;(Calculator.java:6)
	at io.michaelcane.Commands.&lt;init&gt;(Commands.java:5)
	at io.michaelcane.Calculator.&lt;init&gt;(Calculator.java:6)
	at io.michaelcane.Commands.&lt;init&gt;(Commands.java:5)
	at io.michaelcane.Calculator.&lt;init&gt;(Calculator.java:6)
	at io.michaelcane.Commands.&lt;init&gt;(Commands.java:5)
	at io.michaelcane.Calculator.&lt;init&gt;(Calculator.java:6)
	at io.michaelcane.Commands.&lt;init&gt;(Commands.java:5)
	at io.michaelcane.Calculator.&lt;init&gt;(Calculator.java:6)
	at io.michaelcane.Commands.&lt;init&gt;(Commands.java:5)
	at io.michaelcane.Calculator.&lt;init&gt;(Calculator.java:6)
	at io.michaelcane.Commands.&lt;init&gt;(Commands.java:5)
	at io.michaelcane.Calculator.&lt;init&gt;(Calculator.java:6)
	at io.michaelcane.Commands.&lt;init&gt;(Commands.java:5)
	at io.michaelcane.Calculator.&lt;init&gt;(Calculator.java:6)
	at io.michaelcane.Commands.&lt;init&gt;(Commands.java:5)
	at io.michaelcane.Calculator.&lt;init&gt;(Calculator.java:6)
	at io.michaelcane.Commands.&lt;init&gt;(Commands.java:5)
	at io.michaelcane.Calculator.&lt;init&gt;(Calculator.java:6)
	at io.michaelcane.Commands.&lt;init&gt;(Commands.java:5)
	at io.michaelcane.Calculator.&lt;init&gt;(Calculator.java:6)
	at io.michaelcane.Commands.&lt;init&gt;(Commands.java:5)
	at io.michaelcane.Calculator.&lt;init&gt;(Calculator.java:6)
	at io.michaelcane.Commands.&lt;init&gt;(Commands.java:5)
	at io.michaelcane.Calculator.&lt;init&gt;(Calculator.java:6)
	at io.michaelcane.Commands.&lt;init&gt;(Commands.java:5)
	at io.michaelcane.Calculator.&lt;init&gt;(Calculator.java:6)
	at io.michaelcane.Commands.&lt;init&gt;(Commands.java:5)
	at io.michaelcane.Calculator.&lt;init&gt;(Calculator.java:6)
	at io.michaelcane.Commands.&lt;init&gt;(Commands.java:5)
	at io.michaelcane.Calculator.&lt;init&gt;(Calculator.java:6)
	at io.michaelcane.Commands.&lt;init&gt;(Commands.java:5)
	at io.michaelcane.Calculator.&lt;init&gt;(Calculator.java:6)
	at io.michaelcane.Commands.&lt;init&gt;(Commands.java:5)
	at io.michaelcane.Calculator.&lt;init&gt;(Calculator.java:6)
	at io.michaelcane.Commands.&lt;init&gt;(Commands.java:5)
	at io.michaelcane.Calculator.&lt;init&gt;(Calculator.java:6)
	at io.michaelcane.Commands.&lt;init&gt;(Commands.java:5)
	at io.michaelcane.Calculator.&lt;init&gt;(Calculator.java:6)
	at io.michaelcane.Commands.&lt;init&gt;(Commands.java:5)
	at io.michaelcane.Calculator.&lt;init&gt;(Calculator.java:6)
	at io.michaelcane.Commands.&lt;init&gt;(Commands.java:5)
	at io.michaelcane.Calculator.&lt;init&gt;(Calculator.java:6)
	at io.michaelcane.Commands.&lt;init&gt;(Commands.java:5)
	at io.michaelcane.Calculator.&lt;init&gt;(Calculator.java:6)
	at io.michaelcane.Commands.&lt;init&gt;(Commands.java:5)
	at io.michaelcane.Calculator.&lt;init&gt;(Calculator.java:6)
	at io.michaelcane.Commands.&lt;init&gt;(Commands.java:5)
	at io.michaelcane.Calculator.&lt;init&gt;(Calculator.java:6)
	at io.michaelcane.Commands.&lt;init&gt;(Commands.java:5)
	at io.michaelcane.Calculator.&lt;init&gt;(Calculator.java:6)
	at io.michaelcane.Commands.&lt;init&gt;(Commands.java:5)
	at io.michaelcane.Calculator.&lt;init&gt;(Calculator.java:6)
	at io.michaelcane.Commands.&lt;init&gt;(Commands.java:5)
	at io.michaelcane.Calculator.&lt;init&gt;(Calculator.java:6)
	at io.michaelcane.Commands.&lt;init&gt;(Commands.java:5)
	at io.michaelcane.Calculator.&lt;init&gt;(Calculator.java:6)
	at io.michaelcane.Commands.&lt;init&gt;(Commands.java:5)
	at io.michaelcane.Calculator.&lt;init&gt;(Calculator.java:6)
	at io.michaelcane.Commands.&lt;init&gt;(Commands.java:5)
	at io.michaelcane.Calculator.&lt;init&gt;(Calculator.java:6)
	at io.michaelcane.Commands.&lt;init&gt;(Commands.java:5)
	at io.michaelcane.Calculator.&lt;init&gt;(Calculator.java:6)
	at io.michaelcane.Commands.&lt;init&gt;(Commands.java:5)
	at io.michaelcane.Calculator.&lt;init&gt;(Calculator.java:6)
	at io.michaelcane.Commands.&lt;init&gt;(Commands.java:5)
	at io.michaelcane.Calculator.&lt;init&gt;(Calculator.java:6)
	at io.michaelcane.Commands.&lt;init&gt;(Commands.java:5)
	at io.michaelcane.Calculator.&lt;init&gt;(Calculator.java:6)
	at io.michaelcane.Commands.&lt;init&gt;(Commands.java:5)
	at io.michaelcane.Calculator.&lt;init&gt;(Calculator.java:6)
	at io.michaelcane.Commands.&lt;init&gt;(Commands.java:5)
	at io.michaelcane.Calculator.&lt;init&gt;(Calculator.java:6)
	at io.michaelcane.Commands.&lt;init&gt;(Commands.java:5)
	at io.michaelcane.Calculator.&lt;init&gt;(Calculator.java:6)
	at io.michaelcane.Commands.&lt;init&gt;(Commands.java:5)
	at io.michaelcane.Calculator.&lt;init&gt;(Calculator.java:6)
	at io.michaelcane.Commands.&lt;init&gt;(Commands.java:5)
	at io.michaelcane.Calculator.&lt;init&gt;(Calculator.java:6)
	at io.michaelcane.Commands.&lt;init&gt;(Commands.java:5)
	at io.michaelcane.Calculator.&lt;init&gt;(Calculator.java:6)
	at io.michaelcane.Commands.&lt;init&gt;(Commands.java:5)
	at io.michaelcane.Calculator.&lt;init&gt;(Calculator.java:6)
	at io.michaelcane.Commands.&lt;init&gt;(Commands.java:5)
	at io.michaelcane.Calculator.&lt;init&gt;(Calculator.java:6)
	at io.michaelcane.Commands.&lt;init&gt;(Commands.java:5)
	at io.michaelcane.Calculator.&lt;init&gt;(Calculator.java:6)
	at io.michaelcane.Commands.&lt;init&gt;(Commands.java:5)
	at io.michaelcane.Calculator.&lt;init&gt;(Calculator.java:6)
	at io.michaelcane.Commands.&lt;init&gt;(Commands.java:5)
	at io.michaelcane.Calculator.&lt;init&gt;(Calculator.java:6)
	at io.michaelcane.Commands.&lt;init&gt;(Commands.java:5)
	at io.michaelcane.Calculator.&lt;init&gt;(Calculator.java:6)
	at io.michaelcane.Commands.&lt;init&gt;(Commands.java:5)
	at io.michaelcane.Calculator.&lt;init&gt;(Calculator.java:6)
	at io.michaelcane.Commands.&lt;init&gt;(Commands.java:5)
	at io.michaelcane.Calculator.&lt;init&gt;(Calculator.java:6)
	at io.michaelcane.Commands.&lt;init&gt;(Commands.java:5)
	at io.michaelcane.Calculator.&lt;init&gt;(Calculator.java:6)
	at io.michaelcane.Commands.&lt;init&gt;(Commands.java:5)
	at io.michaelcane.Calculator.&lt;init&gt;(Calculator.java:6)
	at io.michaelcane.Commands.&lt;init&gt;(Commands.java:5)
	at io.michaelcane.Calculator.&lt;init&gt;(Calculator.java:6)
	at io.michaelcane.Commands.&lt;init&gt;(Commands.java:5)
	at io.michaelcane.Calculator.&lt;init&gt;(Calculator.java:6)
	at io.michaelcane.Commands.&lt;init&gt;(Commands.java:5)
	at io.michaelcane.Calculator.&lt;init&gt;(Calculator.java:6)
	at io.michaelcane.Commands.&lt;init&gt;(Commands.java:5)
	at io.michaelcane.Calculator.&lt;init&gt;(Calculator.java:6)
	at io.michaelcane.Commands.&lt;init&gt;(Commands.java:5)
	at io.michaelcane.Calculator.&lt;init&gt;(Calculator.java:6)
	at io.michaelcane.Commands.&lt;init&gt;(Commands.java:5)
	at io.michaelcane.Calculator.&lt;init&gt;(Calculator.java:6)
	at io.michaelcane.Commands.&lt;init&gt;(Commands.java:5)
	at io.michaelcane.Calculator.&lt;init&gt;(Calculator.java:6)
	at io.michaelcane.Commands.&lt;init&gt;(Commands.java:5)
	at io.michaelcane.Calculator.&lt;init&gt;(Calculator.java:6)
	at io.michaelcane.Commands.&lt;init&gt;(Commands.java:5)
	at io.michaelcane.Calculator.&lt;init&gt;(Calculator.java:6)
	at io.michaelcane.Commands.&lt;init&gt;(Commands.java:5)
	at io.michaelcane.Calculator.&lt;init&gt;(Calculator.java:6)
	at io.michaelcane.Commands.&lt;init&gt;(Commands.java:5)
	at io.michaelcane.Calculator.&lt;init&gt;(Calculator.java:6)
	at io.michaelcane.Commands.&lt;init&gt;(Commands.java:5)
	at io.michaelcane.Calculator.&lt;init&gt;(Calculator.java:6)
	at io.michaelcane.Commands.&lt;init&gt;(Commands.java:5)
	at io.michaelcane.Calculator.&lt;init&gt;(Calculator.java:6)
	at io.michaelcane.Commands.&lt;init&gt;(Commands.java:5)
	at io.michaelcane.Calculator.&lt;init&gt;(Calculator.java:6)
	at io.michaelcane.Commands.&lt;init&gt;(Commands.java:5)
	at io.michaelcane.Calculator.&lt;init&gt;(Calculator.java:6)
	at io.michaelcane.Commands.&lt;init&gt;(Commands.java:5)
	at io.michaelcane.Calculator.&lt;init&gt;(Calculator.java:6)
	at io.michaelcane.Commands.&lt;init&gt;(Commands.java:5)
	at io.michaelcane.Calculator.&lt;init&gt;(Calculator.java:6)
	at io.michaelcane.Commands.&lt;init&gt;(Commands.java:5)
	at io.michaelcane.Calculator.&lt;init&gt;(Calculator.java:6)
	at io.michaelcane.Commands.&lt;init&gt;(Commands.java:5)
	at io.michaelcane.Calculator.&lt;init&gt;(Calculator.java:6)
	at io.michaelcane.Commands.&lt;init&gt;(Commands.java:5)
	at io.michaelcane.Calculator.&lt;init&gt;(Calculator.java:6)
	at io.michaelcane.Commands.&lt;init&gt;(Commands.java:5)
	at io.michaelcane.Calculator.&lt;init&gt;(Calculator.java:6)
	at io.michaelcane.Commands.&lt;init&gt;(Commands.java:5)
	at io.michaelcane.Calculator.&lt;init&gt;(Calculator.java:6)
	at io.michaelcane.Commands.&lt;init&gt;(Commands.java:5)
	at io.michaelcane.Calculator.&lt;init&gt;(Calculator.java:6)
	at io.michaelcane.Commands.&lt;init&gt;(Commands.java:5)
	at io.michaelcane.Calculator.&lt;init&gt;(Calculator.java:6)
	at io.michaelcane.Commands.&lt;init&gt;(Commands.java:5)
	at io.michaelcane.Calculator.&lt;init&gt;(Calculator.java:6)
	at io.michaelcane.Commands.&lt;init&gt;(Commands.java:5)
	at io.michaelcane.Calculator.&lt;init&gt;(Calculator.java:6)
	at io.michaelcane.Commands.&lt;init&gt;(Commands.java:5)
	at io.michaelcane.Calculator.&lt;init&gt;(Calculator.java:6)
	at io.michaelcane.Commands.&lt;init&gt;(Commands.java:5)
	at io.michaelcane.Calculator.&lt;init&gt;(Calculator.java:6)
	at io.michaelcane.Commands.&lt;init&gt;(Commands.java:5)
	at io.michaelcane.Calculator.&lt;init&gt;(Calculator.java:6)
	at io.michaelcane.Commands.&lt;init&gt;(Commands.java:5)
	at io.michaelcane.Calculator.&lt;init&gt;(Calculator.java:6)
	at io.michaelcane.Commands.&lt;init&gt;(Commands.java:5)
	at io.michaelcane.Calculator.&lt;init&gt;(Calculator.java:6)
	at io.michaelcane.Commands.&lt;init&gt;(Commands.java:5)
	at io.michaelcane.Calculator.&lt;init&gt;(Calculator.java:6)
	at io.michaelcane.Commands.&lt;init&gt;(Commands.java:5)
	at io.michaelcane.Calculator.&lt;init&gt;(Calculator.java:6)
	at io.michaelcane.Commands.&lt;init&gt;(Commands.java:5)
	at io.michaelcane.Calculator.&lt;init&gt;(Calculator.java:6)
	at io.michaelcane.Commands.&lt;init&gt;(Commands.java:5)
	at io.michaelcane.Calculator.&lt;init&gt;(Calculator.java:6)
	at io.michaelcane.Commands.&lt;init&gt;(Commands.java:5)
	at io.michaelcane.Calculator.&lt;init&gt;(Calculator.java:6)
	at io.michaelcane.Commands.&lt;init&gt;(Commands.java:5)
	at io.michaelcane.Calculator.&lt;init&gt;(Calculator.java:6)
	at io.michaelcane.Commands.&lt;init&gt;(Commands.java:5)
	at io.michaelcane.Calculator.&lt;init&gt;(Calculator.java:6)
	at io.michaelcane.Commands.&lt;init&gt;(Commands.java:5)
	at io.michaelcane.Calculator.&lt;init&gt;(Calculator.java:6)
	at io.michaelcane.Commands.&lt;init&gt;(Commands.java:5)
	at io.michaelcane.Calculator.&lt;init&gt;(Calculator.java:6)
	at io.michaelcane.Commands.&lt;init&gt;(Commands.java:5)
	at io.michaelcane.Calculator.&lt;init&gt;(Calculator.java:6)
	at io.michaelcane.Commands.&lt;init&gt;(Commands.java:5)
	at io.michaelcane.Calculator.&lt;init&gt;(Calculator.java:6)
	at io.michaelcane.Commands.&lt;init&gt;(Commands.java:5)
	at io.michaelcane.Calculator.&lt;init&gt;(Calculator.java:6)
	at io.michaelcane.Commands.&lt;init&gt;(Commands.java:5)
	at io.michaelcane.Calculator.&lt;init&gt;(Calculator.java:6)
	at io.michaelcane.Commands.&lt;init&gt;(Commands.java:5)
	at io.michaelcane.Calculator.&lt;init&gt;(Calculator.java:6)
	at io.michaelcane.Commands.&lt;init&gt;(Commands.java:5)
	at io.michaelcane.Calculator.&lt;init&gt;(Calculator.java:6)
	at io.michaelcane.Commands.&lt;init&gt;(Commands.java:5)
	at io.michaelcane.Calculator.&lt;init&gt;(Calculator.java:6)
	at io.michaelcane.Commands.&lt;init&gt;(Commands.java:5)
	at io.michaelcane.Calculator.&lt;init&gt;(Calculator.java:6)
	at io.michaelcane.Commands.&lt;init&gt;(Commands.java:5)
	at io.michaelcane.Calculator.&lt;init&gt;(Calculator.java:6)
	at io.michaelcane.Commands.&lt;init&gt;(Commands.java:5)
	at io.michaelcane.Calculator.&lt;init&gt;(Calculator.java:6)
	at io.michaelcane.Commands.&lt;init&gt;(Commands.java:5)
	at io.michaelcane.Calculator.&lt;init&gt;(Calculator.java:6)
	at io.michaelcane.Commands.&lt;init&gt;(Commands.java:5)
	at io.michaelcane.Calculator.&lt;init&gt;(Calculator.java:6)
	at io.michaelcane.Commands.&lt;init&gt;(Commands.java:5)
	at io.michaelcane.Calculator.&lt;init&gt;(Calculator.java:6)
	at io.michaelcane.Commands.&lt;init&gt;(Commands.java:5)
	at io.michaelcane.Calculator.&lt;init&gt;(Calculator.java:6)
	at io.michaelcane.Commands.&lt;init&gt;(Commands.java:5)
	at io.michaelcane.Calculator.&lt;init&gt;(Calculator.java:6)
	at io.michaelcane.Commands.&lt;init&gt;(Commands.java:5)
	at io.michaelcane.Calculator.&lt;init&gt;(Calculator.java:6)
	at io.michaelcane.Commands.&lt;init&gt;(Commands.java:5)
	at io.michaelcane.Calculator.&lt;init&gt;(Calculator.java:6)
	at io.michaelcane.Commands.&lt;init&gt;(Commands.java:5)
	at io.michaelcane.Calculator.&lt;init&gt;(Calculator.java:6)
	at io.michaelcane.Commands.&lt;init&gt;(Commands.java:5)
	at io.michaelcane.Calculator.&lt;init&gt;(Calculator.java:6)
	at io.michaelcane.Commands.&lt;init&gt;(Commands.java:5)
	at io.michaelcane.Calculator.&lt;init&gt;(Calculator.java:6)
	at io.michaelcane.Commands.&lt;init&gt;(Commands.java:5)
	at io.michaelcane.Calculator.&lt;init&gt;(Calculator.java:6)
	at io.michaelcane.Commands.&lt;init&gt;(Commands.java:5)
	at io.michaelcane.Calculator.&lt;init&gt;(Calculator.java:6)
	at io.michaelcane.Commands.&lt;init&gt;(Commands.java:5)
	at io.michaelcane.Calculator.&lt;init&gt;(Calculator.java:6)
	at io.michaelcane.Commands.&lt;init&gt;(Commands.java:5)
	at io.michaelcane.Calculator.&lt;init&gt;(Calculator.java:6)
	at io.michaelcane.Commands.&lt;init&gt;(Commands.java:5)
	at io.michaelcane.Calculator.&lt;init&gt;(Calculator.java:6)
	at io.michaelcane.Commands.&lt;init&gt;(Commands.java:5)
	at io.michaelcane.Calculator.&lt;init&gt;(Calculator.java:6)
	at io.michaelcane.Commands.&lt;init&gt;(Commands.java:5)
	at io.michaelcane.Calculator.&lt;init&gt;(Calculator.java:6)
	at io.michaelcane.Commands.&lt;init&gt;(Commands.java:5)
	at io.michaelcane.Calculator.&lt;init&gt;(Calculator.java:6)
	at io.michaelcane.Commands.&lt;init&gt;(Commands.java:5)
	at io.michaelcane.Calculator.&lt;init&gt;(Calculator.java:6)
	at io.michaelcane.Commands.&lt;init&gt;(Commands.java:5)
	at io.michaelcane.Calculator.&lt;init&gt;(Calculator.java:6)
	at io.michaelcane.Commands.&lt;init&gt;(Commands.java:5)
	at io.michaelcane.Calculator.&lt;init&gt;(Calculator.java:6)
	at io.michaelcane.Commands.&lt;init&gt;(Commands.java:5)
	at io.michaelcane.Calculator.&lt;init&gt;(Calculator.java:6)
	at io.michaelcane.Commands.&lt;init&gt;(Commands.java:5)
	at io.michaelcane.Calculator.&lt;init&gt;(Calculator.java:6)
	at io.michaelcane.Commands.&lt;init&gt;(Commands.java:5)
	at io.michaelcane.Calculator.&lt;init&gt;(Calculator.java:6)
	at io.michaelcane.Commands.&lt;init&gt;(Commands.java:5)
	at io.michaelcane.Calculator.&lt;init&gt;(Calculator.java:6)
	at io.michaelcane.Commands.&lt;init&gt;(Commands.java:5)
	at io.michaelcane.Calculator.&lt;init&gt;(Calculator.java:6)
	at io.michaelcane.Commands.&lt;init&gt;(Commands.java:5)
	at io.michaelcane.Calculator.&lt;init&gt;(Calculator.java:6)
	at io.michaelcane.Commands.&lt;init&gt;(Commands.java:5)
	at io.michaelcane.Calculator.&lt;init&gt;(Calculator.java:6)
	at io.michaelcane.Commands.&lt;init&gt;(Commands.java:5)
	at io.michaelcane.Calculator.&lt;init&gt;(Calculator.java:6)
	at io.michaelcane.Commands.&lt;init&gt;(Commands.java:5)
	at io.michaelcane.Calculator.&lt;init&gt;(Calculator.java:6)
	at io.michaelcane.Commands.&lt;init&gt;(Commands.java:5)
	at io.michaelcane.Calculator.&lt;init&gt;(Calculator.java:6)
	at io.michaelcane.Commands.&lt;init&gt;(Commands.java:5)
	at io.michaelcane.Calculator.&lt;init&gt;(Calculator.java:6)
	at io.michaelcane.Commands.&lt;init&gt;(Commands.java:5)
	at io.michaelcane.Calculator.&lt;init&gt;(Calculator.java:6)
	at io.michaelcane.Commands.&lt;init&gt;(Commands.java:5)
	at io.michaelcane.Calculator.&lt;init&gt;(Calculator.java:6)
	at io.michaelcane.Commands.&lt;init&gt;(Commands.java:5)
	at io.michaelcane.Calculator.&lt;init&gt;(Calculator.java:6)
	at io.michaelcane.Commands.&lt;init&gt;(Commands.java:5)
	at io.michaelcane.Calculator.&lt;init&gt;(Calculator.java:6)
	at io.michaelcane.Commands.&lt;init&gt;(Commands.java:5)
	at io.michaelcane.Calculator.&lt;init&gt;(Calculator.java:6)
	at io.michaelcane.Commands.&lt;init&gt;(Commands.java:5)
	at io.michaelcane.Calculator.&lt;init&gt;(Calculator.java:6)
	at io.michaelcane.Commands.&lt;init&gt;(Commands.java:5)
	at io.michaelcane.Calculator.&lt;init&gt;(Calculator.java:6)
	at io.michaelcane.Commands.&lt;init&gt;(Commands.java:5)
	at io.michaelcane.Calculator.&lt;init&gt;(Calculator.java:6)
	at io.michaelcane.Commands.&lt;init&gt;(Commands.java:5)
	at io.michaelcane.Calculator.&lt;init&gt;(Calculator.java:6)
	at io.michaelcane.Commands.&lt;init&gt;(Commands.java:5)
	at io.michaelcane.Calculator.&lt;init&gt;(Calculator.java:6)
	at io.michaelcane.Commands.&lt;init&gt;(Commands.java:5)
	at io.michaelcane.Calculator.&lt;init&gt;(Calculator.java:6)
	at io.michaelcane.Commands.&lt;init&gt;(Commands.java:5)
	at io.michaelcane.Calculator.&lt;init&gt;(Calculator.java:6)
	at io.michaelcane.Commands.&lt;init&gt;(Commands.java:5)
	at io.michaelcane.Calculator.&lt;init&gt;(Calculator.java:6)
	at io.michaelcane.Commands.&lt;init&gt;(Commands.java:5)
	at io.michaelcane.Calculator.&lt;init&gt;(Calculator.java:6)
	at io.michaelcane.Commands.&lt;init&gt;(Commands.java:5)
	at io.michaelcane.Calculator.&lt;init&gt;(Calculator.java:6)
	at io.michaelcane.Commands.&lt;init&gt;(Commands.java:5)
	at io.michaelcane.Calculator.&lt;init&gt;(Calculator.java:6)
	at io.michaelcane.Commands.&lt;init&gt;(Commands.java:5)
	at io.michaelcane.Calculator.&lt;init&gt;(Calculator.java:6)
	at io.michaelcane.Commands.&lt;init&gt;(Commands.java:5)
	at io.michaelcane.Calculator.&lt;init&gt;(Calculator.java:6)
	at io.michaelcane.Commands.&lt;init&gt;(Commands.java:5)
	at io.michaelcane.Calculator.&lt;init&gt;(Calculator.java:6)
	at io.michaelcane.Commands.&lt;init&gt;(Commands.java:5)
	at io.michaelcane.Calculator.&lt;init&gt;(Calculator.java:6)
	at io.michaelcane.Commands.&lt;init&gt;(Commands.java:5)
	at io.michaelcane.Calculator.&lt;init&gt;(Calculator.java:6)
	at io.michaelcane.Commands.&lt;init&gt;(Commands.java:5)
	at io.michaelcane.Calculator.&lt;init&gt;(Calculator.java:6)
	at io.michaelcane.Commands.&lt;init&gt;(Commands.java:5)
	at io.michaelcane.Calculator.&lt;init&gt;(Calculator.java:6)
	at io.michaelcane.Commands.&lt;init&gt;(Commands.java:5)
	at io.michaelcane.Calculator.&lt;init&gt;(Calculator.java:6)
	at io.michaelcane.Commands.&lt;init&gt;(Commands.java:5)
	at io.michaelcane.Calculator.&lt;init&gt;(Calculator.java:6)
	at io.michaelcane.Commands.&lt;init&gt;(Commands.java:5)
	at io.michaelcane.Calculator.&lt;init&gt;(Calculator.java:6)
	at io.michaelcane.Commands.&lt;init&gt;(Commands.java:5)
	at io.michaelcane.Calculator.&lt;init&gt;(Calculator.java:6)
	at io.michaelcane.Commands.&lt;init&gt;(Commands.java:5)
	at io.michaelcane.Calculator.&lt;init&gt;(Calculator.java:6)
	at io.michaelcane.Commands.&lt;init&gt;(Commands.java:5)
	at io.michaelcane.Calculator.&lt;init&gt;(Calculator.java:6)
	at io.michaelcane.Commands.&lt;init&gt;(Commands.java:5)
	at io.michaelcane.Calculator.&lt;init&gt;(Calculator.java:6)
	at io.michaelcane.Commands.&lt;init&gt;(Commands.java:5)
	at io.michaelcane.Calculator.&lt;init&gt;(Calculator.java:6)
	at io.michaelcane.Commands.&lt;init&gt;(Commands.java:5)
	at io.michaelcane.Calculator.&lt;init&gt;(Calculator.java:6)
	at io.michaelcane.Commands.&lt;init&gt;(Commands.java:5)
	at io.michaelcane.Calculator.&lt;init&gt;(Calculator.java:6)
	at io.michaelcane.Commands.&lt;init&gt;(Commands.java:5)
	at io.michaelcane.Calculator.&lt;init&gt;(Calculator.java:6)
	at io.michaelcane.Commands.&lt;init&gt;(Commands.java:5)
	at io.michaelcane.Calculator.&lt;init&gt;(Calculator.java:6)
	at io.michaelcane.Commands.&lt;init&gt;(Commands.java:5)
	at io.michaelcane.Calculator.&lt;init&gt;(Calculator.java:6)
	at io.michaelcane.Commands.&lt;init&gt;(Commands.java:5)
	at io.michaelcane.Calculator.&lt;init&gt;(Calculator.java:6)
	at io.michaelcane.Commands.&lt;init&gt;(Commands.java:5)
	at io.michaelcane.Calculator.&lt;init&gt;(Calculator.java:6)
	at io.michaelcane.Commands.&lt;init&gt;(Commands.java:5)
	at io.michaelcane.Calculator.&lt;init&gt;(Calculator.java:6)
	at io.michaelcane.Commands.&lt;init&gt;(Commands.java:5)
	at io.michaelcane.Calculator.&lt;init&gt;(Calculator.java:6)
	at io.michaelcane.Commands.&lt;init&gt;(Commands.java:5)
	at io.michaelcane.Calculator.&lt;init&gt;(Calculator.java:6)
	at io.michaelcane.Commands.&lt;init&gt;(Commands.java:5)
	at io.michaelcane.Calculator.&lt;init&gt;(Calculator.java:6)
	at io.michaelcane.Commands.&lt;init&gt;(Commands.java:5)
	at io.michaelcane.Calculator.&lt;init&gt;(Calculator.java:6)
	at io.michaelcane.Commands.&lt;init&gt;(Commands.java:5)
	at io.michaelcane.Calculator.&lt;init&gt;(Calculator.java:6)
	at io.michaelcane.Commands.&lt;init&gt;(Commands.java:5)
	at io.michaelcane.Calculator.&lt;init&gt;(Calculator.java:6)
	at io.michaelcane.Commands.&lt;init&gt;(Commands.java:5)
	at io.michaelcane.Calculator.&lt;init&gt;(Calculator.java:6)
	at io.michaelcane.Commands.&lt;init&gt;(Commands.java:5)
	at io.michaelcane.Calculator.&lt;init&gt;(Calculator.java:6)
	at io.michaelcane.Commands.&lt;init&gt;(Commands.java:5)
	at io.michaelcane.Calculator.&lt;init&gt;(Calculator.java:6)
	at io.michaelcane.Commands.&lt;init&gt;(Commands.java:5)
	at io.michaelcane.Calculator.&lt;init&gt;(Calculator.java:6)
	at io.michaelcane.Commands.&lt;init&gt;(Commands.java:5)
	at io.michaelcane.Calculator.&lt;init&gt;(Calculator.java:6)
	at io.michaelcane.Commands.&lt;init&gt;(Commands.java:5)
	at io.michaelcane.Calculator.&lt;init&gt;(Calculator.java:6)
	at io.michaelcane.Commands.&lt;init&gt;(Commands.java:5)
	at io.michaelcane.Calculator.&lt;init&gt;(Calculator.java:6)
	at io.michaelcane.Commands.&lt;init&gt;(Commands.java:5)
	at io.michaelcane.Calculator.&lt;init&gt;(Calculator.java:6)
	at io.michaelcane.Commands.&lt;init&gt;(Commands.java:5)
	at io.michaelcane.Calculator.&lt;init&gt;(Calculator.java:6)
	at io.michaelcane.Commands.&lt;init&gt;(Commands.java:5)
	at io.michaelcane.Calculator.&lt;init&gt;(Calculator.java:6)
	at io.michaelcane.Commands.&lt;init&gt;(Commands.java:5)
	at io.michaelcane.Calculator.&lt;init&gt;(Calculator.java:6)
	at io.michaelcane.Commands.&lt;init&gt;(Commands.java:5)
	at io.michaelcane.Calculator.&lt;init&gt;(Calculator.java:6)
	at io.michaelcane.Commands.&lt;init&gt;(Commands.java:5)
	at io.michaelcane.Calculator.&lt;init&gt;(Calculator.java:6)
	at io.michaelcane.Commands.&lt;init&gt;(Commands.java:5)
	at io.michaelcane.Calculator.&lt;init&gt;(Calculator.java:6)
	at io.michaelcane.Commands.&lt;init&gt;(Commands.java:5)
	at io.michaelcane.Calculator.&lt;init&gt;(Calculator.java:6)
	at io.michaelcane.Commands.&lt;init&gt;(Commands.java:5)
	at io.michaelcane.Calculator.&lt;init&gt;(Calculator.java:6)
	at io.michaelcane.Commands.&lt;init&gt;(Commands.java:5)
	at io.michaelcane.Calculator.&lt;init&gt;(Calculator.java:6)
	at io.michaelcane.Commands.&lt;init&gt;(Commands.java:5)
	at io.michaelcane.Calculator.&lt;init&gt;(Calculator.java:6)
	at io.michaelcane.Commands.&lt;init&gt;(Commands.java:5)
	at io.michaelcane.Calculator.&lt;init&gt;(Calculator.java:6)
	at io.michaelcane.Commands.&lt;init&gt;(Commands.java:5)
	at io.michaelcane.Calculator.&lt;init&gt;(Calculator.java:6)
	at io.michaelcane.Commands.&lt;init&gt;(Commands.java:5)
	at io.michaelcane.Calculator.&lt;init&gt;(Calculator.java:6)
	at io.michaelcane.Commands.&lt;init&gt;(Commands.java:5)
	at io.michaelcane.Calculator.&lt;init&gt;(Calculator.java:6)
	at io.michaelcane.Commands.&lt;init&gt;(Commands.java:5)
	at io.michaelcane.Calculator.&lt;init&gt;(Calculator.java:6)
	at io.michaelcane.Commands.&lt;init&gt;(Commands.java:5)
	at io.michaelcane.Calculator.&lt;init&gt;(Calculator.java:6)
	at io.michaelcane.Commands.&lt;init&gt;(Commands.java:5)
	at io.michaelcane.Calculator.&lt;init&gt;(Calculator.java:6)
	at io.michaelcane.Commands.&lt;init&gt;(Commands.java:5)
	at io.michaelcane.Calculator.&lt;init&gt;(Calculator.java:6)
	at io.michaelcane.Commands.&lt;init&gt;(Commands.java:5)
	at io.michaelcane.Calculator.&lt;init&gt;(Calculator.java:6)
	at io.michaelcane.Commands.&lt;init&gt;(Commands.java:5)
	at io.michaelcane.Calculator.&lt;init&gt;(Calculator.java:6)
	at io.michaelcane.Commands.&lt;init&gt;(Commands.java:5)
	at io.michaelcane.Calculator.&lt;init&gt;(Calculator.java:6)
	at io.michaelcane.Commands.&lt;init&gt;(Commands.java:5)
	at io.michaelcane.Calculator.&lt;init&gt;(Calculator.java:6)
	at io.michaelcane.Commands.&lt;init&gt;(Commands.java:5)
	at io.michaelcane.Calculator.&lt;init&gt;(Calculator.java:6)
	at io.michaelcane.Commands.&lt;init&gt;(Commands.java:5)
	at io.michaelcane.Calculator.&lt;init&gt;(Calculator.java:6)
	at io.michaelcane.Commands.&lt;init&gt;(Commands.java:5)
	at io.michaelcane.Calculator.&lt;init&gt;(Calculator.java:6)
	at io.michaelcane.Commands.&lt;init&gt;(Commands.java:5)
	at io.michaelcane.Calculator.&lt;init&gt;(Calculator.java:6)
	at io.michaelcane.Commands.&lt;init&gt;(Commands.java:5)
	at io.michaelcane.Calculator.&lt;init&gt;(Calculator.java:6)
	at io.michaelcane.Commands.&lt;init&gt;(Commands.java:5)
	at io.michaelcane.Calculator.&lt;init&gt;(Calculator.java:6)
	at io.michaelcane.Commands.&lt;init&gt;(Commands.java:5)
	at io.michaelcane.Calculator.&lt;init&gt;(Calculator.java:6)
	at io.michaelcane.Commands.&lt;init&gt;(Commands.java:5)
	at io.michaelcane.Calculator.&lt;init&gt;(Calculator.java:6)
	at io.michaelcane.Commands.&lt;init&gt;(Commands.java:5)
	at io.michaelcane.Calculator.&lt;init&gt;(Calculator.java:6)
	at io.michaelcane.Commands.&lt;init&gt;(Commands.java:5)
	at io.michaelcane.Calculator.&lt;init&gt;(Calculator.java:6)
	at io.michaelcane.Commands.&lt;init&gt;(Commands.java:5)
	at io.michaelcane.Calculator.&lt;init&gt;(Calculator.java:6)
	at io.michaelcane.Commands.&lt;init&gt;(Commands.java:5)
	at io.michaelcane.Calculator.&lt;init&gt;(Calculator.java:6)
	at io.michaelcane.Commands.&lt;init&gt;(Commands.java:5)
	at io.michaelcane.Calculator.&lt;init&gt;(Calculator.java:6)
	at io.michaelcane.Commands.&lt;init&gt;(Commands.java:5)
	at io.michaelcane.Calculator.&lt;init&gt;(Calculator.java:6)
	at io.michaelcane.Commands.&lt;init&gt;(Commands.java:5)
	at io.michaelcane.Calculator.&lt;init&gt;(Calculator.java:6)
	at io.michaelcane.Commands.&lt;init&gt;(Commands.java:5)
	at io.michaelcane.Calculator.&lt;init&gt;(Calculator.java:6)
	at io.michaelcane.Commands.&lt;init&gt;(Commands.java:5)
	at io.michaelcane.Calculator.&lt;init&gt;(Calculator.java:6)
	at io.michaelcane.Commands.&lt;init&gt;(Commands.java:5)
	at io.michaelcane.Calculator.&lt;init&gt;(Calculator.java:6)
	at io.michaelcane.Commands.&lt;init&gt;(Commands.java:5)
	at io.michaelcane.Calculator.&lt;init&gt;(Calculator.java:6)
	at io.michaelcane.Commands.&lt;init&gt;(Commands.java:5)
	at io.michaelcane.Calculator.&lt;init&gt;(Calculator.java:6)
	at io.michaelcane.Commands.&lt;init&gt;(Commands.java:5)
	at io.michaelcane.Calculator.&lt;init&gt;(Calculator.java:6)
	at io.michaelcane.Commands.&lt;init&gt;(Commands.java:5)
	at io.michaelcane.Calculator.&lt;init&gt;(Calculator.java:6)
	at io.michaelcane.Commands.&lt;init&gt;(Commands.java:5)
	at io.michaelcane.Calculator.&lt;init&gt;(Calculator.java:6)
	at io.michaelcane.Commands.&lt;init&gt;(Commands.java:5)
	at io.michaelcane.Calculator.&lt;init&gt;(Calculator.java:6)
	at io.michaelcane.Commands.&lt;init&gt;(Commands.java:5)
	at io.michaelcane.Calculator.&lt;init&gt;(Calculator.java:6)
	at io.michaelcane.Commands.&lt;init&gt;(Commands.java:5)
	at io.michaelcane.Calculator.&lt;init&gt;(Calculator.java:6)
	at io.michaelcane.Commands.&lt;init&gt;(Commands.java:5)
	at io.michaelcane.Calculator.&lt;init&gt;(Calculator.java:6)
	at io.michaelcane.Commands.&lt;init&gt;(Commands.java:5)
	at io.michaelcane.Calculator.&lt;init&gt;(Calculator.java:6)
	at io.michaelcane.Commands.&lt;init&gt;(Commands.java:5)
	at io.michaelcane.Calculator.&lt;init&gt;(Calculator.java:6)
	at io.michaelcane.Commands.&lt;init&gt;(Commands.java:5)
	at io.michaelcane.Calculator.&lt;init&gt;(Calculator.java:6)
	at io.michaelcane.Commands.&lt;init&gt;(Commands.java:5)
	at io.michaelcane.Calculator.&lt;init&gt;(Calculator.java:6)
	at io.michaelcane.Commands.&lt;init&gt;(Commands.java:5)
	at io.michaelcane.Calculator.&lt;init&gt;(Calculator.java:6)
	at io.michaelcane.Commands.&lt;init&gt;(Commands.java:5)
	at io.michaelcane.Calculator.&lt;init&gt;(Calculator.java:6)
	at io.michaelcane.Commands.&lt;init&gt;(Commands.java:5)
	at io.michaelcane.Calculator.&lt;init&gt;(Calculator.java:6)
	at io.michaelcane.Commands.&lt;init&gt;(Commands.java:5)
	at io.michaelcane.Calculator.&lt;init&gt;(Calculator.java:6)
	at io.michaelcane.Commands.&lt;init&gt;(Commands.java:5)
	at io.michaelcane.Calculator.&lt;init&gt;(Calculator.java:6)
	at io.michaelcane.Commands.&lt;init&gt;(Commands.java:5)
	at io.michaelcane.Calculator.&lt;init&gt;(Calculator.java:6)
	at io.michaelcane.Commands.&lt;init&gt;(Commands.java:5)
	at io.michaelcane.Calculator.&lt;init&gt;(Calculator.java:6)
	at io.michaelcane.Commands.&lt;init&gt;(Commands.java:5)
	at io.michaelcane.Calculator.&lt;init&gt;(Calculator.java:6)
	at io.michaelcane.Commands.&lt;init&gt;(Commands.java:5)
	at io.michaelcane.Calculator.&lt;init&gt;(Calculator.java:6)
	at io.michaelcane.Commands.&lt;init&gt;(Commands.java:5)
	at io.michaelcane.Calculator.&lt;init&gt;(Calculator.java:6)
	at io.michaelcane.Commands.&lt;init&gt;(Commands.java:5)
	at io.michaelcane.Calculator.&lt;init&gt;(Calculator.java:6)
	at io.michaelcane.Commands.&lt;init&gt;(Commands.java:5)
	at io.michaelcane.Calculator.&lt;init&gt;(Calculator.java:6)
	at io.michaelcane.Commands.&lt;init&gt;(Commands.java:5)
	at io.michaelcane.Calculator.&lt;init&gt;(Calculator.java:6)
	at io.michaelcane.Commands.&lt;init&gt;(Commands.java:5)
	at io.michaelcane.Calculator.&lt;init&gt;(Calculator.java:6)
	at io.michaelcane.Commands.&lt;init&gt;(Commands.java:5)
	at io.michaelcane.Calculator.&lt;init&gt;(Calculator.java:6)
	at io.michaelcane.Commands.&lt;init&gt;(Commands.java:5)
	at io.michaelcane.Calculator.&lt;init&gt;(Calculator.java:6)
	at io.michaelcane.Commands.&lt;init&gt;(Commands.java:5)
	at io.michaelcane.Calculator.&lt;init&gt;(Calculator.java:6)
	at io.michaelcane.Commands.&lt;init&gt;(Commands.java:5)
	at io.michaelcane.Calculator.&lt;init&gt;(Calculator.java:6)
	at io.michaelcane.Commands.&lt;init&gt;(Commands.java:5)
	at io.michaelcane.Calculator.&lt;init&gt;(Calculator.java:6)
	at io.michaelcane.Commands.&lt;init&gt;(Commands.java:5)
	at io.michaelcane.Calculator.&lt;init&gt;(Calculator.java:6)
	at io.michaelcane.Commands.&lt;init&gt;(Commands.java:5)
	at io.michaelcane.Calculator.&lt;init&gt;(Calculator.java:6)
	at io.michaelcane.Commands.&lt;init&gt;(Commands.java:5)
	at io.michaelcane.Calculator.&lt;init&gt;(Calculator.java:6)
	at io.michaelcane.Commands.&lt;init&gt;(Commands.java:5)
	at io.michaelcane.Calculator.&lt;init&gt;(Calculator.java:6)
	at io.michaelcane.Commands.&lt;init&gt;(Commands.java:5)
	at io.michaelcane.Calculator.&lt;init&gt;(Calculator.java:6)
	at io.michaelcane.Commands.&lt;init&gt;(Commands.java:5)
	at io.michaelcane.Calculator.&lt;init&gt;(Calculator.java:6)
	at io.michaelcane.Commands.&lt;init&gt;(Commands.java:5)
	at io.michaelcane.Calculator.&lt;init&gt;(Calculator.java:6)
	at io.michaelcane.Commands.&lt;init&gt;(Commands.java:5)
	at io.michaelcane.Calculator.&lt;init&gt;(Calculator.java:6)
	at io.michaelcane.Commands.&lt;init&gt;(Commands.java:5)
	at io.michaelcane.Calculator.&lt;init&gt;(Calculator.java:6)
	at io.michaelcane.Commands.&lt;init&gt;(Commands.java:5)
	at io.michaelcane.Calculator.&lt;init&gt;(Calculator.java:6)
	at io.michaelcane.Commands.&lt;init&gt;(Commands.java:5)
	at io.michaelcane.Calculator.&lt;init&gt;(Calculator.java:6)
	at io.michaelcane.Commands.&lt;init&gt;(Commands.java:5)
	at io.michaelcane.Calculator.&lt;init&gt;(Calculator.java:6)
	at io.michaelcane.Commands.&lt;init&gt;(Commands.java:5)
	at io.michaelcane.Calculator.&lt;init&gt;(Calculator.java:6)
	at io.michaelcane.Commands.&lt;init&gt;(Commands.java:5)
	at io.michaelcane.Calculator.&lt;init&gt;(Calculator.java:6)
	at io.michaelcane.Commands.&lt;init&gt;(Commands.java:5)
	at io.michaelcane.Calculator.&lt;init&gt;(Calculator.java:6)
	at io.michaelcane.Commands.&lt;init&gt;(Commands.java:5)
	at io.michaelcane.Calculator.&lt;init&gt;(Calculator.java:6)
	at io.michaelcane.Commands.&lt;init&gt;(Commands.java:5)
	at io.michaelcane.Calculator.&lt;init&gt;(Calculator.java:6)
	at io.michaelcane.Commands.&lt;init&gt;(Commands.java:5)
	at io.michaelcane.Calculator.&lt;init&gt;(Calculator.java:6)
	at io.michaelcane.Commands.&lt;init&gt;(Commands.java:5)
	at io.michaelcane.Calculator.&lt;init&gt;(Calculator.java:6)
	at io.michaelcane.Commands.&lt;init&gt;(Commands.java:5)
	at io.michaelcane.Calculator.&lt;init&gt;(Calculator.java:6)
	at io.michaelcane.Commands.&lt;init&gt;(Commands.java:5)
	at io.michaelcane.Calculator.&lt;init&gt;(Calculator.java:6)
	at io.michaelcane.Commands.&lt;init&gt;(Commands.java:5)
	at io.michaelcane.Calculator.&lt;init&gt;(Calculator.java:6)
	at io.michaelcane.Commands.&lt;init&gt;(Commands.java:5)
	at io.michaelcane.Calculator.&lt;init&gt;(Calculator.java:6)
	at io.michaelcane.Commands.&lt;init&gt;(Commands.java:5)
	at io.michaelcane.Calculator.&lt;init&gt;(Calculator.java:6)
	at io.michaelcane.Commands.&lt;init&gt;(Commands.java:5)
	at io.michaelcane.Calculator.&lt;init&gt;(Calculator.java:6)
	at io.michaelcane.Commands.&lt;init&gt;(Commands.java:5)
	at io.michaelcane.Calculator.&lt;init&gt;(Calculator.java:6)
	at io.michaelcane.Commands.&lt;init&gt;(Commands.java:5)
	at io.michaelcane.Calculator.&lt;init&gt;(Calculator.java:6)
	at io.michaelcane.Commands.&lt;init&gt;(Commands.java:5)
	at io.michaelcane.Calculator.&lt;init&gt;(Calculator.java:6)
	at io.michaelcane.Commands.&lt;init&gt;(Commands.java:5)
	at io.michaelcane.Calculator.&lt;init&gt;(Calculator.java:6)
	at io.michaelcane.Commands.&lt;init&gt;(Commands.java:5)
	at io.michaelcane.Calculator.&lt;init&gt;(Calculator.java:6)
	at io.michaelcane.Commands.&lt;init&gt;(Commands.java:5)
	at io.michaelcane.Calculator.&lt;init&gt;(Calculator.java:6)
	at io.michaelcane.Commands.&lt;init&gt;(Commands.java:5)
	at io.michaelcane.Calculator.&lt;init&gt;(Calculator.java:6)
	at io.michaelcane.Commands.&lt;init&gt;(Commands.java:5)
	at io.michaelcane.Calculator.&lt;init&gt;(Calculator.java:6)
	at io.michaelcane.Commands.&lt;init&gt;(Commands.java:5)
	at io.michaelcane.Calculator.&lt;init&gt;(Calculator.java:6)
	at io.michaelcane.Commands.&lt;init&gt;(Commands.java:5)
	at io.michaelcane.Calculator.&lt;init&gt;(Calculator.java:6)
	at io.michaelcane.Commands.&lt;init&gt;(Commands.java:5)
	at io.michaelcane.Calculator.&lt;init&gt;(Calculator.java:6)
	at io.michaelcane.Commands.&lt;init&gt;(Commands.java:5)
	at io.michaelcane.Calculator.&lt;init&gt;(Calculator.java:6)
	at io.michaelcane.Commands.&lt;init&gt;(Commands.java:5)
	at io.michaelcane.Calculator.&lt;init&gt;(Calculator.java:6)
	at io.michaelcane.Commands.&lt;init&gt;(Commands.java:5)
	at io.michaelcane.Calculator.&lt;init&gt;(Calculator.java:6)
	at io.michaelcane.Commands.&lt;init&gt;(Commands.java:5)
</error>
  </testcase>
  <testcase classname="io.michaelcane.CalculatorSpec" name="test$factorial" time="0.009">
    <error type="java.lang.StackOverflowError">java.lang.StackOverflowError
	at io.michaelcane.Calculator.&lt;init&gt;(Calculator.java:6)
	at io.michaelcane.Commands.&lt;init&gt;(Commands.java:5)
	at io.michaelcane.Calculator.&lt;init&gt;(Calculator.java:6)
	at io.michaelcane.Commands.&lt;init&gt;(Commands.java:5)
	at io.michaelcane.Calculator.&lt;init&gt;(Calculator.java:6)
	at io.michaelcane.Commands.&lt;init&gt;(Commands.java:5)
	at io.michaelcane.Calculator.&lt;init&gt;(Calculator.java:6)
	at io.michaelcane.Commands.&lt;init&gt;(Commands.java:5)
	at io.michaelcane.Calculator.&lt;init&gt;(Calculator.java:6)
	at io.michaelcane.Commands.&lt;init&gt;(Commands.java:5)
	at io.michaelcane.Calculator.&lt;init&gt;(Calculator.java:6)
	at io.michaelcane.Commands.&lt;init&gt;(Commands.java:5)
	at io.michaelcane.Calculator.&lt;init&gt;(Calculator.java:6)
	at io.michaelcane.Commands.&lt;init&gt;(Commands.java:5)
	at io.michaelcane.Calculator.&lt;init&gt;(Calculator.java:6)
	at io.michaelcane.Commands.&lt;init&gt;(Commands.java:5)
	at io.michaelcane.Calculator.&lt;init&gt;(Calculator.java:6)
	at io.michaelcane.Commands.&lt;init&gt;(Commands.java:5)
	at io.michaelcane.Calculator.&lt;init&gt;(Calculator.java:6)
	at io.michaelcane.Commands.&lt;init&gt;(Commands.java:5)
	at io.michaelcane.Calculator.&lt;init&gt;(Calculator.java:6)
	at io.michaelcane.Commands.&lt;init&gt;(Commands.java:5)
	at io.michaelcane.Calculator.&lt;init&gt;(Calculator.java:6)
	at io.michaelcane.Commands.&lt;init&gt;(Commands.java:5)
	at io.michaelcane.Calculator.&lt;init&gt;(Calculator.java:6)
	at io.michaelcane.Commands.&lt;init&gt;(Commands.java:5)
	at io.michaelcane.Calculator.&lt;init&gt;(Calculator.java:6)
	at io.michaelcane.Commands.&lt;init&gt;(Commands.java:5)
	at io.michaelcane.Calculator.&lt;init&gt;(Calculator.java:6)
	at io.michaelcane.Commands.&lt;init&gt;(Commands.java:5)
	at io.michaelcane.Calculator.&lt;init&gt;(Calculator.java:6)
	at io.michaelcane.Commands.&lt;init&gt;(Commands.java:5)
	at io.michaelcane.Calculator.&lt;init&gt;(Calculator.java:6)
	at io.michaelcane.Commands.&lt;init&gt;(Commands.java:5)
	at io.michaelcane.Calculator.&lt;init&gt;(Calculator.java:6)
	at io.michaelcane.Commands.&lt;init&gt;(Commands.java:5)
	at io.michaelcane.Calculator.&lt;init&gt;(Calculator.java:6)
	at io.michaelcane.Commands.&lt;init&gt;(Commands.java:5)
	at io.michaelcane.Calculator.&lt;init&gt;(Calculator.java:6)
	at io.michaelcane.Commands.&lt;init&gt;(Commands.java:5)
	at io.michaelcane.Calculator.&lt;init&gt;(Calculator.java:6)
	at io.michaelcane.Commands.&lt;init&gt;(Commands.java:5)
	at io.michaelcane.Calculator.&lt;init&gt;(Calculator.java:6)
	at io.michaelcane.Commands.&lt;init&gt;(Commands.java:5)
	at io.michaelcane.Calculator.&lt;init&gt;(Calculator.java:6)
	at io.michaelcane.Commands.&lt;init&gt;(Commands.java:5)
	at io.michaelcane.Calculator.&lt;init&gt;(Calculator.java:6)
	at io.michaelcane.Commands.&lt;init&gt;(Commands.java:5)
	at io.michaelcane.Calculator.&lt;init&gt;(Calculator.java:6)
	at io.michaelcane.Commands.&lt;init&gt;(Commands.java:5)
	at io.michaelcane.Calculator.&lt;init&gt;(Calculator.java:6)
	at io.michaelcane.Commands.&lt;init&gt;(Commands.java:5)
	at io.michaelcane.Calculator.&lt;init&gt;(Calculator.java:6)
	at io.michaelcane.Commands.&lt;init&gt;(Commands.java:5)
	at io.michaelcane.Calculator.&lt;init&gt;(Calculator.java:6)
	at io.michaelcane.Commands.&lt;init&gt;(Commands.java:5)
	at io.michaelcane.Calculator.&lt;init&gt;(Calculator.java:6)
	at io.michaelcane.Commands.&lt;init&gt;(Commands.java:5)
	at io.michaelcane.Calculator.&lt;init&gt;(Calculator.java:6)
	at io.michaelcane.Commands.&lt;init&gt;(Commands.java:5)
	at io.michaelcane.Calculator.&lt;init&gt;(Calculator.java:6)
	at io.michaelcane.Commands.&lt;init&gt;(Commands.java:5)
	at io.michaelcane.Calculator.&lt;init&gt;(Calculator.java:6)
	at io.michaelcane.Commands.&lt;init&gt;(Commands.java:5)
	at io.michaelcane.Calculator.&lt;init&gt;(Calculator.java:6)
	at io.michaelcane.Commands.&lt;init&gt;(Commands.java:5)
	at io.michaelcane.Calculator.&lt;init&gt;(Calculator.java:6)
	at io.michaelcane.Commands.&lt;init&gt;(Commands.java:5)
	at io.michaelcane.Calculator.&lt;init&gt;(Calculator.java:6)
	at io.michaelcane.Commands.&lt;init&gt;(Commands.java:5)
	at io.michaelcane.Calculator.&lt;init&gt;(Calculator.java:6)
	at io.michaelcane.Commands.&lt;init&gt;(Commands.java:5)
	at io.michaelcane.Calculator.&lt;init&gt;(Calculator.java:6)
	at io.michaelcane.Commands.&lt;init&gt;(Commands.java:5)
	at io.michaelcane.Calculator.&lt;init&gt;(Calculator.java:6)
	at io.michaelcane.Commands.&lt;init&gt;(Commands.java:5)
	at io.michaelcane.Calculator.&lt;init&gt;(Calculator.java:6)
	at io.michaelcane.Commands.&lt;init&gt;(Commands.java:5)
	at io.michaelcane.Calculator.&lt;init&gt;(Calculator.java:6)
	at io.michaelcane.Commands.&lt;init&gt;(Commands.java:5)
	at io.michaelcane.Calculator.&lt;init&gt;(Calculator.java:6)
	at io.michaelcane.Commands.&lt;init&gt;(Commands.java:5)
	at io.michaelcane.Calculator.&lt;init&gt;(Calculator.java:6)
	at io.michaelcane.Commands.&lt;init&gt;(Commands.java:5)
	at io.michaelcane.Calculator.&lt;init&gt;(Calculator.java:6)
	at io.michaelcane.Commands.&lt;init&gt;(Commands.java:5)
	at io.michaelcane.Calculator.&lt;init&gt;(Calculator.java:6)
	at io.michaelcane.Commands.&lt;init&gt;(Commands.java:5)
	at io.michaelcane.Calculator.&lt;init&gt;(Calculator.java:6)
	at io.michaelcane.Commands.&lt;init&gt;(Commands.java:5)
	at io.michaelcane.Calculator.&lt;init&gt;(Calculator.java:6)
	at io.michaelcane.Commands.&lt;init&gt;(Commands.java:5)
	at io.michaelcane.Calculator.&lt;init&gt;(Calculator.java:6)
	at io.michaelcane.Commands.&lt;init&gt;(Commands.java:5)
	at io.michaelcane.Calculator.&lt;init&gt;(Calculator.java:6)
	at io.michaelcane.Commands.&lt;init&gt;(Commands.java:5)
	at io.michaelcane.Calculator.&lt;init&gt;(Calculator.java:6)
	at io.michaelcane.Commands.&lt;init&gt;(Commands.java:5)
	at io.michaelcane.Calculator.&lt;init&gt;(Calculator.java:6)
	at io.michaelcane.Commands.&lt;init&gt;(Commands.java:5)
	at io.michaelcane.Calculator.&lt;init&gt;(Calculator.java:6)
	at io.michaelcane.Commands.&lt;init&gt;(Commands.java:5)
	at io.michaelcane.Calculator.&lt;init&gt;(Calculator.java:6)
	at io.michaelcane.Commands.&lt;init&gt;(Commands.java:5)
	at io.michaelcane.Calculator.&lt;init&gt;(Calculator.java:6)
	at io.michaelcane.Commands.&lt;init&gt;(Commands.java:5)
	at io.michaelcane.Calculator.&lt;init&gt;(Calculator.java:6)
	at io.michaelcane.Commands.&lt;init&gt;(Commands.java:5)
	at io.michaelcane.Calculator.&lt;init&gt;(Calculator.java:6)
	at io.michaelcane.Commands.&lt;init&gt;(Commands.java:5)
	at io.michaelcane.Calculator.&lt;init&gt;(Calculator.java:6)
	at io.michaelcane.Commands.&lt;init&gt;(Commands.java:5)
	at io.michaelcane.Calculator.&lt;init&gt;(Calculator.java:6)
	at io.michaelcane.Commands.&lt;init&gt;(Commands.java:5)
	at io.michaelcane.Calculator.&lt;init&gt;(Calculator.java:6)
	at io.michaelcane.Commands.&lt;init&gt;(Commands.java:5)
	at io.michaelcane.Calculator.&lt;init&gt;(Calculator.java:6)
	at io.michaelcane.Commands.&lt;init&gt;(Commands.java:5)
	at io.michaelcane.Calculator.&lt;init&gt;(Calculator.java:6)
	at io.michaelcane.Commands.&lt;init&gt;(Commands.java:5)
	at io.michaelcane.Calculator.&lt;init&gt;(Calculator.java:6)
	at io.michaelcane.Commands.&lt;init&gt;(Commands.java:5)
	at io.michaelcane.Calculator.&lt;init&gt;(Calculator.java:6)
	at io.michaelcane.Commands.&lt;init&gt;(Commands.java:5)
	at io.michaelcane.Calculator.&lt;init&gt;(Calculator.java:6)
	at io.michaelcane.Commands.&lt;init&gt;(Commands.java:5)
	at io.michaelcane.Calculator.&lt;init&gt;(Calculator.java:6)
	at io.michaelcane.Commands.&lt;init&gt;(Commands.java:5)
	at io.michaelcane.Calculator.&lt;init&gt;(Calculator.java:6)
	at io.michaelcane.Commands.&lt;init&gt;(Commands.java:5)
	at io.michaelcane.Calculator.&lt;init&gt;(Calculator.java:6)
	at io.michaelcane.Commands.&lt;init&gt;(Commands.java:5)
	at io.michaelcane.Calculator.&lt;init&gt;(Calculator.java:6)
	at io.michaelcane.Commands.&lt;init&gt;(Commands.java:5)
	at io.michaelcane.Calculator.&lt;init&gt;(Calculator.java:6)
	at io.michaelcane.Commands.&lt;init&gt;(Commands.java:5)
	at io.michaelcane.Calculator.&lt;init&gt;(Calculator.java:6)
	at io.michaelcane.Commands.&lt;init&gt;(Commands.java:5)
	at io.michaelcane.Calculator.&lt;init&gt;(Calculator.java:6)
	at io.michaelcane.Commands.&lt;init&gt;(Commands.java:5)
	at io.michaelcane.Calculator.&lt;init&gt;(Calculator.java:6)
	at io.michaelcane.Commands.&lt;init&gt;(Commands.java:5)
	at io.michaelcane.Calculator.&lt;init&gt;(Calculator.java:6)
	at io.michaelcane.Commands.&lt;init&gt;(Commands.java:5)
	at io.michaelcane.Calculator.&lt;init&gt;(Calculator.java:6)
	at io.michaelcane.Commands.&lt;init&gt;(Commands.java:5)
	at io.michaelcane.Calculator.&lt;init&gt;(Calculator.java:6)
	at io.michaelcane.Commands.&lt;init&gt;(Commands.java:5)
	at io.michaelcane.Calculator.&lt;init&gt;(Calculator.java:6)
	at io.michaelcane.Commands.&lt;init&gt;(Commands.java:5)
	at io.michaelcane.Calculator.&lt;init&gt;(Calculator.java:6)
	at io.michaelcane.Commands.&lt;init&gt;(Commands.java:5)
	at io.michaelcane.Calculator.&lt;init&gt;(Calculator.java:6)
	at io.michaelcane.Commands.&lt;init&gt;(Commands.java:5)
	at io.michaelcane.Calculator.&lt;init&gt;(Calculator.java:6)
	at io.michaelcane.Commands.&lt;init&gt;(Commands.java:5)
	at io.michaelcane.Calculator.&lt;init&gt;(Calculator.java:6)
	at io.michaelcane.Commands.&lt;init&gt;(Commands.java:5)
	at io.michaelcane.Calculator.&lt;init&gt;(Calculator.java:6)
	at io.michaelcane.Commands.&lt;init&gt;(Commands.java:5)
	at io.michaelcane.Calculator.&lt;init&gt;(Calculator.java:6)
	at io.michaelcane.Commands.&lt;init&gt;(Commands.java:5)
	at io.michaelcane.Calculator.&lt;init&gt;(Calculator.java:6)
	at io.michaelcane.Commands.&lt;init&gt;(Commands.java:5)
	at io.michaelcane.Calculator.&lt;init&gt;(Calculator.java:6)
	at io.michaelcane.Commands.&lt;init&gt;(Commands.java:5)
	at io.michaelcane.Calculator.&lt;init&gt;(Calculator.java:6)
	at io.michaelcane.Commands.&lt;init&gt;(Commands.java:5)
	at io.michaelcane.Calculator.&lt;init&gt;(Calculator.java:6)
	at io.michaelcane.Commands.&lt;init&gt;(Commands.java:5)
	at io.michaelcane.Calculator.&lt;init&gt;(Calculator.java:6)
	at io.michaelcane.Commands.&lt;init&gt;(Commands.java:5)
	at io.michaelcane.Calculator.&lt;init&gt;(Calculator.java:6)
	at io.michaelcane.Commands.&lt;init&gt;(Commands.java:5)
	at io.michaelcane.Calculator.&lt;init&gt;(Calculator.java:6)
	at io.michaelcane.Commands.&lt;init&gt;(Commands.java:5)
	at io.michaelcane.Calculator.&lt;init&gt;(Calculator.java:6)
	at io.michaelcane.Commands.&lt;init&gt;(Commands.java:5)
	at io.michaelcane.Calculator.&lt;init&gt;(Calculator.java:6)
	at io.michaelcane.Commands.&lt;init&gt;(Commands.java:5)
	at io.michaelcane.Calculator.&lt;init&gt;(Calculator.java:6)
	at io.michaelcane.Commands.&lt;init&gt;(Commands.java:5)
	at io.michaelcane.Calculator.&lt;init&gt;(Calculator.java:6)
	at io.michaelcane.Commands.&lt;init&gt;(Commands.java:5)
	at io.michaelcane.Calculator.&lt;init&gt;(Calculator.java:6)
	at io.michaelcane.Commands.&lt;init&gt;(Commands.java:5)
	at io.michaelcane.Calculator.&lt;init&gt;(Calculator.java:6)
	at io.michaelcane.Commands.&lt;init&gt;(Commands.java:5)
	at io.michaelcane.Calculator.&lt;init&gt;(Calculator.java:6)
	at io.michaelcane.Commands.&lt;init&gt;(Commands.java:5)
	at io.michaelcane.Calculator.&lt;init&gt;(Calculator.java:6)
	at io.michaelcane.Commands.&lt;init&gt;(Commands.java:5)
	at io.michaelcane.Calculator.&lt;init&gt;(Calculator.java:6)
	at io.michaelcane.Commands.&lt;init&gt;(Commands.java:5)
	at io.michaelcane.Calculator.&lt;init&gt;(Calculator.java:6)
	at io.michaelcane.Commands.&lt;init&gt;(Commands.java:5)
	at io.michaelcane.Calculator.&lt;init&gt;(Calculator.java:6)
	at io.michaelcane.Commands.&lt;init&gt;(Commands.java:5)
	at io.michaelcane.Calculator.&lt;init&gt;(Calculator.java:6)
	at io.michaelcane.Commands.&lt;init&gt;(Commands.java:5)
	at io.michaelcane.Calculator.&lt;init&gt;(Calculator.java:6)
	at io.michaelcane.Commands.&lt;init&gt;(Commands.java:5)
	at io.michaelcane.Calculator.&lt;init&gt;(Calculator.java:6)
	at io.michaelcane.Commands.&lt;init&gt;(Commands.java:5)
	at io.michaelcane.Calculator.&lt;init&gt;(Calculator.java:6)
	at io.michaelcane.Commands.&lt;init&gt;(Commands.java:5)
	at io.michaelcane.Calculator.&lt;init&gt;(Calculator.java:6)
	at io.michaelcane.Commands.&lt;init&gt;(Commands.java:5)
	at io.michaelcane.Calculator.&lt;init&gt;(Calculator.java:6)
	at io.michaelcane.Commands.&lt;init&gt;(Commands.java:5)
	at io.michaelcane.Calculator.&lt;init&gt;(Calculator.java:6)
	at io.michaelcane.Commands.&lt;init&gt;(Commands.java:5)
	at io.michaelcane.Calculator.&lt;init&gt;(Calculator.java:6)
	at io.michaelcane.Commands.&lt;init&gt;(Commands.java:5)
	at io.michaelcane.Calculator.&lt;init&gt;(Calculator.java:6)
	at io.michaelcane.Commands.&lt;init&gt;(Commands.java:5)
	at io.michaelcane.Calculator.&lt;init&gt;(Calculator.java:6)
	at io.michaelcane.Commands.&lt;init&gt;(Commands.java:5)
	at io.michaelcane.Calculator.&lt;init&gt;(Calculator.java:6)
	at io.michaelcane.Commands.&lt;init&gt;(Commands.java:5)
	at io.michaelcane.Calculator.&lt;init&gt;(Calculator.java:6)
	at io.michaelcane.Commands.&lt;init&gt;(Commands.java:5)
	at io.michaelcane.Calculator.&lt;init&gt;(Calculator.java:6)
	at io.michaelcane.Commands.&lt;init&gt;(Commands.java:5)
	at io.michaelcane.Calculator.&lt;init&gt;(Calculator.java:6)
	at io.michaelcane.Commands.&lt;init&gt;(Commands.java:5)
	at io.michaelcane.Calculator.&lt;init&gt;(Calculator.java:6)
	at io.michaelcane.Commands.&lt;init&gt;(Commands.java:5)
	at io.michaelcane.Calculator.&lt;init&gt;(Calculator.java:6)
	at io.michaelcane.Commands.&lt;init&gt;(Commands.java:5)
	at io.michaelcane.Calculator.&lt;init&gt;(Calculator.java:6)
	at io.michaelcane.Commands.&lt;init&gt;(Commands.java:5)
	at io.michaelcane.Calculator.&lt;init&gt;(Calculator.java:6)
	at io.michaelcane.Commands.&lt;init&gt;(Commands.java:5)
	at io.michaelcane.Calculator.&lt;init&gt;(Calculator.java:6)
	at io.michaelcane.Commands.&lt;init&gt;(Commands.java:5)
	at io.michaelcane.Calculator.&lt;init&gt;(Calculator.java:6)
	at io.michaelcane.Commands.&lt;init&gt;(Commands.java:5)
	at io.michaelcane.Calculator.&lt;init&gt;(Calculator.java:6)
	at io.michaelcane.Commands.&lt;init&gt;(Commands.java:5)
	at io.michaelcane.Calculator.&lt;init&gt;(Calculator.java:6)
	at io.michaelcane.Commands.&lt;init&gt;(Commands.java:5)
	at io.michaelcane.Calculator.&lt;init&gt;(Calculator.java:6)
	at io.michaelcane.Commands.&lt;init&gt;(Commands.java:5)
	at io.michaelcane.Calculator.&lt;init&gt;(Calculator.java:6)
	at io.michaelcane.Commands.&lt;init&gt;(Commands.java:5)
	at io.michaelcane.Calculator.&lt;init&gt;(Calculator.java:6)
	at io.michaelcane.Commands.&lt;init&gt;(Commands.java:5)
	at io.michaelcane.Calculator.&lt;init&gt;(Calculator.java:6)
	at io.michaelcane.Commands.&lt;init&gt;(Commands.java:5)
	at io.michaelcane.Calculator.&lt;init&gt;(Calculator.java:6)
	at io.michaelcane.Commands.&lt;init&gt;(Commands.java:5)
	at io.michaelcane.Calculator.&lt;init&gt;(Calculator.java:6)
	at io.michaelcane.Commands.&lt;init&gt;(Commands.java:5)
	at io.michaelcane.Calculator.&lt;init&gt;(Calculator.java:6)
	at io.michaelcane.Commands.&lt;init&gt;(Commands.java:5)
	at io.michaelcane.Calculator.&lt;init&gt;(Calculator.java:6)
	at io.michaelcane.Commands.&lt;init&gt;(Commands.java:5)
	at io.michaelcane.Calculator.&lt;init&gt;(Calculator.java:6)
	at io.michaelcane.Commands.&lt;init&gt;(Commands.java:5)
	at io.michaelcane.Calculator.&lt;init&gt;(Calculator.java:6)
	at io.michaelcane.Commands.&lt;init&gt;(Commands.java:5)
	at io.michaelcane.Calculator.&lt;init&gt;(Calculator.java:6)
	at io.michaelcane.Commands.&lt;init&gt;(Commands.java:5)
	at io.michaelcane.Calculator.&lt;init&gt;(Calculator.java:6)
	at io.michaelcane.Commands.&lt;init&gt;(Commands.java:5)
	at io.michaelcane.Calculator.&lt;init&gt;(Calculator.java:6)
	at io.michaelcane.Commands.&lt;init&gt;(Commands.java:5)
	at io.michaelcane.Calculator.&lt;init&gt;(Calculator.java:6)
	at io.michaelcane.Commands.&lt;init&gt;(Commands.java:5)
	at io.michaelcane.Calculator.&lt;init&gt;(Calculator.java:6)
	at io.michaelcane.Commands.&lt;init&gt;(Commands.java:5)
	at io.michaelcane.Calculator.&lt;init&gt;(Calculator.java:6)
	at io.michaelcane.Commands.&lt;init&gt;(Commands.java:5)
	at io.michaelcane.Calculator.&lt;init&gt;(Calculator.java:6)
	at io.michaelcane.Commands.&lt;init&gt;(Commands.java:5)
	at io.michaelcane.Calculator.&lt;init&gt;(Calculator.java:6)
	at io.michaelcane.Commands.&lt;init&gt;(Commands.java:5)
	at io.michaelcane.Calculator.&lt;init&gt;(Calculator.java:6)
	at io.michaelcane.Commands.&lt;init&gt;(Commands.java:5)
	at io.michaelcane.Calculator.&lt;init&gt;(Calculator.java:6)
	at io.michaelcane.Commands.&lt;init&gt;(Commands.java:5)
	at io.michaelcane.Calculator.&lt;init&gt;(Calculator.java:6)
	at io.michaelcane.Commands.&lt;init&gt;(Commands.java:5)
	at io.michaelcane.Calculator.&lt;init&gt;(Calculator.java:6)
	at io.michaelcane.Commands.&lt;init&gt;(Commands.java:5)
	at io.michaelcane.Calculator.&lt;init&gt;(Calculator.java:6)
	at io.michaelcane.Commands.&lt;init&gt;(Commands.java:5)
	at io.michaelcane.Calculator.&lt;init&gt;(Calculator.java:6)
	at io.michaelcane.Commands.&lt;init&gt;(Commands.java:5)
	at io.michaelcane.Calculator.&lt;init&gt;(Calculator.java:6)
	at io.michaelcane.Commands.&lt;init&gt;(Commands.java:5)
	at io.michaelcane.Calculator.&lt;init&gt;(Calculator.java:6)
	at io.michaelcane.Commands.&lt;init&gt;(Commands.java:5)
	at io.michaelcane.Calculator.&lt;init&gt;(Calculator.java:6)
	at io.michaelcane.Commands.&lt;init&gt;(Commands.java:5)
	at io.michaelcane.Calculator.&lt;init&gt;(Calculator.java:6)
	at io.michaelcane.Commands.&lt;init&gt;(Commands.java:5)
	at io.michaelcane.Calculator.&lt;init&gt;(Calculator.java:6)
	at io.michaelcane.Commands.&lt;init&gt;(Commands.java:5)
	at io.michaelcane.Calculator.&lt;init&gt;(Calculator.java:6)
	at io.michaelcane.Commands.&lt;init&gt;(Commands.java:5)
	at io.michaelcane.Calculator.&lt;init&gt;(Calculator.java:6)
	at io.michaelcane.Commands.&lt;init&gt;(Commands.java:5)
	at io.michaelcane.Calculator.&lt;init&gt;(Calculator.java:6)
	at io.michaelcane.Commands.&lt;init&gt;(Commands.java:5)
	at io.michaelcane.Calculator.&lt;init&gt;(Calculator.java:6)
	at io.michaelcane.Commands.&lt;init&gt;(Commands.java:5)
	at io.michaelcane.Calculator.&lt;init&gt;(Calculator.java:6)
	at io.michaelcane.Commands.&lt;init&gt;(Commands.java:5)
	at io.michaelcane.Calculator.&lt;init&gt;(Calculator.java:6)
	at io.michaelcane.Commands.&lt;init&gt;(Commands.java:5)
	at io.michaelcane.Calculator.&lt;init&gt;(Calculator.java:6)
	at io.michaelcane.Commands.&lt;init&gt;(Commands.java:5)
	at io.michaelcane.Calculator.&lt;init&gt;(Calculator.java:6)
	at io.michaelcane.Commands.&lt;init&gt;(Commands.java:5)
	at io.michaelcane.Calculator.&lt;init&gt;(Calculator.java:6)
	at io.michaelcane.Commands.&lt;init&gt;(Commands.java:5)
	at io.michaelcane.Calculator.&lt;init&gt;(Calculator.java:6)
	at io.michaelcane.Commands.&lt;init&gt;(Commands.java:5)
	at io.michaelcane.Calculator.&lt;init&gt;(Calculator.java:6)
	at io.michaelcane.Commands.&lt;init&gt;(Commands.java:5)
	at io.michaelcane.Calculator.&lt;init&gt;(Calculator.java:6)
	at io.michaelcane.Commands.&lt;init&gt;(Commands.java:5)
	at io.michaelcane.Calculator.&lt;init&gt;(Calculator.java:6)
	at io.michaelcane.Commands.&lt;init&gt;(Commands.java:5)
	at io.michaelcane.Calculator.&lt;init&gt;(Calculator.java:6)
	at io.michaelcane.Commands.&lt;init&gt;(Commands.java:5)
	at io.michaelcane.Calculator.&lt;init&gt;(Calculator.java:6)
	at io.michaelcane.Commands.&lt;init&gt;(Commands.java:5)
	at io.michaelcane.Calculator.&lt;init&gt;(Calculator.java:6)
	at io.michaelcane.Commands.&lt;init&gt;(Commands.java:5)
	at io.michaelcane.Calculator.&lt;init&gt;(Calculator.java:6)
	at io.michaelcane.Commands.&lt;init&gt;(Commands.java:5)
	at io.michaelcane.Calculator.&lt;init&gt;(Calculator.java:6)
	at io.michaelcane.Commands.&lt;init&gt;(Commands.java:5)
	at io.michaelcane.Calculator.&lt;init&gt;(Calculator.java:6)
	at io.michaelcane.Commands.&lt;init&gt;(Commands.java:5)
	at io.michaelcane.Calculator.&lt;init&gt;(Calculator.java:6)
	at io.michaelcane.Commands.&lt;init&gt;(Commands.java:5)
	at io.michaelcane.Calculator.&lt;init&gt;(Calculator.java:6)
	at io.michaelcane.Commands.&lt;init&gt;(Commands.java:5)
	at io.michaelcane.Calculator.&lt;init&gt;(Calculator.java:6)
	at io.michaelcane.Commands.&lt;init&gt;(Commands.java:5)
	at io.michaelcane.Calculator.&lt;init&gt;(Calculator.java:6)
	at io.michaelcane.Commands.&lt;init&gt;(Commands.java:5)
	at io.michaelcane.Calculator.&lt;init&gt;(Calculator.java:6)
	at io.michaelcane.Commands.&lt;init&gt;(Commands.java:5)
	at io.michaelcane.Calculator.&lt;init&gt;(Calculator.java:6)
	at io.michaelcane.Commands.&lt;init&gt;(Commands.java:5)
	at io.michaelcane.Calculator.&lt;init&gt;(Calculator.java:6)
	at io.michaelcane.Commands.&lt;init&gt;(Commands.java:5)
	at io.michaelcane.Calculator.&lt;init&gt;(Calculator.java:6)
	at io.michaelcane.Commands.&lt;init&gt;(Commands.java:5)
	at io.michaelcane.Calculator.&lt;init&gt;(Calculator.java:6)
	at io.michaelcane.Commands.&lt;init&gt;(Commands.java:5)
	at io.michaelcane.Calculator.&lt;init&gt;(Calculator.java:6)
	at io.michaelcane.Commands.&lt;init&gt;(Commands.java:5)
	at io.michaelcane.Calculator.&lt;init&gt;(Calculator.java:6)
	at io.michaelcane.Commands.&lt;init&gt;(Commands.java:5)
	at io.michaelcane.Calculator.&lt;init&gt;(Calculator.java:6)
	at io.michaelcane.Commands.&lt;init&gt;(Commands.java:5)
	at io.michaelcane.Calculator.&lt;init&gt;(Calculator.java:6)
	at io.michaelcane.Commands.&lt;init&gt;(Commands.java:5)
	at io.michaelcane.Calculator.&lt;init&gt;(Calculator.java:6)
	at io.michaelcane.Commands.&lt;init&gt;(Commands.java:5)
	at io.michaelcane.Calculator.&lt;init&gt;(Calculator.java:6)
	at io.michaelcane.Commands.&lt;init&gt;(Commands.java:5)
	at io.michaelcane.Calculator.&lt;init&gt;(Calculator.java:6)
	at io.michaelcane.Commands.&lt;init&gt;(Commands.java:5)
	at io.michaelcane.Calculator.&lt;init&gt;(Calculator.java:6)
	at io.michaelcane.Commands.&lt;init&gt;(Commands.java:5)
	at io.michaelcane.Calculator.&lt;init&gt;(Calculator.java:6)
	at io.michaelcane.Commands.&lt;init&gt;(Commands.java:5)
	at io.michaelcane.Calculator.&lt;init&gt;(Calculator.java:6)
	at io.michaelcane.Commands.&lt;init&gt;(Commands.java:5)
	at io.michaelcane.Calculator.&lt;init&gt;(Calculator.java:6)
	at io.michaelcane.Commands.&lt;init&gt;(Commands.java:5)
	at io.michaelcane.Calculator.&lt;init&gt;(Calculator.java:6)
	at io.michaelcane.Commands.&lt;init&gt;(Commands.java:5)
	at io.michaelcane.Calculator.&lt;init&gt;(Calculator.java:6)
	at io.michaelcane.Commands.&lt;init&gt;(Commands.java:5)
	at io.michaelcane.Calculator.&lt;init&gt;(Calculator.java:6)
	at io.michaelcane.Commands.&lt;init&gt;(Commands.java:5)
	at io.michaelcane.Calculator.&lt;init&gt;(Calculator.java:6)
	at io.michaelcane.Commands.&lt;init&gt;(Commands.java:5)
	at io.michaelcane.Calculator.&lt;init&gt;(Calculator.java:6)
	at io.michaelcane.Commands.&lt;init&gt;(Commands.java:5)
	at io.michaelcane.Calculator.&lt;init&gt;(Calculator.java:6)
	at io.michaelcane.Commands.&lt;init&gt;(Commands.java:5)
	at io.michaelcane.Calculator.&lt;init&gt;(Calculator.java:6)
	at io.michaelcane.Commands.&lt;init&gt;(Commands.java:5)
	at io.michaelcane.Calculator.&lt;init&gt;(Calculator.java:6)
	at io.michaelcane.Commands.&lt;init&gt;(Commands.java:5)
	at io.michaelcane.Calculator.&lt;init&gt;(Calculator.java:6)
	at io.michaelcane.Commands.&lt;init&gt;(Commands.java:5)
	at io.michaelcane.Calculator.&lt;init&gt;(Calculator.java:6)
	at io.michaelcane.Commands.&lt;init&gt;(Commands.java:5)
	at io.michaelcane.Calculator.&lt;init&gt;(Calculator.java:6)
	at io.michaelcane.Commands.&lt;init&gt;(Commands.java:5)
	at io.michaelcane.Calculator.&lt;init&gt;(Calculator.java:6)
	at io.michaelcane.Commands.&lt;init&gt;(Commands.java:5)
	at io.michaelcane.Calculator.&lt;init&gt;(Calculator.java:6)
	at io.michaelcane.Commands.&lt;init&gt;(Commands.java:5)
	at io.michaelcane.Calculator.&lt;init&gt;(Calculator.java:6)
	at io.michaelcane.Commands.&lt;init&gt;(Commands.java:5)
	at io.michaelcane.Calculator.&lt;init&gt;(Calculator.java:6)
	at io.michaelcane.Commands.&lt;init&gt;(Commands.java:5)
	at io.michaelcane.Calculator.&lt;init&gt;(Calculator.java:6)
	at io.michaelcane.Commands.&lt;init&gt;(Commands.java:5)
	at io.michaelcane.Calculator.&lt;init&gt;(Calculator.java:6)
	at io.michaelcane.Commands.&lt;init&gt;(Commands.java:5)
	at io.michaelcane.Calculator.&lt;init&gt;(Calculator.java:6)
	at io.michaelcane.Commands.&lt;init&gt;(Commands.java:5)
	at io.michaelcane.Calculator.&lt;init&gt;(Calculator.java:6)
	at io.michaelcane.Commands.&lt;init&gt;(Commands.java:5)
	at io.michaelcane.Calculator.&lt;init&gt;(Calculator.java:6)
	at io.michaelcane.Commands.&lt;init&gt;(Commands.java:5)
	at io.michaelcane.Calculator.&lt;init&gt;(Calculator.java:6)
	at io.michaelcane.Commands.&lt;init&gt;(Commands.java:5)
	at io.michaelcane.Calculator.&lt;init&gt;(Calculator.java:6)
	at io.michaelcane.Commands.&lt;init&gt;(Commands.java:5)
	at io.michaelcane.Calculator.&lt;init&gt;(Calculator.java:6)
	at io.michaelcane.Commands.&lt;init&gt;(Commands.java:5)
	at io.michaelcane.Calculator.&lt;init&gt;(Calculator.java:6)
	at io.michaelcane.Commands.&lt;init&gt;(Commands.java:5)
	at io.michaelcane.Calculator.&lt;init&gt;(Calculator.java:6)
	at io.michaelcane.Commands.&lt;init&gt;(Commands.java:5)
	at io.michaelcane.Calculator.&lt;init&gt;(Calculator.java:6)
	at io.michaelcane.Commands.&lt;init&gt;(Commands.java:5)
	at io.michaelcane.Calculator.&lt;init&gt;(Calculator.java:6)
	at io.michaelcane.Commands.&lt;init&gt;(Commands.java:5)
	at io.michaelcane.Calculator.&lt;init&gt;(Calculator.java:6)
	at io.michaelcane.Commands.&lt;init&gt;(Commands.java:5)
	at io.michaelcane.Calculator.&lt;init&gt;(Calculator.java:6)
	at io.michaelcane.Commands.&lt;init&gt;(Commands.java:5)
	at io.michaelcane.Calculator.&lt;init&gt;(Calculator.java:6)
	at io.michaelcane.Commands.&lt;init&gt;(Commands.java:5)
	at io.michaelcane.Calculator.&lt;init&gt;(Calculator.java:6)
	at io.michaelcane.Commands.&lt;init&gt;(Commands.java:5)
	at io.michaelcane.Calculator.&lt;init&gt;(Calculator.java:6)
	at io.michaelcane.Commands.&lt;init&gt;(Commands.java:5)
	at io.michaelcane.Calculator.&lt;init&gt;(Calculator.java:6)
	at io.michaelcane.Commands.&lt;init&gt;(Commands.java:5)
	at io.michaelcane.Calculator.&lt;init&gt;(Calculator.java:6)
	at io.michaelcane.Commands.&lt;init&gt;(Commands.java:5)
	at io.michaelcane.Calculator.&lt;init&gt;(Calculator.java:6)
	at io.michaelcane.Commands.&lt;init&gt;(Commands.java:5)
	at io.michaelcane.Calculator.&lt;init&gt;(Calculator.java:6)
	at io.michaelcane.Commands.&lt;init&gt;(Commands.java:5)
	at io.michaelcane.Calculator.&lt;init&gt;(Calculator.java:6)
	at io.michaelcane.Commands.&lt;init&gt;(Commands.java:5)
	at io.michaelcane.Calculator.&lt;init&gt;(Calculator.java:6)
	at io.michaelcane.Commands.&lt;init&gt;(Commands.java:5)
	at io.michaelcane.Calculator.&lt;init&gt;(Calculator.java:6)
	at io.michaelcane.Commands.&lt;init&gt;(Commands.java:5)
	at io.michaelcane.Calculator.&lt;init&gt;(Calculator.java:6)
	at io.michaelcane.Commands.&lt;init&gt;(Commands.java:5)
	at io.michaelcane.Calculator.&lt;init&gt;(Calculator.java:6)
	at io.michaelcane.Commands.&lt;init&gt;(Commands.java:5)
	at io.michaelcane.Calculator.&lt;init&gt;(Calculator.java:6)
	at io.michaelcane.Commands.&lt;init&gt;(Commands.java:5)
	at io.michaelcane.Calculator.&lt;init&gt;(Calculator.java:6)
	at io.michaelcane.Commands.&lt;init&gt;(Commands.java:5)
	at io.michaelcane.Calculator.&lt;init&gt;(Calculator.java:6)
	at io.michaelcane.Commands.&lt;init&gt;(Commands.java:5)
	at io.michaelcane.Calculator.&lt;init&gt;(Calculator.java:6)
	at io.michaelcane.Commands.&lt;init&gt;(Commands.java:5)
	at io.michaelcane.Calculator.&lt;init&gt;(Calculator.java:6)
	at io.michaelcane.Commands.&lt;init&gt;(Commands.java:5)
	at io.michaelcane.Calculator.&lt;init&gt;(Calculator.java:6)
	at io.michaelcane.Commands.&lt;init&gt;(Commands.java:5)
	at io.michaelcane.Calculator.&lt;init&gt;(Calculator.java:6)
	at io.michaelcane.Commands.&lt;init&gt;(Commands.java:5)
	at io.michaelcane.Calculator.&lt;init&gt;(Calculator.java:6)
	at io.michaelcane.Commands.&lt;init&gt;(Commands.java:5)
	at io.michaelcane.Calculator.&lt;init&gt;(Calculator.java:6)
	at io.michaelcane.Commands.&lt;init&gt;(Commands.java:5)
	at io.michaelcane.Calculator.&lt;init&gt;(Calculator.java:6)
	at io.michaelcane.Commands.&lt;init&gt;(Commands.java:5)
	at io.michaelcane.Calculator.&lt;init&gt;(Calculator.java:6)
	at io.michaelcane.Commands.&lt;init&gt;(Commands.java:5)
	at io.michaelcane.Calculator.&lt;init&gt;(Calculator.java:6)
	at io.michaelcane.Commands.&lt;init&gt;(Commands.java:5)
	at io.michaelcane.Calculator.&lt;init&gt;(Calculator.java:6)
	at io.michaelcane.Commands.&lt;init&gt;(Commands.java:5)
	at io.michaelcane.Calculator.&lt;init&gt;(Calculator.java:6)
	at io.michaelcane.Commands.&lt;init&gt;(Commands.java:5)
	at io.michaelcane.Calculator.&lt;init&gt;(Calculator.java:6)
	at io.michaelcane.Commands.&lt;init&gt;(Commands.java:5)
	at io.michaelcane.Calculator.&lt;init&gt;(Calculator.java:6)
	at io.michaelcane.Commands.&lt;init&gt;(Commands.java:5)
	at io.michaelcane.Calculator.&lt;init&gt;(Calculator.java:6)
	at io.michaelcane.Commands.&lt;init&gt;(Commands.java:5)
	at io.michaelcane.Calculator.&lt;init&gt;(Calculator.java:6)
	at io.michaelcane.Commands.&lt;init&gt;(Commands.java:5)
	at io.michaelcane.Calculator.&lt;init&gt;(Calculator.java:6)
	at io.michaelcane.Commands.&lt;init&gt;(Commands.java:5)
	at io.michaelcane.Calculator.&lt;init&gt;(Calculator.java:6)
	at io.michaelcane.Commands.&lt;init&gt;(Commands.java:5)
	at io.michaelcane.Calculator.&lt;init&gt;(Calculator.java:6)
	at io.michaelcane.Commands.&lt;init&gt;(Commands.java:5)
	at io.michaelcane.Calculator.&lt;init&gt;(Calculator.java:6)
	at io.michaelcane.Commands.&lt;init&gt;(Commands.java:5)
	at io.michaelcane.Calculator.&lt;init&gt;(Calculator.java:6)
	at io.michaelcane.Commands.&lt;init&gt;(Commands.java:5)
	at io.michaelcane.Calculator.&lt;init&gt;(Calculator.java:6)
	at io.michaelcane.Commands.&lt;init&gt;(Commands.java:5)
	at io.michaelcane.Calculator.&lt;init&gt;(Calculator.java:6)
	at io.michaelcane.Commands.&lt;init&gt;(Commands.java:5)
	at io.michaelcane.Calculator.&lt;init&gt;(Calculator.java:6)
	at io.michaelcane.Commands.&lt;init&gt;(Commands.java:5)
	at io.michaelcane.Calculator.&lt;init&gt;(Calculator.java:6)
	at io.michaelcane.Commands.&lt;init&gt;(Commands.java:5)
	at io.michaelcane.Calculator.&lt;init&gt;(Calculator.java:6)
	at io.michaelcane.Commands.&lt;init&gt;(Commands.java:5)
	at io.michaelcane.Calculator.&lt;init&gt;(Calculator.java:6)
	at io.michaelcane.Commands.&lt;init&gt;(Commands.java:5)
	at io.michaelcane.Calculator.&lt;init&gt;(Calculator.java:6)
	at io.michaelcane.Commands.&lt;init&gt;(Commands.java:5)
	at io.michaelcane.Calculator.&lt;init&gt;(Calculator.java:6)
	at io.michaelcane.Commands.&lt;init&gt;(Commands.java:5)
	at io.michaelcane.Calculator.&lt;init&gt;(Calculator.java:6)
	at io.michaelcane.Commands.&lt;init&gt;(Commands.java:5)
	at io.michaelcane.Calculator.&lt;init&gt;(Calculator.java:6)
	at io.michaelcane.Commands.&lt;init&gt;(Commands.java:5)
	at io.michaelcane.Calculator.&lt;init&gt;(Calculator.java:6)
	at io.michaelcane.Commands.&lt;init&gt;(Commands.java:5)
	at io.michaelcane.Calculator.&lt;init&gt;(Calculator.java:6)
	at io.michaelcane.Commands.&lt;init&gt;(Commands.java:5)
	at io.michaelcane.Calculator.&lt;init&gt;(Calculator.java:6)
	at io.michaelcane.Commands.&lt;init&gt;(Commands.java:5)
	at io.michaelcane.Calculator.&lt;init&gt;(Calculator.java:6)
	at io.michaelcane.Commands.&lt;init&gt;(Commands.java:5)
	at io.michaelcane.Calculator.&lt;init&gt;(Calculator.java:6)
	at io.michaelcane.Commands.&lt;init&gt;(Commands.java:5)
	at io.michaelcane.Calculator.&lt;init&gt;(Calculator.java:6)
	at io.michaelcane.Commands.&lt;init&gt;(Commands.java:5)
	at io.michaelcane.Calculator.&lt;init&gt;(Calculator.java:6)
	at io.michaelcane.Commands.&lt;init&gt;(Commands.java:5)
	at io.michaelcane.Calculator.&lt;init&gt;(Calculator.java:6)
	at io.michaelcane.Commands.&lt;init&gt;(Commands.java:5)
	at io.michaelcane.Calculator.&lt;init&gt;(Calculator.java:6)
	at io.michaelcane.Commands.&lt;init&gt;(Commands.java:5)
	at io.michaelcane.Calculator.&lt;init&gt;(Calculator.java:6)
	at io.michaelcane.Commands.&lt;init&gt;(Commands.java:5)
	at io.michaelcane.Calculator.&lt;init&gt;(Calculator.java:6)
	at io.michaelcane.Commands.&lt;init&gt;(Commands.java:5)
	at io.michaelcane.Calculator.&lt;init&gt;(Calculator.java:6)
	at io.michaelcane.Commands.&lt;init&gt;(Commands.java:5)
	at io.michaelcane.Calculator.&lt;init&gt;(Calculator.java:6)
	at io.michaelcane.Commands.&lt;init&gt;(Commands.java:5)
	at io.michaelcane.Calculator.&lt;init&gt;(Calculator.java:6)
	at io.michaelcane.Commands.&lt;init&gt;(Commands.java:5)
	at io.michaelcane.Calculator.&lt;init&gt;(Calculator.java:6)
	at io.michaelcane.Commands.&lt;init&gt;(Commands.java:5)
	at io.michaelcane.Calculator.&lt;init&gt;(Calculator.java:6)
	at io.michaelcane.Commands.&lt;init&gt;(Commands.java:5)
	at io.michaelcane.Calculator.&lt;init&gt;(Calculator.java:6)
	at io.michaelcane.Commands.&lt;init&gt;(Commands.java:5)
	at io.michaelcane.Calculator.&lt;init&gt;(Calculator.java:6)
	at io.michaelcane.Commands.&lt;init&gt;(Commands.java:5)
	at io.michaelcane.Calculator.&lt;init&gt;(Calculator.java:6)
	at io.michaelcane.Commands.&lt;init&gt;(Commands.java:5)
	at io.michaelcane.Calculator.&lt;init&gt;(Calculator.java:6)
	at io.michaelcane.Commands.&lt;init&gt;(Commands.java:5)
	at io.michaelcane.Calculator.&lt;init&gt;(Calculator.java:6)
	at io.michaelcane.Commands.&lt;init&gt;(Commands.java:5)
	at io.michaelcane.Calculator.&lt;init&gt;(Calculator.java:6)
	at io.michaelcane.Commands.&lt;init&gt;(Commands.java:5)
	at io.michaelcane.Calculator.&lt;init&gt;(Calculator.java:6)
	at io.michaelcane.Commands.&lt;init&gt;(Commands.java:5)
	at io.michaelcane.Calculator.&lt;init&gt;(Calculator.java:6)
	at io.michaelcane.Commands.&lt;init&gt;(Commands.java:5)
	at io.michaelcane.Calculator.&lt;init&gt;(Calculator.java:6)
	at io.michaelcane.Commands.&lt;init&gt;(Commands.java:5)
	at io.michaelcane.Calculator.&lt;init&gt;(Calculator.java:6)
	at io.michaelcane.Commands.&lt;init&gt;(Commands.java:5)
	at io.michaelcane.Calculator.&lt;init&gt;(Calculator.java:6)
	at io.michaelcane.Commands.&lt;init&gt;(Commands.java:5)
	at io.michaelcane.Calculator.&lt;init&gt;(Calculator.java:6)
	at io.michaelcane.Commands.&lt;init&gt;(Commands.java:5)
	at io.michaelcane.Calculator.&lt;init&gt;(Calculator.java:6)
	at io.michaelcane.Commands.&lt;init&gt;(Commands.java:5)
	at io.michaelcane.Calculator.&lt;init&gt;(Calculator.java:6)
	at io.michaelcane.Commands.&lt;init&gt;(Commands.java:5)
	at io.michaelcane.Calculator.&lt;init&gt;(Calculator.java:6)
	at io.michaelcane.Commands.&lt;init&gt;(Commands.java:5)
	at io.michaelcane.Calculator.&lt;init&gt;(Calculator.java:6)
	at io.michaelcane.Commands.&lt;init&gt;(Commands.java:5)
	at io.michaelcane.Calculator.&lt;init&gt;(Calculator.java:6)
	at io.michaelcane.Commands.&lt;init&gt;(Commands.java:5)
	at io.michaelcane.Calculator.&lt;init&gt;(Calculator.java:6)
	at io.michaelcane.Commands.&lt;init&gt;(Commands.java:5)
	at io.michaelcane.Calculator.&lt;init&gt;(Calculator.java:6)
	at io.michaelcane.Commands.&lt;init&gt;(Commands.java:5)
	at io.michaelcane.Calculator.&lt;init&gt;(Calculator.java:6)
	at io.michaelcane.Commands.&lt;init&gt;(Commands.java:5)
	at io.michaelcane.Calculator.&lt;init&gt;(Calculator.java:6)
	at io.michaelcane.Commands.&lt;init&gt;(Commands.java:5)
	at io.michaelcane.Calculator.&lt;init&gt;(Calculator.java:6)
	at io.michaelcane.Commands.&lt;init&gt;(Commands.java:5)
	at io.michaelcane.Calculator.&lt;init&gt;(Calculator.java:6)
	at io.michaelcane.Commands.&lt;init&gt;(Commands.java:5)
	at io.michaelcane.Calculator.&lt;init&gt;(Calculator.java:6)
	at io.michaelcane.Commands.&lt;init&gt;(Commands.java:5)
	at io.michaelcane.Calculator.&lt;init&gt;(Calculator.java:6)
	at io.michaelcane.Commands.&lt;init&gt;(Commands.java:5)
	at io.michaelcane.Calculator.&lt;init&gt;(Calculator.java:6)
	at io.michaelcane.Commands.&lt;init&gt;(Commands.java:5)
	at io.michaelcane.Calculator.&lt;init&gt;(Calculator.java:6)
	at io.michaelcane.Commands.&lt;init&gt;(Commands.java:5)
	at io.michaelcane.Calculator.&lt;init&gt;(Calculator.java:6)
	at io.michaelcane.Commands.&lt;init&gt;(Commands.java:5)
	at io.michaelcane.Calculator.&lt;init&gt;(Calculator.java:6)
	at io.michaelcane.Commands.&lt;init&gt;(Commands.java:5)
	at io.michaelcane.Calculator.&lt;init&gt;(Calculator.java:6)
	at io.michaelcane.Commands.&lt;init&gt;(Commands.java:5)
	at io.michaelcane.Calculator.&lt;init&gt;(Calculator.java:6)
	at io.michaelcane.Commands.&lt;init&gt;(Commands.java:5)
	at io.michaelcane.Calculator.&lt;init&gt;(Calculator.java:6)
	at io.michaelcane.Commands.&lt;init&gt;(Commands.java:5)
	at io.michaelcane.Calculator.&lt;init&gt;(Calculator.java:6)
	at io.michaelcane.Commands.&lt;init&gt;(Commands.java:5)
	at io.michaelcane.Calculator.&lt;init&gt;(Calculator.java:6)
	at io.michaelcane.Commands.&lt;init&gt;(Commands.java:5)
	at io.michaelcane.Calculator.&lt;init&gt;(Calculator.java:6)
	at io.michaelcane.Commands.&lt;init&gt;(Commands.java:5)
	at io.michaelcane.Calculator.&lt;init&gt;(Calculator.java:6)
	at io.michaelcane.Commands.&lt;init&gt;(Commands.java:5)
	at io.michaelcane.Calculator.&lt;init&gt;(Calculator.java:6)
	at io.michaelcane.Commands.&lt;init&gt;(Commands.java:5)
	at io.michaelcane.Calculator.&lt;init&gt;(Calculator.java:6)
	at io.michaelcane.Commands.&lt;init&gt;(Commands.java:5)
	at io.michaelcane.Calculator.&lt;init&gt;(Calculator.java:6)
	at io.michaelcane.Commands.&lt;init&gt;(Commands.java:5)
	at io.michaelcane.Calculator.&lt;init&gt;(Calculator.java:6)
	at io.michaelcane.Commands.&lt;init&gt;(Commands.java:5)
	at io.michaelcane.Calculator.&lt;init&gt;(Calculator.java:6)
	at io.michaelcane.Commands.&lt;init&gt;(Commands.java:5)
	at io.michaelcane.Calculator.&lt;init&gt;(Calculator.java:6)
	at io.michaelcane.Commands.&lt;init&gt;(Commands.java:5)
	at io.michaelcane.Calculator.&lt;init&gt;(Calculator.java:6)
	at io.michaelcane.Commands.&lt;init&gt;(Commands.java:5)
	at io.michaelcane.Calculator.&lt;init&gt;(Calculator.java:6)
	at io.michaelcane.Commands.&lt;init&gt;(Commands.java:5)
	at io.michaelcane.Calculator.&lt;init&gt;(Calculator.java:6)
	at io.michaelcane.Commands.&lt;init&gt;(Commands.java:5)
	at io.michaelcane.Calculator.&lt;init&gt;(Calculator.java:6)
	at io.michaelcane.Commands.&lt;init&gt;(Commands.java:5)
	at io.michaelcane.Calculator.&lt;init&gt;(Calculator.java:6)
	at io.michaelcane.Commands.&lt;init&gt;(Commands.java:5)
	at io.michaelcane.Calculator.&lt;init&gt;(Calculator.java:6)
	at io.michaelcane.Commands.&lt;init&gt;(Commands.java:5)
	at io.michaelcane.Calculator.&lt;init&gt;(Calculator.java:6)
	at io.michaelcane.Commands.&lt;init&gt;(Commands.java:5)
	at io.michaelcane.Calculator.&lt;init&gt;(Calculator.java:6)
	at io.michaelcane.Commands.&lt;init&gt;(Commands.java:5)
	at io.michaelcane.Calculator.&lt;init&gt;(Calculator.java:6)
	at io.michaelcane.Commands.&lt;init&gt;(Commands.java:5)
	at io.michaelcane.Calculator.&lt;init&gt;(Calculator.java:6)
	at io.michaelcane.Commands.&lt;init&gt;(Commands.java:5)
	at io.michaelcane.Calculator.&lt;init&gt;(Calculator.java:6)
	at io.michaelcane.Commands.&lt;init&gt;(Commands.java:5)
	at io.michaelcane.Calculator.&lt;init&gt;(Calculator.java:6)
	at io.michaelcane.Commands.&lt;init&gt;(Commands.java:5)
	at io.michaelcane.Calculator.&lt;init&gt;(Calculator.java:6)
	at io.michaelcane.Commands.&lt;init&gt;(Commands.java:5)
	at io.michaelcane.Calculator.&lt;init&gt;(Calculator.java:6)
	at io.michaelcane.Commands.&lt;init&gt;(Commands.java:5)
	at io.michaelcane.Calculator.&lt;init&gt;(Calculator.java:6)
	at io.michaelcane.Commands.&lt;init&gt;(Commands.java:5)
	at io.michaelcane.Calculator.&lt;init&gt;(Calculator.java:6)
	at io.michaelcane.Commands.&lt;init&gt;(Commands.java:5)
	at io.michaelcane.Calculator.&lt;init&gt;(Calculator.java:6)
	at io.michaelcane.Commands.&lt;init&gt;(Commands.java:5)
	at io.michaelcane.Calculator.&lt;init&gt;(Calculator.java:6)
	at io.michaelcane.Commands.&lt;init&gt;(Commands.java:5)
	at io.michaelcane.Calculator.&lt;init&gt;(Calculator.java:6)
	at io.michaelcane.Commands.&lt;init&gt;(Commands.java:5)
	at io.michaelcane.Calculator.&lt;init&gt;(Calculator.java:6)
	at io.michaelcane.Commands.&lt;init&gt;(Commands.java:5)
	at io.michaelcane.Calculator.&lt;init&gt;(Calculator.java:6)
	at io.michaelcane.Commands.&lt;init&gt;(Commands.java:5)
	at io.michaelcane.Calculator.&lt;init&gt;(Calculator.java:6)
	at io.michaelcane.Commands.&lt;init&gt;(Commands.java:5)
	at io.michaelcane.Calculator.&lt;init&gt;(Calculator.java:6)
	at io.michaelcane.Commands.&lt;init&gt;(Commands.java:5)
	at io.michaelcane.Calculator.&lt;init&gt;(Calculator.java:6)
	at io.michaelcane.Commands.&lt;init&gt;(Commands.java:5)
	at io.michaelcane.Calculator.&lt;init&gt;(Calculator.java:6)
	at io.michaelcane.Commands.&lt;init&gt;(Commands.java:5)
	at io.michaelcane.Calculator.&lt;init&gt;(Calculator.java:6)
	at io.michaelcane.Commands.&lt;init&gt;(Commands.java:5)
	at io.michaelcane.Calculator.&lt;init&gt;(Calculator.java:6)
	at io.michaelcane.Commands.&lt;init&gt;(Commands.java:5)
	at io.michaelcane.Calculator.&lt;init&gt;(Calculator.java:6)
	at io.michaelcane.Commands.&lt;init&gt;(Commands.java:5)
	at io.michaelcane.Calculator.&lt;init&gt;(Calculator.java:6)
	at io.michaelcane.Commands.&lt;init&gt;(Commands.java:5)
	at io.michaelcane.Calculator.&lt;init&gt;(Calculator.java:6)
	at io.michaelcane.Commands.&lt;init&gt;(Commands.java:5)
	at io.michaelcane.Calculator.&lt;init&gt;(Calculator.java:6)
	at io.michaelcane.Commands.&lt;init&gt;(Commands.java:5)
	at io.michaelcane.Calculator.&lt;init&gt;(Calculator.java:6)
	at io.michaelcane.Commands.&lt;init&gt;(Commands.java:5)
	at io.michaelcane.Calculator.&lt;init&gt;(Calculator.java:6)
	at io.michaelcane.Commands.&lt;init&gt;(Commands.java:5)
	at io.michaelcane.Calculator.&lt;init&gt;(Calculator.java:6)
	at io.michaelcane.Commands.&lt;init&gt;(Commands.java:5)
	at io.michaelcane.Calculator.&lt;init&gt;(Calculator.java:6)
	at io.michaelcane.Commands.&lt;init&gt;(Commands.java:5)
	at io.michaelcane.Calculator.&lt;init&gt;(Calculator.java:6)
	at io.michaelcane.Commands.&lt;init&gt;(Commands.java:5)
	at io.michaelcane.Calculator.&lt;init&gt;(Calculator.java:6)
	at io.michaelcane.Commands.&lt;init&gt;(Commands.java:5)
	at io.michaelcane.Calculator.&lt;init&gt;(Calculator.java:6)
	at io.michaelcane.Commands.&lt;init&gt;(Commands.java:5)
	at io.michaelcane.Calculator.&lt;init&gt;(Calculator.java:6)
	at io.michaelcane.Commands.&lt;init&gt;(Commands.java:5)
	at io.michaelcane.Calculator.&lt;init&gt;(Calculator.java:6)
	at io.michaelcane.Commands.&lt;init&gt;(Commands.java:5)
	at io.michaelcane.Calculator.&lt;init&gt;(Calculator.java:6)
	at io.michaelcane.Commands.&lt;init&gt;(Commands.java:5)
	at io.michaelcane.Calculator.&lt;init&gt;(Calculator.java:6)
	at io.michaelcane.Commands.&lt;init&gt;(Commands.java:5)
	at io.michaelcane.Calculator.&lt;init&gt;(Calculator.java:6)
	at io.michaelcane.Commands.&lt;init&gt;(Commands.java:5)
	at io.michaelcane.Calculator.&lt;init&gt;(Calculator.java:6)
	at io.michaelcane.Commands.&lt;init&gt;(Commands.java:5)
	at io.michaelcane.Calculator.&lt;init&gt;(Calculator.java:6)
	at io.michaelcane.Commands.&lt;init&gt;(Commands.java:5)
	at io.michaelcane.Calculator.&lt;init&gt;(Calculator.java:6)
	at io.michaelcane.Commands.&lt;init&gt;(Commands.java:5)
	at io.michaelcane.Calculator.&lt;init&gt;(Calculator.java:6)
	at io.michaelcane.Commands.&lt;init&gt;(Commands.java:5)
	at io.michaelcane.Calculator.&lt;init&gt;(Calculator.java:6)
	at io.michaelcane.Commands.&lt;init&gt;(Commands.java:5)
	at io.michaelcane.Calculator.&lt;init&gt;(Calculator.java:6)
	at io.michaelcane.Commands.&lt;init&gt;(Commands.java:5)
	at io.michaelcane.Calculator.&lt;init&gt;(Calculator.java:6)
	at io.michaelcane.Commands.&lt;init&gt;(Commands.java:5)
	at io.michaelcane.Calculator.&lt;init&gt;(Calculator.java:6)
	at io.michaelcane.Commands.&lt;init&gt;(Commands.java:5)
	at io.michaelcane.Calculator.&lt;init&gt;(Calculator.java:6)
	at io.michaelcane.Commands.&lt;init&gt;(Commands.java:5)
	at io.michaelcane.Calculator.&lt;init&gt;(Calculator.java:6)
	at io.michaelcane.Commands.&lt;init&gt;(Commands.java:5)
	at io.michaelcane.Calculator.&lt;init&gt;(Calculator.java:6)
	at io.michaelcane.Commands.&lt;init&gt;(Commands.java:5)
	at io.michaelcane.Calculator.&lt;init&gt;(Calculator.java:6)
	at io.michaelcane.Commands.&lt;init&gt;(Commands.java:5)
	at io.michaelcane.Calculator.&lt;init&gt;(Calculator.java:6)
	at io.michaelcane.Commands.&lt;init&gt;(Commands.java:5)
	at io.michaelcane.Calculator.&lt;init&gt;(Calculator.java:6)
	at io.michaelcane.Commands.&lt;init&gt;(Commands.java:5)
	at io.michaelcane.Calculator.&lt;init&gt;(Calculator.java:6)
	at io.michaelcane.Commands.&lt;init&gt;(Commands.java:5)
	at io.michaelcane.Calculator.&lt;init&gt;(Calculator.java:6)
	at io.michaelcane.Commands.&lt;init&gt;(Commands.java:5)
	at io.michaelcane.Calculator.&lt;init&gt;(Calculator.java:6)
	at io.michaelcane.Commands.&lt;init&gt;(Commands.java:5)
	at io.michaelcane.Calculator.&lt;init&gt;(Calculator.java:6)
	at io.michaelcane.Commands.&lt;init&gt;(Commands.java:5)
	at io.michaelcane.Calculator.&lt;init&gt;(Calculator.java:6)
	at io.michaelcane.Commands.&lt;init&gt;(Commands.java:5)
	at io.michaelcane.Calculator.&lt;init&gt;(Calculator.java:6)
	at io.michaelcane.Commands.&lt;init&gt;(Commands.java:5)
	at io.michaelcane.Calculator.&lt;init&gt;(Calculator.java:6)
	at io.michaelcane.Commands.&lt;init&gt;(Commands.java:5)
	at io.michaelcane.Calculator.&lt;init&gt;(Calculator.java:6)
	at io.michaelcane.Commands.&lt;init&gt;(Commands.java:5)
	at io.michaelcane.Calculator.&lt;init&gt;(Calculator.java:6)
	at io.michaelcane.Commands.&lt;init&gt;(Commands.java:5)
	at io.michaelcane.Calculator.&lt;init&gt;(Calculator.java:6)
	at io.michaelcane.Commands.&lt;init&gt;(Commands.java:5)
	at io.michaelcane.Calculator.&lt;init&gt;(Calculator.java:6)
	at io.michaelcane.Commands.&lt;init&gt;(Commands.java:5)
	at io.michaelcane.Calculator.&lt;init&gt;(Calculator.java:6)
	at io.michaelcane.Commands.&lt;init&gt;(Commands.java:5)
	at io.michaelcane.Calculator.&lt;init&gt;(Calculator.java:6)
	at io.michaelcane.Commands.&lt;init&gt;(Commands.java:5)
	at io.michaelcane.Calculator.&lt;init&gt;(Calculator.java:6)
	at io.michaelcane.Commands.&lt;init&gt;(Commands.java:5)
	at io.michaelcane.Calculator.&lt;init&gt;(Calculator.java:6)
	at io.michaelcane.Commands.&lt;init&gt;(Commands.java:5)
	at io.michaelcane.Calculator.&lt;init&gt;(Calculator.java:6)
	at io.michaelcane.Commands.&lt;init&gt;(Commands.java:5)
	at io.michaelcane.Calculator.&lt;init&gt;(Calculator.java:6)
	at io.michaelcane.Commands.&lt;init&gt;(Commands.java:5)
	at io.michaelcane.Calculator.&lt;init&gt;(Calculator.java:6)
	at io.michaelcane.Commands.&lt;init&gt;(Commands.java:5)
	at io.michaelcane.Calculator.&lt;init&gt;(Calculator.java:6)
	at io.michaelcane.Commands.&lt;init&gt;(Commands.java:5)
	at io.michaelcane.Calculator.&lt;init&gt;(Calculator.java:6)
	at io.michaelcane.Commands.&lt;init&gt;(Commands.java:5)
	at io.michaelcane.Calculator.&lt;init&gt;(Calculator.java:6)
	at io.michaelcane.Commands.&lt;init&gt;(Commands.java:5)
	at io.michaelcane.Calculator.&lt;init&gt;(Calculator.java:6)
	at io.michaelcane.Commands.&lt;init&gt;(Commands.java:5)
	at io.michaelcane.Calculator.&lt;init&gt;(Calculator.java:6)
	at io.michaelcane.Commands.&lt;init&gt;(Commands.java:5)
	at io.michaelcane.Calculator.&lt;init&gt;(Calculator.java:6)
	at io.michaelcane.Commands.&lt;init&gt;(Commands.java:5)
	at io.michaelcane.Calculator.&lt;init&gt;(Calculator.java:6)
	at io.michaelcane.Commands.&lt;init&gt;(Commands.java:5)
	at io.michaelcane.Calculator.&lt;init&gt;(Calculator.java:6)
	at io.michaelcane.Commands.&lt;init&gt;(Commands.java:5)
	at io.michaelcane.Calculator.&lt;init&gt;(Calculator.java:6)
	at io.michaelcane.Commands.&lt;init&gt;(Commands.java:5)
	at io.michaelcane.Calculator.&lt;init&gt;(Calculator.java:6)
	at io.michaelcane.Commands.&lt;init&gt;(Commands.java:5)
	at io.michaelcane.Calculator.&lt;init&gt;(Calculator.java:6)
	at io.michaelcane.Commands.&lt;init&gt;(Commands.java:5)
	at io.michaelcane.Calculator.&lt;init&gt;(Calculator.java:6)
	at io.michaelcane.Commands.&lt;init&gt;(Commands.java:5)
	at io.michaelcane.Calculator.&lt;init&gt;(Calculator.java:6)
	at io.michaelcane.Commands.&lt;init&gt;(Commands.java:5)
	at io.michaelcane.Calculator.&lt;init&gt;(Calculator.java:6)
	at io.michaelcane.Commands.&lt;init&gt;(Commands.java:5)
	at io.michaelcane.Calculator.&lt;init&gt;(Calculator.java:6)
	at io.michaelcane.Commands.&lt;init&gt;(Commands.java:5)
	at io.michaelcane.Calculator.&lt;init&gt;(Calculator.java:6)
	at io.michaelcane.Commands.&lt;init&gt;(Commands.java:5)
	at io.michaelcane.Calculator.&lt;init&gt;(Calculator.java:6)
	at io.michaelcane.Commands.&lt;init&gt;(Commands.java:5)
	at io.michaelcane.Calculator.&lt;init&gt;(Calculator.java:6)
	at io.michaelcane.Commands.&lt;init&gt;(Commands.java:5)
	at io.michaelcane.Calculator.&lt;init&gt;(Calculator.java:6)
	at io.michaelcane.Commands.&lt;init&gt;(Commands.java:5)
	at io.michaelcane.Calculator.&lt;init&gt;(Calculator.java:6)
	at io.michaelcane.Commands.&lt;init&gt;(Commands.java:5)
	at io.michaelcane.Calculator.&lt;init&gt;(Calculator.java:6)
	at io.michaelcane.Commands.&lt;init&gt;(Commands.java:5)
	at io.michaelcane.Calculator.&lt;init&gt;(Calculator.java:6)
	at io.michaelcane.Commands.&lt;init&gt;(Commands.java:5)
	at io.michaelcane.Calculator.&lt;init&gt;(Calculator.java:6)
	at io.michaelcane.Commands.&lt;init&gt;(Commands.java:5)
	at io.michaelcane.Calculator.&lt;init&gt;(Calculator.java:6)
	at io.michaelcane.Commands.&lt;init&gt;(Commands.java:5)
	at io.michaelcane.Calculator.&lt;init&gt;(Calculator.java:6)
	at io.michaelcane.Commands.&lt;init&gt;(Commands.java:5)
	at io.michaelcane.Calculator.&lt;init&gt;(Calculator.java:6)
	at io.michaelcane.Commands.&lt;init&gt;(Commands.java:5)
	at io.michaelcane.Calculator.&lt;init&gt;(Calculator.java:6)
	at io.michaelcane.Commands.&lt;init&gt;(Commands.java:5)
	at io.michaelcane.Calculator.&lt;init&gt;(Calculator.java:6)
	at io.michaelcane.Commands.&lt;init&gt;(Commands.java:5)
	at io.michaelcane.Calculator.&lt;init&gt;(Calculator.java:6)
	at io.michaelcane.Commands.&lt;init&gt;(Commands.java:5)
	at io.michaelcane.Calculator.&lt;init&gt;(Calculator.java:6)
	at io.michaelcane.Commands.&lt;init&gt;(Commands.java:5)
	at io.michaelcane.Calculator.&lt;init&gt;(Calculator.java:6)
	at io.michaelcane.Commands.&lt;init&gt;(Commands.java:5)
	at io.michaelcane.Calculator.&lt;init&gt;(Calculator.java:6)
	at io.michaelcane.Commands.&lt;init&gt;(Commands.java:5)
	at io.michaelcane.Calculator.&lt;init&gt;(Calculator.java:6)
	at io.michaelcane.Commands.&lt;init&gt;(Commands.java:5)
	at io.michaelcane.Calculator.&lt;init&gt;(Calculator.java:6)
	at io.michaelcane.Commands.&lt;init&gt;(Commands.java:5)
	at io.michaelcane.Calculator.&lt;init&gt;(Calculator.java:6)
	at io.michaelcane.Commands.&lt;init&gt;(Commands.java:5)
	at io.michaelcane.Calculator.&lt;init&gt;(Calculator.java:6)
	at io.michaelcane.Commands.&lt;init&gt;(Commands.java:5)
	at io.michaelcane.Calculator.&lt;init&gt;(Calculator.java:6)
	at io.michaelcane.Commands.&lt;init&gt;(Commands.java:5)
	at io.michaelcane.Calculator.&lt;init&gt;(Calculator.java:6)
	at io.michaelcane.Commands.&lt;init&gt;(Commands.java:5)
	at io.michaelcane.Calculator.&lt;init&gt;(Calculator.java:6)
	at io.michaelcane.Commands.&lt;init&gt;(Commands.java:5)
	at io.michaelcane.Calculator.&lt;init&gt;(Calculator.java:6)
	at io.michaelcane.Commands.&lt;init&gt;(Commands.java:5)
	at io.michaelcane.Calculator.&lt;init&gt;(Calculator.java:6)
	at io.michaelcane.Commands.&lt;init&gt;(Commands.java:5)
	at io.michaelcane.Calculator.&lt;init&gt;(Calculator.java:6)
	at io.michaelcane.Commands.&lt;init&gt;(Commands.java:5)
	at io.michaelcane.Calculator.&lt;init&gt;(Calculator.java:6)
	at io.michaelcane.Commands.&lt;init&gt;(Commands.java:5)
	at io.michaelcane.Calculator.&lt;init&gt;(Calculator.java:6)
	at io.michaelcane.Commands.&lt;init&gt;(Commands.java:5)
	at io.michaelcane.Calculator.&lt;init&gt;(Calculator.java:6)
	at io.michaelcane.Commands.&lt;init&gt;(Commands.java:5)
	at io.michaelcane.Calculator.&lt;init&gt;(Calculator.java:6)
	at io.michaelcane.Commands.&lt;init&gt;(Commands.java:5)
	at io.michaelcane.Calculator.&lt;init&gt;(Calculator.java:6)
	at io.michaelcane.Commands.&lt;init&gt;(Commands.java:5)
	at io.michaelcane.Calculator.&lt;init&gt;(Calculator.java:6)
	at io.michaelcane.Commands.&lt;init&gt;(Commands.java:5)
	at io.michaelcane.Calculator.&lt;init&gt;(Calculator.java:6)
	at io.michaelcane.Commands.&lt;init&gt;(Commands.java:5)
	at io.michaelcane.Calculator.&lt;init&gt;(Calculator.java:6)
	at io.michaelcane.Commands.&lt;init&gt;(Commands.java:5)
	at io.michaelcane.Calculator.&lt;init&gt;(Calculator.java:6)
	at io.michaelcane.Commands.&lt;init&gt;(Commands.java:5)
	at io.michaelcane.Calculator.&lt;init&gt;(Calculator.java:6)
	at io.michaelcane.Commands.&lt;init&gt;(Commands.java:5)
	at io.michaelcane.Calculator.&lt;init&gt;(Calculator.java:6)
	at io.michaelcane.Commands.&lt;init&gt;(Commands.java:5)
	at io.michaelcane.Calculator.&lt;init&gt;(Calculator.java:6)
	at io.michaelcane.Commands.&lt;init&gt;(Commands.java:5)
	at io.michaelcane.Calculator.&lt;init&gt;(Calculator.java:6)
	at io.michaelcane.Commands.&lt;init&gt;(Commands.java:5)
	at io.michaelcane.Calculator.&lt;init&gt;(Calculator.java:6)
	at io.michaelcane.Commands.&lt;init&gt;(Commands.java:5)
	at io.michaelcane.Calculator.&lt;init&gt;(Calculator.java:6)
	at io.michaelcane.Commands.&lt;init&gt;(Commands.java:5)
	at io.michaelcane.Calculator.&lt;init&gt;(Calculator.java:6)
	at io.michaelcane.Commands.&lt;init&gt;(Commands.java:5)
	at io.michaelcane.Calculator.&lt;init&gt;(Calculator.java:6)
	at io.michaelcane.Commands.&lt;init&gt;(Commands.java:5)
	at io.michaelcane.Calculator.&lt;init&gt;(Calculator.java:6)
	at io.michaelcane.Commands.&lt;init&gt;(Commands.java:5)
	at io.michaelcane.Calculator.&lt;init&gt;(Calculator.java:6)
	at io.michaelcane.Commands.&lt;init&gt;(Commands.java:5)
	at io.michaelcane.Calculator.&lt;init&gt;(Calculator.java:6)
	at io.michaelcane.Commands.&lt;init&gt;(Commands.java:5)
	at io.michaelcane.Calculator.&lt;init&gt;(Calculator.java:6)
	at io.michaelcane.Commands.&lt;init&gt;(Commands.java:5)
	at io.michaelcane.Calculator.&lt;init&gt;(Calculator.java:6)
	at io.michaelcane.Commands.&lt;init&gt;(Commands.java:5)
	at io.michaelcane.Calculator.&lt;init&gt;(Calculator.java:6)
	at io.michaelcane.Commands.&lt;init&gt;(Commands.java:5)
	at io.michaelcane.Calculator.&lt;init&gt;(Calculator.java:6)
	at io.michaelcane.Commands.&lt;init&gt;(Commands.java:5)
	at io.michaelcane.Calculator.&lt;init&gt;(Calculator.java:6)
	at io.michaelcane.Commands.&lt;init&gt;(Commands.java:5)
	at io.michaelcane.Calculator.&lt;init&gt;(Calculator.java:6)
	at io.michaelcane.Commands.&lt;init&gt;(Commands.java:5)
	at io.michaelcane.Calculator.&lt;init&gt;(Calculator.java:6)
	at io.michaelcane.Commands.&lt;init&gt;(Commands.java:5)
	at io.michaelcane.Calculator.&lt;init&gt;(Calculator.java:6)
	at io.michaelcane.Commands.&lt;init&gt;(Commands.java:5)
	at io.michaelcane.Calculator.&lt;init&gt;(Calculator.java:6)
	at io.michaelcane.Commands.&lt;init&gt;(Commands.java:5)
	at io.michaelcane.Calculator.&lt;init&gt;(Calculator.java:6)
	at io.michaelcane.Commands.&lt;init&gt;(Commands.java:5)
	at io.michaelcane.Calculator.&lt;init&gt;(Calculator.java:6)
	at io.michaelcane.Commands.&lt;init&gt;(Commands.java:5)
	at io.michaelcane.Calculator.&lt;init&gt;(Calculator.java:6)
	at io.michaelcane.Commands.&lt;init&gt;(Commands.java:5)
	at io.michaelcane.Calculator.&lt;init&gt;(Calculator.java:6)
	at io.michaelcane.Commands.&lt;init&gt;(Commands.java:5)
	at io.michaelcane.Calculator.&lt;init&gt;(Calculator.java:6)
	at io.michaelcane.Commands.&lt;init&gt;(Commands.java:5)
	at io.michaelcane.Calculator.&lt;init&gt;(Calculator.java:6)
	at io.michaelcane.Commands.&lt;init&gt;(Commands.java:5)
	at io.michaelcane.Calculator.&lt;init&gt;(Calculator.java:6)
	at io.michaelcane.Commands.&lt;init&gt;(Commands.java:5)
	at io.michaelcane.Calculator.&lt;init&gt;(Calculator.java:6)
	at io.michaelcane.Commands.&lt;init&gt;(Commands.java:5)
	at io.michaelcane.Calculator.&lt;init&gt;(Calculator.java:6)
	at io.michaelcane.Commands.&lt;init&gt;(Commands.java:5)
	at io.michaelcane.Calculator.&lt;init&gt;(Calculator.java:6)
	at io.michaelcane.Commands.&lt;init&gt;(Commands.java:5)
	at io.michaelcane.Calculator.&lt;init&gt;(Calculator.java:6)
	at io.michaelcane.Commands.&lt;init&gt;(Commands.java:5)
	at io.michaelcane.Calculator.&lt;init&gt;(Calculator.java:6)
	at io.michaelcane.Commands.&lt;init&gt;(Commands.java:5)
	at io.michaelcane.Calculator.&lt;init&gt;(Calculator.java:6)
	at io.michaelcane.Commands.&lt;init&gt;(Commands.java:5)
	at io.michaelcane.Calculator.&lt;init&gt;(Calculator.java:6)
	at io.michaelcane.Commands.&lt;init&gt;(Commands.java:5)
	at io.michaelcane.Calculator.&lt;init&gt;(Calculator.java:6)
	at io.michaelcane.Commands.&lt;init&gt;(Commands.java:5)
	at io.michaelcane.Calculator.&lt;init&gt;(Calculator.java:6)
	at io.michaelcane.Commands.&lt;init&gt;(Commands.java:5)
	at io.michaelcane.Calculator.&lt;init&gt;(Calculator.java:6)
	at io.michaelcane.Commands.&lt;init&gt;(Commands.java:5)
	at io.michaelcane.Calculator.&lt;init&gt;(Calculator.java:6)
	at io.michaelcane.Commands.&lt;init&gt;(Commands.java:5)
	at io.michaelcane.Calculator.&lt;init&gt;(Calculator.java:6)
	at io.michaelcane.Commands.&lt;init&gt;(Commands.java:5)
	at io.michaelcane.Calculator.&lt;init&gt;(Calculator.java:6)
	at io.michaelcane.Commands.&lt;init&gt;(Commands.java:5)
	at io.michaelcane.Calculator.&lt;init&gt;(Calculator.java:6)
	at io.michaelcane.Commands.&lt;init&gt;(Commands.java:5)
	at io.michaelcane.Calculator.&lt;init&gt;(Calculator.java:6)
	at io.michaelcane.Commands.&lt;init&gt;(Commands.java:5)
	at io.michaelcane.Calculator.&lt;init&gt;(Calculator.java:6)
	at io.michaelcane.Commands.&lt;init&gt;(Commands.java:5)
	at io.michaelcane.Calculator.&lt;init&gt;(Calculator.java:6)
	at io.michaelcane.Commands.&lt;init&gt;(Commands.java:5)
	at io.michaelcane.Calculator.&lt;init&gt;(Calculator.java:6)
	at io.michaelcane.Commands.&lt;init&gt;(Commands.java:5)
	at io.michaelcane.Calculator.&lt;init&gt;(Calculator.java:6)
	at io.michaelcane.Commands.&lt;init&gt;(Commands.java:5)
	at io.michaelcane.Calculator.&lt;init&gt;(Calculator.java:6)
	at io.michaelcane.Commands.&lt;init&gt;(Commands.java:5)
	at io.michaelcane.Calculator.&lt;init&gt;(Calculator.java:6)
	at io.michaelcane.Commands.&lt;init&gt;(Commands.java:5)
	at io.michaelcane.Calculator.&lt;init&gt;(Calculator.java:6)
	at io.michaelcane.Commands.&lt;init&gt;(Commands.java:5)
	at io.michaelcane.Calculator.&lt;init&gt;(Calculator.java:6)
	at io.michaelcane.Commands.&lt;init&gt;(Commands.java:5)
	at io.michaelcane.Calculator.&lt;init&gt;(Calculator.java:6)
	at io.michaelcane.Commands.&lt;init&gt;(Commands.java:5)
	at io.michaelcane.Calculator.&lt;init&gt;(Calculator.java:6)
	at io.michaelcane.Commands.&lt;init&gt;(Commands.java:5)
	at io.michaelcane.Calculator.&lt;init&gt;(Calculator.java:6)
	at io.michaelcane.Commands.&lt;init&gt;(Commands.java:5)
	at io.michaelcane.Calculator.&lt;init&gt;(Calculator.java:6)
	at io.michaelcane.Commands.&lt;init&gt;(Commands.java:5)
	at io.michaelcane.Calculator.&lt;init&gt;(Calculator.java:6)
	at io.michaelcane.Commands.&lt;init&gt;(Commands.java:5)
	at io.michaelcane.Calculator.&lt;init&gt;(Calculator.java:6)
	at io.michaelcane.Commands.&lt;init&gt;(Commands.java:5)
	at io.michaelcane.Calculator.&lt;init&gt;(Calculator.java:6)
	at io.michaelcane.Commands.&lt;init&gt;(Commands.java:5)
	at io.michaelcane.Calculator.&lt;init&gt;(Calculator.java:6)
	at io.michaelcane.Commands.&lt;init&gt;(Commands.java:5)
	at io.michaelcane.Calculator.&lt;init&gt;(Calculator.java:6)
	at io.michaelcane.Commands.&lt;init&gt;(Commands.java:5)
	at io.michaelcane.Calculator.&lt;init&gt;(Calculator.java:6)
	at io.michaelcane.Commands.&lt;init&gt;(Commands.java:5)
	at io.michaelcane.Calculator.&lt;init&gt;(Calculator.java:6)
	at io.michaelcane.Commands.&lt;init&gt;(Commands.java:5)
	at io.michaelcane.Calculator.&lt;init&gt;(Calculator.java:6)
	at io.michaelcane.Commands.&lt;init&gt;(Commands.java:5)
	at io.michaelcane.Calculator.&lt;init&gt;(Calculator.java:6)
	at io.michaelcane.Commands.&lt;init&gt;(Commands.java:5)
	at io.michaelcane.Calculator.&lt;init&gt;(Calculator.java:6)
	at io.michaelcane.Commands.&lt;init&gt;(Commands.java:5)
	at io.michaelcane.Calculator.&lt;init&gt;(Calculator.java:6)
	at io.michaelcane.Commands.&lt;init&gt;(Commands.java:5)
</error>
  </testcase>
</testsuite>